<?xml version="1.0" encoding="UTF-8"?>
<testsuite xmlns:xsi="http://www.w3.org/2001/XMLSchema-instance" xsi:noNamespaceSchemaLocation="https://maven.apache.org/surefire/maven-surefire-plugin/xsd/surefire-test-report.xsd" name="com.cash_flow_app.apicashflow.controller.AccountControllerTest" time="0.948" tests="5" errors="4" skipped="0" failures="0">
  <properties>
    <property name="java.specification.version" value="20"/>
    <property name="sun.jnu.encoding" value="UTF-8"/>
    <property name="java.class.path" value="/Users/andres_nino/Documents/Trabajo/Aprendizaje/spring boot/cash-flow-app/api-cash-flow/target/test-classes:/Users/andres_nino/Documents/Trabajo/Aprendizaje/spring boot/cash-flow-app/api-cash-flow/target/classes:/Users/andres_nino/.m2/repository/org/flywaydb/flyway-core/9.16.0/flyway-core-9.16.0.jar:/Users/andres_nino/.m2/repository/com/fasterxml/jackson/dataformat/jackson-dataformat-toml/2.14.2/jackson-dataformat-toml-2.14.2.jar:/Users/andres_nino/.m2/repository/org/springframework/boot/spring-boot-starter-data-jpa/3.0.6/spring-boot-starter-data-jpa-3.0.6.jar:/Users/andres_nino/.m2/repository/org/springframework/boot/spring-boot-starter-aop/3.0.6/spring-boot-starter-aop-3.0.6.jar:/Users/andres_nino/.m2/repository/org/aspectj/aspectjweaver/1.9.19/aspectjweaver-1.9.19.jar:/Users/andres_nino/.m2/repository/org/springframework/boot/spring-boot-starter-jdbc/3.0.6/spring-boot-starter-jdbc-3.0.6.jar:/Users/andres_nino/.m2/repository/com/zaxxer/HikariCP/5.0.1/HikariCP-5.0.1.jar:/Users/andres_nino/.m2/repository/org/springframework/spring-jdbc/6.0.8/spring-jdbc-6.0.8.jar:/Users/andres_nino/.m2/repository/org/hibernate/orm/hibernate-core/6.1.7.Final/hibernate-core-6.1.7.Final.jar:/Users/andres_nino/.m2/repository/jakarta/persistence/jakarta.persistence-api/3.1.0/jakarta.persistence-api-3.1.0.jar:/Users/andres_nino/.m2/repository/jakarta/transaction/jakarta.transaction-api/2.0.1/jakarta.transaction-api-2.0.1.jar:/Users/andres_nino/.m2/repository/org/jboss/logging/jboss-logging/3.5.0.Final/jboss-logging-3.5.0.Final.jar:/Users/andres_nino/.m2/repository/org/hibernate/common/hibernate-commons-annotations/6.0.6.Final/hibernate-commons-annotations-6.0.6.Final.jar:/Users/andres_nino/.m2/repository/org/jboss/jandex/2.4.2.Final/jandex-2.4.2.Final.jar:/Users/andres_nino/.m2/repository/com/fasterxml/classmate/1.5.1/classmate-1.5.1.jar:/Users/andres_nino/.m2/repository/net/bytebuddy/byte-buddy/1.12.23/byte-buddy-1.12.23.jar:/Users/andres_nino/.m2/repository/org/glassfish/jaxb/jaxb-runtime/4.0.2/jaxb-runtime-4.0.2.jar:/Users/andres_nino/.m2/repository/org/glassfish/jaxb/jaxb-core/4.0.2/jaxb-core-4.0.2.jar:/Users/andres_nino/.m2/repository/org/eclipse/angus/angus-activation/2.0.0/angus-activation-2.0.0.jar:/Users/andres_nino/.m2/repository/org/glassfish/jaxb/txw2/4.0.2/txw2-4.0.2.jar:/Users/andres_nino/.m2/repository/com/sun/istack/istack-commons-runtime/4.1.1/istack-commons-runtime-4.1.1.jar:/Users/andres_nino/.m2/repository/jakarta/inject/jakarta.inject-api/2.0.0/jakarta.inject-api-2.0.0.jar:/Users/andres_nino/.m2/repository/org/antlr/antlr4-runtime/4.10.1/antlr4-runtime-4.10.1.jar:/Users/andres_nino/.m2/repository/org/springframework/data/spring-data-jpa/3.0.5/spring-data-jpa-3.0.5.jar:/Users/andres_nino/.m2/repository/org/springframework/data/spring-data-commons/3.0.5/spring-data-commons-3.0.5.jar:/Users/andres_nino/.m2/repository/org/springframework/spring-orm/6.0.8/spring-orm-6.0.8.jar:/Users/andres_nino/.m2/repository/org/springframework/spring-context/6.0.8/spring-context-6.0.8.jar:/Users/andres_nino/.m2/repository/org/springframework/spring-tx/6.0.8/spring-tx-6.0.8.jar:/Users/andres_nino/.m2/repository/org/springframework/spring-beans/6.0.8/spring-beans-6.0.8.jar:/Users/andres_nino/.m2/repository/jakarta/annotation/jakarta.annotation-api/2.1.1/jakarta.annotation-api-2.1.1.jar:/Users/andres_nino/.m2/repository/org/slf4j/slf4j-api/2.0.7/slf4j-api-2.0.7.jar:/Users/andres_nino/.m2/repository/org/springframework/spring-aspects/6.0.8/spring-aspects-6.0.8.jar:/Users/andres_nino/.m2/repository/org/springframework/boot/spring-boot-starter-security/3.0.6/spring-boot-starter-security-3.0.6.jar:/Users/andres_nino/.m2/repository/org/springframework/boot/spring-boot-starter/3.0.6/spring-boot-starter-3.0.6.jar:/Users/andres_nino/.m2/repository/org/springframework/boot/spring-boot/3.0.6/spring-boot-3.0.6.jar:/Users/andres_nino/.m2/repository/org/springframework/boot/spring-boot-autoconfigure/3.0.6/spring-boot-autoconfigure-3.0.6.jar:/Users/andres_nino/.m2/repository/org/springframework/boot/spring-boot-starter-logging/3.0.6/spring-boot-starter-logging-3.0.6.jar:/Users/andres_nino/.m2/repository/ch/qos/logback/logback-classic/1.4.7/logback-classic-1.4.7.jar:/Users/andres_nino/.m2/repository/ch/qos/logback/logback-core/1.4.7/logback-core-1.4.7.jar:/Users/andres_nino/.m2/repository/org/apache/logging/log4j/log4j-to-slf4j/2.19.0/log4j-to-slf4j-2.19.0.jar:/Users/andres_nino/.m2/repository/org/apache/logging/log4j/log4j-api/2.19.0/log4j-api-2.19.0.jar:/Users/andres_nino/.m2/repository/org/slf4j/jul-to-slf4j/2.0.7/jul-to-slf4j-2.0.7.jar:/Users/andres_nino/.m2/repository/org/yaml/snakeyaml/1.33/snakeyaml-1.33.jar:/Users/andres_nino/.m2/repository/org/springframework/spring-aop/6.0.8/spring-aop-6.0.8.jar:/Users/andres_nino/.m2/repository/org/springframework/security/spring-security-config/6.0.3/spring-security-config-6.0.3.jar:/Users/andres_nino/.m2/repository/org/springframework/security/spring-security-web/6.0.3/spring-security-web-6.0.3.jar:/Users/andres_nino/.m2/repository/org/springframework/spring-expression/6.0.8/spring-expression-6.0.8.jar:/Users/andres_nino/.m2/repository/org/springframework/boot/spring-boot-starter-web/3.1.0/spring-boot-starter-web-3.1.0.jar:/Users/andres_nino/.m2/repository/org/springframework/boot/spring-boot-starter-json/3.0.6/spring-boot-starter-json-3.0.6.jar:/Users/andres_nino/.m2/repository/com/fasterxml/jackson/datatype/jackson-datatype-jdk8/2.14.2/jackson-datatype-jdk8-2.14.2.jar:/Users/andres_nino/.m2/repository/com/fasterxml/jackson/module/jackson-module-parameter-names/2.14.2/jackson-module-parameter-names-2.14.2.jar:/Users/andres_nino/.m2/repository/org/springframework/boot/spring-boot-starter-tomcat/3.0.6/spring-boot-starter-tomcat-3.0.6.jar:/Users/andres_nino/.m2/repository/org/apache/tomcat/embed/tomcat-embed-core/10.1.8/tomcat-embed-core-10.1.8.jar:/Users/andres_nino/.m2/repository/org/apache/tomcat/embed/tomcat-embed-el/10.1.8/tomcat-embed-el-10.1.8.jar:/Users/andres_nino/.m2/repository/org/apache/tomcat/embed/tomcat-embed-websocket/10.1.8/tomcat-embed-websocket-10.1.8.jar:/Users/andres_nino/.m2/repository/org/springframework/spring-web/6.0.8/spring-web-6.0.8.jar:/Users/andres_nino/.m2/repository/org/springframework/spring-webmvc/6.0.8/spring-webmvc-6.0.8.jar:/Users/andres_nino/.m2/repository/org/postgresql/postgresql/42.5.4/postgresql-42.5.4.jar:/Users/andres_nino/.m2/repository/org/checkerframework/checker-qual/3.5.0/checker-qual-3.5.0.jar:/Users/andres_nino/.m2/repository/org/projectlombok/lombok/1.18.26/lombok-1.18.26.jar:/Users/andres_nino/.m2/repository/org/springframework/boot/spring-boot-starter-test/3.1.0/spring-boot-starter-test-3.1.0.jar:/Users/andres_nino/.m2/repository/org/springframework/boot/spring-boot-test/3.0.6/spring-boot-test-3.0.6.jar:/Users/andres_nino/.m2/repository/org/springframework/boot/spring-boot-test-autoconfigure/3.0.6/spring-boot-test-autoconfigure-3.0.6.jar:/Users/andres_nino/.m2/repository/com/jayway/jsonpath/json-path/2.7.0/json-path-2.7.0.jar:/Users/andres_nino/.m2/repository/jakarta/xml/bind/jakarta.xml.bind-api/4.0.0/jakarta.xml.bind-api-4.0.0.jar:/Users/andres_nino/.m2/repository/jakarta/activation/jakarta.activation-api/2.1.1/jakarta.activation-api-2.1.1.jar:/Users/andres_nino/.m2/repository/net/minidev/json-smart/2.4.10/json-smart-2.4.10.jar:/Users/andres_nino/.m2/repository/net/minidev/accessors-smart/2.4.9/accessors-smart-2.4.9.jar:/Users/andres_nino/.m2/repository/org/ow2/asm/asm/9.3/asm-9.3.jar:/Users/andres_nino/.m2/repository/org/assertj/assertj-core/3.23.1/assertj-core-3.23.1.jar:/Users/andres_nino/.m2/repository/org/hamcrest/hamcrest/2.2/hamcrest-2.2.jar:/Users/andres_nino/.m2/repository/org/junit/jupiter/junit-jupiter/5.9.2/junit-jupiter-5.9.2.jar:/Users/andres_nino/.m2/repository/org/junit/jupiter/junit-jupiter-api/5.9.2/junit-jupiter-api-5.9.2.jar:/Users/andres_nino/.m2/repository/org/opentest4j/opentest4j/1.2.0/opentest4j-1.2.0.jar:/Users/andres_nino/.m2/repository/org/junit/platform/junit-platform-commons/1.9.2/junit-platform-commons-1.9.2.jar:/Users/andres_nino/.m2/repository/org/apiguardian/apiguardian-api/1.1.2/apiguardian-api-1.1.2.jar:/Users/andres_nino/.m2/repository/org/junit/jupiter/junit-jupiter-params/5.9.2/junit-jupiter-params-5.9.2.jar:/Users/andres_nino/.m2/repository/org/junit/jupiter/junit-jupiter-engine/5.9.2/junit-jupiter-engine-5.9.2.jar:/Users/andres_nino/.m2/repository/org/junit/platform/junit-platform-engine/1.9.2/junit-platform-engine-1.9.2.jar:/Users/andres_nino/.m2/repository/org/mockito/mockito-core/4.8.1/mockito-core-4.8.1.jar:/Users/andres_nino/.m2/repository/net/bytebuddy/byte-buddy-agent/1.12.23/byte-buddy-agent-1.12.23.jar:/Users/andres_nino/.m2/repository/org/objenesis/objenesis/3.2/objenesis-3.2.jar:/Users/andres_nino/.m2/repository/org/mockito/mockito-junit-jupiter/4.8.1/mockito-junit-jupiter-4.8.1.jar:/Users/andres_nino/.m2/repository/org/skyscreamer/jsonassert/1.5.1/jsonassert-1.5.1.jar:/Users/andres_nino/.m2/repository/com/vaadin/external/google/android-json/0.0.20131108.vaadin1/android-json-0.0.20131108.vaadin1.jar:/Users/andres_nino/.m2/repository/org/springframework/spring-core/6.0.8/spring-core-6.0.8.jar:/Users/andres_nino/.m2/repository/org/springframework/spring-jcl/6.0.8/spring-jcl-6.0.8.jar:/Users/andres_nino/.m2/repository/org/springframework/spring-test/6.0.8/spring-test-6.0.8.jar:/Users/andres_nino/.m2/repository/org/xmlunit/xmlunit-core/2.9.1/xmlunit-core-2.9.1.jar:/Users/andres_nino/.m2/repository/org/springframework/security/spring-security-test/6.0.3/spring-security-test-6.0.3.jar:/Users/andres_nino/.m2/repository/org/springframework/security/spring-security-core/6.0.3/spring-security-core-6.0.3.jar:/Users/andres_nino/.m2/repository/org/springframework/security/spring-security-crypto/6.0.3/spring-security-crypto-6.0.3.jar:/Users/andres_nino/.m2/repository/org/springframework/boot/spring-boot-starter-actuator/3.1.0/spring-boot-starter-actuator-3.1.0.jar:/Users/andres_nino/.m2/repository/org/springframework/boot/spring-boot-actuator-autoconfigure/3.0.6/spring-boot-actuator-autoconfigure-3.0.6.jar:/Users/andres_nino/.m2/repository/org/springframework/boot/spring-boot-actuator/3.0.6/spring-boot-actuator-3.0.6.jar:/Users/andres_nino/.m2/repository/io/micrometer/micrometer-observation/1.10.6/micrometer-observation-1.10.6.jar:/Users/andres_nino/.m2/repository/io/micrometer/micrometer-commons/1.10.6/micrometer-commons-1.10.6.jar:/Users/andres_nino/.m2/repository/io/micrometer/micrometer-core/1.10.6/micrometer-core-1.10.6.jar:/Users/andres_nino/.m2/repository/org/hdrhistogram/HdrHistogram/2.1.12/HdrHistogram-2.1.12.jar:/Users/andres_nino/.m2/repository/org/latencyutils/LatencyUtils/2.0.3/LatencyUtils-2.0.3.jar:/Users/andres_nino/.m2/repository/com/fasterxml/jackson/datatype/jackson-datatype-jsr310/2.15.2/jackson-datatype-jsr310-2.15.2.jar:/Users/andres_nino/.m2/repository/com/fasterxml/jackson/core/jackson-annotations/2.14.2/jackson-annotations-2.14.2.jar:/Users/andres_nino/.m2/repository/com/fasterxml/jackson/core/jackson-core/2.14.2/jackson-core-2.14.2.jar:/Users/andres_nino/.m2/repository/com/fasterxml/jackson/core/jackson-databind/2.14.2/jackson-databind-2.14.2.jar:/Users/andres_nino/.m2/repository/com/opencsv/opencsv/5.8/opencsv-5.8.jar:/Users/andres_nino/.m2/repository/org/apache/commons/commons-lang3/3.12.0/commons-lang3-3.12.0.jar:/Users/andres_nino/.m2/repository/org/apache/commons/commons-text/1.10.0/commons-text-1.10.0.jar:/Users/andres_nino/.m2/repository/commons-beanutils/commons-beanutils/1.9.4/commons-beanutils-1.9.4.jar:/Users/andres_nino/.m2/repository/commons-logging/commons-logging/1.2/commons-logging-1.2.jar:/Users/andres_nino/.m2/repository/commons-collections/commons-collections/3.2.2/commons-collections-3.2.2.jar:/Users/andres_nino/.m2/repository/org/apache/commons/commons-collections4/4.4/commons-collections4-4.4.jar:/Users/andres_nino/.m2/repository/io/jsonwebtoken/jjwt-api/0.11.5/jjwt-api-0.11.5.jar:/Users/andres_nino/.m2/repository/io/jsonwebtoken/jjwt-impl/0.11.5/jjwt-impl-0.11.5.jar:/Users/andres_nino/.m2/repository/io/jsonwebtoken/jjwt-jackson/0.11.5/jjwt-jackson-0.11.5.jar:"/>
    <property name="java.vm.vendor" value="Oracle Corporation"/>
    <property name="sun.arch.data.model" value="64"/>
    <property name="java.vendor.url" value="https://java.oracle.com/"/>
    <property name="os.name" value="Mac OS X"/>
    <property name="java.vm.specification.version" value="20"/>
    <property name="sun.java.launcher" value="SUN_STANDARD"/>
    <property name="user.country" value="CO"/>
    <property name="sun.boot.library.path" value="/Users/andres_nino/Library/Java/JavaVirtualMachines/openjdk-20.0.1/Contents/Home/lib"/>
    <property name="sun.java.command" value="/Users/andres_nino/Documents/Trabajo/Aprendizaje/spring boot/cash-flow-app/api-cash-flow/target/surefire/surefirebooter524870317036203424.jar /Users/andres_nino/Documents/Trabajo/Aprendizaje/spring boot/cash-flow-app/api-cash-flow/target/surefire 2023-11-28T22-11-51_105-jvmRun1 surefire15087833163684218868tmp surefire_09596658762071821841tmp"/>
    <property name="http.nonProxyHosts" value="local|*.local|169.254/16|*.169.254/16"/>
    <property name="jdk.debug" value="release"/>
    <property name="surefire.test.class.path" value="/Users/andres_nino/Documents/Trabajo/Aprendizaje/spring boot/cash-flow-app/api-cash-flow/target/test-classes:/Users/andres_nino/Documents/Trabajo/Aprendizaje/spring boot/cash-flow-app/api-cash-flow/target/classes:/Users/andres_nino/.m2/repository/org/flywaydb/flyway-core/9.16.0/flyway-core-9.16.0.jar:/Users/andres_nino/.m2/repository/com/fasterxml/jackson/dataformat/jackson-dataformat-toml/2.14.2/jackson-dataformat-toml-2.14.2.jar:/Users/andres_nino/.m2/repository/org/springframework/boot/spring-boot-starter-data-jpa/3.0.6/spring-boot-starter-data-jpa-3.0.6.jar:/Users/andres_nino/.m2/repository/org/springframework/boot/spring-boot-starter-aop/3.0.6/spring-boot-starter-aop-3.0.6.jar:/Users/andres_nino/.m2/repository/org/aspectj/aspectjweaver/1.9.19/aspectjweaver-1.9.19.jar:/Users/andres_nino/.m2/repository/org/springframework/boot/spring-boot-starter-jdbc/3.0.6/spring-boot-starter-jdbc-3.0.6.jar:/Users/andres_nino/.m2/repository/com/zaxxer/HikariCP/5.0.1/HikariCP-5.0.1.jar:/Users/andres_nino/.m2/repository/org/springframework/spring-jdbc/6.0.8/spring-jdbc-6.0.8.jar:/Users/andres_nino/.m2/repository/org/hibernate/orm/hibernate-core/6.1.7.Final/hibernate-core-6.1.7.Final.jar:/Users/andres_nino/.m2/repository/jakarta/persistence/jakarta.persistence-api/3.1.0/jakarta.persistence-api-3.1.0.jar:/Users/andres_nino/.m2/repository/jakarta/transaction/jakarta.transaction-api/2.0.1/jakarta.transaction-api-2.0.1.jar:/Users/andres_nino/.m2/repository/org/jboss/logging/jboss-logging/3.5.0.Final/jboss-logging-3.5.0.Final.jar:/Users/andres_nino/.m2/repository/org/hibernate/common/hibernate-commons-annotations/6.0.6.Final/hibernate-commons-annotations-6.0.6.Final.jar:/Users/andres_nino/.m2/repository/org/jboss/jandex/2.4.2.Final/jandex-2.4.2.Final.jar:/Users/andres_nino/.m2/repository/com/fasterxml/classmate/1.5.1/classmate-1.5.1.jar:/Users/andres_nino/.m2/repository/net/bytebuddy/byte-buddy/1.12.23/byte-buddy-1.12.23.jar:/Users/andres_nino/.m2/repository/org/glassfish/jaxb/jaxb-runtime/4.0.2/jaxb-runtime-4.0.2.jar:/Users/andres_nino/.m2/repository/org/glassfish/jaxb/jaxb-core/4.0.2/jaxb-core-4.0.2.jar:/Users/andres_nino/.m2/repository/org/eclipse/angus/angus-activation/2.0.0/angus-activation-2.0.0.jar:/Users/andres_nino/.m2/repository/org/glassfish/jaxb/txw2/4.0.2/txw2-4.0.2.jar:/Users/andres_nino/.m2/repository/com/sun/istack/istack-commons-runtime/4.1.1/istack-commons-runtime-4.1.1.jar:/Users/andres_nino/.m2/repository/jakarta/inject/jakarta.inject-api/2.0.0/jakarta.inject-api-2.0.0.jar:/Users/andres_nino/.m2/repository/org/antlr/antlr4-runtime/4.10.1/antlr4-runtime-4.10.1.jar:/Users/andres_nino/.m2/repository/org/springframework/data/spring-data-jpa/3.0.5/spring-data-jpa-3.0.5.jar:/Users/andres_nino/.m2/repository/org/springframework/data/spring-data-commons/3.0.5/spring-data-commons-3.0.5.jar:/Users/andres_nino/.m2/repository/org/springframework/spring-orm/6.0.8/spring-orm-6.0.8.jar:/Users/andres_nino/.m2/repository/org/springframework/spring-context/6.0.8/spring-context-6.0.8.jar:/Users/andres_nino/.m2/repository/org/springframework/spring-tx/6.0.8/spring-tx-6.0.8.jar:/Users/andres_nino/.m2/repository/org/springframework/spring-beans/6.0.8/spring-beans-6.0.8.jar:/Users/andres_nino/.m2/repository/jakarta/annotation/jakarta.annotation-api/2.1.1/jakarta.annotation-api-2.1.1.jar:/Users/andres_nino/.m2/repository/org/slf4j/slf4j-api/2.0.7/slf4j-api-2.0.7.jar:/Users/andres_nino/.m2/repository/org/springframework/spring-aspects/6.0.8/spring-aspects-6.0.8.jar:/Users/andres_nino/.m2/repository/org/springframework/boot/spring-boot-starter-security/3.0.6/spring-boot-starter-security-3.0.6.jar:/Users/andres_nino/.m2/repository/org/springframework/boot/spring-boot-starter/3.0.6/spring-boot-starter-3.0.6.jar:/Users/andres_nino/.m2/repository/org/springframework/boot/spring-boot/3.0.6/spring-boot-3.0.6.jar:/Users/andres_nino/.m2/repository/org/springframework/boot/spring-boot-autoconfigure/3.0.6/spring-boot-autoconfigure-3.0.6.jar:/Users/andres_nino/.m2/repository/org/springframework/boot/spring-boot-starter-logging/3.0.6/spring-boot-starter-logging-3.0.6.jar:/Users/andres_nino/.m2/repository/ch/qos/logback/logback-classic/1.4.7/logback-classic-1.4.7.jar:/Users/andres_nino/.m2/repository/ch/qos/logback/logback-core/1.4.7/logback-core-1.4.7.jar:/Users/andres_nino/.m2/repository/org/apache/logging/log4j/log4j-to-slf4j/2.19.0/log4j-to-slf4j-2.19.0.jar:/Users/andres_nino/.m2/repository/org/apache/logging/log4j/log4j-api/2.19.0/log4j-api-2.19.0.jar:/Users/andres_nino/.m2/repository/org/slf4j/jul-to-slf4j/2.0.7/jul-to-slf4j-2.0.7.jar:/Users/andres_nino/.m2/repository/org/yaml/snakeyaml/1.33/snakeyaml-1.33.jar:/Users/andres_nino/.m2/repository/org/springframework/spring-aop/6.0.8/spring-aop-6.0.8.jar:/Users/andres_nino/.m2/repository/org/springframework/security/spring-security-config/6.0.3/spring-security-config-6.0.3.jar:/Users/andres_nino/.m2/repository/org/springframework/security/spring-security-web/6.0.3/spring-security-web-6.0.3.jar:/Users/andres_nino/.m2/repository/org/springframework/spring-expression/6.0.8/spring-expression-6.0.8.jar:/Users/andres_nino/.m2/repository/org/springframework/boot/spring-boot-starter-web/3.1.0/spring-boot-starter-web-3.1.0.jar:/Users/andres_nino/.m2/repository/org/springframework/boot/spring-boot-starter-json/3.0.6/spring-boot-starter-json-3.0.6.jar:/Users/andres_nino/.m2/repository/com/fasterxml/jackson/datatype/jackson-datatype-jdk8/2.14.2/jackson-datatype-jdk8-2.14.2.jar:/Users/andres_nino/.m2/repository/com/fasterxml/jackson/module/jackson-module-parameter-names/2.14.2/jackson-module-parameter-names-2.14.2.jar:/Users/andres_nino/.m2/repository/org/springframework/boot/spring-boot-starter-tomcat/3.0.6/spring-boot-starter-tomcat-3.0.6.jar:/Users/andres_nino/.m2/repository/org/apache/tomcat/embed/tomcat-embed-core/10.1.8/tomcat-embed-core-10.1.8.jar:/Users/andres_nino/.m2/repository/org/apache/tomcat/embed/tomcat-embed-el/10.1.8/tomcat-embed-el-10.1.8.jar:/Users/andres_nino/.m2/repository/org/apache/tomcat/embed/tomcat-embed-websocket/10.1.8/tomcat-embed-websocket-10.1.8.jar:/Users/andres_nino/.m2/repository/org/springframework/spring-web/6.0.8/spring-web-6.0.8.jar:/Users/andres_nino/.m2/repository/org/springframework/spring-webmvc/6.0.8/spring-webmvc-6.0.8.jar:/Users/andres_nino/.m2/repository/org/postgresql/postgresql/42.5.4/postgresql-42.5.4.jar:/Users/andres_nino/.m2/repository/org/checkerframework/checker-qual/3.5.0/checker-qual-3.5.0.jar:/Users/andres_nino/.m2/repository/org/projectlombok/lombok/1.18.26/lombok-1.18.26.jar:/Users/andres_nino/.m2/repository/org/springframework/boot/spring-boot-starter-test/3.1.0/spring-boot-starter-test-3.1.0.jar:/Users/andres_nino/.m2/repository/org/springframework/boot/spring-boot-test/3.0.6/spring-boot-test-3.0.6.jar:/Users/andres_nino/.m2/repository/org/springframework/boot/spring-boot-test-autoconfigure/3.0.6/spring-boot-test-autoconfigure-3.0.6.jar:/Users/andres_nino/.m2/repository/com/jayway/jsonpath/json-path/2.7.0/json-path-2.7.0.jar:/Users/andres_nino/.m2/repository/jakarta/xml/bind/jakarta.xml.bind-api/4.0.0/jakarta.xml.bind-api-4.0.0.jar:/Users/andres_nino/.m2/repository/jakarta/activation/jakarta.activation-api/2.1.1/jakarta.activation-api-2.1.1.jar:/Users/andres_nino/.m2/repository/net/minidev/json-smart/2.4.10/json-smart-2.4.10.jar:/Users/andres_nino/.m2/repository/net/minidev/accessors-smart/2.4.9/accessors-smart-2.4.9.jar:/Users/andres_nino/.m2/repository/org/ow2/asm/asm/9.3/asm-9.3.jar:/Users/andres_nino/.m2/repository/org/assertj/assertj-core/3.23.1/assertj-core-3.23.1.jar:/Users/andres_nino/.m2/repository/org/hamcrest/hamcrest/2.2/hamcrest-2.2.jar:/Users/andres_nino/.m2/repository/org/junit/jupiter/junit-jupiter/5.9.2/junit-jupiter-5.9.2.jar:/Users/andres_nino/.m2/repository/org/junit/jupiter/junit-jupiter-api/5.9.2/junit-jupiter-api-5.9.2.jar:/Users/andres_nino/.m2/repository/org/opentest4j/opentest4j/1.2.0/opentest4j-1.2.0.jar:/Users/andres_nino/.m2/repository/org/junit/platform/junit-platform-commons/1.9.2/junit-platform-commons-1.9.2.jar:/Users/andres_nino/.m2/repository/org/apiguardian/apiguardian-api/1.1.2/apiguardian-api-1.1.2.jar:/Users/andres_nino/.m2/repository/org/junit/jupiter/junit-jupiter-params/5.9.2/junit-jupiter-params-5.9.2.jar:/Users/andres_nino/.m2/repository/org/junit/jupiter/junit-jupiter-engine/5.9.2/junit-jupiter-engine-5.9.2.jar:/Users/andres_nino/.m2/repository/org/junit/platform/junit-platform-engine/1.9.2/junit-platform-engine-1.9.2.jar:/Users/andres_nino/.m2/repository/org/mockito/mockito-core/4.8.1/mockito-core-4.8.1.jar:/Users/andres_nino/.m2/repository/net/bytebuddy/byte-buddy-agent/1.12.23/byte-buddy-agent-1.12.23.jar:/Users/andres_nino/.m2/repository/org/objenesis/objenesis/3.2/objenesis-3.2.jar:/Users/andres_nino/.m2/repository/org/mockito/mockito-junit-jupiter/4.8.1/mockito-junit-jupiter-4.8.1.jar:/Users/andres_nino/.m2/repository/org/skyscreamer/jsonassert/1.5.1/jsonassert-1.5.1.jar:/Users/andres_nino/.m2/repository/com/vaadin/external/google/android-json/0.0.20131108.vaadin1/android-json-0.0.20131108.vaadin1.jar:/Users/andres_nino/.m2/repository/org/springframework/spring-core/6.0.8/spring-core-6.0.8.jar:/Users/andres_nino/.m2/repository/org/springframework/spring-jcl/6.0.8/spring-jcl-6.0.8.jar:/Users/andres_nino/.m2/repository/org/springframework/spring-test/6.0.8/spring-test-6.0.8.jar:/Users/andres_nino/.m2/repository/org/xmlunit/xmlunit-core/2.9.1/xmlunit-core-2.9.1.jar:/Users/andres_nino/.m2/repository/org/springframework/security/spring-security-test/6.0.3/spring-security-test-6.0.3.jar:/Users/andres_nino/.m2/repository/org/springframework/security/spring-security-core/6.0.3/spring-security-core-6.0.3.jar:/Users/andres_nino/.m2/repository/org/springframework/security/spring-security-crypto/6.0.3/spring-security-crypto-6.0.3.jar:/Users/andres_nino/.m2/repository/org/springframework/boot/spring-boot-starter-actuator/3.1.0/spring-boot-starter-actuator-3.1.0.jar:/Users/andres_nino/.m2/repository/org/springframework/boot/spring-boot-actuator-autoconfigure/3.0.6/spring-boot-actuator-autoconfigure-3.0.6.jar:/Users/andres_nino/.m2/repository/org/springframework/boot/spring-boot-actuator/3.0.6/spring-boot-actuator-3.0.6.jar:/Users/andres_nino/.m2/repository/io/micrometer/micrometer-observation/1.10.6/micrometer-observation-1.10.6.jar:/Users/andres_nino/.m2/repository/io/micrometer/micrometer-commons/1.10.6/micrometer-commons-1.10.6.jar:/Users/andres_nino/.m2/repository/io/micrometer/micrometer-core/1.10.6/micrometer-core-1.10.6.jar:/Users/andres_nino/.m2/repository/org/hdrhistogram/HdrHistogram/2.1.12/HdrHistogram-2.1.12.jar:/Users/andres_nino/.m2/repository/org/latencyutils/LatencyUtils/2.0.3/LatencyUtils-2.0.3.jar:/Users/andres_nino/.m2/repository/com/fasterxml/jackson/datatype/jackson-datatype-jsr310/2.15.2/jackson-datatype-jsr310-2.15.2.jar:/Users/andres_nino/.m2/repository/com/fasterxml/jackson/core/jackson-annotations/2.14.2/jackson-annotations-2.14.2.jar:/Users/andres_nino/.m2/repository/com/fasterxml/jackson/core/jackson-core/2.14.2/jackson-core-2.14.2.jar:/Users/andres_nino/.m2/repository/com/fasterxml/jackson/core/jackson-databind/2.14.2/jackson-databind-2.14.2.jar:/Users/andres_nino/.m2/repository/com/opencsv/opencsv/5.8/opencsv-5.8.jar:/Users/andres_nino/.m2/repository/org/apache/commons/commons-lang3/3.12.0/commons-lang3-3.12.0.jar:/Users/andres_nino/.m2/repository/org/apache/commons/commons-text/1.10.0/commons-text-1.10.0.jar:/Users/andres_nino/.m2/repository/commons-beanutils/commons-beanutils/1.9.4/commons-beanutils-1.9.4.jar:/Users/andres_nino/.m2/repository/commons-logging/commons-logging/1.2/commons-logging-1.2.jar:/Users/andres_nino/.m2/repository/commons-collections/commons-collections/3.2.2/commons-collections-3.2.2.jar:/Users/andres_nino/.m2/repository/org/apache/commons/commons-collections4/4.4/commons-collections4-4.4.jar:/Users/andres_nino/.m2/repository/io/jsonwebtoken/jjwt-api/0.11.5/jjwt-api-0.11.5.jar:/Users/andres_nino/.m2/repository/io/jsonwebtoken/jjwt-impl/0.11.5/jjwt-impl-0.11.5.jar:/Users/andres_nino/.m2/repository/io/jsonwebtoken/jjwt-jackson/0.11.5/jjwt-jackson-0.11.5.jar:"/>
    <property name="sun.cpu.endian" value="little"/>
    <property name="user.home" value="/Users/andres_nino"/>
    <property name="user.language" value="es"/>
    <property name="java.specification.vendor" value="Oracle Corporation"/>
    <property name="java.version.date" value="2023-04-18"/>
    <property name="java.home" value="/Users/andres_nino/Library/Java/JavaVirtualMachines/openjdk-20.0.1/Contents/Home"/>
    <property name="file.separator" value="/"/>
    <property name="basedir" value="/Users/andres_nino/Documents/Trabajo/Aprendizaje/spring boot/cash-flow-app/api-cash-flow"/>
    <property name="java.vm.compressedOopsMode" value="Zero based"/>
    <property name="line.separator" value="&#10;"/>
    <property name="java.vm.specification.vendor" value="Oracle Corporation"/>
    <property name="java.specification.name" value="Java Platform API Specification"/>
    <property name="apple.awt.application.name" value="ForkedBooter"/>
    <property name="surefire.real.class.path" value="/Users/andres_nino/Documents/Trabajo/Aprendizaje/spring boot/cash-flow-app/api-cash-flow/target/surefire/surefirebooter524870317036203424.jar"/>
    <property name="sun.management.compiler" value="HotSpot 64-Bit Tiered Compilers"/>
    <property name="ftp.nonProxyHosts" value="local|*.local|169.254/16|*.169.254/16"/>
    <property name="java.runtime.version" value="20.0.1+9-29"/>
    <property name="user.name" value="andres_nino"/>
    <property name="stdout.encoding" value="US-ASCII"/>
    <property name="path.separator" value=":"/>
    <property name="os.version" value="13.6"/>
    <property name="java.runtime.name" value="OpenJDK Runtime Environment"/>
    <property name="file.encoding" value="UTF-8"/>
    <property name="java.vm.name" value="OpenJDK 64-Bit Server VM"/>
    <property name="localRepository" value="/Users/andres_nino/.m2/repository"/>
    <property name="java.vendor.url.bug" value="https://bugreport.java.com/bugreport/"/>
    <property name="java.io.tmpdir" value="/var/folders/0r/jf917p7j7pb0rny3znw98ynh0000gn/T/"/>
    <property name="idea.version" value="2023.2.3"/>
    <property name="java.version" value="20.0.1"/>
    <property name="user.dir" value="/Users/andres_nino/Documents/Trabajo/Aprendizaje/spring boot/cash-flow-app/api-cash-flow"/>
    <property name="os.arch" value="aarch64"/>
    <property name="java.vm.specification.name" value="Java Virtual Machine Specification"/>
    <property name="native.encoding" value="US-ASCII"/>
    <property name="java.library.path" value="/Users/andres_nino/Library/Java/Extensions:/Library/Java/Extensions:/Network/Library/Java/Extensions:/System/Library/Java/Extensions:/usr/lib/java:."/>
    <property name="java.vm.info" value="mixed mode, sharing"/>
    <property name="stderr.encoding" value="US-ASCII"/>
    <property name="java.vendor" value="Oracle Corporation"/>
    <property name="java.vm.version" value="20.0.1+9-29"/>
    <property name="sun.io.unicode.encoding" value="UnicodeBig"/>
    <property name="socksNonProxyHosts" value="local|*.local|169.254/16|*.169.254/16"/>
    <property name="java.class.version" value="64.0"/>
  </properties>
  <testcase name="deleteAccount" classname="com.cash_flow_app.apicashflow.controller.AccountControllerTest" time="0.206">
    <error message="could not execute statement; SQL [n/a]; constraint [user_account_pkey]" type="org.springframework.dao.DataIntegrityViolationException">org.springframework.dao.DataIntegrityViolationException: could not execute statement; SQL [n/a]; constraint [user_account_pkey]
	at com.cash_flow_app.apicashflow.controller.AccountControllerTest.deleteAccount(AccountControllerTest.java:172)
Caused by: org.hibernate.exception.ConstraintViolationException: could not execute statement
	at com.cash_flow_app.apicashflow.controller.AccountControllerTest.deleteAccount(AccountControllerTest.java:172)
Caused by: org.postgresql.util.PSQLException: 
ERROR: duplicate key value violates unique constraint "user_account_pkey"
  Detail: Key (user_id, account_id)=(4fc05fd3-cbab-4688-bf61-2855e1869127, 75c9940f-04b2-4526-9003-43a501066774) already exists.
	at com.cash_flow_app.apicashflow.controller.AccountControllerTest.deleteAccount(AccountControllerTest.java:172)
</error>
    <system-out><![CDATA[2023-11-28T22:11:56.397-05:00 DEBUG 27472 --- [           main] .b.t.c.SpringBootTestContextBootstrapper : Neither @ContextConfiguration nor @ContextHierarchy found for test class [AccountControllerTest]: using SpringBootContextLoader
2023-11-28T22:11:56.398-05:00 DEBUG 27472 --- [           main] o.s.t.c.support.AbstractContextLoader    : Could not detect default resource locations for test class [com.cash_flow_app.apicashflow.controller.AccountControllerTest]: no resource found for suffixes {-context.xml, Context.groovy}.
2023-11-28T22:11:56.398-05:00  INFO 27472 --- [           main] t.c.s.AnnotationConfigContextLoaderUtils : Could not detect default configuration classes for test class [com.cash_flow_app.apicashflow.controller.AccountControllerTest]: AccountControllerTest does not declare any static, non-private, non-final, nested classes annotated with @Configuration.
2023-11-28T22:11:56.398-05:00 DEBUG 27472 --- [           main] .b.t.c.SpringBootTestContextBootstrapper : Using ContextCustomizers for test class [AccountControllerTest]: [ImportsContextCustomizer, ExcludeFilterContextCustomizer, DuplicateJsonObjectContextCustomizer, MockitoContextCustomizer, TestRestTemplateContextCustomizer, DisableObservabilityContextCustomizer, PropertyMappingContextCustomizer, Customizer]
2023-11-28T22:11:56.399-05:00  INFO 27472 --- [           main] .b.t.c.SpringBootTestContextBootstrapper : Found @SpringBootConfiguration com.cash_flow_app.apicashflow.ApiCashFlowApplication for test class com.cash_flow_app.apicashflow.controller.AccountControllerTest
2023-11-28T22:11:56.399-05:00 DEBUG 27472 --- [           main] .b.t.c.SpringBootTestContextBootstrapper : Using TestExecutionListeners for test class [AccountControllerTest]: [ServletTestExecutionListener, DirtiesContextBeforeModesTestExecutionListener, ApplicationEventsTestExecutionListener, MockitoTestExecutionListener, DependencyInjectionTestExecutionListener, DirtiesContextTestExecutionListener, TransactionalTestExecutionListener, SqlScriptsTestExecutionListener, EventPublishingTestExecutionListener, WithSecurityContextTestExecutionListener, ReactorContextTestExecutionListener, ResetMocksTestExecutionListener, RestDocsTestExecutionListener, MockRestServiceServerResetTestExecutionListener, MockMvcPrintOnlyOnFailureTestExecutionListener, WebDriverTestExecutionListener, MockWebServiceServerTestExecutionListener]
2023-11-28T22:11:56.399-05:00 DEBUG 27472 --- [           main] tractDirtiesContextTestExecutionListener : Before test class: class [AccountControllerTest], class annotated with @DirtiesContext [false] with mode [null]
2023-11-28T22:11:56.399-05:00 DEBUG 27472 --- [           main] org.springframework.test.context.cache   : Spring test ApplicationContext cache statistics: [DefaultContextCache@8caffbd size = 3, maxSize = 32, parentContextCount = 0, hitCount = 226, missCount = 3]
2023-11-28T22:11:56.399-05:00 DEBUG 27472 --- [           main] org.springframework.test.context.cache   : Spring test ApplicationContext cache statistics: [DefaultContextCache@8caffbd size = 3, maxSize = 32, parentContextCount = 0, hitCount = 227, missCount = 3]
2023-11-28T22:11:56.399-05:00 DEBUG 27472 --- [           main] o.s.t.c.w.ServletTestExecutionListener   : Setting up MockHttpServletRequest, MockHttpServletResponse, ServletWebRequest, and RequestContextHolder for test class com.cash_flow_app.apicashflow.controller.AccountControllerTest
2023-11-28T22:11:56.399-05:00 DEBUG 27472 --- [           main] DependencyInjectionTestExecutionListener : Performing dependency injection for test class com.cash_flow_app.apicashflow.controller.AccountControllerTest
2023-11-28T22:11:56.399-05:00 DEBUG 27472 --- [           main] org.springframework.test.context.cache   : Spring test ApplicationContext cache statistics: [DefaultContextCache@8caffbd size = 3, maxSize = 32, parentContextCount = 0, hitCount = 228, missCount = 3]
2023-11-28T22:11:56.400-05:00 DEBUG 27472 --- [           main] org.springframework.test.context.cache   : Spring test ApplicationContext cache statistics: [DefaultContextCache@8caffbd size = 3, maxSize = 32, parentContextCount = 0, hitCount = 229, missCount = 3]
2023-11-28T22:11:56.400-05:00 DEBUG 27472 --- [           main] tractDirtiesContextTestExecutionListener : Before test method: class [AccountControllerTest], method [deleteAccount], class annotated with @DirtiesContext [false] with mode [null], method annotated with @DirtiesContext [false] with mode [null]
2023-11-28T22:11:56.401-05:00 DEBUG 27472 --- [           main] t.c.t.TransactionalTestExecutionListener : Explicit transaction definition [PROPAGATION_REQUIRED,ISOLATION_DEFAULT] found for test class [com.cash_flow_app.apicashflow.controller.AccountControllerTest] and test method [deleteAccount]
2023-11-28T22:11:56.401-05:00 DEBUG 27472 --- [           main] org.springframework.test.context.cache   : Spring test ApplicationContext cache statistics: [DefaultContextCache@8caffbd size = 3, maxSize = 32, parentContextCount = 0, hitCount = 230, missCount = 3]
2023-11-28T22:11:56.401-05:00 DEBUG 27472 --- [           main] t.c.t.TransactionalTestExecutionListener : No method-level @Rollback override: using default rollback [true] for test method [void com.cash_flow_app.apicashflow.controller.AccountControllerTest.deleteAccount() throws java.lang.Exception]
2023-11-28T22:11:56.401-05:00 DEBUG 27472 --- [           main] o.s.orm.jpa.JpaTransactionManager        : Creating new transaction with name [com.cash_flow_app.apicashflow.controller.AccountControllerTest.deleteAccount]: PROPAGATION_REQUIRED,ISOLATION_DEFAULT
2023-11-28T22:11:56.401-05:00 DEBUG 27472 --- [           main] o.s.orm.jpa.JpaTransactionManager        : Opened new EntityManager [SessionImpl(2029572460<open>)] for JPA transaction
2023-11-28T22:11:56.401-05:00 DEBUG 27472 --- [           main] o.h.e.t.internal.TransactionImpl         : On TransactionImpl creation, JpaCompliance#isJpaTransactionComplianceEnabled == false
2023-11-28T22:11:56.401-05:00 DEBUG 27472 --- [           main] o.h.e.t.internal.TransactionImpl         : begin
2023-11-28T22:11:56.401-05:00 DEBUG 27472 --- [           main] org.postgresql.jdbc.PgConnection         :   setAutoCommit = false
2023-11-28T22:11:56.401-05:00 DEBUG 27472 --- [           main] o.s.orm.jpa.JpaTransactionManager        : Exposing JPA transaction as JDBC [org.springframework.orm.jpa.vendor.HibernateJpaDialect$HibernateConnectionHandle@8c29e75]
2023-11-28T22:11:56.401-05:00 DEBUG 27472 --- [           main] o.s.t.c.transaction.TransactionContext   : Began transaction (1) for test class [com.cash_flow_app.apicashflow.controller.AccountControllerTest]; test method [deleteAccount]; transaction manager [org.springframework.orm.jpa.JpaTransactionManager@6448679f]; rollback [true]
2023-11-28T22:11:56.401-05:00 DEBUG 27472 --- [           main] org.springframework.test.context.cache   : Spring test ApplicationContext cache statistics: [DefaultContextCache@8caffbd size = 3, maxSize = 32, parentContextCount = 0, hitCount = 231, missCount = 3]
2023-11-28T22:11:56.401-05:00 DEBUG 27472 --- [           main] org.springframework.test.context.cache   : Spring test ApplicationContext cache statistics: [DefaultContextCache@8caffbd size = 3, maxSize = 32, parentContextCount = 0, hitCount = 232, missCount = 3]
2023-11-28T22:11:56.402-05:00 DEBUG 27472 --- [           main] o.s.test.util.ReflectionTestUtils        : Invoking method 'getFilters' on target object [FilterChainProxy[Filter Chains: [DefaultSecurityFilterChain [RequestMatcher=any request, Filters=[org.springframework.security.web.session.DisableEncodeUrlFilter@120e3ebb, org.springframework.security.web.session.ForceEagerSessionCreationFilter@753f1c3e, org.springframework.security.web.context.request.async.WebAsyncManagerIntegrationFilter@5e9af5d4, org.springframework.security.web.context.SecurityContextHolderFilter@1d18e5ad, org.springframework.security.web.header.HeaderWriterFilter@73b68d98, org.springframework.web.filter.CorsFilter@7863e6b2, org.springframework.security.web.authentication.logout.LogoutFilter@1e5a8278, JWTAuthorizationFilter(loginService=com.cash_flow_app.apicashflow.entities_repositories_and_services.base.security.LoginService@508b9c16), com.cash_flow_app.apicashflow.entities_repositories_and_services.base.security.JWTAuthenticationFilter@6fd2b939, org.springframework.security.web.savedrequest.RequestCacheAwareFilter@11def039, org.springframework.security.web.servletapi.SecurityContextHolderAwareRequestFilter@564375d7, org.springframework.security.web.authentication.AnonymousAuthenticationFilter@c4aa99e, org.springframework.security.web.session.SessionManagementFilter@69af6978, org.springframework.security.web.access.ExceptionTranslationFilter@4469046b, org.springframework.security.web.access.intercept.AuthorizationFilter@588d2e90]]]]] or target class [null] with arguments {org.springframework.mock.web.MockHttpServletRequest@33ed34a9}
2023-11-28T22:11:56.402-05:00 DEBUG 27472 --- [           main] o.s.test.util.ReflectionTestUtils        : Invoking method 'getFilters' on target object [FilterChainProxy[Filter Chains: [DefaultSecurityFilterChain [RequestMatcher=any request, Filters=[org.springframework.security.web.session.DisableEncodeUrlFilter@120e3ebb, org.springframework.security.web.session.ForceEagerSessionCreationFilter@753f1c3e, org.springframework.security.web.context.request.async.WebAsyncManagerIntegrationFilter@5e9af5d4, org.springframework.security.web.context.SecurityContextHolderFilter@1d18e5ad, org.springframework.security.web.header.HeaderWriterFilter@73b68d98, org.springframework.web.filter.CorsFilter@7863e6b2, org.springframework.security.web.authentication.logout.LogoutFilter@1e5a8278, JWTAuthorizationFilter(loginService=com.cash_flow_app.apicashflow.entities_repositories_and_services.base.security.LoginService@508b9c16), com.cash_flow_app.apicashflow.entities_repositories_and_services.base.security.JWTAuthenticationFilter@6fd2b939, org.springframework.security.web.savedrequest.RequestCacheAwareFilter@11def039, org.springframework.security.web.servletapi.SecurityContextHolderAwareRequestFilter@564375d7, org.springframework.security.web.authentication.AnonymousAuthenticationFilter@c4aa99e, org.springframework.security.web.session.SessionManagementFilter@69af6978, org.springframework.security.web.access.ExceptionTranslationFilter@4469046b, org.springframework.security.web.access.intercept.AuthorizationFilter@588d2e90]]]]] or target class [null] with arguments {org.springframework.mock.web.MockHttpServletRequest@33ed34a9}
2023-11-28T22:11:56.402-05:00 DEBUG 27472 --- [           main] o.s.test.util.ReflectionTestUtils        : Invoking method 'getFilters' on target object [FilterChainProxy[Filter Chains: [DefaultSecurityFilterChain [RequestMatcher=any request, Filters=[org.springframework.security.web.session.DisableEncodeUrlFilter@120e3ebb, org.springframework.security.web.session.ForceEagerSessionCreationFilter@753f1c3e, org.springframework.security.web.context.request.async.WebAsyncManagerIntegrationFilter@5e9af5d4, org.springframework.security.web.context.SecurityContextHolderFilter@1d18e5ad, org.springframework.security.web.header.HeaderWriterFilter@73b68d98, org.springframework.web.filter.CorsFilter@7863e6b2, org.springframework.security.web.authentication.logout.LogoutFilter@1e5a8278, JWTAuthorizationFilter(loginService=com.cash_flow_app.apicashflow.entities_repositories_and_services.base.security.LoginService@508b9c16), com.cash_flow_app.apicashflow.entities_repositories_and_services.base.security.JWTAuthenticationFilter@6fd2b939, org.springframework.security.web.savedrequest.RequestCacheAwareFilter@11def039, org.springframework.security.web.servletapi.SecurityContextHolderAwareRequestFilter@564375d7, org.springframework.security.web.authentication.AnonymousAuthenticationFilter@c4aa99e, org.springframework.security.web.session.SessionManagementFilter@69af6978, org.springframework.security.web.access.ExceptionTranslationFilter@4469046b, org.springframework.security.web.access.intercept.AuthorizationFilter@588d2e90]]]]] or target class [null] with arguments {org.springframework.mock.web.MockHttpServletRequest@33ed34a9}
2023-11-28T22:11:56.402-05:00 DEBUG 27472 --- [           main] o.s.security.web.FilterChainProxy        : Securing POST /api/v1/user/signup
2023-11-28T22:11:56.403-05:00 DEBUG 27472 --- [           main] .s.s.w.s.ForceEagerSessionCreationFilter : Created session eagerly
2023-11-28T22:11:56.403-05:00 DEBUG 27472 --- [           main] o.s.s.w.a.AnonymousAuthenticationFilter  : Set SecurityContextHolder to anonymous SecurityContext
2023-11-28T22:11:56.403-05:00 DEBUG 27472 --- [           main] s.w.s.m.m.a.RequestMappingHandlerMapping : Mapped to com.cash_flow_app.apicashflow.controller.UserController#signup(UserDto)
2023-11-28T22:11:56.403-05:00 DEBUG 27472 --- [           main] s.w.s.m.m.a.RequestMappingHandlerMapping : Mapped to com.cash_flow_app.apicashflow.controller.UserController#signup(UserDto)
2023-11-28T22:11:56.403-05:00 DEBUG 27472 --- [           main] s.w.s.m.m.a.RequestMappingHandlerMapping : Mapped to com.cash_flow_app.apicashflow.controller.UserController#signup(UserDto)
2023-11-28T22:11:56.403-05:00 DEBUG 27472 --- [           main] s.w.s.m.m.a.RequestMappingHandlerMapping : Mapped to com.cash_flow_app.apicashflow.controller.UserController#signup(UserDto)
2023-11-28T22:11:56.403-05:00 DEBUG 27472 --- [           main] s.w.s.m.m.a.RequestMappingHandlerMapping : Mapped to com.cash_flow_app.apicashflow.controller.UserController#signup(UserDto)
2023-11-28T22:11:56.403-05:00 DEBUG 27472 --- [           main] s.w.s.m.m.a.RequestMappingHandlerMapping : Mapped to com.cash_flow_app.apicashflow.controller.UserController#signup(UserDto)
2023-11-28T22:11:56.403-05:00 DEBUG 27472 --- [           main] s.w.s.m.m.a.RequestMappingHandlerMapping : Mapped to com.cash_flow_app.apicashflow.controller.UserController#signup(UserDto)
2023-11-28T22:11:56.403-05:00 DEBUG 27472 --- [           main] o.s.security.web.FilterChainProxy        : Secured POST /api/v1/user/signup
2023-11-28T22:11:56.404-05:00 DEBUG 27472 --- [           main] o.s.t.web.servlet.TestDispatcherServlet  : POST "/api/v1/user/signup", parameters={masked}
2023-11-28T22:11:56.404-05:00 DEBUG 27472 --- [           main] s.w.s.m.m.a.RequestMappingHandlerMapping : Mapped to com.cash_flow_app.apicashflow.controller.UserController#signup(UserDto)
2023-11-28T22:11:56.404-05:00 DEBUG 27472 --- [           main] m.m.a.RequestResponseBodyMethodProcessor : Read "application/json;charset=UTF-8" to [UserDto(username=usuario_test, password=123456, authorities=[{endpoint=Account, actions=[CREATE, REA (truncated)...]
2023-11-28T22:11:56.404-05:00 DEBUG 27472 --- [           main] org.hibernate.orm.sql.ast.create         : Created new SQL alias : a1_0
2023-11-28T22:11:56.404-05:00 DEBUG 27472 --- [           main] org.hibernate.orm.sql.ast.create         : Registration of TableGroup [StandardTableGroup(com.cash_flow_app.apicashflow.entities_repositories_and_services.base.authority.Authority(35202161494041))] with identifierForTableGroup [com.cash_flow_app.apicashflow.entities_repositories_and_services.base.authority.Authority] for NavigablePath [com.cash_flow_app.apicashflow.entities_repositories_and_services.base.authority.Authority] 
2023-11-28T22:11:56.404-05:00 DEBUG 27472 --- [           main] o.h.q.sqm.sql.BaseSqmToSqlAstConverter   : Determining mapping-model type for SqmParameter : org.hibernate.query.sqm.tree.expression.SqmJpaCriteriaParameterWrapper@2f7c96b1
2023-11-28T22:11:56.404-05:00 DEBUG 27472 --- [           main] o.h.q.sqm.sql.BaseSqmToSqlAstConverter   : Determining mapping-model type for SqmPath : SqmBasicValuedSimplePath(com.cash_flow_app.apicashflow.entities_repositories_and_services.base.authority.Authority(35202161494041).permission) 
2023-11-28T22:11:56.404-05:00 DEBUG 27472 --- [           main] o.h.q.sqm.sql.BaseSqmToSqlAstConverter   : Determining mapping-model type for SqmParameter : org.hibernate.query.sqm.tree.expression.SqmJpaCriteriaParameterWrapper@11314183
2023-11-28T22:11:56.404-05:00 DEBUG 27472 --- [           main] o.h.q.sqm.sql.BaseSqmToSqlAstConverter   : Determining mapping-model type for SqmPath : SqmBasicValuedSimplePath(com.cash_flow_app.apicashflow.entities_repositories_and_services.base.authority.Authority(35202161494041).endpoint) 
2023-11-28T22:11:56.405-05:00 DEBUG 27472 --- [           main] org.hibernate.orm.results.graph.AST      : DomainResult Graph:
 \-EntityResultImpl [com.cash_flow_app.apicashflow.entities_repositories_and_services.base.authority.Authority(35202161494041)]
 |  +-BasicFetch [com.cash_flow_app.apicashflow.entities_repositories_and_services.base.authority.Authority(35202161494041).endpoint]
 |  \-BasicFetch [com.cash_flow_app.apicashflow.entities_repositories_and_services.base.authority.Authority(35202161494041).permission]

2023-11-28T22:11:56.405-05:00 DEBUG 27472 --- [           main] org.hibernate.orm.sql.ast.tree           : SQL AST Tree:
    SelectStatement {
      FromClause {
        StandardTableGroup (a1 : com.cash_flow_app.apicashflow.entities_repositories_and_services.base.authority.Authority(35202161494041)) {
          primaryTableReference : authorities as a1_0
        }
      }
    }

2023-11-28T22:11:56.405-05:00 DEBUG 27472 --- [           main] org.hibernate.orm.sql.exec               : Skipping reading Query result cache data: cache-enabled = false, cache-mode = NORMAL
2023-11-28T22:11:56.405-05:00 DEBUG 27472 --- [           main] org.hibernate.orm.results                : Initializer list
2023-11-28T22:11:56.405-05:00 DEBUG 27472 --- [           main] org.hibernate.orm.results                :     com.cash_flow_app.apicashflow.entities_repositories_and_services.base.authority.Authority(35202161494041) -> EntityResultInitializer(com.cash_flow_app.apicashflow.entities_repositories_and_services.base.authority.Authority(35202161494041))@128637829 (SingleTableEntityPersister(com.cash_flow_app.apicashflow.entities_repositories_and_services.base.authority.Authority))
2023-11-28T22:11:56.405-05:00 DEBUG 27472 --- [           main] org.hibernate.SQL                        : 
    select
        a1_0.id,
        a1_0.endpoint,
        a1_0.permission 
    from
        authorities a1_0 
    where
        a1_0.permission=? 
        and a1_0.endpoint=?
2023-11-28T22:11:56.405-05:00 DEBUG 27472 --- [           main] org.hibernate.orm.results                : Extracted JDBC value [0] - [9aaf7d40-45f6-4ab6-90a9-a23f4c1b5f2f]
2023-11-28T22:11:56.405-05:00 DEBUG 27472 --- [           main] o.hibernate.orm.results.loading.entity   : (EntityResultInitializer) Hydrated EntityKey (com.cash_flow_app.apicashflow.entities_repositories_and_services.base.authority.Authority(35202161494041)): 9aaf7d40-45f6-4ab6-90a9-a23f4c1b5f2f
2023-11-28T22:11:56.405-05:00 DEBUG 27472 --- [           main] o.hibernate.orm.results.loading.entity   : (EntityResultInitializer) Created new entity instance [com.cash_flow_app.apicashflow.entities_repositories_and_services.base.authority.Authority(35202161494041)#9aaf7d40-45f6-4ab6-90a9-a23f4c1b5f2f] : com.cash_flow_app.apicashflow.entities_repositories_and_services.base.authority.Authority@35cbd595
2023-11-28T22:11:56.405-05:00 DEBUG 27472 --- [           main] org.hibernate.orm.results                : Extracted JDBC value [1] - [Account]
2023-11-28T22:11:56.405-05:00 DEBUG 27472 --- [           main] org.hibernate.orm.results                : Extracted JDBC value [2] - [CREATE]
2023-11-28T22:11:56.405-05:00 DEBUG 27472 --- [           main] o.hibernate.orm.results.loading.entity   : (EntityResultInitializer) Done materializing entityInstance : com.cash_flow_app.apicashflow.entities_repositories_and_services.base.authority.Authority(35202161494041)#9aaf7d40-45f6-4ab6-90a9-a23f4c1b5f2f
2023-11-28T22:11:56.405-05:00 DEBUG 27472 --- [           main] org.hibernate.orm.results.loading        : Calling top-level assembler (0 / 1) : org.hibernate.sql.results.graph.entity.internal.EntityAssembler@646c565a
2023-11-28T22:11:56.406-05:00 DEBUG 27472 --- [           main] org.hibernate.orm.sql.ast.create         : Created new SQL alias : a1_0
2023-11-28T22:11:56.406-05:00 DEBUG 27472 --- [           main] org.hibernate.orm.sql.ast.create         : Registration of TableGroup [StandardTableGroup(com.cash_flow_app.apicashflow.entities_repositories_and_services.base.authority.Authority(35202161494041))] with identifierForTableGroup [com.cash_flow_app.apicashflow.entities_repositories_and_services.base.authority.Authority] for NavigablePath [com.cash_flow_app.apicashflow.entities_repositories_and_services.base.authority.Authority] 
2023-11-28T22:11:56.406-05:00 DEBUG 27472 --- [           main] o.h.q.sqm.sql.BaseSqmToSqlAstConverter   : Determining mapping-model type for SqmParameter : org.hibernate.query.sqm.tree.expression.SqmJpaCriteriaParameterWrapper@78299721
2023-11-28T22:11:56.406-05:00 DEBUG 27472 --- [           main] o.h.q.sqm.sql.BaseSqmToSqlAstConverter   : Determining mapping-model type for SqmPath : SqmBasicValuedSimplePath(com.cash_flow_app.apicashflow.entities_repositories_and_services.base.authority.Authority(35202161494041).permission) 
2023-11-28T22:11:56.406-05:00 DEBUG 27472 --- [           main] o.h.q.sqm.sql.BaseSqmToSqlAstConverter   : Determining mapping-model type for SqmParameter : org.hibernate.query.sqm.tree.expression.SqmJpaCriteriaParameterWrapper@732a8a22
2023-11-28T22:11:56.406-05:00 DEBUG 27472 --- [           main] o.h.q.sqm.sql.BaseSqmToSqlAstConverter   : Determining mapping-model type for SqmPath : SqmBasicValuedSimplePath(com.cash_flow_app.apicashflow.entities_repositories_and_services.base.authority.Authority(35202161494041).endpoint) 
2023-11-28T22:11:56.406-05:00 DEBUG 27472 --- [           main] org.hibernate.orm.results.graph.AST      : DomainResult Graph:
 \-EntityResultImpl [com.cash_flow_app.apicashflow.entities_repositories_and_services.base.authority.Authority(35202161494041)]
 |  +-BasicFetch [com.cash_flow_app.apicashflow.entities_repositories_and_services.base.authority.Authority(35202161494041).endpoint]
 |  \-BasicFetch [com.cash_flow_app.apicashflow.entities_repositories_and_services.base.authority.Authority(35202161494041).permission]

2023-11-28T22:11:56.406-05:00 DEBUG 27472 --- [           main] org.hibernate.orm.sql.ast.tree           : SQL AST Tree:
    SelectStatement {
      FromClause {
        StandardTableGroup (a1 : com.cash_flow_app.apicashflow.entities_repositories_and_services.base.authority.Authority(35202161494041)) {
          primaryTableReference : authorities as a1_0
        }
      }
    }

2023-11-28T22:11:56.406-05:00 DEBUG 27472 --- [           main] o.h.e.i.AbstractFlushingEventListener    : Processing flush-time cascades
2023-11-28T22:11:56.406-05:00 DEBUG 27472 --- [           main] o.h.e.i.AbstractFlushingEventListener    : Dirty checking collections
2023-11-28T22:11:56.406-05:00 DEBUG 27472 --- [           main] o.h.e.i.AbstractFlushingEventListener    : Flushed: 0 insertions, 0 updates, 0 deletions to 1 objects
2023-11-28T22:11:56.406-05:00 DEBUG 27472 --- [           main] o.h.e.i.AbstractFlushingEventListener    : Flushed: 0 (re)creations, 0 updates, 0 removals to 0 collections
2023-11-28T22:11:56.406-05:00 DEBUG 27472 --- [           main] o.hibernate.internal.util.EntityPrinter  : Listing entities:
2023-11-28T22:11:56.406-05:00 DEBUG 27472 --- [           main] o.hibernate.internal.util.EntityPrinter  : com.cash_flow_app.apicashflow.entities_repositories_and_services.base.authority.Authority{endpoint=Account, permission=CREATE, id=9aaf7d40-45f6-4ab6-90a9-a23f4c1b5f2f}
2023-11-28T22:11:56.406-05:00 DEBUG 27472 --- [           main] org.hibernate.orm.sql.exec               : Skipping reading Query result cache data: cache-enabled = false, cache-mode = NORMAL
2023-11-28T22:11:56.406-05:00 DEBUG 27472 --- [           main] org.hibernate.orm.results                : Initializer list
2023-11-28T22:11:56.406-05:00 DEBUG 27472 --- [           main] org.hibernate.orm.results                :     com.cash_flow_app.apicashflow.entities_repositories_and_services.base.authority.Authority(35202161494041) -> EntityResultInitializer(com.cash_flow_app.apicashflow.entities_repositories_and_services.base.authority.Authority(35202161494041))@226897381 (SingleTableEntityPersister(com.cash_flow_app.apicashflow.entities_repositories_and_services.base.authority.Authority))
2023-11-28T22:11:56.406-05:00 DEBUG 27472 --- [           main] org.hibernate.SQL                        : 
    select
        a1_0.id,
        a1_0.endpoint,
        a1_0.permission 
    from
        authorities a1_0 
    where
        a1_0.permission=? 
        and a1_0.endpoint=?
2023-11-28T22:11:56.412-05:00 DEBUG 27472 --- [           main] org.hibernate.orm.results                : Extracted JDBC value [0] - [b14a62f4-d04f-422a-a2a3-1f80e2635352]
2023-11-28T22:11:56.412-05:00 DEBUG 27472 --- [           main] o.hibernate.orm.results.loading.entity   : (EntityResultInitializer) Hydrated EntityKey (com.cash_flow_app.apicashflow.entities_repositories_and_services.base.authority.Authority(35202161494041)): b14a62f4-d04f-422a-a2a3-1f80e2635352
2023-11-28T22:11:56.412-05:00 DEBUG 27472 --- [           main] o.hibernate.orm.results.loading.entity   : (EntityResultInitializer) Created new entity instance [com.cash_flow_app.apicashflow.entities_repositories_and_services.base.authority.Authority(35202161494041)#b14a62f4-d04f-422a-a2a3-1f80e2635352] : com.cash_flow_app.apicashflow.entities_repositories_and_services.base.authority.Authority@352ad7fe
2023-11-28T22:11:56.412-05:00 DEBUG 27472 --- [           main] org.hibernate.orm.results                : Extracted JDBC value [1] - [Account]
2023-11-28T22:11:56.412-05:00 DEBUG 27472 --- [           main] org.hibernate.orm.results                : Extracted JDBC value [2] - [READ]
2023-11-28T22:11:56.412-05:00 DEBUG 27472 --- [           main] o.hibernate.orm.results.loading.entity   : (EntityResultInitializer) Done materializing entityInstance : com.cash_flow_app.apicashflow.entities_repositories_and_services.base.authority.Authority(35202161494041)#b14a62f4-d04f-422a-a2a3-1f80e2635352
2023-11-28T22:11:56.412-05:00 DEBUG 27472 --- [           main] org.hibernate.orm.results.loading        : Calling top-level assembler (0 / 1) : org.hibernate.sql.results.graph.entity.internal.EntityAssembler@97f2dbb
2023-11-28T22:11:56.412-05:00 DEBUG 27472 --- [           main] org.hibernate.orm.sql.ast.create         : Created new SQL alias : a1_0
2023-11-28T22:11:56.412-05:00 DEBUG 27472 --- [           main] org.hibernate.orm.sql.ast.create         : Registration of TableGroup [StandardTableGroup(com.cash_flow_app.apicashflow.entities_repositories_and_services.base.authority.Authority(35202161494041))] with identifierForTableGroup [com.cash_flow_app.apicashflow.entities_repositories_and_services.base.authority.Authority] for NavigablePath [com.cash_flow_app.apicashflow.entities_repositories_and_services.base.authority.Authority] 
2023-11-28T22:11:56.412-05:00 DEBUG 27472 --- [           main] o.h.q.sqm.sql.BaseSqmToSqlAstConverter   : Determining mapping-model type for SqmParameter : org.hibernate.query.sqm.tree.expression.SqmJpaCriteriaParameterWrapper@6027f461
2023-11-28T22:11:56.412-05:00 DEBUG 27472 --- [           main] o.h.q.sqm.sql.BaseSqmToSqlAstConverter   : Determining mapping-model type for SqmPath : SqmBasicValuedSimplePath(com.cash_flow_app.apicashflow.entities_repositories_and_services.base.authority.Authority(35202161494041).permission) 
2023-11-28T22:11:56.412-05:00 DEBUG 27472 --- [           main] o.h.q.sqm.sql.BaseSqmToSqlAstConverter   : Determining mapping-model type for SqmParameter : org.hibernate.query.sqm.tree.expression.SqmJpaCriteriaParameterWrapper@822e8a1
2023-11-28T22:11:56.412-05:00 DEBUG 27472 --- [           main] o.h.q.sqm.sql.BaseSqmToSqlAstConverter   : Determining mapping-model type for SqmPath : SqmBasicValuedSimplePath(com.cash_flow_app.apicashflow.entities_repositories_and_services.base.authority.Authority(35202161494041).endpoint) 
2023-11-28T22:11:56.412-05:00 DEBUG 27472 --- [           main] org.hibernate.orm.results.graph.AST      : DomainResult Graph:
 \-EntityResultImpl [com.cash_flow_app.apicashflow.entities_repositories_and_services.base.authority.Authority(35202161494041)]
 |  +-BasicFetch [com.cash_flow_app.apicashflow.entities_repositories_and_services.base.authority.Authority(35202161494041).endpoint]
 |  \-BasicFetch [com.cash_flow_app.apicashflow.entities_repositories_and_services.base.authority.Authority(35202161494041).permission]

2023-11-28T22:11:56.412-05:00 DEBUG 27472 --- [           main] org.hibernate.orm.sql.ast.tree           : SQL AST Tree:
    SelectStatement {
      FromClause {
        StandardTableGroup (a1 : com.cash_flow_app.apicashflow.entities_repositories_and_services.base.authority.Authority(35202161494041)) {
          primaryTableReference : authorities as a1_0
        }
      }
    }

2023-11-28T22:11:56.412-05:00 DEBUG 27472 --- [           main] o.h.e.i.AbstractFlushingEventListener    : Processing flush-time cascades
2023-11-28T22:11:56.412-05:00 DEBUG 27472 --- [           main] o.h.e.i.AbstractFlushingEventListener    : Dirty checking collections
2023-11-28T22:11:56.412-05:00 DEBUG 27472 --- [           main] o.h.e.i.AbstractFlushingEventListener    : Flushed: 0 insertions, 0 updates, 0 deletions to 2 objects
2023-11-28T22:11:56.412-05:00 DEBUG 27472 --- [           main] o.h.e.i.AbstractFlushingEventListener    : Flushed: 0 (re)creations, 0 updates, 0 removals to 0 collections
2023-11-28T22:11:56.412-05:00 DEBUG 27472 --- [           main] o.hibernate.internal.util.EntityPrinter  : Listing entities:
2023-11-28T22:11:56.412-05:00 DEBUG 27472 --- [           main] o.hibernate.internal.util.EntityPrinter  : com.cash_flow_app.apicashflow.entities_repositories_and_services.base.authority.Authority{endpoint=Account, permission=CREATE, id=9aaf7d40-45f6-4ab6-90a9-a23f4c1b5f2f}
2023-11-28T22:11:56.412-05:00 DEBUG 27472 --- [           main] o.hibernate.internal.util.EntityPrinter  : com.cash_flow_app.apicashflow.entities_repositories_and_services.base.authority.Authority{endpoint=Account, permission=READ, id=b14a62f4-d04f-422a-a2a3-1f80e2635352}
2023-11-28T22:11:56.412-05:00 DEBUG 27472 --- [           main] org.hibernate.orm.sql.exec               : Skipping reading Query result cache data: cache-enabled = false, cache-mode = NORMAL
2023-11-28T22:11:56.412-05:00 DEBUG 27472 --- [           main] org.hibernate.orm.results                : Initializer list
2023-11-28T22:11:56.412-05:00 DEBUG 27472 --- [           main] org.hibernate.orm.results                :     com.cash_flow_app.apicashflow.entities_repositories_and_services.base.authority.Authority(35202161494041) -> EntityResultInitializer(com.cash_flow_app.apicashflow.entities_repositories_and_services.base.authority.Authority(35202161494041))@1536513407 (SingleTableEntityPersister(com.cash_flow_app.apicashflow.entities_repositories_and_services.base.authority.Authority))
2023-11-28T22:11:56.412-05:00 DEBUG 27472 --- [           main] org.hibernate.SQL                        : 
    select
        a1_0.id,
        a1_0.endpoint,
        a1_0.permission 
    from
        authorities a1_0 
    where
        a1_0.permission=? 
        and a1_0.endpoint=?
2023-11-28T22:11:56.413-05:00 DEBUG 27472 --- [           main] org.hibernate.orm.results                : Extracted JDBC value [0] - [363894b3-8bdc-4764-ad13-d91f872e1a95]
2023-11-28T22:11:56.413-05:00 DEBUG 27472 --- [           main] o.hibernate.orm.results.loading.entity   : (EntityResultInitializer) Hydrated EntityKey (com.cash_flow_app.apicashflow.entities_repositories_and_services.base.authority.Authority(35202161494041)): 363894b3-8bdc-4764-ad13-d91f872e1a95
2023-11-28T22:11:56.413-05:00 DEBUG 27472 --- [           main] o.hibernate.orm.results.loading.entity   : (EntityResultInitializer) Created new entity instance [com.cash_flow_app.apicashflow.entities_repositories_and_services.base.authority.Authority(35202161494041)#363894b3-8bdc-4764-ad13-d91f872e1a95] : com.cash_flow_app.apicashflow.entities_repositories_and_services.base.authority.Authority@165348d0
2023-11-28T22:11:56.413-05:00 DEBUG 27472 --- [           main] org.hibernate.orm.results                : Extracted JDBC value [1] - [Account]
2023-11-28T22:11:56.413-05:00 DEBUG 27472 --- [           main] org.hibernate.orm.results                : Extracted JDBC value [2] - [DELETE]
2023-11-28T22:11:56.413-05:00 DEBUG 27472 --- [           main] o.hibernate.orm.results.loading.entity   : (EntityResultInitializer) Done materializing entityInstance : com.cash_flow_app.apicashflow.entities_repositories_and_services.base.authority.Authority(35202161494041)#363894b3-8bdc-4764-ad13-d91f872e1a95
2023-11-28T22:11:56.413-05:00 DEBUG 27472 --- [           main] org.hibernate.orm.results.loading        : Calling top-level assembler (0 / 1) : org.hibernate.sql.results.graph.entity.internal.EntityAssembler@679cd9c8
2023-11-28T22:11:56.414-05:00 DEBUG 27472 --- [           main] org.hibernate.orm.sql.ast.create         : Created new SQL alias : a1_0
2023-11-28T22:11:56.414-05:00 DEBUG 27472 --- [           main] org.hibernate.orm.sql.ast.create         : Registration of TableGroup [StandardTableGroup(com.cash_flow_app.apicashflow.entities_repositories_and_services.base.authority.Authority(35202161494041))] with identifierForTableGroup [com.cash_flow_app.apicashflow.entities_repositories_and_services.base.authority.Authority] for NavigablePath [com.cash_flow_app.apicashflow.entities_repositories_and_services.base.authority.Authority] 
2023-11-28T22:11:56.414-05:00 DEBUG 27472 --- [           main] o.h.q.sqm.sql.BaseSqmToSqlAstConverter   : Determining mapping-model type for SqmParameter : org.hibernate.query.sqm.tree.expression.SqmJpaCriteriaParameterWrapper@6a146acb
2023-11-28T22:11:56.414-05:00 DEBUG 27472 --- [           main] o.h.q.sqm.sql.BaseSqmToSqlAstConverter   : Determining mapping-model type for SqmPath : SqmBasicValuedSimplePath(com.cash_flow_app.apicashflow.entities_repositories_and_services.base.authority.Authority(35202161494041).permission) 
2023-11-28T22:11:56.414-05:00 DEBUG 27472 --- [           main] o.h.q.sqm.sql.BaseSqmToSqlAstConverter   : Determining mapping-model type for SqmParameter : org.hibernate.query.sqm.tree.expression.SqmJpaCriteriaParameterWrapper@5fcd665d
2023-11-28T22:11:56.414-05:00 DEBUG 27472 --- [           main] o.h.q.sqm.sql.BaseSqmToSqlAstConverter   : Determining mapping-model type for SqmPath : SqmBasicValuedSimplePath(com.cash_flow_app.apicashflow.entities_repositories_and_services.base.authority.Authority(35202161494041).endpoint) 
2023-11-28T22:11:56.414-05:00 DEBUG 27472 --- [           main] org.hibernate.orm.results.graph.AST      : DomainResult Graph:
 \-EntityResultImpl [com.cash_flow_app.apicashflow.entities_repositories_and_services.base.authority.Authority(35202161494041)]
 |  +-BasicFetch [com.cash_flow_app.apicashflow.entities_repositories_and_services.base.authority.Authority(35202161494041).endpoint]
 |  \-BasicFetch [com.cash_flow_app.apicashflow.entities_repositories_and_services.base.authority.Authority(35202161494041).permission]

2023-11-28T22:11:56.414-05:00 DEBUG 27472 --- [           main] org.hibernate.orm.sql.ast.tree           : SQL AST Tree:
    SelectStatement {
      FromClause {
        StandardTableGroup (a1 : com.cash_flow_app.apicashflow.entities_repositories_and_services.base.authority.Authority(35202161494041)) {
          primaryTableReference : authorities as a1_0
        }
      }
    }

2023-11-28T22:11:56.414-05:00 DEBUG 27472 --- [           main] o.h.e.i.AbstractFlushingEventListener    : Processing flush-time cascades
2023-11-28T22:11:56.414-05:00 DEBUG 27472 --- [           main] o.h.e.i.AbstractFlushingEventListener    : Dirty checking collections
2023-11-28T22:11:56.414-05:00 DEBUG 27472 --- [           main] o.h.e.i.AbstractFlushingEventListener    : Flushed: 0 insertions, 0 updates, 0 deletions to 3 objects
2023-11-28T22:11:56.414-05:00 DEBUG 27472 --- [           main] o.h.e.i.AbstractFlushingEventListener    : Flushed: 0 (re)creations, 0 updates, 0 removals to 0 collections
2023-11-28T22:11:56.414-05:00 DEBUG 27472 --- [           main] o.hibernate.internal.util.EntityPrinter  : Listing entities:
2023-11-28T22:11:56.414-05:00 DEBUG 27472 --- [           main] o.hibernate.internal.util.EntityPrinter  : com.cash_flow_app.apicashflow.entities_repositories_and_services.base.authority.Authority{endpoint=Account, permission=DELETE, id=363894b3-8bdc-4764-ad13-d91f872e1a95}
2023-11-28T22:11:56.414-05:00 DEBUG 27472 --- [           main] o.hibernate.internal.util.EntityPrinter  : com.cash_flow_app.apicashflow.entities_repositories_and_services.base.authority.Authority{endpoint=Account, permission=CREATE, id=9aaf7d40-45f6-4ab6-90a9-a23f4c1b5f2f}
2023-11-28T22:11:56.414-05:00 DEBUG 27472 --- [           main] o.hibernate.internal.util.EntityPrinter  : com.cash_flow_app.apicashflow.entities_repositories_and_services.base.authority.Authority{endpoint=Account, permission=READ, id=b14a62f4-d04f-422a-a2a3-1f80e2635352}
2023-11-28T22:11:56.414-05:00 DEBUG 27472 --- [           main] org.hibernate.orm.sql.exec               : Skipping reading Query result cache data: cache-enabled = false, cache-mode = NORMAL
2023-11-28T22:11:56.414-05:00 DEBUG 27472 --- [           main] org.hibernate.orm.results                : Initializer list
2023-11-28T22:11:56.414-05:00 DEBUG 27472 --- [           main] org.hibernate.orm.results                :     com.cash_flow_app.apicashflow.entities_repositories_and_services.base.authority.Authority(35202161494041) -> EntityResultInitializer(com.cash_flow_app.apicashflow.entities_repositories_and_services.base.authority.Authority(35202161494041))@801597836 (SingleTableEntityPersister(com.cash_flow_app.apicashflow.entities_repositories_and_services.base.authority.Authority))
2023-11-28T22:11:56.414-05:00 DEBUG 27472 --- [           main] org.hibernate.SQL                        : 
    select
        a1_0.id,
        a1_0.endpoint,
        a1_0.permission 
    from
        authorities a1_0 
    where
        a1_0.permission=? 
        and a1_0.endpoint=?
2023-11-28T22:11:56.415-05:00 DEBUG 27472 --- [           main] org.hibernate.orm.results                : Extracted JDBC value [0] - [f4f135be-a2b5-48d1-a9d0-2b14e82cc373]
2023-11-28T22:11:56.415-05:00 DEBUG 27472 --- [           main] o.hibernate.orm.results.loading.entity   : (EntityResultInitializer) Hydrated EntityKey (com.cash_flow_app.apicashflow.entities_repositories_and_services.base.authority.Authority(35202161494041)): f4f135be-a2b5-48d1-a9d0-2b14e82cc373
2023-11-28T22:11:56.415-05:00 DEBUG 27472 --- [           main] o.hibernate.orm.results.loading.entity   : (EntityResultInitializer) Created new entity instance [com.cash_flow_app.apicashflow.entities_repositories_and_services.base.authority.Authority(35202161494041)#f4f135be-a2b5-48d1-a9d0-2b14e82cc373] : com.cash_flow_app.apicashflow.entities_repositories_and_services.base.authority.Authority@4b2c1cbf
2023-11-28T22:11:56.415-05:00 DEBUG 27472 --- [           main] org.hibernate.orm.results                : Extracted JDBC value [1] - [User]
2023-11-28T22:11:56.415-05:00 DEBUG 27472 --- [           main] org.hibernate.orm.results                : Extracted JDBC value [2] - [CREATE]
2023-11-28T22:11:56.415-05:00 DEBUG 27472 --- [           main] o.hibernate.orm.results.loading.entity   : (EntityResultInitializer) Done materializing entityInstance : com.cash_flow_app.apicashflow.entities_repositories_and_services.base.authority.Authority(35202161494041)#f4f135be-a2b5-48d1-a9d0-2b14e82cc373
2023-11-28T22:11:56.415-05:00 DEBUG 27472 --- [           main] org.hibernate.orm.results.loading        : Calling top-level assembler (0 / 1) : org.hibernate.sql.results.graph.entity.internal.EntityAssembler@5f33875f
2023-11-28T22:11:56.415-05:00 DEBUG 27472 --- [           main] org.hibernate.orm.sql.ast.create         : Created new SQL alias : a1_0
2023-11-28T22:11:56.415-05:00 DEBUG 27472 --- [           main] org.hibernate.orm.sql.ast.create         : Registration of TableGroup [StandardTableGroup(com.cash_flow_app.apicashflow.entities_repositories_and_services.base.authority.Authority(35202161494041))] with identifierForTableGroup [com.cash_flow_app.apicashflow.entities_repositories_and_services.base.authority.Authority] for NavigablePath [com.cash_flow_app.apicashflow.entities_repositories_and_services.base.authority.Authority] 
2023-11-28T22:11:56.415-05:00 DEBUG 27472 --- [           main] o.h.q.sqm.sql.BaseSqmToSqlAstConverter   : Determining mapping-model type for SqmParameter : org.hibernate.query.sqm.tree.expression.SqmJpaCriteriaParameterWrapper@1613d1c
2023-11-28T22:11:56.415-05:00 DEBUG 27472 --- [           main] o.h.q.sqm.sql.BaseSqmToSqlAstConverter   : Determining mapping-model type for SqmPath : SqmBasicValuedSimplePath(com.cash_flow_app.apicashflow.entities_repositories_and_services.base.authority.Authority(35202161494041).permission) 
2023-11-28T22:11:56.416-05:00 DEBUG 27472 --- [           main] o.h.q.sqm.sql.BaseSqmToSqlAstConverter   : Determining mapping-model type for SqmParameter : org.hibernate.query.sqm.tree.expression.SqmJpaCriteriaParameterWrapper@2465e8be
2023-11-28T22:11:56.416-05:00 DEBUG 27472 --- [           main] o.h.q.sqm.sql.BaseSqmToSqlAstConverter   : Determining mapping-model type for SqmPath : SqmBasicValuedSimplePath(com.cash_flow_app.apicashflow.entities_repositories_and_services.base.authority.Authority(35202161494041).endpoint) 
2023-11-28T22:11:56.416-05:00 DEBUG 27472 --- [           main] org.hibernate.orm.results.graph.AST      : DomainResult Graph:
 \-EntityResultImpl [com.cash_flow_app.apicashflow.entities_repositories_and_services.base.authority.Authority(35202161494041)]
 |  +-BasicFetch [com.cash_flow_app.apicashflow.entities_repositories_and_services.base.authority.Authority(35202161494041).endpoint]
 |  \-BasicFetch [com.cash_flow_app.apicashflow.entities_repositories_and_services.base.authority.Authority(35202161494041).permission]

2023-11-28T22:11:56.416-05:00 DEBUG 27472 --- [           main] org.hibernate.orm.sql.ast.tree           : SQL AST Tree:
    SelectStatement {
      FromClause {
        StandardTableGroup (a1 : com.cash_flow_app.apicashflow.entities_repositories_and_services.base.authority.Authority(35202161494041)) {
          primaryTableReference : authorities as a1_0
        }
      }
    }

2023-11-28T22:11:56.416-05:00 DEBUG 27472 --- [           main] o.h.e.i.AbstractFlushingEventListener    : Processing flush-time cascades
2023-11-28T22:11:56.416-05:00 DEBUG 27472 --- [           main] o.h.e.i.AbstractFlushingEventListener    : Dirty checking collections
2023-11-28T22:11:56.416-05:00 DEBUG 27472 --- [           main] o.h.e.i.AbstractFlushingEventListener    : Flushed: 0 insertions, 0 updates, 0 deletions to 4 objects
2023-11-28T22:11:56.416-05:00 DEBUG 27472 --- [           main] o.h.e.i.AbstractFlushingEventListener    : Flushed: 0 (re)creations, 0 updates, 0 removals to 0 collections
2023-11-28T22:11:56.416-05:00 DEBUG 27472 --- [           main] o.hibernate.internal.util.EntityPrinter  : Listing entities:
2023-11-28T22:11:56.416-05:00 DEBUG 27472 --- [           main] o.hibernate.internal.util.EntityPrinter  : com.cash_flow_app.apicashflow.entities_repositories_and_services.base.authority.Authority{endpoint=User, permission=CREATE, id=f4f135be-a2b5-48d1-a9d0-2b14e82cc373}
2023-11-28T22:11:56.416-05:00 DEBUG 27472 --- [           main] o.hibernate.internal.util.EntityPrinter  : com.cash_flow_app.apicashflow.entities_repositories_and_services.base.authority.Authority{endpoint=Account, permission=DELETE, id=363894b3-8bdc-4764-ad13-d91f872e1a95}
2023-11-28T22:11:56.416-05:00 DEBUG 27472 --- [           main] o.hibernate.internal.util.EntityPrinter  : com.cash_flow_app.apicashflow.entities_repositories_and_services.base.authority.Authority{endpoint=Account, permission=CREATE, id=9aaf7d40-45f6-4ab6-90a9-a23f4c1b5f2f}
2023-11-28T22:11:56.416-05:00 DEBUG 27472 --- [           main] o.hibernate.internal.util.EntityPrinter  : com.cash_flow_app.apicashflow.entities_repositories_and_services.base.authority.Authority{endpoint=Account, permission=READ, id=b14a62f4-d04f-422a-a2a3-1f80e2635352}
2023-11-28T22:11:56.416-05:00 DEBUG 27472 --- [           main] org.hibernate.orm.sql.exec               : Skipping reading Query result cache data: cache-enabled = false, cache-mode = NORMAL
2023-11-28T22:11:56.416-05:00 DEBUG 27472 --- [           main] org.hibernate.orm.results                : Initializer list
2023-11-28T22:11:56.416-05:00 DEBUG 27472 --- [           main] org.hibernate.orm.results                :     com.cash_flow_app.apicashflow.entities_repositories_and_services.base.authority.Authority(35202161494041) -> EntityResultInitializer(com.cash_flow_app.apicashflow.entities_repositories_and_services.base.authority.Authority(35202161494041))@1332206542 (SingleTableEntityPersister(com.cash_flow_app.apicashflow.entities_repositories_and_services.base.authority.Authority))
2023-11-28T22:11:56.416-05:00 DEBUG 27472 --- [           main] org.hibernate.SQL                        : 
    select
        a1_0.id,
        a1_0.endpoint,
        a1_0.permission 
    from
        authorities a1_0 
    where
        a1_0.permission=? 
        and a1_0.endpoint=?
2023-11-28T22:11:56.416-05:00 DEBUG 27472 --- [           main] org.hibernate.orm.results                : Extracted JDBC value [0] - [35481739-2447-454f-8ec3-daf467bb2ae5]
2023-11-28T22:11:56.416-05:00 DEBUG 27472 --- [           main] o.hibernate.orm.results.loading.entity   : (EntityResultInitializer) Hydrated EntityKey (com.cash_flow_app.apicashflow.entities_repositories_and_services.base.authority.Authority(35202161494041)): 35481739-2447-454f-8ec3-daf467bb2ae5
2023-11-28T22:11:56.416-05:00 DEBUG 27472 --- [           main] o.hibernate.orm.results.loading.entity   : (EntityResultInitializer) Created new entity instance [com.cash_flow_app.apicashflow.entities_repositories_and_services.base.authority.Authority(35202161494041)#35481739-2447-454f-8ec3-daf467bb2ae5] : com.cash_flow_app.apicashflow.entities_repositories_and_services.base.authority.Authority@7c33252c
2023-11-28T22:11:56.416-05:00 DEBUG 27472 --- [           main] org.hibernate.orm.results                : Extracted JDBC value [1] - [User]
2023-11-28T22:11:56.416-05:00 DEBUG 27472 --- [           main] org.hibernate.orm.results                : Extracted JDBC value [2] - [READ]
2023-11-28T22:11:56.416-05:00 DEBUG 27472 --- [           main] o.hibernate.orm.results.loading.entity   : (EntityResultInitializer) Done materializing entityInstance : com.cash_flow_app.apicashflow.entities_repositories_and_services.base.authority.Authority(35202161494041)#35481739-2447-454f-8ec3-daf467bb2ae5
2023-11-28T22:11:56.417-05:00 DEBUG 27472 --- [           main] org.hibernate.orm.results.loading        : Calling top-level assembler (0 / 1) : org.hibernate.sql.results.graph.entity.internal.EntityAssembler@d7b38cf
2023-11-28T22:11:56.493-05:00 DEBUG 27472 --- [           main] o.s.orm.jpa.JpaTransactionManager        : Found thread-bound EntityManager [SessionImpl(2029572460<open>)] for JPA transaction
2023-11-28T22:11:56.493-05:00 DEBUG 27472 --- [           main] o.s.orm.jpa.JpaTransactionManager        : Participating in existing transaction
2023-11-28T22:11:56.494-05:00 DEBUG 27472 --- [           main] o.h.j.internal.PersistenceUnitUtilImpl   : jakarta.persistence.PersistenceUnitUtil.getIdentifier is only intended to work with enhanced entities (although Hibernate also adapts this support to its proxies); however the passed entity was not enhanced (nor a proxy).. may not be able to read identifier
2023-11-28T22:11:56.494-05:00 DEBUG 27472 --- [           main] o.h.e.i.AbstractSaveEventListener        : Generated identifier: 4fc05fd3-cbab-4688-bf61-2855e1869127, using strategy: org.hibernate.id.UUIDGenerator
2023-11-28T22:11:56.495-05:00 DEBUG 27472 --- [           main] o.s.w.s.m.m.a.HttpEntityMethodProcessor  : Using 'application/json', given [*/*] and supported [application/json, application/*+json]
2023-11-28T22:11:56.495-05:00 DEBUG 27472 --- [           main] o.s.w.s.m.m.a.HttpEntityMethodProcessor  : Writing [UserResponseDto(username=usuario_test, password=null, token_auth=eyJhbGciOiJIUzUxMiJ9.eyJzdWIiOiJ1c3 (truncated)...]
2023-11-28T22:11:56.495-05:00 DEBUG 27472 --- [           main] o.s.t.web.servlet.TestDispatcherServlet  : Completed 200 OK
2023-11-28T22:11:56.495-05:00 DEBUG 27472 --- [           main] o.s.test.util.ReflectionTestUtils        : Invoking method 'getFilters' on target object [FilterChainProxy[Filter Chains: [DefaultSecurityFilterChain [RequestMatcher=any request, Filters=[org.springframework.security.web.session.DisableEncodeUrlFilter@120e3ebb, org.springframework.security.web.session.ForceEagerSessionCreationFilter@753f1c3e, org.springframework.security.web.context.request.async.WebAsyncManagerIntegrationFilter@5e9af5d4, org.springframework.security.web.context.SecurityContextHolderFilter@1d18e5ad, org.springframework.security.web.header.HeaderWriterFilter@73b68d98, org.springframework.web.filter.CorsFilter@7863e6b2, org.springframework.security.web.authentication.logout.LogoutFilter@1e5a8278, JWTAuthorizationFilter(loginService=com.cash_flow_app.apicashflow.entities_repositories_and_services.base.security.LoginService@508b9c16), com.cash_flow_app.apicashflow.entities_repositories_and_services.base.security.JWTAuthenticationFilter@6fd2b939, org.springframework.security.web.savedrequest.RequestCacheAwareFilter@11def039, org.springframework.security.web.servletapi.SecurityContextHolderAwareRequestFilter@564375d7, org.springframework.security.web.authentication.AnonymousAuthenticationFilter@c4aa99e, org.springframework.security.web.session.SessionManagementFilter@69af6978, org.springframework.security.web.access.ExceptionTranslationFilter@4469046b, org.springframework.security.web.access.intercept.AuthorizationFilter@588d2e90]]]]] or target class [null] with arguments {org.springframework.mock.web.MockHttpServletRequest@9a38c90}
2023-11-28T22:11:56.495-05:00 DEBUG 27472 --- [           main] o.s.test.util.ReflectionTestUtils        : Invoking method 'getFilters' on target object [FilterChainProxy[Filter Chains: [DefaultSecurityFilterChain [RequestMatcher=any request, Filters=[org.springframework.security.web.session.DisableEncodeUrlFilter@120e3ebb, org.springframework.security.web.session.ForceEagerSessionCreationFilter@753f1c3e, org.springframework.security.web.context.request.async.WebAsyncManagerIntegrationFilter@5e9af5d4, org.springframework.security.web.context.SecurityContextHolderFilter@1d18e5ad, org.springframework.security.web.header.HeaderWriterFilter@73b68d98, org.springframework.web.filter.CorsFilter@7863e6b2, org.springframework.security.web.authentication.logout.LogoutFilter@1e5a8278, JWTAuthorizationFilter(loginService=com.cash_flow_app.apicashflow.entities_repositories_and_services.base.security.LoginService@508b9c16), com.cash_flow_app.apicashflow.entities_repositories_and_services.base.security.JWTAuthenticationFilter@6fd2b939, org.springframework.security.web.savedrequest.RequestCacheAwareFilter@11def039, org.springframework.security.web.servletapi.SecurityContextHolderAwareRequestFilter@564375d7, org.springframework.security.web.authentication.AnonymousAuthenticationFilter@c4aa99e, org.springframework.security.web.session.SessionManagementFilter@69af6978, org.springframework.security.web.access.ExceptionTranslationFilter@4469046b, org.springframework.security.web.access.intercept.AuthorizationFilter@588d2e90]]]]] or target class [null] with arguments {org.springframework.mock.web.MockHttpServletRequest@9a38c90}
2023-11-28T22:11:56.496-05:00 DEBUG 27472 --- [           main] o.s.test.util.ReflectionTestUtils        : Invoking method 'getFilters' on target object [FilterChainProxy[Filter Chains: [DefaultSecurityFilterChain [RequestMatcher=any request, Filters=[org.springframework.security.web.session.DisableEncodeUrlFilter@120e3ebb, org.springframework.security.web.session.ForceEagerSessionCreationFilter@753f1c3e, org.springframework.security.web.context.request.async.WebAsyncManagerIntegrationFilter@5e9af5d4, org.springframework.security.web.context.SecurityContextHolderFilter@1d18e5ad, org.springframework.security.web.header.HeaderWriterFilter@73b68d98, org.springframework.web.filter.CorsFilter@7863e6b2, org.springframework.security.web.authentication.logout.LogoutFilter@1e5a8278, JWTAuthorizationFilter(loginService=com.cash_flow_app.apicashflow.entities_repositories_and_services.base.security.LoginService@508b9c16), com.cash_flow_app.apicashflow.entities_repositories_and_services.base.security.JWTAuthenticationFilter@6fd2b939, org.springframework.security.web.savedrequest.RequestCacheAwareFilter@11def039, org.springframework.security.web.servletapi.SecurityContextHolderAwareRequestFilter@564375d7, org.springframework.security.web.authentication.AnonymousAuthenticationFilter@c4aa99e, org.springframework.security.web.session.SessionManagementFilter@69af6978, org.springframework.security.web.access.ExceptionTranslationFilter@4469046b, org.springframework.security.web.access.intercept.AuthorizationFilter@588d2e90]]]]] or target class [null] with arguments {org.springframework.mock.web.MockHttpServletRequest@9a38c90}
2023-11-28T22:11:56.496-05:00 DEBUG 27472 --- [           main] o.s.security.web.FilterChainProxy        : Securing POST /api/v1/user/login
2023-11-28T22:11:56.496-05:00 DEBUG 27472 --- [           main] .s.s.w.s.ForceEagerSessionCreationFilter : Created session eagerly
2023-11-28T22:11:56.497-05:00 DEBUG 27472 --- [           main] org.hibernate.orm.sql.ast.create         : Created new SQL alias : u1_0
2023-11-28T22:11:56.497-05:00 DEBUG 27472 --- [           main] org.hibernate.orm.sql.ast.create         : Registration of TableGroup [StandardTableGroup(com.cash_flow_app.apicashflow.entities_repositories_and_services.base.user.User(35202153502500))] with identifierForTableGroup [com.cash_flow_app.apicashflow.entities_repositories_and_services.base.user.User] for NavigablePath [com.cash_flow_app.apicashflow.entities_repositories_and_services.base.user.User] 
2023-11-28T22:11:56.497-05:00 DEBUG 27472 --- [           main] o.h.q.sqm.sql.BaseSqmToSqlAstConverter   : Determining mapping-model type for SqmParameter : org.hibernate.query.sqm.tree.expression.SqmJpaCriteriaParameterWrapper@245a06f4
2023-11-28T22:11:56.497-05:00 DEBUG 27472 --- [           main] o.h.q.sqm.sql.BaseSqmToSqlAstConverter   : Determining mapping-model type for SqmPath : SqmBasicValuedSimplePath(com.cash_flow_app.apicashflow.entities_repositories_and_services.base.user.User(35202153502500).username) 
2023-11-28T22:11:56.497-05:00 DEBUG 27472 --- [           main] org.hibernate.orm.results.graph.AST      : DomainResult Graph:
 \-EntityResultImpl [com.cash_flow_app.apicashflow.entities_repositories_and_services.base.user.User(35202153502500)]
 |  +-SelectEagerCollectionFetch [com.cash_flow_app.apicashflow.entities_repositories_and_services.base.user.User(35202153502500).accounts]
 |  +-SelectEagerCollectionFetch [com.cash_flow_app.apicashflow.entities_repositories_and_services.base.user.User(35202153502500).authorities]
 |  +-BasicFetch [com.cash_flow_app.apicashflow.entities_repositories_and_services.base.user.User(35202153502500).password]
 |  \-BasicFetch [com.cash_flow_app.apicashflow.entities_repositories_and_services.base.user.User(35202153502500).username]

2023-11-28T22:11:56.497-05:00 DEBUG 27472 --- [           main] org.hibernate.orm.sql.ast.tree           : SQL AST Tree:
    SelectStatement {
      FromClause {
        StandardTableGroup (u1 : com.cash_flow_app.apicashflow.entities_repositories_and_services.base.user.User(35202153502500)) {
          primaryTableReference : users as u1_0
        }
      }
    }

2023-11-28T22:11:56.497-05:00 DEBUG 27472 --- [           main] o.h.e.i.AbstractFlushingEventListener    : Processing flush-time cascades
2023-11-28T22:11:56.497-05:00 DEBUG 27472 --- [           main] o.h.e.i.AbstractFlushingEventListener    : Dirty checking collections
2023-11-28T22:11:56.497-05:00 DEBUG 27472 --- [           main] o.hibernate.engine.internal.Collections  : Collection found: [com.cash_flow_app.apicashflow.entities_repositories_and_services.base.user.User.authorities#4fc05fd3-cbab-4688-bf61-2855e1869127], was: [<unreferenced>] (initialized)
2023-11-28T22:11:56.497-05:00 DEBUG 27472 --- [           main] o.h.e.i.AbstractFlushingEventListener    : Flushed: 1 insertions, 0 updates, 0 deletions to 6 objects
2023-11-28T22:11:56.497-05:00 DEBUG 27472 --- [           main] o.h.e.i.AbstractFlushingEventListener    : Flushed: 1 (re)creations, 0 updates, 0 removals to 1 collections
2023-11-28T22:11:56.497-05:00 DEBUG 27472 --- [           main] o.hibernate.internal.util.EntityPrinter  : Listing entities:
2023-11-28T22:11:56.497-05:00 DEBUG 27472 --- [           main] o.hibernate.internal.util.EntityPrinter  : com.cash_flow_app.apicashflow.entities_repositories_and_services.base.authority.Authority{endpoint=User, permission=CREATE, id=f4f135be-a2b5-48d1-a9d0-2b14e82cc373}
2023-11-28T22:11:56.497-05:00 DEBUG 27472 --- [           main] o.hibernate.internal.util.EntityPrinter  : com.cash_flow_app.apicashflow.entities_repositories_and_services.base.authority.Authority{endpoint=User, permission=READ, id=35481739-2447-454f-8ec3-daf467bb2ae5}
2023-11-28T22:11:56.497-05:00 DEBUG 27472 --- [           main] o.hibernate.internal.util.EntityPrinter  : com.cash_flow_app.apicashflow.entities_repositories_and_services.base.authority.Authority{endpoint=Account, permission=DELETE, id=363894b3-8bdc-4764-ad13-d91f872e1a95}
2023-11-28T22:11:56.497-05:00 DEBUG 27472 --- [           main] o.hibernate.internal.util.EntityPrinter  : com.cash_flow_app.apicashflow.entities_repositories_and_services.base.authority.Authority{endpoint=Account, permission=CREATE, id=9aaf7d40-45f6-4ab6-90a9-a23f4c1b5f2f}
2023-11-28T22:11:56.497-05:00 DEBUG 27472 --- [           main] o.hibernate.internal.util.EntityPrinter  : com.cash_flow_app.apicashflow.entities_repositories_and_services.base.authority.Authority{endpoint=Account, permission=READ, id=b14a62f4-d04f-422a-a2a3-1f80e2635352}
2023-11-28T22:11:56.497-05:00 DEBUG 27472 --- [           main] o.hibernate.internal.util.EntityPrinter  : com.cash_flow_app.apicashflow.entities_repositories_and_services.base.user.User{password=$2a$10$TOePUMmIuTXnHuWfZReRheOxLoBBqcwBI7aOj2bUhRGPtLlq8FE2a, id=4fc05fd3-cbab-4688-bf61-2855e1869127, accounts=null, authorities=[com.cash_flow_app.apicashflow.entities_repositories_and_services.base.authority.Authority#9aaf7d40-45f6-4ab6-90a9-a23f4c1b5f2f, com.cash_flow_app.apicashflow.entities_repositories_and_services.base.authority.Authority#b14a62f4-d04f-422a-a2a3-1f80e2635352, com.cash_flow_app.apicashflow.entities_repositories_and_services.base.authority.Authority#363894b3-8bdc-4764-ad13-d91f872e1a95, com.cash_flow_app.apicashflow.entities_repositories_and_services.base.authority.Authority#f4f135be-a2b5-48d1-a9d0-2b14e82cc373, com.cash_flow_app.apicashflow.entities_repositories_and_services.base.authority.Authority#35481739-2447-454f-8ec3-daf467bb2ae5], username=usuario_test}
2023-11-28T22:11:56.497-05:00 DEBUG 27472 --- [           main] org.hibernate.engine.spi.ActionQueue     : Changes must be flushed to space: users
2023-11-28T22:11:56.497-05:00 DEBUG 27472 --- [           main] org.hibernate.SQL                        : 
    insert 
    into
        users
        (password, username, id) 
    values
        (?, ?, ?)
2023-11-28T22:11:56.498-05:00 DEBUG 27472 --- [           main] o.h.p.c.AbstractCollectionPersister      : Inserting collection: [com.cash_flow_app.apicashflow.entities_repositories_and_services.base.user.User.authorities#4fc05fd3-cbab-4688-bf61-2855e1869127]
2023-11-28T22:11:56.498-05:00 DEBUG 27472 --- [           main] org.hibernate.SQL                        : 
    insert 
    into
        user_authority
        (user_id, authority_id) 
    values
        (?, ?)
2023-11-28T22:11:56.498-05:00 DEBUG 27472 --- [           main] org.hibernate.SQL                        : 
    insert 
    into
        user_authority
        (user_id, authority_id) 
    values
        (?, ?)
2023-11-28T22:11:56.499-05:00 DEBUG 27472 --- [           main] org.hibernate.SQL                        : 
    insert 
    into
        user_authority
        (user_id, authority_id) 
    values
        (?, ?)
2023-11-28T22:11:56.499-05:00 DEBUG 27472 --- [           main] org.hibernate.SQL                        : 
    insert 
    into
        user_authority
        (user_id, authority_id) 
    values
        (?, ?)
2023-11-28T22:11:56.500-05:00 DEBUG 27472 --- [           main] org.hibernate.SQL                        : 
    insert 
    into
        user_authority
        (user_id, authority_id) 
    values
        (?, ?)
2023-11-28T22:11:56.500-05:00 DEBUG 27472 --- [           main] o.h.p.c.AbstractCollectionPersister      : Done inserting collection: 5 rows inserted
2023-11-28T22:11:56.500-05:00 DEBUG 27472 --- [           main] org.hibernate.orm.sql.exec               : Skipping reading Query result cache data: cache-enabled = false, cache-mode = NORMAL
2023-11-28T22:11:56.500-05:00 DEBUG 27472 --- [           main] org.hibernate.orm.results                : Initializer list
2023-11-28T22:11:56.500-05:00 DEBUG 27472 --- [           main] org.hibernate.orm.results                :     com.cash_flow_app.apicashflow.entities_repositories_and_services.base.user.User(35202153502500).accounts -> SelectEagerCollectionInitializer(com.cash_flow_app.apicashflow.entities_repositories_and_services.base.user.User(35202153502500).accounts)@1987242591 (PluralAttribute(com.cash_flow_app.apicashflow.entities_repositories_and_services.base.user.User.accounts))
2023-11-28T22:11:56.500-05:00 DEBUG 27472 --- [           main] org.hibernate.orm.results                :     com.cash_flow_app.apicashflow.entities_repositories_and_services.base.user.User(35202153502500).authorities -> SelectEagerCollectionInitializer(com.cash_flow_app.apicashflow.entities_repositories_and_services.base.user.User(35202153502500).authorities)@1795760930 (PluralAttribute(com.cash_flow_app.apicashflow.entities_repositories_and_services.base.user.User.authorities))
2023-11-28T22:11:56.500-05:00 DEBUG 27472 --- [           main] org.hibernate.orm.results                :     com.cash_flow_app.apicashflow.entities_repositories_and_services.base.user.User(35202153502500) -> EntityResultInitializer(com.cash_flow_app.apicashflow.entities_repositories_and_services.base.user.User(35202153502500))@583910264 (SingleTableEntityPersister(com.cash_flow_app.apicashflow.entities_repositories_and_services.base.user.User))
2023-11-28T22:11:56.500-05:00 DEBUG 27472 --- [           main] org.hibernate.SQL                        : 
    select
        u1_0.id,
        u1_0.password,
        u1_0.username 
    from
        users u1_0 
    where
        u1_0.username=?
2023-11-28T22:11:56.501-05:00 DEBUG 27472 --- [           main] org.hibernate.orm.results                : Extracted JDBC value [0] - [4fc05fd3-cbab-4688-bf61-2855e1869127]
2023-11-28T22:11:56.501-05:00 DEBUG 27472 --- [           main] o.hibernate.orm.results.loading.entity   : (EntityResultInitializer) Hydrated EntityKey (com.cash_flow_app.apicashflow.entities_repositories_and_services.base.user.User(35202153502500)): 4fc05fd3-cbab-4688-bf61-2855e1869127
2023-11-28T22:11:56.501-05:00 DEBUG 27472 --- [           main] o.h.o.r.l.o.h.o.r.loading.collection     : (DelayedCollectionInitializer) Current row collection key : com.cash_flow_app.apicashflow.entities_repositories_and_services.base.user.User(35202153502500).accounts#4fc05fd3-cbab-4688-bf61-2855e1869127
2023-11-28T22:11:56.501-05:00 DEBUG 27472 --- [           main] o.h.o.r.l.o.h.o.r.loading.collection     : (DelayedCollectionInitializer) Current row collection key : com.cash_flow_app.apicashflow.entities_repositories_and_services.base.user.User(35202153502500).authorities#4fc05fd3-cbab-4688-bf61-2855e1869127
2023-11-28T22:11:56.501-05:00 DEBUG 27472 --- [           main] org.hibernate.orm.results.loading        : Calling top-level assembler (0 / 1) : org.hibernate.sql.results.graph.entity.internal.EntityAssembler@56d70e0d
2023-11-28T22:11:56.501-05:00 DEBUG 27472 --- [           main] org.hibernate.orm.results.graph.AST      : DomainResult Graph:
 \-CollectionDomainResult [com.cash_flow_app.apicashflow.entities_repositories_and_services.base.user.User.accounts]

2023-11-28T22:11:56.501-05:00 DEBUG 27472 --- [           main] org.hibernate.orm.sql.ast.tree           : SQL AST Tree:
    SelectStatement {
      FromClause {
        CollectionTableGroup (a1 : com.cash_flow_app.apicashflow.entities_repositories_and_services.base.user.User.accounts) {
          primaryTableReference : user_account as a1_0
          NestedTableGroupJoins {
             join LazyTableGroup (a1 : com.cash_flow_app.apicashflow.entities_repositories_and_services.base.user.User.accounts.{element}) {
              primaryTableReference : accounts as a1_1
            }
          }
        }
      }
    }

2023-11-28T22:11:56.501-05:00 DEBUG 27472 --- [           main] org.hibernate.orm.sql.exec               : Skipping reading Query result cache data: cache-enabled = false, cache-mode = IGNORE
2023-11-28T22:11:56.501-05:00 DEBUG 27472 --- [           main] org.hibernate.orm.results                : Initializer list
2023-11-28T22:11:56.501-05:00 DEBUG 27472 --- [           main] org.hibernate.orm.results                :     com.cash_flow_app.apicashflow.entities_repositories_and_services.base.user.User.accounts.{element}.incomes_expenses -> SelectEagerCollectionInitializer(com.cash_flow_app.apicashflow.entities_repositories_and_services.base.user.User.accounts.{element}.incomes_expenses)@2045549953 (PluralAttribute(com.cash_flow_app.apicashflow.entities_repositories_and_services.base.account.Account.incomes_expenses))
2023-11-28T22:11:56.501-05:00 DEBUG 27472 --- [           main] org.hibernate.orm.results                :     com.cash_flow_app.apicashflow.entities_repositories_and_services.base.user.User.accounts.{element}.users -> SelectEagerCollectionInitializer(com.cash_flow_app.apicashflow.entities_repositories_and_services.base.user.User.accounts.{element}.users)@1043691753 (PluralAttribute(com.cash_flow_app.apicashflow.entities_repositories_and_services.base.account.Account.users))
2023-11-28T22:11:56.501-05:00 DEBUG 27472 --- [           main] org.hibernate.orm.results                :     com.cash_flow_app.apicashflow.entities_repositories_and_services.base.user.User.accounts.{element} -> EntityJoinedFetchInitializer(com.cash_flow_app.apicashflow.entities_repositories_and_services.base.user.User.accounts.{element})@1254998832 (EntityCollectionPart(NavigableRole[com.cash_flow_app.apicashflow.entities_repositories_and_services.base.user.User.accounts#{element}])@624685600)
2023-11-28T22:11:56.501-05:00 DEBUG 27472 --- [           main] org.hibernate.orm.results                :     com.cash_flow_app.apicashflow.entities_repositories_and_services.base.user.User.accounts -> BagInitializer(com.cash_flow_app.apicashflow.entities_repositories_and_services.base.user.User.accounts)@612637442 (PluralAttribute(com.cash_flow_app.apicashflow.entities_repositories_and_services.base.user.User.accounts))
2023-11-28T22:11:56.501-05:00 DEBUG 27472 --- [           main] org.hibernate.SQL                        : 
    select
        a1_0.user_id,
        a1_1.id,
        a1_1.description 
    from
        user_account a1_0 
    join
        accounts a1_1 
            on a1_1.id=a1_0.account_id 
    where
        a1_0.user_id=?
2023-11-28T22:11:56.501-05:00 DEBUG 27472 --- [           main] o.h.sql.results.internal.ResultsHelper   : Collection fully initialized: [com.cash_flow_app.apicashflow.entities_repositories_and_services.base.user.User.accounts#4fc05fd3-cbab-4688-bf61-2855e1869127]
2023-11-28T22:11:56.576-05:00 DEBUG 27472 --- [           main] o.s.s.a.dao.DaoAuthenticationProvider    : Authenticated user

MockHttpServletRequest:
      HTTP Method = POST
      Request URI = /api/v1/user/login
       Parameters = {_csrf=[J7s2mZXvfUn5J8E12a2V-mEr4YcrpkUHqhNlx8VS6if81eNlFIhQ_6DcH3rUFvRR74ChyVRJzOVJwHIqm3FT8qAzjhCf4oJT]}
          Headers = [Content-Type:"application/json;charset=UTF-8", Content-Length:"52"]
             Body = { "username": "usuario_test", "password": "123456" }
    Session Attrs = {}

Handler:
             Type = null

Async:
    Async started = false
     Async result = null

Resolved Exception:
             Type = null

ModelAndView:
        View name = null
             View = null
            Model = null

FlashMap:
       Attributes = null

MockHttpServletResponse:
           Status = 200
    Error message = null
          Headers = [Vary:"Origin", "Access-Control-Request-Method", "Access-Control-Request-Headers", Authorization:"Bearer eyJhbGciOiJIUzUxMiJ9.eyJzdWIiOiJ1c3VhcmlvX3Rlc3QiLCJleHAiOjE3MDM4MTk1MTZ9.l6DN9L0InVbUiu8VUQUEZBevB0d6b6zYwWzlFbQsUInKKLgH5z3DE_okrlRNDrVFkHJD_tYqVFtk1Jd1GUv4mQ", Access-Control-Expose-Headers:"Authorization", X-Content-Type-Options:"nosniff", X-XSS-Protection:"0", Cache-Control:"no-cache, no-store, max-age=0, must-revalidate", Pragma:"no-cache", Expires:"0", X-Frame-Options:"DENY"]
     Content type = null
             Body = 
    Forwarded URL = null
   Redirected URL = null
          Cookies = []
2023-11-28T22:11:56.578-05:00 DEBUG 27472 --- [           main] org.springframework.test.context.cache   : Spring test ApplicationContext cache statistics: [DefaultContextCache@8caffbd size = 3, maxSize = 32, parentContextCount = 0, hitCount = 233, missCount = 3]
2023-11-28T22:11:56.580-05:00 DEBUG 27472 --- [           main] o.s.test.util.ReflectionTestUtils        : Invoking method 'getFilters' on target object [FilterChainProxy[Filter Chains: [DefaultSecurityFilterChain [RequestMatcher=any request, Filters=[org.springframework.security.web.session.DisableEncodeUrlFilter@120e3ebb, org.springframework.security.web.session.ForceEagerSessionCreationFilter@753f1c3e, org.springframework.security.web.context.request.async.WebAsyncManagerIntegrationFilter@5e9af5d4, org.springframework.security.web.context.SecurityContextHolderFilter@1d18e5ad, org.springframework.security.web.header.HeaderWriterFilter@73b68d98, org.springframework.web.filter.CorsFilter@7863e6b2, org.springframework.security.web.authentication.logout.LogoutFilter@1e5a8278, JWTAuthorizationFilter(loginService=com.cash_flow_app.apicashflow.entities_repositories_and_services.base.security.LoginService@508b9c16), com.cash_flow_app.apicashflow.entities_repositories_and_services.base.security.JWTAuthenticationFilter@6fd2b939, org.springframework.security.web.savedrequest.RequestCacheAwareFilter@11def039, org.springframework.security.web.servletapi.SecurityContextHolderAwareRequestFilter@564375d7, org.springframework.security.web.authentication.AnonymousAuthenticationFilter@c4aa99e, org.springframework.security.web.session.SessionManagementFilter@69af6978, org.springframework.security.web.access.ExceptionTranslationFilter@4469046b, org.springframework.security.web.access.intercept.AuthorizationFilter@588d2e90]]]]] or target class [null] with arguments {org.springframework.mock.web.MockHttpServletRequest@48a7902f}
2023-11-28T22:11:56.580-05:00 DEBUG 27472 --- [           main] o.s.test.util.ReflectionTestUtils        : Invoking method 'getFilters' on target object [FilterChainProxy[Filter Chains: [DefaultSecurityFilterChain [RequestMatcher=any request, Filters=[org.springframework.security.web.session.DisableEncodeUrlFilter@120e3ebb, org.springframework.security.web.session.ForceEagerSessionCreationFilter@753f1c3e, org.springframework.security.web.context.request.async.WebAsyncManagerIntegrationFilter@5e9af5d4, org.springframework.security.web.context.SecurityContextHolderFilter@1d18e5ad, org.springframework.security.web.header.HeaderWriterFilter@73b68d98, org.springframework.web.filter.CorsFilter@7863e6b2, org.springframework.security.web.authentication.logout.LogoutFilter@1e5a8278, JWTAuthorizationFilter(loginService=com.cash_flow_app.apicashflow.entities_repositories_and_services.base.security.LoginService@508b9c16), com.cash_flow_app.apicashflow.entities_repositories_and_services.base.security.JWTAuthenticationFilter@6fd2b939, org.springframework.security.web.savedrequest.RequestCacheAwareFilter@11def039, org.springframework.security.web.servletapi.SecurityContextHolderAwareRequestFilter@564375d7, org.springframework.security.web.authentication.AnonymousAuthenticationFilter@c4aa99e, org.springframework.security.web.session.SessionManagementFilter@69af6978, org.springframework.security.web.access.ExceptionTranslationFilter@4469046b, org.springframework.security.web.access.intercept.AuthorizationFilter@588d2e90]]]]] or target class [null] with arguments {org.springframework.mock.web.MockHttpServletRequest@48a7902f}
2023-11-28T22:11:56.580-05:00 DEBUG 27472 --- [           main] o.s.test.util.ReflectionTestUtils        : Invoking method 'getFilters' on target object [FilterChainProxy[Filter Chains: [DefaultSecurityFilterChain [RequestMatcher=any request, Filters=[org.springframework.security.web.session.DisableEncodeUrlFilter@120e3ebb, org.springframework.security.web.session.ForceEagerSessionCreationFilter@753f1c3e, org.springframework.security.web.context.request.async.WebAsyncManagerIntegrationFilter@5e9af5d4, org.springframework.security.web.context.SecurityContextHolderFilter@1d18e5ad, org.springframework.security.web.header.HeaderWriterFilter@73b68d98, org.springframework.web.filter.CorsFilter@7863e6b2, org.springframework.security.web.authentication.logout.LogoutFilter@1e5a8278, JWTAuthorizationFilter(loginService=com.cash_flow_app.apicashflow.entities_repositories_and_services.base.security.LoginService@508b9c16), com.cash_flow_app.apicashflow.entities_repositories_and_services.base.security.JWTAuthenticationFilter@6fd2b939, org.springframework.security.web.savedrequest.RequestCacheAwareFilter@11def039, org.springframework.security.web.servletapi.SecurityContextHolderAwareRequestFilter@564375d7, org.springframework.security.web.authentication.AnonymousAuthenticationFilter@c4aa99e, org.springframework.security.web.session.SessionManagementFilter@69af6978, org.springframework.security.web.access.ExceptionTranslationFilter@4469046b, org.springframework.security.web.access.intercept.AuthorizationFilter@588d2e90]]]]] or target class [null] with arguments {org.springframework.mock.web.MockHttpServletRequest@48a7902f}
2023-11-28T22:11:56.580-05:00 DEBUG 27472 --- [           main] o.s.security.web.FilterChainProxy        : Securing POST /api/v1/account/create
2023-11-28T22:11:56.580-05:00 DEBUG 27472 --- [           main] .s.s.w.s.ForceEagerSessionCreationFilter : Created session eagerly
2023-11-28T22:11:56.581-05:00 DEBUG 27472 --- [           main] org.hibernate.orm.sql.ast.create         : Created new SQL alias : u1_0
2023-11-28T22:11:56.581-05:00 DEBUG 27472 --- [           main] org.hibernate.orm.sql.ast.create         : Registration of TableGroup [StandardTableGroup(com.cash_flow_app.apicashflow.entities_repositories_and_services.base.user.User(35202153502500))] with identifierForTableGroup [com.cash_flow_app.apicashflow.entities_repositories_and_services.base.user.User] for NavigablePath [com.cash_flow_app.apicashflow.entities_repositories_and_services.base.user.User] 
2023-11-28T22:11:56.581-05:00 DEBUG 27472 --- [           main] o.h.q.sqm.sql.BaseSqmToSqlAstConverter   : Determining mapping-model type for SqmParameter : org.hibernate.query.sqm.tree.expression.SqmJpaCriteriaParameterWrapper@7150439c
2023-11-28T22:11:56.581-05:00 DEBUG 27472 --- [           main] o.h.q.sqm.sql.BaseSqmToSqlAstConverter   : Determining mapping-model type for SqmPath : SqmBasicValuedSimplePath(com.cash_flow_app.apicashflow.entities_repositories_and_services.base.user.User(35202153502500).username) 
2023-11-28T22:11:56.581-05:00 DEBUG 27472 --- [           main] org.hibernate.orm.results.graph.AST      : DomainResult Graph:
 \-EntityResultImpl [com.cash_flow_app.apicashflow.entities_repositories_and_services.base.user.User(35202153502500)]
 |  +-SelectEagerCollectionFetch [com.cash_flow_app.apicashflow.entities_repositories_and_services.base.user.User(35202153502500).accounts]
 |  +-SelectEagerCollectionFetch [com.cash_flow_app.apicashflow.entities_repositories_and_services.base.user.User(35202153502500).authorities]
 |  +-BasicFetch [com.cash_flow_app.apicashflow.entities_repositories_and_services.base.user.User(35202153502500).password]
 |  \-BasicFetch [com.cash_flow_app.apicashflow.entities_repositories_and_services.base.user.User(35202153502500).username]

2023-11-28T22:11:56.581-05:00 DEBUG 27472 --- [           main] org.hibernate.orm.sql.ast.tree           : SQL AST Tree:
    SelectStatement {
      FromClause {
        StandardTableGroup (u1 : com.cash_flow_app.apicashflow.entities_repositories_and_services.base.user.User(35202153502500)) {
          primaryTableReference : users as u1_0
        }
      }
    }

2023-11-28T22:11:56.581-05:00 DEBUG 27472 --- [           main] o.h.e.i.AbstractFlushingEventListener    : Processing flush-time cascades
2023-11-28T22:11:56.581-05:00 DEBUG 27472 --- [           main] o.h.e.i.AbstractFlushingEventListener    : Dirty checking collections
2023-11-28T22:11:56.582-05:00 DEBUG 27472 --- [           main] o.hibernate.engine.internal.Collections  : Collection found: [com.cash_flow_app.apicashflow.entities_repositories_and_services.base.user.User.authorities#4fc05fd3-cbab-4688-bf61-2855e1869127], was: [com.cash_flow_app.apicashflow.entities_repositories_and_services.base.user.User.authorities#4fc05fd3-cbab-4688-bf61-2855e1869127] (initialized)
2023-11-28T22:11:56.582-05:00 DEBUG 27472 --- [           main] o.hibernate.engine.internal.Collections  : Collection dereferenced: [com.cash_flow_app.apicashflow.entities_repositories_and_services.base.user.User.accounts#4fc05fd3-cbab-4688-bf61-2855e1869127]
2023-11-28T22:11:56.582-05:00 DEBUG 27472 --- [           main] o.h.e.i.AbstractFlushingEventListener    : Flushed: 0 insertions, 0 updates, 0 deletions to 6 objects
2023-11-28T22:11:56.582-05:00 DEBUG 27472 --- [           main] o.h.e.i.AbstractFlushingEventListener    : Flushed: 0 (re)creations, 0 updates, 1 removals to 2 collections
2023-11-28T22:11:56.582-05:00 DEBUG 27472 --- [           main] o.hibernate.internal.util.EntityPrinter  : Listing entities:
2023-11-28T22:11:56.582-05:00 DEBUG 27472 --- [           main] o.hibernate.internal.util.EntityPrinter  : com.cash_flow_app.apicashflow.entities_repositories_and_services.base.authority.Authority{endpoint=User, permission=CREATE, id=f4f135be-a2b5-48d1-a9d0-2b14e82cc373}
2023-11-28T22:11:56.582-05:00 DEBUG 27472 --- [           main] o.hibernate.internal.util.EntityPrinter  : com.cash_flow_app.apicashflow.entities_repositories_and_services.base.authority.Authority{endpoint=User, permission=READ, id=35481739-2447-454f-8ec3-daf467bb2ae5}
2023-11-28T22:11:56.582-05:00 DEBUG 27472 --- [           main] o.hibernate.internal.util.EntityPrinter  : com.cash_flow_app.apicashflow.entities_repositories_and_services.base.authority.Authority{endpoint=Account, permission=DELETE, id=363894b3-8bdc-4764-ad13-d91f872e1a95}
2023-11-28T22:11:56.582-05:00 DEBUG 27472 --- [           main] o.hibernate.internal.util.EntityPrinter  : com.cash_flow_app.apicashflow.entities_repositories_and_services.base.authority.Authority{endpoint=Account, permission=CREATE, id=9aaf7d40-45f6-4ab6-90a9-a23f4c1b5f2f}
2023-11-28T22:11:56.582-05:00 DEBUG 27472 --- [           main] o.hibernate.internal.util.EntityPrinter  : com.cash_flow_app.apicashflow.entities_repositories_and_services.base.authority.Authority{endpoint=Account, permission=READ, id=b14a62f4-d04f-422a-a2a3-1f80e2635352}
2023-11-28T22:11:56.582-05:00 DEBUG 27472 --- [           main] o.hibernate.internal.util.EntityPrinter  : com.cash_flow_app.apicashflow.entities_repositories_and_services.base.user.User{password=$2a$10$TOePUMmIuTXnHuWfZReRheOxLoBBqcwBI7aOj2bUhRGPtLlq8FE2a, id=4fc05fd3-cbab-4688-bf61-2855e1869127, accounts=null, authorities=[com.cash_flow_app.apicashflow.entities_repositories_and_services.base.authority.Authority#9aaf7d40-45f6-4ab6-90a9-a23f4c1b5f2f, com.cash_flow_app.apicashflow.entities_repositories_and_services.base.authority.Authority#b14a62f4-d04f-422a-a2a3-1f80e2635352, com.cash_flow_app.apicashflow.entities_repositories_and_services.base.authority.Authority#363894b3-8bdc-4764-ad13-d91f872e1a95, com.cash_flow_app.apicashflow.entities_repositories_and_services.base.authority.Authority#f4f135be-a2b5-48d1-a9d0-2b14e82cc373, com.cash_flow_app.apicashflow.entities_repositories_and_services.base.authority.Authority#35481739-2447-454f-8ec3-daf467bb2ae5], username=usuario_test}
2023-11-28T22:11:56.582-05:00 DEBUG 27472 --- [           main] org.hibernate.orm.sql.exec               : Skipping reading Query result cache data: cache-enabled = false, cache-mode = NORMAL
2023-11-28T22:11:56.582-05:00 DEBUG 27472 --- [           main] org.hibernate.orm.results                : Initializer list
2023-11-28T22:11:56.582-05:00 DEBUG 27472 --- [           main] org.hibernate.orm.results                :     com.cash_flow_app.apicashflow.entities_repositories_and_services.base.user.User(35202153502500).accounts -> SelectEagerCollectionInitializer(com.cash_flow_app.apicashflow.entities_repositories_and_services.base.user.User(35202153502500).accounts)@1294060114 (PluralAttribute(com.cash_flow_app.apicashflow.entities_repositories_and_services.base.user.User.accounts))
2023-11-28T22:11:56.582-05:00 DEBUG 27472 --- [           main] org.hibernate.orm.results                :     com.cash_flow_app.apicashflow.entities_repositories_and_services.base.user.User(35202153502500).authorities -> SelectEagerCollectionInitializer(com.cash_flow_app.apicashflow.entities_repositories_and_services.base.user.User(35202153502500).authorities)@243627229 (PluralAttribute(com.cash_flow_app.apicashflow.entities_repositories_and_services.base.user.User.authorities))
2023-11-28T22:11:56.582-05:00 DEBUG 27472 --- [           main] org.hibernate.orm.results                :     com.cash_flow_app.apicashflow.entities_repositories_and_services.base.user.User(35202153502500) -> EntityResultInitializer(com.cash_flow_app.apicashflow.entities_repositories_and_services.base.user.User(35202153502500))@961150172 (SingleTableEntityPersister(com.cash_flow_app.apicashflow.entities_repositories_and_services.base.user.User))
2023-11-28T22:11:56.582-05:00 DEBUG 27472 --- [           main] org.hibernate.SQL                        : 
    select
        u1_0.id,
        u1_0.password,
        u1_0.username 
    from
        users u1_0 
    where
        u1_0.username=?
2023-11-28T22:11:56.583-05:00 DEBUG 27472 --- [           main] org.hibernate.orm.results                : Extracted JDBC value [0] - [4fc05fd3-cbab-4688-bf61-2855e1869127]
2023-11-28T22:11:56.583-05:00 DEBUG 27472 --- [           main] o.hibernate.orm.results.loading.entity   : (EntityResultInitializer) Hydrated EntityKey (com.cash_flow_app.apicashflow.entities_repositories_and_services.base.user.User(35202153502500)): 4fc05fd3-cbab-4688-bf61-2855e1869127
2023-11-28T22:11:56.583-05:00 DEBUG 27472 --- [           main] o.h.o.r.l.o.h.o.r.loading.collection     : (DelayedCollectionInitializer) Current row collection key : com.cash_flow_app.apicashflow.entities_repositories_and_services.base.user.User(35202153502500).accounts#4fc05fd3-cbab-4688-bf61-2855e1869127
2023-11-28T22:11:56.583-05:00 DEBUG 27472 --- [           main] o.h.o.r.l.o.h.o.r.loading.collection     : (DelayedCollectionInitializer) Current row collection key : com.cash_flow_app.apicashflow.entities_repositories_and_services.base.user.User(35202153502500).authorities#4fc05fd3-cbab-4688-bf61-2855e1869127
2023-11-28T22:11:56.583-05:00 DEBUG 27472 --- [           main] org.hibernate.orm.results.loading        : Calling top-level assembler (0 / 1) : org.hibernate.sql.results.graph.entity.internal.EntityAssembler@649ded12
2023-11-28T22:11:56.583-05:00 DEBUG 27472 --- [           main] .s.ChangeSessionIdAuthenticationStrategy : Changed session id from 8
2023-11-28T22:11:56.583-05:00 DEBUG 27472 --- [           main] w.c.HttpSessionSecurityContextRepository : Stored SecurityContextImpl [Authentication=UsernamePasswordAuthenticationToken [Principal=usuario_test, Credentials=[PROTECTED], Authenticated=true, Details=null, Granted Authorities=[ENDPOINT_ACCOUNT_PERMISSION_CREATE, ENDPOINT_ACCOUNT_PERMISSION_READ, ENDPOINT_ACCOUNT_PERMISSION_DELETE, ENDPOINT_USER_PERMISSION_CREATE, ENDPOINT_USER_PERMISSION_READ]]] to HttpSession [org.springframework.mock.web.MockHttpSession@12445241]
2023-11-28T22:11:56.583-05:00 DEBUG 27472 --- [           main] s.w.s.m.m.a.RequestMappingHandlerMapping : Mapped to com.cash_flow_app.apicashflow.controller.AccountController#create(AccountDto)
2023-11-28T22:11:56.584-05:00 DEBUG 27472 --- [           main] o.s.security.web.FilterChainProxy        : Secured POST /api/v1/account/create
2023-11-28T22:11:56.584-05:00 DEBUG 27472 --- [           main] o.s.t.web.servlet.TestDispatcherServlet  : POST "/api/v1/account/create", parameters={masked}
2023-11-28T22:11:56.584-05:00 DEBUG 27472 --- [           main] s.w.s.m.m.a.RequestMappingHandlerMapping : Mapped to com.cash_flow_app.apicashflow.controller.AccountController#create(AccountDto)
2023-11-28T22:11:56.585-05:00 DEBUG 27472 --- [           main] m.m.a.RequestResponseBodyMethodProcessor : Read "application/json;charset=UTF-8" to [AccountDto(id=null, description=descripcion de cuenta, users=[usuario_test])]
2023-11-28T22:11:56.585-05:00 DEBUG 27472 --- [           main] o.s.orm.jpa.JpaTransactionManager        : Found thread-bound EntityManager [SessionImpl(2029572460<open>)] for JPA transaction
2023-11-28T22:11:56.585-05:00 DEBUG 27472 --- [           main] o.s.orm.jpa.JpaTransactionManager        : Participating in existing transaction
2023-11-28T22:11:56.586-05:00 DEBUG 27472 --- [           main] org.hibernate.orm.sql.ast.create         : Created new SQL alias : u1_0
2023-11-28T22:11:56.586-05:00 DEBUG 27472 --- [           main] org.hibernate.orm.sql.ast.create         : Registration of TableGroup [StandardTableGroup(com.cash_flow_app.apicashflow.entities_repositories_and_services.base.user.User(35202153502500))] with identifierForTableGroup [com.cash_flow_app.apicashflow.entities_repositories_and_services.base.user.User] for NavigablePath [com.cash_flow_app.apicashflow.entities_repositories_and_services.base.user.User] 
2023-11-28T22:11:56.586-05:00 DEBUG 27472 --- [           main] o.h.q.sqm.sql.BaseSqmToSqlAstConverter   : Determining mapping-model type for SqmParameter : org.hibernate.query.sqm.tree.expression.SqmJpaCriteriaParameterWrapper@667b3972
2023-11-28T22:11:56.586-05:00 DEBUG 27472 --- [           main] o.h.q.sqm.sql.BaseSqmToSqlAstConverter   : Determining mapping-model type for SqmPath : SqmBasicValuedSimplePath(com.cash_flow_app.apicashflow.entities_repositories_and_services.base.user.User(35202153502500).username) 
2023-11-28T22:11:56.586-05:00 DEBUG 27472 --- [           main] org.hibernate.orm.results.graph.AST      : DomainResult Graph:
 \-EntityResultImpl [com.cash_flow_app.apicashflow.entities_repositories_and_services.base.user.User(35202153502500)]
 |  +-SelectEagerCollectionFetch [com.cash_flow_app.apicashflow.entities_repositories_and_services.base.user.User(35202153502500).accounts]
 |  +-SelectEagerCollectionFetch [com.cash_flow_app.apicashflow.entities_repositories_and_services.base.user.User(35202153502500).authorities]
 |  +-BasicFetch [com.cash_flow_app.apicashflow.entities_repositories_and_services.base.user.User(35202153502500).password]
 |  \-BasicFetch [com.cash_flow_app.apicashflow.entities_repositories_and_services.base.user.User(35202153502500).username]

2023-11-28T22:11:56.586-05:00 DEBUG 27472 --- [           main] org.hibernate.orm.sql.ast.tree           : SQL AST Tree:
    SelectStatement {
      FromClause {
        StandardTableGroup (u1 : com.cash_flow_app.apicashflow.entities_repositories_and_services.base.user.User(35202153502500)) {
          primaryTableReference : users as u1_0
        }
      }
    }

2023-11-28T22:11:56.586-05:00 DEBUG 27472 --- [           main] o.h.e.i.AbstractFlushingEventListener    : Processing flush-time cascades
2023-11-28T22:11:56.586-05:00 DEBUG 27472 --- [           main] o.h.e.i.AbstractFlushingEventListener    : Dirty checking collections
2023-11-28T22:11:56.586-05:00 DEBUG 27472 --- [           main] o.hibernate.engine.internal.Collections  : Collection found: [com.cash_flow_app.apicashflow.entities_repositories_and_services.base.user.User.authorities#4fc05fd3-cbab-4688-bf61-2855e1869127], was: [com.cash_flow_app.apicashflow.entities_repositories_and_services.base.user.User.authorities#4fc05fd3-cbab-4688-bf61-2855e1869127] (initialized)
2023-11-28T22:11:56.586-05:00 DEBUG 27472 --- [           main] o.hibernate.engine.internal.Collections  : Collection dereferenced: [com.cash_flow_app.apicashflow.entities_repositories_and_services.base.user.User.accounts#4fc05fd3-cbab-4688-bf61-2855e1869127]
2023-11-28T22:11:56.586-05:00 DEBUG 27472 --- [           main] o.h.e.i.AbstractFlushingEventListener    : Flushed: 0 insertions, 0 updates, 0 deletions to 6 objects
2023-11-28T22:11:56.586-05:00 DEBUG 27472 --- [           main] o.h.e.i.AbstractFlushingEventListener    : Flushed: 0 (re)creations, 0 updates, 1 removals to 2 collections
2023-11-28T22:11:56.586-05:00 DEBUG 27472 --- [           main] o.hibernate.internal.util.EntityPrinter  : Listing entities:
2023-11-28T22:11:56.586-05:00 DEBUG 27472 --- [           main] o.hibernate.internal.util.EntityPrinter  : com.cash_flow_app.apicashflow.entities_repositories_and_services.base.authority.Authority{endpoint=User, permission=CREATE, id=f4f135be-a2b5-48d1-a9d0-2b14e82cc373}
2023-11-28T22:11:56.586-05:00 DEBUG 27472 --- [           main] o.hibernate.internal.util.EntityPrinter  : com.cash_flow_app.apicashflow.entities_repositories_and_services.base.authority.Authority{endpoint=User, permission=READ, id=35481739-2447-454f-8ec3-daf467bb2ae5}
2023-11-28T22:11:56.586-05:00 DEBUG 27472 --- [           main] o.hibernate.internal.util.EntityPrinter  : com.cash_flow_app.apicashflow.entities_repositories_and_services.base.authority.Authority{endpoint=Account, permission=DELETE, id=363894b3-8bdc-4764-ad13-d91f872e1a95}
2023-11-28T22:11:56.586-05:00 DEBUG 27472 --- [           main] o.hibernate.internal.util.EntityPrinter  : com.cash_flow_app.apicashflow.entities_repositories_and_services.base.authority.Authority{endpoint=Account, permission=CREATE, id=9aaf7d40-45f6-4ab6-90a9-a23f4c1b5f2f}
2023-11-28T22:11:56.586-05:00 DEBUG 27472 --- [           main] o.hibernate.internal.util.EntityPrinter  : com.cash_flow_app.apicashflow.entities_repositories_and_services.base.authority.Authority{endpoint=Account, permission=READ, id=b14a62f4-d04f-422a-a2a3-1f80e2635352}
2023-11-28T22:11:56.586-05:00 DEBUG 27472 --- [           main] o.hibernate.internal.util.EntityPrinter  : com.cash_flow_app.apicashflow.entities_repositories_and_services.base.user.User{password=$2a$10$TOePUMmIuTXnHuWfZReRheOxLoBBqcwBI7aOj2bUhRGPtLlq8FE2a, id=4fc05fd3-cbab-4688-bf61-2855e1869127, accounts=null, authorities=[com.cash_flow_app.apicashflow.entities_repositories_and_services.base.authority.Authority#9aaf7d40-45f6-4ab6-90a9-a23f4c1b5f2f, com.cash_flow_app.apicashflow.entities_repositories_and_services.base.authority.Authority#b14a62f4-d04f-422a-a2a3-1f80e2635352, com.cash_flow_app.apicashflow.entities_repositories_and_services.base.authority.Authority#363894b3-8bdc-4764-ad13-d91f872e1a95, com.cash_flow_app.apicashflow.entities_repositories_and_services.base.authority.Authority#f4f135be-a2b5-48d1-a9d0-2b14e82cc373, com.cash_flow_app.apicashflow.entities_repositories_and_services.base.authority.Authority#35481739-2447-454f-8ec3-daf467bb2ae5], username=usuario_test}
2023-11-28T22:11:56.586-05:00 DEBUG 27472 --- [           main] org.hibernate.orm.sql.exec               : Skipping reading Query result cache data: cache-enabled = false, cache-mode = NORMAL
2023-11-28T22:11:56.586-05:00 DEBUG 27472 --- [           main] org.hibernate.orm.results                : Initializer list
2023-11-28T22:11:56.586-05:00 DEBUG 27472 --- [           main] org.hibernate.orm.results                :     com.cash_flow_app.apicashflow.entities_repositories_and_services.base.user.User(35202153502500).accounts -> SelectEagerCollectionInitializer(com.cash_flow_app.apicashflow.entities_repositories_and_services.base.user.User(35202153502500).accounts)@4700386 (PluralAttribute(com.cash_flow_app.apicashflow.entities_repositories_and_services.base.user.User.accounts))
2023-11-28T22:11:56.586-05:00 DEBUG 27472 --- [           main] org.hibernate.orm.results                :     com.cash_flow_app.apicashflow.entities_repositories_and_services.base.user.User(35202153502500).authorities -> SelectEagerCollectionInitializer(com.cash_flow_app.apicashflow.entities_repositories_and_services.base.user.User(35202153502500).authorities)@732493096 (PluralAttribute(com.cash_flow_app.apicashflow.entities_repositories_and_services.base.user.User.authorities))
2023-11-28T22:11:56.586-05:00 DEBUG 27472 --- [           main] org.hibernate.orm.results                :     com.cash_flow_app.apicashflow.entities_repositories_and_services.base.user.User(35202153502500) -> EntityResultInitializer(com.cash_flow_app.apicashflow.entities_repositories_and_services.base.user.User(35202153502500))@478468254 (SingleTableEntityPersister(com.cash_flow_app.apicashflow.entities_repositories_and_services.base.user.User))
2023-11-28T22:11:56.586-05:00 DEBUG 27472 --- [           main] org.hibernate.SQL                        : 
    select
        u1_0.id,
        u1_0.password,
        u1_0.username 
    from
        users u1_0 
    where
        u1_0.username=?
2023-11-28T22:11:56.587-05:00 DEBUG 27472 --- [           main] org.hibernate.orm.results                : Extracted JDBC value [0] - [4fc05fd3-cbab-4688-bf61-2855e1869127]
2023-11-28T22:11:56.587-05:00 DEBUG 27472 --- [           main] o.hibernate.orm.results.loading.entity   : (EntityResultInitializer) Hydrated EntityKey (com.cash_flow_app.apicashflow.entities_repositories_and_services.base.user.User(35202153502500)): 4fc05fd3-cbab-4688-bf61-2855e1869127
2023-11-28T22:11:56.587-05:00 DEBUG 27472 --- [           main] o.h.o.r.l.o.h.o.r.loading.collection     : (DelayedCollectionInitializer) Current row collection key : com.cash_flow_app.apicashflow.entities_repositories_and_services.base.user.User(35202153502500).accounts#4fc05fd3-cbab-4688-bf61-2855e1869127
2023-11-28T22:11:56.587-05:00 DEBUG 27472 --- [           main] o.h.o.r.l.o.h.o.r.loading.collection     : (DelayedCollectionInitializer) Current row collection key : com.cash_flow_app.apicashflow.entities_repositories_and_services.base.user.User(35202153502500).authorities#4fc05fd3-cbab-4688-bf61-2855e1869127
2023-11-28T22:11:56.587-05:00 DEBUG 27472 --- [           main] org.hibernate.orm.results.loading        : Calling top-level assembler (0 / 1) : org.hibernate.sql.results.graph.entity.internal.EntityAssembler@daa6654
2023-11-28T22:11:56.587-05:00 DEBUG 27472 --- [           main] org.hibernate.orm.sql.ast.create         : Created new SQL alias : u1_0
2023-11-28T22:11:56.587-05:00 DEBUG 27472 --- [           main] org.hibernate.orm.sql.ast.create         : Registration of TableGroup [StandardTableGroup(com.cash_flow_app.apicashflow.entities_repositories_and_services.base.user.User(35202153502500))] with identifierForTableGroup [com.cash_flow_app.apicashflow.entities_repositories_and_services.base.user.User] for NavigablePath [com.cash_flow_app.apicashflow.entities_repositories_and_services.base.user.User] 
2023-11-28T22:11:56.587-05:00 DEBUG 27472 --- [           main] o.h.q.sqm.sql.BaseSqmToSqlAstConverter   : Determining mapping-model type for SqmParameter : org.hibernate.query.sqm.tree.expression.SqmJpaCriteriaParameterWrapper@596707f5
2023-11-28T22:11:56.587-05:00 DEBUG 27472 --- [           main] o.h.q.sqm.sql.BaseSqmToSqlAstConverter   : Determining mapping-model type for SqmPath : SqmBasicValuedSimplePath(com.cash_flow_app.apicashflow.entities_repositories_and_services.base.user.User(35202153502500).username) 
2023-11-28T22:11:56.587-05:00 DEBUG 27472 --- [           main] org.hibernate.orm.results.graph.AST      : DomainResult Graph:
 \-EntityResultImpl [com.cash_flow_app.apicashflow.entities_repositories_and_services.base.user.User(35202153502500)]
 |  +-SelectEagerCollectionFetch [com.cash_flow_app.apicashflow.entities_repositories_and_services.base.user.User(35202153502500).accounts]
 |  +-SelectEagerCollectionFetch [com.cash_flow_app.apicashflow.entities_repositories_and_services.base.user.User(35202153502500).authorities]
 |  +-BasicFetch [com.cash_flow_app.apicashflow.entities_repositories_and_services.base.user.User(35202153502500).password]
 |  \-BasicFetch [com.cash_flow_app.apicashflow.entities_repositories_and_services.base.user.User(35202153502500).username]

2023-11-28T22:11:56.587-05:00 DEBUG 27472 --- [           main] org.hibernate.orm.sql.ast.tree           : SQL AST Tree:
    SelectStatement {
      FromClause {
        StandardTableGroup (u1 : com.cash_flow_app.apicashflow.entities_repositories_and_services.base.user.User(35202153502500)) {
          primaryTableReference : users as u1_0
        }
      }
    }

2023-11-28T22:11:56.587-05:00 DEBUG 27472 --- [           main] o.h.e.i.AbstractFlushingEventListener    : Processing flush-time cascades
2023-11-28T22:11:56.587-05:00 DEBUG 27472 --- [           main] o.h.e.i.AbstractFlushingEventListener    : Dirty checking collections
2023-11-28T22:11:56.587-05:00 DEBUG 27472 --- [           main] o.hibernate.engine.internal.Collections  : Collection found: [com.cash_flow_app.apicashflow.entities_repositories_and_services.base.user.User.authorities#4fc05fd3-cbab-4688-bf61-2855e1869127], was: [com.cash_flow_app.apicashflow.entities_repositories_and_services.base.user.User.authorities#4fc05fd3-cbab-4688-bf61-2855e1869127] (initialized)
2023-11-28T22:11:56.587-05:00 DEBUG 27472 --- [           main] o.hibernate.engine.internal.Collections  : Collection dereferenced: [com.cash_flow_app.apicashflow.entities_repositories_and_services.base.user.User.accounts#4fc05fd3-cbab-4688-bf61-2855e1869127]
2023-11-28T22:11:56.587-05:00 DEBUG 27472 --- [           main] o.h.e.i.AbstractFlushingEventListener    : Flushed: 0 insertions, 0 updates, 0 deletions to 6 objects
2023-11-28T22:11:56.587-05:00 DEBUG 27472 --- [           main] o.h.e.i.AbstractFlushingEventListener    : Flushed: 0 (re)creations, 0 updates, 1 removals to 2 collections
2023-11-28T22:11:56.587-05:00 DEBUG 27472 --- [           main] o.hibernate.internal.util.EntityPrinter  : Listing entities:
2023-11-28T22:11:56.587-05:00 DEBUG 27472 --- [           main] o.hibernate.internal.util.EntityPrinter  : com.cash_flow_app.apicashflow.entities_repositories_and_services.base.authority.Authority{endpoint=User, permission=CREATE, id=f4f135be-a2b5-48d1-a9d0-2b14e82cc373}
2023-11-28T22:11:56.587-05:00 DEBUG 27472 --- [           main] o.hibernate.internal.util.EntityPrinter  : com.cash_flow_app.apicashflow.entities_repositories_and_services.base.authority.Authority{endpoint=User, permission=READ, id=35481739-2447-454f-8ec3-daf467bb2ae5}
2023-11-28T22:11:56.588-05:00 DEBUG 27472 --- [           main] o.hibernate.internal.util.EntityPrinter  : com.cash_flow_app.apicashflow.entities_repositories_and_services.base.authority.Authority{endpoint=Account, permission=DELETE, id=363894b3-8bdc-4764-ad13-d91f872e1a95}
2023-11-28T22:11:56.588-05:00 DEBUG 27472 --- [           main] o.hibernate.internal.util.EntityPrinter  : com.cash_flow_app.apicashflow.entities_repositories_and_services.base.authority.Authority{endpoint=Account, permission=CREATE, id=9aaf7d40-45f6-4ab6-90a9-a23f4c1b5f2f}
2023-11-28T22:11:56.588-05:00 DEBUG 27472 --- [           main] o.hibernate.internal.util.EntityPrinter  : com.cash_flow_app.apicashflow.entities_repositories_and_services.base.authority.Authority{endpoint=Account, permission=READ, id=b14a62f4-d04f-422a-a2a3-1f80e2635352}
2023-11-28T22:11:56.588-05:00 DEBUG 27472 --- [           main] o.hibernate.internal.util.EntityPrinter  : com.cash_flow_app.apicashflow.entities_repositories_and_services.base.user.User{password=$2a$10$TOePUMmIuTXnHuWfZReRheOxLoBBqcwBI7aOj2bUhRGPtLlq8FE2a, id=4fc05fd3-cbab-4688-bf61-2855e1869127, accounts=null, authorities=[com.cash_flow_app.apicashflow.entities_repositories_and_services.base.authority.Authority#9aaf7d40-45f6-4ab6-90a9-a23f4c1b5f2f, com.cash_flow_app.apicashflow.entities_repositories_and_services.base.authority.Authority#b14a62f4-d04f-422a-a2a3-1f80e2635352, com.cash_flow_app.apicashflow.entities_repositories_and_services.base.authority.Authority#363894b3-8bdc-4764-ad13-d91f872e1a95, com.cash_flow_app.apicashflow.entities_repositories_and_services.base.authority.Authority#f4f135be-a2b5-48d1-a9d0-2b14e82cc373, com.cash_flow_app.apicashflow.entities_repositories_and_services.base.authority.Authority#35481739-2447-454f-8ec3-daf467bb2ae5], username=usuario_test}
2023-11-28T22:11:56.588-05:00 DEBUG 27472 --- [           main] org.hibernate.orm.sql.exec               : Skipping reading Query result cache data: cache-enabled = false, cache-mode = NORMAL
2023-11-28T22:11:56.588-05:00 DEBUG 27472 --- [           main] org.hibernate.orm.results                : Initializer list
2023-11-28T22:11:56.588-05:00 DEBUG 27472 --- [           main] org.hibernate.orm.results                :     com.cash_flow_app.apicashflow.entities_repositories_and_services.base.user.User(35202153502500).accounts -> SelectEagerCollectionInitializer(com.cash_flow_app.apicashflow.entities_repositories_and_services.base.user.User(35202153502500).accounts)@1180292982 (PluralAttribute(com.cash_flow_app.apicashflow.entities_repositories_and_services.base.user.User.accounts))
2023-11-28T22:11:56.588-05:00 DEBUG 27472 --- [           main] org.hibernate.orm.results                :     com.cash_flow_app.apicashflow.entities_repositories_and_services.base.user.User(35202153502500).authorities -> SelectEagerCollectionInitializer(com.cash_flow_app.apicashflow.entities_repositories_and_services.base.user.User(35202153502500).authorities)@660617447 (PluralAttribute(com.cash_flow_app.apicashflow.entities_repositories_and_services.base.user.User.authorities))
2023-11-28T22:11:56.588-05:00 DEBUG 27472 --- [           main] org.hibernate.orm.results                :     com.cash_flow_app.apicashflow.entities_repositories_and_services.base.user.User(35202153502500) -> EntityResultInitializer(com.cash_flow_app.apicashflow.entities_repositories_and_services.base.user.User(35202153502500))@1273549838 (SingleTableEntityPersister(com.cash_flow_app.apicashflow.entities_repositories_and_services.base.user.User))
2023-11-28T22:11:56.588-05:00 DEBUG 27472 --- [           main] org.hibernate.SQL                        : 
    select
        u1_0.id,
        u1_0.password,
        u1_0.username 
    from
        users u1_0 
    where
        u1_0.username=?
2023-11-28T22:11:56.588-05:00 DEBUG 27472 --- [           main] org.hibernate.orm.results                : Extracted JDBC value [0] - [4fc05fd3-cbab-4688-bf61-2855e1869127]
2023-11-28T22:11:56.588-05:00 DEBUG 27472 --- [           main] o.hibernate.orm.results.loading.entity   : (EntityResultInitializer) Hydrated EntityKey (com.cash_flow_app.apicashflow.entities_repositories_and_services.base.user.User(35202153502500)): 4fc05fd3-cbab-4688-bf61-2855e1869127
2023-11-28T22:11:56.588-05:00 DEBUG 27472 --- [           main] o.h.o.r.l.o.h.o.r.loading.collection     : (DelayedCollectionInitializer) Current row collection key : com.cash_flow_app.apicashflow.entities_repositories_and_services.base.user.User(35202153502500).accounts#4fc05fd3-cbab-4688-bf61-2855e1869127
2023-11-28T22:11:56.588-05:00 DEBUG 27472 --- [           main] o.h.o.r.l.o.h.o.r.loading.collection     : (DelayedCollectionInitializer) Current row collection key : com.cash_flow_app.apicashflow.entities_repositories_and_services.base.user.User(35202153502500).authorities#4fc05fd3-cbab-4688-bf61-2855e1869127
2023-11-28T22:11:56.588-05:00 DEBUG 27472 --- [           main] org.hibernate.orm.results.loading        : Calling top-level assembler (0 / 1) : org.hibernate.sql.results.graph.entity.internal.EntityAssembler@653b49c4
2023-11-28T22:11:56.588-05:00 DEBUG 27472 --- [           main] o.s.orm.jpa.JpaTransactionManager        : Found thread-bound EntityManager [SessionImpl(2029572460<open>)] for JPA transaction
2023-11-28T22:11:56.588-05:00 DEBUG 27472 --- [           main] o.s.orm.jpa.JpaTransactionManager        : Participating in existing transaction
2023-11-28T22:11:56.588-05:00 DEBUG 27472 --- [           main] o.h.j.internal.PersistenceUnitUtilImpl   : jakarta.persistence.PersistenceUnitUtil.getIdentifier is only intended to work with enhanced entities (although Hibernate also adapts this support to its proxies); however the passed entity was not enhanced (nor a proxy).. may not be able to read identifier
2023-11-28T22:11:56.588-05:00 DEBUG 27472 --- [           main] o.h.e.i.AbstractSaveEventListener        : Generated identifier: 75c9940f-04b2-4526-9003-43a501066774, using strategy: org.hibernate.id.UUIDGenerator
2023-11-28T22:11:56.589-05:00 DEBUG 27472 --- [           main] o.s.w.s.m.m.a.HttpEntityMethodProcessor  : Using 'application/json', given [*/*] and supported [application/json, application/*+json]
2023-11-28T22:11:56.589-05:00 DEBUG 27472 --- [           main] o.s.w.s.m.m.a.HttpEntityMethodProcessor  : Writing [AccountDto(id=75c9940f-04b2-4526-9003-43a501066774, description=descripcion de cuenta, users=[usuari (truncated)...]
2023-11-28T22:11:56.589-05:00 DEBUG 27472 --- [           main] o.s.t.web.servlet.TestDispatcherServlet  : Completed 200 OK
2023-11-28T22:11:56.591-05:00 DEBUG 27472 --- [           main] o.s.test.util.ReflectionTestUtils        : Invoking method 'getFilters' on target object [FilterChainProxy[Filter Chains: [DefaultSecurityFilterChain [RequestMatcher=any request, Filters=[org.springframework.security.web.session.DisableEncodeUrlFilter@120e3ebb, org.springframework.security.web.session.ForceEagerSessionCreationFilter@753f1c3e, org.springframework.security.web.context.request.async.WebAsyncManagerIntegrationFilter@5e9af5d4, org.springframework.security.web.context.SecurityContextHolderFilter@1d18e5ad, org.springframework.security.web.header.HeaderWriterFilter@73b68d98, org.springframework.web.filter.CorsFilter@7863e6b2, org.springframework.security.web.authentication.logout.LogoutFilter@1e5a8278, JWTAuthorizationFilter(loginService=com.cash_flow_app.apicashflow.entities_repositories_and_services.base.security.LoginService@508b9c16), com.cash_flow_app.apicashflow.entities_repositories_and_services.base.security.JWTAuthenticationFilter@6fd2b939, org.springframework.security.web.savedrequest.RequestCacheAwareFilter@11def039, org.springframework.security.web.servletapi.SecurityContextHolderAwareRequestFilter@564375d7, org.springframework.security.web.authentication.AnonymousAuthenticationFilter@c4aa99e, org.springframework.security.web.session.SessionManagementFilter@69af6978, org.springframework.security.web.access.ExceptionTranslationFilter@4469046b, org.springframework.security.web.access.intercept.AuthorizationFilter@588d2e90]]]]] or target class [null] with arguments {org.springframework.mock.web.MockHttpServletRequest@be1f747}
2023-11-28T22:11:56.591-05:00 DEBUG 27472 --- [           main] o.s.test.util.ReflectionTestUtils        : Invoking method 'getFilters' on target object [FilterChainProxy[Filter Chains: [DefaultSecurityFilterChain [RequestMatcher=any request, Filters=[org.springframework.security.web.session.DisableEncodeUrlFilter@120e3ebb, org.springframework.security.web.session.ForceEagerSessionCreationFilter@753f1c3e, org.springframework.security.web.context.request.async.WebAsyncManagerIntegrationFilter@5e9af5d4, org.springframework.security.web.context.SecurityContextHolderFilter@1d18e5ad, org.springframework.security.web.header.HeaderWriterFilter@73b68d98, org.springframework.web.filter.CorsFilter@7863e6b2, org.springframework.security.web.authentication.logout.LogoutFilter@1e5a8278, JWTAuthorizationFilter(loginService=com.cash_flow_app.apicashflow.entities_repositories_and_services.base.security.LoginService@508b9c16), com.cash_flow_app.apicashflow.entities_repositories_and_services.base.security.JWTAuthenticationFilter@6fd2b939, org.springframework.security.web.savedrequest.RequestCacheAwareFilter@11def039, org.springframework.security.web.servletapi.SecurityContextHolderAwareRequestFilter@564375d7, org.springframework.security.web.authentication.AnonymousAuthenticationFilter@c4aa99e, org.springframework.security.web.session.SessionManagementFilter@69af6978, org.springframework.security.web.access.ExceptionTranslationFilter@4469046b, org.springframework.security.web.access.intercept.AuthorizationFilter@588d2e90]]]]] or target class [null] with arguments {org.springframework.mock.web.MockHttpServletRequest@be1f747}
2023-11-28T22:11:56.591-05:00 DEBUG 27472 --- [           main] o.s.test.util.ReflectionTestUtils        : Invoking method 'getFilters' on target object [FilterChainProxy[Filter Chains: [DefaultSecurityFilterChain [RequestMatcher=any request, Filters=[org.springframework.security.web.session.DisableEncodeUrlFilter@120e3ebb, org.springframework.security.web.session.ForceEagerSessionCreationFilter@753f1c3e, org.springframework.security.web.context.request.async.WebAsyncManagerIntegrationFilter@5e9af5d4, org.springframework.security.web.context.SecurityContextHolderFilter@1d18e5ad, org.springframework.security.web.header.HeaderWriterFilter@73b68d98, org.springframework.web.filter.CorsFilter@7863e6b2, org.springframework.security.web.authentication.logout.LogoutFilter@1e5a8278, JWTAuthorizationFilter(loginService=com.cash_flow_app.apicashflow.entities_repositories_and_services.base.security.LoginService@508b9c16), com.cash_flow_app.apicashflow.entities_repositories_and_services.base.security.JWTAuthenticationFilter@6fd2b939, org.springframework.security.web.savedrequest.RequestCacheAwareFilter@11def039, org.springframework.security.web.servletapi.SecurityContextHolderAwareRequestFilter@564375d7, org.springframework.security.web.authentication.AnonymousAuthenticationFilter@c4aa99e, org.springframework.security.web.session.SessionManagementFilter@69af6978, org.springframework.security.web.access.ExceptionTranslationFilter@4469046b, org.springframework.security.web.access.intercept.AuthorizationFilter@588d2e90]]]]] or target class [null] with arguments {org.springframework.mock.web.MockHttpServletRequest@be1f747}
2023-11-28T22:11:56.591-05:00 DEBUG 27472 --- [           main] o.s.security.web.FilterChainProxy        : Securing DELETE /api/v1/account/delete/75c9940f-04b2-4526-9003-43a501066774
2023-11-28T22:11:56.591-05:00 DEBUG 27472 --- [           main] .s.s.w.s.ForceEagerSessionCreationFilter : Created session eagerly
2023-11-28T22:11:56.592-05:00 DEBUG 27472 --- [           main] org.hibernate.orm.sql.ast.create         : Created new SQL alias : u1_0
2023-11-28T22:11:56.592-05:00 DEBUG 27472 --- [           main] org.hibernate.orm.sql.ast.create         : Registration of TableGroup [StandardTableGroup(com.cash_flow_app.apicashflow.entities_repositories_and_services.base.user.User(35202153502500))] with identifierForTableGroup [com.cash_flow_app.apicashflow.entities_repositories_and_services.base.user.User] for NavigablePath [com.cash_flow_app.apicashflow.entities_repositories_and_services.base.user.User] 
2023-11-28T22:11:56.592-05:00 DEBUG 27472 --- [           main] o.h.q.sqm.sql.BaseSqmToSqlAstConverter   : Determining mapping-model type for SqmParameter : org.hibernate.query.sqm.tree.expression.SqmJpaCriteriaParameterWrapper@1310324a
2023-11-28T22:11:56.592-05:00 DEBUG 27472 --- [           main] o.h.q.sqm.sql.BaseSqmToSqlAstConverter   : Determining mapping-model type for SqmPath : SqmBasicValuedSimplePath(com.cash_flow_app.apicashflow.entities_repositories_and_services.base.user.User(35202153502500).username) 
2023-11-28T22:11:56.592-05:00 DEBUG 27472 --- [           main] org.hibernate.orm.results.graph.AST      : DomainResult Graph:
 \-EntityResultImpl [com.cash_flow_app.apicashflow.entities_repositories_and_services.base.user.User(35202153502500)]
 |  +-SelectEagerCollectionFetch [com.cash_flow_app.apicashflow.entities_repositories_and_services.base.user.User(35202153502500).accounts]
 |  +-SelectEagerCollectionFetch [com.cash_flow_app.apicashflow.entities_repositories_and_services.base.user.User(35202153502500).authorities]
 |  +-BasicFetch [com.cash_flow_app.apicashflow.entities_repositories_and_services.base.user.User(35202153502500).password]
 |  \-BasicFetch [com.cash_flow_app.apicashflow.entities_repositories_and_services.base.user.User(35202153502500).username]

2023-11-28T22:11:56.592-05:00 DEBUG 27472 --- [           main] org.hibernate.orm.sql.ast.tree           : SQL AST Tree:
    SelectStatement {
      FromClause {
        StandardTableGroup (u1 : com.cash_flow_app.apicashflow.entities_repositories_and_services.base.user.User(35202153502500)) {
          primaryTableReference : users as u1_0
        }
      }
    }

2023-11-28T22:11:56.592-05:00 DEBUG 27472 --- [           main] o.h.e.i.AbstractFlushingEventListener    : Processing flush-time cascades
2023-11-28T22:11:56.592-05:00 DEBUG 27472 --- [           main] o.h.e.i.AbstractFlushingEventListener    : Dirty checking collections
2023-11-28T22:11:56.593-05:00 DEBUG 27472 --- [           main] o.hibernate.engine.internal.Collections  : Collection found: [com.cash_flow_app.apicashflow.entities_repositories_and_services.base.user.User.accounts#4fc05fd3-cbab-4688-bf61-2855e1869127], was: [<unreferenced>] (initialized)
2023-11-28T22:11:56.593-05:00 DEBUG 27472 --- [           main] o.hibernate.engine.internal.Collections  : Collection found: [com.cash_flow_app.apicashflow.entities_repositories_and_services.base.user.User.authorities#4fc05fd3-cbab-4688-bf61-2855e1869127], was: [com.cash_flow_app.apicashflow.entities_repositories_and_services.base.user.User.authorities#4fc05fd3-cbab-4688-bf61-2855e1869127] (initialized)
2023-11-28T22:11:56.593-05:00 DEBUG 27472 --- [           main] o.hibernate.engine.internal.Collections  : Collection found: [com.cash_flow_app.apicashflow.entities_repositories_and_services.base.account.Account.users#75c9940f-04b2-4526-9003-43a501066774], was: [<unreferenced>] (initialized)
2023-11-28T22:11:56.593-05:00 DEBUG 27472 --- [           main] o.hibernate.engine.internal.Collections  : Collection dereferenced: [com.cash_flow_app.apicashflow.entities_repositories_and_services.base.user.User.accounts#4fc05fd3-cbab-4688-bf61-2855e1869127]
2023-11-28T22:11:56.593-05:00 DEBUG 27472 --- [           main] o.h.e.i.AbstractFlushingEventListener    : Flushed: 1 insertions, 1 updates, 0 deletions to 7 objects
2023-11-28T22:11:56.593-05:00 DEBUG 27472 --- [           main] o.h.e.i.AbstractFlushingEventListener    : Flushed: 2 (re)creations, 0 updates, 1 removals to 4 collections
2023-11-28T22:11:56.593-05:00 DEBUG 27472 --- [           main] o.hibernate.internal.util.EntityPrinter  : Listing entities:
2023-11-28T22:11:56.593-05:00 DEBUG 27472 --- [           main] o.hibernate.internal.util.EntityPrinter  : com.cash_flow_app.apicashflow.entities_repositories_and_services.base.authority.Authority{endpoint=User, permission=CREATE, id=f4f135be-a2b5-48d1-a9d0-2b14e82cc373}
2023-11-28T22:11:56.593-05:00 DEBUG 27472 --- [           main] o.hibernate.internal.util.EntityPrinter  : com.cash_flow_app.apicashflow.entities_repositories_and_services.base.authority.Authority{endpoint=User, permission=READ, id=35481739-2447-454f-8ec3-daf467bb2ae5}
2023-11-28T22:11:56.593-05:00 DEBUG 27472 --- [           main] o.hibernate.internal.util.EntityPrinter  : com.cash_flow_app.apicashflow.entities_repositories_and_services.base.account.Account{incomes_expenses=null, description=descripcion de cuenta, id=75c9940f-04b2-4526-9003-43a501066774, users=[com.cash_flow_app.apicashflow.entities_repositories_and_services.base.user.User#4fc05fd3-cbab-4688-bf61-2855e1869127, com.cash_flow_app.apicashflow.entities_repositories_and_services.base.user.User#4fc05fd3-cbab-4688-bf61-2855e1869127]}
2023-11-28T22:11:56.593-05:00 DEBUG 27472 --- [           main] o.hibernate.internal.util.EntityPrinter  : com.cash_flow_app.apicashflow.entities_repositories_and_services.base.authority.Authority{endpoint=Account, permission=DELETE, id=363894b3-8bdc-4764-ad13-d91f872e1a95}
2023-11-28T22:11:56.593-05:00 DEBUG 27472 --- [           main] o.hibernate.internal.util.EntityPrinter  : com.cash_flow_app.apicashflow.entities_repositories_and_services.base.authority.Authority{endpoint=Account, permission=CREATE, id=9aaf7d40-45f6-4ab6-90a9-a23f4c1b5f2f}
2023-11-28T22:11:56.593-05:00 DEBUG 27472 --- [           main] o.hibernate.internal.util.EntityPrinter  : com.cash_flow_app.apicashflow.entities_repositories_and_services.base.authority.Authority{endpoint=Account, permission=READ, id=b14a62f4-d04f-422a-a2a3-1f80e2635352}
2023-11-28T22:11:56.593-05:00 DEBUG 27472 --- [           main] o.hibernate.internal.util.EntityPrinter  : com.cash_flow_app.apicashflow.entities_repositories_and_services.base.user.User{password=$2a$10$TOePUMmIuTXnHuWfZReRheOxLoBBqcwBI7aOj2bUhRGPtLlq8FE2a, id=4fc05fd3-cbab-4688-bf61-2855e1869127, accounts=[com.cash_flow_app.apicashflow.entities_repositories_and_services.base.account.Account#75c9940f-04b2-4526-9003-43a501066774, com.cash_flow_app.apicashflow.entities_repositories_and_services.base.account.Account#75c9940f-04b2-4526-9003-43a501066774], authorities=[com.cash_flow_app.apicashflow.entities_repositories_and_services.base.authority.Authority#9aaf7d40-45f6-4ab6-90a9-a23f4c1b5f2f, com.cash_flow_app.apicashflow.entities_repositories_and_services.base.authority.Authority#b14a62f4-d04f-422a-a2a3-1f80e2635352, com.cash_flow_app.apicashflow.entities_repositories_and_services.base.authority.Authority#363894b3-8bdc-4764-ad13-d91f872e1a95, com.cash_flow_app.apicashflow.entities_repositories_and_services.base.authority.Authority#f4f135be-a2b5-48d1-a9d0-2b14e82cc373, com.cash_flow_app.apicashflow.entities_repositories_and_services.base.authority.Authority#35481739-2447-454f-8ec3-daf467bb2ae5], username=usuario_test}
2023-11-28T22:11:56.593-05:00 DEBUG 27472 --- [           main] org.hibernate.engine.spi.ActionQueue     : Changes must be flushed to space: users
2023-11-28T22:11:56.593-05:00 DEBUG 27472 --- [           main] org.hibernate.SQL                        : 
    insert 
    into
        accounts
        (description, id) 
    values
        (?, ?)
2023-11-28T22:11:56.595-05:00 DEBUG 27472 --- [           main] o.h.p.c.AbstractCollectionPersister      : Inserting collection: [com.cash_flow_app.apicashflow.entities_repositories_and_services.base.user.User.accounts#4fc05fd3-cbab-4688-bf61-2855e1869127]
2023-11-28T22:11:56.595-05:00 DEBUG 27472 --- [           main] org.hibernate.SQL                        : 
    insert 
    into
        user_account
        (user_id, account_id) 
    values
        (?, ?)
2023-11-28T22:11:56.596-05:00 DEBUG 27472 --- [           main] org.hibernate.SQL                        : 
    insert 
    into
        user_account
        (user_id, account_id) 
    values
        (?, ?)
2023-11-28T22:11:56.599-05:00 DEBUG 27472 --- [           main] o.h.engine.jdbc.spi.SqlExceptionHelper   : could not execute statement [n/a]

org.postgresql.util.PSQLException: ERROR: duplicate key value violates unique constraint "user_account_pkey"
  Detail: Key (user_id, account_id)=(4fc05fd3-cbab-4688-bf61-2855e1869127, 75c9940f-04b2-4526-9003-43a501066774) already exists.
	at org.postgresql.core.v3.QueryExecutorImpl.receiveErrorResponse(QueryExecutorImpl.java:2676) ~[postgresql-42.5.4.jar:42.5.4]
	at org.postgresql.core.v3.QueryExecutorImpl.processResults(QueryExecutorImpl.java:2366) ~[postgresql-42.5.4.jar:42.5.4]
	at org.postgresql.core.v3.QueryExecutorImpl.execute(QueryExecutorImpl.java:356) ~[postgresql-42.5.4.jar:42.5.4]
	at org.postgresql.jdbc.PgStatement.executeInternal(PgStatement.java:496) ~[postgresql-42.5.4.jar:42.5.4]
	at org.postgresql.jdbc.PgStatement.execute(PgStatement.java:413) ~[postgresql-42.5.4.jar:42.5.4]
	at org.postgresql.jdbc.PgPreparedStatement.executeWithFlags(PgPreparedStatement.java:190) ~[postgresql-42.5.4.jar:42.5.4]
	at org.postgresql.jdbc.PgPreparedStatement.executeUpdate(PgPreparedStatement.java:152) ~[postgresql-42.5.4.jar:42.5.4]
	at com.zaxxer.hikari.pool.ProxyPreparedStatement.executeUpdate(ProxyPreparedStatement.java:61) ~[HikariCP-5.0.1.jar:na]
	at com.zaxxer.hikari.pool.HikariProxyPreparedStatement.executeUpdate(HikariProxyPreparedStatement.java) ~[HikariCP-5.0.1.jar:na]
	at org.hibernate.engine.jdbc.internal.ResultSetReturnImpl.executeUpdate(ResultSetReturnImpl.java:197) ~[hibernate-core-6.1.7.Final.jar:6.1.7.Final]
	at org.hibernate.engine.jdbc.batch.internal.NonBatchingBatch.addToBatch(NonBatchingBatch.java:39) ~[hibernate-core-6.1.7.Final.jar:6.1.7.Final]
	at org.hibernate.persister.collection.AbstractCollectionPersister.recreate(AbstractCollectionPersister.java:1478) ~[hibernate-core-6.1.7.Final.jar:6.1.7.Final]
	at org.hibernate.action.internal.CollectionRecreateAction.execute(CollectionRecreateAction.java:47) ~[hibernate-core-6.1.7.Final.jar:6.1.7.Final]
	at org.hibernate.engine.spi.ActionQueue.executeActions(ActionQueue.java:612) ~[hibernate-core-6.1.7.Final.jar:6.1.7.Final]
	at org.hibernate.engine.spi.ActionQueue.lambda$executeActions$1(ActionQueue.java:483) ~[hibernate-core-6.1.7.Final.jar:6.1.7.Final]
	at java.base/java.util.LinkedHashMap.forEach(LinkedHashMap.java:729) ~[na:na]
	at org.hibernate.engine.spi.ActionQueue.executeActions(ActionQueue.java:480) ~[hibernate-core-6.1.7.Final.jar:6.1.7.Final]
	at org.hibernate.event.internal.AbstractFlushingEventListener.performExecutions(AbstractFlushingEventListener.java:329) ~[hibernate-core-6.1.7.Final.jar:6.1.7.Final]
	at org.hibernate.event.internal.DefaultAutoFlushEventListener.onAutoFlush(DefaultAutoFlushEventListener.java:55) ~[hibernate-core-6.1.7.Final.jar:6.1.7.Final]
	at org.hibernate.event.service.internal.EventListenerGroupImpl.fireEventOnEachListener(EventListenerGroupImpl.java:107) ~[hibernate-core-6.1.7.Final.jar:6.1.7.Final]
	at org.hibernate.internal.SessionImpl.autoFlushIfRequired(SessionImpl.java:1388) ~[hibernate-core-6.1.7.Final.jar:6.1.7.Final]
	at org.hibernate.query.sqm.internal.ConcreteSqmSelectQueryPlan.lambda$new$0(ConcreteSqmSelectQueryPlan.java:111) ~[hibernate-core-6.1.7.Final.jar:6.1.7.Final]
	at org.hibernate.query.sqm.internal.ConcreteSqmSelectQueryPlan.withCacheableSqmInterpretation(ConcreteSqmSelectQueryPlan.java:335) ~[hibernate-core-6.1.7.Final.jar:6.1.7.Final]
	at org.hibernate.query.sqm.internal.ConcreteSqmSelectQueryPlan.performList(ConcreteSqmSelectQueryPlan.java:276) ~[hibernate-core-6.1.7.Final.jar:6.1.7.Final]
	at org.hibernate.query.sqm.internal.QuerySqmImpl.doList(QuerySqmImpl.java:571) ~[hibernate-core-6.1.7.Final.jar:6.1.7.Final]
	at org.hibernate.query.spi.AbstractSelectionQuery.list(AbstractSelectionQuery.java:363) ~[hibernate-core-6.1.7.Final.jar:6.1.7.Final]
	at org.hibernate.query.sqm.internal.QuerySqmImpl.list(QuerySqmImpl.java:1073) ~[hibernate-core-6.1.7.Final.jar:6.1.7.Final]
	at org.hibernate.query.spi.AbstractSelectionQuery.getSingleResult(AbstractSelectionQuery.java:457) ~[hibernate-core-6.1.7.Final.jar:6.1.7.Final]
	at org.hibernate.query.sqm.internal.QuerySqmImpl.getSingleResult(QuerySqmImpl.java:1103) ~[hibernate-core-6.1.7.Final.jar:6.1.7.Final]
	at org.springframework.data.jpa.repository.query.JpaQueryExecution$SingleEntityExecution.doExecute(JpaQueryExecution.java:193) ~[spring-data-jpa-3.0.5.jar:3.0.5]
	at org.springframework.data.jpa.repository.query.JpaQueryExecution.execute(JpaQueryExecution.java:90) ~[spring-data-jpa-3.0.5.jar:3.0.5]
	at org.springframework.data.jpa.repository.query.AbstractJpaQuery.doExecute(AbstractJpaQuery.java:148) ~[spring-data-jpa-3.0.5.jar:3.0.5]
	at org.springframework.data.jpa.repository.query.AbstractJpaQuery.execute(AbstractJpaQuery.java:136) ~[spring-data-jpa-3.0.5.jar:3.0.5]
	at org.springframework.data.repository.core.support.RepositoryMethodInvoker.doInvoke(RepositoryMethodInvoker.java:136) ~[spring-data-commons-3.0.5.jar:3.0.5]
	at org.springframework.data.repository.core.support.RepositoryMethodInvoker.invoke(RepositoryMethodInvoker.java:120) ~[spring-data-commons-3.0.5.jar:3.0.5]
	at org.springframework.data.repository.core.support.QueryExecutorMethodInterceptor.doInvoke(QueryExecutorMethodInterceptor.java:164) ~[spring-data-commons-3.0.5.jar:3.0.5]
	at org.springframework.data.repository.core.support.QueryExecutorMethodInterceptor.invoke(QueryExecutorMethodInterceptor.java:143) ~[spring-data-commons-3.0.5.jar:3.0.5]
	at org.springframework.aop.framework.ReflectiveMethodInvocation.proceed(ReflectiveMethodInvocation.java:184) ~[spring-aop-6.0.8.jar:6.0.8]
	at org.springframework.data.projection.DefaultMethodInvokingMethodInterceptor.invoke(DefaultMethodInvokingMethodInterceptor.java:77) ~[spring-data-commons-3.0.5.jar:3.0.5]
	at org.springframework.aop.framework.ReflectiveMethodInvocation.proceed(ReflectiveMethodInvocation.java:184) ~[spring-aop-6.0.8.jar:6.0.8]
	at org.springframework.transaction.interceptor.TransactionInterceptor$1.proceedWithInvocation(TransactionInterceptor.java:123) ~[spring-tx-6.0.8.jar:6.0.8]
	at org.springframework.transaction.interceptor.TransactionAspectSupport.invokeWithinTransaction(TransactionAspectSupport.java:391) ~[spring-tx-6.0.8.jar:6.0.8]
	at org.springframework.transaction.interceptor.TransactionInterceptor.invoke(TransactionInterceptor.java:119) ~[spring-tx-6.0.8.jar:6.0.8]
	at org.springframework.aop.framework.ReflectiveMethodInvocation.proceed(ReflectiveMethodInvocation.java:184) ~[spring-aop-6.0.8.jar:6.0.8]
	at org.springframework.dao.support.PersistenceExceptionTranslationInterceptor.invoke(PersistenceExceptionTranslationInterceptor.java:137) ~[spring-tx-6.0.8.jar:6.0.8]
	at org.springframework.aop.framework.ReflectiveMethodInvocation.proceed(ReflectiveMethodInvocation.java:184) ~[spring-aop-6.0.8.jar:6.0.8]
	at org.springframework.data.jpa.repository.support.CrudMethodMetadataPostProcessor$CrudMethodMetadataPopulatingMethodInterceptor.invoke(CrudMethodMetadataPostProcessor.java:134) ~[spring-data-jpa-3.0.5.jar:3.0.5]
	at org.springframework.aop.framework.ReflectiveMethodInvocation.proceed(ReflectiveMethodInvocation.java:184) ~[spring-aop-6.0.8.jar:6.0.8]
	at org.springframework.aop.interceptor.ExposeInvocationInterceptor.invoke(ExposeInvocationInterceptor.java:97) ~[spring-aop-6.0.8.jar:6.0.8]
	at org.springframework.aop.framework.ReflectiveMethodInvocation.proceed(ReflectiveMethodInvocation.java:184) ~[spring-aop-6.0.8.jar:6.0.8]
	at org.springframework.aop.framework.JdkDynamicAopProxy.invoke(JdkDynamicAopProxy.java:223) ~[spring-aop-6.0.8.jar:6.0.8]
	at jdk.proxy2/jdk.proxy2.$Proxy148.findByUsername(Unknown Source) ~[na:na]
	at com.cash_flow_app.apicashflow.entities_repositories_and_services.base.user.UserService.findByUsername(UserService.java:56) ~[classes/:na]
	at com.cash_flow_app.apicashflow.entities_repositories_and_services.base.security.LoginService.loadUserByUsername(LoginService.java:18) ~[classes/:na]
	at com.cash_flow_app.apicashflow.utils.TokenUtils.getAuthentication(TokenUtils.java:40) ~[classes/:na]
	at com.cash_flow_app.apicashflow.entities_repositories_and_services.base.security.JWTAuthorizationFilter.doFilterInternal(JWTAuthorizationFilter.java:27) ~[classes/:na]
	at org.springframework.web.filter.OncePerRequestFilter.doFilter(OncePerRequestFilter.java:116) ~[spring-web-6.0.8.jar:6.0.8]
	at org.springframework.security.web.ObservationFilterChainDecorator$ObservationFilter.wrapFilter(ObservationFilterChainDecorator.java:185) ~[spring-security-web-6.0.3.jar:6.0.3]
	at org.springframework.security.web.ObservationFilterChainDecorator$ObservationFilter.doFilter(ObservationFilterChainDecorator.java:172) ~[spring-security-web-6.0.3.jar:6.0.3]
	at org.springframework.security.web.ObservationFilterChainDecorator$VirtualFilterChain.doFilter(ObservationFilterChainDecorator.java:133) ~[spring-security-web-6.0.3.jar:6.0.3]
	at org.springframework.security.web.authentication.logout.LogoutFilter.doFilter(LogoutFilter.java:107) ~[spring-security-web-6.0.3.jar:6.0.3]
	at org.springframework.security.web.authentication.logout.LogoutFilter.doFilter(LogoutFilter.java:93) ~[spring-security-web-6.0.3.jar:6.0.3]
	at org.springframework.security.web.ObservationFilterChainDecorator$ObservationFilter.wrapFilter(ObservationFilterChainDecorator.java:185) ~[spring-security-web-6.0.3.jar:6.0.3]
	at org.springframework.security.web.ObservationFilterChainDecorator$ObservationFilter.doFilter(ObservationFilterChainDecorator.java:172) ~[spring-security-web-6.0.3.jar:6.0.3]
	at org.springframework.security.web.ObservationFilterChainDecorator$VirtualFilterChain.doFilter(ObservationFilterChainDecorator.java:133) ~[spring-security-web-6.0.3.jar:6.0.3]
	at org.springframework.web.filter.CorsFilter.doFilterInternal(CorsFilter.java:91) ~[spring-web-6.0.8.jar:6.0.8]
	at org.springframework.web.filter.OncePerRequestFilter.doFilter(OncePerRequestFilter.java:116) ~[spring-web-6.0.8.jar:6.0.8]
	at org.springframework.security.web.ObservationFilterChainDecorator$ObservationFilter.wrapFilter(ObservationFilterChainDecorator.java:185) ~[spring-security-web-6.0.3.jar:6.0.3]
	at org.springframework.security.web.ObservationFilterChainDecorator$ObservationFilter.doFilter(ObservationFilterChainDecorator.java:172) ~[spring-security-web-6.0.3.jar:6.0.3]
	at org.springframework.security.web.ObservationFilterChainDecorator$VirtualFilterChain.doFilter(ObservationFilterChainDecorator.java:133) ~[spring-security-web-6.0.3.jar:6.0.3]
	at org.springframework.security.web.header.HeaderWriterFilter.doHeadersAfter(HeaderWriterFilter.java:90) ~[spring-security-web-6.0.3.jar:6.0.3]
	at org.springframework.security.web.header.HeaderWriterFilter.doFilterInternal(HeaderWriterFilter.java:75) ~[spring-security-web-6.0.3.jar:6.0.3]
	at org.springframework.web.filter.OncePerRequestFilter.doFilter(OncePerRequestFilter.java:116) ~[spring-web-6.0.8.jar:6.0.8]
	at org.springframework.security.web.ObservationFilterChainDecorator$ObservationFilter.wrapFilter(ObservationFilterChainDecorator.java:185) ~[spring-security-web-6.0.3.jar:6.0.3]
	at org.springframework.security.web.ObservationFilterChainDecorator$ObservationFilter.doFilter(ObservationFilterChainDecorator.java:172) ~[spring-security-web-6.0.3.jar:6.0.3]
	at org.springframework.security.web.ObservationFilterChainDecorator$VirtualFilterChain.doFilter(ObservationFilterChainDecorator.java:133) ~[spring-security-web-6.0.3.jar:6.0.3]
	at org.springframework.security.web.context.SecurityContextHolderFilter.doFilter(SecurityContextHolderFilter.java:82) ~[spring-security-web-6.0.3.jar:6.0.3]
	at org.springframework.security.web.context.SecurityContextHolderFilter.doFilter(SecurityContextHolderFilter.java:69) ~[spring-security-web-6.0.3.jar:6.0.3]
	at org.springframework.security.web.ObservationFilterChainDecorator$ObservationFilter.wrapFilter(ObservationFilterChainDecorator.java:185) ~[spring-security-web-6.0.3.jar:6.0.3]
	at org.springframework.security.web.ObservationFilterChainDecorator$ObservationFilter.doFilter(ObservationFilterChainDecorator.java:172) ~[spring-security-web-6.0.3.jar:6.0.3]
	at org.springframework.security.web.ObservationFilterChainDecorator$VirtualFilterChain.doFilter(ObservationFilterChainDecorator.java:133) ~[spring-security-web-6.0.3.jar:6.0.3]
	at org.springframework.security.web.context.request.async.WebAsyncManagerIntegrationFilter.doFilterInternal(WebAsyncManagerIntegrationFilter.java:62) ~[spring-security-web-6.0.3.jar:6.0.3]
	at org.springframework.web.filter.OncePerRequestFilter.doFilter(OncePerRequestFilter.java:116) ~[spring-web-6.0.8.jar:6.0.8]
	at org.springframework.security.web.ObservationFilterChainDecorator$ObservationFilter.wrapFilter(ObservationFilterChainDecorator.java:185) ~[spring-security-web-6.0.3.jar:6.0.3]
	at org.springframework.security.web.ObservationFilterChainDecorator$ObservationFilter.doFilter(ObservationFilterChainDecorator.java:172) ~[spring-security-web-6.0.3.jar:6.0.3]
	at org.springframework.security.web.ObservationFilterChainDecorator$VirtualFilterChain.doFilter(ObservationFilterChainDecorator.java:133) ~[spring-security-web-6.0.3.jar:6.0.3]
	at org.springframework.security.web.session.ForceEagerSessionCreationFilter.doFilterInternal(ForceEagerSessionCreationFilter.java:45) ~[spring-security-web-6.0.3.jar:6.0.3]
	at org.springframework.web.filter.OncePerRequestFilter.doFilter(OncePerRequestFilter.java:116) ~[spring-web-6.0.8.jar:6.0.8]
	at org.springframework.security.web.ObservationFilterChainDecorator$ObservationFilter.wrapFilter(ObservationFilterChainDecorator.java:185) ~[spring-security-web-6.0.3.jar:6.0.3]
	at org.springframework.security.web.ObservationFilterChainDecorator$ObservationFilter.doFilter(ObservationFilterChainDecorator.java:172) ~[spring-security-web-6.0.3.jar:6.0.3]
	at org.springframework.security.web.ObservationFilterChainDecorator$VirtualFilterChain.doFilter(ObservationFilterChainDecorator.java:133) ~[spring-security-web-6.0.3.jar:6.0.3]
	at org.springframework.security.web.session.DisableEncodeUrlFilter.doFilterInternal(DisableEncodeUrlFilter.java:42) ~[spring-security-web-6.0.3.jar:6.0.3]
	at org.springframework.web.filter.OncePerRequestFilter.doFilter(OncePerRequestFilter.java:116) ~[spring-web-6.0.8.jar:6.0.8]
	at org.springframework.security.web.ObservationFilterChainDecorator$ObservationFilter.wrapFilter(ObservationFilterChainDecorator.java:185) ~[spring-security-web-6.0.3.jar:6.0.3]
	at org.springframework.security.web.ObservationFilterChainDecorator$AroundFilterObservation$SimpleAroundFilterObservation.lambda$wrap$0(ObservationFilterChainDecorator.java:268) ~[spring-security-web-6.0.3.jar:6.0.3]
	at org.springframework.security.web.ObservationFilterChainDecorator$ObservationFilter.doFilter(ObservationFilterChainDecorator.java:169) ~[spring-security-web-6.0.3.jar:6.0.3]
	at org.springframework.security.web.ObservationFilterChainDecorator$VirtualFilterChain.doFilter(ObservationFilterChainDecorator.java:133) ~[spring-security-web-6.0.3.jar:6.0.3]
	at org.springframework.security.web.FilterChainProxy.doFilterInternal(FilterChainProxy.java:233) ~[spring-security-web-6.0.3.jar:6.0.3]
	at org.springframework.security.web.FilterChainProxy.doFilter(FilterChainProxy.java:191) ~[spring-security-web-6.0.3.jar:6.0.3]
	at org.springframework.web.filter.DelegatingFilterProxy.invokeDelegate(DelegatingFilterProxy.java:352) ~[spring-web-6.0.8.jar:6.0.8]
	at org.springframework.web.filter.DelegatingFilterProxy.doFilter(DelegatingFilterProxy.java:268) ~[spring-web-6.0.8.jar:6.0.8]
	at org.springframework.mock.web.MockFilterChain.doFilter(MockFilterChain.java:132) ~[spring-test-6.0.8.jar:6.0.8]
	at org.springframework.web.filter.RequestContextFilter.doFilterInternal(RequestContextFilter.java:100) ~[spring-web-6.0.8.jar:6.0.8]
	at org.springframework.web.filter.OncePerRequestFilter.doFilter(OncePerRequestFilter.java:116) ~[spring-web-6.0.8.jar:6.0.8]
	at org.springframework.mock.web.MockFilterChain.doFilter(MockFilterChain.java:132) ~[spring-test-6.0.8.jar:6.0.8]
	at org.springframework.web.filter.FormContentFilter.doFilterInternal(FormContentFilter.java:93) ~[spring-web-6.0.8.jar:6.0.8]
	at org.springframework.web.filter.OncePerRequestFilter.doFilter(OncePerRequestFilter.java:116) ~[spring-web-6.0.8.jar:6.0.8]
	at org.springframework.mock.web.MockFilterChain.doFilter(MockFilterChain.java:132) ~[spring-test-6.0.8.jar:6.0.8]
	at org.springframework.web.filter.ServerHttpObservationFilter.doFilterInternal(ServerHttpObservationFilter.java:109) ~[spring-web-6.0.8.jar:6.0.8]
	at org.springframework.web.filter.OncePerRequestFilter.doFilter(OncePerRequestFilter.java:116) ~[spring-web-6.0.8.jar:6.0.8]
	at org.springframework.mock.web.MockFilterChain.doFilter(MockFilterChain.java:132) ~[spring-test-6.0.8.jar:6.0.8]
	at org.springframework.web.filter.CharacterEncodingFilter.doFilterInternal(CharacterEncodingFilter.java:201) ~[spring-web-6.0.8.jar:6.0.8]
	at org.springframework.web.filter.OncePerRequestFilter.doFilter(OncePerRequestFilter.java:116) ~[spring-web-6.0.8.jar:6.0.8]
	at org.springframework.mock.web.MockFilterChain.doFilter(MockFilterChain.java:132) ~[spring-test-6.0.8.jar:6.0.8]
	at org.springframework.test.web.servlet.MockMvc.perform(MockMvc.java:201) ~[spring-test-6.0.8.jar:6.0.8]
	at com.cash_flow_app.apicashflow.controller.AccountControllerTest.deleteAccount(AccountControllerTest.java:172) ~[test-classes/:na]
	at java.base/jdk.internal.reflect.DirectMethodHandleAccessor.invoke(DirectMethodHandleAccessor.java:104) ~[na:na]
	at java.base/java.lang.reflect.Method.invoke(Method.java:578) ~[na:na]
	at org.junit.platform.commons.util.ReflectionUtils.invokeMethod(ReflectionUtils.java:727) ~[junit-platform-commons-1.9.2.jar:1.9.2]
	at org.junit.jupiter.engine.execution.MethodInvocation.proceed(MethodInvocation.java:60) ~[junit-jupiter-engine-5.9.2.jar:5.9.2]
	at org.junit.jupiter.engine.execution.InvocationInterceptorChain$ValidatingInvocation.proceed(InvocationInterceptorChain.java:131) ~[junit-jupiter-engine-5.9.2.jar:5.9.2]
	at org.junit.jupiter.engine.extension.TimeoutExtension.intercept(TimeoutExtension.java:156) ~[junit-jupiter-engine-5.9.2.jar:5.9.2]
	at org.junit.jupiter.engine.extension.TimeoutExtension.interceptTestableMethod(TimeoutExtension.java:147) ~[junit-jupiter-engine-5.9.2.jar:5.9.2]
	at org.junit.jupiter.engine.extension.TimeoutExtension.interceptTestMethod(TimeoutExtension.java:86) ~[junit-jupiter-engine-5.9.2.jar:5.9.2]
	at org.junit.jupiter.engine.execution.InterceptingExecutableInvoker$ReflectiveInterceptorCall.lambda$ofVoidMethod$0(InterceptingExecutableInvoker.java:103) ~[junit-jupiter-engine-5.9.2.jar:5.9.2]
	at org.junit.jupiter.engine.execution.InterceptingExecutableInvoker.lambda$invoke$0(InterceptingExecutableInvoker.java:93) ~[junit-jupiter-engine-5.9.2.jar:5.9.2]
	at org.junit.jupiter.engine.execution.InvocationInterceptorChain$InterceptedInvocation.proceed(InvocationInterceptorChain.java:106) ~[junit-jupiter-engine-5.9.2.jar:5.9.2]
	at org.junit.jupiter.engine.execution.InvocationInterceptorChain.proceed(InvocationInterceptorChain.java:64) ~[junit-jupiter-engine-5.9.2.jar:5.9.2]
	at org.junit.jupiter.engine.execution.InvocationInterceptorChain.chainAndInvoke(InvocationInterceptorChain.java:45) ~[junit-jupiter-engine-5.9.2.jar:5.9.2]
	at org.junit.jupiter.engine.execution.InvocationInterceptorChain.invoke(InvocationInterceptorChain.java:37) ~[junit-jupiter-engine-5.9.2.jar:5.9.2]
	at org.junit.jupiter.engine.execution.InterceptingExecutableInvoker.invoke(InterceptingExecutableInvoker.java:92) ~[junit-jupiter-engine-5.9.2.jar:5.9.2]
	at org.junit.jupiter.engine.execution.InterceptingExecutableInvoker.invoke(InterceptingExecutableInvoker.java:86) ~[junit-jupiter-engine-5.9.2.jar:5.9.2]
	at org.junit.jupiter.engine.descriptor.TestMethodTestDescriptor.lambda$invokeTestMethod$7(TestMethodTestDescriptor.java:217) ~[junit-jupiter-engine-5.9.2.jar:5.9.2]
	at org.junit.platform.engine.support.hierarchical.ThrowableCollector.execute(ThrowableCollector.java:73) ~[junit-platform-engine-1.9.2.jar:1.9.2]
	at org.junit.jupiter.engine.descriptor.TestMethodTestDescriptor.invokeTestMethod(TestMethodTestDescriptor.java:213) ~[junit-jupiter-engine-5.9.2.jar:5.9.2]
	at org.junit.jupiter.engine.descriptor.TestMethodTestDescriptor.execute(TestMethodTestDescriptor.java:138) ~[junit-jupiter-engine-5.9.2.jar:5.9.2]
	at org.junit.jupiter.engine.descriptor.TestMethodTestDescriptor.execute(TestMethodTestDescriptor.java:68) ~[junit-jupiter-engine-5.9.2.jar:5.9.2]
	at org.junit.platform.engine.support.hierarchical.NodeTestTask.lambda$executeRecursively$6(NodeTestTask.java:151) ~[junit-platform-engine-1.9.2.jar:1.9.2]
	at org.junit.platform.engine.support.hierarchical.ThrowableCollector.execute(ThrowableCollector.java:73) ~[junit-platform-engine-1.9.2.jar:1.9.2]
	at org.junit.platform.engine.support.hierarchical.NodeTestTask.lambda$executeRecursively$8(NodeTestTask.java:141) ~[junit-platform-engine-1.9.2.jar:1.9.2]
	at org.junit.platform.engine.support.hierarchical.Node.around(Node.java:137) ~[junit-platform-engine-1.9.2.jar:1.9.2]
	at org.junit.platform.engine.support.hierarchical.NodeTestTask.lambda$executeRecursively$9(NodeTestTask.java:139) ~[junit-platform-engine-1.9.2.jar:1.9.2]
	at org.junit.platform.engine.support.hierarchical.ThrowableCollector.execute(ThrowableCollector.java:73) ~[junit-platform-engine-1.9.2.jar:1.9.2]
	at org.junit.platform.engine.support.hierarchical.NodeTestTask.executeRecursively(NodeTestTask.java:138) ~[junit-platform-engine-1.9.2.jar:1.9.2]
	at org.junit.platform.engine.support.hierarchical.NodeTestTask.execute(NodeTestTask.java:95) ~[junit-platform-engine-1.9.2.jar:1.9.2]
	at java.base/java.util.ArrayList.forEach(ArrayList.java:1511) ~[na:na]
	at org.junit.platform.engine.support.hierarchical.SameThreadHierarchicalTestExecutorService.invokeAll(SameThreadHierarchicalTestExecutorService.java:41) ~[junit-platform-engine-1.9.2.jar:1.9.2]
	at org.junit.platform.engine.support.hierarchical.NodeTestTask.lambda$executeRecursively$6(NodeTestTask.java:155) ~[junit-platform-engine-1.9.2.jar:1.9.2]
	at org.junit.platform.engine.support.hierarchical.ThrowableCollector.execute(ThrowableCollector.java:73) ~[junit-platform-engine-1.9.2.jar:1.9.2]
	at org.junit.platform.engine.support.hierarchical.NodeTestTask.lambda$executeRecursively$8(NodeTestTask.java:141) ~[junit-platform-engine-1.9.2.jar:1.9.2]
	at org.junit.platform.engine.support.hierarchical.Node.around(Node.java:137) ~[junit-platform-engine-1.9.2.jar:1.9.2]
	at org.junit.platform.engine.support.hierarchical.NodeTestTask.lambda$executeRecursively$9(NodeTestTask.java:139) ~[junit-platform-engine-1.9.2.jar:1.9.2]
	at org.junit.platform.engine.support.hierarchical.ThrowableCollector.execute(ThrowableCollector.java:73) ~[junit-platform-engine-1.9.2.jar:1.9.2]
	at org.junit.platform.engine.support.hierarchical.NodeTestTask.executeRecursively(NodeTestTask.java:138) ~[junit-platform-engine-1.9.2.jar:1.9.2]
	at org.junit.platform.engine.support.hierarchical.NodeTestTask.execute(NodeTestTask.java:95) ~[junit-platform-engine-1.9.2.jar:1.9.2]
	at java.base/java.util.ArrayList.forEach(ArrayList.java:1511) ~[na:na]
	at org.junit.platform.engine.support.hierarchical.SameThreadHierarchicalTestExecutorService.invokeAll(SameThreadHierarchicalTestExecutorService.java:41) ~[junit-platform-engine-1.9.2.jar:1.9.2]
	at org.junit.platform.engine.support.hierarchical.NodeTestTask.lambda$executeRecursively$6(NodeTestTask.java:155) ~[junit-platform-engine-1.9.2.jar:1.9.2]
	at org.junit.platform.engine.support.hierarchical.ThrowableCollector.execute(ThrowableCollector.java:73) ~[junit-platform-engine-1.9.2.jar:1.9.2]
	at org.junit.platform.engine.support.hierarchical.NodeTestTask.lambda$executeRecursively$8(NodeTestTask.java:141) ~[junit-platform-engine-1.9.2.jar:1.9.2]
	at org.junit.platform.engine.support.hierarchical.Node.around(Node.java:137) ~[junit-platform-engine-1.9.2.jar:1.9.2]
	at org.junit.platform.engine.support.hierarchical.NodeTestTask.lambda$executeRecursively$9(NodeTestTask.java:139) ~[junit-platform-engine-1.9.2.jar:1.9.2]
	at org.junit.platform.engine.support.hierarchical.ThrowableCollector.execute(ThrowableCollector.java:73) ~[junit-platform-engine-1.9.2.jar:1.9.2]
	at org.junit.platform.engine.support.hierarchical.NodeTestTask.executeRecursively(NodeTestTask.java:138) ~[junit-platform-engine-1.9.2.jar:1.9.2]
	at org.junit.platform.engine.support.hierarchical.NodeTestTask.execute(NodeTestTask.java:95) ~[junit-platform-engine-1.9.2.jar:1.9.2]
	at org.junit.platform.engine.support.hierarchical.SameThreadHierarchicalTestExecutorService.submit(SameThreadHierarchicalTestExecutorService.java:35) ~[junit-platform-engine-1.9.2.jar:1.9.2]
	at org.junit.platform.engine.support.hierarchical.HierarchicalTestExecutor.execute(HierarchicalTestExecutor.java:57) ~[junit-platform-engine-1.9.2.jar:1.9.2]
	at org.junit.platform.engine.support.hierarchical.HierarchicalTestEngine.execute(HierarchicalTestEngine.java:54) ~[junit-platform-engine-1.9.2.jar:1.9.2]
	at org.junit.platform.launcher.core.DefaultLauncher.execute(DefaultLauncher.java:220) ~[junit-platform-launcher-1.3.1.jar:1.3.1]
	at org.junit.platform.launcher.core.DefaultLauncher.lambda$execute$6(DefaultLauncher.java:188) ~[junit-platform-launcher-1.3.1.jar:1.3.1]
	at org.junit.platform.launcher.core.DefaultLauncher.withInterceptedStreams(DefaultLauncher.java:202) ~[junit-platform-launcher-1.3.1.jar:1.3.1]
	at org.junit.platform.launcher.core.DefaultLauncher.execute(DefaultLauncher.java:181) ~[junit-platform-launcher-1.3.1.jar:1.3.1]
	at org.junit.platform.launcher.core.DefaultLauncher.execute(DefaultLauncher.java:128) ~[junit-platform-launcher-1.3.1.jar:1.3.1]
	at org.apache.maven.surefire.junitplatform.JUnitPlatformProvider.invokeAllTests(JUnitPlatformProvider.java:150) ~[surefire-junit-platform-2.22.2.jar:2.22.2]
	at org.apache.maven.surefire.junitplatform.JUnitPlatformProvider.invoke(JUnitPlatformProvider.java:124) ~[surefire-junit-platform-2.22.2.jar:2.22.2]
	at org.apache.maven.surefire.booter.ForkedBooter.invokeProviderInSameClassLoader(ForkedBooter.java:384) ~[surefire-booter-2.22.2.jar:2.22.2]
	at org.apache.maven.surefire.booter.ForkedBooter.runSuitesInProcess(ForkedBooter.java:345) ~[surefire-booter-2.22.2.jar:2.22.2]
	at org.apache.maven.surefire.booter.ForkedBooter.execute(ForkedBooter.java:126) ~[surefire-booter-2.22.2.jar:2.22.2]
	at org.apache.maven.surefire.booter.ForkedBooter.main(ForkedBooter.java:418) ~[surefire-booter-2.22.2.jar:2.22.2]

2023-11-28T22:11:56.600-05:00  WARN 27472 --- [           main] o.h.engine.jdbc.spi.SqlExceptionHelper   : SQL Error: 0, SQLState: 23505
2023-11-28T22:11:56.600-05:00 ERROR 27472 --- [           main] o.h.engine.jdbc.spi.SqlExceptionHelper   : ERROR: duplicate key value violates unique constraint "user_account_pkey"
  Detail: Key (user_id, account_id)=(4fc05fd3-cbab-4688-bf61-2855e1869127, 75c9940f-04b2-4526-9003-43a501066774) already exists.
2023-11-28T22:11:56.601-05:00  INFO 27472 --- [           main] o.h.e.j.b.internal.AbstractBatchImpl     : HHH000010: On release of batch it still contained JDBC statements
2023-11-28T22:11:56.602-05:00 DEBUG 27472 --- [           main] cResourceLocalTransactionCoordinatorImpl : JDBC transaction marked for rollback-only (exception provided for stack trace)

java.lang.Exception: exception just for purpose of providing stack trace
	at org.hibernate.resource.transaction.backend.jdbc.internal.JdbcResourceLocalTransactionCoordinatorImpl$TransactionDriverControlImpl.markRollbackOnly(JdbcResourceLocalTransactionCoordinatorImpl.java:324) ~[hibernate-core-6.1.7.Final.jar:6.1.7.Final]
	at org.hibernate.engine.transaction.internal.TransactionImpl.markRollbackOnly(TransactionImpl.java:203) ~[hibernate-core-6.1.7.Final.jar:6.1.7.Final]
	at org.hibernate.internal.AbstractSharedSessionContract.markForRollbackOnly(AbstractSharedSessionContract.java:434) ~[hibernate-core-6.1.7.Final.jar:6.1.7.Final]
	at org.hibernate.internal.ExceptionConverterImpl.handlePersistenceException(ExceptionConverterImpl.java:291) ~[hibernate-core-6.1.7.Final.jar:6.1.7.Final]
	at org.hibernate.internal.ExceptionConverterImpl.convert(ExceptionConverterImpl.java:168) ~[hibernate-core-6.1.7.Final.jar:6.1.7.Final]
	at org.hibernate.query.spi.AbstractSelectionQuery.list(AbstractSelectionQuery.java:374) ~[hibernate-core-6.1.7.Final.jar:6.1.7.Final]
	at org.hibernate.query.sqm.internal.QuerySqmImpl.list(QuerySqmImpl.java:1073) ~[hibernate-core-6.1.7.Final.jar:6.1.7.Final]
	at org.hibernate.query.spi.AbstractSelectionQuery.getSingleResult(AbstractSelectionQuery.java:457) ~[hibernate-core-6.1.7.Final.jar:6.1.7.Final]
	at org.hibernate.query.sqm.internal.QuerySqmImpl.getSingleResult(QuerySqmImpl.java:1103) ~[hibernate-core-6.1.7.Final.jar:6.1.7.Final]
	at org.springframework.data.jpa.repository.query.JpaQueryExecution$SingleEntityExecution.doExecute(JpaQueryExecution.java:193) ~[spring-data-jpa-3.0.5.jar:3.0.5]
	at org.springframework.data.jpa.repository.query.JpaQueryExecution.execute(JpaQueryExecution.java:90) ~[spring-data-jpa-3.0.5.jar:3.0.5]
	at org.springframework.data.jpa.repository.query.AbstractJpaQuery.doExecute(AbstractJpaQuery.java:148) ~[spring-data-jpa-3.0.5.jar:3.0.5]
	at org.springframework.data.jpa.repository.query.AbstractJpaQuery.execute(AbstractJpaQuery.java:136) ~[spring-data-jpa-3.0.5.jar:3.0.5]
	at org.springframework.data.repository.core.support.RepositoryMethodInvoker.doInvoke(RepositoryMethodInvoker.java:136) ~[spring-data-commons-3.0.5.jar:3.0.5]
	at org.springframework.data.repository.core.support.RepositoryMethodInvoker.invoke(RepositoryMethodInvoker.java:120) ~[spring-data-commons-3.0.5.jar:3.0.5]
	at org.springframework.data.repository.core.support.QueryExecutorMethodInterceptor.doInvoke(QueryExecutorMethodInterceptor.java:164) ~[spring-data-commons-3.0.5.jar:3.0.5]
	at org.springframework.data.repository.core.support.QueryExecutorMethodInterceptor.invoke(QueryExecutorMethodInterceptor.java:143) ~[spring-data-commons-3.0.5.jar:3.0.5]
	at org.springframework.aop.framework.ReflectiveMethodInvocation.proceed(ReflectiveMethodInvocation.java:184) ~[spring-aop-6.0.8.jar:6.0.8]
	at org.springframework.data.projection.DefaultMethodInvokingMethodInterceptor.invoke(DefaultMethodInvokingMethodInterceptor.java:77) ~[spring-data-commons-3.0.5.jar:3.0.5]
	at org.springframework.aop.framework.ReflectiveMethodInvocation.proceed(ReflectiveMethodInvocation.java:184) ~[spring-aop-6.0.8.jar:6.0.8]
	at org.springframework.transaction.interceptor.TransactionInterceptor$1.proceedWithInvocation(TransactionInterceptor.java:123) ~[spring-tx-6.0.8.jar:6.0.8]
	at org.springframework.transaction.interceptor.TransactionAspectSupport.invokeWithinTransaction(TransactionAspectSupport.java:391) ~[spring-tx-6.0.8.jar:6.0.8]
	at org.springframework.transaction.interceptor.TransactionInterceptor.invoke(TransactionInterceptor.java:119) ~[spring-tx-6.0.8.jar:6.0.8]
	at org.springframework.aop.framework.ReflectiveMethodInvocation.proceed(ReflectiveMethodInvocation.java:184) ~[spring-aop-6.0.8.jar:6.0.8]
	at org.springframework.dao.support.PersistenceExceptionTranslationInterceptor.invoke(PersistenceExceptionTranslationInterceptor.java:137) ~[spring-tx-6.0.8.jar:6.0.8]
	at org.springframework.aop.framework.ReflectiveMethodInvocation.proceed(ReflectiveMethodInvocation.java:184) ~[spring-aop-6.0.8.jar:6.0.8]
	at org.springframework.data.jpa.repository.support.CrudMethodMetadataPostProcessor$CrudMethodMetadataPopulatingMethodInterceptor.invoke(CrudMethodMetadataPostProcessor.java:134) ~[spring-data-jpa-3.0.5.jar:3.0.5]
	at org.springframework.aop.framework.ReflectiveMethodInvocation.proceed(ReflectiveMethodInvocation.java:184) ~[spring-aop-6.0.8.jar:6.0.8]
	at org.springframework.aop.interceptor.ExposeInvocationInterceptor.invoke(ExposeInvocationInterceptor.java:97) ~[spring-aop-6.0.8.jar:6.0.8]
	at org.springframework.aop.framework.ReflectiveMethodInvocation.proceed(ReflectiveMethodInvocation.java:184) ~[spring-aop-6.0.8.jar:6.0.8]
	at org.springframework.aop.framework.JdkDynamicAopProxy.invoke(JdkDynamicAopProxy.java:223) ~[spring-aop-6.0.8.jar:6.0.8]
	at jdk.proxy2/jdk.proxy2.$Proxy148.findByUsername(Unknown Source) ~[na:na]
	at com.cash_flow_app.apicashflow.entities_repositories_and_services.base.user.UserService.findByUsername(UserService.java:56) ~[classes/:na]
	at com.cash_flow_app.apicashflow.entities_repositories_and_services.base.security.LoginService.loadUserByUsername(LoginService.java:18) ~[classes/:na]
	at com.cash_flow_app.apicashflow.utils.TokenUtils.getAuthentication(TokenUtils.java:40) ~[classes/:na]
	at com.cash_flow_app.apicashflow.entities_repositories_and_services.base.security.JWTAuthorizationFilter.doFilterInternal(JWTAuthorizationFilter.java:27) ~[classes/:na]
	at org.springframework.web.filter.OncePerRequestFilter.doFilter(OncePerRequestFilter.java:116) ~[spring-web-6.0.8.jar:6.0.8]
	at org.springframework.security.web.ObservationFilterChainDecorator$ObservationFilter.wrapFilter(ObservationFilterChainDecorator.java:185) ~[spring-security-web-6.0.3.jar:6.0.3]
	at org.springframework.security.web.ObservationFilterChainDecorator$ObservationFilter.doFilter(ObservationFilterChainDecorator.java:172) ~[spring-security-web-6.0.3.jar:6.0.3]
	at org.springframework.security.web.ObservationFilterChainDecorator$VirtualFilterChain.doFilter(ObservationFilterChainDecorator.java:133) ~[spring-security-web-6.0.3.jar:6.0.3]
	at org.springframework.security.web.authentication.logout.LogoutFilter.doFilter(LogoutFilter.java:107) ~[spring-security-web-6.0.3.jar:6.0.3]
	at org.springframework.security.web.authentication.logout.LogoutFilter.doFilter(LogoutFilter.java:93) ~[spring-security-web-6.0.3.jar:6.0.3]
	at org.springframework.security.web.ObservationFilterChainDecorator$ObservationFilter.wrapFilter(ObservationFilterChainDecorator.java:185) ~[spring-security-web-6.0.3.jar:6.0.3]
	at org.springframework.security.web.ObservationFilterChainDecorator$ObservationFilter.doFilter(ObservationFilterChainDecorator.java:172) ~[spring-security-web-6.0.3.jar:6.0.3]
	at org.springframework.security.web.ObservationFilterChainDecorator$VirtualFilterChain.doFilter(ObservationFilterChainDecorator.java:133) ~[spring-security-web-6.0.3.jar:6.0.3]
	at org.springframework.web.filter.CorsFilter.doFilterInternal(CorsFilter.java:91) ~[spring-web-6.0.8.jar:6.0.8]
	at org.springframework.web.filter.OncePerRequestFilter.doFilter(OncePerRequestFilter.java:116) ~[spring-web-6.0.8.jar:6.0.8]
	at org.springframework.security.web.ObservationFilterChainDecorator$ObservationFilter.wrapFilter(ObservationFilterChainDecorator.java:185) ~[spring-security-web-6.0.3.jar:6.0.3]
	at org.springframework.security.web.ObservationFilterChainDecorator$ObservationFilter.doFilter(ObservationFilterChainDecorator.java:172) ~[spring-security-web-6.0.3.jar:6.0.3]
	at org.springframework.security.web.ObservationFilterChainDecorator$VirtualFilterChain.doFilter(ObservationFilterChainDecorator.java:133) ~[spring-security-web-6.0.3.jar:6.0.3]
	at org.springframework.security.web.header.HeaderWriterFilter.doHeadersAfter(HeaderWriterFilter.java:90) ~[spring-security-web-6.0.3.jar:6.0.3]
	at org.springframework.security.web.header.HeaderWriterFilter.doFilterInternal(HeaderWriterFilter.java:75) ~[spring-security-web-6.0.3.jar:6.0.3]
	at org.springframework.web.filter.OncePerRequestFilter.doFilter(OncePerRequestFilter.java:116) ~[spring-web-6.0.8.jar:6.0.8]
	at org.springframework.security.web.ObservationFilterChainDecorator$ObservationFilter.wrapFilter(ObservationFilterChainDecorator.java:185) ~[spring-security-web-6.0.3.jar:6.0.3]
	at org.springframework.security.web.ObservationFilterChainDecorator$ObservationFilter.doFilter(ObservationFilterChainDecorator.java:172) ~[spring-security-web-6.0.3.jar:6.0.3]
	at org.springframework.security.web.ObservationFilterChainDecorator$VirtualFilterChain.doFilter(ObservationFilterChainDecorator.java:133) ~[spring-security-web-6.0.3.jar:6.0.3]
	at org.springframework.security.web.context.SecurityContextHolderFilter.doFilter(SecurityContextHolderFilter.java:82) ~[spring-security-web-6.0.3.jar:6.0.3]
	at org.springframework.security.web.context.SecurityContextHolderFilter.doFilter(SecurityContextHolderFilter.java:69) ~[spring-security-web-6.0.3.jar:6.0.3]
	at org.springframework.security.web.ObservationFilterChainDecorator$ObservationFilter.wrapFilter(ObservationFilterChainDecorator.java:185) ~[spring-security-web-6.0.3.jar:6.0.3]
	at org.springframework.security.web.ObservationFilterChainDecorator$ObservationFilter.doFilter(ObservationFilterChainDecorator.java:172) ~[spring-security-web-6.0.3.jar:6.0.3]
	at org.springframework.security.web.ObservationFilterChainDecorator$VirtualFilterChain.doFilter(ObservationFilterChainDecorator.java:133) ~[spring-security-web-6.0.3.jar:6.0.3]
	at org.springframework.security.web.context.request.async.WebAsyncManagerIntegrationFilter.doFilterInternal(WebAsyncManagerIntegrationFilter.java:62) ~[spring-security-web-6.0.3.jar:6.0.3]
	at org.springframework.web.filter.OncePerRequestFilter.doFilter(OncePerRequestFilter.java:116) ~[spring-web-6.0.8.jar:6.0.8]
	at org.springframework.security.web.ObservationFilterChainDecorator$ObservationFilter.wrapFilter(ObservationFilterChainDecorator.java:185) ~[spring-security-web-6.0.3.jar:6.0.3]
	at org.springframework.security.web.ObservationFilterChainDecorator$ObservationFilter.doFilter(ObservationFilterChainDecorator.java:172) ~[spring-security-web-6.0.3.jar:6.0.3]
	at org.springframework.security.web.ObservationFilterChainDecorator$VirtualFilterChain.doFilter(ObservationFilterChainDecorator.java:133) ~[spring-security-web-6.0.3.jar:6.0.3]
	at org.springframework.security.web.session.ForceEagerSessionCreationFilter.doFilterInternal(ForceEagerSessionCreationFilter.java:45) ~[spring-security-web-6.0.3.jar:6.0.3]
	at org.springframework.web.filter.OncePerRequestFilter.doFilter(OncePerRequestFilter.java:116) ~[spring-web-6.0.8.jar:6.0.8]
	at org.springframework.security.web.ObservationFilterChainDecorator$ObservationFilter.wrapFilter(ObservationFilterChainDecorator.java:185) ~[spring-security-web-6.0.3.jar:6.0.3]
	at org.springframework.security.web.ObservationFilterChainDecorator$ObservationFilter.doFilter(ObservationFilterChainDecorator.java:172) ~[spring-security-web-6.0.3.jar:6.0.3]
	at org.springframework.security.web.ObservationFilterChainDecorator$VirtualFilterChain.doFilter(ObservationFilterChainDecorator.java:133) ~[spring-security-web-6.0.3.jar:6.0.3]
	at org.springframework.security.web.session.DisableEncodeUrlFilter.doFilterInternal(DisableEncodeUrlFilter.java:42) ~[spring-security-web-6.0.3.jar:6.0.3]
	at org.springframework.web.filter.OncePerRequestFilter.doFilter(OncePerRequestFilter.java:116) ~[spring-web-6.0.8.jar:6.0.8]
	at org.springframework.security.web.ObservationFilterChainDecorator$ObservationFilter.wrapFilter(ObservationFilterChainDecorator.java:185) ~[spring-security-web-6.0.3.jar:6.0.3]
	at org.springframework.security.web.ObservationFilterChainDecorator$AroundFilterObservation$SimpleAroundFilterObservation.lambda$wrap$0(ObservationFilterChainDecorator.java:268) ~[spring-security-web-6.0.3.jar:6.0.3]
	at org.springframework.security.web.ObservationFilterChainDecorator$ObservationFilter.doFilter(ObservationFilterChainDecorator.java:169) ~[spring-security-web-6.0.3.jar:6.0.3]
	at org.springframework.security.web.ObservationFilterChainDecorator$VirtualFilterChain.doFilter(ObservationFilterChainDecorator.java:133) ~[spring-security-web-6.0.3.jar:6.0.3]
	at org.springframework.security.web.FilterChainProxy.doFilterInternal(FilterChainProxy.java:233) ~[spring-security-web-6.0.3.jar:6.0.3]
	at org.springframework.security.web.FilterChainProxy.doFilter(FilterChainProxy.java:191) ~[spring-security-web-6.0.3.jar:6.0.3]
	at org.springframework.web.filter.DelegatingFilterProxy.invokeDelegate(DelegatingFilterProxy.java:352) ~[spring-web-6.0.8.jar:6.0.8]
	at org.springframework.web.filter.DelegatingFilterProxy.doFilter(DelegatingFilterProxy.java:268) ~[spring-web-6.0.8.jar:6.0.8]
	at org.springframework.mock.web.MockFilterChain.doFilter(MockFilterChain.java:132) ~[spring-test-6.0.8.jar:6.0.8]
	at org.springframework.web.filter.RequestContextFilter.doFilterInternal(RequestContextFilter.java:100) ~[spring-web-6.0.8.jar:6.0.8]
	at org.springframework.web.filter.OncePerRequestFilter.doFilter(OncePerRequestFilter.java:116) ~[spring-web-6.0.8.jar:6.0.8]
	at org.springframework.mock.web.MockFilterChain.doFilter(MockFilterChain.java:132) ~[spring-test-6.0.8.jar:6.0.8]
	at org.springframework.web.filter.FormContentFilter.doFilterInternal(FormContentFilter.java:93) ~[spring-web-6.0.8.jar:6.0.8]
	at org.springframework.web.filter.OncePerRequestFilter.doFilter(OncePerRequestFilter.java:116) ~[spring-web-6.0.8.jar:6.0.8]
	at org.springframework.mock.web.MockFilterChain.doFilter(MockFilterChain.java:132) ~[spring-test-6.0.8.jar:6.0.8]
	at org.springframework.web.filter.ServerHttpObservationFilter.doFilterInternal(ServerHttpObservationFilter.java:109) ~[spring-web-6.0.8.jar:6.0.8]
	at org.springframework.web.filter.OncePerRequestFilter.doFilter(OncePerRequestFilter.java:116) ~[spring-web-6.0.8.jar:6.0.8]
	at org.springframework.mock.web.MockFilterChain.doFilter(MockFilterChain.java:132) ~[spring-test-6.0.8.jar:6.0.8]
	at org.springframework.web.filter.CharacterEncodingFilter.doFilterInternal(CharacterEncodingFilter.java:201) ~[spring-web-6.0.8.jar:6.0.8]
	at org.springframework.web.filter.OncePerRequestFilter.doFilter(OncePerRequestFilter.java:116) ~[spring-web-6.0.8.jar:6.0.8]
	at org.springframework.mock.web.MockFilterChain.doFilter(MockFilterChain.java:132) ~[spring-test-6.0.8.jar:6.0.8]
	at org.springframework.test.web.servlet.MockMvc.perform(MockMvc.java:201) ~[spring-test-6.0.8.jar:6.0.8]
	at com.cash_flow_app.apicashflow.controller.AccountControllerTest.deleteAccount(AccountControllerTest.java:172) ~[test-classes/:na]
	at java.base/jdk.internal.reflect.DirectMethodHandleAccessor.invoke(DirectMethodHandleAccessor.java:104) ~[na:na]
	at java.base/java.lang.reflect.Method.invoke(Method.java:578) ~[na:na]
	at org.junit.platform.commons.util.ReflectionUtils.invokeMethod(ReflectionUtils.java:727) ~[junit-platform-commons-1.9.2.jar:1.9.2]
	at org.junit.jupiter.engine.execution.MethodInvocation.proceed(MethodInvocation.java:60) ~[junit-jupiter-engine-5.9.2.jar:5.9.2]
	at org.junit.jupiter.engine.execution.InvocationInterceptorChain$ValidatingInvocation.proceed(InvocationInterceptorChain.java:131) ~[junit-jupiter-engine-5.9.2.jar:5.9.2]
	at org.junit.jupiter.engine.extension.TimeoutExtension.intercept(TimeoutExtension.java:156) ~[junit-jupiter-engine-5.9.2.jar:5.9.2]
	at org.junit.jupiter.engine.extension.TimeoutExtension.interceptTestableMethod(TimeoutExtension.java:147) ~[junit-jupiter-engine-5.9.2.jar:5.9.2]
	at org.junit.jupiter.engine.extension.TimeoutExtension.interceptTestMethod(TimeoutExtension.java:86) ~[junit-jupiter-engine-5.9.2.jar:5.9.2]
	at org.junit.jupiter.engine.execution.InterceptingExecutableInvoker$ReflectiveInterceptorCall.lambda$ofVoidMethod$0(InterceptingExecutableInvoker.java:103) ~[junit-jupiter-engine-5.9.2.jar:5.9.2]
	at org.junit.jupiter.engine.execution.InterceptingExecutableInvoker.lambda$invoke$0(InterceptingExecutableInvoker.java:93) ~[junit-jupiter-engine-5.9.2.jar:5.9.2]
	at org.junit.jupiter.engine.execution.InvocationInterceptorChain$InterceptedInvocation.proceed(InvocationInterceptorChain.java:106) ~[junit-jupiter-engine-5.9.2.jar:5.9.2]
	at org.junit.jupiter.engine.execution.InvocationInterceptorChain.proceed(InvocationInterceptorChain.java:64) ~[junit-jupiter-engine-5.9.2.jar:5.9.2]
	at org.junit.jupiter.engine.execution.InvocationInterceptorChain.chainAndInvoke(InvocationInterceptorChain.java:45) ~[junit-jupiter-engine-5.9.2.jar:5.9.2]
	at org.junit.jupiter.engine.execution.InvocationInterceptorChain.invoke(InvocationInterceptorChain.java:37) ~[junit-jupiter-engine-5.9.2.jar:5.9.2]
	at org.junit.jupiter.engine.execution.InterceptingExecutableInvoker.invoke(InterceptingExecutableInvoker.java:92) ~[junit-jupiter-engine-5.9.2.jar:5.9.2]
	at org.junit.jupiter.engine.execution.InterceptingExecutableInvoker.invoke(InterceptingExecutableInvoker.java:86) ~[junit-jupiter-engine-5.9.2.jar:5.9.2]
	at org.junit.jupiter.engine.descriptor.TestMethodTestDescriptor.lambda$invokeTestMethod$7(TestMethodTestDescriptor.java:217) ~[junit-jupiter-engine-5.9.2.jar:5.9.2]
	at org.junit.platform.engine.support.hierarchical.ThrowableCollector.execute(ThrowableCollector.java:73) ~[junit-platform-engine-1.9.2.jar:1.9.2]
	at org.junit.jupiter.engine.descriptor.TestMethodTestDescriptor.invokeTestMethod(TestMethodTestDescriptor.java:213) ~[junit-jupiter-engine-5.9.2.jar:5.9.2]
	at org.junit.jupiter.engine.descriptor.TestMethodTestDescriptor.execute(TestMethodTestDescriptor.java:138) ~[junit-jupiter-engine-5.9.2.jar:5.9.2]
	at org.junit.jupiter.engine.descriptor.TestMethodTestDescriptor.execute(TestMethodTestDescriptor.java:68) ~[junit-jupiter-engine-5.9.2.jar:5.9.2]
	at org.junit.platform.engine.support.hierarchical.NodeTestTask.lambda$executeRecursively$6(NodeTestTask.java:151) ~[junit-platform-engine-1.9.2.jar:1.9.2]
	at org.junit.platform.engine.support.hierarchical.ThrowableCollector.execute(ThrowableCollector.java:73) ~[junit-platform-engine-1.9.2.jar:1.9.2]
	at org.junit.platform.engine.support.hierarchical.NodeTestTask.lambda$executeRecursively$8(NodeTestTask.java:141) ~[junit-platform-engine-1.9.2.jar:1.9.2]
	at org.junit.platform.engine.support.hierarchical.Node.around(Node.java:137) ~[junit-platform-engine-1.9.2.jar:1.9.2]
	at org.junit.platform.engine.support.hierarchical.NodeTestTask.lambda$executeRecursively$9(NodeTestTask.java:139) ~[junit-platform-engine-1.9.2.jar:1.9.2]
	at org.junit.platform.engine.support.hierarchical.ThrowableCollector.execute(ThrowableCollector.java:73) ~[junit-platform-engine-1.9.2.jar:1.9.2]
	at org.junit.platform.engine.support.hierarchical.NodeTestTask.executeRecursively(NodeTestTask.java:138) ~[junit-platform-engine-1.9.2.jar:1.9.2]
	at org.junit.platform.engine.support.hierarchical.NodeTestTask.execute(NodeTestTask.java:95) ~[junit-platform-engine-1.9.2.jar:1.9.2]
	at java.base/java.util.ArrayList.forEach(ArrayList.java:1511) ~[na:na]
	at org.junit.platform.engine.support.hierarchical.SameThreadHierarchicalTestExecutorService.invokeAll(SameThreadHierarchicalTestExecutorService.java:41) ~[junit-platform-engine-1.9.2.jar:1.9.2]
	at org.junit.platform.engine.support.hierarchical.NodeTestTask.lambda$executeRecursively$6(NodeTestTask.java:155) ~[junit-platform-engine-1.9.2.jar:1.9.2]
	at org.junit.platform.engine.support.hierarchical.ThrowableCollector.execute(ThrowableCollector.java:73) ~[junit-platform-engine-1.9.2.jar:1.9.2]
	at org.junit.platform.engine.support.hierarchical.NodeTestTask.lambda$executeRecursively$8(NodeTestTask.java:141) ~[junit-platform-engine-1.9.2.jar:1.9.2]
	at org.junit.platform.engine.support.hierarchical.Node.around(Node.java:137) ~[junit-platform-engine-1.9.2.jar:1.9.2]
	at org.junit.platform.engine.support.hierarchical.NodeTestTask.lambda$executeRecursively$9(NodeTestTask.java:139) ~[junit-platform-engine-1.9.2.jar:1.9.2]
	at org.junit.platform.engine.support.hierarchical.ThrowableCollector.execute(ThrowableCollector.java:73) ~[junit-platform-engine-1.9.2.jar:1.9.2]
	at org.junit.platform.engine.support.hierarchical.NodeTestTask.executeRecursively(NodeTestTask.java:138) ~[junit-platform-engine-1.9.2.jar:1.9.2]
	at org.junit.platform.engine.support.hierarchical.NodeTestTask.execute(NodeTestTask.java:95) ~[junit-platform-engine-1.9.2.jar:1.9.2]
	at java.base/java.util.ArrayList.forEach(ArrayList.java:1511) ~[na:na]
	at org.junit.platform.engine.support.hierarchical.SameThreadHierarchicalTestExecutorService.invokeAll(SameThreadHierarchicalTestExecutorService.java:41) ~[junit-platform-engine-1.9.2.jar:1.9.2]
	at org.junit.platform.engine.support.hierarchical.NodeTestTask.lambda$executeRecursively$6(NodeTestTask.java:155) ~[junit-platform-engine-1.9.2.jar:1.9.2]
	at org.junit.platform.engine.support.hierarchical.ThrowableCollector.execute(ThrowableCollector.java:73) ~[junit-platform-engine-1.9.2.jar:1.9.2]
	at org.junit.platform.engine.support.hierarchical.NodeTestTask.lambda$executeRecursively$8(NodeTestTask.java:141) ~[junit-platform-engine-1.9.2.jar:1.9.2]
	at org.junit.platform.engine.support.hierarchical.Node.around(Node.java:137) ~[junit-platform-engine-1.9.2.jar:1.9.2]
	at org.junit.platform.engine.support.hierarchical.NodeTestTask.lambda$executeRecursively$9(NodeTestTask.java:139) ~[junit-platform-engine-1.9.2.jar:1.9.2]
	at org.junit.platform.engine.support.hierarchical.ThrowableCollector.execute(ThrowableCollector.java:73) ~[junit-platform-engine-1.9.2.jar:1.9.2]
	at org.junit.platform.engine.support.hierarchical.NodeTestTask.executeRecursively(NodeTestTask.java:138) ~[junit-platform-engine-1.9.2.jar:1.9.2]
	at org.junit.platform.engine.support.hierarchical.NodeTestTask.execute(NodeTestTask.java:95) ~[junit-platform-engine-1.9.2.jar:1.9.2]
	at org.junit.platform.engine.support.hierarchical.SameThreadHierarchicalTestExecutorService.submit(SameThreadHierarchicalTestExecutorService.java:35) ~[junit-platform-engine-1.9.2.jar:1.9.2]
	at org.junit.platform.engine.support.hierarchical.HierarchicalTestExecutor.execute(HierarchicalTestExecutor.java:57) ~[junit-platform-engine-1.9.2.jar:1.9.2]
	at org.junit.platform.engine.support.hierarchical.HierarchicalTestEngine.execute(HierarchicalTestEngine.java:54) ~[junit-platform-engine-1.9.2.jar:1.9.2]
	at org.junit.platform.launcher.core.DefaultLauncher.execute(DefaultLauncher.java:220) ~[junit-platform-launcher-1.3.1.jar:1.3.1]
	at org.junit.platform.launcher.core.DefaultLauncher.lambda$execute$6(DefaultLauncher.java:188) ~[junit-platform-launcher-1.3.1.jar:1.3.1]
	at org.junit.platform.launcher.core.DefaultLauncher.withInterceptedStreams(DefaultLauncher.java:202) ~[junit-platform-launcher-1.3.1.jar:1.3.1]
	at org.junit.platform.launcher.core.DefaultLauncher.execute(DefaultLauncher.java:181) ~[junit-platform-launcher-1.3.1.jar:1.3.1]
	at org.junit.platform.launcher.core.DefaultLauncher.execute(DefaultLauncher.java:128) ~[junit-platform-launcher-1.3.1.jar:1.3.1]
	at org.apache.maven.surefire.junitplatform.JUnitPlatformProvider.invokeAllTests(JUnitPlatformProvider.java:150) ~[surefire-junit-platform-2.22.2.jar:2.22.2]
	at org.apache.maven.surefire.junitplatform.JUnitPlatformProvider.invoke(JUnitPlatformProvider.java:124) ~[surefire-junit-platform-2.22.2.jar:2.22.2]
	at org.apache.maven.surefire.booter.ForkedBooter.invokeProviderInSameClassLoader(ForkedBooter.java:384) ~[surefire-booter-2.22.2.jar:2.22.2]
	at org.apache.maven.surefire.booter.ForkedBooter.runSuitesInProcess(ForkedBooter.java:345) ~[surefire-booter-2.22.2.jar:2.22.2]
	at org.apache.maven.surefire.booter.ForkedBooter.execute(ForkedBooter.java:126) ~[surefire-booter-2.22.2.jar:2.22.2]
	at org.apache.maven.surefire.booter.ForkedBooter.main(ForkedBooter.java:418) ~[surefire-booter-2.22.2.jar:2.22.2]

2023-11-28T22:11:56.604-05:00 DEBUG 27472 --- [           main] org.springframework.test.context.cache   : Spring test ApplicationContext cache statistics: [DefaultContextCache@8caffbd size = 3, maxSize = 32, parentContextCount = 0, hitCount = 234, missCount = 3]
2023-11-28T22:11:56.604-05:00 DEBUG 27472 --- [           main] org.springframework.test.context.cache   : Spring test ApplicationContext cache statistics: [DefaultContextCache@8caffbd size = 3, maxSize = 32, parentContextCount = 0, hitCount = 235, missCount = 3]
2023-11-28T22:11:56.604-05:00 DEBUG 27472 --- [           main] org.springframework.test.context.cache   : Spring test ApplicationContext cache statistics: [DefaultContextCache@8caffbd size = 3, maxSize = 32, parentContextCount = 0, hitCount = 236, missCount = 3]

MockHttpServletRequest:
      HTTP Method = POST
      Request URI = /api/v1/user/signup
       Parameters = {_csrf=[Nlbgnz3FR4C_aml3DMmm5BUFuVwEc6nK6o92nKxbXSmfgbHwVDfWqQj2d7aSUwtFPOSSgiI2lD5mQsjnj-4T_cpiOBuusIGT]}
          Headers = [Content-Type:"application/json;charset=UTF-8", Content-Length:"171"]
             Body = {"username":"usuario_test","password":"123456","authorities":[{"endpoint":"Account","actions":["CREATE","READ","DELETE"]},{"endpoint":"User","actions":["CREATE","READ"]}]}
    Session Attrs = {}

Handler:
             Type = com.cash_flow_app.apicashflow.controller.UserController
           Method = com.cash_flow_app.apicashflow.controller.UserController#signup(UserDto)

Async:
    Async started = false
     Async result = null

Resolved Exception:
             Type = null

ModelAndView:
        View name = null
             View = null
            Model = null

FlashMap:
       Attributes = null

MockHttpServletResponse:
           Status = 200
    Error message = null
          Headers = [Vary:"Origin", "Access-Control-Request-Method", "Access-Control-Request-Headers", Content-Type:"application/json", X-Content-Type-Options:"nosniff", X-XSS-Protection:"0", Cache-Control:"no-cache, no-store, max-age=0, must-revalidate", Pragma:"no-cache", Expires:"0", X-Frame-Options:"DENY"]
     Content type = application/json
             Body = {"username":"usuario_test","password":null,"token_auth":"eyJhbGciOiJIUzUxMiJ9.eyJzdWIiOiJ1c3VhcmlvX3Rlc3QiLCJleHAiOjE3MDM4MTk1MTZ9.l6DN9L0InVbUiu8VUQUEZBevB0d6b6zYwWzlFbQsUInKKLgH5z3DE_okrlRNDrVFkHJD_tYqVFtk1Jd1GUv4mQ","authorities":[{"endpoint":"Account","actions":["CREATE","READ","DELETE"]},{"endpoint":"User","actions":["CREATE","READ"]}]}
    Forwarded URL = null
   Redirected URL = null
          Cookies = []

MockHttpServletRequest:
      HTTP Method = POST
      Request URI = /api/v1/user/login
       Parameters = {_csrf=[J7s2mZXvfUn5J8E12a2V-mEr4YcrpkUHqhNlx8VS6if81eNlFIhQ_6DcH3rUFvRR74ChyVRJzOVJwHIqm3FT8qAzjhCf4oJT]}
          Headers = [Content-Type:"application/json;charset=UTF-8", Content-Length:"52"]
             Body = { "username": "usuario_test", "password": "123456" }
    Session Attrs = {}

Handler:
             Type = null

Async:
    Async started = false
     Async result = null

Resolved Exception:
             Type = null

ModelAndView:
        View name = null
             View = null
            Model = null

FlashMap:
       Attributes = null

MockHttpServletResponse:
           Status = 200
    Error message = null
          Headers = [Vary:"Origin", "Access-Control-Request-Method", "Access-Control-Request-Headers", Authorization:"Bearer eyJhbGciOiJIUzUxMiJ9.eyJzdWIiOiJ1c3VhcmlvX3Rlc3QiLCJleHAiOjE3MDM4MTk1MTZ9.l6DN9L0InVbUiu8VUQUEZBevB0d6b6zYwWzlFbQsUInKKLgH5z3DE_okrlRNDrVFkHJD_tYqVFtk1Jd1GUv4mQ", Access-Control-Expose-Headers:"Authorization", X-Content-Type-Options:"nosniff", X-XSS-Protection:"0", Cache-Control:"no-cache, no-store, max-age=0, must-revalidate", Pragma:"no-cache", Expires:"0", X-Frame-Options:"DENY"]
     Content type = null
             Body = 
    Forwarded URL = null
   Redirected URL = null
          Cookies = []

MockHttpServletRequest:
      HTTP Method = POST
      Request URI = /api/v1/account/create
       Parameters = {_csrf=[_qn6oC_yptUKxS2_ROMQ1wcikbK_MHlsyrJc7gGYfmXTYqq-y5zMmRuTx-Un8UzaJs4k52YUvNCHU0xB8oc63jCvTQfkBJKN]}
          Headers = [Content-Type:"application/json;charset=UTF-8", Authorization:"Bearer eyJhbGciOiJIUzUxMiJ9.eyJzdWIiOiJ1c3VhcmlvX3Rlc3QiLCJleHAiOjE3MDM4MTk1MTZ9.l6DN9L0InVbUiu8VUQUEZBevB0d6b6zYwWzlFbQsUInKKLgH5z3DE_okrlRNDrVFkHJD_tYqVFtk1Jd1GUv4mQ", Content-Length:"74"]
             Body = {"id":null,"description":"descripcion de cuenta","users":["usuario_test"]}
    Session Attrs = {SPRING_SECURITY_CONTEXT=SecurityContextImpl [Authentication=UsernamePasswordAuthenticationToken [Principal=usuario_test, Credentials=[PROTECTED], Authenticated=true, Details=null, Granted Authorities=[ENDPOINT_ACCOUNT_PERMISSION_CREATE, ENDPOINT_ACCOUNT_PERMISSION_READ, ENDPOINT_ACCOUNT_PERMISSION_DELETE, ENDPOINT_USER_PERMISSION_CREATE, ENDPOINT_USER_PERMISSION_READ]]]}

Handler:
             Type = com.cash_flow_app.apicashflow.controller.AccountController
           Method = com.cash_flow_app.apicashflow.controller.AccountController#create(AccountDto)

Async:
    Async started = false
     Async result = null

Resolved Exception:
             Type = null

ModelAndView:
        View name = null
             View = null
            Model = null

FlashMap:
       Attributes = null

MockHttpServletResponse:
           Status = 200
    Error message = null
          Headers = [Vary:"Origin", "Access-Control-Request-Method", "Access-Control-Request-Headers", Content-Type:"application/json", X-Content-Type-Options:"nosniff", X-XSS-Protection:"0", Cache-Control:"no-cache, no-store, max-age=0, must-revalidate", Pragma:"no-cache", Expires:"0", X-Frame-Options:"DENY"]
     Content type = application/json
             Body = {"id":"75c9940f-04b2-4526-9003-43a501066774","description":"descripcion de cuenta","users":["usuario_test","usuario_test"]}
    Forwarded URL = null
   Redirected URL = null
          Cookies = []
2023-11-28T22:11:56.605-05:00 DEBUG 27472 --- [           main] org.springframework.test.context.cache   : Spring test ApplicationContext cache statistics: [DefaultContextCache@8caffbd size = 3, maxSize = 32, parentContextCount = 0, hitCount = 237, missCount = 3]
2023-11-28T22:11:56.605-05:00 DEBUG 27472 --- [           main] org.springframework.test.context.cache   : Spring test ApplicationContext cache statistics: [DefaultContextCache@8caffbd size = 3, maxSize = 32, parentContextCount = 0, hitCount = 238, missCount = 3]
2023-11-28T22:11:56.605-05:00 DEBUG 27472 --- [           main] org.springframework.test.context.cache   : Spring test ApplicationContext cache statistics: [DefaultContextCache@8caffbd size = 3, maxSize = 32, parentContextCount = 0, hitCount = 239, missCount = 3]
2023-11-28T22:11:56.605-05:00 DEBUG 27472 --- [           main] org.springframework.test.context.cache   : Spring test ApplicationContext cache statistics: [DefaultContextCache@8caffbd size = 3, maxSize = 32, parentContextCount = 0, hitCount = 240, missCount = 3]
2023-11-28T22:11:56.605-05:00 DEBUG 27472 --- [           main] o.s.orm.jpa.JpaTransactionManager        : Initiating transaction rollback
2023-11-28T22:11:56.605-05:00 DEBUG 27472 --- [           main] o.s.orm.jpa.JpaTransactionManager        : Rolling back JPA transaction on EntityManager [SessionImpl(2029572460<open>)]
2023-11-28T22:11:56.605-05:00 DEBUG 27472 --- [           main] o.h.e.t.internal.TransactionImpl         : rolling back
2023-11-28T22:11:56.606-05:00 DEBUG 27472 --- [           main] org.postgresql.jdbc.PgConnection         :   setAutoCommit = true
2023-11-28T22:11:56.606-05:00 DEBUG 27472 --- [           main] o.s.orm.jpa.JpaTransactionManager        : Closing JPA EntityManager [SessionImpl(2029572460<open>)] after transaction
2023-11-28T22:11:56.606-05:00 DEBUG 27472 --- [           main] o.h.e.jdbc.internal.JdbcCoordinatorImpl  : HHH000420: Closing un-released batch
2023-11-28T22:11:56.606-05:00 DEBUG 27472 --- [           main] o.s.t.c.transaction.TransactionContext   : Rolled back transaction (1) for test class [com.cash_flow_app.apicashflow.controller.AccountControllerTest]; test method [deleteAccount]
2023-11-28T22:11:56.606-05:00 DEBUG 27472 --- [           main] tractDirtiesContextTestExecutionListener : After test method: class [AccountControllerTest], method [deleteAccount], class annotated with @DirtiesContext [false] with mode [null], method annotated with @DirtiesContext [false] with mode [null]
2023-11-28T22:11:56.606-05:00 DEBUG 27472 --- [           main] o.s.t.c.w.ServletTestExecutionListener   : Resetting RequestContextHolder for test class com.cash_flow_app.apicashflow.controller.AccountControllerTest
]]></system-out>
  </testcase>
  <testcase name="create" classname="com.cash_flow_app.apicashflow.controller.AccountControllerTest" time="0.178"/>
  <testcase name="getAccount" classname="com.cash_flow_app.apicashflow.controller.AccountControllerTest" time="0.181">
    <error message="could not execute statement; SQL [n/a]; constraint [user_account_pkey]" type="org.springframework.dao.DataIntegrityViolationException">org.springframework.dao.DataIntegrityViolationException: could not execute statement; SQL [n/a]; constraint [user_account_pkey]
	at com.cash_flow_app.apicashflow.controller.AccountControllerTest.getAccount(AccountControllerTest.java:114)
Caused by: org.hibernate.exception.ConstraintViolationException: could not execute statement
	at com.cash_flow_app.apicashflow.controller.AccountControllerTest.getAccount(AccountControllerTest.java:114)
Caused by: org.postgresql.util.PSQLException: 
ERROR: duplicate key value violates unique constraint "user_account_pkey"
  Detail: Key (user_id, account_id)=(e1a5dd46-6507-4069-a2ae-3ffd0e1511e4, 8f781b5d-2bf0-4f4a-b2ee-e3b08bb75e87) already exists.
	at com.cash_flow_app.apicashflow.controller.AccountControllerTest.getAccount(AccountControllerTest.java:114)
</error>
    <system-out><![CDATA[2023-11-28T22:11:56.785-05:00 DEBUG 27472 --- [           main] org.springframework.test.context.cache   : Spring test ApplicationContext cache statistics: [DefaultContextCache@8caffbd size = 3, maxSize = 32, parentContextCount = 0, hitCount = 255, missCount = 3]
2023-11-28T22:11:56.785-05:00 DEBUG 27472 --- [           main] o.s.t.c.w.ServletTestExecutionListener   : Setting up MockHttpServletRequest, MockHttpServletResponse, ServletWebRequest, and RequestContextHolder for test class com.cash_flow_app.apicashflow.controller.AccountControllerTest
2023-11-28T22:11:56.785-05:00 DEBUG 27472 --- [           main] DependencyInjectionTestExecutionListener : Performing dependency injection for test class com.cash_flow_app.apicashflow.controller.AccountControllerTest
2023-11-28T22:11:56.786-05:00 DEBUG 27472 --- [           main] org.springframework.test.context.cache   : Spring test ApplicationContext cache statistics: [DefaultContextCache@8caffbd size = 3, maxSize = 32, parentContextCount = 0, hitCount = 256, missCount = 3]
2023-11-28T22:11:56.786-05:00 DEBUG 27472 --- [           main] org.springframework.test.context.cache   : Spring test ApplicationContext cache statistics: [DefaultContextCache@8caffbd size = 3, maxSize = 32, parentContextCount = 0, hitCount = 257, missCount = 3]
2023-11-28T22:11:56.786-05:00 DEBUG 27472 --- [           main] tractDirtiesContextTestExecutionListener : Before test method: class [AccountControllerTest], method [getAccount], class annotated with @DirtiesContext [false] with mode [null], method annotated with @DirtiesContext [false] with mode [null]
2023-11-28T22:11:56.786-05:00 DEBUG 27472 --- [           main] t.c.t.TransactionalTestExecutionListener : Explicit transaction definition [PROPAGATION_REQUIRED,ISOLATION_DEFAULT] found for test class [com.cash_flow_app.apicashflow.controller.AccountControllerTest] and test method [getAccount]
2023-11-28T22:11:56.786-05:00 DEBUG 27472 --- [           main] org.springframework.test.context.cache   : Spring test ApplicationContext cache statistics: [DefaultContextCache@8caffbd size = 3, maxSize = 32, parentContextCount = 0, hitCount = 258, missCount = 3]
2023-11-28T22:11:56.786-05:00 DEBUG 27472 --- [           main] t.c.t.TransactionalTestExecutionListener : No method-level @Rollback override: using default rollback [true] for test method [void com.cash_flow_app.apicashflow.controller.AccountControllerTest.getAccount() throws java.lang.Exception]
2023-11-28T22:11:56.786-05:00 DEBUG 27472 --- [           main] o.s.orm.jpa.JpaTransactionManager        : Creating new transaction with name [com.cash_flow_app.apicashflow.controller.AccountControllerTest.getAccount]: PROPAGATION_REQUIRED,ISOLATION_DEFAULT
2023-11-28T22:11:56.786-05:00 DEBUG 27472 --- [           main] o.s.orm.jpa.JpaTransactionManager        : Opened new EntityManager [SessionImpl(151380361<open>)] for JPA transaction
2023-11-28T22:11:56.786-05:00 DEBUG 27472 --- [           main] o.h.e.t.internal.TransactionImpl         : On TransactionImpl creation, JpaCompliance#isJpaTransactionComplianceEnabled == false
2023-11-28T22:11:56.786-05:00 DEBUG 27472 --- [           main] o.h.e.t.internal.TransactionImpl         : begin
2023-11-28T22:11:56.786-05:00 DEBUG 27472 --- [           main] org.postgresql.jdbc.PgConnection         :   setAutoCommit = false
2023-11-28T22:11:56.786-05:00 DEBUG 27472 --- [           main] o.s.orm.jpa.JpaTransactionManager        : Exposing JPA transaction as JDBC [org.springframework.orm.jpa.vendor.HibernateJpaDialect$HibernateConnectionHandle@7b31281b]
2023-11-28T22:11:56.786-05:00 DEBUG 27472 --- [           main] o.s.t.c.transaction.TransactionContext   : Began transaction (1) for test class [com.cash_flow_app.apicashflow.controller.AccountControllerTest]; test method [getAccount]; transaction manager [org.springframework.orm.jpa.JpaTransactionManager@6448679f]; rollback [true]
2023-11-28T22:11:56.786-05:00 DEBUG 27472 --- [           main] org.springframework.test.context.cache   : Spring test ApplicationContext cache statistics: [DefaultContextCache@8caffbd size = 3, maxSize = 32, parentContextCount = 0, hitCount = 259, missCount = 3]
2023-11-28T22:11:56.786-05:00 DEBUG 27472 --- [           main] org.springframework.test.context.cache   : Spring test ApplicationContext cache statistics: [DefaultContextCache@8caffbd size = 3, maxSize = 32, parentContextCount = 0, hitCount = 260, missCount = 3]
2023-11-28T22:11:56.787-05:00 DEBUG 27472 --- [           main] o.s.test.util.ReflectionTestUtils        : Invoking method 'getFilters' on target object [FilterChainProxy[Filter Chains: [DefaultSecurityFilterChain [RequestMatcher=any request, Filters=[org.springframework.security.web.session.DisableEncodeUrlFilter@120e3ebb, org.springframework.security.web.session.ForceEagerSessionCreationFilter@753f1c3e, org.springframework.security.web.context.request.async.WebAsyncManagerIntegrationFilter@5e9af5d4, org.springframework.security.web.context.SecurityContextHolderFilter@1d18e5ad, org.springframework.security.web.header.HeaderWriterFilter@73b68d98, org.springframework.web.filter.CorsFilter@7863e6b2, org.springframework.security.web.authentication.logout.LogoutFilter@1e5a8278, JWTAuthorizationFilter(loginService=com.cash_flow_app.apicashflow.entities_repositories_and_services.base.security.LoginService@508b9c16), com.cash_flow_app.apicashflow.entities_repositories_and_services.base.security.JWTAuthenticationFilter@6fd2b939, org.springframework.security.web.savedrequest.RequestCacheAwareFilter@11def039, org.springframework.security.web.servletapi.SecurityContextHolderAwareRequestFilter@564375d7, org.springframework.security.web.authentication.AnonymousAuthenticationFilter@c4aa99e, org.springframework.security.web.session.SessionManagementFilter@69af6978, org.springframework.security.web.access.ExceptionTranslationFilter@4469046b, org.springframework.security.web.access.intercept.AuthorizationFilter@588d2e90]]]]] or target class [null] with arguments {org.springframework.mock.web.MockHttpServletRequest@5381acc6}
2023-11-28T22:11:56.787-05:00 DEBUG 27472 --- [           main] o.s.test.util.ReflectionTestUtils        : Invoking method 'getFilters' on target object [FilterChainProxy[Filter Chains: [DefaultSecurityFilterChain [RequestMatcher=any request, Filters=[org.springframework.security.web.session.DisableEncodeUrlFilter@120e3ebb, org.springframework.security.web.session.ForceEagerSessionCreationFilter@753f1c3e, org.springframework.security.web.context.request.async.WebAsyncManagerIntegrationFilter@5e9af5d4, org.springframework.security.web.context.SecurityContextHolderFilter@1d18e5ad, org.springframework.security.web.header.HeaderWriterFilter@73b68d98, org.springframework.web.filter.CorsFilter@7863e6b2, org.springframework.security.web.authentication.logout.LogoutFilter@1e5a8278, JWTAuthorizationFilter(loginService=com.cash_flow_app.apicashflow.entities_repositories_and_services.base.security.LoginService@508b9c16), com.cash_flow_app.apicashflow.entities_repositories_and_services.base.security.JWTAuthenticationFilter@6fd2b939, org.springframework.security.web.savedrequest.RequestCacheAwareFilter@11def039, org.springframework.security.web.servletapi.SecurityContextHolderAwareRequestFilter@564375d7, org.springframework.security.web.authentication.AnonymousAuthenticationFilter@c4aa99e, org.springframework.security.web.session.SessionManagementFilter@69af6978, org.springframework.security.web.access.ExceptionTranslationFilter@4469046b, org.springframework.security.web.access.intercept.AuthorizationFilter@588d2e90]]]]] or target class [null] with arguments {org.springframework.mock.web.MockHttpServletRequest@5381acc6}
2023-11-28T22:11:56.787-05:00 DEBUG 27472 --- [           main] o.s.test.util.ReflectionTestUtils        : Invoking method 'getFilters' on target object [FilterChainProxy[Filter Chains: [DefaultSecurityFilterChain [RequestMatcher=any request, Filters=[org.springframework.security.web.session.DisableEncodeUrlFilter@120e3ebb, org.springframework.security.web.session.ForceEagerSessionCreationFilter@753f1c3e, org.springframework.security.web.context.request.async.WebAsyncManagerIntegrationFilter@5e9af5d4, org.springframework.security.web.context.SecurityContextHolderFilter@1d18e5ad, org.springframework.security.web.header.HeaderWriterFilter@73b68d98, org.springframework.web.filter.CorsFilter@7863e6b2, org.springframework.security.web.authentication.logout.LogoutFilter@1e5a8278, JWTAuthorizationFilter(loginService=com.cash_flow_app.apicashflow.entities_repositories_and_services.base.security.LoginService@508b9c16), com.cash_flow_app.apicashflow.entities_repositories_and_services.base.security.JWTAuthenticationFilter@6fd2b939, org.springframework.security.web.savedrequest.RequestCacheAwareFilter@11def039, org.springframework.security.web.servletapi.SecurityContextHolderAwareRequestFilter@564375d7, org.springframework.security.web.authentication.AnonymousAuthenticationFilter@c4aa99e, org.springframework.security.web.session.SessionManagementFilter@69af6978, org.springframework.security.web.access.ExceptionTranslationFilter@4469046b, org.springframework.security.web.access.intercept.AuthorizationFilter@588d2e90]]]]] or target class [null] with arguments {org.springframework.mock.web.MockHttpServletRequest@5381acc6}
2023-11-28T22:11:56.787-05:00 DEBUG 27472 --- [           main] o.s.security.web.FilterChainProxy        : Securing POST /api/v1/user/signup
2023-11-28T22:11:56.787-05:00 DEBUG 27472 --- [           main] .s.s.w.s.ForceEagerSessionCreationFilter : Created session eagerly
2023-11-28T22:11:56.788-05:00 DEBUG 27472 --- [           main] o.s.s.w.a.AnonymousAuthenticationFilter  : Set SecurityContextHolder to anonymous SecurityContext
2023-11-28T22:11:56.788-05:00 DEBUG 27472 --- [           main] s.w.s.m.m.a.RequestMappingHandlerMapping : Mapped to com.cash_flow_app.apicashflow.controller.UserController#signup(UserDto)
2023-11-28T22:11:56.788-05:00 DEBUG 27472 --- [           main] s.w.s.m.m.a.RequestMappingHandlerMapping : Mapped to com.cash_flow_app.apicashflow.controller.UserController#signup(UserDto)
2023-11-28T22:11:56.788-05:00 DEBUG 27472 --- [           main] s.w.s.m.m.a.RequestMappingHandlerMapping : Mapped to com.cash_flow_app.apicashflow.controller.UserController#signup(UserDto)
2023-11-28T22:11:56.788-05:00 DEBUG 27472 --- [           main] s.w.s.m.m.a.RequestMappingHandlerMapping : Mapped to com.cash_flow_app.apicashflow.controller.UserController#signup(UserDto)
2023-11-28T22:11:56.788-05:00 DEBUG 27472 --- [           main] s.w.s.m.m.a.RequestMappingHandlerMapping : Mapped to com.cash_flow_app.apicashflow.controller.UserController#signup(UserDto)
2023-11-28T22:11:56.788-05:00 DEBUG 27472 --- [           main] s.w.s.m.m.a.RequestMappingHandlerMapping : Mapped to com.cash_flow_app.apicashflow.controller.UserController#signup(UserDto)
2023-11-28T22:11:56.788-05:00 DEBUG 27472 --- [           main] s.w.s.m.m.a.RequestMappingHandlerMapping : Mapped to com.cash_flow_app.apicashflow.controller.UserController#signup(UserDto)
2023-11-28T22:11:56.788-05:00 DEBUG 27472 --- [           main] o.s.security.web.FilterChainProxy        : Secured POST /api/v1/user/signup
2023-11-28T22:11:56.788-05:00 DEBUG 27472 --- [           main] o.s.t.web.servlet.TestDispatcherServlet  : POST "/api/v1/user/signup", parameters={masked}
2023-11-28T22:11:56.788-05:00 DEBUG 27472 --- [           main] s.w.s.m.m.a.RequestMappingHandlerMapping : Mapped to com.cash_flow_app.apicashflow.controller.UserController#signup(UserDto)
2023-11-28T22:11:56.789-05:00 DEBUG 27472 --- [           main] m.m.a.RequestResponseBodyMethodProcessor : Read "application/json;charset=UTF-8" to [UserDto(username=usuario_test, password=123456, authorities=[{endpoint=Account, actions=[CREATE, REA (truncated)...]
2023-11-28T22:11:56.789-05:00 DEBUG 27472 --- [           main] org.hibernate.orm.sql.ast.create         : Created new SQL alias : a1_0
2023-11-28T22:11:56.789-05:00 DEBUG 27472 --- [           main] org.hibernate.orm.sql.ast.create         : Registration of TableGroup [StandardTableGroup(com.cash_flow_app.apicashflow.entities_repositories_and_services.base.authority.Authority(35202161494041))] with identifierForTableGroup [com.cash_flow_app.apicashflow.entities_repositories_and_services.base.authority.Authority] for NavigablePath [com.cash_flow_app.apicashflow.entities_repositories_and_services.base.authority.Authority] 
2023-11-28T22:11:56.789-05:00 DEBUG 27472 --- [           main] o.h.q.sqm.sql.BaseSqmToSqlAstConverter   : Determining mapping-model type for SqmParameter : org.hibernate.query.sqm.tree.expression.SqmJpaCriteriaParameterWrapper@16db679e
2023-11-28T22:11:56.789-05:00 DEBUG 27472 --- [           main] o.h.q.sqm.sql.BaseSqmToSqlAstConverter   : Determining mapping-model type for SqmPath : SqmBasicValuedSimplePath(com.cash_flow_app.apicashflow.entities_repositories_and_services.base.authority.Authority(35202161494041).permission) 
2023-11-28T22:11:56.789-05:00 DEBUG 27472 --- [           main] o.h.q.sqm.sql.BaseSqmToSqlAstConverter   : Determining mapping-model type for SqmParameter : org.hibernate.query.sqm.tree.expression.SqmJpaCriteriaParameterWrapper@3074d565
2023-11-28T22:11:56.789-05:00 DEBUG 27472 --- [           main] o.h.q.sqm.sql.BaseSqmToSqlAstConverter   : Determining mapping-model type for SqmPath : SqmBasicValuedSimplePath(com.cash_flow_app.apicashflow.entities_repositories_and_services.base.authority.Authority(35202161494041).endpoint) 
2023-11-28T22:11:56.789-05:00 DEBUG 27472 --- [           main] org.hibernate.orm.results.graph.AST      : DomainResult Graph:
 \-EntityResultImpl [com.cash_flow_app.apicashflow.entities_repositories_and_services.base.authority.Authority(35202161494041)]
 |  +-BasicFetch [com.cash_flow_app.apicashflow.entities_repositories_and_services.base.authority.Authority(35202161494041).endpoint]
 |  \-BasicFetch [com.cash_flow_app.apicashflow.entities_repositories_and_services.base.authority.Authority(35202161494041).permission]

2023-11-28T22:11:56.789-05:00 DEBUG 27472 --- [           main] org.hibernate.orm.sql.ast.tree           : SQL AST Tree:
    SelectStatement {
      FromClause {
        StandardTableGroup (a1 : com.cash_flow_app.apicashflow.entities_repositories_and_services.base.authority.Authority(35202161494041)) {
          primaryTableReference : authorities as a1_0
        }
      }
    }

2023-11-28T22:11:56.789-05:00 DEBUG 27472 --- [           main] org.hibernate.orm.sql.exec               : Skipping reading Query result cache data: cache-enabled = false, cache-mode = NORMAL
2023-11-28T22:11:56.789-05:00 DEBUG 27472 --- [           main] org.hibernate.orm.results                : Initializer list
2023-11-28T22:11:56.789-05:00 DEBUG 27472 --- [           main] org.hibernate.orm.results                :     com.cash_flow_app.apicashflow.entities_repositories_and_services.base.authority.Authority(35202161494041) -> EntityResultInitializer(com.cash_flow_app.apicashflow.entities_repositories_and_services.base.authority.Authority(35202161494041))@1194162864 (SingleTableEntityPersister(com.cash_flow_app.apicashflow.entities_repositories_and_services.base.authority.Authority))
2023-11-28T22:11:56.789-05:00 DEBUG 27472 --- [           main] org.hibernate.SQL                        : 
    select
        a1_0.id,
        a1_0.endpoint,
        a1_0.permission 
    from
        authorities a1_0 
    where
        a1_0.permission=? 
        and a1_0.endpoint=?
2023-11-28T22:11:56.790-05:00 DEBUG 27472 --- [           main] org.hibernate.orm.results                : Extracted JDBC value [0] - [9aaf7d40-45f6-4ab6-90a9-a23f4c1b5f2f]
2023-11-28T22:11:56.790-05:00 DEBUG 27472 --- [           main] o.hibernate.orm.results.loading.entity   : (EntityResultInitializer) Hydrated EntityKey (com.cash_flow_app.apicashflow.entities_repositories_and_services.base.authority.Authority(35202161494041)): 9aaf7d40-45f6-4ab6-90a9-a23f4c1b5f2f
2023-11-28T22:11:56.790-05:00 DEBUG 27472 --- [           main] o.hibernate.orm.results.loading.entity   : (EntityResultInitializer) Created new entity instance [com.cash_flow_app.apicashflow.entities_repositories_and_services.base.authority.Authority(35202161494041)#9aaf7d40-45f6-4ab6-90a9-a23f4c1b5f2f] : com.cash_flow_app.apicashflow.entities_repositories_and_services.base.authority.Authority@211e1b51
2023-11-28T22:11:56.790-05:00 DEBUG 27472 --- [           main] org.hibernate.orm.results                : Extracted JDBC value [1] - [Account]
2023-11-28T22:11:56.790-05:00 DEBUG 27472 --- [           main] org.hibernate.orm.results                : Extracted JDBC value [2] - [CREATE]
2023-11-28T22:11:56.790-05:00 DEBUG 27472 --- [           main] o.hibernate.orm.results.loading.entity   : (EntityResultInitializer) Done materializing entityInstance : com.cash_flow_app.apicashflow.entities_repositories_and_services.base.authority.Authority(35202161494041)#9aaf7d40-45f6-4ab6-90a9-a23f4c1b5f2f
2023-11-28T22:11:56.790-05:00 DEBUG 27472 --- [           main] org.hibernate.orm.results.loading        : Calling top-level assembler (0 / 1) : org.hibernate.sql.results.graph.entity.internal.EntityAssembler@d4a1d38
2023-11-28T22:11:56.790-05:00 DEBUG 27472 --- [           main] org.hibernate.orm.sql.ast.create         : Created new SQL alias : a1_0
2023-11-28T22:11:56.790-05:00 DEBUG 27472 --- [           main] org.hibernate.orm.sql.ast.create         : Registration of TableGroup [StandardTableGroup(com.cash_flow_app.apicashflow.entities_repositories_and_services.base.authority.Authority(35202161494041))] with identifierForTableGroup [com.cash_flow_app.apicashflow.entities_repositories_and_services.base.authority.Authority] for NavigablePath [com.cash_flow_app.apicashflow.entities_repositories_and_services.base.authority.Authority] 
2023-11-28T22:11:56.790-05:00 DEBUG 27472 --- [           main] o.h.q.sqm.sql.BaseSqmToSqlAstConverter   : Determining mapping-model type for SqmParameter : org.hibernate.query.sqm.tree.expression.SqmJpaCriteriaParameterWrapper@4694dfd
2023-11-28T22:11:56.790-05:00 DEBUG 27472 --- [           main] o.h.q.sqm.sql.BaseSqmToSqlAstConverter   : Determining mapping-model type for SqmPath : SqmBasicValuedSimplePath(com.cash_flow_app.apicashflow.entities_repositories_and_services.base.authority.Authority(35202161494041).permission) 
2023-11-28T22:11:56.790-05:00 DEBUG 27472 --- [           main] o.h.q.sqm.sql.BaseSqmToSqlAstConverter   : Determining mapping-model type for SqmParameter : org.hibernate.query.sqm.tree.expression.SqmJpaCriteriaParameterWrapper@1ad55833
2023-11-28T22:11:56.790-05:00 DEBUG 27472 --- [           main] o.h.q.sqm.sql.BaseSqmToSqlAstConverter   : Determining mapping-model type for SqmPath : SqmBasicValuedSimplePath(com.cash_flow_app.apicashflow.entities_repositories_and_services.base.authority.Authority(35202161494041).endpoint) 
2023-11-28T22:11:56.790-05:00 DEBUG 27472 --- [           main] org.hibernate.orm.results.graph.AST      : DomainResult Graph:
 \-EntityResultImpl [com.cash_flow_app.apicashflow.entities_repositories_and_services.base.authority.Authority(35202161494041)]
 |  +-BasicFetch [com.cash_flow_app.apicashflow.entities_repositories_and_services.base.authority.Authority(35202161494041).endpoint]
 |  \-BasicFetch [com.cash_flow_app.apicashflow.entities_repositories_and_services.base.authority.Authority(35202161494041).permission]

2023-11-28T22:11:56.790-05:00 DEBUG 27472 --- [           main] org.hibernate.orm.sql.ast.tree           : SQL AST Tree:
    SelectStatement {
      FromClause {
        StandardTableGroup (a1 : com.cash_flow_app.apicashflow.entities_repositories_and_services.base.authority.Authority(35202161494041)) {
          primaryTableReference : authorities as a1_0
        }
      }
    }

2023-11-28T22:11:56.791-05:00 DEBUG 27472 --- [           main] o.h.e.i.AbstractFlushingEventListener    : Processing flush-time cascades
2023-11-28T22:11:56.791-05:00 DEBUG 27472 --- [           main] o.h.e.i.AbstractFlushingEventListener    : Dirty checking collections
2023-11-28T22:11:56.791-05:00 DEBUG 27472 --- [           main] o.h.e.i.AbstractFlushingEventListener    : Flushed: 0 insertions, 0 updates, 0 deletions to 1 objects
2023-11-28T22:11:56.791-05:00 DEBUG 27472 --- [           main] o.h.e.i.AbstractFlushingEventListener    : Flushed: 0 (re)creations, 0 updates, 0 removals to 0 collections
2023-11-28T22:11:56.791-05:00 DEBUG 27472 --- [           main] o.hibernate.internal.util.EntityPrinter  : Listing entities:
2023-11-28T22:11:56.791-05:00 DEBUG 27472 --- [           main] o.hibernate.internal.util.EntityPrinter  : com.cash_flow_app.apicashflow.entities_repositories_and_services.base.authority.Authority{endpoint=Account, permission=CREATE, id=9aaf7d40-45f6-4ab6-90a9-a23f4c1b5f2f}
2023-11-28T22:11:56.791-05:00 DEBUG 27472 --- [           main] org.hibernate.orm.sql.exec               : Skipping reading Query result cache data: cache-enabled = false, cache-mode = NORMAL
2023-11-28T22:11:56.791-05:00 DEBUG 27472 --- [           main] org.hibernate.orm.results                : Initializer list
2023-11-28T22:11:56.791-05:00 DEBUG 27472 --- [           main] org.hibernate.orm.results                :     com.cash_flow_app.apicashflow.entities_repositories_and_services.base.authority.Authority(35202161494041) -> EntityResultInitializer(com.cash_flow_app.apicashflow.entities_repositories_and_services.base.authority.Authority(35202161494041))@1758598484 (SingleTableEntityPersister(com.cash_flow_app.apicashflow.entities_repositories_and_services.base.authority.Authority))
2023-11-28T22:11:56.791-05:00 DEBUG 27472 --- [           main] org.hibernate.SQL                        : 
    select
        a1_0.id,
        a1_0.endpoint,
        a1_0.permission 
    from
        authorities a1_0 
    where
        a1_0.permission=? 
        and a1_0.endpoint=?
2023-11-28T22:11:56.791-05:00 DEBUG 27472 --- [           main] org.hibernate.orm.results                : Extracted JDBC value [0] - [b14a62f4-d04f-422a-a2a3-1f80e2635352]
2023-11-28T22:11:56.791-05:00 DEBUG 27472 --- [           main] o.hibernate.orm.results.loading.entity   : (EntityResultInitializer) Hydrated EntityKey (com.cash_flow_app.apicashflow.entities_repositories_and_services.base.authority.Authority(35202161494041)): b14a62f4-d04f-422a-a2a3-1f80e2635352
2023-11-28T22:11:56.791-05:00 DEBUG 27472 --- [           main] o.hibernate.orm.results.loading.entity   : (EntityResultInitializer) Created new entity instance [com.cash_flow_app.apicashflow.entities_repositories_and_services.base.authority.Authority(35202161494041)#b14a62f4-d04f-422a-a2a3-1f80e2635352] : com.cash_flow_app.apicashflow.entities_repositories_and_services.base.authority.Authority@28736857
2023-11-28T22:11:56.791-05:00 DEBUG 27472 --- [           main] org.hibernate.orm.results                : Extracted JDBC value [1] - [Account]
2023-11-28T22:11:56.791-05:00 DEBUG 27472 --- [           main] org.hibernate.orm.results                : Extracted JDBC value [2] - [READ]
2023-11-28T22:11:56.791-05:00 DEBUG 27472 --- [           main] o.hibernate.orm.results.loading.entity   : (EntityResultInitializer) Done materializing entityInstance : com.cash_flow_app.apicashflow.entities_repositories_and_services.base.authority.Authority(35202161494041)#b14a62f4-d04f-422a-a2a3-1f80e2635352
2023-11-28T22:11:56.791-05:00 DEBUG 27472 --- [           main] org.hibernate.orm.results.loading        : Calling top-level assembler (0 / 1) : org.hibernate.sql.results.graph.entity.internal.EntityAssembler@5073b0b8
2023-11-28T22:11:56.791-05:00 DEBUG 27472 --- [           main] org.hibernate.orm.sql.ast.create         : Created new SQL alias : a1_0
2023-11-28T22:11:56.791-05:00 DEBUG 27472 --- [           main] org.hibernate.orm.sql.ast.create         : Registration of TableGroup [StandardTableGroup(com.cash_flow_app.apicashflow.entities_repositories_and_services.base.authority.Authority(35202161494041))] with identifierForTableGroup [com.cash_flow_app.apicashflow.entities_repositories_and_services.base.authority.Authority] for NavigablePath [com.cash_flow_app.apicashflow.entities_repositories_and_services.base.authority.Authority] 
2023-11-28T22:11:56.791-05:00 DEBUG 27472 --- [           main] o.h.q.sqm.sql.BaseSqmToSqlAstConverter   : Determining mapping-model type for SqmParameter : org.hibernate.query.sqm.tree.expression.SqmJpaCriteriaParameterWrapper@10c23a76
2023-11-28T22:11:56.791-05:00 DEBUG 27472 --- [           main] o.h.q.sqm.sql.BaseSqmToSqlAstConverter   : Determining mapping-model type for SqmPath : SqmBasicValuedSimplePath(com.cash_flow_app.apicashflow.entities_repositories_and_services.base.authority.Authority(35202161494041).permission) 
2023-11-28T22:11:56.791-05:00 DEBUG 27472 --- [           main] o.h.q.sqm.sql.BaseSqmToSqlAstConverter   : Determining mapping-model type for SqmParameter : org.hibernate.query.sqm.tree.expression.SqmJpaCriteriaParameterWrapper@24c186cc
2023-11-28T22:11:56.791-05:00 DEBUG 27472 --- [           main] o.h.q.sqm.sql.BaseSqmToSqlAstConverter   : Determining mapping-model type for SqmPath : SqmBasicValuedSimplePath(com.cash_flow_app.apicashflow.entities_repositories_and_services.base.authority.Authority(35202161494041).endpoint) 
2023-11-28T22:11:56.792-05:00 DEBUG 27472 --- [           main] org.hibernate.orm.results.graph.AST      : DomainResult Graph:
 \-EntityResultImpl [com.cash_flow_app.apicashflow.entities_repositories_and_services.base.authority.Authority(35202161494041)]
 |  +-BasicFetch [com.cash_flow_app.apicashflow.entities_repositories_and_services.base.authority.Authority(35202161494041).endpoint]
 |  \-BasicFetch [com.cash_flow_app.apicashflow.entities_repositories_and_services.base.authority.Authority(35202161494041).permission]

2023-11-28T22:11:56.792-05:00 DEBUG 27472 --- [           main] org.hibernate.orm.sql.ast.tree           : SQL AST Tree:
    SelectStatement {
      FromClause {
        StandardTableGroup (a1 : com.cash_flow_app.apicashflow.entities_repositories_and_services.base.authority.Authority(35202161494041)) {
          primaryTableReference : authorities as a1_0
        }
      }
    }

2023-11-28T22:11:56.792-05:00 DEBUG 27472 --- [           main] o.h.e.i.AbstractFlushingEventListener    : Processing flush-time cascades
2023-11-28T22:11:56.792-05:00 DEBUG 27472 --- [           main] o.h.e.i.AbstractFlushingEventListener    : Dirty checking collections
2023-11-28T22:11:56.792-05:00 DEBUG 27472 --- [           main] o.h.e.i.AbstractFlushingEventListener    : Flushed: 0 insertions, 0 updates, 0 deletions to 2 objects
2023-11-28T22:11:56.792-05:00 DEBUG 27472 --- [           main] o.h.e.i.AbstractFlushingEventListener    : Flushed: 0 (re)creations, 0 updates, 0 removals to 0 collections
2023-11-28T22:11:56.792-05:00 DEBUG 27472 --- [           main] o.hibernate.internal.util.EntityPrinter  : Listing entities:
2023-11-28T22:11:56.792-05:00 DEBUG 27472 --- [           main] o.hibernate.internal.util.EntityPrinter  : com.cash_flow_app.apicashflow.entities_repositories_and_services.base.authority.Authority{endpoint=Account, permission=CREATE, id=9aaf7d40-45f6-4ab6-90a9-a23f4c1b5f2f}
2023-11-28T22:11:56.792-05:00 DEBUG 27472 --- [           main] o.hibernate.internal.util.EntityPrinter  : com.cash_flow_app.apicashflow.entities_repositories_and_services.base.authority.Authority{endpoint=Account, permission=READ, id=b14a62f4-d04f-422a-a2a3-1f80e2635352}
2023-11-28T22:11:56.792-05:00 DEBUG 27472 --- [           main] org.hibernate.orm.sql.exec               : Skipping reading Query result cache data: cache-enabled = false, cache-mode = NORMAL
2023-11-28T22:11:56.792-05:00 DEBUG 27472 --- [           main] org.hibernate.orm.results                : Initializer list
2023-11-28T22:11:56.792-05:00 DEBUG 27472 --- [           main] org.hibernate.orm.results                :     com.cash_flow_app.apicashflow.entities_repositories_and_services.base.authority.Authority(35202161494041) -> EntityResultInitializer(com.cash_flow_app.apicashflow.entities_repositories_and_services.base.authority.Authority(35202161494041))@1941404935 (SingleTableEntityPersister(com.cash_flow_app.apicashflow.entities_repositories_and_services.base.authority.Authority))
2023-11-28T22:11:56.792-05:00 DEBUG 27472 --- [           main] org.hibernate.SQL                        : 
    select
        a1_0.id,
        a1_0.endpoint,
        a1_0.permission 
    from
        authorities a1_0 
    where
        a1_0.permission=? 
        and a1_0.endpoint=?
2023-11-28T22:11:56.792-05:00 DEBUG 27472 --- [           main] org.hibernate.orm.results                : Extracted JDBC value [0] - [363894b3-8bdc-4764-ad13-d91f872e1a95]
2023-11-28T22:11:56.792-05:00 DEBUG 27472 --- [           main] o.hibernate.orm.results.loading.entity   : (EntityResultInitializer) Hydrated EntityKey (com.cash_flow_app.apicashflow.entities_repositories_and_services.base.authority.Authority(35202161494041)): 363894b3-8bdc-4764-ad13-d91f872e1a95
2023-11-28T22:11:56.792-05:00 DEBUG 27472 --- [           main] o.hibernate.orm.results.loading.entity   : (EntityResultInitializer) Created new entity instance [com.cash_flow_app.apicashflow.entities_repositories_and_services.base.authority.Authority(35202161494041)#363894b3-8bdc-4764-ad13-d91f872e1a95] : com.cash_flow_app.apicashflow.entities_repositories_and_services.base.authority.Authority@7af65b49
2023-11-28T22:11:56.792-05:00 DEBUG 27472 --- [           main] org.hibernate.orm.results                : Extracted JDBC value [1] - [Account]
2023-11-28T22:11:56.792-05:00 DEBUG 27472 --- [           main] org.hibernate.orm.results                : Extracted JDBC value [2] - [DELETE]
2023-11-28T22:11:56.792-05:00 DEBUG 27472 --- [           main] o.hibernate.orm.results.loading.entity   : (EntityResultInitializer) Done materializing entityInstance : com.cash_flow_app.apicashflow.entities_repositories_and_services.base.authority.Authority(35202161494041)#363894b3-8bdc-4764-ad13-d91f872e1a95
2023-11-28T22:11:56.792-05:00 DEBUG 27472 --- [           main] org.hibernate.orm.results.loading        : Calling top-level assembler (0 / 1) : org.hibernate.sql.results.graph.entity.internal.EntityAssembler@32e14e55
2023-11-28T22:11:56.793-05:00 DEBUG 27472 --- [           main] org.hibernate.orm.sql.ast.create         : Created new SQL alias : a1_0
2023-11-28T22:11:56.793-05:00 DEBUG 27472 --- [           main] org.hibernate.orm.sql.ast.create         : Registration of TableGroup [StandardTableGroup(com.cash_flow_app.apicashflow.entities_repositories_and_services.base.authority.Authority(35202161494041))] with identifierForTableGroup [com.cash_flow_app.apicashflow.entities_repositories_and_services.base.authority.Authority] for NavigablePath [com.cash_flow_app.apicashflow.entities_repositories_and_services.base.authority.Authority] 
2023-11-28T22:11:56.793-05:00 DEBUG 27472 --- [           main] o.h.q.sqm.sql.BaseSqmToSqlAstConverter   : Determining mapping-model type for SqmParameter : org.hibernate.query.sqm.tree.expression.SqmJpaCriteriaParameterWrapper@7b6419dd
2023-11-28T22:11:56.793-05:00 DEBUG 27472 --- [           main] o.h.q.sqm.sql.BaseSqmToSqlAstConverter   : Determining mapping-model type for SqmPath : SqmBasicValuedSimplePath(com.cash_flow_app.apicashflow.entities_repositories_and_services.base.authority.Authority(35202161494041).permission) 
2023-11-28T22:11:56.793-05:00 DEBUG 27472 --- [           main] o.h.q.sqm.sql.BaseSqmToSqlAstConverter   : Determining mapping-model type for SqmParameter : org.hibernate.query.sqm.tree.expression.SqmJpaCriteriaParameterWrapper@7acc95a2
2023-11-28T22:11:56.793-05:00 DEBUG 27472 --- [           main] o.h.q.sqm.sql.BaseSqmToSqlAstConverter   : Determining mapping-model type for SqmPath : SqmBasicValuedSimplePath(com.cash_flow_app.apicashflow.entities_repositories_and_services.base.authority.Authority(35202161494041).endpoint) 
2023-11-28T22:11:56.793-05:00 DEBUG 27472 --- [           main] org.hibernate.orm.results.graph.AST      : DomainResult Graph:
 \-EntityResultImpl [com.cash_flow_app.apicashflow.entities_repositories_and_services.base.authority.Authority(35202161494041)]
 |  +-BasicFetch [com.cash_flow_app.apicashflow.entities_repositories_and_services.base.authority.Authority(35202161494041).endpoint]
 |  \-BasicFetch [com.cash_flow_app.apicashflow.entities_repositories_and_services.base.authority.Authority(35202161494041).permission]

2023-11-28T22:11:56.793-05:00 DEBUG 27472 --- [           main] org.hibernate.orm.sql.ast.tree           : SQL AST Tree:
    SelectStatement {
      FromClause {
        StandardTableGroup (a1 : com.cash_flow_app.apicashflow.entities_repositories_and_services.base.authority.Authority(35202161494041)) {
          primaryTableReference : authorities as a1_0
        }
      }
    }

2023-11-28T22:11:56.793-05:00 DEBUG 27472 --- [           main] o.h.e.i.AbstractFlushingEventListener    : Processing flush-time cascades
2023-11-28T22:11:56.793-05:00 DEBUG 27472 --- [           main] o.h.e.i.AbstractFlushingEventListener    : Dirty checking collections
2023-11-28T22:11:56.793-05:00 DEBUG 27472 --- [           main] o.h.e.i.AbstractFlushingEventListener    : Flushed: 0 insertions, 0 updates, 0 deletions to 3 objects
2023-11-28T22:11:56.793-05:00 DEBUG 27472 --- [           main] o.h.e.i.AbstractFlushingEventListener    : Flushed: 0 (re)creations, 0 updates, 0 removals to 0 collections
2023-11-28T22:11:56.793-05:00 DEBUG 27472 --- [           main] o.hibernate.internal.util.EntityPrinter  : Listing entities:
2023-11-28T22:11:56.793-05:00 DEBUG 27472 --- [           main] o.hibernate.internal.util.EntityPrinter  : com.cash_flow_app.apicashflow.entities_repositories_and_services.base.authority.Authority{endpoint=Account, permission=DELETE, id=363894b3-8bdc-4764-ad13-d91f872e1a95}
2023-11-28T22:11:56.793-05:00 DEBUG 27472 --- [           main] o.hibernate.internal.util.EntityPrinter  : com.cash_flow_app.apicashflow.entities_repositories_and_services.base.authority.Authority{endpoint=Account, permission=CREATE, id=9aaf7d40-45f6-4ab6-90a9-a23f4c1b5f2f}
2023-11-28T22:11:56.793-05:00 DEBUG 27472 --- [           main] o.hibernate.internal.util.EntityPrinter  : com.cash_flow_app.apicashflow.entities_repositories_and_services.base.authority.Authority{endpoint=Account, permission=READ, id=b14a62f4-d04f-422a-a2a3-1f80e2635352}
2023-11-28T22:11:56.793-05:00 DEBUG 27472 --- [           main] org.hibernate.orm.sql.exec               : Skipping reading Query result cache data: cache-enabled = false, cache-mode = NORMAL
2023-11-28T22:11:56.793-05:00 DEBUG 27472 --- [           main] org.hibernate.orm.results                : Initializer list
2023-11-28T22:11:56.793-05:00 DEBUG 27472 --- [           main] org.hibernate.orm.results                :     com.cash_flow_app.apicashflow.entities_repositories_and_services.base.authority.Authority(35202161494041) -> EntityResultInitializer(com.cash_flow_app.apicashflow.entities_repositories_and_services.base.authority.Authority(35202161494041))@1334669858 (SingleTableEntityPersister(com.cash_flow_app.apicashflow.entities_repositories_and_services.base.authority.Authority))
2023-11-28T22:11:56.793-05:00 DEBUG 27472 --- [           main] org.hibernate.SQL                        : 
    select
        a1_0.id,
        a1_0.endpoint,
        a1_0.permission 
    from
        authorities a1_0 
    where
        a1_0.permission=? 
        and a1_0.endpoint=?
2023-11-28T22:11:56.793-05:00 DEBUG 27472 --- [           main] org.hibernate.orm.results                : Extracted JDBC value [0] - [f4f135be-a2b5-48d1-a9d0-2b14e82cc373]
2023-11-28T22:11:56.793-05:00 DEBUG 27472 --- [           main] o.hibernate.orm.results.loading.entity   : (EntityResultInitializer) Hydrated EntityKey (com.cash_flow_app.apicashflow.entities_repositories_and_services.base.authority.Authority(35202161494041)): f4f135be-a2b5-48d1-a9d0-2b14e82cc373
2023-11-28T22:11:56.793-05:00 DEBUG 27472 --- [           main] o.hibernate.orm.results.loading.entity   : (EntityResultInitializer) Created new entity instance [com.cash_flow_app.apicashflow.entities_repositories_and_services.base.authority.Authority(35202161494041)#f4f135be-a2b5-48d1-a9d0-2b14e82cc373] : com.cash_flow_app.apicashflow.entities_repositories_and_services.base.authority.Authority@698cc99d
2023-11-28T22:11:56.793-05:00 DEBUG 27472 --- [           main] org.hibernate.orm.results                : Extracted JDBC value [1] - [User]
2023-11-28T22:11:56.793-05:00 DEBUG 27472 --- [           main] org.hibernate.orm.results                : Extracted JDBC value [2] - [CREATE]
2023-11-28T22:11:56.793-05:00 DEBUG 27472 --- [           main] o.hibernate.orm.results.loading.entity   : (EntityResultInitializer) Done materializing entityInstance : com.cash_flow_app.apicashflow.entities_repositories_and_services.base.authority.Authority(35202161494041)#f4f135be-a2b5-48d1-a9d0-2b14e82cc373
2023-11-28T22:11:56.793-05:00 DEBUG 27472 --- [           main] org.hibernate.orm.results.loading        : Calling top-level assembler (0 / 1) : org.hibernate.sql.results.graph.entity.internal.EntityAssembler@4d34baec
2023-11-28T22:11:56.793-05:00 DEBUG 27472 --- [           main] org.hibernate.orm.sql.ast.create         : Created new SQL alias : a1_0
2023-11-28T22:11:56.793-05:00 DEBUG 27472 --- [           main] org.hibernate.orm.sql.ast.create         : Registration of TableGroup [StandardTableGroup(com.cash_flow_app.apicashflow.entities_repositories_and_services.base.authority.Authority(35202161494041))] with identifierForTableGroup [com.cash_flow_app.apicashflow.entities_repositories_and_services.base.authority.Authority] for NavigablePath [com.cash_flow_app.apicashflow.entities_repositories_and_services.base.authority.Authority] 
2023-11-28T22:11:56.793-05:00 DEBUG 27472 --- [           main] o.h.q.sqm.sql.BaseSqmToSqlAstConverter   : Determining mapping-model type for SqmParameter : org.hibernate.query.sqm.tree.expression.SqmJpaCriteriaParameterWrapper@f9769ae
2023-11-28T22:11:56.793-05:00 DEBUG 27472 --- [           main] o.h.q.sqm.sql.BaseSqmToSqlAstConverter   : Determining mapping-model type for SqmPath : SqmBasicValuedSimplePath(com.cash_flow_app.apicashflow.entities_repositories_and_services.base.authority.Authority(35202161494041).permission) 
2023-11-28T22:11:56.793-05:00 DEBUG 27472 --- [           main] o.h.q.sqm.sql.BaseSqmToSqlAstConverter   : Determining mapping-model type for SqmParameter : org.hibernate.query.sqm.tree.expression.SqmJpaCriteriaParameterWrapper@776a3e76
2023-11-28T22:11:56.793-05:00 DEBUG 27472 --- [           main] o.h.q.sqm.sql.BaseSqmToSqlAstConverter   : Determining mapping-model type for SqmPath : SqmBasicValuedSimplePath(com.cash_flow_app.apicashflow.entities_repositories_and_services.base.authority.Authority(35202161494041).endpoint) 
2023-11-28T22:11:56.794-05:00 DEBUG 27472 --- [           main] org.hibernate.orm.results.graph.AST      : DomainResult Graph:
 \-EntityResultImpl [com.cash_flow_app.apicashflow.entities_repositories_and_services.base.authority.Authority(35202161494041)]
 |  +-BasicFetch [com.cash_flow_app.apicashflow.entities_repositories_and_services.base.authority.Authority(35202161494041).endpoint]
 |  \-BasicFetch [com.cash_flow_app.apicashflow.entities_repositories_and_services.base.authority.Authority(35202161494041).permission]

2023-11-28T22:11:56.794-05:00 DEBUG 27472 --- [           main] org.hibernate.orm.sql.ast.tree           : SQL AST Tree:
    SelectStatement {
      FromClause {
        StandardTableGroup (a1 : com.cash_flow_app.apicashflow.entities_repositories_and_services.base.authority.Authority(35202161494041)) {
          primaryTableReference : authorities as a1_0
        }
      }
    }

2023-11-28T22:11:56.794-05:00 DEBUG 27472 --- [           main] o.h.e.i.AbstractFlushingEventListener    : Processing flush-time cascades
2023-11-28T22:11:56.794-05:00 DEBUG 27472 --- [           main] o.h.e.i.AbstractFlushingEventListener    : Dirty checking collections
2023-11-28T22:11:56.794-05:00 DEBUG 27472 --- [           main] o.h.e.i.AbstractFlushingEventListener    : Flushed: 0 insertions, 0 updates, 0 deletions to 4 objects
2023-11-28T22:11:56.794-05:00 DEBUG 27472 --- [           main] o.h.e.i.AbstractFlushingEventListener    : Flushed: 0 (re)creations, 0 updates, 0 removals to 0 collections
2023-11-28T22:11:56.794-05:00 DEBUG 27472 --- [           main] o.hibernate.internal.util.EntityPrinter  : Listing entities:
2023-11-28T22:11:56.794-05:00 DEBUG 27472 --- [           main] o.hibernate.internal.util.EntityPrinter  : com.cash_flow_app.apicashflow.entities_repositories_and_services.base.authority.Authority{endpoint=User, permission=CREATE, id=f4f135be-a2b5-48d1-a9d0-2b14e82cc373}
2023-11-28T22:11:56.794-05:00 DEBUG 27472 --- [           main] o.hibernate.internal.util.EntityPrinter  : com.cash_flow_app.apicashflow.entities_repositories_and_services.base.authority.Authority{endpoint=Account, permission=DELETE, id=363894b3-8bdc-4764-ad13-d91f872e1a95}
2023-11-28T22:11:56.794-05:00 DEBUG 27472 --- [           main] o.hibernate.internal.util.EntityPrinter  : com.cash_flow_app.apicashflow.entities_repositories_and_services.base.authority.Authority{endpoint=Account, permission=CREATE, id=9aaf7d40-45f6-4ab6-90a9-a23f4c1b5f2f}
2023-11-28T22:11:56.794-05:00 DEBUG 27472 --- [           main] o.hibernate.internal.util.EntityPrinter  : com.cash_flow_app.apicashflow.entities_repositories_and_services.base.authority.Authority{endpoint=Account, permission=READ, id=b14a62f4-d04f-422a-a2a3-1f80e2635352}
2023-11-28T22:11:56.794-05:00 DEBUG 27472 --- [           main] org.hibernate.orm.sql.exec               : Skipping reading Query result cache data: cache-enabled = false, cache-mode = NORMAL
2023-11-28T22:11:56.794-05:00 DEBUG 27472 --- [           main] org.hibernate.orm.results                : Initializer list
2023-11-28T22:11:56.794-05:00 DEBUG 27472 --- [           main] org.hibernate.orm.results                :     com.cash_flow_app.apicashflow.entities_repositories_and_services.base.authority.Authority(35202161494041) -> EntityResultInitializer(com.cash_flow_app.apicashflow.entities_repositories_and_services.base.authority.Authority(35202161494041))@50279895 (SingleTableEntityPersister(com.cash_flow_app.apicashflow.entities_repositories_and_services.base.authority.Authority))
2023-11-28T22:11:56.794-05:00 DEBUG 27472 --- [           main] org.hibernate.SQL                        : 
    select
        a1_0.id,
        a1_0.endpoint,
        a1_0.permission 
    from
        authorities a1_0 
    where
        a1_0.permission=? 
        and a1_0.endpoint=?
2023-11-28T22:11:56.794-05:00 DEBUG 27472 --- [           main] org.hibernate.orm.results                : Extracted JDBC value [0] - [35481739-2447-454f-8ec3-daf467bb2ae5]
2023-11-28T22:11:56.794-05:00 DEBUG 27472 --- [           main] o.hibernate.orm.results.loading.entity   : (EntityResultInitializer) Hydrated EntityKey (com.cash_flow_app.apicashflow.entities_repositories_and_services.base.authority.Authority(35202161494041)): 35481739-2447-454f-8ec3-daf467bb2ae5
2023-11-28T22:11:56.794-05:00 DEBUG 27472 --- [           main] o.hibernate.orm.results.loading.entity   : (EntityResultInitializer) Created new entity instance [com.cash_flow_app.apicashflow.entities_repositories_and_services.base.authority.Authority(35202161494041)#35481739-2447-454f-8ec3-daf467bb2ae5] : com.cash_flow_app.apicashflow.entities_repositories_and_services.base.authority.Authority@16a45e5b
2023-11-28T22:11:56.794-05:00 DEBUG 27472 --- [           main] org.hibernate.orm.results                : Extracted JDBC value [1] - [User]
2023-11-28T22:11:56.794-05:00 DEBUG 27472 --- [           main] org.hibernate.orm.results                : Extracted JDBC value [2] - [READ]
2023-11-28T22:11:56.794-05:00 DEBUG 27472 --- [           main] o.hibernate.orm.results.loading.entity   : (EntityResultInitializer) Done materializing entityInstance : com.cash_flow_app.apicashflow.entities_repositories_and_services.base.authority.Authority(35202161494041)#35481739-2447-454f-8ec3-daf467bb2ae5
2023-11-28T22:11:56.794-05:00 DEBUG 27472 --- [           main] org.hibernate.orm.results.loading        : Calling top-level assembler (0 / 1) : org.hibernate.sql.results.graph.entity.internal.EntityAssembler@6d0e90d5
2023-11-28T22:11:56.870-05:00 DEBUG 27472 --- [           main] o.s.orm.jpa.JpaTransactionManager        : Found thread-bound EntityManager [SessionImpl(151380361<open>)] for JPA transaction
2023-11-28T22:11:56.870-05:00 DEBUG 27472 --- [           main] o.s.orm.jpa.JpaTransactionManager        : Participating in existing transaction
2023-11-28T22:11:56.870-05:00 DEBUG 27472 --- [           main] o.h.j.internal.PersistenceUnitUtilImpl   : jakarta.persistence.PersistenceUnitUtil.getIdentifier is only intended to work with enhanced entities (although Hibernate also adapts this support to its proxies); however the passed entity was not enhanced (nor a proxy).. may not be able to read identifier
2023-11-28T22:11:56.870-05:00 DEBUG 27472 --- [           main] o.h.e.i.AbstractSaveEventListener        : Generated identifier: e1a5dd46-6507-4069-a2ae-3ffd0e1511e4, using strategy: org.hibernate.id.UUIDGenerator
2023-11-28T22:11:56.871-05:00 DEBUG 27472 --- [           main] o.s.w.s.m.m.a.HttpEntityMethodProcessor  : Using 'application/json', given [*/*] and supported [application/json, application/*+json]
2023-11-28T22:11:56.871-05:00 DEBUG 27472 --- [           main] o.s.w.s.m.m.a.HttpEntityMethodProcessor  : Writing [UserResponseDto(username=usuario_test, password=null, token_auth=eyJhbGciOiJIUzUxMiJ9.eyJzdWIiOiJ1c3 (truncated)...]
2023-11-28T22:11:56.872-05:00 DEBUG 27472 --- [           main] o.s.t.web.servlet.TestDispatcherServlet  : Completed 200 OK
2023-11-28T22:11:56.872-05:00 DEBUG 27472 --- [           main] o.s.test.util.ReflectionTestUtils        : Invoking method 'getFilters' on target object [FilterChainProxy[Filter Chains: [DefaultSecurityFilterChain [RequestMatcher=any request, Filters=[org.springframework.security.web.session.DisableEncodeUrlFilter@120e3ebb, org.springframework.security.web.session.ForceEagerSessionCreationFilter@753f1c3e, org.springframework.security.web.context.request.async.WebAsyncManagerIntegrationFilter@5e9af5d4, org.springframework.security.web.context.SecurityContextHolderFilter@1d18e5ad, org.springframework.security.web.header.HeaderWriterFilter@73b68d98, org.springframework.web.filter.CorsFilter@7863e6b2, org.springframework.security.web.authentication.logout.LogoutFilter@1e5a8278, JWTAuthorizationFilter(loginService=com.cash_flow_app.apicashflow.entities_repositories_and_services.base.security.LoginService@508b9c16), com.cash_flow_app.apicashflow.entities_repositories_and_services.base.security.JWTAuthenticationFilter@6fd2b939, org.springframework.security.web.savedrequest.RequestCacheAwareFilter@11def039, org.springframework.security.web.servletapi.SecurityContextHolderAwareRequestFilter@564375d7, org.springframework.security.web.authentication.AnonymousAuthenticationFilter@c4aa99e, org.springframework.security.web.session.SessionManagementFilter@69af6978, org.springframework.security.web.access.ExceptionTranslationFilter@4469046b, org.springframework.security.web.access.intercept.AuthorizationFilter@588d2e90]]]]] or target class [null] with arguments {org.springframework.mock.web.MockHttpServletRequest@7e98be9f}
2023-11-28T22:11:56.872-05:00 DEBUG 27472 --- [           main] o.s.test.util.ReflectionTestUtils        : Invoking method 'getFilters' on target object [FilterChainProxy[Filter Chains: [DefaultSecurityFilterChain [RequestMatcher=any request, Filters=[org.springframework.security.web.session.DisableEncodeUrlFilter@120e3ebb, org.springframework.security.web.session.ForceEagerSessionCreationFilter@753f1c3e, org.springframework.security.web.context.request.async.WebAsyncManagerIntegrationFilter@5e9af5d4, org.springframework.security.web.context.SecurityContextHolderFilter@1d18e5ad, org.springframework.security.web.header.HeaderWriterFilter@73b68d98, org.springframework.web.filter.CorsFilter@7863e6b2, org.springframework.security.web.authentication.logout.LogoutFilter@1e5a8278, JWTAuthorizationFilter(loginService=com.cash_flow_app.apicashflow.entities_repositories_and_services.base.security.LoginService@508b9c16), com.cash_flow_app.apicashflow.entities_repositories_and_services.base.security.JWTAuthenticationFilter@6fd2b939, org.springframework.security.web.savedrequest.RequestCacheAwareFilter@11def039, org.springframework.security.web.servletapi.SecurityContextHolderAwareRequestFilter@564375d7, org.springframework.security.web.authentication.AnonymousAuthenticationFilter@c4aa99e, org.springframework.security.web.session.SessionManagementFilter@69af6978, org.springframework.security.web.access.ExceptionTranslationFilter@4469046b, org.springframework.security.web.access.intercept.AuthorizationFilter@588d2e90]]]]] or target class [null] with arguments {org.springframework.mock.web.MockHttpServletRequest@7e98be9f}
2023-11-28T22:11:56.872-05:00 DEBUG 27472 --- [           main] o.s.test.util.ReflectionTestUtils        : Invoking method 'getFilters' on target object [FilterChainProxy[Filter Chains: [DefaultSecurityFilterChain [RequestMatcher=any request, Filters=[org.springframework.security.web.session.DisableEncodeUrlFilter@120e3ebb, org.springframework.security.web.session.ForceEagerSessionCreationFilter@753f1c3e, org.springframework.security.web.context.request.async.WebAsyncManagerIntegrationFilter@5e9af5d4, org.springframework.security.web.context.SecurityContextHolderFilter@1d18e5ad, org.springframework.security.web.header.HeaderWriterFilter@73b68d98, org.springframework.web.filter.CorsFilter@7863e6b2, org.springframework.security.web.authentication.logout.LogoutFilter@1e5a8278, JWTAuthorizationFilter(loginService=com.cash_flow_app.apicashflow.entities_repositories_and_services.base.security.LoginService@508b9c16), com.cash_flow_app.apicashflow.entities_repositories_and_services.base.security.JWTAuthenticationFilter@6fd2b939, org.springframework.security.web.savedrequest.RequestCacheAwareFilter@11def039, org.springframework.security.web.servletapi.SecurityContextHolderAwareRequestFilter@564375d7, org.springframework.security.web.authentication.AnonymousAuthenticationFilter@c4aa99e, org.springframework.security.web.session.SessionManagementFilter@69af6978, org.springframework.security.web.access.ExceptionTranslationFilter@4469046b, org.springframework.security.web.access.intercept.AuthorizationFilter@588d2e90]]]]] or target class [null] with arguments {org.springframework.mock.web.MockHttpServletRequest@7e98be9f}
2023-11-28T22:11:56.872-05:00 DEBUG 27472 --- [           main] o.s.security.web.FilterChainProxy        : Securing POST /api/v1/user/login
2023-11-28T22:11:56.872-05:00 DEBUG 27472 --- [           main] .s.s.w.s.ForceEagerSessionCreationFilter : Created session eagerly
2023-11-28T22:11:56.873-05:00 DEBUG 27472 --- [           main] org.hibernate.orm.sql.ast.create         : Created new SQL alias : u1_0
2023-11-28T22:11:56.873-05:00 DEBUG 27472 --- [           main] org.hibernate.orm.sql.ast.create         : Registration of TableGroup [StandardTableGroup(com.cash_flow_app.apicashflow.entities_repositories_and_services.base.user.User(35202153502500))] with identifierForTableGroup [com.cash_flow_app.apicashflow.entities_repositories_and_services.base.user.User] for NavigablePath [com.cash_flow_app.apicashflow.entities_repositories_and_services.base.user.User] 
2023-11-28T22:11:56.873-05:00 DEBUG 27472 --- [           main] o.h.q.sqm.sql.BaseSqmToSqlAstConverter   : Determining mapping-model type for SqmParameter : org.hibernate.query.sqm.tree.expression.SqmJpaCriteriaParameterWrapper@20461e2b
2023-11-28T22:11:56.873-05:00 DEBUG 27472 --- [           main] o.h.q.sqm.sql.BaseSqmToSqlAstConverter   : Determining mapping-model type for SqmPath : SqmBasicValuedSimplePath(com.cash_flow_app.apicashflow.entities_repositories_and_services.base.user.User(35202153502500).username) 
2023-11-28T22:11:56.873-05:00 DEBUG 27472 --- [           main] org.hibernate.orm.results.graph.AST      : DomainResult Graph:
 \-EntityResultImpl [com.cash_flow_app.apicashflow.entities_repositories_and_services.base.user.User(35202153502500)]
 |  +-SelectEagerCollectionFetch [com.cash_flow_app.apicashflow.entities_repositories_and_services.base.user.User(35202153502500).accounts]
 |  +-SelectEagerCollectionFetch [com.cash_flow_app.apicashflow.entities_repositories_and_services.base.user.User(35202153502500).authorities]
 |  +-BasicFetch [com.cash_flow_app.apicashflow.entities_repositories_and_services.base.user.User(35202153502500).password]
 |  \-BasicFetch [com.cash_flow_app.apicashflow.entities_repositories_and_services.base.user.User(35202153502500).username]

2023-11-28T22:11:56.874-05:00 DEBUG 27472 --- [           main] org.hibernate.orm.sql.ast.tree           : SQL AST Tree:
    SelectStatement {
      FromClause {
        StandardTableGroup (u1 : com.cash_flow_app.apicashflow.entities_repositories_and_services.base.user.User(35202153502500)) {
          primaryTableReference : users as u1_0
        }
      }
    }

2023-11-28T22:11:56.874-05:00 DEBUG 27472 --- [           main] o.h.e.i.AbstractFlushingEventListener    : Processing flush-time cascades
2023-11-28T22:11:56.874-05:00 DEBUG 27472 --- [           main] o.h.e.i.AbstractFlushingEventListener    : Dirty checking collections
2023-11-28T22:11:56.874-05:00 DEBUG 27472 --- [           main] o.hibernate.engine.internal.Collections  : Collection found: [com.cash_flow_app.apicashflow.entities_repositories_and_services.base.user.User.authorities#e1a5dd46-6507-4069-a2ae-3ffd0e1511e4], was: [<unreferenced>] (initialized)
2023-11-28T22:11:56.874-05:00 DEBUG 27472 --- [           main] o.h.e.i.AbstractFlushingEventListener    : Flushed: 1 insertions, 0 updates, 0 deletions to 6 objects
2023-11-28T22:11:56.874-05:00 DEBUG 27472 --- [           main] o.h.e.i.AbstractFlushingEventListener    : Flushed: 1 (re)creations, 0 updates, 0 removals to 1 collections
2023-11-28T22:11:56.874-05:00 DEBUG 27472 --- [           main] o.hibernate.internal.util.EntityPrinter  : Listing entities:
2023-11-28T22:11:56.874-05:00 DEBUG 27472 --- [           main] o.hibernate.internal.util.EntityPrinter  : com.cash_flow_app.apicashflow.entities_repositories_and_services.base.authority.Authority{endpoint=User, permission=CREATE, id=f4f135be-a2b5-48d1-a9d0-2b14e82cc373}
2023-11-28T22:11:56.874-05:00 DEBUG 27472 --- [           main] o.hibernate.internal.util.EntityPrinter  : com.cash_flow_app.apicashflow.entities_repositories_and_services.base.authority.Authority{endpoint=User, permission=READ, id=35481739-2447-454f-8ec3-daf467bb2ae5}
2023-11-28T22:11:56.874-05:00 DEBUG 27472 --- [           main] o.hibernate.internal.util.EntityPrinter  : com.cash_flow_app.apicashflow.entities_repositories_and_services.base.authority.Authority{endpoint=Account, permission=DELETE, id=363894b3-8bdc-4764-ad13-d91f872e1a95}
2023-11-28T22:11:56.874-05:00 DEBUG 27472 --- [           main] o.hibernate.internal.util.EntityPrinter  : com.cash_flow_app.apicashflow.entities_repositories_and_services.base.user.User{password=$2a$10$WAIGXy1/9QqItbwBoe8TpOu/UEXsLifRCrq2se26s1l5WnsgsCzPe, id=e1a5dd46-6507-4069-a2ae-3ffd0e1511e4, accounts=null, authorities=[com.cash_flow_app.apicashflow.entities_repositories_and_services.base.authority.Authority#9aaf7d40-45f6-4ab6-90a9-a23f4c1b5f2f, com.cash_flow_app.apicashflow.entities_repositories_and_services.base.authority.Authority#b14a62f4-d04f-422a-a2a3-1f80e2635352, com.cash_flow_app.apicashflow.entities_repositories_and_services.base.authority.Authority#363894b3-8bdc-4764-ad13-d91f872e1a95, com.cash_flow_app.apicashflow.entities_repositories_and_services.base.authority.Authority#f4f135be-a2b5-48d1-a9d0-2b14e82cc373, com.cash_flow_app.apicashflow.entities_repositories_and_services.base.authority.Authority#35481739-2447-454f-8ec3-daf467bb2ae5], username=usuario_test}
2023-11-28T22:11:56.874-05:00 DEBUG 27472 --- [           main] o.hibernate.internal.util.EntityPrinter  : com.cash_flow_app.apicashflow.entities_repositories_and_services.base.authority.Authority{endpoint=Account, permission=CREATE, id=9aaf7d40-45f6-4ab6-90a9-a23f4c1b5f2f}
2023-11-28T22:11:56.874-05:00 DEBUG 27472 --- [           main] o.hibernate.internal.util.EntityPrinter  : com.cash_flow_app.apicashflow.entities_repositories_and_services.base.authority.Authority{endpoint=Account, permission=READ, id=b14a62f4-d04f-422a-a2a3-1f80e2635352}
2023-11-28T22:11:56.874-05:00 DEBUG 27472 --- [           main] org.hibernate.engine.spi.ActionQueue     : Changes must be flushed to space: users
2023-11-28T22:11:56.874-05:00 DEBUG 27472 --- [           main] org.hibernate.SQL                        : 
    insert 
    into
        users
        (password, username, id) 
    values
        (?, ?, ?)
2023-11-28T22:11:56.875-05:00 DEBUG 27472 --- [           main] o.h.p.c.AbstractCollectionPersister      : Inserting collection: [com.cash_flow_app.apicashflow.entities_repositories_and_services.base.user.User.authorities#e1a5dd46-6507-4069-a2ae-3ffd0e1511e4]
2023-11-28T22:11:56.875-05:00 DEBUG 27472 --- [           main] org.hibernate.SQL                        : 
    insert 
    into
        user_authority
        (user_id, authority_id) 
    values
        (?, ?)
2023-11-28T22:11:56.875-05:00 DEBUG 27472 --- [           main] org.hibernate.SQL                        : 
    insert 
    into
        user_authority
        (user_id, authority_id) 
    values
        (?, ?)
2023-11-28T22:11:56.875-05:00 DEBUG 27472 --- [           main] org.hibernate.SQL                        : 
    insert 
    into
        user_authority
        (user_id, authority_id) 
    values
        (?, ?)
2023-11-28T22:11:56.876-05:00 DEBUG 27472 --- [           main] org.hibernate.SQL                        : 
    insert 
    into
        user_authority
        (user_id, authority_id) 
    values
        (?, ?)
2023-11-28T22:11:56.876-05:00 DEBUG 27472 --- [           main] org.hibernate.SQL                        : 
    insert 
    into
        user_authority
        (user_id, authority_id) 
    values
        (?, ?)
2023-11-28T22:11:56.876-05:00 DEBUG 27472 --- [           main] o.h.p.c.AbstractCollectionPersister      : Done inserting collection: 5 rows inserted
2023-11-28T22:11:56.876-05:00 DEBUG 27472 --- [           main] org.hibernate.orm.sql.exec               : Skipping reading Query result cache data: cache-enabled = false, cache-mode = NORMAL
2023-11-28T22:11:56.876-05:00 DEBUG 27472 --- [           main] org.hibernate.orm.results                : Initializer list
2023-11-28T22:11:56.876-05:00 DEBUG 27472 --- [           main] org.hibernate.orm.results                :     com.cash_flow_app.apicashflow.entities_repositories_and_services.base.user.User(35202153502500).accounts -> SelectEagerCollectionInitializer(com.cash_flow_app.apicashflow.entities_repositories_and_services.base.user.User(35202153502500).accounts)@1449474637 (PluralAttribute(com.cash_flow_app.apicashflow.entities_repositories_and_services.base.user.User.accounts))
2023-11-28T22:11:56.876-05:00 DEBUG 27472 --- [           main] org.hibernate.orm.results                :     com.cash_flow_app.apicashflow.entities_repositories_and_services.base.user.User(35202153502500).authorities -> SelectEagerCollectionInitializer(com.cash_flow_app.apicashflow.entities_repositories_and_services.base.user.User(35202153502500).authorities)@1925661684 (PluralAttribute(com.cash_flow_app.apicashflow.entities_repositories_and_services.base.user.User.authorities))
2023-11-28T22:11:56.876-05:00 DEBUG 27472 --- [           main] org.hibernate.orm.results                :     com.cash_flow_app.apicashflow.entities_repositories_and_services.base.user.User(35202153502500) -> EntityResultInitializer(com.cash_flow_app.apicashflow.entities_repositories_and_services.base.user.User(35202153502500))@1270137159 (SingleTableEntityPersister(com.cash_flow_app.apicashflow.entities_repositories_and_services.base.user.User))
2023-11-28T22:11:56.876-05:00 DEBUG 27472 --- [           main] org.hibernate.SQL                        : 
    select
        u1_0.id,
        u1_0.password,
        u1_0.username 
    from
        users u1_0 
    where
        u1_0.username=?
2023-11-28T22:11:56.876-05:00 DEBUG 27472 --- [           main] org.hibernate.orm.results                : Extracted JDBC value [0] - [e1a5dd46-6507-4069-a2ae-3ffd0e1511e4]
2023-11-28T22:11:56.876-05:00 DEBUG 27472 --- [           main] o.hibernate.orm.results.loading.entity   : (EntityResultInitializer) Hydrated EntityKey (com.cash_flow_app.apicashflow.entities_repositories_and_services.base.user.User(35202153502500)): e1a5dd46-6507-4069-a2ae-3ffd0e1511e4
2023-11-28T22:11:56.876-05:00 DEBUG 27472 --- [           main] o.h.o.r.l.o.h.o.r.loading.collection     : (DelayedCollectionInitializer) Current row collection key : com.cash_flow_app.apicashflow.entities_repositories_and_services.base.user.User(35202153502500).accounts#e1a5dd46-6507-4069-a2ae-3ffd0e1511e4
2023-11-28T22:11:56.876-05:00 DEBUG 27472 --- [           main] o.h.o.r.l.o.h.o.r.loading.collection     : (DelayedCollectionInitializer) Current row collection key : com.cash_flow_app.apicashflow.entities_repositories_and_services.base.user.User(35202153502500).authorities#e1a5dd46-6507-4069-a2ae-3ffd0e1511e4
2023-11-28T22:11:56.876-05:00 DEBUG 27472 --- [           main] org.hibernate.orm.results.loading        : Calling top-level assembler (0 / 1) : org.hibernate.sql.results.graph.entity.internal.EntityAssembler@76f65a8b
2023-11-28T22:11:56.877-05:00 DEBUG 27472 --- [           main] org.hibernate.orm.results.graph.AST      : DomainResult Graph:
 \-CollectionDomainResult [com.cash_flow_app.apicashflow.entities_repositories_and_services.base.user.User.accounts]

2023-11-28T22:11:56.877-05:00 DEBUG 27472 --- [           main] org.hibernate.orm.sql.ast.tree           : SQL AST Tree:
    SelectStatement {
      FromClause {
        CollectionTableGroup (a1 : com.cash_flow_app.apicashflow.entities_repositories_and_services.base.user.User.accounts) {
          primaryTableReference : user_account as a1_0
          NestedTableGroupJoins {
             join LazyTableGroup (a1 : com.cash_flow_app.apicashflow.entities_repositories_and_services.base.user.User.accounts.{element}) {
              primaryTableReference : accounts as a1_1
            }
          }
        }
      }
    }

2023-11-28T22:11:56.877-05:00 DEBUG 27472 --- [           main] org.hibernate.orm.sql.exec               : Skipping reading Query result cache data: cache-enabled = false, cache-mode = IGNORE
2023-11-28T22:11:56.877-05:00 DEBUG 27472 --- [           main] org.hibernate.orm.results                : Initializer list
2023-11-28T22:11:56.877-05:00 DEBUG 27472 --- [           main] org.hibernate.orm.results                :     com.cash_flow_app.apicashflow.entities_repositories_and_services.base.user.User.accounts.{element}.incomes_expenses -> SelectEagerCollectionInitializer(com.cash_flow_app.apicashflow.entities_repositories_and_services.base.user.User.accounts.{element}.incomes_expenses)@875830058 (PluralAttribute(com.cash_flow_app.apicashflow.entities_repositories_and_services.base.account.Account.incomes_expenses))
2023-11-28T22:11:56.877-05:00 DEBUG 27472 --- [           main] org.hibernate.orm.results                :     com.cash_flow_app.apicashflow.entities_repositories_and_services.base.user.User.accounts.{element}.users -> SelectEagerCollectionInitializer(com.cash_flow_app.apicashflow.entities_repositories_and_services.base.user.User.accounts.{element}.users)@1317170739 (PluralAttribute(com.cash_flow_app.apicashflow.entities_repositories_and_services.base.account.Account.users))
2023-11-28T22:11:56.877-05:00 DEBUG 27472 --- [           main] org.hibernate.orm.results                :     com.cash_flow_app.apicashflow.entities_repositories_and_services.base.user.User.accounts.{element} -> EntityJoinedFetchInitializer(com.cash_flow_app.apicashflow.entities_repositories_and_services.base.user.User.accounts.{element})@2103879220 (EntityCollectionPart(NavigableRole[com.cash_flow_app.apicashflow.entities_repositories_and_services.base.user.User.accounts#{element}])@624685600)
2023-11-28T22:11:56.877-05:00 DEBUG 27472 --- [           main] org.hibernate.orm.results                :     com.cash_flow_app.apicashflow.entities_repositories_and_services.base.user.User.accounts -> BagInitializer(com.cash_flow_app.apicashflow.entities_repositories_and_services.base.user.User.accounts)@956336401 (PluralAttribute(com.cash_flow_app.apicashflow.entities_repositories_and_services.base.user.User.accounts))
2023-11-28T22:11:56.877-05:00 DEBUG 27472 --- [           main] org.hibernate.SQL                        : 
    select
        a1_0.user_id,
        a1_1.id,
        a1_1.description 
    from
        user_account a1_0 
    join
        accounts a1_1 
            on a1_1.id=a1_0.account_id 
    where
        a1_0.user_id=?
2023-11-28T22:11:56.877-05:00 DEBUG 27472 --- [           main] o.h.sql.results.internal.ResultsHelper   : Collection fully initialized: [com.cash_flow_app.apicashflow.entities_repositories_and_services.base.user.User.accounts#e1a5dd46-6507-4069-a2ae-3ffd0e1511e4]
2023-11-28T22:11:56.952-05:00 DEBUG 27472 --- [           main] o.s.s.a.dao.DaoAuthenticationProvider    : Authenticated user

MockHttpServletRequest:
      HTTP Method = POST
      Request URI = /api/v1/user/login
       Parameters = {_csrf=[APZgfjButeVuZjydSK7VN1fbIY_liOHmekOm1OcHqvtMNGc9NJJTS1RY1oZDA1mrK4PhAjXjDLbVvNHLGSfEt4E1nc94DQVe]}
          Headers = [Content-Type:"application/json;charset=UTF-8", Content-Length:"52"]
             Body = { "username": "usuario_test", "password": "123456" }
    Session Attrs = {}

Handler:
             Type = null

Async:
    Async started = false
     Async result = null

Resolved Exception:
             Type = null

ModelAndView:
        View name = null
             View = null
            Model = null

FlashMap:
       Attributes = null

MockHttpServletResponse:
           Status = 200
    Error message = null
          Headers = [Vary:"Origin", "Access-Control-Request-Method", "Access-Control-Request-Headers", Authorization:"Bearer eyJhbGciOiJIUzUxMiJ9.eyJzdWIiOiJ1c3VhcmlvX3Rlc3QiLCJleHAiOjE3MDM4MTk1MTZ9.l6DN9L0InVbUiu8VUQUEZBevB0d6b6zYwWzlFbQsUInKKLgH5z3DE_okrlRNDrVFkHJD_tYqVFtk1Jd1GUv4mQ", Access-Control-Expose-Headers:"Authorization", X-Content-Type-Options:"nosniff", X-XSS-Protection:"0", Cache-Control:"no-cache, no-store, max-age=0, must-revalidate", Pragma:"no-cache", Expires:"0", X-Frame-Options:"DENY"]
     Content type = null
             Body = 
    Forwarded URL = null
   Redirected URL = null
          Cookies = []
2023-11-28T22:11:56.953-05:00 DEBUG 27472 --- [           main] org.springframework.test.context.cache   : Spring test ApplicationContext cache statistics: [DefaultContextCache@8caffbd size = 3, maxSize = 32, parentContextCount = 0, hitCount = 261, missCount = 3]
2023-11-28T22:11:56.953-05:00 DEBUG 27472 --- [           main] o.s.test.util.ReflectionTestUtils        : Invoking method 'getFilters' on target object [FilterChainProxy[Filter Chains: [DefaultSecurityFilterChain [RequestMatcher=any request, Filters=[org.springframework.security.web.session.DisableEncodeUrlFilter@120e3ebb, org.springframework.security.web.session.ForceEagerSessionCreationFilter@753f1c3e, org.springframework.security.web.context.request.async.WebAsyncManagerIntegrationFilter@5e9af5d4, org.springframework.security.web.context.SecurityContextHolderFilter@1d18e5ad, org.springframework.security.web.header.HeaderWriterFilter@73b68d98, org.springframework.web.filter.CorsFilter@7863e6b2, org.springframework.security.web.authentication.logout.LogoutFilter@1e5a8278, JWTAuthorizationFilter(loginService=com.cash_flow_app.apicashflow.entities_repositories_and_services.base.security.LoginService@508b9c16), com.cash_flow_app.apicashflow.entities_repositories_and_services.base.security.JWTAuthenticationFilter@6fd2b939, org.springframework.security.web.savedrequest.RequestCacheAwareFilter@11def039, org.springframework.security.web.servletapi.SecurityContextHolderAwareRequestFilter@564375d7, org.springframework.security.web.authentication.AnonymousAuthenticationFilter@c4aa99e, org.springframework.security.web.session.SessionManagementFilter@69af6978, org.springframework.security.web.access.ExceptionTranslationFilter@4469046b, org.springframework.security.web.access.intercept.AuthorizationFilter@588d2e90]]]]] or target class [null] with arguments {org.springframework.mock.web.MockHttpServletRequest@3f2f5454}
2023-11-28T22:11:56.954-05:00 DEBUG 27472 --- [           main] o.s.test.util.ReflectionTestUtils        : Invoking method 'getFilters' on target object [FilterChainProxy[Filter Chains: [DefaultSecurityFilterChain [RequestMatcher=any request, Filters=[org.springframework.security.web.session.DisableEncodeUrlFilter@120e3ebb, org.springframework.security.web.session.ForceEagerSessionCreationFilter@753f1c3e, org.springframework.security.web.context.request.async.WebAsyncManagerIntegrationFilter@5e9af5d4, org.springframework.security.web.context.SecurityContextHolderFilter@1d18e5ad, org.springframework.security.web.header.HeaderWriterFilter@73b68d98, org.springframework.web.filter.CorsFilter@7863e6b2, org.springframework.security.web.authentication.logout.LogoutFilter@1e5a8278, JWTAuthorizationFilter(loginService=com.cash_flow_app.apicashflow.entities_repositories_and_services.base.security.LoginService@508b9c16), com.cash_flow_app.apicashflow.entities_repositories_and_services.base.security.JWTAuthenticationFilter@6fd2b939, org.springframework.security.web.savedrequest.RequestCacheAwareFilter@11def039, org.springframework.security.web.servletapi.SecurityContextHolderAwareRequestFilter@564375d7, org.springframework.security.web.authentication.AnonymousAuthenticationFilter@c4aa99e, org.springframework.security.web.session.SessionManagementFilter@69af6978, org.springframework.security.web.access.ExceptionTranslationFilter@4469046b, org.springframework.security.web.access.intercept.AuthorizationFilter@588d2e90]]]]] or target class [null] with arguments {org.springframework.mock.web.MockHttpServletRequest@3f2f5454}
2023-11-28T22:11:56.954-05:00 DEBUG 27472 --- [           main] o.s.test.util.ReflectionTestUtils        : Invoking method 'getFilters' on target object [FilterChainProxy[Filter Chains: [DefaultSecurityFilterChain [RequestMatcher=any request, Filters=[org.springframework.security.web.session.DisableEncodeUrlFilter@120e3ebb, org.springframework.security.web.session.ForceEagerSessionCreationFilter@753f1c3e, org.springframework.security.web.context.request.async.WebAsyncManagerIntegrationFilter@5e9af5d4, org.springframework.security.web.context.SecurityContextHolderFilter@1d18e5ad, org.springframework.security.web.header.HeaderWriterFilter@73b68d98, org.springframework.web.filter.CorsFilter@7863e6b2, org.springframework.security.web.authentication.logout.LogoutFilter@1e5a8278, JWTAuthorizationFilter(loginService=com.cash_flow_app.apicashflow.entities_repositories_and_services.base.security.LoginService@508b9c16), com.cash_flow_app.apicashflow.entities_repositories_and_services.base.security.JWTAuthenticationFilter@6fd2b939, org.springframework.security.web.savedrequest.RequestCacheAwareFilter@11def039, org.springframework.security.web.servletapi.SecurityContextHolderAwareRequestFilter@564375d7, org.springframework.security.web.authentication.AnonymousAuthenticationFilter@c4aa99e, org.springframework.security.web.session.SessionManagementFilter@69af6978, org.springframework.security.web.access.ExceptionTranslationFilter@4469046b, org.springframework.security.web.access.intercept.AuthorizationFilter@588d2e90]]]]] or target class [null] with arguments {org.springframework.mock.web.MockHttpServletRequest@3f2f5454}
2023-11-28T22:11:56.954-05:00 DEBUG 27472 --- [           main] o.s.security.web.FilterChainProxy        : Securing POST /api/v1/account/create
2023-11-28T22:11:56.954-05:00 DEBUG 27472 --- [           main] .s.s.w.s.ForceEagerSessionCreationFilter : Created session eagerly
2023-11-28T22:11:56.955-05:00 DEBUG 27472 --- [           main] org.hibernate.orm.sql.ast.create         : Created new SQL alias : u1_0
2023-11-28T22:11:56.955-05:00 DEBUG 27472 --- [           main] org.hibernate.orm.sql.ast.create         : Registration of TableGroup [StandardTableGroup(com.cash_flow_app.apicashflow.entities_repositories_and_services.base.user.User(35202153502500))] with identifierForTableGroup [com.cash_flow_app.apicashflow.entities_repositories_and_services.base.user.User] for NavigablePath [com.cash_flow_app.apicashflow.entities_repositories_and_services.base.user.User] 
2023-11-28T22:11:56.955-05:00 DEBUG 27472 --- [           main] o.h.q.sqm.sql.BaseSqmToSqlAstConverter   : Determining mapping-model type for SqmParameter : org.hibernate.query.sqm.tree.expression.SqmJpaCriteriaParameterWrapper@523a10a0
2023-11-28T22:11:56.955-05:00 DEBUG 27472 --- [           main] o.h.q.sqm.sql.BaseSqmToSqlAstConverter   : Determining mapping-model type for SqmPath : SqmBasicValuedSimplePath(com.cash_flow_app.apicashflow.entities_repositories_and_services.base.user.User(35202153502500).username) 
2023-11-28T22:11:56.955-05:00 DEBUG 27472 --- [           main] org.hibernate.orm.results.graph.AST      : DomainResult Graph:
 \-EntityResultImpl [com.cash_flow_app.apicashflow.entities_repositories_and_services.base.user.User(35202153502500)]
 |  +-SelectEagerCollectionFetch [com.cash_flow_app.apicashflow.entities_repositories_and_services.base.user.User(35202153502500).accounts]
 |  +-SelectEagerCollectionFetch [com.cash_flow_app.apicashflow.entities_repositories_and_services.base.user.User(35202153502500).authorities]
 |  +-BasicFetch [com.cash_flow_app.apicashflow.entities_repositories_and_services.base.user.User(35202153502500).password]
 |  \-BasicFetch [com.cash_flow_app.apicashflow.entities_repositories_and_services.base.user.User(35202153502500).username]

2023-11-28T22:11:56.955-05:00 DEBUG 27472 --- [           main] org.hibernate.orm.sql.ast.tree           : SQL AST Tree:
    SelectStatement {
      FromClause {
        StandardTableGroup (u1 : com.cash_flow_app.apicashflow.entities_repositories_and_services.base.user.User(35202153502500)) {
          primaryTableReference : users as u1_0
        }
      }
    }

2023-11-28T22:11:56.955-05:00 DEBUG 27472 --- [           main] o.h.e.i.AbstractFlushingEventListener    : Processing flush-time cascades
2023-11-28T22:11:56.955-05:00 DEBUG 27472 --- [           main] o.h.e.i.AbstractFlushingEventListener    : Dirty checking collections
2023-11-28T22:11:56.955-05:00 DEBUG 27472 --- [           main] o.hibernate.engine.internal.Collections  : Collection found: [com.cash_flow_app.apicashflow.entities_repositories_and_services.base.user.User.authorities#e1a5dd46-6507-4069-a2ae-3ffd0e1511e4], was: [com.cash_flow_app.apicashflow.entities_repositories_and_services.base.user.User.authorities#e1a5dd46-6507-4069-a2ae-3ffd0e1511e4] (initialized)
2023-11-28T22:11:56.955-05:00 DEBUG 27472 --- [           main] o.hibernate.engine.internal.Collections  : Collection dereferenced: [com.cash_flow_app.apicashflow.entities_repositories_and_services.base.user.User.accounts#e1a5dd46-6507-4069-a2ae-3ffd0e1511e4]
2023-11-28T22:11:56.955-05:00 DEBUG 27472 --- [           main] o.h.e.i.AbstractFlushingEventListener    : Flushed: 0 insertions, 0 updates, 0 deletions to 6 objects
2023-11-28T22:11:56.955-05:00 DEBUG 27472 --- [           main] o.h.e.i.AbstractFlushingEventListener    : Flushed: 0 (re)creations, 0 updates, 1 removals to 2 collections
2023-11-28T22:11:56.955-05:00 DEBUG 27472 --- [           main] o.hibernate.internal.util.EntityPrinter  : Listing entities:
2023-11-28T22:11:56.956-05:00 DEBUG 27472 --- [           main] o.hibernate.internal.util.EntityPrinter  : com.cash_flow_app.apicashflow.entities_repositories_and_services.base.authority.Authority{endpoint=User, permission=CREATE, id=f4f135be-a2b5-48d1-a9d0-2b14e82cc373}
2023-11-28T22:11:56.956-05:00 DEBUG 27472 --- [           main] o.hibernate.internal.util.EntityPrinter  : com.cash_flow_app.apicashflow.entities_repositories_and_services.base.authority.Authority{endpoint=User, permission=READ, id=35481739-2447-454f-8ec3-daf467bb2ae5}
2023-11-28T22:11:56.956-05:00 DEBUG 27472 --- [           main] o.hibernate.internal.util.EntityPrinter  : com.cash_flow_app.apicashflow.entities_repositories_and_services.base.authority.Authority{endpoint=Account, permission=DELETE, id=363894b3-8bdc-4764-ad13-d91f872e1a95}
2023-11-28T22:11:56.956-05:00 DEBUG 27472 --- [           main] o.hibernate.internal.util.EntityPrinter  : com.cash_flow_app.apicashflow.entities_repositories_and_services.base.user.User{password=$2a$10$WAIGXy1/9QqItbwBoe8TpOu/UEXsLifRCrq2se26s1l5WnsgsCzPe, id=e1a5dd46-6507-4069-a2ae-3ffd0e1511e4, accounts=null, authorities=[com.cash_flow_app.apicashflow.entities_repositories_and_services.base.authority.Authority#9aaf7d40-45f6-4ab6-90a9-a23f4c1b5f2f, com.cash_flow_app.apicashflow.entities_repositories_and_services.base.authority.Authority#b14a62f4-d04f-422a-a2a3-1f80e2635352, com.cash_flow_app.apicashflow.entities_repositories_and_services.base.authority.Authority#363894b3-8bdc-4764-ad13-d91f872e1a95, com.cash_flow_app.apicashflow.entities_repositories_and_services.base.authority.Authority#f4f135be-a2b5-48d1-a9d0-2b14e82cc373, com.cash_flow_app.apicashflow.entities_repositories_and_services.base.authority.Authority#35481739-2447-454f-8ec3-daf467bb2ae5], username=usuario_test}
2023-11-28T22:11:56.956-05:00 DEBUG 27472 --- [           main] o.hibernate.internal.util.EntityPrinter  : com.cash_flow_app.apicashflow.entities_repositories_and_services.base.authority.Authority{endpoint=Account, permission=CREATE, id=9aaf7d40-45f6-4ab6-90a9-a23f4c1b5f2f}
2023-11-28T22:11:56.956-05:00 DEBUG 27472 --- [           main] o.hibernate.internal.util.EntityPrinter  : com.cash_flow_app.apicashflow.entities_repositories_and_services.base.authority.Authority{endpoint=Account, permission=READ, id=b14a62f4-d04f-422a-a2a3-1f80e2635352}
2023-11-28T22:11:56.956-05:00 DEBUG 27472 --- [           main] org.hibernate.orm.sql.exec               : Skipping reading Query result cache data: cache-enabled = false, cache-mode = NORMAL
2023-11-28T22:11:56.956-05:00 DEBUG 27472 --- [           main] org.hibernate.orm.results                : Initializer list
2023-11-28T22:11:56.956-05:00 DEBUG 27472 --- [           main] org.hibernate.orm.results                :     com.cash_flow_app.apicashflow.entities_repositories_and_services.base.user.User(35202153502500).accounts -> SelectEagerCollectionInitializer(com.cash_flow_app.apicashflow.entities_repositories_and_services.base.user.User(35202153502500).accounts)@475615784 (PluralAttribute(com.cash_flow_app.apicashflow.entities_repositories_and_services.base.user.User.accounts))
2023-11-28T22:11:56.956-05:00 DEBUG 27472 --- [           main] org.hibernate.orm.results                :     com.cash_flow_app.apicashflow.entities_repositories_and_services.base.user.User(35202153502500).authorities -> SelectEagerCollectionInitializer(com.cash_flow_app.apicashflow.entities_repositories_and_services.base.user.User(35202153502500).authorities)@509931027 (PluralAttribute(com.cash_flow_app.apicashflow.entities_repositories_and_services.base.user.User.authorities))
2023-11-28T22:11:56.956-05:00 DEBUG 27472 --- [           main] org.hibernate.orm.results                :     com.cash_flow_app.apicashflow.entities_repositories_and_services.base.user.User(35202153502500) -> EntityResultInitializer(com.cash_flow_app.apicashflow.entities_repositories_and_services.base.user.User(35202153502500))@881599816 (SingleTableEntityPersister(com.cash_flow_app.apicashflow.entities_repositories_and_services.base.user.User))
2023-11-28T22:11:56.956-05:00 DEBUG 27472 --- [           main] org.hibernate.SQL                        : 
    select
        u1_0.id,
        u1_0.password,
        u1_0.username 
    from
        users u1_0 
    where
        u1_0.username=?
2023-11-28T22:11:56.956-05:00 DEBUG 27472 --- [           main] org.hibernate.orm.results                : Extracted JDBC value [0] - [e1a5dd46-6507-4069-a2ae-3ffd0e1511e4]
2023-11-28T22:11:56.956-05:00 DEBUG 27472 --- [           main] o.hibernate.orm.results.loading.entity   : (EntityResultInitializer) Hydrated EntityKey (com.cash_flow_app.apicashflow.entities_repositories_and_services.base.user.User(35202153502500)): e1a5dd46-6507-4069-a2ae-3ffd0e1511e4
2023-11-28T22:11:56.956-05:00 DEBUG 27472 --- [           main] o.h.o.r.l.o.h.o.r.loading.collection     : (DelayedCollectionInitializer) Current row collection key : com.cash_flow_app.apicashflow.entities_repositories_and_services.base.user.User(35202153502500).accounts#e1a5dd46-6507-4069-a2ae-3ffd0e1511e4
2023-11-28T22:11:56.956-05:00 DEBUG 27472 --- [           main] o.h.o.r.l.o.h.o.r.loading.collection     : (DelayedCollectionInitializer) Current row collection key : com.cash_flow_app.apicashflow.entities_repositories_and_services.base.user.User(35202153502500).authorities#e1a5dd46-6507-4069-a2ae-3ffd0e1511e4
2023-11-28T22:11:56.956-05:00 DEBUG 27472 --- [           main] org.hibernate.orm.results.loading        : Calling top-level assembler (0 / 1) : org.hibernate.sql.results.graph.entity.internal.EntityAssembler@1c175d38
2023-11-28T22:11:56.956-05:00 DEBUG 27472 --- [           main] .s.ChangeSessionIdAuthenticationStrategy : Changed session id from 17
2023-11-28T22:11:56.956-05:00 DEBUG 27472 --- [           main] w.c.HttpSessionSecurityContextRepository : Stored SecurityContextImpl [Authentication=UsernamePasswordAuthenticationToken [Principal=usuario_test, Credentials=[PROTECTED], Authenticated=true, Details=null, Granted Authorities=[ENDPOINT_ACCOUNT_PERMISSION_CREATE, ENDPOINT_ACCOUNT_PERMISSION_READ, ENDPOINT_ACCOUNT_PERMISSION_DELETE, ENDPOINT_USER_PERMISSION_CREATE, ENDPOINT_USER_PERMISSION_READ]]] to HttpSession [org.springframework.mock.web.MockHttpSession@49648d97]
2023-11-28T22:11:56.957-05:00 DEBUG 27472 --- [           main] s.w.s.m.m.a.RequestMappingHandlerMapping : Mapped to com.cash_flow_app.apicashflow.controller.AccountController#create(AccountDto)
2023-11-28T22:11:56.957-05:00 DEBUG 27472 --- [           main] o.s.security.web.FilterChainProxy        : Secured POST /api/v1/account/create
2023-11-28T22:11:56.957-05:00 DEBUG 27472 --- [           main] o.s.t.web.servlet.TestDispatcherServlet  : POST "/api/v1/account/create", parameters={masked}
2023-11-28T22:11:56.957-05:00 DEBUG 27472 --- [           main] s.w.s.m.m.a.RequestMappingHandlerMapping : Mapped to com.cash_flow_app.apicashflow.controller.AccountController#create(AccountDto)
2023-11-28T22:11:56.957-05:00 DEBUG 27472 --- [           main] m.m.a.RequestResponseBodyMethodProcessor : Read "application/json;charset=UTF-8" to [AccountDto(id=null, description=descripcion de cuenta, users=[usuario_test])]
2023-11-28T22:11:56.957-05:00 DEBUG 27472 --- [           main] o.s.orm.jpa.JpaTransactionManager        : Found thread-bound EntityManager [SessionImpl(151380361<open>)] for JPA transaction
2023-11-28T22:11:56.957-05:00 DEBUG 27472 --- [           main] o.s.orm.jpa.JpaTransactionManager        : Participating in existing transaction
2023-11-28T22:11:56.957-05:00 DEBUG 27472 --- [           main] org.hibernate.orm.sql.ast.create         : Created new SQL alias : u1_0
2023-11-28T22:11:56.957-05:00 DEBUG 27472 --- [           main] org.hibernate.orm.sql.ast.create         : Registration of TableGroup [StandardTableGroup(com.cash_flow_app.apicashflow.entities_repositories_and_services.base.user.User(35202153502500))] with identifierForTableGroup [com.cash_flow_app.apicashflow.entities_repositories_and_services.base.user.User] for NavigablePath [com.cash_flow_app.apicashflow.entities_repositories_and_services.base.user.User] 
2023-11-28T22:11:56.957-05:00 DEBUG 27472 --- [           main] o.h.q.sqm.sql.BaseSqmToSqlAstConverter   : Determining mapping-model type for SqmParameter : org.hibernate.query.sqm.tree.expression.SqmJpaCriteriaParameterWrapper@1d691240
2023-11-28T22:11:56.957-05:00 DEBUG 27472 --- [           main] o.h.q.sqm.sql.BaseSqmToSqlAstConverter   : Determining mapping-model type for SqmPath : SqmBasicValuedSimplePath(com.cash_flow_app.apicashflow.entities_repositories_and_services.base.user.User(35202153502500).username) 
2023-11-28T22:11:56.957-05:00 DEBUG 27472 --- [           main] org.hibernate.orm.results.graph.AST      : DomainResult Graph:
 \-EntityResultImpl [com.cash_flow_app.apicashflow.entities_repositories_and_services.base.user.User(35202153502500)]
 |  +-SelectEagerCollectionFetch [com.cash_flow_app.apicashflow.entities_repositories_and_services.base.user.User(35202153502500).accounts]
 |  +-SelectEagerCollectionFetch [com.cash_flow_app.apicashflow.entities_repositories_and_services.base.user.User(35202153502500).authorities]
 |  +-BasicFetch [com.cash_flow_app.apicashflow.entities_repositories_and_services.base.user.User(35202153502500).password]
 |  \-BasicFetch [com.cash_flow_app.apicashflow.entities_repositories_and_services.base.user.User(35202153502500).username]

2023-11-28T22:11:56.957-05:00 DEBUG 27472 --- [           main] org.hibernate.orm.sql.ast.tree           : SQL AST Tree:
    SelectStatement {
      FromClause {
        StandardTableGroup (u1 : com.cash_flow_app.apicashflow.entities_repositories_and_services.base.user.User(35202153502500)) {
          primaryTableReference : users as u1_0
        }
      }
    }

2023-11-28T22:11:56.958-05:00 DEBUG 27472 --- [           main] o.h.e.i.AbstractFlushingEventListener    : Processing flush-time cascades
2023-11-28T22:11:56.958-05:00 DEBUG 27472 --- [           main] o.h.e.i.AbstractFlushingEventListener    : Dirty checking collections
2023-11-28T22:11:56.958-05:00 DEBUG 27472 --- [           main] o.hibernate.engine.internal.Collections  : Collection found: [com.cash_flow_app.apicashflow.entities_repositories_and_services.base.user.User.authorities#e1a5dd46-6507-4069-a2ae-3ffd0e1511e4], was: [com.cash_flow_app.apicashflow.entities_repositories_and_services.base.user.User.authorities#e1a5dd46-6507-4069-a2ae-3ffd0e1511e4] (initialized)
2023-11-28T22:11:56.958-05:00 DEBUG 27472 --- [           main] o.hibernate.engine.internal.Collections  : Collection dereferenced: [com.cash_flow_app.apicashflow.entities_repositories_and_services.base.user.User.accounts#e1a5dd46-6507-4069-a2ae-3ffd0e1511e4]
2023-11-28T22:11:56.958-05:00 DEBUG 27472 --- [           main] o.h.e.i.AbstractFlushingEventListener    : Flushed: 0 insertions, 0 updates, 0 deletions to 6 objects
2023-11-28T22:11:56.958-05:00 DEBUG 27472 --- [           main] o.h.e.i.AbstractFlushingEventListener    : Flushed: 0 (re)creations, 0 updates, 1 removals to 2 collections
2023-11-28T22:11:56.958-05:00 DEBUG 27472 --- [           main] o.hibernate.internal.util.EntityPrinter  : Listing entities:
2023-11-28T22:11:56.958-05:00 DEBUG 27472 --- [           main] o.hibernate.internal.util.EntityPrinter  : com.cash_flow_app.apicashflow.entities_repositories_and_services.base.authority.Authority{endpoint=User, permission=CREATE, id=f4f135be-a2b5-48d1-a9d0-2b14e82cc373}
2023-11-28T22:11:56.958-05:00 DEBUG 27472 --- [           main] o.hibernate.internal.util.EntityPrinter  : com.cash_flow_app.apicashflow.entities_repositories_and_services.base.authority.Authority{endpoint=User, permission=READ, id=35481739-2447-454f-8ec3-daf467bb2ae5}
2023-11-28T22:11:56.958-05:00 DEBUG 27472 --- [           main] o.hibernate.internal.util.EntityPrinter  : com.cash_flow_app.apicashflow.entities_repositories_and_services.base.authority.Authority{endpoint=Account, permission=DELETE, id=363894b3-8bdc-4764-ad13-d91f872e1a95}
2023-11-28T22:11:56.958-05:00 DEBUG 27472 --- [           main] o.hibernate.internal.util.EntityPrinter  : com.cash_flow_app.apicashflow.entities_repositories_and_services.base.user.User{password=$2a$10$WAIGXy1/9QqItbwBoe8TpOu/UEXsLifRCrq2se26s1l5WnsgsCzPe, id=e1a5dd46-6507-4069-a2ae-3ffd0e1511e4, accounts=null, authorities=[com.cash_flow_app.apicashflow.entities_repositories_and_services.base.authority.Authority#9aaf7d40-45f6-4ab6-90a9-a23f4c1b5f2f, com.cash_flow_app.apicashflow.entities_repositories_and_services.base.authority.Authority#b14a62f4-d04f-422a-a2a3-1f80e2635352, com.cash_flow_app.apicashflow.entities_repositories_and_services.base.authority.Authority#363894b3-8bdc-4764-ad13-d91f872e1a95, com.cash_flow_app.apicashflow.entities_repositories_and_services.base.authority.Authority#f4f135be-a2b5-48d1-a9d0-2b14e82cc373, com.cash_flow_app.apicashflow.entities_repositories_and_services.base.authority.Authority#35481739-2447-454f-8ec3-daf467bb2ae5], username=usuario_test}
2023-11-28T22:11:56.958-05:00 DEBUG 27472 --- [           main] o.hibernate.internal.util.EntityPrinter  : com.cash_flow_app.apicashflow.entities_repositories_and_services.base.authority.Authority{endpoint=Account, permission=CREATE, id=9aaf7d40-45f6-4ab6-90a9-a23f4c1b5f2f}
2023-11-28T22:11:56.958-05:00 DEBUG 27472 --- [           main] o.hibernate.internal.util.EntityPrinter  : com.cash_flow_app.apicashflow.entities_repositories_and_services.base.authority.Authority{endpoint=Account, permission=READ, id=b14a62f4-d04f-422a-a2a3-1f80e2635352}
2023-11-28T22:11:56.958-05:00 DEBUG 27472 --- [           main] org.hibernate.orm.sql.exec               : Skipping reading Query result cache data: cache-enabled = false, cache-mode = NORMAL
2023-11-28T22:11:56.958-05:00 DEBUG 27472 --- [           main] org.hibernate.orm.results                : Initializer list
2023-11-28T22:11:56.958-05:00 DEBUG 27472 --- [           main] org.hibernate.orm.results                :     com.cash_flow_app.apicashflow.entities_repositories_and_services.base.user.User(35202153502500).accounts -> SelectEagerCollectionInitializer(com.cash_flow_app.apicashflow.entities_repositories_and_services.base.user.User(35202153502500).accounts)@583386416 (PluralAttribute(com.cash_flow_app.apicashflow.entities_repositories_and_services.base.user.User.accounts))
2023-11-28T22:11:56.958-05:00 DEBUG 27472 --- [           main] org.hibernate.orm.results                :     com.cash_flow_app.apicashflow.entities_repositories_and_services.base.user.User(35202153502500).authorities -> SelectEagerCollectionInitializer(com.cash_flow_app.apicashflow.entities_repositories_and_services.base.user.User(35202153502500).authorities)@2011904058 (PluralAttribute(com.cash_flow_app.apicashflow.entities_repositories_and_services.base.user.User.authorities))
2023-11-28T22:11:56.958-05:00 DEBUG 27472 --- [           main] org.hibernate.orm.results                :     com.cash_flow_app.apicashflow.entities_repositories_and_services.base.user.User(35202153502500) -> EntityResultInitializer(com.cash_flow_app.apicashflow.entities_repositories_and_services.base.user.User(35202153502500))@1514229460 (SingleTableEntityPersister(com.cash_flow_app.apicashflow.entities_repositories_and_services.base.user.User))
2023-11-28T22:11:56.958-05:00 DEBUG 27472 --- [           main] org.hibernate.SQL                        : 
    select
        u1_0.id,
        u1_0.password,
        u1_0.username 
    from
        users u1_0 
    where
        u1_0.username=?
2023-11-28T22:11:56.958-05:00 DEBUG 27472 --- [           main] org.hibernate.orm.results                : Extracted JDBC value [0] - [e1a5dd46-6507-4069-a2ae-3ffd0e1511e4]
2023-11-28T22:11:56.958-05:00 DEBUG 27472 --- [           main] o.hibernate.orm.results.loading.entity   : (EntityResultInitializer) Hydrated EntityKey (com.cash_flow_app.apicashflow.entities_repositories_and_services.base.user.User(35202153502500)): e1a5dd46-6507-4069-a2ae-3ffd0e1511e4
2023-11-28T22:11:56.958-05:00 DEBUG 27472 --- [           main] o.h.o.r.l.o.h.o.r.loading.collection     : (DelayedCollectionInitializer) Current row collection key : com.cash_flow_app.apicashflow.entities_repositories_and_services.base.user.User(35202153502500).accounts#e1a5dd46-6507-4069-a2ae-3ffd0e1511e4
2023-11-28T22:11:56.958-05:00 DEBUG 27472 --- [           main] o.h.o.r.l.o.h.o.r.loading.collection     : (DelayedCollectionInitializer) Current row collection key : com.cash_flow_app.apicashflow.entities_repositories_and_services.base.user.User(35202153502500).authorities#e1a5dd46-6507-4069-a2ae-3ffd0e1511e4
2023-11-28T22:11:56.958-05:00 DEBUG 27472 --- [           main] org.hibernate.orm.results.loading        : Calling top-level assembler (0 / 1) : org.hibernate.sql.results.graph.entity.internal.EntityAssembler@30464500
2023-11-28T22:11:56.959-05:00 DEBUG 27472 --- [           main] org.hibernate.orm.sql.ast.create         : Created new SQL alias : u1_0
2023-11-28T22:11:56.959-05:00 DEBUG 27472 --- [           main] org.hibernate.orm.sql.ast.create         : Registration of TableGroup [StandardTableGroup(com.cash_flow_app.apicashflow.entities_repositories_and_services.base.user.User(35202153502500))] with identifierForTableGroup [com.cash_flow_app.apicashflow.entities_repositories_and_services.base.user.User] for NavigablePath [com.cash_flow_app.apicashflow.entities_repositories_and_services.base.user.User] 
2023-11-28T22:11:56.959-05:00 DEBUG 27472 --- [           main] o.h.q.sqm.sql.BaseSqmToSqlAstConverter   : Determining mapping-model type for SqmParameter : org.hibernate.query.sqm.tree.expression.SqmJpaCriteriaParameterWrapper@60219a32
2023-11-28T22:11:56.959-05:00 DEBUG 27472 --- [           main] o.h.q.sqm.sql.BaseSqmToSqlAstConverter   : Determining mapping-model type for SqmPath : SqmBasicValuedSimplePath(com.cash_flow_app.apicashflow.entities_repositories_and_services.base.user.User(35202153502500).username) 
2023-11-28T22:11:56.959-05:00 DEBUG 27472 --- [           main] org.hibernate.orm.results.graph.AST      : DomainResult Graph:
 \-EntityResultImpl [com.cash_flow_app.apicashflow.entities_repositories_and_services.base.user.User(35202153502500)]
 |  +-SelectEagerCollectionFetch [com.cash_flow_app.apicashflow.entities_repositories_and_services.base.user.User(35202153502500).accounts]
 |  +-SelectEagerCollectionFetch [com.cash_flow_app.apicashflow.entities_repositories_and_services.base.user.User(35202153502500).authorities]
 |  +-BasicFetch [com.cash_flow_app.apicashflow.entities_repositories_and_services.base.user.User(35202153502500).password]
 |  \-BasicFetch [com.cash_flow_app.apicashflow.entities_repositories_and_services.base.user.User(35202153502500).username]

2023-11-28T22:11:56.959-05:00 DEBUG 27472 --- [           main] org.hibernate.orm.sql.ast.tree           : SQL AST Tree:
    SelectStatement {
      FromClause {
        StandardTableGroup (u1 : com.cash_flow_app.apicashflow.entities_repositories_and_services.base.user.User(35202153502500)) {
          primaryTableReference : users as u1_0
        }
      }
    }

2023-11-28T22:11:56.959-05:00 DEBUG 27472 --- [           main] o.h.e.i.AbstractFlushingEventListener    : Processing flush-time cascades
2023-11-28T22:11:56.959-05:00 DEBUG 27472 --- [           main] o.h.e.i.AbstractFlushingEventListener    : Dirty checking collections
2023-11-28T22:11:56.959-05:00 DEBUG 27472 --- [           main] o.hibernate.engine.internal.Collections  : Collection found: [com.cash_flow_app.apicashflow.entities_repositories_and_services.base.user.User.authorities#e1a5dd46-6507-4069-a2ae-3ffd0e1511e4], was: [com.cash_flow_app.apicashflow.entities_repositories_and_services.base.user.User.authorities#e1a5dd46-6507-4069-a2ae-3ffd0e1511e4] (initialized)
2023-11-28T22:11:56.959-05:00 DEBUG 27472 --- [           main] o.hibernate.engine.internal.Collections  : Collection dereferenced: [com.cash_flow_app.apicashflow.entities_repositories_and_services.base.user.User.accounts#e1a5dd46-6507-4069-a2ae-3ffd0e1511e4]
2023-11-28T22:11:56.959-05:00 DEBUG 27472 --- [           main] o.h.e.i.AbstractFlushingEventListener    : Flushed: 0 insertions, 0 updates, 0 deletions to 6 objects
2023-11-28T22:11:56.959-05:00 DEBUG 27472 --- [           main] o.h.e.i.AbstractFlushingEventListener    : Flushed: 0 (re)creations, 0 updates, 1 removals to 2 collections
2023-11-28T22:11:56.959-05:00 DEBUG 27472 --- [           main] o.hibernate.internal.util.EntityPrinter  : Listing entities:
2023-11-28T22:11:56.959-05:00 DEBUG 27472 --- [           main] o.hibernate.internal.util.EntityPrinter  : com.cash_flow_app.apicashflow.entities_repositories_and_services.base.authority.Authority{endpoint=User, permission=CREATE, id=f4f135be-a2b5-48d1-a9d0-2b14e82cc373}
2023-11-28T22:11:56.959-05:00 DEBUG 27472 --- [           main] o.hibernate.internal.util.EntityPrinter  : com.cash_flow_app.apicashflow.entities_repositories_and_services.base.authority.Authority{endpoint=User, permission=READ, id=35481739-2447-454f-8ec3-daf467bb2ae5}
2023-11-28T22:11:56.959-05:00 DEBUG 27472 --- [           main] o.hibernate.internal.util.EntityPrinter  : com.cash_flow_app.apicashflow.entities_repositories_and_services.base.authority.Authority{endpoint=Account, permission=DELETE, id=363894b3-8bdc-4764-ad13-d91f872e1a95}
2023-11-28T22:11:56.959-05:00 DEBUG 27472 --- [           main] o.hibernate.internal.util.EntityPrinter  : com.cash_flow_app.apicashflow.entities_repositories_and_services.base.user.User{password=$2a$10$WAIGXy1/9QqItbwBoe8TpOu/UEXsLifRCrq2se26s1l5WnsgsCzPe, id=e1a5dd46-6507-4069-a2ae-3ffd0e1511e4, accounts=null, authorities=[com.cash_flow_app.apicashflow.entities_repositories_and_services.base.authority.Authority#9aaf7d40-45f6-4ab6-90a9-a23f4c1b5f2f, com.cash_flow_app.apicashflow.entities_repositories_and_services.base.authority.Authority#b14a62f4-d04f-422a-a2a3-1f80e2635352, com.cash_flow_app.apicashflow.entities_repositories_and_services.base.authority.Authority#363894b3-8bdc-4764-ad13-d91f872e1a95, com.cash_flow_app.apicashflow.entities_repositories_and_services.base.authority.Authority#f4f135be-a2b5-48d1-a9d0-2b14e82cc373, com.cash_flow_app.apicashflow.entities_repositories_and_services.base.authority.Authority#35481739-2447-454f-8ec3-daf467bb2ae5], username=usuario_test}
2023-11-28T22:11:56.959-05:00 DEBUG 27472 --- [           main] o.hibernate.internal.util.EntityPrinter  : com.cash_flow_app.apicashflow.entities_repositories_and_services.base.authority.Authority{endpoint=Account, permission=CREATE, id=9aaf7d40-45f6-4ab6-90a9-a23f4c1b5f2f}
2023-11-28T22:11:56.959-05:00 DEBUG 27472 --- [           main] o.hibernate.internal.util.EntityPrinter  : com.cash_flow_app.apicashflow.entities_repositories_and_services.base.authority.Authority{endpoint=Account, permission=READ, id=b14a62f4-d04f-422a-a2a3-1f80e2635352}
2023-11-28T22:11:56.959-05:00 DEBUG 27472 --- [           main] org.hibernate.orm.sql.exec               : Skipping reading Query result cache data: cache-enabled = false, cache-mode = NORMAL
2023-11-28T22:11:56.959-05:00 DEBUG 27472 --- [           main] org.hibernate.orm.results                : Initializer list
2023-11-28T22:11:56.959-05:00 DEBUG 27472 --- [           main] org.hibernate.orm.results                :     com.cash_flow_app.apicashflow.entities_repositories_and_services.base.user.User(35202153502500).accounts -> SelectEagerCollectionInitializer(com.cash_flow_app.apicashflow.entities_repositories_and_services.base.user.User(35202153502500).accounts)@1803367996 (PluralAttribute(com.cash_flow_app.apicashflow.entities_repositories_and_services.base.user.User.accounts))
2023-11-28T22:11:56.959-05:00 DEBUG 27472 --- [           main] org.hibernate.orm.results                :     com.cash_flow_app.apicashflow.entities_repositories_and_services.base.user.User(35202153502500).authorities -> SelectEagerCollectionInitializer(com.cash_flow_app.apicashflow.entities_repositories_and_services.base.user.User(35202153502500).authorities)@132239723 (PluralAttribute(com.cash_flow_app.apicashflow.entities_repositories_and_services.base.user.User.authorities))
2023-11-28T22:11:56.959-05:00 DEBUG 27472 --- [           main] org.hibernate.orm.results                :     com.cash_flow_app.apicashflow.entities_repositories_and_services.base.user.User(35202153502500) -> EntityResultInitializer(com.cash_flow_app.apicashflow.entities_repositories_and_services.base.user.User(35202153502500))@769724695 (SingleTableEntityPersister(com.cash_flow_app.apicashflow.entities_repositories_and_services.base.user.User))
2023-11-28T22:11:56.959-05:00 DEBUG 27472 --- [           main] org.hibernate.SQL                        : 
    select
        u1_0.id,
        u1_0.password,
        u1_0.username 
    from
        users u1_0 
    where
        u1_0.username=?
2023-11-28T22:11:56.959-05:00 DEBUG 27472 --- [           main] org.hibernate.orm.results                : Extracted JDBC value [0] - [e1a5dd46-6507-4069-a2ae-3ffd0e1511e4]
2023-11-28T22:11:56.959-05:00 DEBUG 27472 --- [           main] o.hibernate.orm.results.loading.entity   : (EntityResultInitializer) Hydrated EntityKey (com.cash_flow_app.apicashflow.entities_repositories_and_services.base.user.User(35202153502500)): e1a5dd46-6507-4069-a2ae-3ffd0e1511e4
2023-11-28T22:11:56.959-05:00 DEBUG 27472 --- [           main] o.h.o.r.l.o.h.o.r.loading.collection     : (DelayedCollectionInitializer) Current row collection key : com.cash_flow_app.apicashflow.entities_repositories_and_services.base.user.User(35202153502500).accounts#e1a5dd46-6507-4069-a2ae-3ffd0e1511e4
2023-11-28T22:11:56.959-05:00 DEBUG 27472 --- [           main] o.h.o.r.l.o.h.o.r.loading.collection     : (DelayedCollectionInitializer) Current row collection key : com.cash_flow_app.apicashflow.entities_repositories_and_services.base.user.User(35202153502500).authorities#e1a5dd46-6507-4069-a2ae-3ffd0e1511e4
2023-11-28T22:11:56.959-05:00 DEBUG 27472 --- [           main] org.hibernate.orm.results.loading        : Calling top-level assembler (0 / 1) : org.hibernate.sql.results.graph.entity.internal.EntityAssembler@47be3679
2023-11-28T22:11:56.959-05:00 DEBUG 27472 --- [           main] o.s.orm.jpa.JpaTransactionManager        : Found thread-bound EntityManager [SessionImpl(151380361<open>)] for JPA transaction
2023-11-28T22:11:56.959-05:00 DEBUG 27472 --- [           main] o.s.orm.jpa.JpaTransactionManager        : Participating in existing transaction
2023-11-28T22:11:56.960-05:00 DEBUG 27472 --- [           main] o.h.j.internal.PersistenceUnitUtilImpl   : jakarta.persistence.PersistenceUnitUtil.getIdentifier is only intended to work with enhanced entities (although Hibernate also adapts this support to its proxies); however the passed entity was not enhanced (nor a proxy).. may not be able to read identifier
2023-11-28T22:11:56.960-05:00 DEBUG 27472 --- [           main] o.h.e.i.AbstractSaveEventListener        : Generated identifier: 8f781b5d-2bf0-4f4a-b2ee-e3b08bb75e87, using strategy: org.hibernate.id.UUIDGenerator
2023-11-28T22:11:56.960-05:00 DEBUG 27472 --- [           main] o.s.w.s.m.m.a.HttpEntityMethodProcessor  : Using 'application/json', given [*/*] and supported [application/json, application/*+json]
2023-11-28T22:11:56.960-05:00 DEBUG 27472 --- [           main] o.s.w.s.m.m.a.HttpEntityMethodProcessor  : Writing [AccountDto(id=8f781b5d-2bf0-4f4a-b2ee-e3b08bb75e87, description=descripcion de cuenta, users=[usuari (truncated)...]
2023-11-28T22:11:56.960-05:00 DEBUG 27472 --- [           main] o.s.t.web.servlet.TestDispatcherServlet  : Completed 200 OK
2023-11-28T22:11:56.961-05:00 DEBUG 27472 --- [           main] o.s.test.util.ReflectionTestUtils        : Invoking method 'getFilters' on target object [FilterChainProxy[Filter Chains: [DefaultSecurityFilterChain [RequestMatcher=any request, Filters=[org.springframework.security.web.session.DisableEncodeUrlFilter@120e3ebb, org.springframework.security.web.session.ForceEagerSessionCreationFilter@753f1c3e, org.springframework.security.web.context.request.async.WebAsyncManagerIntegrationFilter@5e9af5d4, org.springframework.security.web.context.SecurityContextHolderFilter@1d18e5ad, org.springframework.security.web.header.HeaderWriterFilter@73b68d98, org.springframework.web.filter.CorsFilter@7863e6b2, org.springframework.security.web.authentication.logout.LogoutFilter@1e5a8278, JWTAuthorizationFilter(loginService=com.cash_flow_app.apicashflow.entities_repositories_and_services.base.security.LoginService@508b9c16), com.cash_flow_app.apicashflow.entities_repositories_and_services.base.security.JWTAuthenticationFilter@6fd2b939, org.springframework.security.web.savedrequest.RequestCacheAwareFilter@11def039, org.springframework.security.web.servletapi.SecurityContextHolderAwareRequestFilter@564375d7, org.springframework.security.web.authentication.AnonymousAuthenticationFilter@c4aa99e, org.springframework.security.web.session.SessionManagementFilter@69af6978, org.springframework.security.web.access.ExceptionTranslationFilter@4469046b, org.springframework.security.web.access.intercept.AuthorizationFilter@588d2e90]]]]] or target class [null] with arguments {org.springframework.mock.web.MockHttpServletRequest@266e0341}
2023-11-28T22:11:56.961-05:00 DEBUG 27472 --- [           main] o.s.test.util.ReflectionTestUtils        : Invoking method 'getFilters' on target object [FilterChainProxy[Filter Chains: [DefaultSecurityFilterChain [RequestMatcher=any request, Filters=[org.springframework.security.web.session.DisableEncodeUrlFilter@120e3ebb, org.springframework.security.web.session.ForceEagerSessionCreationFilter@753f1c3e, org.springframework.security.web.context.request.async.WebAsyncManagerIntegrationFilter@5e9af5d4, org.springframework.security.web.context.SecurityContextHolderFilter@1d18e5ad, org.springframework.security.web.header.HeaderWriterFilter@73b68d98, org.springframework.web.filter.CorsFilter@7863e6b2, org.springframework.security.web.authentication.logout.LogoutFilter@1e5a8278, JWTAuthorizationFilter(loginService=com.cash_flow_app.apicashflow.entities_repositories_and_services.base.security.LoginService@508b9c16), com.cash_flow_app.apicashflow.entities_repositories_and_services.base.security.JWTAuthenticationFilter@6fd2b939, org.springframework.security.web.savedrequest.RequestCacheAwareFilter@11def039, org.springframework.security.web.servletapi.SecurityContextHolderAwareRequestFilter@564375d7, org.springframework.security.web.authentication.AnonymousAuthenticationFilter@c4aa99e, org.springframework.security.web.session.SessionManagementFilter@69af6978, org.springframework.security.web.access.ExceptionTranslationFilter@4469046b, org.springframework.security.web.access.intercept.AuthorizationFilter@588d2e90]]]]] or target class [null] with arguments {org.springframework.mock.web.MockHttpServletRequest@266e0341}
2023-11-28T22:11:56.961-05:00 DEBUG 27472 --- [           main] o.s.test.util.ReflectionTestUtils        : Invoking method 'getFilters' on target object [FilterChainProxy[Filter Chains: [DefaultSecurityFilterChain [RequestMatcher=any request, Filters=[org.springframework.security.web.session.DisableEncodeUrlFilter@120e3ebb, org.springframework.security.web.session.ForceEagerSessionCreationFilter@753f1c3e, org.springframework.security.web.context.request.async.WebAsyncManagerIntegrationFilter@5e9af5d4, org.springframework.security.web.context.SecurityContextHolderFilter@1d18e5ad, org.springframework.security.web.header.HeaderWriterFilter@73b68d98, org.springframework.web.filter.CorsFilter@7863e6b2, org.springframework.security.web.authentication.logout.LogoutFilter@1e5a8278, JWTAuthorizationFilter(loginService=com.cash_flow_app.apicashflow.entities_repositories_and_services.base.security.LoginService@508b9c16), com.cash_flow_app.apicashflow.entities_repositories_and_services.base.security.JWTAuthenticationFilter@6fd2b939, org.springframework.security.web.savedrequest.RequestCacheAwareFilter@11def039, org.springframework.security.web.servletapi.SecurityContextHolderAwareRequestFilter@564375d7, org.springframework.security.web.authentication.AnonymousAuthenticationFilter@c4aa99e, org.springframework.security.web.session.SessionManagementFilter@69af6978, org.springframework.security.web.access.ExceptionTranslationFilter@4469046b, org.springframework.security.web.access.intercept.AuthorizationFilter@588d2e90]]]]] or target class [null] with arguments {org.springframework.mock.web.MockHttpServletRequest@266e0341}
2023-11-28T22:11:56.961-05:00 DEBUG 27472 --- [           main] o.s.security.web.FilterChainProxy        : Securing GET /api/v1/account/get/8f781b5d-2bf0-4f4a-b2ee-e3b08bb75e87
2023-11-28T22:11:56.961-05:00 DEBUG 27472 --- [           main] .s.s.w.s.ForceEagerSessionCreationFilter : Created session eagerly
2023-11-28T22:11:56.962-05:00 DEBUG 27472 --- [           main] org.hibernate.orm.sql.ast.create         : Created new SQL alias : u1_0
2023-11-28T22:11:56.962-05:00 DEBUG 27472 --- [           main] org.hibernate.orm.sql.ast.create         : Registration of TableGroup [StandardTableGroup(com.cash_flow_app.apicashflow.entities_repositories_and_services.base.user.User(35202153502500))] with identifierForTableGroup [com.cash_flow_app.apicashflow.entities_repositories_and_services.base.user.User] for NavigablePath [com.cash_flow_app.apicashflow.entities_repositories_and_services.base.user.User] 
2023-11-28T22:11:56.962-05:00 DEBUG 27472 --- [           main] o.h.q.sqm.sql.BaseSqmToSqlAstConverter   : Determining mapping-model type for SqmParameter : org.hibernate.query.sqm.tree.expression.SqmJpaCriteriaParameterWrapper@654fdde2
2023-11-28T22:11:56.962-05:00 DEBUG 27472 --- [           main] o.h.q.sqm.sql.BaseSqmToSqlAstConverter   : Determining mapping-model type for SqmPath : SqmBasicValuedSimplePath(com.cash_flow_app.apicashflow.entities_repositories_and_services.base.user.User(35202153502500).username) 
2023-11-28T22:11:56.962-05:00 DEBUG 27472 --- [           main] org.hibernate.orm.results.graph.AST      : DomainResult Graph:
 \-EntityResultImpl [com.cash_flow_app.apicashflow.entities_repositories_and_services.base.user.User(35202153502500)]
 |  +-SelectEagerCollectionFetch [com.cash_flow_app.apicashflow.entities_repositories_and_services.base.user.User(35202153502500).accounts]
 |  +-SelectEagerCollectionFetch [com.cash_flow_app.apicashflow.entities_repositories_and_services.base.user.User(35202153502500).authorities]
 |  +-BasicFetch [com.cash_flow_app.apicashflow.entities_repositories_and_services.base.user.User(35202153502500).password]
 |  \-BasicFetch [com.cash_flow_app.apicashflow.entities_repositories_and_services.base.user.User(35202153502500).username]

2023-11-28T22:11:56.963-05:00 DEBUG 27472 --- [           main] org.hibernate.orm.sql.ast.tree           : SQL AST Tree:
    SelectStatement {
      FromClause {
        StandardTableGroup (u1 : com.cash_flow_app.apicashflow.entities_repositories_and_services.base.user.User(35202153502500)) {
          primaryTableReference : users as u1_0
        }
      }
    }

2023-11-28T22:11:56.963-05:00 DEBUG 27472 --- [           main] o.h.e.i.AbstractFlushingEventListener    : Processing flush-time cascades
2023-11-28T22:11:56.963-05:00 DEBUG 27472 --- [           main] o.h.e.i.AbstractFlushingEventListener    : Dirty checking collections
2023-11-28T22:11:56.963-05:00 DEBUG 27472 --- [           main] o.hibernate.engine.internal.Collections  : Collection found: [com.cash_flow_app.apicashflow.entities_repositories_and_services.base.user.User.accounts#e1a5dd46-6507-4069-a2ae-3ffd0e1511e4], was: [<unreferenced>] (initialized)
2023-11-28T22:11:56.963-05:00 DEBUG 27472 --- [           main] o.hibernate.engine.internal.Collections  : Collection found: [com.cash_flow_app.apicashflow.entities_repositories_and_services.base.user.User.authorities#e1a5dd46-6507-4069-a2ae-3ffd0e1511e4], was: [com.cash_flow_app.apicashflow.entities_repositories_and_services.base.user.User.authorities#e1a5dd46-6507-4069-a2ae-3ffd0e1511e4] (initialized)
2023-11-28T22:11:56.963-05:00 DEBUG 27472 --- [           main] o.hibernate.engine.internal.Collections  : Collection found: [com.cash_flow_app.apicashflow.entities_repositories_and_services.base.account.Account.users#8f781b5d-2bf0-4f4a-b2ee-e3b08bb75e87], was: [<unreferenced>] (initialized)
2023-11-28T22:11:56.963-05:00 DEBUG 27472 --- [           main] o.hibernate.engine.internal.Collections  : Collection dereferenced: [com.cash_flow_app.apicashflow.entities_repositories_and_services.base.user.User.accounts#e1a5dd46-6507-4069-a2ae-3ffd0e1511e4]
2023-11-28T22:11:56.963-05:00 DEBUG 27472 --- [           main] o.h.e.i.AbstractFlushingEventListener    : Flushed: 1 insertions, 1 updates, 0 deletions to 7 objects
2023-11-28T22:11:56.963-05:00 DEBUG 27472 --- [           main] o.h.e.i.AbstractFlushingEventListener    : Flushed: 2 (re)creations, 0 updates, 1 removals to 4 collections
2023-11-28T22:11:56.963-05:00 DEBUG 27472 --- [           main] o.hibernate.internal.util.EntityPrinter  : Listing entities:
2023-11-28T22:11:56.963-05:00 DEBUG 27472 --- [           main] o.hibernate.internal.util.EntityPrinter  : com.cash_flow_app.apicashflow.entities_repositories_and_services.base.authority.Authority{endpoint=User, permission=CREATE, id=f4f135be-a2b5-48d1-a9d0-2b14e82cc373}
2023-11-28T22:11:56.963-05:00 DEBUG 27472 --- [           main] o.hibernate.internal.util.EntityPrinter  : com.cash_flow_app.apicashflow.entities_repositories_and_services.base.authority.Authority{endpoint=User, permission=READ, id=35481739-2447-454f-8ec3-daf467bb2ae5}
2023-11-28T22:11:56.963-05:00 DEBUG 27472 --- [           main] o.hibernate.internal.util.EntityPrinter  : com.cash_flow_app.apicashflow.entities_repositories_and_services.base.authority.Authority{endpoint=Account, permission=DELETE, id=363894b3-8bdc-4764-ad13-d91f872e1a95}
2023-11-28T22:11:56.963-05:00 DEBUG 27472 --- [           main] o.hibernate.internal.util.EntityPrinter  : com.cash_flow_app.apicashflow.entities_repositories_and_services.base.user.User{password=$2a$10$WAIGXy1/9QqItbwBoe8TpOu/UEXsLifRCrq2se26s1l5WnsgsCzPe, id=e1a5dd46-6507-4069-a2ae-3ffd0e1511e4, accounts=[com.cash_flow_app.apicashflow.entities_repositories_and_services.base.account.Account#8f781b5d-2bf0-4f4a-b2ee-e3b08bb75e87, com.cash_flow_app.apicashflow.entities_repositories_and_services.base.account.Account#8f781b5d-2bf0-4f4a-b2ee-e3b08bb75e87], authorities=[com.cash_flow_app.apicashflow.entities_repositories_and_services.base.authority.Authority#9aaf7d40-45f6-4ab6-90a9-a23f4c1b5f2f, com.cash_flow_app.apicashflow.entities_repositories_and_services.base.authority.Authority#b14a62f4-d04f-422a-a2a3-1f80e2635352, com.cash_flow_app.apicashflow.entities_repositories_and_services.base.authority.Authority#363894b3-8bdc-4764-ad13-d91f872e1a95, com.cash_flow_app.apicashflow.entities_repositories_and_services.base.authority.Authority#f4f135be-a2b5-48d1-a9d0-2b14e82cc373, com.cash_flow_app.apicashflow.entities_repositories_and_services.base.authority.Authority#35481739-2447-454f-8ec3-daf467bb2ae5], username=usuario_test}
2023-11-28T22:11:56.963-05:00 DEBUG 27472 --- [           main] o.hibernate.internal.util.EntityPrinter  : com.cash_flow_app.apicashflow.entities_repositories_and_services.base.authority.Authority{endpoint=Account, permission=CREATE, id=9aaf7d40-45f6-4ab6-90a9-a23f4c1b5f2f}
2023-11-28T22:11:56.963-05:00 DEBUG 27472 --- [           main] o.hibernate.internal.util.EntityPrinter  : com.cash_flow_app.apicashflow.entities_repositories_and_services.base.authority.Authority{endpoint=Account, permission=READ, id=b14a62f4-d04f-422a-a2a3-1f80e2635352}
2023-11-28T22:11:56.963-05:00 DEBUG 27472 --- [           main] o.hibernate.internal.util.EntityPrinter  : com.cash_flow_app.apicashflow.entities_repositories_and_services.base.account.Account{incomes_expenses=null, description=descripcion de cuenta, id=8f781b5d-2bf0-4f4a-b2ee-e3b08bb75e87, users=[com.cash_flow_app.apicashflow.entities_repositories_and_services.base.user.User#e1a5dd46-6507-4069-a2ae-3ffd0e1511e4, com.cash_flow_app.apicashflow.entities_repositories_and_services.base.user.User#e1a5dd46-6507-4069-a2ae-3ffd0e1511e4]}
2023-11-28T22:11:56.963-05:00 DEBUG 27472 --- [           main] org.hibernate.engine.spi.ActionQueue     : Changes must be flushed to space: users
2023-11-28T22:11:56.963-05:00 DEBUG 27472 --- [           main] org.hibernate.SQL                        : 
    insert 
    into
        accounts
        (description, id) 
    values
        (?, ?)
2023-11-28T22:11:56.963-05:00 DEBUG 27472 --- [           main] o.h.p.c.AbstractCollectionPersister      : Inserting collection: [com.cash_flow_app.apicashflow.entities_repositories_and_services.base.user.User.accounts#e1a5dd46-6507-4069-a2ae-3ffd0e1511e4]
2023-11-28T22:11:56.963-05:00 DEBUG 27472 --- [           main] org.hibernate.SQL                        : 
    insert 
    into
        user_account
        (user_id, account_id) 
    values
        (?, ?)
2023-11-28T22:11:56.964-05:00 DEBUG 27472 --- [           main] org.hibernate.SQL                        : 
    insert 
    into
        user_account
        (user_id, account_id) 
    values
        (?, ?)
2023-11-28T22:11:56.964-05:00 DEBUG 27472 --- [           main] o.h.engine.jdbc.spi.SqlExceptionHelper   : could not execute statement [n/a]

org.postgresql.util.PSQLException: ERROR: duplicate key value violates unique constraint "user_account_pkey"
  Detail: Key (user_id, account_id)=(e1a5dd46-6507-4069-a2ae-3ffd0e1511e4, 8f781b5d-2bf0-4f4a-b2ee-e3b08bb75e87) already exists.
	at org.postgresql.core.v3.QueryExecutorImpl.receiveErrorResponse(QueryExecutorImpl.java:2676) ~[postgresql-42.5.4.jar:42.5.4]
	at org.postgresql.core.v3.QueryExecutorImpl.processResults(QueryExecutorImpl.java:2366) ~[postgresql-42.5.4.jar:42.5.4]
	at org.postgresql.core.v3.QueryExecutorImpl.execute(QueryExecutorImpl.java:356) ~[postgresql-42.5.4.jar:42.5.4]
	at org.postgresql.jdbc.PgStatement.executeInternal(PgStatement.java:496) ~[postgresql-42.5.4.jar:42.5.4]
	at org.postgresql.jdbc.PgStatement.execute(PgStatement.java:413) ~[postgresql-42.5.4.jar:42.5.4]
	at org.postgresql.jdbc.PgPreparedStatement.executeWithFlags(PgPreparedStatement.java:190) ~[postgresql-42.5.4.jar:42.5.4]
	at org.postgresql.jdbc.PgPreparedStatement.executeUpdate(PgPreparedStatement.java:152) ~[postgresql-42.5.4.jar:42.5.4]
	at com.zaxxer.hikari.pool.ProxyPreparedStatement.executeUpdate(ProxyPreparedStatement.java:61) ~[HikariCP-5.0.1.jar:na]
	at com.zaxxer.hikari.pool.HikariProxyPreparedStatement.executeUpdate(HikariProxyPreparedStatement.java) ~[HikariCP-5.0.1.jar:na]
	at org.hibernate.engine.jdbc.internal.ResultSetReturnImpl.executeUpdate(ResultSetReturnImpl.java:197) ~[hibernate-core-6.1.7.Final.jar:6.1.7.Final]
	at org.hibernate.engine.jdbc.batch.internal.NonBatchingBatch.addToBatch(NonBatchingBatch.java:39) ~[hibernate-core-6.1.7.Final.jar:6.1.7.Final]
	at org.hibernate.persister.collection.AbstractCollectionPersister.recreate(AbstractCollectionPersister.java:1478) ~[hibernate-core-6.1.7.Final.jar:6.1.7.Final]
	at org.hibernate.action.internal.CollectionRecreateAction.execute(CollectionRecreateAction.java:47) ~[hibernate-core-6.1.7.Final.jar:6.1.7.Final]
	at org.hibernate.engine.spi.ActionQueue.executeActions(ActionQueue.java:612) ~[hibernate-core-6.1.7.Final.jar:6.1.7.Final]
	at org.hibernate.engine.spi.ActionQueue.lambda$executeActions$1(ActionQueue.java:483) ~[hibernate-core-6.1.7.Final.jar:6.1.7.Final]
	at java.base/java.util.LinkedHashMap.forEach(LinkedHashMap.java:729) ~[na:na]
	at org.hibernate.engine.spi.ActionQueue.executeActions(ActionQueue.java:480) ~[hibernate-core-6.1.7.Final.jar:6.1.7.Final]
	at org.hibernate.event.internal.AbstractFlushingEventListener.performExecutions(AbstractFlushingEventListener.java:329) ~[hibernate-core-6.1.7.Final.jar:6.1.7.Final]
	at org.hibernate.event.internal.DefaultAutoFlushEventListener.onAutoFlush(DefaultAutoFlushEventListener.java:55) ~[hibernate-core-6.1.7.Final.jar:6.1.7.Final]
	at org.hibernate.event.service.internal.EventListenerGroupImpl.fireEventOnEachListener(EventListenerGroupImpl.java:107) ~[hibernate-core-6.1.7.Final.jar:6.1.7.Final]
	at org.hibernate.internal.SessionImpl.autoFlushIfRequired(SessionImpl.java:1388) ~[hibernate-core-6.1.7.Final.jar:6.1.7.Final]
	at org.hibernate.query.sqm.internal.ConcreteSqmSelectQueryPlan.lambda$new$0(ConcreteSqmSelectQueryPlan.java:111) ~[hibernate-core-6.1.7.Final.jar:6.1.7.Final]
	at org.hibernate.query.sqm.internal.ConcreteSqmSelectQueryPlan.withCacheableSqmInterpretation(ConcreteSqmSelectQueryPlan.java:335) ~[hibernate-core-6.1.7.Final.jar:6.1.7.Final]
	at org.hibernate.query.sqm.internal.ConcreteSqmSelectQueryPlan.performList(ConcreteSqmSelectQueryPlan.java:276) ~[hibernate-core-6.1.7.Final.jar:6.1.7.Final]
	at org.hibernate.query.sqm.internal.QuerySqmImpl.doList(QuerySqmImpl.java:571) ~[hibernate-core-6.1.7.Final.jar:6.1.7.Final]
	at org.hibernate.query.spi.AbstractSelectionQuery.list(AbstractSelectionQuery.java:363) ~[hibernate-core-6.1.7.Final.jar:6.1.7.Final]
	at org.hibernate.query.sqm.internal.QuerySqmImpl.list(QuerySqmImpl.java:1073) ~[hibernate-core-6.1.7.Final.jar:6.1.7.Final]
	at org.hibernate.query.spi.AbstractSelectionQuery.getSingleResult(AbstractSelectionQuery.java:457) ~[hibernate-core-6.1.7.Final.jar:6.1.7.Final]
	at org.hibernate.query.sqm.internal.QuerySqmImpl.getSingleResult(QuerySqmImpl.java:1103) ~[hibernate-core-6.1.7.Final.jar:6.1.7.Final]
	at org.springframework.data.jpa.repository.query.JpaQueryExecution$SingleEntityExecution.doExecute(JpaQueryExecution.java:193) ~[spring-data-jpa-3.0.5.jar:3.0.5]
	at org.springframework.data.jpa.repository.query.JpaQueryExecution.execute(JpaQueryExecution.java:90) ~[spring-data-jpa-3.0.5.jar:3.0.5]
	at org.springframework.data.jpa.repository.query.AbstractJpaQuery.doExecute(AbstractJpaQuery.java:148) ~[spring-data-jpa-3.0.5.jar:3.0.5]
	at org.springframework.data.jpa.repository.query.AbstractJpaQuery.execute(AbstractJpaQuery.java:136) ~[spring-data-jpa-3.0.5.jar:3.0.5]
	at org.springframework.data.repository.core.support.RepositoryMethodInvoker.doInvoke(RepositoryMethodInvoker.java:136) ~[spring-data-commons-3.0.5.jar:3.0.5]
	at org.springframework.data.repository.core.support.RepositoryMethodInvoker.invoke(RepositoryMethodInvoker.java:120) ~[spring-data-commons-3.0.5.jar:3.0.5]
	at org.springframework.data.repository.core.support.QueryExecutorMethodInterceptor.doInvoke(QueryExecutorMethodInterceptor.java:164) ~[spring-data-commons-3.0.5.jar:3.0.5]
	at org.springframework.data.repository.core.support.QueryExecutorMethodInterceptor.invoke(QueryExecutorMethodInterceptor.java:143) ~[spring-data-commons-3.0.5.jar:3.0.5]
	at org.springframework.aop.framework.ReflectiveMethodInvocation.proceed(ReflectiveMethodInvocation.java:184) ~[spring-aop-6.0.8.jar:6.0.8]
	at org.springframework.data.projection.DefaultMethodInvokingMethodInterceptor.invoke(DefaultMethodInvokingMethodInterceptor.java:77) ~[spring-data-commons-3.0.5.jar:3.0.5]
	at org.springframework.aop.framework.ReflectiveMethodInvocation.proceed(ReflectiveMethodInvocation.java:184) ~[spring-aop-6.0.8.jar:6.0.8]
	at org.springframework.transaction.interceptor.TransactionInterceptor$1.proceedWithInvocation(TransactionInterceptor.java:123) ~[spring-tx-6.0.8.jar:6.0.8]
	at org.springframework.transaction.interceptor.TransactionAspectSupport.invokeWithinTransaction(TransactionAspectSupport.java:391) ~[spring-tx-6.0.8.jar:6.0.8]
	at org.springframework.transaction.interceptor.TransactionInterceptor.invoke(TransactionInterceptor.java:119) ~[spring-tx-6.0.8.jar:6.0.8]
	at org.springframework.aop.framework.ReflectiveMethodInvocation.proceed(ReflectiveMethodInvocation.java:184) ~[spring-aop-6.0.8.jar:6.0.8]
	at org.springframework.dao.support.PersistenceExceptionTranslationInterceptor.invoke(PersistenceExceptionTranslationInterceptor.java:137) ~[spring-tx-6.0.8.jar:6.0.8]
	at org.springframework.aop.framework.ReflectiveMethodInvocation.proceed(ReflectiveMethodInvocation.java:184) ~[spring-aop-6.0.8.jar:6.0.8]
	at org.springframework.data.jpa.repository.support.CrudMethodMetadataPostProcessor$CrudMethodMetadataPopulatingMethodInterceptor.invoke(CrudMethodMetadataPostProcessor.java:134) ~[spring-data-jpa-3.0.5.jar:3.0.5]
	at org.springframework.aop.framework.ReflectiveMethodInvocation.proceed(ReflectiveMethodInvocation.java:184) ~[spring-aop-6.0.8.jar:6.0.8]
	at org.springframework.aop.interceptor.ExposeInvocationInterceptor.invoke(ExposeInvocationInterceptor.java:97) ~[spring-aop-6.0.8.jar:6.0.8]
	at org.springframework.aop.framework.ReflectiveMethodInvocation.proceed(ReflectiveMethodInvocation.java:184) ~[spring-aop-6.0.8.jar:6.0.8]
	at org.springframework.aop.framework.JdkDynamicAopProxy.invoke(JdkDynamicAopProxy.java:223) ~[spring-aop-6.0.8.jar:6.0.8]
	at jdk.proxy2/jdk.proxy2.$Proxy148.findByUsername(Unknown Source) ~[na:na]
	at com.cash_flow_app.apicashflow.entities_repositories_and_services.base.user.UserService.findByUsername(UserService.java:56) ~[classes/:na]
	at com.cash_flow_app.apicashflow.entities_repositories_and_services.base.security.LoginService.loadUserByUsername(LoginService.java:18) ~[classes/:na]
	at com.cash_flow_app.apicashflow.utils.TokenUtils.getAuthentication(TokenUtils.java:40) ~[classes/:na]
	at com.cash_flow_app.apicashflow.entities_repositories_and_services.base.security.JWTAuthorizationFilter.doFilterInternal(JWTAuthorizationFilter.java:27) ~[classes/:na]
	at org.springframework.web.filter.OncePerRequestFilter.doFilter(OncePerRequestFilter.java:116) ~[spring-web-6.0.8.jar:6.0.8]
	at org.springframework.security.web.ObservationFilterChainDecorator$ObservationFilter.wrapFilter(ObservationFilterChainDecorator.java:185) ~[spring-security-web-6.0.3.jar:6.0.3]
	at org.springframework.security.web.ObservationFilterChainDecorator$ObservationFilter.doFilter(ObservationFilterChainDecorator.java:172) ~[spring-security-web-6.0.3.jar:6.0.3]
	at org.springframework.security.web.ObservationFilterChainDecorator$VirtualFilterChain.doFilter(ObservationFilterChainDecorator.java:133) ~[spring-security-web-6.0.3.jar:6.0.3]
	at org.springframework.security.web.authentication.logout.LogoutFilter.doFilter(LogoutFilter.java:107) ~[spring-security-web-6.0.3.jar:6.0.3]
	at org.springframework.security.web.authentication.logout.LogoutFilter.doFilter(LogoutFilter.java:93) ~[spring-security-web-6.0.3.jar:6.0.3]
	at org.springframework.security.web.ObservationFilterChainDecorator$ObservationFilter.wrapFilter(ObservationFilterChainDecorator.java:185) ~[spring-security-web-6.0.3.jar:6.0.3]
	at org.springframework.security.web.ObservationFilterChainDecorator$ObservationFilter.doFilter(ObservationFilterChainDecorator.java:172) ~[spring-security-web-6.0.3.jar:6.0.3]
	at org.springframework.security.web.ObservationFilterChainDecorator$VirtualFilterChain.doFilter(ObservationFilterChainDecorator.java:133) ~[spring-security-web-6.0.3.jar:6.0.3]
	at org.springframework.web.filter.CorsFilter.doFilterInternal(CorsFilter.java:91) ~[spring-web-6.0.8.jar:6.0.8]
	at org.springframework.web.filter.OncePerRequestFilter.doFilter(OncePerRequestFilter.java:116) ~[spring-web-6.0.8.jar:6.0.8]
	at org.springframework.security.web.ObservationFilterChainDecorator$ObservationFilter.wrapFilter(ObservationFilterChainDecorator.java:185) ~[spring-security-web-6.0.3.jar:6.0.3]
	at org.springframework.security.web.ObservationFilterChainDecorator$ObservationFilter.doFilter(ObservationFilterChainDecorator.java:172) ~[spring-security-web-6.0.3.jar:6.0.3]
	at org.springframework.security.web.ObservationFilterChainDecorator$VirtualFilterChain.doFilter(ObservationFilterChainDecorator.java:133) ~[spring-security-web-6.0.3.jar:6.0.3]
	at org.springframework.security.web.header.HeaderWriterFilter.doHeadersAfter(HeaderWriterFilter.java:90) ~[spring-security-web-6.0.3.jar:6.0.3]
	at org.springframework.security.web.header.HeaderWriterFilter.doFilterInternal(HeaderWriterFilter.java:75) ~[spring-security-web-6.0.3.jar:6.0.3]
	at org.springframework.web.filter.OncePerRequestFilter.doFilter(OncePerRequestFilter.java:116) ~[spring-web-6.0.8.jar:6.0.8]
	at org.springframework.security.web.ObservationFilterChainDecorator$ObservationFilter.wrapFilter(ObservationFilterChainDecorator.java:185) ~[spring-security-web-6.0.3.jar:6.0.3]
	at org.springframework.security.web.ObservationFilterChainDecorator$ObservationFilter.doFilter(ObservationFilterChainDecorator.java:172) ~[spring-security-web-6.0.3.jar:6.0.3]
	at org.springframework.security.web.ObservationFilterChainDecorator$VirtualFilterChain.doFilter(ObservationFilterChainDecorator.java:133) ~[spring-security-web-6.0.3.jar:6.0.3]
	at org.springframework.security.web.context.SecurityContextHolderFilter.doFilter(SecurityContextHolderFilter.java:82) ~[spring-security-web-6.0.3.jar:6.0.3]
	at org.springframework.security.web.context.SecurityContextHolderFilter.doFilter(SecurityContextHolderFilter.java:69) ~[spring-security-web-6.0.3.jar:6.0.3]
	at org.springframework.security.web.ObservationFilterChainDecorator$ObservationFilter.wrapFilter(ObservationFilterChainDecorator.java:185) ~[spring-security-web-6.0.3.jar:6.0.3]
	at org.springframework.security.web.ObservationFilterChainDecorator$ObservationFilter.doFilter(ObservationFilterChainDecorator.java:172) ~[spring-security-web-6.0.3.jar:6.0.3]
	at org.springframework.security.web.ObservationFilterChainDecorator$VirtualFilterChain.doFilter(ObservationFilterChainDecorator.java:133) ~[spring-security-web-6.0.3.jar:6.0.3]
	at org.springframework.security.web.context.request.async.WebAsyncManagerIntegrationFilter.doFilterInternal(WebAsyncManagerIntegrationFilter.java:62) ~[spring-security-web-6.0.3.jar:6.0.3]
	at org.springframework.web.filter.OncePerRequestFilter.doFilter(OncePerRequestFilter.java:116) ~[spring-web-6.0.8.jar:6.0.8]
	at org.springframework.security.web.ObservationFilterChainDecorator$ObservationFilter.wrapFilter(ObservationFilterChainDecorator.java:185) ~[spring-security-web-6.0.3.jar:6.0.3]
	at org.springframework.security.web.ObservationFilterChainDecorator$ObservationFilter.doFilter(ObservationFilterChainDecorator.java:172) ~[spring-security-web-6.0.3.jar:6.0.3]
	at org.springframework.security.web.ObservationFilterChainDecorator$VirtualFilterChain.doFilter(ObservationFilterChainDecorator.java:133) ~[spring-security-web-6.0.3.jar:6.0.3]
	at org.springframework.security.web.session.ForceEagerSessionCreationFilter.doFilterInternal(ForceEagerSessionCreationFilter.java:45) ~[spring-security-web-6.0.3.jar:6.0.3]
	at org.springframework.web.filter.OncePerRequestFilter.doFilter(OncePerRequestFilter.java:116) ~[spring-web-6.0.8.jar:6.0.8]
	at org.springframework.security.web.ObservationFilterChainDecorator$ObservationFilter.wrapFilter(ObservationFilterChainDecorator.java:185) ~[spring-security-web-6.0.3.jar:6.0.3]
	at org.springframework.security.web.ObservationFilterChainDecorator$ObservationFilter.doFilter(ObservationFilterChainDecorator.java:172) ~[spring-security-web-6.0.3.jar:6.0.3]
	at org.springframework.security.web.ObservationFilterChainDecorator$VirtualFilterChain.doFilter(ObservationFilterChainDecorator.java:133) ~[spring-security-web-6.0.3.jar:6.0.3]
	at org.springframework.security.web.session.DisableEncodeUrlFilter.doFilterInternal(DisableEncodeUrlFilter.java:42) ~[spring-security-web-6.0.3.jar:6.0.3]
	at org.springframework.web.filter.OncePerRequestFilter.doFilter(OncePerRequestFilter.java:116) ~[spring-web-6.0.8.jar:6.0.8]
	at org.springframework.security.web.ObservationFilterChainDecorator$ObservationFilter.wrapFilter(ObservationFilterChainDecorator.java:185) ~[spring-security-web-6.0.3.jar:6.0.3]
	at org.springframework.security.web.ObservationFilterChainDecorator$AroundFilterObservation$SimpleAroundFilterObservation.lambda$wrap$0(ObservationFilterChainDecorator.java:268) ~[spring-security-web-6.0.3.jar:6.0.3]
	at org.springframework.security.web.ObservationFilterChainDecorator$ObservationFilter.doFilter(ObservationFilterChainDecorator.java:169) ~[spring-security-web-6.0.3.jar:6.0.3]
	at org.springframework.security.web.ObservationFilterChainDecorator$VirtualFilterChain.doFilter(ObservationFilterChainDecorator.java:133) ~[spring-security-web-6.0.3.jar:6.0.3]
	at org.springframework.security.web.FilterChainProxy.doFilterInternal(FilterChainProxy.java:233) ~[spring-security-web-6.0.3.jar:6.0.3]
	at org.springframework.security.web.FilterChainProxy.doFilter(FilterChainProxy.java:191) ~[spring-security-web-6.0.3.jar:6.0.3]
	at org.springframework.web.filter.DelegatingFilterProxy.invokeDelegate(DelegatingFilterProxy.java:352) ~[spring-web-6.0.8.jar:6.0.8]
	at org.springframework.web.filter.DelegatingFilterProxy.doFilter(DelegatingFilterProxy.java:268) ~[spring-web-6.0.8.jar:6.0.8]
	at org.springframework.mock.web.MockFilterChain.doFilter(MockFilterChain.java:132) ~[spring-test-6.0.8.jar:6.0.8]
	at org.springframework.web.filter.RequestContextFilter.doFilterInternal(RequestContextFilter.java:100) ~[spring-web-6.0.8.jar:6.0.8]
	at org.springframework.web.filter.OncePerRequestFilter.doFilter(OncePerRequestFilter.java:116) ~[spring-web-6.0.8.jar:6.0.8]
	at org.springframework.mock.web.MockFilterChain.doFilter(MockFilterChain.java:132) ~[spring-test-6.0.8.jar:6.0.8]
	at org.springframework.web.filter.FormContentFilter.doFilterInternal(FormContentFilter.java:93) ~[spring-web-6.0.8.jar:6.0.8]
	at org.springframework.web.filter.OncePerRequestFilter.doFilter(OncePerRequestFilter.java:116) ~[spring-web-6.0.8.jar:6.0.8]
	at org.springframework.mock.web.MockFilterChain.doFilter(MockFilterChain.java:132) ~[spring-test-6.0.8.jar:6.0.8]
	at org.springframework.web.filter.ServerHttpObservationFilter.doFilterInternal(ServerHttpObservationFilter.java:109) ~[spring-web-6.0.8.jar:6.0.8]
	at org.springframework.web.filter.OncePerRequestFilter.doFilter(OncePerRequestFilter.java:116) ~[spring-web-6.0.8.jar:6.0.8]
	at org.springframework.mock.web.MockFilterChain.doFilter(MockFilterChain.java:132) ~[spring-test-6.0.8.jar:6.0.8]
	at org.springframework.web.filter.CharacterEncodingFilter.doFilterInternal(CharacterEncodingFilter.java:201) ~[spring-web-6.0.8.jar:6.0.8]
	at org.springframework.web.filter.OncePerRequestFilter.doFilter(OncePerRequestFilter.java:116) ~[spring-web-6.0.8.jar:6.0.8]
	at org.springframework.mock.web.MockFilterChain.doFilter(MockFilterChain.java:132) ~[spring-test-6.0.8.jar:6.0.8]
	at org.springframework.test.web.servlet.MockMvc.perform(MockMvc.java:201) ~[spring-test-6.0.8.jar:6.0.8]
	at com.cash_flow_app.apicashflow.controller.AccountControllerTest.getAccount(AccountControllerTest.java:114) ~[test-classes/:na]
	at java.base/jdk.internal.reflect.DirectMethodHandleAccessor.invoke(DirectMethodHandleAccessor.java:104) ~[na:na]
	at java.base/java.lang.reflect.Method.invoke(Method.java:578) ~[na:na]
	at org.junit.platform.commons.util.ReflectionUtils.invokeMethod(ReflectionUtils.java:727) ~[junit-platform-commons-1.9.2.jar:1.9.2]
	at org.junit.jupiter.engine.execution.MethodInvocation.proceed(MethodInvocation.java:60) ~[junit-jupiter-engine-5.9.2.jar:5.9.2]
	at org.junit.jupiter.engine.execution.InvocationInterceptorChain$ValidatingInvocation.proceed(InvocationInterceptorChain.java:131) ~[junit-jupiter-engine-5.9.2.jar:5.9.2]
	at org.junit.jupiter.engine.extension.TimeoutExtension.intercept(TimeoutExtension.java:156) ~[junit-jupiter-engine-5.9.2.jar:5.9.2]
	at org.junit.jupiter.engine.extension.TimeoutExtension.interceptTestableMethod(TimeoutExtension.java:147) ~[junit-jupiter-engine-5.9.2.jar:5.9.2]
	at org.junit.jupiter.engine.extension.TimeoutExtension.interceptTestMethod(TimeoutExtension.java:86) ~[junit-jupiter-engine-5.9.2.jar:5.9.2]
	at org.junit.jupiter.engine.execution.InterceptingExecutableInvoker$ReflectiveInterceptorCall.lambda$ofVoidMethod$0(InterceptingExecutableInvoker.java:103) ~[junit-jupiter-engine-5.9.2.jar:5.9.2]
	at org.junit.jupiter.engine.execution.InterceptingExecutableInvoker.lambda$invoke$0(InterceptingExecutableInvoker.java:93) ~[junit-jupiter-engine-5.9.2.jar:5.9.2]
	at org.junit.jupiter.engine.execution.InvocationInterceptorChain$InterceptedInvocation.proceed(InvocationInterceptorChain.java:106) ~[junit-jupiter-engine-5.9.2.jar:5.9.2]
	at org.junit.jupiter.engine.execution.InvocationInterceptorChain.proceed(InvocationInterceptorChain.java:64) ~[junit-jupiter-engine-5.9.2.jar:5.9.2]
	at org.junit.jupiter.engine.execution.InvocationInterceptorChain.chainAndInvoke(InvocationInterceptorChain.java:45) ~[junit-jupiter-engine-5.9.2.jar:5.9.2]
	at org.junit.jupiter.engine.execution.InvocationInterceptorChain.invoke(InvocationInterceptorChain.java:37) ~[junit-jupiter-engine-5.9.2.jar:5.9.2]
	at org.junit.jupiter.engine.execution.InterceptingExecutableInvoker.invoke(InterceptingExecutableInvoker.java:92) ~[junit-jupiter-engine-5.9.2.jar:5.9.2]
	at org.junit.jupiter.engine.execution.InterceptingExecutableInvoker.invoke(InterceptingExecutableInvoker.java:86) ~[junit-jupiter-engine-5.9.2.jar:5.9.2]
	at org.junit.jupiter.engine.descriptor.TestMethodTestDescriptor.lambda$invokeTestMethod$7(TestMethodTestDescriptor.java:217) ~[junit-jupiter-engine-5.9.2.jar:5.9.2]
	at org.junit.platform.engine.support.hierarchical.ThrowableCollector.execute(ThrowableCollector.java:73) ~[junit-platform-engine-1.9.2.jar:1.9.2]
	at org.junit.jupiter.engine.descriptor.TestMethodTestDescriptor.invokeTestMethod(TestMethodTestDescriptor.java:213) ~[junit-jupiter-engine-5.9.2.jar:5.9.2]
	at org.junit.jupiter.engine.descriptor.TestMethodTestDescriptor.execute(TestMethodTestDescriptor.java:138) ~[junit-jupiter-engine-5.9.2.jar:5.9.2]
	at org.junit.jupiter.engine.descriptor.TestMethodTestDescriptor.execute(TestMethodTestDescriptor.java:68) ~[junit-jupiter-engine-5.9.2.jar:5.9.2]
	at org.junit.platform.engine.support.hierarchical.NodeTestTask.lambda$executeRecursively$6(NodeTestTask.java:151) ~[junit-platform-engine-1.9.2.jar:1.9.2]
	at org.junit.platform.engine.support.hierarchical.ThrowableCollector.execute(ThrowableCollector.java:73) ~[junit-platform-engine-1.9.2.jar:1.9.2]
	at org.junit.platform.engine.support.hierarchical.NodeTestTask.lambda$executeRecursively$8(NodeTestTask.java:141) ~[junit-platform-engine-1.9.2.jar:1.9.2]
	at org.junit.platform.engine.support.hierarchical.Node.around(Node.java:137) ~[junit-platform-engine-1.9.2.jar:1.9.2]
	at org.junit.platform.engine.support.hierarchical.NodeTestTask.lambda$executeRecursively$9(NodeTestTask.java:139) ~[junit-platform-engine-1.9.2.jar:1.9.2]
	at org.junit.platform.engine.support.hierarchical.ThrowableCollector.execute(ThrowableCollector.java:73) ~[junit-platform-engine-1.9.2.jar:1.9.2]
	at org.junit.platform.engine.support.hierarchical.NodeTestTask.executeRecursively(NodeTestTask.java:138) ~[junit-platform-engine-1.9.2.jar:1.9.2]
	at org.junit.platform.engine.support.hierarchical.NodeTestTask.execute(NodeTestTask.java:95) ~[junit-platform-engine-1.9.2.jar:1.9.2]
	at java.base/java.util.ArrayList.forEach(ArrayList.java:1511) ~[na:na]
	at org.junit.platform.engine.support.hierarchical.SameThreadHierarchicalTestExecutorService.invokeAll(SameThreadHierarchicalTestExecutorService.java:41) ~[junit-platform-engine-1.9.2.jar:1.9.2]
	at org.junit.platform.engine.support.hierarchical.NodeTestTask.lambda$executeRecursively$6(NodeTestTask.java:155) ~[junit-platform-engine-1.9.2.jar:1.9.2]
	at org.junit.platform.engine.support.hierarchical.ThrowableCollector.execute(ThrowableCollector.java:73) ~[junit-platform-engine-1.9.2.jar:1.9.2]
	at org.junit.platform.engine.support.hierarchical.NodeTestTask.lambda$executeRecursively$8(NodeTestTask.java:141) ~[junit-platform-engine-1.9.2.jar:1.9.2]
	at org.junit.platform.engine.support.hierarchical.Node.around(Node.java:137) ~[junit-platform-engine-1.9.2.jar:1.9.2]
	at org.junit.platform.engine.support.hierarchical.NodeTestTask.lambda$executeRecursively$9(NodeTestTask.java:139) ~[junit-platform-engine-1.9.2.jar:1.9.2]
	at org.junit.platform.engine.support.hierarchical.ThrowableCollector.execute(ThrowableCollector.java:73) ~[junit-platform-engine-1.9.2.jar:1.9.2]
	at org.junit.platform.engine.support.hierarchical.NodeTestTask.executeRecursively(NodeTestTask.java:138) ~[junit-platform-engine-1.9.2.jar:1.9.2]
	at org.junit.platform.engine.support.hierarchical.NodeTestTask.execute(NodeTestTask.java:95) ~[junit-platform-engine-1.9.2.jar:1.9.2]
	at java.base/java.util.ArrayList.forEach(ArrayList.java:1511) ~[na:na]
	at org.junit.platform.engine.support.hierarchical.SameThreadHierarchicalTestExecutorService.invokeAll(SameThreadHierarchicalTestExecutorService.java:41) ~[junit-platform-engine-1.9.2.jar:1.9.2]
	at org.junit.platform.engine.support.hierarchical.NodeTestTask.lambda$executeRecursively$6(NodeTestTask.java:155) ~[junit-platform-engine-1.9.2.jar:1.9.2]
	at org.junit.platform.engine.support.hierarchical.ThrowableCollector.execute(ThrowableCollector.java:73) ~[junit-platform-engine-1.9.2.jar:1.9.2]
	at org.junit.platform.engine.support.hierarchical.NodeTestTask.lambda$executeRecursively$8(NodeTestTask.java:141) ~[junit-platform-engine-1.9.2.jar:1.9.2]
	at org.junit.platform.engine.support.hierarchical.Node.around(Node.java:137) ~[junit-platform-engine-1.9.2.jar:1.9.2]
	at org.junit.platform.engine.support.hierarchical.NodeTestTask.lambda$executeRecursively$9(NodeTestTask.java:139) ~[junit-platform-engine-1.9.2.jar:1.9.2]
	at org.junit.platform.engine.support.hierarchical.ThrowableCollector.execute(ThrowableCollector.java:73) ~[junit-platform-engine-1.9.2.jar:1.9.2]
	at org.junit.platform.engine.support.hierarchical.NodeTestTask.executeRecursively(NodeTestTask.java:138) ~[junit-platform-engine-1.9.2.jar:1.9.2]
	at org.junit.platform.engine.support.hierarchical.NodeTestTask.execute(NodeTestTask.java:95) ~[junit-platform-engine-1.9.2.jar:1.9.2]
	at org.junit.platform.engine.support.hierarchical.SameThreadHierarchicalTestExecutorService.submit(SameThreadHierarchicalTestExecutorService.java:35) ~[junit-platform-engine-1.9.2.jar:1.9.2]
	at org.junit.platform.engine.support.hierarchical.HierarchicalTestExecutor.execute(HierarchicalTestExecutor.java:57) ~[junit-platform-engine-1.9.2.jar:1.9.2]
	at org.junit.platform.engine.support.hierarchical.HierarchicalTestEngine.execute(HierarchicalTestEngine.java:54) ~[junit-platform-engine-1.9.2.jar:1.9.2]
	at org.junit.platform.launcher.core.DefaultLauncher.execute(DefaultLauncher.java:220) ~[junit-platform-launcher-1.3.1.jar:1.3.1]
	at org.junit.platform.launcher.core.DefaultLauncher.lambda$execute$6(DefaultLauncher.java:188) ~[junit-platform-launcher-1.3.1.jar:1.3.1]
	at org.junit.platform.launcher.core.DefaultLauncher.withInterceptedStreams(DefaultLauncher.java:202) ~[junit-platform-launcher-1.3.1.jar:1.3.1]
	at org.junit.platform.launcher.core.DefaultLauncher.execute(DefaultLauncher.java:181) ~[junit-platform-launcher-1.3.1.jar:1.3.1]
	at org.junit.platform.launcher.core.DefaultLauncher.execute(DefaultLauncher.java:128) ~[junit-platform-launcher-1.3.1.jar:1.3.1]
	at org.apache.maven.surefire.junitplatform.JUnitPlatformProvider.invokeAllTests(JUnitPlatformProvider.java:150) ~[surefire-junit-platform-2.22.2.jar:2.22.2]
	at org.apache.maven.surefire.junitplatform.JUnitPlatformProvider.invoke(JUnitPlatformProvider.java:124) ~[surefire-junit-platform-2.22.2.jar:2.22.2]
	at org.apache.maven.surefire.booter.ForkedBooter.invokeProviderInSameClassLoader(ForkedBooter.java:384) ~[surefire-booter-2.22.2.jar:2.22.2]
	at org.apache.maven.surefire.booter.ForkedBooter.runSuitesInProcess(ForkedBooter.java:345) ~[surefire-booter-2.22.2.jar:2.22.2]
	at org.apache.maven.surefire.booter.ForkedBooter.execute(ForkedBooter.java:126) ~[surefire-booter-2.22.2.jar:2.22.2]
	at org.apache.maven.surefire.booter.ForkedBooter.main(ForkedBooter.java:418) ~[surefire-booter-2.22.2.jar:2.22.2]

2023-11-28T22:11:56.965-05:00  WARN 27472 --- [           main] o.h.engine.jdbc.spi.SqlExceptionHelper   : SQL Error: 0, SQLState: 23505
2023-11-28T22:11:56.965-05:00 ERROR 27472 --- [           main] o.h.engine.jdbc.spi.SqlExceptionHelper   : ERROR: duplicate key value violates unique constraint "user_account_pkey"
  Detail: Key (user_id, account_id)=(e1a5dd46-6507-4069-a2ae-3ffd0e1511e4, 8f781b5d-2bf0-4f4a-b2ee-e3b08bb75e87) already exists.
2023-11-28T22:11:56.965-05:00  INFO 27472 --- [           main] o.h.e.j.b.internal.AbstractBatchImpl     : HHH000010: On release of batch it still contained JDBC statements
2023-11-28T22:11:56.965-05:00 DEBUG 27472 --- [           main] cResourceLocalTransactionCoordinatorImpl : JDBC transaction marked for rollback-only (exception provided for stack trace)

java.lang.Exception: exception just for purpose of providing stack trace
	at org.hibernate.resource.transaction.backend.jdbc.internal.JdbcResourceLocalTransactionCoordinatorImpl$TransactionDriverControlImpl.markRollbackOnly(JdbcResourceLocalTransactionCoordinatorImpl.java:324) ~[hibernate-core-6.1.7.Final.jar:6.1.7.Final]
	at org.hibernate.engine.transaction.internal.TransactionImpl.markRollbackOnly(TransactionImpl.java:203) ~[hibernate-core-6.1.7.Final.jar:6.1.7.Final]
	at org.hibernate.internal.AbstractSharedSessionContract.markForRollbackOnly(AbstractSharedSessionContract.java:434) ~[hibernate-core-6.1.7.Final.jar:6.1.7.Final]
	at org.hibernate.internal.ExceptionConverterImpl.handlePersistenceException(ExceptionConverterImpl.java:291) ~[hibernate-core-6.1.7.Final.jar:6.1.7.Final]
	at org.hibernate.internal.ExceptionConverterImpl.convert(ExceptionConverterImpl.java:168) ~[hibernate-core-6.1.7.Final.jar:6.1.7.Final]
	at org.hibernate.query.spi.AbstractSelectionQuery.list(AbstractSelectionQuery.java:374) ~[hibernate-core-6.1.7.Final.jar:6.1.7.Final]
	at org.hibernate.query.sqm.internal.QuerySqmImpl.list(QuerySqmImpl.java:1073) ~[hibernate-core-6.1.7.Final.jar:6.1.7.Final]
	at org.hibernate.query.spi.AbstractSelectionQuery.getSingleResult(AbstractSelectionQuery.java:457) ~[hibernate-core-6.1.7.Final.jar:6.1.7.Final]
	at org.hibernate.query.sqm.internal.QuerySqmImpl.getSingleResult(QuerySqmImpl.java:1103) ~[hibernate-core-6.1.7.Final.jar:6.1.7.Final]
	at org.springframework.data.jpa.repository.query.JpaQueryExecution$SingleEntityExecution.doExecute(JpaQueryExecution.java:193) ~[spring-data-jpa-3.0.5.jar:3.0.5]
	at org.springframework.data.jpa.repository.query.JpaQueryExecution.execute(JpaQueryExecution.java:90) ~[spring-data-jpa-3.0.5.jar:3.0.5]
	at org.springframework.data.jpa.repository.query.AbstractJpaQuery.doExecute(AbstractJpaQuery.java:148) ~[spring-data-jpa-3.0.5.jar:3.0.5]
	at org.springframework.data.jpa.repository.query.AbstractJpaQuery.execute(AbstractJpaQuery.java:136) ~[spring-data-jpa-3.0.5.jar:3.0.5]
	at org.springframework.data.repository.core.support.RepositoryMethodInvoker.doInvoke(RepositoryMethodInvoker.java:136) ~[spring-data-commons-3.0.5.jar:3.0.5]
	at org.springframework.data.repository.core.support.RepositoryMethodInvoker.invoke(RepositoryMethodInvoker.java:120) ~[spring-data-commons-3.0.5.jar:3.0.5]
	at org.springframework.data.repository.core.support.QueryExecutorMethodInterceptor.doInvoke(QueryExecutorMethodInterceptor.java:164) ~[spring-data-commons-3.0.5.jar:3.0.5]
	at org.springframework.data.repository.core.support.QueryExecutorMethodInterceptor.invoke(QueryExecutorMethodInterceptor.java:143) ~[spring-data-commons-3.0.5.jar:3.0.5]
	at org.springframework.aop.framework.ReflectiveMethodInvocation.proceed(ReflectiveMethodInvocation.java:184) ~[spring-aop-6.0.8.jar:6.0.8]
	at org.springframework.data.projection.DefaultMethodInvokingMethodInterceptor.invoke(DefaultMethodInvokingMethodInterceptor.java:77) ~[spring-data-commons-3.0.5.jar:3.0.5]
	at org.springframework.aop.framework.ReflectiveMethodInvocation.proceed(ReflectiveMethodInvocation.java:184) ~[spring-aop-6.0.8.jar:6.0.8]
	at org.springframework.transaction.interceptor.TransactionInterceptor$1.proceedWithInvocation(TransactionInterceptor.java:123) ~[spring-tx-6.0.8.jar:6.0.8]
	at org.springframework.transaction.interceptor.TransactionAspectSupport.invokeWithinTransaction(TransactionAspectSupport.java:391) ~[spring-tx-6.0.8.jar:6.0.8]
	at org.springframework.transaction.interceptor.TransactionInterceptor.invoke(TransactionInterceptor.java:119) ~[spring-tx-6.0.8.jar:6.0.8]
	at org.springframework.aop.framework.ReflectiveMethodInvocation.proceed(ReflectiveMethodInvocation.java:184) ~[spring-aop-6.0.8.jar:6.0.8]
	at org.springframework.dao.support.PersistenceExceptionTranslationInterceptor.invoke(PersistenceExceptionTranslationInterceptor.java:137) ~[spring-tx-6.0.8.jar:6.0.8]
	at org.springframework.aop.framework.ReflectiveMethodInvocation.proceed(ReflectiveMethodInvocation.java:184) ~[spring-aop-6.0.8.jar:6.0.8]
	at org.springframework.data.jpa.repository.support.CrudMethodMetadataPostProcessor$CrudMethodMetadataPopulatingMethodInterceptor.invoke(CrudMethodMetadataPostProcessor.java:134) ~[spring-data-jpa-3.0.5.jar:3.0.5]
	at org.springframework.aop.framework.ReflectiveMethodInvocation.proceed(ReflectiveMethodInvocation.java:184) ~[spring-aop-6.0.8.jar:6.0.8]
	at org.springframework.aop.interceptor.ExposeInvocationInterceptor.invoke(ExposeInvocationInterceptor.java:97) ~[spring-aop-6.0.8.jar:6.0.8]
	at org.springframework.aop.framework.ReflectiveMethodInvocation.proceed(ReflectiveMethodInvocation.java:184) ~[spring-aop-6.0.8.jar:6.0.8]
	at org.springframework.aop.framework.JdkDynamicAopProxy.invoke(JdkDynamicAopProxy.java:223) ~[spring-aop-6.0.8.jar:6.0.8]
	at jdk.proxy2/jdk.proxy2.$Proxy148.findByUsername(Unknown Source) ~[na:na]
	at com.cash_flow_app.apicashflow.entities_repositories_and_services.base.user.UserService.findByUsername(UserService.java:56) ~[classes/:na]
	at com.cash_flow_app.apicashflow.entities_repositories_and_services.base.security.LoginService.loadUserByUsername(LoginService.java:18) ~[classes/:na]
	at com.cash_flow_app.apicashflow.utils.TokenUtils.getAuthentication(TokenUtils.java:40) ~[classes/:na]
	at com.cash_flow_app.apicashflow.entities_repositories_and_services.base.security.JWTAuthorizationFilter.doFilterInternal(JWTAuthorizationFilter.java:27) ~[classes/:na]
	at org.springframework.web.filter.OncePerRequestFilter.doFilter(OncePerRequestFilter.java:116) ~[spring-web-6.0.8.jar:6.0.8]
	at org.springframework.security.web.ObservationFilterChainDecorator$ObservationFilter.wrapFilter(ObservationFilterChainDecorator.java:185) ~[spring-security-web-6.0.3.jar:6.0.3]
	at org.springframework.security.web.ObservationFilterChainDecorator$ObservationFilter.doFilter(ObservationFilterChainDecorator.java:172) ~[spring-security-web-6.0.3.jar:6.0.3]
	at org.springframework.security.web.ObservationFilterChainDecorator$VirtualFilterChain.doFilter(ObservationFilterChainDecorator.java:133) ~[spring-security-web-6.0.3.jar:6.0.3]
	at org.springframework.security.web.authentication.logout.LogoutFilter.doFilter(LogoutFilter.java:107) ~[spring-security-web-6.0.3.jar:6.0.3]
	at org.springframework.security.web.authentication.logout.LogoutFilter.doFilter(LogoutFilter.java:93) ~[spring-security-web-6.0.3.jar:6.0.3]
	at org.springframework.security.web.ObservationFilterChainDecorator$ObservationFilter.wrapFilter(ObservationFilterChainDecorator.java:185) ~[spring-security-web-6.0.3.jar:6.0.3]
	at org.springframework.security.web.ObservationFilterChainDecorator$ObservationFilter.doFilter(ObservationFilterChainDecorator.java:172) ~[spring-security-web-6.0.3.jar:6.0.3]
	at org.springframework.security.web.ObservationFilterChainDecorator$VirtualFilterChain.doFilter(ObservationFilterChainDecorator.java:133) ~[spring-security-web-6.0.3.jar:6.0.3]
	at org.springframework.web.filter.CorsFilter.doFilterInternal(CorsFilter.java:91) ~[spring-web-6.0.8.jar:6.0.8]
	at org.springframework.web.filter.OncePerRequestFilter.doFilter(OncePerRequestFilter.java:116) ~[spring-web-6.0.8.jar:6.0.8]
	at org.springframework.security.web.ObservationFilterChainDecorator$ObservationFilter.wrapFilter(ObservationFilterChainDecorator.java:185) ~[spring-security-web-6.0.3.jar:6.0.3]
	at org.springframework.security.web.ObservationFilterChainDecorator$ObservationFilter.doFilter(ObservationFilterChainDecorator.java:172) ~[spring-security-web-6.0.3.jar:6.0.3]
	at org.springframework.security.web.ObservationFilterChainDecorator$VirtualFilterChain.doFilter(ObservationFilterChainDecorator.java:133) ~[spring-security-web-6.0.3.jar:6.0.3]
	at org.springframework.security.web.header.HeaderWriterFilter.doHeadersAfter(HeaderWriterFilter.java:90) ~[spring-security-web-6.0.3.jar:6.0.3]
	at org.springframework.security.web.header.HeaderWriterFilter.doFilterInternal(HeaderWriterFilter.java:75) ~[spring-security-web-6.0.3.jar:6.0.3]
	at org.springframework.web.filter.OncePerRequestFilter.doFilter(OncePerRequestFilter.java:116) ~[spring-web-6.0.8.jar:6.0.8]
	at org.springframework.security.web.ObservationFilterChainDecorator$ObservationFilter.wrapFilter(ObservationFilterChainDecorator.java:185) ~[spring-security-web-6.0.3.jar:6.0.3]
	at org.springframework.security.web.ObservationFilterChainDecorator$ObservationFilter.doFilter(ObservationFilterChainDecorator.java:172) ~[spring-security-web-6.0.3.jar:6.0.3]
	at org.springframework.security.web.ObservationFilterChainDecorator$VirtualFilterChain.doFilter(ObservationFilterChainDecorator.java:133) ~[spring-security-web-6.0.3.jar:6.0.3]
	at org.springframework.security.web.context.SecurityContextHolderFilter.doFilter(SecurityContextHolderFilter.java:82) ~[spring-security-web-6.0.3.jar:6.0.3]
	at org.springframework.security.web.context.SecurityContextHolderFilter.doFilter(SecurityContextHolderFilter.java:69) ~[spring-security-web-6.0.3.jar:6.0.3]
	at org.springframework.security.web.ObservationFilterChainDecorator$ObservationFilter.wrapFilter(ObservationFilterChainDecorator.java:185) ~[spring-security-web-6.0.3.jar:6.0.3]
	at org.springframework.security.web.ObservationFilterChainDecorator$ObservationFilter.doFilter(ObservationFilterChainDecorator.java:172) ~[spring-security-web-6.0.3.jar:6.0.3]
	at org.springframework.security.web.ObservationFilterChainDecorator$VirtualFilterChain.doFilter(ObservationFilterChainDecorator.java:133) ~[spring-security-web-6.0.3.jar:6.0.3]
	at org.springframework.security.web.context.request.async.WebAsyncManagerIntegrationFilter.doFilterInternal(WebAsyncManagerIntegrationFilter.java:62) ~[spring-security-web-6.0.3.jar:6.0.3]
	at org.springframework.web.filter.OncePerRequestFilter.doFilter(OncePerRequestFilter.java:116) ~[spring-web-6.0.8.jar:6.0.8]
	at org.springframework.security.web.ObservationFilterChainDecorator$ObservationFilter.wrapFilter(ObservationFilterChainDecorator.java:185) ~[spring-security-web-6.0.3.jar:6.0.3]
	at org.springframework.security.web.ObservationFilterChainDecorator$ObservationFilter.doFilter(ObservationFilterChainDecorator.java:172) ~[spring-security-web-6.0.3.jar:6.0.3]
	at org.springframework.security.web.ObservationFilterChainDecorator$VirtualFilterChain.doFilter(ObservationFilterChainDecorator.java:133) ~[spring-security-web-6.0.3.jar:6.0.3]
	at org.springframework.security.web.session.ForceEagerSessionCreationFilter.doFilterInternal(ForceEagerSessionCreationFilter.java:45) ~[spring-security-web-6.0.3.jar:6.0.3]
	at org.springframework.web.filter.OncePerRequestFilter.doFilter(OncePerRequestFilter.java:116) ~[spring-web-6.0.8.jar:6.0.8]
	at org.springframework.security.web.ObservationFilterChainDecorator$ObservationFilter.wrapFilter(ObservationFilterChainDecorator.java:185) ~[spring-security-web-6.0.3.jar:6.0.3]
	at org.springframework.security.web.ObservationFilterChainDecorator$ObservationFilter.doFilter(ObservationFilterChainDecorator.java:172) ~[spring-security-web-6.0.3.jar:6.0.3]
	at org.springframework.security.web.ObservationFilterChainDecorator$VirtualFilterChain.doFilter(ObservationFilterChainDecorator.java:133) ~[spring-security-web-6.0.3.jar:6.0.3]
	at org.springframework.security.web.session.DisableEncodeUrlFilter.doFilterInternal(DisableEncodeUrlFilter.java:42) ~[spring-security-web-6.0.3.jar:6.0.3]
	at org.springframework.web.filter.OncePerRequestFilter.doFilter(OncePerRequestFilter.java:116) ~[spring-web-6.0.8.jar:6.0.8]
	at org.springframework.security.web.ObservationFilterChainDecorator$ObservationFilter.wrapFilter(ObservationFilterChainDecorator.java:185) ~[spring-security-web-6.0.3.jar:6.0.3]
	at org.springframework.security.web.ObservationFilterChainDecorator$AroundFilterObservation$SimpleAroundFilterObservation.lambda$wrap$0(ObservationFilterChainDecorator.java:268) ~[spring-security-web-6.0.3.jar:6.0.3]
	at org.springframework.security.web.ObservationFilterChainDecorator$ObservationFilter.doFilter(ObservationFilterChainDecorator.java:169) ~[spring-security-web-6.0.3.jar:6.0.3]
	at org.springframework.security.web.ObservationFilterChainDecorator$VirtualFilterChain.doFilter(ObservationFilterChainDecorator.java:133) ~[spring-security-web-6.0.3.jar:6.0.3]
	at org.springframework.security.web.FilterChainProxy.doFilterInternal(FilterChainProxy.java:233) ~[spring-security-web-6.0.3.jar:6.0.3]
	at org.springframework.security.web.FilterChainProxy.doFilter(FilterChainProxy.java:191) ~[spring-security-web-6.0.3.jar:6.0.3]
	at org.springframework.web.filter.DelegatingFilterProxy.invokeDelegate(DelegatingFilterProxy.java:352) ~[spring-web-6.0.8.jar:6.0.8]
	at org.springframework.web.filter.DelegatingFilterProxy.doFilter(DelegatingFilterProxy.java:268) ~[spring-web-6.0.8.jar:6.0.8]
	at org.springframework.mock.web.MockFilterChain.doFilter(MockFilterChain.java:132) ~[spring-test-6.0.8.jar:6.0.8]
	at org.springframework.web.filter.RequestContextFilter.doFilterInternal(RequestContextFilter.java:100) ~[spring-web-6.0.8.jar:6.0.8]
	at org.springframework.web.filter.OncePerRequestFilter.doFilter(OncePerRequestFilter.java:116) ~[spring-web-6.0.8.jar:6.0.8]
	at org.springframework.mock.web.MockFilterChain.doFilter(MockFilterChain.java:132) ~[spring-test-6.0.8.jar:6.0.8]
	at org.springframework.web.filter.FormContentFilter.doFilterInternal(FormContentFilter.java:93) ~[spring-web-6.0.8.jar:6.0.8]
	at org.springframework.web.filter.OncePerRequestFilter.doFilter(OncePerRequestFilter.java:116) ~[spring-web-6.0.8.jar:6.0.8]
	at org.springframework.mock.web.MockFilterChain.doFilter(MockFilterChain.java:132) ~[spring-test-6.0.8.jar:6.0.8]
	at org.springframework.web.filter.ServerHttpObservationFilter.doFilterInternal(ServerHttpObservationFilter.java:109) ~[spring-web-6.0.8.jar:6.0.8]
	at org.springframework.web.filter.OncePerRequestFilter.doFilter(OncePerRequestFilter.java:116) ~[spring-web-6.0.8.jar:6.0.8]
	at org.springframework.mock.web.MockFilterChain.doFilter(MockFilterChain.java:132) ~[spring-test-6.0.8.jar:6.0.8]
	at org.springframework.web.filter.CharacterEncodingFilter.doFilterInternal(CharacterEncodingFilter.java:201) ~[spring-web-6.0.8.jar:6.0.8]
	at org.springframework.web.filter.OncePerRequestFilter.doFilter(OncePerRequestFilter.java:116) ~[spring-web-6.0.8.jar:6.0.8]
	at org.springframework.mock.web.MockFilterChain.doFilter(MockFilterChain.java:132) ~[spring-test-6.0.8.jar:6.0.8]
	at org.springframework.test.web.servlet.MockMvc.perform(MockMvc.java:201) ~[spring-test-6.0.8.jar:6.0.8]
	at com.cash_flow_app.apicashflow.controller.AccountControllerTest.getAccount(AccountControllerTest.java:114) ~[test-classes/:na]
	at java.base/jdk.internal.reflect.DirectMethodHandleAccessor.invoke(DirectMethodHandleAccessor.java:104) ~[na:na]
	at java.base/java.lang.reflect.Method.invoke(Method.java:578) ~[na:na]
	at org.junit.platform.commons.util.ReflectionUtils.invokeMethod(ReflectionUtils.java:727) ~[junit-platform-commons-1.9.2.jar:1.9.2]
	at org.junit.jupiter.engine.execution.MethodInvocation.proceed(MethodInvocation.java:60) ~[junit-jupiter-engine-5.9.2.jar:5.9.2]
	at org.junit.jupiter.engine.execution.InvocationInterceptorChain$ValidatingInvocation.proceed(InvocationInterceptorChain.java:131) ~[junit-jupiter-engine-5.9.2.jar:5.9.2]
	at org.junit.jupiter.engine.extension.TimeoutExtension.intercept(TimeoutExtension.java:156) ~[junit-jupiter-engine-5.9.2.jar:5.9.2]
	at org.junit.jupiter.engine.extension.TimeoutExtension.interceptTestableMethod(TimeoutExtension.java:147) ~[junit-jupiter-engine-5.9.2.jar:5.9.2]
	at org.junit.jupiter.engine.extension.TimeoutExtension.interceptTestMethod(TimeoutExtension.java:86) ~[junit-jupiter-engine-5.9.2.jar:5.9.2]
	at org.junit.jupiter.engine.execution.InterceptingExecutableInvoker$ReflectiveInterceptorCall.lambda$ofVoidMethod$0(InterceptingExecutableInvoker.java:103) ~[junit-jupiter-engine-5.9.2.jar:5.9.2]
	at org.junit.jupiter.engine.execution.InterceptingExecutableInvoker.lambda$invoke$0(InterceptingExecutableInvoker.java:93) ~[junit-jupiter-engine-5.9.2.jar:5.9.2]
	at org.junit.jupiter.engine.execution.InvocationInterceptorChain$InterceptedInvocation.proceed(InvocationInterceptorChain.java:106) ~[junit-jupiter-engine-5.9.2.jar:5.9.2]
	at org.junit.jupiter.engine.execution.InvocationInterceptorChain.proceed(InvocationInterceptorChain.java:64) ~[junit-jupiter-engine-5.9.2.jar:5.9.2]
	at org.junit.jupiter.engine.execution.InvocationInterceptorChain.chainAndInvoke(InvocationInterceptorChain.java:45) ~[junit-jupiter-engine-5.9.2.jar:5.9.2]
	at org.junit.jupiter.engine.execution.InvocationInterceptorChain.invoke(InvocationInterceptorChain.java:37) ~[junit-jupiter-engine-5.9.2.jar:5.9.2]
	at org.junit.jupiter.engine.execution.InterceptingExecutableInvoker.invoke(InterceptingExecutableInvoker.java:92) ~[junit-jupiter-engine-5.9.2.jar:5.9.2]
	at org.junit.jupiter.engine.execution.InterceptingExecutableInvoker.invoke(InterceptingExecutableInvoker.java:86) ~[junit-jupiter-engine-5.9.2.jar:5.9.2]
	at org.junit.jupiter.engine.descriptor.TestMethodTestDescriptor.lambda$invokeTestMethod$7(TestMethodTestDescriptor.java:217) ~[junit-jupiter-engine-5.9.2.jar:5.9.2]
	at org.junit.platform.engine.support.hierarchical.ThrowableCollector.execute(ThrowableCollector.java:73) ~[junit-platform-engine-1.9.2.jar:1.9.2]
	at org.junit.jupiter.engine.descriptor.TestMethodTestDescriptor.invokeTestMethod(TestMethodTestDescriptor.java:213) ~[junit-jupiter-engine-5.9.2.jar:5.9.2]
	at org.junit.jupiter.engine.descriptor.TestMethodTestDescriptor.execute(TestMethodTestDescriptor.java:138) ~[junit-jupiter-engine-5.9.2.jar:5.9.2]
	at org.junit.jupiter.engine.descriptor.TestMethodTestDescriptor.execute(TestMethodTestDescriptor.java:68) ~[junit-jupiter-engine-5.9.2.jar:5.9.2]
	at org.junit.platform.engine.support.hierarchical.NodeTestTask.lambda$executeRecursively$6(NodeTestTask.java:151) ~[junit-platform-engine-1.9.2.jar:1.9.2]
	at org.junit.platform.engine.support.hierarchical.ThrowableCollector.execute(ThrowableCollector.java:73) ~[junit-platform-engine-1.9.2.jar:1.9.2]
	at org.junit.platform.engine.support.hierarchical.NodeTestTask.lambda$executeRecursively$8(NodeTestTask.java:141) ~[junit-platform-engine-1.9.2.jar:1.9.2]
	at org.junit.platform.engine.support.hierarchical.Node.around(Node.java:137) ~[junit-platform-engine-1.9.2.jar:1.9.2]
	at org.junit.platform.engine.support.hierarchical.NodeTestTask.lambda$executeRecursively$9(NodeTestTask.java:139) ~[junit-platform-engine-1.9.2.jar:1.9.2]
	at org.junit.platform.engine.support.hierarchical.ThrowableCollector.execute(ThrowableCollector.java:73) ~[junit-platform-engine-1.9.2.jar:1.9.2]
	at org.junit.platform.engine.support.hierarchical.NodeTestTask.executeRecursively(NodeTestTask.java:138) ~[junit-platform-engine-1.9.2.jar:1.9.2]
	at org.junit.platform.engine.support.hierarchical.NodeTestTask.execute(NodeTestTask.java:95) ~[junit-platform-engine-1.9.2.jar:1.9.2]
	at java.base/java.util.ArrayList.forEach(ArrayList.java:1511) ~[na:na]
	at org.junit.platform.engine.support.hierarchical.SameThreadHierarchicalTestExecutorService.invokeAll(SameThreadHierarchicalTestExecutorService.java:41) ~[junit-platform-engine-1.9.2.jar:1.9.2]
	at org.junit.platform.engine.support.hierarchical.NodeTestTask.lambda$executeRecursively$6(NodeTestTask.java:155) ~[junit-platform-engine-1.9.2.jar:1.9.2]
	at org.junit.platform.engine.support.hierarchical.ThrowableCollector.execute(ThrowableCollector.java:73) ~[junit-platform-engine-1.9.2.jar:1.9.2]
	at org.junit.platform.engine.support.hierarchical.NodeTestTask.lambda$executeRecursively$8(NodeTestTask.java:141) ~[junit-platform-engine-1.9.2.jar:1.9.2]
	at org.junit.platform.engine.support.hierarchical.Node.around(Node.java:137) ~[junit-platform-engine-1.9.2.jar:1.9.2]
	at org.junit.platform.engine.support.hierarchical.NodeTestTask.lambda$executeRecursively$9(NodeTestTask.java:139) ~[junit-platform-engine-1.9.2.jar:1.9.2]
	at org.junit.platform.engine.support.hierarchical.ThrowableCollector.execute(ThrowableCollector.java:73) ~[junit-platform-engine-1.9.2.jar:1.9.2]
	at org.junit.platform.engine.support.hierarchical.NodeTestTask.executeRecursively(NodeTestTask.java:138) ~[junit-platform-engine-1.9.2.jar:1.9.2]
	at org.junit.platform.engine.support.hierarchical.NodeTestTask.execute(NodeTestTask.java:95) ~[junit-platform-engine-1.9.2.jar:1.9.2]
	at java.base/java.util.ArrayList.forEach(ArrayList.java:1511) ~[na:na]
	at org.junit.platform.engine.support.hierarchical.SameThreadHierarchicalTestExecutorService.invokeAll(SameThreadHierarchicalTestExecutorService.java:41) ~[junit-platform-engine-1.9.2.jar:1.9.2]
	at org.junit.platform.engine.support.hierarchical.NodeTestTask.lambda$executeRecursively$6(NodeTestTask.java:155) ~[junit-platform-engine-1.9.2.jar:1.9.2]
	at org.junit.platform.engine.support.hierarchical.ThrowableCollector.execute(ThrowableCollector.java:73) ~[junit-platform-engine-1.9.2.jar:1.9.2]
	at org.junit.platform.engine.support.hierarchical.NodeTestTask.lambda$executeRecursively$8(NodeTestTask.java:141) ~[junit-platform-engine-1.9.2.jar:1.9.2]
	at org.junit.platform.engine.support.hierarchical.Node.around(Node.java:137) ~[junit-platform-engine-1.9.2.jar:1.9.2]
	at org.junit.platform.engine.support.hierarchical.NodeTestTask.lambda$executeRecursively$9(NodeTestTask.java:139) ~[junit-platform-engine-1.9.2.jar:1.9.2]
	at org.junit.platform.engine.support.hierarchical.ThrowableCollector.execute(ThrowableCollector.java:73) ~[junit-platform-engine-1.9.2.jar:1.9.2]
	at org.junit.platform.engine.support.hierarchical.NodeTestTask.executeRecursively(NodeTestTask.java:138) ~[junit-platform-engine-1.9.2.jar:1.9.2]
	at org.junit.platform.engine.support.hierarchical.NodeTestTask.execute(NodeTestTask.java:95) ~[junit-platform-engine-1.9.2.jar:1.9.2]
	at org.junit.platform.engine.support.hierarchical.SameThreadHierarchicalTestExecutorService.submit(SameThreadHierarchicalTestExecutorService.java:35) ~[junit-platform-engine-1.9.2.jar:1.9.2]
	at org.junit.platform.engine.support.hierarchical.HierarchicalTestExecutor.execute(HierarchicalTestExecutor.java:57) ~[junit-platform-engine-1.9.2.jar:1.9.2]
	at org.junit.platform.engine.support.hierarchical.HierarchicalTestEngine.execute(HierarchicalTestEngine.java:54) ~[junit-platform-engine-1.9.2.jar:1.9.2]
	at org.junit.platform.launcher.core.DefaultLauncher.execute(DefaultLauncher.java:220) ~[junit-platform-launcher-1.3.1.jar:1.3.1]
	at org.junit.platform.launcher.core.DefaultLauncher.lambda$execute$6(DefaultLauncher.java:188) ~[junit-platform-launcher-1.3.1.jar:1.3.1]
	at org.junit.platform.launcher.core.DefaultLauncher.withInterceptedStreams(DefaultLauncher.java:202) ~[junit-platform-launcher-1.3.1.jar:1.3.1]
	at org.junit.platform.launcher.core.DefaultLauncher.execute(DefaultLauncher.java:181) ~[junit-platform-launcher-1.3.1.jar:1.3.1]
	at org.junit.platform.launcher.core.DefaultLauncher.execute(DefaultLauncher.java:128) ~[junit-platform-launcher-1.3.1.jar:1.3.1]
	at org.apache.maven.surefire.junitplatform.JUnitPlatformProvider.invokeAllTests(JUnitPlatformProvider.java:150) ~[surefire-junit-platform-2.22.2.jar:2.22.2]
	at org.apache.maven.surefire.junitplatform.JUnitPlatformProvider.invoke(JUnitPlatformProvider.java:124) ~[surefire-junit-platform-2.22.2.jar:2.22.2]
	at org.apache.maven.surefire.booter.ForkedBooter.invokeProviderInSameClassLoader(ForkedBooter.java:384) ~[surefire-booter-2.22.2.jar:2.22.2]
	at org.apache.maven.surefire.booter.ForkedBooter.runSuitesInProcess(ForkedBooter.java:345) ~[surefire-booter-2.22.2.jar:2.22.2]
	at org.apache.maven.surefire.booter.ForkedBooter.execute(ForkedBooter.java:126) ~[surefire-booter-2.22.2.jar:2.22.2]
	at org.apache.maven.surefire.booter.ForkedBooter.main(ForkedBooter.java:418) ~[surefire-booter-2.22.2.jar:2.22.2]

2023-11-28T22:11:56.966-05:00 DEBUG 27472 --- [           main] org.springframework.test.context.cache   : Spring test ApplicationContext cache statistics: [DefaultContextCache@8caffbd size = 3, maxSize = 32, parentContextCount = 0, hitCount = 262, missCount = 3]
2023-11-28T22:11:56.966-05:00 DEBUG 27472 --- [           main] org.springframework.test.context.cache   : Spring test ApplicationContext cache statistics: [DefaultContextCache@8caffbd size = 3, maxSize = 32, parentContextCount = 0, hitCount = 263, missCount = 3]
2023-11-28T22:11:56.966-05:00 DEBUG 27472 --- [           main] org.springframework.test.context.cache   : Spring test ApplicationContext cache statistics: [DefaultContextCache@8caffbd size = 3, maxSize = 32, parentContextCount = 0, hitCount = 264, missCount = 3]

MockHttpServletRequest:
      HTTP Method = POST
      Request URI = /api/v1/user/signup
       Parameters = {_csrf=[NQzBqkSg1GvWRu6tTYXTqEr2qUtk2RyoY3eO3XNzrXU9SWH6UWikznTC41v7dtaVeajnynPPhCoH4XiFBk6_7kJAmkdef1XK]}
          Headers = [Content-Type:"application/json;charset=UTF-8", Content-Length:"171"]
             Body = {"username":"usuario_test","password":"123456","authorities":[{"endpoint":"Account","actions":["CREATE","READ","DELETE"]},{"endpoint":"User","actions":["CREATE","READ"]}]}
    Session Attrs = {}

Handler:
             Type = com.cash_flow_app.apicashflow.controller.UserController
           Method = com.cash_flow_app.apicashflow.controller.UserController#signup(UserDto)

Async:
    Async started = false
     Async result = null

Resolved Exception:
             Type = null

ModelAndView:
        View name = null
             View = null
            Model = null

FlashMap:
       Attributes = null

MockHttpServletResponse:
           Status = 200
    Error message = null
          Headers = [Vary:"Origin", "Access-Control-Request-Method", "Access-Control-Request-Headers", Content-Type:"application/json", X-Content-Type-Options:"nosniff", X-XSS-Protection:"0", Cache-Control:"no-cache, no-store, max-age=0, must-revalidate", Pragma:"no-cache", Expires:"0", X-Frame-Options:"DENY"]
     Content type = application/json
             Body = {"username":"usuario_test","password":null,"token_auth":"eyJhbGciOiJIUzUxMiJ9.eyJzdWIiOiJ1c3VhcmlvX3Rlc3QiLCJleHAiOjE3MDM4MTk1MTZ9.l6DN9L0InVbUiu8VUQUEZBevB0d6b6zYwWzlFbQsUInKKLgH5z3DE_okrlRNDrVFkHJD_tYqVFtk1Jd1GUv4mQ","authorities":[{"endpoint":"Account","actions":["CREATE","READ","DELETE"]},{"endpoint":"User","actions":["CREATE","READ"]}]}
    Forwarded URL = null
   Redirected URL = null
          Cookies = []

MockHttpServletRequest:
      HTTP Method = POST
      Request URI = /api/v1/user/login
       Parameters = {_csrf=[APZgfjButeVuZjydSK7VN1fbIY_liOHmekOm1OcHqvtMNGc9NJJTS1RY1oZDA1mrK4PhAjXjDLbVvNHLGSfEt4E1nc94DQVe]}
          Headers = [Content-Type:"application/json;charset=UTF-8", Content-Length:"52"]
             Body = { "username": "usuario_test", "password": "123456" }
    Session Attrs = {}

Handler:
             Type = null

Async:
    Async started = false
     Async result = null

Resolved Exception:
             Type = null

ModelAndView:
        View name = null
             View = null
            Model = null

FlashMap:
       Attributes = null

MockHttpServletResponse:
           Status = 200
    Error message = null
          Headers = [Vary:"Origin", "Access-Control-Request-Method", "Access-Control-Request-Headers", Authorization:"Bearer eyJhbGciOiJIUzUxMiJ9.eyJzdWIiOiJ1c3VhcmlvX3Rlc3QiLCJleHAiOjE3MDM4MTk1MTZ9.l6DN9L0InVbUiu8VUQUEZBevB0d6b6zYwWzlFbQsUInKKLgH5z3DE_okrlRNDrVFkHJD_tYqVFtk1Jd1GUv4mQ", Access-Control-Expose-Headers:"Authorization", X-Content-Type-Options:"nosniff", X-XSS-Protection:"0", Cache-Control:"no-cache, no-store, max-age=0, must-revalidate", Pragma:"no-cache", Expires:"0", X-Frame-Options:"DENY"]
     Content type = null
             Body = 
    Forwarded URL = null
   Redirected URL = null
          Cookies = []

MockHttpServletRequest:
      HTTP Method = POST
      Request URI = /api/v1/account/create
       Parameters = {_csrf=[WMKoy-wfVr9xKcw28m18IjUNbr_5unx2B8ia5qHLNuRO0CxwYfCa_Y4sZodcS69UkUBIEwVrQ92d2UlbNPGvgpKtB4Eq4xhD]}
          Headers = [Content-Type:"application/json;charset=UTF-8", Authorization:"Bearer eyJhbGciOiJIUzUxMiJ9.eyJzdWIiOiJ1c3VhcmlvX3Rlc3QiLCJleHAiOjE3MDM4MTk1MTZ9.l6DN9L0InVbUiu8VUQUEZBevB0d6b6zYwWzlFbQsUInKKLgH5z3DE_okrlRNDrVFkHJD_tYqVFtk1Jd1GUv4mQ", Content-Length:"74"]
             Body = {"id":null,"description":"descripcion de cuenta","users":["usuario_test"]}
    Session Attrs = {SPRING_SECURITY_CONTEXT=SecurityContextImpl [Authentication=UsernamePasswordAuthenticationToken [Principal=usuario_test, Credentials=[PROTECTED], Authenticated=true, Details=null, Granted Authorities=[ENDPOINT_ACCOUNT_PERMISSION_CREATE, ENDPOINT_ACCOUNT_PERMISSION_READ, ENDPOINT_ACCOUNT_PERMISSION_DELETE, ENDPOINT_USER_PERMISSION_CREATE, ENDPOINT_USER_PERMISSION_READ]]]}

Handler:
             Type = com.cash_flow_app.apicashflow.controller.AccountController
           Method = com.cash_flow_app.apicashflow.controller.AccountController#create(AccountDto)

Async:
    Async started = false
     Async result = null

Resolved Exception:
             Type = null

ModelAndView:
        View name = null
             View = null
            Model = null

FlashMap:
       Attributes = null

MockHttpServletResponse:
           Status = 200
    Error message = null
          Headers = [Vary:"Origin", "Access-Control-Request-Method", "Access-Control-Request-Headers", Content-Type:"application/json", X-Content-Type-Options:"nosniff", X-XSS-Protection:"0", Cache-Control:"no-cache, no-store, max-age=0, must-revalidate", Pragma:"no-cache", Expires:"0", X-Frame-Options:"DENY"]
     Content type = application/json
             Body = {"id":"8f781b5d-2bf0-4f4a-b2ee-e3b08bb75e87","description":"descripcion de cuenta","users":["usuario_test","usuario_test"]}
    Forwarded URL = null
   Redirected URL = null
          Cookies = []
2023-11-28T22:11:56.966-05:00 DEBUG 27472 --- [           main] org.springframework.test.context.cache   : Spring test ApplicationContext cache statistics: [DefaultContextCache@8caffbd size = 3, maxSize = 32, parentContextCount = 0, hitCount = 265, missCount = 3]
2023-11-28T22:11:56.966-05:00 DEBUG 27472 --- [           main] org.springframework.test.context.cache   : Spring test ApplicationContext cache statistics: [DefaultContextCache@8caffbd size = 3, maxSize = 32, parentContextCount = 0, hitCount = 266, missCount = 3]
2023-11-28T22:11:56.966-05:00 DEBUG 27472 --- [           main] org.springframework.test.context.cache   : Spring test ApplicationContext cache statistics: [DefaultContextCache@8caffbd size = 3, maxSize = 32, parentContextCount = 0, hitCount = 267, missCount = 3]
2023-11-28T22:11:56.966-05:00 DEBUG 27472 --- [           main] org.springframework.test.context.cache   : Spring test ApplicationContext cache statistics: [DefaultContextCache@8caffbd size = 3, maxSize = 32, parentContextCount = 0, hitCount = 268, missCount = 3]
2023-11-28T22:11:56.967-05:00 DEBUG 27472 --- [           main] o.s.orm.jpa.JpaTransactionManager        : Initiating transaction rollback
2023-11-28T22:11:56.967-05:00 DEBUG 27472 --- [           main] o.s.orm.jpa.JpaTransactionManager        : Rolling back JPA transaction on EntityManager [SessionImpl(151380361<open>)]
2023-11-28T22:11:56.967-05:00 DEBUG 27472 --- [           main] o.h.e.t.internal.TransactionImpl         : rolling back
2023-11-28T22:11:56.967-05:00 DEBUG 27472 --- [           main] org.postgresql.jdbc.PgConnection         :   setAutoCommit = true
2023-11-28T22:11:56.967-05:00 DEBUG 27472 --- [           main] o.s.orm.jpa.JpaTransactionManager        : Closing JPA EntityManager [SessionImpl(151380361<open>)] after transaction
2023-11-28T22:11:56.967-05:00 DEBUG 27472 --- [           main] o.h.e.jdbc.internal.JdbcCoordinatorImpl  : HHH000420: Closing un-released batch
2023-11-28T22:11:56.967-05:00 DEBUG 27472 --- [           main] o.s.t.c.transaction.TransactionContext   : Rolled back transaction (1) for test class [com.cash_flow_app.apicashflow.controller.AccountControllerTest]; test method [getAccount]
2023-11-28T22:11:56.967-05:00 DEBUG 27472 --- [           main] tractDirtiesContextTestExecutionListener : After test method: class [AccountControllerTest], method [getAccount], class annotated with @DirtiesContext [false] with mode [null], method annotated with @DirtiesContext [false] with mode [null]
2023-11-28T22:11:56.967-05:00 DEBUG 27472 --- [           main] o.s.t.c.w.ServletTestExecutionListener   : Resetting RequestContextHolder for test class com.cash_flow_app.apicashflow.controller.AccountControllerTest
]]></system-out>
  </testcase>
  <testcase name="getAllByCurrentUser" classname="com.cash_flow_app.apicashflow.controller.AccountControllerTest" time="0.195">
    <error message="could not execute statement; SQL [n/a]; constraint [user_account_pkey]" type="org.springframework.dao.DataIntegrityViolationException">org.springframework.dao.DataIntegrityViolationException: could not execute statement; SQL [n/a]; constraint [user_account_pkey]
	at com.cash_flow_app.apicashflow.controller.AccountControllerTest.createAccountResult(AccountControllerTest.java:197)
	at com.cash_flow_app.apicashflow.controller.AccountControllerTest.getAllByCurrentUser(AccountControllerTest.java:150)
Caused by: org.hibernate.exception.ConstraintViolationException: could not execute statement
	at com.cash_flow_app.apicashflow.controller.AccountControllerTest.createAccountResult(AccountControllerTest.java:197)
	at com.cash_flow_app.apicashflow.controller.AccountControllerTest.getAllByCurrentUser(AccountControllerTest.java:150)
Caused by: org.postgresql.util.PSQLException: 
ERROR: duplicate key value violates unique constraint "user_account_pkey"
  Detail: Key (user_id, account_id)=(180af810-ac2a-4c97-8d72-5c3a553ece47, b2a490ad-d1d9-4d31-a7a8-1f4f35e90efa) already exists.
	at com.cash_flow_app.apicashflow.controller.AccountControllerTest.createAccountResult(AccountControllerTest.java:197)
	at com.cash_flow_app.apicashflow.controller.AccountControllerTest.getAllByCurrentUser(AccountControllerTest.java:150)
</error>
    <system-out><![CDATA[2023-11-28T22:11:56.967-05:00 DEBUG 27472 --- [           main] org.springframework.test.context.cache   : Spring test ApplicationContext cache statistics: [DefaultContextCache@8caffbd size = 3, maxSize = 32, parentContextCount = 0, hitCount = 269, missCount = 3]
2023-11-28T22:11:56.967-05:00 DEBUG 27472 --- [           main] o.s.t.c.w.ServletTestExecutionListener   : Setting up MockHttpServletRequest, MockHttpServletResponse, ServletWebRequest, and RequestContextHolder for test class com.cash_flow_app.apicashflow.controller.AccountControllerTest
2023-11-28T22:11:56.968-05:00 DEBUG 27472 --- [           main] DependencyInjectionTestExecutionListener : Performing dependency injection for test class com.cash_flow_app.apicashflow.controller.AccountControllerTest
2023-11-28T22:11:56.968-05:00 DEBUG 27472 --- [           main] org.springframework.test.context.cache   : Spring test ApplicationContext cache statistics: [DefaultContextCache@8caffbd size = 3, maxSize = 32, parentContextCount = 0, hitCount = 270, missCount = 3]
2023-11-28T22:11:56.968-05:00 DEBUG 27472 --- [           main] org.springframework.test.context.cache   : Spring test ApplicationContext cache statistics: [DefaultContextCache@8caffbd size = 3, maxSize = 32, parentContextCount = 0, hitCount = 271, missCount = 3]
2023-11-28T22:11:56.968-05:00 DEBUG 27472 --- [           main] tractDirtiesContextTestExecutionListener : Before test method: class [AccountControllerTest], method [getAllByCurrentUser], class annotated with @DirtiesContext [false] with mode [null], method annotated with @DirtiesContext [false] with mode [null]
2023-11-28T22:11:56.968-05:00 DEBUG 27472 --- [           main] t.c.t.TransactionalTestExecutionListener : Explicit transaction definition [PROPAGATION_REQUIRED,ISOLATION_DEFAULT] found for test class [com.cash_flow_app.apicashflow.controller.AccountControllerTest] and test method [getAllByCurrentUser]
2023-11-28T22:11:56.968-05:00 DEBUG 27472 --- [           main] org.springframework.test.context.cache   : Spring test ApplicationContext cache statistics: [DefaultContextCache@8caffbd size = 3, maxSize = 32, parentContextCount = 0, hitCount = 272, missCount = 3]
2023-11-28T22:11:56.968-05:00 DEBUG 27472 --- [           main] t.c.t.TransactionalTestExecutionListener : No method-level @Rollback override: using default rollback [true] for test method [void com.cash_flow_app.apicashflow.controller.AccountControllerTest.getAllByCurrentUser() throws java.lang.Exception]
2023-11-28T22:11:56.968-05:00 DEBUG 27472 --- [           main] o.s.orm.jpa.JpaTransactionManager        : Creating new transaction with name [com.cash_flow_app.apicashflow.controller.AccountControllerTest.getAllByCurrentUser]: PROPAGATION_REQUIRED,ISOLATION_DEFAULT
2023-11-28T22:11:56.968-05:00 DEBUG 27472 --- [           main] o.s.orm.jpa.JpaTransactionManager        : Opened new EntityManager [SessionImpl(1135224489<open>)] for JPA transaction
2023-11-28T22:11:56.968-05:00 DEBUG 27472 --- [           main] o.h.e.t.internal.TransactionImpl         : On TransactionImpl creation, JpaCompliance#isJpaTransactionComplianceEnabled == false
2023-11-28T22:11:56.968-05:00 DEBUG 27472 --- [           main] o.h.e.t.internal.TransactionImpl         : begin
2023-11-28T22:11:56.968-05:00 DEBUG 27472 --- [           main] org.postgresql.jdbc.PgConnection         :   setAutoCommit = false
2023-11-28T22:11:56.968-05:00 DEBUG 27472 --- [           main] o.s.orm.jpa.JpaTransactionManager        : Exposing JPA transaction as JDBC [org.springframework.orm.jpa.vendor.HibernateJpaDialect$HibernateConnectionHandle@1d26e653]
2023-11-28T22:11:56.968-05:00 DEBUG 27472 --- [           main] o.s.t.c.transaction.TransactionContext   : Began transaction (1) for test class [com.cash_flow_app.apicashflow.controller.AccountControllerTest]; test method [getAllByCurrentUser]; transaction manager [org.springframework.orm.jpa.JpaTransactionManager@6448679f]; rollback [true]
2023-11-28T22:11:56.968-05:00 DEBUG 27472 --- [           main] org.springframework.test.context.cache   : Spring test ApplicationContext cache statistics: [DefaultContextCache@8caffbd size = 3, maxSize = 32, parentContextCount = 0, hitCount = 273, missCount = 3]
2023-11-28T22:11:56.968-05:00 DEBUG 27472 --- [           main] org.springframework.test.context.cache   : Spring test ApplicationContext cache statistics: [DefaultContextCache@8caffbd size = 3, maxSize = 32, parentContextCount = 0, hitCount = 274, missCount = 3]
2023-11-28T22:11:56.969-05:00 DEBUG 27472 --- [           main] o.s.test.util.ReflectionTestUtils        : Invoking method 'getFilters' on target object [FilterChainProxy[Filter Chains: [DefaultSecurityFilterChain [RequestMatcher=any request, Filters=[org.springframework.security.web.session.DisableEncodeUrlFilter@120e3ebb, org.springframework.security.web.session.ForceEagerSessionCreationFilter@753f1c3e, org.springframework.security.web.context.request.async.WebAsyncManagerIntegrationFilter@5e9af5d4, org.springframework.security.web.context.SecurityContextHolderFilter@1d18e5ad, org.springframework.security.web.header.HeaderWriterFilter@73b68d98, org.springframework.web.filter.CorsFilter@7863e6b2, org.springframework.security.web.authentication.logout.LogoutFilter@1e5a8278, JWTAuthorizationFilter(loginService=com.cash_flow_app.apicashflow.entities_repositories_and_services.base.security.LoginService@508b9c16), com.cash_flow_app.apicashflow.entities_repositories_and_services.base.security.JWTAuthenticationFilter@6fd2b939, org.springframework.security.web.savedrequest.RequestCacheAwareFilter@11def039, org.springframework.security.web.servletapi.SecurityContextHolderAwareRequestFilter@564375d7, org.springframework.security.web.authentication.AnonymousAuthenticationFilter@c4aa99e, org.springframework.security.web.session.SessionManagementFilter@69af6978, org.springframework.security.web.access.ExceptionTranslationFilter@4469046b, org.springframework.security.web.access.intercept.AuthorizationFilter@588d2e90]]]]] or target class [null] with arguments {org.springframework.mock.web.MockHttpServletRequest@2981a626}
2023-11-28T22:11:56.969-05:00 DEBUG 27472 --- [           main] o.s.test.util.ReflectionTestUtils        : Invoking method 'getFilters' on target object [FilterChainProxy[Filter Chains: [DefaultSecurityFilterChain [RequestMatcher=any request, Filters=[org.springframework.security.web.session.DisableEncodeUrlFilter@120e3ebb, org.springframework.security.web.session.ForceEagerSessionCreationFilter@753f1c3e, org.springframework.security.web.context.request.async.WebAsyncManagerIntegrationFilter@5e9af5d4, org.springframework.security.web.context.SecurityContextHolderFilter@1d18e5ad, org.springframework.security.web.header.HeaderWriterFilter@73b68d98, org.springframework.web.filter.CorsFilter@7863e6b2, org.springframework.security.web.authentication.logout.LogoutFilter@1e5a8278, JWTAuthorizationFilter(loginService=com.cash_flow_app.apicashflow.entities_repositories_and_services.base.security.LoginService@508b9c16), com.cash_flow_app.apicashflow.entities_repositories_and_services.base.security.JWTAuthenticationFilter@6fd2b939, org.springframework.security.web.savedrequest.RequestCacheAwareFilter@11def039, org.springframework.security.web.servletapi.SecurityContextHolderAwareRequestFilter@564375d7, org.springframework.security.web.authentication.AnonymousAuthenticationFilter@c4aa99e, org.springframework.security.web.session.SessionManagementFilter@69af6978, org.springframework.security.web.access.ExceptionTranslationFilter@4469046b, org.springframework.security.web.access.intercept.AuthorizationFilter@588d2e90]]]]] or target class [null] with arguments {org.springframework.mock.web.MockHttpServletRequest@2981a626}
2023-11-28T22:11:56.969-05:00 DEBUG 27472 --- [           main] o.s.test.util.ReflectionTestUtils        : Invoking method 'getFilters' on target object [FilterChainProxy[Filter Chains: [DefaultSecurityFilterChain [RequestMatcher=any request, Filters=[org.springframework.security.web.session.DisableEncodeUrlFilter@120e3ebb, org.springframework.security.web.session.ForceEagerSessionCreationFilter@753f1c3e, org.springframework.security.web.context.request.async.WebAsyncManagerIntegrationFilter@5e9af5d4, org.springframework.security.web.context.SecurityContextHolderFilter@1d18e5ad, org.springframework.security.web.header.HeaderWriterFilter@73b68d98, org.springframework.web.filter.CorsFilter@7863e6b2, org.springframework.security.web.authentication.logout.LogoutFilter@1e5a8278, JWTAuthorizationFilter(loginService=com.cash_flow_app.apicashflow.entities_repositories_and_services.base.security.LoginService@508b9c16), com.cash_flow_app.apicashflow.entities_repositories_and_services.base.security.JWTAuthenticationFilter@6fd2b939, org.springframework.security.web.savedrequest.RequestCacheAwareFilter@11def039, org.springframework.security.web.servletapi.SecurityContextHolderAwareRequestFilter@564375d7, org.springframework.security.web.authentication.AnonymousAuthenticationFilter@c4aa99e, org.springframework.security.web.session.SessionManagementFilter@69af6978, org.springframework.security.web.access.ExceptionTranslationFilter@4469046b, org.springframework.security.web.access.intercept.AuthorizationFilter@588d2e90]]]]] or target class [null] with arguments {org.springframework.mock.web.MockHttpServletRequest@2981a626}
2023-11-28T22:11:56.969-05:00 DEBUG 27472 --- [           main] o.s.security.web.FilterChainProxy        : Securing POST /api/v1/user/signup
2023-11-28T22:11:56.969-05:00 DEBUG 27472 --- [           main] .s.s.w.s.ForceEagerSessionCreationFilter : Created session eagerly
2023-11-28T22:11:56.969-05:00 DEBUG 27472 --- [           main] o.s.s.w.a.AnonymousAuthenticationFilter  : Set SecurityContextHolder to anonymous SecurityContext
2023-11-28T22:11:56.969-05:00 DEBUG 27472 --- [           main] s.w.s.m.m.a.RequestMappingHandlerMapping : Mapped to com.cash_flow_app.apicashflow.controller.UserController#signup(UserDto)
2023-11-28T22:11:56.969-05:00 DEBUG 27472 --- [           main] s.w.s.m.m.a.RequestMappingHandlerMapping : Mapped to com.cash_flow_app.apicashflow.controller.UserController#signup(UserDto)
2023-11-28T22:11:56.969-05:00 DEBUG 27472 --- [           main] s.w.s.m.m.a.RequestMappingHandlerMapping : Mapped to com.cash_flow_app.apicashflow.controller.UserController#signup(UserDto)
2023-11-28T22:11:56.969-05:00 DEBUG 27472 --- [           main] s.w.s.m.m.a.RequestMappingHandlerMapping : Mapped to com.cash_flow_app.apicashflow.controller.UserController#signup(UserDto)
2023-11-28T22:11:56.969-05:00 DEBUG 27472 --- [           main] s.w.s.m.m.a.RequestMappingHandlerMapping : Mapped to com.cash_flow_app.apicashflow.controller.UserController#signup(UserDto)
2023-11-28T22:11:56.970-05:00 DEBUG 27472 --- [           main] s.w.s.m.m.a.RequestMappingHandlerMapping : Mapped to com.cash_flow_app.apicashflow.controller.UserController#signup(UserDto)
2023-11-28T22:11:56.970-05:00 DEBUG 27472 --- [           main] s.w.s.m.m.a.RequestMappingHandlerMapping : Mapped to com.cash_flow_app.apicashflow.controller.UserController#signup(UserDto)
2023-11-28T22:11:56.970-05:00 DEBUG 27472 --- [           main] o.s.security.web.FilterChainProxy        : Secured POST /api/v1/user/signup
2023-11-28T22:11:56.970-05:00 DEBUG 27472 --- [           main] o.s.t.web.servlet.TestDispatcherServlet  : POST "/api/v1/user/signup", parameters={masked}
2023-11-28T22:11:56.970-05:00 DEBUG 27472 --- [           main] s.w.s.m.m.a.RequestMappingHandlerMapping : Mapped to com.cash_flow_app.apicashflow.controller.UserController#signup(UserDto)
2023-11-28T22:11:56.970-05:00 DEBUG 27472 --- [           main] m.m.a.RequestResponseBodyMethodProcessor : Read "application/json;charset=UTF-8" to [UserDto(username=usuario_test, password=123456, authorities=[{endpoint=Account, actions=[CREATE, REA (truncated)...]
2023-11-28T22:11:56.970-05:00 DEBUG 27472 --- [           main] org.hibernate.orm.sql.ast.create         : Created new SQL alias : a1_0
2023-11-28T22:11:56.970-05:00 DEBUG 27472 --- [           main] org.hibernate.orm.sql.ast.create         : Registration of TableGroup [StandardTableGroup(com.cash_flow_app.apicashflow.entities_repositories_and_services.base.authority.Authority(35202161494041))] with identifierForTableGroup [com.cash_flow_app.apicashflow.entities_repositories_and_services.base.authority.Authority] for NavigablePath [com.cash_flow_app.apicashflow.entities_repositories_and_services.base.authority.Authority] 
2023-11-28T22:11:56.970-05:00 DEBUG 27472 --- [           main] o.h.q.sqm.sql.BaseSqmToSqlAstConverter   : Determining mapping-model type for SqmParameter : org.hibernate.query.sqm.tree.expression.SqmJpaCriteriaParameterWrapper@74d56a25
2023-11-28T22:11:56.970-05:00 DEBUG 27472 --- [           main] o.h.q.sqm.sql.BaseSqmToSqlAstConverter   : Determining mapping-model type for SqmPath : SqmBasicValuedSimplePath(com.cash_flow_app.apicashflow.entities_repositories_and_services.base.authority.Authority(35202161494041).permission) 
2023-11-28T22:11:56.971-05:00 DEBUG 27472 --- [           main] o.h.q.sqm.sql.BaseSqmToSqlAstConverter   : Determining mapping-model type for SqmParameter : org.hibernate.query.sqm.tree.expression.SqmJpaCriteriaParameterWrapper@66589578
2023-11-28T22:11:56.971-05:00 DEBUG 27472 --- [           main] o.h.q.sqm.sql.BaseSqmToSqlAstConverter   : Determining mapping-model type for SqmPath : SqmBasicValuedSimplePath(com.cash_flow_app.apicashflow.entities_repositories_and_services.base.authority.Authority(35202161494041).endpoint) 
2023-11-28T22:11:56.971-05:00 DEBUG 27472 --- [           main] org.hibernate.orm.results.graph.AST      : DomainResult Graph:
 \-EntityResultImpl [com.cash_flow_app.apicashflow.entities_repositories_and_services.base.authority.Authority(35202161494041)]
 |  +-BasicFetch [com.cash_flow_app.apicashflow.entities_repositories_and_services.base.authority.Authority(35202161494041).endpoint]
 |  \-BasicFetch [com.cash_flow_app.apicashflow.entities_repositories_and_services.base.authority.Authority(35202161494041).permission]

2023-11-28T22:11:56.971-05:00 DEBUG 27472 --- [           main] org.hibernate.orm.sql.ast.tree           : SQL AST Tree:
    SelectStatement {
      FromClause {
        StandardTableGroup (a1 : com.cash_flow_app.apicashflow.entities_repositories_and_services.base.authority.Authority(35202161494041)) {
          primaryTableReference : authorities as a1_0
        }
      }
    }

2023-11-28T22:11:56.971-05:00 DEBUG 27472 --- [           main] org.hibernate.orm.sql.exec               : Skipping reading Query result cache data: cache-enabled = false, cache-mode = NORMAL
2023-11-28T22:11:56.971-05:00 DEBUG 27472 --- [           main] org.hibernate.orm.results                : Initializer list
2023-11-28T22:11:56.971-05:00 DEBUG 27472 --- [           main] org.hibernate.orm.results                :     com.cash_flow_app.apicashflow.entities_repositories_and_services.base.authority.Authority(35202161494041) -> EntityResultInitializer(com.cash_flow_app.apicashflow.entities_repositories_and_services.base.authority.Authority(35202161494041))@368621331 (SingleTableEntityPersister(com.cash_flow_app.apicashflow.entities_repositories_and_services.base.authority.Authority))
2023-11-28T22:11:56.971-05:00 DEBUG 27472 --- [           main] org.hibernate.SQL                        : 
    select
        a1_0.id,
        a1_0.endpoint,
        a1_0.permission 
    from
        authorities a1_0 
    where
        a1_0.permission=? 
        and a1_0.endpoint=?
2023-11-28T22:11:56.971-05:00 DEBUG 27472 --- [           main] org.hibernate.orm.results                : Extracted JDBC value [0] - [9aaf7d40-45f6-4ab6-90a9-a23f4c1b5f2f]
2023-11-28T22:11:56.971-05:00 DEBUG 27472 --- [           main] o.hibernate.orm.results.loading.entity   : (EntityResultInitializer) Hydrated EntityKey (com.cash_flow_app.apicashflow.entities_repositories_and_services.base.authority.Authority(35202161494041)): 9aaf7d40-45f6-4ab6-90a9-a23f4c1b5f2f
2023-11-28T22:11:56.971-05:00 DEBUG 27472 --- [           main] o.hibernate.orm.results.loading.entity   : (EntityResultInitializer) Created new entity instance [com.cash_flow_app.apicashflow.entities_repositories_and_services.base.authority.Authority(35202161494041)#9aaf7d40-45f6-4ab6-90a9-a23f4c1b5f2f] : com.cash_flow_app.apicashflow.entities_repositories_and_services.base.authority.Authority@6f78d086
2023-11-28T22:11:56.971-05:00 DEBUG 27472 --- [           main] org.hibernate.orm.results                : Extracted JDBC value [1] - [Account]
2023-11-28T22:11:56.971-05:00 DEBUG 27472 --- [           main] org.hibernate.orm.results                : Extracted JDBC value [2] - [CREATE]
2023-11-28T22:11:56.971-05:00 DEBUG 27472 --- [           main] o.hibernate.orm.results.loading.entity   : (EntityResultInitializer) Done materializing entityInstance : com.cash_flow_app.apicashflow.entities_repositories_and_services.base.authority.Authority(35202161494041)#9aaf7d40-45f6-4ab6-90a9-a23f4c1b5f2f
2023-11-28T22:11:56.971-05:00 DEBUG 27472 --- [           main] org.hibernate.orm.results.loading        : Calling top-level assembler (0 / 1) : org.hibernate.sql.results.graph.entity.internal.EntityAssembler@3fe8a255
2023-11-28T22:11:56.971-05:00 DEBUG 27472 --- [           main] org.hibernate.orm.sql.ast.create         : Created new SQL alias : a1_0
2023-11-28T22:11:56.971-05:00 DEBUG 27472 --- [           main] org.hibernate.orm.sql.ast.create         : Registration of TableGroup [StandardTableGroup(com.cash_flow_app.apicashflow.entities_repositories_and_services.base.authority.Authority(35202161494041))] with identifierForTableGroup [com.cash_flow_app.apicashflow.entities_repositories_and_services.base.authority.Authority] for NavigablePath [com.cash_flow_app.apicashflow.entities_repositories_and_services.base.authority.Authority] 
2023-11-28T22:11:56.971-05:00 DEBUG 27472 --- [           main] o.h.q.sqm.sql.BaseSqmToSqlAstConverter   : Determining mapping-model type for SqmParameter : org.hibernate.query.sqm.tree.expression.SqmJpaCriteriaParameterWrapper@1fd0f9dd
2023-11-28T22:11:56.971-05:00 DEBUG 27472 --- [           main] o.h.q.sqm.sql.BaseSqmToSqlAstConverter   : Determining mapping-model type for SqmPath : SqmBasicValuedSimplePath(com.cash_flow_app.apicashflow.entities_repositories_and_services.base.authority.Authority(35202161494041).permission) 
2023-11-28T22:11:56.971-05:00 DEBUG 27472 --- [           main] o.h.q.sqm.sql.BaseSqmToSqlAstConverter   : Determining mapping-model type for SqmParameter : org.hibernate.query.sqm.tree.expression.SqmJpaCriteriaParameterWrapper@f80a0ad
2023-11-28T22:11:56.971-05:00 DEBUG 27472 --- [           main] o.h.q.sqm.sql.BaseSqmToSqlAstConverter   : Determining mapping-model type for SqmPath : SqmBasicValuedSimplePath(com.cash_flow_app.apicashflow.entities_repositories_and_services.base.authority.Authority(35202161494041).endpoint) 
2023-11-28T22:11:56.971-05:00 DEBUG 27472 --- [           main] org.hibernate.orm.results.graph.AST      : DomainResult Graph:
 \-EntityResultImpl [com.cash_flow_app.apicashflow.entities_repositories_and_services.base.authority.Authority(35202161494041)]
 |  +-BasicFetch [com.cash_flow_app.apicashflow.entities_repositories_and_services.base.authority.Authority(35202161494041).endpoint]
 |  \-BasicFetch [com.cash_flow_app.apicashflow.entities_repositories_and_services.base.authority.Authority(35202161494041).permission]

2023-11-28T22:11:56.972-05:00 DEBUG 27472 --- [           main] org.hibernate.orm.sql.ast.tree           : SQL AST Tree:
    SelectStatement {
      FromClause {
        StandardTableGroup (a1 : com.cash_flow_app.apicashflow.entities_repositories_and_services.base.authority.Authority(35202161494041)) {
          primaryTableReference : authorities as a1_0
        }
      }
    }

2023-11-28T22:11:56.972-05:00 DEBUG 27472 --- [           main] o.h.e.i.AbstractFlushingEventListener    : Processing flush-time cascades
2023-11-28T22:11:56.972-05:00 DEBUG 27472 --- [           main] o.h.e.i.AbstractFlushingEventListener    : Dirty checking collections
2023-11-28T22:11:56.972-05:00 DEBUG 27472 --- [           main] o.h.e.i.AbstractFlushingEventListener    : Flushed: 0 insertions, 0 updates, 0 deletions to 1 objects
2023-11-28T22:11:56.972-05:00 DEBUG 27472 --- [           main] o.h.e.i.AbstractFlushingEventListener    : Flushed: 0 (re)creations, 0 updates, 0 removals to 0 collections
2023-11-28T22:11:56.972-05:00 DEBUG 27472 --- [           main] o.hibernate.internal.util.EntityPrinter  : Listing entities:
2023-11-28T22:11:56.972-05:00 DEBUG 27472 --- [           main] o.hibernate.internal.util.EntityPrinter  : com.cash_flow_app.apicashflow.entities_repositories_and_services.base.authority.Authority{endpoint=Account, permission=CREATE, id=9aaf7d40-45f6-4ab6-90a9-a23f4c1b5f2f}
2023-11-28T22:11:56.972-05:00 DEBUG 27472 --- [           main] org.hibernate.orm.sql.exec               : Skipping reading Query result cache data: cache-enabled = false, cache-mode = NORMAL
2023-11-28T22:11:56.972-05:00 DEBUG 27472 --- [           main] org.hibernate.orm.results                : Initializer list
2023-11-28T22:11:56.972-05:00 DEBUG 27472 --- [           main] org.hibernate.orm.results                :     com.cash_flow_app.apicashflow.entities_repositories_and_services.base.authority.Authority(35202161494041) -> EntityResultInitializer(com.cash_flow_app.apicashflow.entities_repositories_and_services.base.authority.Authority(35202161494041))@1314658327 (SingleTableEntityPersister(com.cash_flow_app.apicashflow.entities_repositories_and_services.base.authority.Authority))
2023-11-28T22:11:56.972-05:00 DEBUG 27472 --- [           main] org.hibernate.SQL                        : 
    select
        a1_0.id,
        a1_0.endpoint,
        a1_0.permission 
    from
        authorities a1_0 
    where
        a1_0.permission=? 
        and a1_0.endpoint=?
2023-11-28T22:11:56.972-05:00 DEBUG 27472 --- [           main] org.hibernate.orm.results                : Extracted JDBC value [0] - [b14a62f4-d04f-422a-a2a3-1f80e2635352]
2023-11-28T22:11:56.972-05:00 DEBUG 27472 --- [           main] o.hibernate.orm.results.loading.entity   : (EntityResultInitializer) Hydrated EntityKey (com.cash_flow_app.apicashflow.entities_repositories_and_services.base.authority.Authority(35202161494041)): b14a62f4-d04f-422a-a2a3-1f80e2635352
2023-11-28T22:11:56.972-05:00 DEBUG 27472 --- [           main] o.hibernate.orm.results.loading.entity   : (EntityResultInitializer) Created new entity instance [com.cash_flow_app.apicashflow.entities_repositories_and_services.base.authority.Authority(35202161494041)#b14a62f4-d04f-422a-a2a3-1f80e2635352] : com.cash_flow_app.apicashflow.entities_repositories_and_services.base.authority.Authority@6de7c6bd
2023-11-28T22:11:56.972-05:00 DEBUG 27472 --- [           main] org.hibernate.orm.results                : Extracted JDBC value [1] - [Account]
2023-11-28T22:11:56.972-05:00 DEBUG 27472 --- [           main] org.hibernate.orm.results                : Extracted JDBC value [2] - [READ]
2023-11-28T22:11:56.972-05:00 DEBUG 27472 --- [           main] o.hibernate.orm.results.loading.entity   : (EntityResultInitializer) Done materializing entityInstance : com.cash_flow_app.apicashflow.entities_repositories_and_services.base.authority.Authority(35202161494041)#b14a62f4-d04f-422a-a2a3-1f80e2635352
2023-11-28T22:11:56.972-05:00 DEBUG 27472 --- [           main] org.hibernate.orm.results.loading        : Calling top-level assembler (0 / 1) : org.hibernate.sql.results.graph.entity.internal.EntityAssembler@4355f7b6
2023-11-28T22:11:56.972-05:00 DEBUG 27472 --- [           main] org.hibernate.orm.sql.ast.create         : Created new SQL alias : a1_0
2023-11-28T22:11:56.972-05:00 DEBUG 27472 --- [           main] org.hibernate.orm.sql.ast.create         : Registration of TableGroup [StandardTableGroup(com.cash_flow_app.apicashflow.entities_repositories_and_services.base.authority.Authority(35202161494041))] with identifierForTableGroup [com.cash_flow_app.apicashflow.entities_repositories_and_services.base.authority.Authority] for NavigablePath [com.cash_flow_app.apicashflow.entities_repositories_and_services.base.authority.Authority] 
2023-11-28T22:11:56.972-05:00 DEBUG 27472 --- [           main] o.h.q.sqm.sql.BaseSqmToSqlAstConverter   : Determining mapping-model type for SqmParameter : org.hibernate.query.sqm.tree.expression.SqmJpaCriteriaParameterWrapper@5ce50896
2023-11-28T22:11:56.972-05:00 DEBUG 27472 --- [           main] o.h.q.sqm.sql.BaseSqmToSqlAstConverter   : Determining mapping-model type for SqmPath : SqmBasicValuedSimplePath(com.cash_flow_app.apicashflow.entities_repositories_and_services.base.authority.Authority(35202161494041).permission) 
2023-11-28T22:11:56.972-05:00 DEBUG 27472 --- [           main] o.h.q.sqm.sql.BaseSqmToSqlAstConverter   : Determining mapping-model type for SqmParameter : org.hibernate.query.sqm.tree.expression.SqmJpaCriteriaParameterWrapper@4071aa13
2023-11-28T22:11:56.972-05:00 DEBUG 27472 --- [           main] o.h.q.sqm.sql.BaseSqmToSqlAstConverter   : Determining mapping-model type for SqmPath : SqmBasicValuedSimplePath(com.cash_flow_app.apicashflow.entities_repositories_and_services.base.authority.Authority(35202161494041).endpoint) 
2023-11-28T22:11:56.973-05:00 DEBUG 27472 --- [           main] org.hibernate.orm.results.graph.AST      : DomainResult Graph:
 \-EntityResultImpl [com.cash_flow_app.apicashflow.entities_repositories_and_services.base.authority.Authority(35202161494041)]
 |  +-BasicFetch [com.cash_flow_app.apicashflow.entities_repositories_and_services.base.authority.Authority(35202161494041).endpoint]
 |  \-BasicFetch [com.cash_flow_app.apicashflow.entities_repositories_and_services.base.authority.Authority(35202161494041).permission]

2023-11-28T22:11:56.973-05:00 DEBUG 27472 --- [           main] org.hibernate.orm.sql.ast.tree           : SQL AST Tree:
    SelectStatement {
      FromClause {
        StandardTableGroup (a1 : com.cash_flow_app.apicashflow.entities_repositories_and_services.base.authority.Authority(35202161494041)) {
          primaryTableReference : authorities as a1_0
        }
      }
    }

2023-11-28T22:11:56.973-05:00 DEBUG 27472 --- [           main] o.h.e.i.AbstractFlushingEventListener    : Processing flush-time cascades
2023-11-28T22:11:56.973-05:00 DEBUG 27472 --- [           main] o.h.e.i.AbstractFlushingEventListener    : Dirty checking collections
2023-11-28T22:11:56.973-05:00 DEBUG 27472 --- [           main] o.h.e.i.AbstractFlushingEventListener    : Flushed: 0 insertions, 0 updates, 0 deletions to 2 objects
2023-11-28T22:11:56.973-05:00 DEBUG 27472 --- [           main] o.h.e.i.AbstractFlushingEventListener    : Flushed: 0 (re)creations, 0 updates, 0 removals to 0 collections
2023-11-28T22:11:56.973-05:00 DEBUG 27472 --- [           main] o.hibernate.internal.util.EntityPrinter  : Listing entities:
2023-11-28T22:11:56.973-05:00 DEBUG 27472 --- [           main] o.hibernate.internal.util.EntityPrinter  : com.cash_flow_app.apicashflow.entities_repositories_and_services.base.authority.Authority{endpoint=Account, permission=CREATE, id=9aaf7d40-45f6-4ab6-90a9-a23f4c1b5f2f}
2023-11-28T22:11:56.973-05:00 DEBUG 27472 --- [           main] o.hibernate.internal.util.EntityPrinter  : com.cash_flow_app.apicashflow.entities_repositories_and_services.base.authority.Authority{endpoint=Account, permission=READ, id=b14a62f4-d04f-422a-a2a3-1f80e2635352}
2023-11-28T22:11:56.973-05:00 DEBUG 27472 --- [           main] org.hibernate.orm.sql.exec               : Skipping reading Query result cache data: cache-enabled = false, cache-mode = NORMAL
2023-11-28T22:11:56.973-05:00 DEBUG 27472 --- [           main] org.hibernate.orm.results                : Initializer list
2023-11-28T22:11:56.973-05:00 DEBUG 27472 --- [           main] org.hibernate.orm.results                :     com.cash_flow_app.apicashflow.entities_repositories_and_services.base.authority.Authority(35202161494041) -> EntityResultInitializer(com.cash_flow_app.apicashflow.entities_repositories_and_services.base.authority.Authority(35202161494041))@1179510660 (SingleTableEntityPersister(com.cash_flow_app.apicashflow.entities_repositories_and_services.base.authority.Authority))
2023-11-28T22:11:56.973-05:00 DEBUG 27472 --- [           main] org.hibernate.SQL                        : 
    select
        a1_0.id,
        a1_0.endpoint,
        a1_0.permission 
    from
        authorities a1_0 
    where
        a1_0.permission=? 
        and a1_0.endpoint=?
2023-11-28T22:11:56.974-05:00 DEBUG 27472 --- [           main] org.hibernate.orm.results                : Extracted JDBC value [0] - [363894b3-8bdc-4764-ad13-d91f872e1a95]
2023-11-28T22:11:56.974-05:00 DEBUG 27472 --- [           main] o.hibernate.orm.results.loading.entity   : (EntityResultInitializer) Hydrated EntityKey (com.cash_flow_app.apicashflow.entities_repositories_and_services.base.authority.Authority(35202161494041)): 363894b3-8bdc-4764-ad13-d91f872e1a95
2023-11-28T22:11:56.974-05:00 DEBUG 27472 --- [           main] o.hibernate.orm.results.loading.entity   : (EntityResultInitializer) Created new entity instance [com.cash_flow_app.apicashflow.entities_repositories_and_services.base.authority.Authority(35202161494041)#363894b3-8bdc-4764-ad13-d91f872e1a95] : com.cash_flow_app.apicashflow.entities_repositories_and_services.base.authority.Authority@be73bbd
2023-11-28T22:11:56.974-05:00 DEBUG 27472 --- [           main] org.hibernate.orm.results                : Extracted JDBC value [1] - [Account]
2023-11-28T22:11:56.974-05:00 DEBUG 27472 --- [           main] org.hibernate.orm.results                : Extracted JDBC value [2] - [DELETE]
2023-11-28T22:11:56.974-05:00 DEBUG 27472 --- [           main] o.hibernate.orm.results.loading.entity   : (EntityResultInitializer) Done materializing entityInstance : com.cash_flow_app.apicashflow.entities_repositories_and_services.base.authority.Authority(35202161494041)#363894b3-8bdc-4764-ad13-d91f872e1a95
2023-11-28T22:11:56.974-05:00 DEBUG 27472 --- [           main] org.hibernate.orm.results.loading        : Calling top-level assembler (0 / 1) : org.hibernate.sql.results.graph.entity.internal.EntityAssembler@223f8c82
2023-11-28T22:11:56.974-05:00 DEBUG 27472 --- [           main] org.hibernate.orm.sql.ast.create         : Created new SQL alias : a1_0
2023-11-28T22:11:56.974-05:00 DEBUG 27472 --- [           main] org.hibernate.orm.sql.ast.create         : Registration of TableGroup [StandardTableGroup(com.cash_flow_app.apicashflow.entities_repositories_and_services.base.authority.Authority(35202161494041))] with identifierForTableGroup [com.cash_flow_app.apicashflow.entities_repositories_and_services.base.authority.Authority] for NavigablePath [com.cash_flow_app.apicashflow.entities_repositories_and_services.base.authority.Authority] 
2023-11-28T22:11:56.974-05:00 DEBUG 27472 --- [           main] o.h.q.sqm.sql.BaseSqmToSqlAstConverter   : Determining mapping-model type for SqmParameter : org.hibernate.query.sqm.tree.expression.SqmJpaCriteriaParameterWrapper@33d95295
2023-11-28T22:11:56.974-05:00 DEBUG 27472 --- [           main] o.h.q.sqm.sql.BaseSqmToSqlAstConverter   : Determining mapping-model type for SqmPath : SqmBasicValuedSimplePath(com.cash_flow_app.apicashflow.entities_repositories_and_services.base.authority.Authority(35202161494041).permission) 
2023-11-28T22:11:56.974-05:00 DEBUG 27472 --- [           main] o.h.q.sqm.sql.BaseSqmToSqlAstConverter   : Determining mapping-model type for SqmParameter : org.hibernate.query.sqm.tree.expression.SqmJpaCriteriaParameterWrapper@5e1fd72a
2023-11-28T22:11:56.974-05:00 DEBUG 27472 --- [           main] o.h.q.sqm.sql.BaseSqmToSqlAstConverter   : Determining mapping-model type for SqmPath : SqmBasicValuedSimplePath(com.cash_flow_app.apicashflow.entities_repositories_and_services.base.authority.Authority(35202161494041).endpoint) 
2023-11-28T22:11:56.975-05:00 DEBUG 27472 --- [           main] org.hibernate.orm.results.graph.AST      : DomainResult Graph:
 \-EntityResultImpl [com.cash_flow_app.apicashflow.entities_repositories_and_services.base.authority.Authority(35202161494041)]
 |  +-BasicFetch [com.cash_flow_app.apicashflow.entities_repositories_and_services.base.authority.Authority(35202161494041).endpoint]
 |  \-BasicFetch [com.cash_flow_app.apicashflow.entities_repositories_and_services.base.authority.Authority(35202161494041).permission]

2023-11-28T22:11:56.975-05:00 DEBUG 27472 --- [           main] org.hibernate.orm.sql.ast.tree           : SQL AST Tree:
    SelectStatement {
      FromClause {
        StandardTableGroup (a1 : com.cash_flow_app.apicashflow.entities_repositories_and_services.base.authority.Authority(35202161494041)) {
          primaryTableReference : authorities as a1_0
        }
      }
    }

2023-11-28T22:11:56.975-05:00 DEBUG 27472 --- [           main] o.h.e.i.AbstractFlushingEventListener    : Processing flush-time cascades
2023-11-28T22:11:56.975-05:00 DEBUG 27472 --- [           main] o.h.e.i.AbstractFlushingEventListener    : Dirty checking collections
2023-11-28T22:11:56.975-05:00 DEBUG 27472 --- [           main] o.h.e.i.AbstractFlushingEventListener    : Flushed: 0 insertions, 0 updates, 0 deletions to 3 objects
2023-11-28T22:11:56.975-05:00 DEBUG 27472 --- [           main] o.h.e.i.AbstractFlushingEventListener    : Flushed: 0 (re)creations, 0 updates, 0 removals to 0 collections
2023-11-28T22:11:56.975-05:00 DEBUG 27472 --- [           main] o.hibernate.internal.util.EntityPrinter  : Listing entities:
2023-11-28T22:11:56.975-05:00 DEBUG 27472 --- [           main] o.hibernate.internal.util.EntityPrinter  : com.cash_flow_app.apicashflow.entities_repositories_and_services.base.authority.Authority{endpoint=Account, permission=DELETE, id=363894b3-8bdc-4764-ad13-d91f872e1a95}
2023-11-28T22:11:56.975-05:00 DEBUG 27472 --- [           main] o.hibernate.internal.util.EntityPrinter  : com.cash_flow_app.apicashflow.entities_repositories_and_services.base.authority.Authority{endpoint=Account, permission=CREATE, id=9aaf7d40-45f6-4ab6-90a9-a23f4c1b5f2f}
2023-11-28T22:11:56.975-05:00 DEBUG 27472 --- [           main] o.hibernate.internal.util.EntityPrinter  : com.cash_flow_app.apicashflow.entities_repositories_and_services.base.authority.Authority{endpoint=Account, permission=READ, id=b14a62f4-d04f-422a-a2a3-1f80e2635352}
2023-11-28T22:11:56.975-05:00 DEBUG 27472 --- [           main] org.hibernate.orm.sql.exec               : Skipping reading Query result cache data: cache-enabled = false, cache-mode = NORMAL
2023-11-28T22:11:56.975-05:00 DEBUG 27472 --- [           main] org.hibernate.orm.results                : Initializer list
2023-11-28T22:11:56.975-05:00 DEBUG 27472 --- [           main] org.hibernate.orm.results                :     com.cash_flow_app.apicashflow.entities_repositories_and_services.base.authority.Authority(35202161494041) -> EntityResultInitializer(com.cash_flow_app.apicashflow.entities_repositories_and_services.base.authority.Authority(35202161494041))@1805678319 (SingleTableEntityPersister(com.cash_flow_app.apicashflow.entities_repositories_and_services.base.authority.Authority))
2023-11-28T22:11:56.975-05:00 DEBUG 27472 --- [           main] org.hibernate.SQL                        : 
    select
        a1_0.id,
        a1_0.endpoint,
        a1_0.permission 
    from
        authorities a1_0 
    where
        a1_0.permission=? 
        and a1_0.endpoint=?
2023-11-28T22:11:56.975-05:00 DEBUG 27472 --- [           main] org.hibernate.orm.results                : Extracted JDBC value [0] - [f4f135be-a2b5-48d1-a9d0-2b14e82cc373]
2023-11-28T22:11:56.975-05:00 DEBUG 27472 --- [           main] o.hibernate.orm.results.loading.entity   : (EntityResultInitializer) Hydrated EntityKey (com.cash_flow_app.apicashflow.entities_repositories_and_services.base.authority.Authority(35202161494041)): f4f135be-a2b5-48d1-a9d0-2b14e82cc373
2023-11-28T22:11:56.975-05:00 DEBUG 27472 --- [           main] o.hibernate.orm.results.loading.entity   : (EntityResultInitializer) Created new entity instance [com.cash_flow_app.apicashflow.entities_repositories_and_services.base.authority.Authority(35202161494041)#f4f135be-a2b5-48d1-a9d0-2b14e82cc373] : com.cash_flow_app.apicashflow.entities_repositories_and_services.base.authority.Authority@62af3d4c
2023-11-28T22:11:56.975-05:00 DEBUG 27472 --- [           main] org.hibernate.orm.results                : Extracted JDBC value [1] - [User]
2023-11-28T22:11:56.975-05:00 DEBUG 27472 --- [           main] org.hibernate.orm.results                : Extracted JDBC value [2] - [CREATE]
2023-11-28T22:11:56.975-05:00 DEBUG 27472 --- [           main] o.hibernate.orm.results.loading.entity   : (EntityResultInitializer) Done materializing entityInstance : com.cash_flow_app.apicashflow.entities_repositories_and_services.base.authority.Authority(35202161494041)#f4f135be-a2b5-48d1-a9d0-2b14e82cc373
2023-11-28T22:11:56.975-05:00 DEBUG 27472 --- [           main] org.hibernate.orm.results.loading        : Calling top-level assembler (0 / 1) : org.hibernate.sql.results.graph.entity.internal.EntityAssembler@ad038f8
2023-11-28T22:11:56.977-05:00 DEBUG 27472 --- [           main] org.hibernate.orm.sql.ast.create         : Created new SQL alias : a1_0
2023-11-28T22:11:56.977-05:00 DEBUG 27472 --- [           main] org.hibernate.orm.sql.ast.create         : Registration of TableGroup [StandardTableGroup(com.cash_flow_app.apicashflow.entities_repositories_and_services.base.authority.Authority(35202161494041))] with identifierForTableGroup [com.cash_flow_app.apicashflow.entities_repositories_and_services.base.authority.Authority] for NavigablePath [com.cash_flow_app.apicashflow.entities_repositories_and_services.base.authority.Authority] 
2023-11-28T22:11:56.977-05:00 DEBUG 27472 --- [           main] o.h.q.sqm.sql.BaseSqmToSqlAstConverter   : Determining mapping-model type for SqmParameter : org.hibernate.query.sqm.tree.expression.SqmJpaCriteriaParameterWrapper@42becaf6
2023-11-28T22:11:56.977-05:00 DEBUG 27472 --- [           main] o.h.q.sqm.sql.BaseSqmToSqlAstConverter   : Determining mapping-model type for SqmPath : SqmBasicValuedSimplePath(com.cash_flow_app.apicashflow.entities_repositories_and_services.base.authority.Authority(35202161494041).permission) 
2023-11-28T22:11:56.977-05:00 DEBUG 27472 --- [           main] o.h.q.sqm.sql.BaseSqmToSqlAstConverter   : Determining mapping-model type for SqmParameter : org.hibernate.query.sqm.tree.expression.SqmJpaCriteriaParameterWrapper@51934be2
2023-11-28T22:11:56.977-05:00 DEBUG 27472 --- [           main] o.h.q.sqm.sql.BaseSqmToSqlAstConverter   : Determining mapping-model type for SqmPath : SqmBasicValuedSimplePath(com.cash_flow_app.apicashflow.entities_repositories_and_services.base.authority.Authority(35202161494041).endpoint) 
2023-11-28T22:11:56.977-05:00 DEBUG 27472 --- [           main] org.hibernate.orm.results.graph.AST      : DomainResult Graph:
 \-EntityResultImpl [com.cash_flow_app.apicashflow.entities_repositories_and_services.base.authority.Authority(35202161494041)]
 |  +-BasicFetch [com.cash_flow_app.apicashflow.entities_repositories_and_services.base.authority.Authority(35202161494041).endpoint]
 |  \-BasicFetch [com.cash_flow_app.apicashflow.entities_repositories_and_services.base.authority.Authority(35202161494041).permission]

2023-11-28T22:11:56.977-05:00 DEBUG 27472 --- [           main] org.hibernate.orm.sql.ast.tree           : SQL AST Tree:
    SelectStatement {
      FromClause {
        StandardTableGroup (a1 : com.cash_flow_app.apicashflow.entities_repositories_and_services.base.authority.Authority(35202161494041)) {
          primaryTableReference : authorities as a1_0
        }
      }
    }

2023-11-28T22:11:56.977-05:00 DEBUG 27472 --- [           main] o.h.e.i.AbstractFlushingEventListener    : Processing flush-time cascades
2023-11-28T22:11:56.977-05:00 DEBUG 27472 --- [           main] o.h.e.i.AbstractFlushingEventListener    : Dirty checking collections
2023-11-28T22:11:56.977-05:00 DEBUG 27472 --- [           main] o.h.e.i.AbstractFlushingEventListener    : Flushed: 0 insertions, 0 updates, 0 deletions to 4 objects
2023-11-28T22:11:56.977-05:00 DEBUG 27472 --- [           main] o.h.e.i.AbstractFlushingEventListener    : Flushed: 0 (re)creations, 0 updates, 0 removals to 0 collections
2023-11-28T22:11:56.977-05:00 DEBUG 27472 --- [           main] o.hibernate.internal.util.EntityPrinter  : Listing entities:
2023-11-28T22:11:56.977-05:00 DEBUG 27472 --- [           main] o.hibernate.internal.util.EntityPrinter  : com.cash_flow_app.apicashflow.entities_repositories_and_services.base.authority.Authority{endpoint=User, permission=CREATE, id=f4f135be-a2b5-48d1-a9d0-2b14e82cc373}
2023-11-28T22:11:56.977-05:00 DEBUG 27472 --- [           main] o.hibernate.internal.util.EntityPrinter  : com.cash_flow_app.apicashflow.entities_repositories_and_services.base.authority.Authority{endpoint=Account, permission=DELETE, id=363894b3-8bdc-4764-ad13-d91f872e1a95}
2023-11-28T22:11:56.977-05:00 DEBUG 27472 --- [           main] o.hibernate.internal.util.EntityPrinter  : com.cash_flow_app.apicashflow.entities_repositories_and_services.base.authority.Authority{endpoint=Account, permission=CREATE, id=9aaf7d40-45f6-4ab6-90a9-a23f4c1b5f2f}
2023-11-28T22:11:56.977-05:00 DEBUG 27472 --- [           main] o.hibernate.internal.util.EntityPrinter  : com.cash_flow_app.apicashflow.entities_repositories_and_services.base.authority.Authority{endpoint=Account, permission=READ, id=b14a62f4-d04f-422a-a2a3-1f80e2635352}
2023-11-28T22:11:56.977-05:00 DEBUG 27472 --- [           main] org.hibernate.orm.sql.exec               : Skipping reading Query result cache data: cache-enabled = false, cache-mode = NORMAL
2023-11-28T22:11:56.977-05:00 DEBUG 27472 --- [           main] org.hibernate.orm.results                : Initializer list
2023-11-28T22:11:56.977-05:00 DEBUG 27472 --- [           main] org.hibernate.orm.results                :     com.cash_flow_app.apicashflow.entities_repositories_and_services.base.authority.Authority(35202161494041) -> EntityResultInitializer(com.cash_flow_app.apicashflow.entities_repositories_and_services.base.authority.Authority(35202161494041))@1040956726 (SingleTableEntityPersister(com.cash_flow_app.apicashflow.entities_repositories_and_services.base.authority.Authority))
2023-11-28T22:11:56.977-05:00 DEBUG 27472 --- [           main] org.hibernate.SQL                        : 
    select
        a1_0.id,
        a1_0.endpoint,
        a1_0.permission 
    from
        authorities a1_0 
    where
        a1_0.permission=? 
        and a1_0.endpoint=?
2023-11-28T22:11:56.978-05:00 DEBUG 27472 --- [           main] org.hibernate.orm.results                : Extracted JDBC value [0] - [35481739-2447-454f-8ec3-daf467bb2ae5]
2023-11-28T22:11:56.978-05:00 DEBUG 27472 --- [           main] o.hibernate.orm.results.loading.entity   : (EntityResultInitializer) Hydrated EntityKey (com.cash_flow_app.apicashflow.entities_repositories_and_services.base.authority.Authority(35202161494041)): 35481739-2447-454f-8ec3-daf467bb2ae5
2023-11-28T22:11:56.978-05:00 DEBUG 27472 --- [           main] o.hibernate.orm.results.loading.entity   : (EntityResultInitializer) Created new entity instance [com.cash_flow_app.apicashflow.entities_repositories_and_services.base.authority.Authority(35202161494041)#35481739-2447-454f-8ec3-daf467bb2ae5] : com.cash_flow_app.apicashflow.entities_repositories_and_services.base.authority.Authority@4670caf6
2023-11-28T22:11:56.978-05:00 DEBUG 27472 --- [           main] org.hibernate.orm.results                : Extracted JDBC value [1] - [User]
2023-11-28T22:11:56.978-05:00 DEBUG 27472 --- [           main] org.hibernate.orm.results                : Extracted JDBC value [2] - [READ]
2023-11-28T22:11:56.978-05:00 DEBUG 27472 --- [           main] o.hibernate.orm.results.loading.entity   : (EntityResultInitializer) Done materializing entityInstance : com.cash_flow_app.apicashflow.entities_repositories_and_services.base.authority.Authority(35202161494041)#35481739-2447-454f-8ec3-daf467bb2ae5
2023-11-28T22:11:56.978-05:00 DEBUG 27472 --- [           main] org.hibernate.orm.results.loading        : Calling top-level assembler (0 / 1) : org.hibernate.sql.results.graph.entity.internal.EntityAssembler@25712d03
2023-11-28T22:11:57.054-05:00 DEBUG 27472 --- [           main] o.s.orm.jpa.JpaTransactionManager        : Found thread-bound EntityManager [SessionImpl(1135224489<open>)] for JPA transaction
2023-11-28T22:11:57.054-05:00 DEBUG 27472 --- [           main] o.s.orm.jpa.JpaTransactionManager        : Participating in existing transaction
2023-11-28T22:11:57.054-05:00 DEBUG 27472 --- [           main] o.h.j.internal.PersistenceUnitUtilImpl   : jakarta.persistence.PersistenceUnitUtil.getIdentifier is only intended to work with enhanced entities (although Hibernate also adapts this support to its proxies); however the passed entity was not enhanced (nor a proxy).. may not be able to read identifier
2023-11-28T22:11:57.054-05:00 DEBUG 27472 --- [           main] o.h.e.i.AbstractSaveEventListener        : Generated identifier: 180af810-ac2a-4c97-8d72-5c3a553ece47, using strategy: org.hibernate.id.UUIDGenerator
2023-11-28T22:11:57.055-05:00 DEBUG 27472 --- [           main] o.s.w.s.m.m.a.HttpEntityMethodProcessor  : Using 'application/json', given [*/*] and supported [application/json, application/*+json]
2023-11-28T22:11:57.055-05:00 DEBUG 27472 --- [           main] o.s.w.s.m.m.a.HttpEntityMethodProcessor  : Writing [UserResponseDto(username=usuario_test, password=null, token_auth=eyJhbGciOiJIUzUxMiJ9.eyJzdWIiOiJ1c3 (truncated)...]
2023-11-28T22:11:57.055-05:00 DEBUG 27472 --- [           main] o.s.t.web.servlet.TestDispatcherServlet  : Completed 200 OK
2023-11-28T22:11:57.056-05:00 DEBUG 27472 --- [           main] o.s.test.util.ReflectionTestUtils        : Invoking method 'getFilters' on target object [FilterChainProxy[Filter Chains: [DefaultSecurityFilterChain [RequestMatcher=any request, Filters=[org.springframework.security.web.session.DisableEncodeUrlFilter@120e3ebb, org.springframework.security.web.session.ForceEagerSessionCreationFilter@753f1c3e, org.springframework.security.web.context.request.async.WebAsyncManagerIntegrationFilter@5e9af5d4, org.springframework.security.web.context.SecurityContextHolderFilter@1d18e5ad, org.springframework.security.web.header.HeaderWriterFilter@73b68d98, org.springframework.web.filter.CorsFilter@7863e6b2, org.springframework.security.web.authentication.logout.LogoutFilter@1e5a8278, JWTAuthorizationFilter(loginService=com.cash_flow_app.apicashflow.entities_repositories_and_services.base.security.LoginService@508b9c16), com.cash_flow_app.apicashflow.entities_repositories_and_services.base.security.JWTAuthenticationFilter@6fd2b939, org.springframework.security.web.savedrequest.RequestCacheAwareFilter@11def039, org.springframework.security.web.servletapi.SecurityContextHolderAwareRequestFilter@564375d7, org.springframework.security.web.authentication.AnonymousAuthenticationFilter@c4aa99e, org.springframework.security.web.session.SessionManagementFilter@69af6978, org.springframework.security.web.access.ExceptionTranslationFilter@4469046b, org.springframework.security.web.access.intercept.AuthorizationFilter@588d2e90]]]]] or target class [null] with arguments {org.springframework.mock.web.MockHttpServletRequest@51761e07}
2023-11-28T22:11:57.056-05:00 DEBUG 27472 --- [           main] o.s.test.util.ReflectionTestUtils        : Invoking method 'getFilters' on target object [FilterChainProxy[Filter Chains: [DefaultSecurityFilterChain [RequestMatcher=any request, Filters=[org.springframework.security.web.session.DisableEncodeUrlFilter@120e3ebb, org.springframework.security.web.session.ForceEagerSessionCreationFilter@753f1c3e, org.springframework.security.web.context.request.async.WebAsyncManagerIntegrationFilter@5e9af5d4, org.springframework.security.web.context.SecurityContextHolderFilter@1d18e5ad, org.springframework.security.web.header.HeaderWriterFilter@73b68d98, org.springframework.web.filter.CorsFilter@7863e6b2, org.springframework.security.web.authentication.logout.LogoutFilter@1e5a8278, JWTAuthorizationFilter(loginService=com.cash_flow_app.apicashflow.entities_repositories_and_services.base.security.LoginService@508b9c16), com.cash_flow_app.apicashflow.entities_repositories_and_services.base.security.JWTAuthenticationFilter@6fd2b939, org.springframework.security.web.savedrequest.RequestCacheAwareFilter@11def039, org.springframework.security.web.servletapi.SecurityContextHolderAwareRequestFilter@564375d7, org.springframework.security.web.authentication.AnonymousAuthenticationFilter@c4aa99e, org.springframework.security.web.session.SessionManagementFilter@69af6978, org.springframework.security.web.access.ExceptionTranslationFilter@4469046b, org.springframework.security.web.access.intercept.AuthorizationFilter@588d2e90]]]]] or target class [null] with arguments {org.springframework.mock.web.MockHttpServletRequest@51761e07}
2023-11-28T22:11:57.056-05:00 DEBUG 27472 --- [           main] o.s.test.util.ReflectionTestUtils        : Invoking method 'getFilters' on target object [FilterChainProxy[Filter Chains: [DefaultSecurityFilterChain [RequestMatcher=any request, Filters=[org.springframework.security.web.session.DisableEncodeUrlFilter@120e3ebb, org.springframework.security.web.session.ForceEagerSessionCreationFilter@753f1c3e, org.springframework.security.web.context.request.async.WebAsyncManagerIntegrationFilter@5e9af5d4, org.springframework.security.web.context.SecurityContextHolderFilter@1d18e5ad, org.springframework.security.web.header.HeaderWriterFilter@73b68d98, org.springframework.web.filter.CorsFilter@7863e6b2, org.springframework.security.web.authentication.logout.LogoutFilter@1e5a8278, JWTAuthorizationFilter(loginService=com.cash_flow_app.apicashflow.entities_repositories_and_services.base.security.LoginService@508b9c16), com.cash_flow_app.apicashflow.entities_repositories_and_services.base.security.JWTAuthenticationFilter@6fd2b939, org.springframework.security.web.savedrequest.RequestCacheAwareFilter@11def039, org.springframework.security.web.servletapi.SecurityContextHolderAwareRequestFilter@564375d7, org.springframework.security.web.authentication.AnonymousAuthenticationFilter@c4aa99e, org.springframework.security.web.session.SessionManagementFilter@69af6978, org.springframework.security.web.access.ExceptionTranslationFilter@4469046b, org.springframework.security.web.access.intercept.AuthorizationFilter@588d2e90]]]]] or target class [null] with arguments {org.springframework.mock.web.MockHttpServletRequest@51761e07}
2023-11-28T22:11:57.056-05:00 DEBUG 27472 --- [           main] o.s.security.web.FilterChainProxy        : Securing POST /api/v1/user/login
2023-11-28T22:11:57.056-05:00 DEBUG 27472 --- [           main] .s.s.w.s.ForceEagerSessionCreationFilter : Created session eagerly
2023-11-28T22:11:57.058-05:00 DEBUG 27472 --- [           main] org.hibernate.orm.sql.ast.create         : Created new SQL alias : u1_0
2023-11-28T22:11:57.058-05:00 DEBUG 27472 --- [           main] org.hibernate.orm.sql.ast.create         : Registration of TableGroup [StandardTableGroup(com.cash_flow_app.apicashflow.entities_repositories_and_services.base.user.User(35202153502500))] with identifierForTableGroup [com.cash_flow_app.apicashflow.entities_repositories_and_services.base.user.User] for NavigablePath [com.cash_flow_app.apicashflow.entities_repositories_and_services.base.user.User] 
2023-11-28T22:11:57.058-05:00 DEBUG 27472 --- [           main] o.h.q.sqm.sql.BaseSqmToSqlAstConverter   : Determining mapping-model type for SqmParameter : org.hibernate.query.sqm.tree.expression.SqmJpaCriteriaParameterWrapper@4d62b6da
2023-11-28T22:11:57.058-05:00 DEBUG 27472 --- [           main] o.h.q.sqm.sql.BaseSqmToSqlAstConverter   : Determining mapping-model type for SqmPath : SqmBasicValuedSimplePath(com.cash_flow_app.apicashflow.entities_repositories_and_services.base.user.User(35202153502500).username) 
2023-11-28T22:11:57.058-05:00 DEBUG 27472 --- [           main] org.hibernate.orm.results.graph.AST      : DomainResult Graph:
 \-EntityResultImpl [com.cash_flow_app.apicashflow.entities_repositories_and_services.base.user.User(35202153502500)]
 |  +-SelectEagerCollectionFetch [com.cash_flow_app.apicashflow.entities_repositories_and_services.base.user.User(35202153502500).accounts]
 |  +-SelectEagerCollectionFetch [com.cash_flow_app.apicashflow.entities_repositories_and_services.base.user.User(35202153502500).authorities]
 |  +-BasicFetch [com.cash_flow_app.apicashflow.entities_repositories_and_services.base.user.User(35202153502500).password]
 |  \-BasicFetch [com.cash_flow_app.apicashflow.entities_repositories_and_services.base.user.User(35202153502500).username]

2023-11-28T22:11:57.058-05:00 DEBUG 27472 --- [           main] org.hibernate.orm.sql.ast.tree           : SQL AST Tree:
    SelectStatement {
      FromClause {
        StandardTableGroup (u1 : com.cash_flow_app.apicashflow.entities_repositories_and_services.base.user.User(35202153502500)) {
          primaryTableReference : users as u1_0
        }
      }
    }

2023-11-28T22:11:57.058-05:00 DEBUG 27472 --- [           main] o.h.e.i.AbstractFlushingEventListener    : Processing flush-time cascades
2023-11-28T22:11:57.058-05:00 DEBUG 27472 --- [           main] o.h.e.i.AbstractFlushingEventListener    : Dirty checking collections
2023-11-28T22:11:57.058-05:00 DEBUG 27472 --- [           main] o.hibernate.engine.internal.Collections  : Collection found: [com.cash_flow_app.apicashflow.entities_repositories_and_services.base.user.User.authorities#180af810-ac2a-4c97-8d72-5c3a553ece47], was: [<unreferenced>] (initialized)
2023-11-28T22:11:57.058-05:00 DEBUG 27472 --- [           main] o.h.e.i.AbstractFlushingEventListener    : Flushed: 1 insertions, 0 updates, 0 deletions to 6 objects
2023-11-28T22:11:57.058-05:00 DEBUG 27472 --- [           main] o.h.e.i.AbstractFlushingEventListener    : Flushed: 1 (re)creations, 0 updates, 0 removals to 1 collections
2023-11-28T22:11:57.058-05:00 DEBUG 27472 --- [           main] o.hibernate.internal.util.EntityPrinter  : Listing entities:
2023-11-28T22:11:57.058-05:00 DEBUG 27472 --- [           main] o.hibernate.internal.util.EntityPrinter  : com.cash_flow_app.apicashflow.entities_repositories_and_services.base.authority.Authority{endpoint=User, permission=CREATE, id=f4f135be-a2b5-48d1-a9d0-2b14e82cc373}
2023-11-28T22:11:57.058-05:00 DEBUG 27472 --- [           main] o.hibernate.internal.util.EntityPrinter  : com.cash_flow_app.apicashflow.entities_repositories_and_services.base.authority.Authority{endpoint=User, permission=READ, id=35481739-2447-454f-8ec3-daf467bb2ae5}
2023-11-28T22:11:57.058-05:00 DEBUG 27472 --- [           main] o.hibernate.internal.util.EntityPrinter  : com.cash_flow_app.apicashflow.entities_repositories_and_services.base.authority.Authority{endpoint=Account, permission=DELETE, id=363894b3-8bdc-4764-ad13-d91f872e1a95}
2023-11-28T22:11:57.058-05:00 DEBUG 27472 --- [           main] o.hibernate.internal.util.EntityPrinter  : com.cash_flow_app.apicashflow.entities_repositories_and_services.base.authority.Authority{endpoint=Account, permission=CREATE, id=9aaf7d40-45f6-4ab6-90a9-a23f4c1b5f2f}
2023-11-28T22:11:57.058-05:00 DEBUG 27472 --- [           main] o.hibernate.internal.util.EntityPrinter  : com.cash_flow_app.apicashflow.entities_repositories_and_services.base.authority.Authority{endpoint=Account, permission=READ, id=b14a62f4-d04f-422a-a2a3-1f80e2635352}
2023-11-28T22:11:57.058-05:00 DEBUG 27472 --- [           main] o.hibernate.internal.util.EntityPrinter  : com.cash_flow_app.apicashflow.entities_repositories_and_services.base.user.User{password=$2a$10$HRCKNDi7GOgtLipEiS44x.U9BT5F38JcLXAORwQlXRaZ7gWua4bi2, id=180af810-ac2a-4c97-8d72-5c3a553ece47, accounts=null, authorities=[com.cash_flow_app.apicashflow.entities_repositories_and_services.base.authority.Authority#9aaf7d40-45f6-4ab6-90a9-a23f4c1b5f2f, com.cash_flow_app.apicashflow.entities_repositories_and_services.base.authority.Authority#b14a62f4-d04f-422a-a2a3-1f80e2635352, com.cash_flow_app.apicashflow.entities_repositories_and_services.base.authority.Authority#363894b3-8bdc-4764-ad13-d91f872e1a95, com.cash_flow_app.apicashflow.entities_repositories_and_services.base.authority.Authority#f4f135be-a2b5-48d1-a9d0-2b14e82cc373, com.cash_flow_app.apicashflow.entities_repositories_and_services.base.authority.Authority#35481739-2447-454f-8ec3-daf467bb2ae5], username=usuario_test}
2023-11-28T22:11:57.058-05:00 DEBUG 27472 --- [           main] org.hibernate.engine.spi.ActionQueue     : Changes must be flushed to space: users
2023-11-28T22:11:57.058-05:00 DEBUG 27472 --- [           main] org.hibernate.SQL                        : 
    insert 
    into
        users
        (password, username, id) 
    values
        (?, ?, ?)
2023-11-28T22:11:57.060-05:00 DEBUG 27472 --- [           main] o.h.p.c.AbstractCollectionPersister      : Inserting collection: [com.cash_flow_app.apicashflow.entities_repositories_and_services.base.user.User.authorities#180af810-ac2a-4c97-8d72-5c3a553ece47]
2023-11-28T22:11:57.060-05:00 DEBUG 27472 --- [           main] org.hibernate.SQL                        : 
    insert 
    into
        user_authority
        (user_id, authority_id) 
    values
        (?, ?)
2023-11-28T22:11:57.060-05:00 DEBUG 27472 --- [           main] org.hibernate.SQL                        : 
    insert 
    into
        user_authority
        (user_id, authority_id) 
    values
        (?, ?)
2023-11-28T22:11:57.071-05:00 DEBUG 27472 --- [           main] org.hibernate.SQL                        : 
    insert 
    into
        user_authority
        (user_id, authority_id) 
    values
        (?, ?)
2023-11-28T22:11:57.071-05:00 DEBUG 27472 --- [           main] org.hibernate.SQL                        : 
    insert 
    into
        user_authority
        (user_id, authority_id) 
    values
        (?, ?)
2023-11-28T22:11:57.071-05:00 DEBUG 27472 --- [           main] org.hibernate.SQL                        : 
    insert 
    into
        user_authority
        (user_id, authority_id) 
    values
        (?, ?)
2023-11-28T22:11:57.071-05:00 DEBUG 27472 --- [           main] o.h.p.c.AbstractCollectionPersister      : Done inserting collection: 5 rows inserted
2023-11-28T22:11:57.071-05:00 DEBUG 27472 --- [           main] org.hibernate.orm.sql.exec               : Skipping reading Query result cache data: cache-enabled = false, cache-mode = NORMAL
2023-11-28T22:11:57.071-05:00 DEBUG 27472 --- [           main] org.hibernate.orm.results                : Initializer list
2023-11-28T22:11:57.071-05:00 DEBUG 27472 --- [           main] org.hibernate.orm.results                :     com.cash_flow_app.apicashflow.entities_repositories_and_services.base.user.User(35202153502500).accounts -> SelectEagerCollectionInitializer(com.cash_flow_app.apicashflow.entities_repositories_and_services.base.user.User(35202153502500).accounts)@406477119 (PluralAttribute(com.cash_flow_app.apicashflow.entities_repositories_and_services.base.user.User.accounts))
2023-11-28T22:11:57.071-05:00 DEBUG 27472 --- [           main] org.hibernate.orm.results                :     com.cash_flow_app.apicashflow.entities_repositories_and_services.base.user.User(35202153502500).authorities -> SelectEagerCollectionInitializer(com.cash_flow_app.apicashflow.entities_repositories_and_services.base.user.User(35202153502500).authorities)@433133781 (PluralAttribute(com.cash_flow_app.apicashflow.entities_repositories_and_services.base.user.User.authorities))
2023-11-28T22:11:57.071-05:00 DEBUG 27472 --- [           main] org.hibernate.orm.results                :     com.cash_flow_app.apicashflow.entities_repositories_and_services.base.user.User(35202153502500) -> EntityResultInitializer(com.cash_flow_app.apicashflow.entities_repositories_and_services.base.user.User(35202153502500))@2044438780 (SingleTableEntityPersister(com.cash_flow_app.apicashflow.entities_repositories_and_services.base.user.User))
2023-11-28T22:11:57.071-05:00 DEBUG 27472 --- [           main] org.hibernate.SQL                        : 
    select
        u1_0.id,
        u1_0.password,
        u1_0.username 
    from
        users u1_0 
    where
        u1_0.username=?
2023-11-28T22:11:57.072-05:00 DEBUG 27472 --- [           main] org.hibernate.orm.results                : Extracted JDBC value [0] - [180af810-ac2a-4c97-8d72-5c3a553ece47]
2023-11-28T22:11:57.072-05:00 DEBUG 27472 --- [           main] o.hibernate.orm.results.loading.entity   : (EntityResultInitializer) Hydrated EntityKey (com.cash_flow_app.apicashflow.entities_repositories_and_services.base.user.User(35202153502500)): 180af810-ac2a-4c97-8d72-5c3a553ece47
2023-11-28T22:11:57.072-05:00 DEBUG 27472 --- [           main] o.h.o.r.l.o.h.o.r.loading.collection     : (DelayedCollectionInitializer) Current row collection key : com.cash_flow_app.apicashflow.entities_repositories_and_services.base.user.User(35202153502500).accounts#180af810-ac2a-4c97-8d72-5c3a553ece47
2023-11-28T22:11:57.072-05:00 DEBUG 27472 --- [           main] o.h.o.r.l.o.h.o.r.loading.collection     : (DelayedCollectionInitializer) Current row collection key : com.cash_flow_app.apicashflow.entities_repositories_and_services.base.user.User(35202153502500).authorities#180af810-ac2a-4c97-8d72-5c3a553ece47
2023-11-28T22:11:57.072-05:00 DEBUG 27472 --- [           main] org.hibernate.orm.results.loading        : Calling top-level assembler (0 / 1) : org.hibernate.sql.results.graph.entity.internal.EntityAssembler@4dd139e0
2023-11-28T22:11:57.072-05:00 DEBUG 27472 --- [           main] org.hibernate.orm.results.graph.AST      : DomainResult Graph:
 \-CollectionDomainResult [com.cash_flow_app.apicashflow.entities_repositories_and_services.base.user.User.accounts]

2023-11-28T22:11:57.072-05:00 DEBUG 27472 --- [           main] org.hibernate.orm.sql.ast.tree           : SQL AST Tree:
    SelectStatement {
      FromClause {
        CollectionTableGroup (a1 : com.cash_flow_app.apicashflow.entities_repositories_and_services.base.user.User.accounts) {
          primaryTableReference : user_account as a1_0
          NestedTableGroupJoins {
             join LazyTableGroup (a1 : com.cash_flow_app.apicashflow.entities_repositories_and_services.base.user.User.accounts.{element}) {
              primaryTableReference : accounts as a1_1
            }
          }
        }
      }
    }

2023-11-28T22:11:57.072-05:00 DEBUG 27472 --- [           main] org.hibernate.orm.sql.exec               : Skipping reading Query result cache data: cache-enabled = false, cache-mode = IGNORE
2023-11-28T22:11:57.072-05:00 DEBUG 27472 --- [           main] org.hibernate.orm.results                : Initializer list
2023-11-28T22:11:57.072-05:00 DEBUG 27472 --- [           main] org.hibernate.orm.results                :     com.cash_flow_app.apicashflow.entities_repositories_and_services.base.user.User.accounts.{element}.incomes_expenses -> SelectEagerCollectionInitializer(com.cash_flow_app.apicashflow.entities_repositories_and_services.base.user.User.accounts.{element}.incomes_expenses)@1331901499 (PluralAttribute(com.cash_flow_app.apicashflow.entities_repositories_and_services.base.account.Account.incomes_expenses))
2023-11-28T22:11:57.072-05:00 DEBUG 27472 --- [           main] org.hibernate.orm.results                :     com.cash_flow_app.apicashflow.entities_repositories_and_services.base.user.User.accounts.{element}.users -> SelectEagerCollectionInitializer(com.cash_flow_app.apicashflow.entities_repositories_and_services.base.user.User.accounts.{element}.users)@1305363078 (PluralAttribute(com.cash_flow_app.apicashflow.entities_repositories_and_services.base.account.Account.users))
2023-11-28T22:11:57.072-05:00 DEBUG 27472 --- [           main] org.hibernate.orm.results                :     com.cash_flow_app.apicashflow.entities_repositories_and_services.base.user.User.accounts.{element} -> EntityJoinedFetchInitializer(com.cash_flow_app.apicashflow.entities_repositories_and_services.base.user.User.accounts.{element})@1803688302 (EntityCollectionPart(NavigableRole[com.cash_flow_app.apicashflow.entities_repositories_and_services.base.user.User.accounts#{element}])@624685600)
2023-11-28T22:11:57.072-05:00 DEBUG 27472 --- [           main] org.hibernate.orm.results                :     com.cash_flow_app.apicashflow.entities_repositories_and_services.base.user.User.accounts -> BagInitializer(com.cash_flow_app.apicashflow.entities_repositories_and_services.base.user.User.accounts)@794305479 (PluralAttribute(com.cash_flow_app.apicashflow.entities_repositories_and_services.base.user.User.accounts))
2023-11-28T22:11:57.072-05:00 DEBUG 27472 --- [           main] org.hibernate.SQL                        : 
    select
        a1_0.user_id,
        a1_1.id,
        a1_1.description 
    from
        user_account a1_0 
    join
        accounts a1_1 
            on a1_1.id=a1_0.account_id 
    where
        a1_0.user_id=?
2023-11-28T22:11:57.073-05:00 DEBUG 27472 --- [           main] o.h.sql.results.internal.ResultsHelper   : Collection fully initialized: [com.cash_flow_app.apicashflow.entities_repositories_and_services.base.user.User.accounts#180af810-ac2a-4c97-8d72-5c3a553ece47]
2023-11-28T22:11:57.148-05:00 DEBUG 27472 --- [           main] o.s.s.a.dao.DaoAuthenticationProvider    : Authenticated user

MockHttpServletRequest:
      HTTP Method = POST
      Request URI = /api/v1/user/login
       Parameters = {_csrf=[lAUNiV58xLLiK_qi615zR-DePKgY0s4yMR-NOjue791WY1bb92Y76mdKpdDPG8ma2XNHdYPsEZAo4vcfU3q9Xl2r27s0UGS9]}
          Headers = [Content-Type:"application/json;charset=UTF-8", Content-Length:"52"]
             Body = { "username": "usuario_test", "password": "123456" }
    Session Attrs = {}

Handler:
             Type = null

Async:
    Async started = false
     Async result = null

Resolved Exception:
             Type = null

ModelAndView:
        View name = null
             View = null
            Model = null

FlashMap:
       Attributes = null

MockHttpServletResponse:
           Status = 200
    Error message = null
          Headers = [Vary:"Origin", "Access-Control-Request-Method", "Access-Control-Request-Headers", Authorization:"Bearer eyJhbGciOiJIUzUxMiJ9.eyJzdWIiOiJ1c3VhcmlvX3Rlc3QiLCJleHAiOjE3MDM4MTk1MTd9.AnW1_ycsUW2YBgpJlL4qwryaFClzLF4JuHigFRqWW1ek9QjvLskfAyKnAXHJyZYaOvXFa9PAVKQ-ygMS76Nvdw", Access-Control-Expose-Headers:"Authorization", X-Content-Type-Options:"nosniff", X-XSS-Protection:"0", Cache-Control:"no-cache, no-store, max-age=0, must-revalidate", Pragma:"no-cache", Expires:"0", X-Frame-Options:"DENY"]
     Content type = null
             Body = 
    Forwarded URL = null
   Redirected URL = null
          Cookies = []
2023-11-28T22:11:57.149-05:00 DEBUG 27472 --- [           main] org.springframework.test.context.cache   : Spring test ApplicationContext cache statistics: [DefaultContextCache@8caffbd size = 3, maxSize = 32, parentContextCount = 0, hitCount = 275, missCount = 3]
2023-11-28T22:11:57.150-05:00 DEBUG 27472 --- [           main] o.s.test.util.ReflectionTestUtils        : Invoking method 'getFilters' on target object [FilterChainProxy[Filter Chains: [DefaultSecurityFilterChain [RequestMatcher=any request, Filters=[org.springframework.security.web.session.DisableEncodeUrlFilter@120e3ebb, org.springframework.security.web.session.ForceEagerSessionCreationFilter@753f1c3e, org.springframework.security.web.context.request.async.WebAsyncManagerIntegrationFilter@5e9af5d4, org.springframework.security.web.context.SecurityContextHolderFilter@1d18e5ad, org.springframework.security.web.header.HeaderWriterFilter@73b68d98, org.springframework.web.filter.CorsFilter@7863e6b2, org.springframework.security.web.authentication.logout.LogoutFilter@1e5a8278, JWTAuthorizationFilter(loginService=com.cash_flow_app.apicashflow.entities_repositories_and_services.base.security.LoginService@508b9c16), com.cash_flow_app.apicashflow.entities_repositories_and_services.base.security.JWTAuthenticationFilter@6fd2b939, org.springframework.security.web.savedrequest.RequestCacheAwareFilter@11def039, org.springframework.security.web.servletapi.SecurityContextHolderAwareRequestFilter@564375d7, org.springframework.security.web.authentication.AnonymousAuthenticationFilter@c4aa99e, org.springframework.security.web.session.SessionManagementFilter@69af6978, org.springframework.security.web.access.ExceptionTranslationFilter@4469046b, org.springframework.security.web.access.intercept.AuthorizationFilter@588d2e90]]]]] or target class [null] with arguments {org.springframework.mock.web.MockHttpServletRequest@6dad9f5e}
2023-11-28T22:11:57.150-05:00 DEBUG 27472 --- [           main] o.s.test.util.ReflectionTestUtils        : Invoking method 'getFilters' on target object [FilterChainProxy[Filter Chains: [DefaultSecurityFilterChain [RequestMatcher=any request, Filters=[org.springframework.security.web.session.DisableEncodeUrlFilter@120e3ebb, org.springframework.security.web.session.ForceEagerSessionCreationFilter@753f1c3e, org.springframework.security.web.context.request.async.WebAsyncManagerIntegrationFilter@5e9af5d4, org.springframework.security.web.context.SecurityContextHolderFilter@1d18e5ad, org.springframework.security.web.header.HeaderWriterFilter@73b68d98, org.springframework.web.filter.CorsFilter@7863e6b2, org.springframework.security.web.authentication.logout.LogoutFilter@1e5a8278, JWTAuthorizationFilter(loginService=com.cash_flow_app.apicashflow.entities_repositories_and_services.base.security.LoginService@508b9c16), com.cash_flow_app.apicashflow.entities_repositories_and_services.base.security.JWTAuthenticationFilter@6fd2b939, org.springframework.security.web.savedrequest.RequestCacheAwareFilter@11def039, org.springframework.security.web.servletapi.SecurityContextHolderAwareRequestFilter@564375d7, org.springframework.security.web.authentication.AnonymousAuthenticationFilter@c4aa99e, org.springframework.security.web.session.SessionManagementFilter@69af6978, org.springframework.security.web.access.ExceptionTranslationFilter@4469046b, org.springframework.security.web.access.intercept.AuthorizationFilter@588d2e90]]]]] or target class [null] with arguments {org.springframework.mock.web.MockHttpServletRequest@6dad9f5e}
2023-11-28T22:11:57.150-05:00 DEBUG 27472 --- [           main] o.s.test.util.ReflectionTestUtils        : Invoking method 'getFilters' on target object [FilterChainProxy[Filter Chains: [DefaultSecurityFilterChain [RequestMatcher=any request, Filters=[org.springframework.security.web.session.DisableEncodeUrlFilter@120e3ebb, org.springframework.security.web.session.ForceEagerSessionCreationFilter@753f1c3e, org.springframework.security.web.context.request.async.WebAsyncManagerIntegrationFilter@5e9af5d4, org.springframework.security.web.context.SecurityContextHolderFilter@1d18e5ad, org.springframework.security.web.header.HeaderWriterFilter@73b68d98, org.springframework.web.filter.CorsFilter@7863e6b2, org.springframework.security.web.authentication.logout.LogoutFilter@1e5a8278, JWTAuthorizationFilter(loginService=com.cash_flow_app.apicashflow.entities_repositories_and_services.base.security.LoginService@508b9c16), com.cash_flow_app.apicashflow.entities_repositories_and_services.base.security.JWTAuthenticationFilter@6fd2b939, org.springframework.security.web.savedrequest.RequestCacheAwareFilter@11def039, org.springframework.security.web.servletapi.SecurityContextHolderAwareRequestFilter@564375d7, org.springframework.security.web.authentication.AnonymousAuthenticationFilter@c4aa99e, org.springframework.security.web.session.SessionManagementFilter@69af6978, org.springframework.security.web.access.ExceptionTranslationFilter@4469046b, org.springframework.security.web.access.intercept.AuthorizationFilter@588d2e90]]]]] or target class [null] with arguments {org.springframework.mock.web.MockHttpServletRequest@6dad9f5e}
2023-11-28T22:11:57.150-05:00 DEBUG 27472 --- [           main] o.s.security.web.FilterChainProxy        : Securing POST /api/v1/account/create
2023-11-28T22:11:57.150-05:00 DEBUG 27472 --- [           main] .s.s.w.s.ForceEagerSessionCreationFilter : Created session eagerly
2023-11-28T22:11:57.151-05:00 DEBUG 27472 --- [           main] org.hibernate.orm.sql.ast.create         : Created new SQL alias : u1_0
2023-11-28T22:11:57.151-05:00 DEBUG 27472 --- [           main] org.hibernate.orm.sql.ast.create         : Registration of TableGroup [StandardTableGroup(com.cash_flow_app.apicashflow.entities_repositories_and_services.base.user.User(35202153502500))] with identifierForTableGroup [com.cash_flow_app.apicashflow.entities_repositories_and_services.base.user.User] for NavigablePath [com.cash_flow_app.apicashflow.entities_repositories_and_services.base.user.User] 
2023-11-28T22:11:57.151-05:00 DEBUG 27472 --- [           main] o.h.q.sqm.sql.BaseSqmToSqlAstConverter   : Determining mapping-model type for SqmParameter : org.hibernate.query.sqm.tree.expression.SqmJpaCriteriaParameterWrapper@4d5a21cc
2023-11-28T22:11:57.151-05:00 DEBUG 27472 --- [           main] o.h.q.sqm.sql.BaseSqmToSqlAstConverter   : Determining mapping-model type for SqmPath : SqmBasicValuedSimplePath(com.cash_flow_app.apicashflow.entities_repositories_and_services.base.user.User(35202153502500).username) 
2023-11-28T22:11:57.151-05:00 DEBUG 27472 --- [           main] org.hibernate.orm.results.graph.AST      : DomainResult Graph:
 \-EntityResultImpl [com.cash_flow_app.apicashflow.entities_repositories_and_services.base.user.User(35202153502500)]
 |  +-SelectEagerCollectionFetch [com.cash_flow_app.apicashflow.entities_repositories_and_services.base.user.User(35202153502500).accounts]
 |  +-SelectEagerCollectionFetch [com.cash_flow_app.apicashflow.entities_repositories_and_services.base.user.User(35202153502500).authorities]
 |  +-BasicFetch [com.cash_flow_app.apicashflow.entities_repositories_and_services.base.user.User(35202153502500).password]
 |  \-BasicFetch [com.cash_flow_app.apicashflow.entities_repositories_and_services.base.user.User(35202153502500).username]

2023-11-28T22:11:57.151-05:00 DEBUG 27472 --- [           main] org.hibernate.orm.sql.ast.tree           : SQL AST Tree:
    SelectStatement {
      FromClause {
        StandardTableGroup (u1 : com.cash_flow_app.apicashflow.entities_repositories_and_services.base.user.User(35202153502500)) {
          primaryTableReference : users as u1_0
        }
      }
    }

2023-11-28T22:11:57.151-05:00 DEBUG 27472 --- [           main] o.h.e.i.AbstractFlushingEventListener    : Processing flush-time cascades
2023-11-28T22:11:57.151-05:00 DEBUG 27472 --- [           main] o.h.e.i.AbstractFlushingEventListener    : Dirty checking collections
2023-11-28T22:11:57.151-05:00 DEBUG 27472 --- [           main] o.hibernate.engine.internal.Collections  : Collection found: [com.cash_flow_app.apicashflow.entities_repositories_and_services.base.user.User.authorities#180af810-ac2a-4c97-8d72-5c3a553ece47], was: [com.cash_flow_app.apicashflow.entities_repositories_and_services.base.user.User.authorities#180af810-ac2a-4c97-8d72-5c3a553ece47] (initialized)
2023-11-28T22:11:57.151-05:00 DEBUG 27472 --- [           main] o.hibernate.engine.internal.Collections  : Collection dereferenced: [com.cash_flow_app.apicashflow.entities_repositories_and_services.base.user.User.accounts#180af810-ac2a-4c97-8d72-5c3a553ece47]
2023-11-28T22:11:57.151-05:00 DEBUG 27472 --- [           main] o.h.e.i.AbstractFlushingEventListener    : Flushed: 0 insertions, 0 updates, 0 deletions to 6 objects
2023-11-28T22:11:57.151-05:00 DEBUG 27472 --- [           main] o.h.e.i.AbstractFlushingEventListener    : Flushed: 0 (re)creations, 0 updates, 1 removals to 2 collections
2023-11-28T22:11:57.151-05:00 DEBUG 27472 --- [           main] o.hibernate.internal.util.EntityPrinter  : Listing entities:
2023-11-28T22:11:57.151-05:00 DEBUG 27472 --- [           main] o.hibernate.internal.util.EntityPrinter  : com.cash_flow_app.apicashflow.entities_repositories_and_services.base.authority.Authority{endpoint=User, permission=CREATE, id=f4f135be-a2b5-48d1-a9d0-2b14e82cc373}
2023-11-28T22:11:57.151-05:00 DEBUG 27472 --- [           main] o.hibernate.internal.util.EntityPrinter  : com.cash_flow_app.apicashflow.entities_repositories_and_services.base.authority.Authority{endpoint=User, permission=READ, id=35481739-2447-454f-8ec3-daf467bb2ae5}
2023-11-28T22:11:57.151-05:00 DEBUG 27472 --- [           main] o.hibernate.internal.util.EntityPrinter  : com.cash_flow_app.apicashflow.entities_repositories_and_services.base.authority.Authority{endpoint=Account, permission=DELETE, id=363894b3-8bdc-4764-ad13-d91f872e1a95}
2023-11-28T22:11:57.151-05:00 DEBUG 27472 --- [           main] o.hibernate.internal.util.EntityPrinter  : com.cash_flow_app.apicashflow.entities_repositories_and_services.base.authority.Authority{endpoint=Account, permission=CREATE, id=9aaf7d40-45f6-4ab6-90a9-a23f4c1b5f2f}
2023-11-28T22:11:57.152-05:00 DEBUG 27472 --- [           main] o.hibernate.internal.util.EntityPrinter  : com.cash_flow_app.apicashflow.entities_repositories_and_services.base.authority.Authority{endpoint=Account, permission=READ, id=b14a62f4-d04f-422a-a2a3-1f80e2635352}
2023-11-28T22:11:57.152-05:00 DEBUG 27472 --- [           main] o.hibernate.internal.util.EntityPrinter  : com.cash_flow_app.apicashflow.entities_repositories_and_services.base.user.User{password=$2a$10$HRCKNDi7GOgtLipEiS44x.U9BT5F38JcLXAORwQlXRaZ7gWua4bi2, id=180af810-ac2a-4c97-8d72-5c3a553ece47, accounts=null, authorities=[com.cash_flow_app.apicashflow.entities_repositories_and_services.base.authority.Authority#9aaf7d40-45f6-4ab6-90a9-a23f4c1b5f2f, com.cash_flow_app.apicashflow.entities_repositories_and_services.base.authority.Authority#b14a62f4-d04f-422a-a2a3-1f80e2635352, com.cash_flow_app.apicashflow.entities_repositories_and_services.base.authority.Authority#363894b3-8bdc-4764-ad13-d91f872e1a95, com.cash_flow_app.apicashflow.entities_repositories_and_services.base.authority.Authority#f4f135be-a2b5-48d1-a9d0-2b14e82cc373, com.cash_flow_app.apicashflow.entities_repositories_and_services.base.authority.Authority#35481739-2447-454f-8ec3-daf467bb2ae5], username=usuario_test}
2023-11-28T22:11:57.152-05:00 DEBUG 27472 --- [           main] org.hibernate.orm.sql.exec               : Skipping reading Query result cache data: cache-enabled = false, cache-mode = NORMAL
2023-11-28T22:11:57.152-05:00 DEBUG 27472 --- [           main] org.hibernate.orm.results                : Initializer list
2023-11-28T22:11:57.152-05:00 DEBUG 27472 --- [           main] org.hibernate.orm.results                :     com.cash_flow_app.apicashflow.entities_repositories_and_services.base.user.User(35202153502500).accounts -> SelectEagerCollectionInitializer(com.cash_flow_app.apicashflow.entities_repositories_and_services.base.user.User(35202153502500).accounts)@640008652 (PluralAttribute(com.cash_flow_app.apicashflow.entities_repositories_and_services.base.user.User.accounts))
2023-11-28T22:11:57.152-05:00 DEBUG 27472 --- [           main] org.hibernate.orm.results                :     com.cash_flow_app.apicashflow.entities_repositories_and_services.base.user.User(35202153502500).authorities -> SelectEagerCollectionInitializer(com.cash_flow_app.apicashflow.entities_repositories_and_services.base.user.User(35202153502500).authorities)@980275333 (PluralAttribute(com.cash_flow_app.apicashflow.entities_repositories_and_services.base.user.User.authorities))
2023-11-28T22:11:57.152-05:00 DEBUG 27472 --- [           main] org.hibernate.orm.results                :     com.cash_flow_app.apicashflow.entities_repositories_and_services.base.user.User(35202153502500) -> EntityResultInitializer(com.cash_flow_app.apicashflow.entities_repositories_and_services.base.user.User(35202153502500))@89784071 (SingleTableEntityPersister(com.cash_flow_app.apicashflow.entities_repositories_and_services.base.user.User))
2023-11-28T22:11:57.152-05:00 DEBUG 27472 --- [           main] org.hibernate.SQL                        : 
    select
        u1_0.id,
        u1_0.password,
        u1_0.username 
    from
        users u1_0 
    where
        u1_0.username=?
2023-11-28T22:11:57.152-05:00 DEBUG 27472 --- [           main] org.hibernate.orm.results                : Extracted JDBC value [0] - [180af810-ac2a-4c97-8d72-5c3a553ece47]
2023-11-28T22:11:57.152-05:00 DEBUG 27472 --- [           main] o.hibernate.orm.results.loading.entity   : (EntityResultInitializer) Hydrated EntityKey (com.cash_flow_app.apicashflow.entities_repositories_and_services.base.user.User(35202153502500)): 180af810-ac2a-4c97-8d72-5c3a553ece47
2023-11-28T22:11:57.152-05:00 DEBUG 27472 --- [           main] o.h.o.r.l.o.h.o.r.loading.collection     : (DelayedCollectionInitializer) Current row collection key : com.cash_flow_app.apicashflow.entities_repositories_and_services.base.user.User(35202153502500).accounts#180af810-ac2a-4c97-8d72-5c3a553ece47
2023-11-28T22:11:57.152-05:00 DEBUG 27472 --- [           main] o.h.o.r.l.o.h.o.r.loading.collection     : (DelayedCollectionInitializer) Current row collection key : com.cash_flow_app.apicashflow.entities_repositories_and_services.base.user.User(35202153502500).authorities#180af810-ac2a-4c97-8d72-5c3a553ece47
2023-11-28T22:11:57.152-05:00 DEBUG 27472 --- [           main] org.hibernate.orm.results.loading        : Calling top-level assembler (0 / 1) : org.hibernate.sql.results.graph.entity.internal.EntityAssembler@d931617
2023-11-28T22:11:57.152-05:00 DEBUG 27472 --- [           main] .s.ChangeSessionIdAuthenticationStrategy : Changed session id from 22
2023-11-28T22:11:57.152-05:00 DEBUG 27472 --- [           main] w.c.HttpSessionSecurityContextRepository : Stored SecurityContextImpl [Authentication=UsernamePasswordAuthenticationToken [Principal=usuario_test, Credentials=[PROTECTED], Authenticated=true, Details=null, Granted Authorities=[ENDPOINT_ACCOUNT_PERMISSION_CREATE, ENDPOINT_ACCOUNT_PERMISSION_READ, ENDPOINT_ACCOUNT_PERMISSION_DELETE, ENDPOINT_USER_PERMISSION_CREATE, ENDPOINT_USER_PERMISSION_READ]]] to HttpSession [org.springframework.mock.web.MockHttpSession@47786165]
2023-11-28T22:11:57.153-05:00 DEBUG 27472 --- [           main] s.w.s.m.m.a.RequestMappingHandlerMapping : Mapped to com.cash_flow_app.apicashflow.controller.AccountController#create(AccountDto)
2023-11-28T22:11:57.153-05:00 DEBUG 27472 --- [           main] o.s.security.web.FilterChainProxy        : Secured POST /api/v1/account/create
2023-11-28T22:11:57.153-05:00 DEBUG 27472 --- [           main] o.s.t.web.servlet.TestDispatcherServlet  : POST "/api/v1/account/create", parameters={masked}
2023-11-28T22:11:57.153-05:00 DEBUG 27472 --- [           main] s.w.s.m.m.a.RequestMappingHandlerMapping : Mapped to com.cash_flow_app.apicashflow.controller.AccountController#create(AccountDto)
2023-11-28T22:11:57.153-05:00 DEBUG 27472 --- [           main] m.m.a.RequestResponseBodyMethodProcessor : Read "application/json;charset=UTF-8" to [AccountDto(id=null, description=descripcion de cuenta, users=[usuario_test])]
2023-11-28T22:11:57.153-05:00 DEBUG 27472 --- [           main] o.s.orm.jpa.JpaTransactionManager        : Found thread-bound EntityManager [SessionImpl(1135224489<open>)] for JPA transaction
2023-11-28T22:11:57.153-05:00 DEBUG 27472 --- [           main] o.s.orm.jpa.JpaTransactionManager        : Participating in existing transaction
2023-11-28T22:11:57.153-05:00 DEBUG 27472 --- [           main] org.hibernate.orm.sql.ast.create         : Created new SQL alias : u1_0
2023-11-28T22:11:57.153-05:00 DEBUG 27472 --- [           main] org.hibernate.orm.sql.ast.create         : Registration of TableGroup [StandardTableGroup(com.cash_flow_app.apicashflow.entities_repositories_and_services.base.user.User(35202153502500))] with identifierForTableGroup [com.cash_flow_app.apicashflow.entities_repositories_and_services.base.user.User] for NavigablePath [com.cash_flow_app.apicashflow.entities_repositories_and_services.base.user.User] 
2023-11-28T22:11:57.153-05:00 DEBUG 27472 --- [           main] o.h.q.sqm.sql.BaseSqmToSqlAstConverter   : Determining mapping-model type for SqmParameter : org.hibernate.query.sqm.tree.expression.SqmJpaCriteriaParameterWrapper@7aa8801d
2023-11-28T22:11:57.153-05:00 DEBUG 27472 --- [           main] o.h.q.sqm.sql.BaseSqmToSqlAstConverter   : Determining mapping-model type for SqmPath : SqmBasicValuedSimplePath(com.cash_flow_app.apicashflow.entities_repositories_and_services.base.user.User(35202153502500).username) 
2023-11-28T22:11:57.153-05:00 DEBUG 27472 --- [           main] org.hibernate.orm.results.graph.AST      : DomainResult Graph:
 \-EntityResultImpl [com.cash_flow_app.apicashflow.entities_repositories_and_services.base.user.User(35202153502500)]
 |  +-SelectEagerCollectionFetch [com.cash_flow_app.apicashflow.entities_repositories_and_services.base.user.User(35202153502500).accounts]
 |  +-SelectEagerCollectionFetch [com.cash_flow_app.apicashflow.entities_repositories_and_services.base.user.User(35202153502500).authorities]
 |  +-BasicFetch [com.cash_flow_app.apicashflow.entities_repositories_and_services.base.user.User(35202153502500).password]
 |  \-BasicFetch [com.cash_flow_app.apicashflow.entities_repositories_and_services.base.user.User(35202153502500).username]

2023-11-28T22:11:57.153-05:00 DEBUG 27472 --- [           main] org.hibernate.orm.sql.ast.tree           : SQL AST Tree:
    SelectStatement {
      FromClause {
        StandardTableGroup (u1 : com.cash_flow_app.apicashflow.entities_repositories_and_services.base.user.User(35202153502500)) {
          primaryTableReference : users as u1_0
        }
      }
    }

2023-11-28T22:11:57.154-05:00 DEBUG 27472 --- [           main] o.h.e.i.AbstractFlushingEventListener    : Processing flush-time cascades
2023-11-28T22:11:57.154-05:00 DEBUG 27472 --- [           main] o.h.e.i.AbstractFlushingEventListener    : Dirty checking collections
2023-11-28T22:11:57.154-05:00 DEBUG 27472 --- [           main] o.hibernate.engine.internal.Collections  : Collection found: [com.cash_flow_app.apicashflow.entities_repositories_and_services.base.user.User.authorities#180af810-ac2a-4c97-8d72-5c3a553ece47], was: [com.cash_flow_app.apicashflow.entities_repositories_and_services.base.user.User.authorities#180af810-ac2a-4c97-8d72-5c3a553ece47] (initialized)
2023-11-28T22:11:57.154-05:00 DEBUG 27472 --- [           main] o.hibernate.engine.internal.Collections  : Collection dereferenced: [com.cash_flow_app.apicashflow.entities_repositories_and_services.base.user.User.accounts#180af810-ac2a-4c97-8d72-5c3a553ece47]
2023-11-28T22:11:57.154-05:00 DEBUG 27472 --- [           main] o.h.e.i.AbstractFlushingEventListener    : Flushed: 0 insertions, 0 updates, 0 deletions to 6 objects
2023-11-28T22:11:57.154-05:00 DEBUG 27472 --- [           main] o.h.e.i.AbstractFlushingEventListener    : Flushed: 0 (re)creations, 0 updates, 1 removals to 2 collections
2023-11-28T22:11:57.154-05:00 DEBUG 27472 --- [           main] o.hibernate.internal.util.EntityPrinter  : Listing entities:
2023-11-28T22:11:57.154-05:00 DEBUG 27472 --- [           main] o.hibernate.internal.util.EntityPrinter  : com.cash_flow_app.apicashflow.entities_repositories_and_services.base.authority.Authority{endpoint=User, permission=CREATE, id=f4f135be-a2b5-48d1-a9d0-2b14e82cc373}
2023-11-28T22:11:57.154-05:00 DEBUG 27472 --- [           main] o.hibernate.internal.util.EntityPrinter  : com.cash_flow_app.apicashflow.entities_repositories_and_services.base.authority.Authority{endpoint=User, permission=READ, id=35481739-2447-454f-8ec3-daf467bb2ae5}
2023-11-28T22:11:57.154-05:00 DEBUG 27472 --- [           main] o.hibernate.internal.util.EntityPrinter  : com.cash_flow_app.apicashflow.entities_repositories_and_services.base.authority.Authority{endpoint=Account, permission=DELETE, id=363894b3-8bdc-4764-ad13-d91f872e1a95}
2023-11-28T22:11:57.154-05:00 DEBUG 27472 --- [           main] o.hibernate.internal.util.EntityPrinter  : com.cash_flow_app.apicashflow.entities_repositories_and_services.base.authority.Authority{endpoint=Account, permission=CREATE, id=9aaf7d40-45f6-4ab6-90a9-a23f4c1b5f2f}
2023-11-28T22:11:57.154-05:00 DEBUG 27472 --- [           main] o.hibernate.internal.util.EntityPrinter  : com.cash_flow_app.apicashflow.entities_repositories_and_services.base.authority.Authority{endpoint=Account, permission=READ, id=b14a62f4-d04f-422a-a2a3-1f80e2635352}
2023-11-28T22:11:57.154-05:00 DEBUG 27472 --- [           main] o.hibernate.internal.util.EntityPrinter  : com.cash_flow_app.apicashflow.entities_repositories_and_services.base.user.User{password=$2a$10$HRCKNDi7GOgtLipEiS44x.U9BT5F38JcLXAORwQlXRaZ7gWua4bi2, id=180af810-ac2a-4c97-8d72-5c3a553ece47, accounts=null, authorities=[com.cash_flow_app.apicashflow.entities_repositories_and_services.base.authority.Authority#9aaf7d40-45f6-4ab6-90a9-a23f4c1b5f2f, com.cash_flow_app.apicashflow.entities_repositories_and_services.base.authority.Authority#b14a62f4-d04f-422a-a2a3-1f80e2635352, com.cash_flow_app.apicashflow.entities_repositories_and_services.base.authority.Authority#363894b3-8bdc-4764-ad13-d91f872e1a95, com.cash_flow_app.apicashflow.entities_repositories_and_services.base.authority.Authority#f4f135be-a2b5-48d1-a9d0-2b14e82cc373, com.cash_flow_app.apicashflow.entities_repositories_and_services.base.authority.Authority#35481739-2447-454f-8ec3-daf467bb2ae5], username=usuario_test}
2023-11-28T22:11:57.154-05:00 DEBUG 27472 --- [           main] org.hibernate.orm.sql.exec               : Skipping reading Query result cache data: cache-enabled = false, cache-mode = NORMAL
2023-11-28T22:11:57.154-05:00 DEBUG 27472 --- [           main] org.hibernate.orm.results                : Initializer list
2023-11-28T22:11:57.154-05:00 DEBUG 27472 --- [           main] org.hibernate.orm.results                :     com.cash_flow_app.apicashflow.entities_repositories_and_services.base.user.User(35202153502500).accounts -> SelectEagerCollectionInitializer(com.cash_flow_app.apicashflow.entities_repositories_and_services.base.user.User(35202153502500).accounts)@1116508752 (PluralAttribute(com.cash_flow_app.apicashflow.entities_repositories_and_services.base.user.User.accounts))
2023-11-28T22:11:57.154-05:00 DEBUG 27472 --- [           main] org.hibernate.orm.results                :     com.cash_flow_app.apicashflow.entities_repositories_and_services.base.user.User(35202153502500).authorities -> SelectEagerCollectionInitializer(com.cash_flow_app.apicashflow.entities_repositories_and_services.base.user.User(35202153502500).authorities)@2082097780 (PluralAttribute(com.cash_flow_app.apicashflow.entities_repositories_and_services.base.user.User.authorities))
2023-11-28T22:11:57.154-05:00 DEBUG 27472 --- [           main] org.hibernate.orm.results                :     com.cash_flow_app.apicashflow.entities_repositories_and_services.base.user.User(35202153502500) -> EntityResultInitializer(com.cash_flow_app.apicashflow.entities_repositories_and_services.base.user.User(35202153502500))@1180081323 (SingleTableEntityPersister(com.cash_flow_app.apicashflow.entities_repositories_and_services.base.user.User))
2023-11-28T22:11:57.154-05:00 DEBUG 27472 --- [           main] org.hibernate.SQL                        : 
    select
        u1_0.id,
        u1_0.password,
        u1_0.username 
    from
        users u1_0 
    where
        u1_0.username=?
2023-11-28T22:11:57.154-05:00 DEBUG 27472 --- [           main] org.hibernate.orm.results                : Extracted JDBC value [0] - [180af810-ac2a-4c97-8d72-5c3a553ece47]
2023-11-28T22:11:57.154-05:00 DEBUG 27472 --- [           main] o.hibernate.orm.results.loading.entity   : (EntityResultInitializer) Hydrated EntityKey (com.cash_flow_app.apicashflow.entities_repositories_and_services.base.user.User(35202153502500)): 180af810-ac2a-4c97-8d72-5c3a553ece47
2023-11-28T22:11:57.154-05:00 DEBUG 27472 --- [           main] o.h.o.r.l.o.h.o.r.loading.collection     : (DelayedCollectionInitializer) Current row collection key : com.cash_flow_app.apicashflow.entities_repositories_and_services.base.user.User(35202153502500).accounts#180af810-ac2a-4c97-8d72-5c3a553ece47
2023-11-28T22:11:57.154-05:00 DEBUG 27472 --- [           main] o.h.o.r.l.o.h.o.r.loading.collection     : (DelayedCollectionInitializer) Current row collection key : com.cash_flow_app.apicashflow.entities_repositories_and_services.base.user.User(35202153502500).authorities#180af810-ac2a-4c97-8d72-5c3a553ece47
2023-11-28T22:11:57.154-05:00 DEBUG 27472 --- [           main] org.hibernate.orm.results.loading        : Calling top-level assembler (0 / 1) : org.hibernate.sql.results.graph.entity.internal.EntityAssembler@55ecf961
2023-11-28T22:11:57.154-05:00 DEBUG 27472 --- [           main] org.hibernate.orm.sql.ast.create         : Created new SQL alias : u1_0
2023-11-28T22:11:57.155-05:00 DEBUG 27472 --- [           main] org.hibernate.orm.sql.ast.create         : Registration of TableGroup [StandardTableGroup(com.cash_flow_app.apicashflow.entities_repositories_and_services.base.user.User(35202153502500))] with identifierForTableGroup [com.cash_flow_app.apicashflow.entities_repositories_and_services.base.user.User] for NavigablePath [com.cash_flow_app.apicashflow.entities_repositories_and_services.base.user.User] 
2023-11-28T22:11:57.155-05:00 DEBUG 27472 --- [           main] o.h.q.sqm.sql.BaseSqmToSqlAstConverter   : Determining mapping-model type for SqmParameter : org.hibernate.query.sqm.tree.expression.SqmJpaCriteriaParameterWrapper@27ad94b3
2023-11-28T22:11:57.155-05:00 DEBUG 27472 --- [           main] o.h.q.sqm.sql.BaseSqmToSqlAstConverter   : Determining mapping-model type for SqmPath : SqmBasicValuedSimplePath(com.cash_flow_app.apicashflow.entities_repositories_and_services.base.user.User(35202153502500).username) 
2023-11-28T22:11:57.155-05:00 DEBUG 27472 --- [           main] org.hibernate.orm.results.graph.AST      : DomainResult Graph:
 \-EntityResultImpl [com.cash_flow_app.apicashflow.entities_repositories_and_services.base.user.User(35202153502500)]
 |  +-SelectEagerCollectionFetch [com.cash_flow_app.apicashflow.entities_repositories_and_services.base.user.User(35202153502500).accounts]
 |  +-SelectEagerCollectionFetch [com.cash_flow_app.apicashflow.entities_repositories_and_services.base.user.User(35202153502500).authorities]
 |  +-BasicFetch [com.cash_flow_app.apicashflow.entities_repositories_and_services.base.user.User(35202153502500).password]
 |  \-BasicFetch [com.cash_flow_app.apicashflow.entities_repositories_and_services.base.user.User(35202153502500).username]

2023-11-28T22:11:57.155-05:00 DEBUG 27472 --- [           main] org.hibernate.orm.sql.ast.tree           : SQL AST Tree:
    SelectStatement {
      FromClause {
        StandardTableGroup (u1 : com.cash_flow_app.apicashflow.entities_repositories_and_services.base.user.User(35202153502500)) {
          primaryTableReference : users as u1_0
        }
      }
    }

2023-11-28T22:11:57.155-05:00 DEBUG 27472 --- [           main] o.h.e.i.AbstractFlushingEventListener    : Processing flush-time cascades
2023-11-28T22:11:57.155-05:00 DEBUG 27472 --- [           main] o.h.e.i.AbstractFlushingEventListener    : Dirty checking collections
2023-11-28T22:11:57.155-05:00 DEBUG 27472 --- [           main] o.hibernate.engine.internal.Collections  : Collection found: [com.cash_flow_app.apicashflow.entities_repositories_and_services.base.user.User.authorities#180af810-ac2a-4c97-8d72-5c3a553ece47], was: [com.cash_flow_app.apicashflow.entities_repositories_and_services.base.user.User.authorities#180af810-ac2a-4c97-8d72-5c3a553ece47] (initialized)
2023-11-28T22:11:57.155-05:00 DEBUG 27472 --- [           main] o.hibernate.engine.internal.Collections  : Collection dereferenced: [com.cash_flow_app.apicashflow.entities_repositories_and_services.base.user.User.accounts#180af810-ac2a-4c97-8d72-5c3a553ece47]
2023-11-28T22:11:57.155-05:00 DEBUG 27472 --- [           main] o.h.e.i.AbstractFlushingEventListener    : Flushed: 0 insertions, 0 updates, 0 deletions to 6 objects
2023-11-28T22:11:57.155-05:00 DEBUG 27472 --- [           main] o.h.e.i.AbstractFlushingEventListener    : Flushed: 0 (re)creations, 0 updates, 1 removals to 2 collections
2023-11-28T22:11:57.155-05:00 DEBUG 27472 --- [           main] o.hibernate.internal.util.EntityPrinter  : Listing entities:
2023-11-28T22:11:57.155-05:00 DEBUG 27472 --- [           main] o.hibernate.internal.util.EntityPrinter  : com.cash_flow_app.apicashflow.entities_repositories_and_services.base.authority.Authority{endpoint=User, permission=CREATE, id=f4f135be-a2b5-48d1-a9d0-2b14e82cc373}
2023-11-28T22:11:57.155-05:00 DEBUG 27472 --- [           main] o.hibernate.internal.util.EntityPrinter  : com.cash_flow_app.apicashflow.entities_repositories_and_services.base.authority.Authority{endpoint=User, permission=READ, id=35481739-2447-454f-8ec3-daf467bb2ae5}
2023-11-28T22:11:57.155-05:00 DEBUG 27472 --- [           main] o.hibernate.internal.util.EntityPrinter  : com.cash_flow_app.apicashflow.entities_repositories_and_services.base.authority.Authority{endpoint=Account, permission=DELETE, id=363894b3-8bdc-4764-ad13-d91f872e1a95}
2023-11-28T22:11:57.155-05:00 DEBUG 27472 --- [           main] o.hibernate.internal.util.EntityPrinter  : com.cash_flow_app.apicashflow.entities_repositories_and_services.base.authority.Authority{endpoint=Account, permission=CREATE, id=9aaf7d40-45f6-4ab6-90a9-a23f4c1b5f2f}
2023-11-28T22:11:57.155-05:00 DEBUG 27472 --- [           main] o.hibernate.internal.util.EntityPrinter  : com.cash_flow_app.apicashflow.entities_repositories_and_services.base.authority.Authority{endpoint=Account, permission=READ, id=b14a62f4-d04f-422a-a2a3-1f80e2635352}
2023-11-28T22:11:57.155-05:00 DEBUG 27472 --- [           main] o.hibernate.internal.util.EntityPrinter  : com.cash_flow_app.apicashflow.entities_repositories_and_services.base.user.User{password=$2a$10$HRCKNDi7GOgtLipEiS44x.U9BT5F38JcLXAORwQlXRaZ7gWua4bi2, id=180af810-ac2a-4c97-8d72-5c3a553ece47, accounts=null, authorities=[com.cash_flow_app.apicashflow.entities_repositories_and_services.base.authority.Authority#9aaf7d40-45f6-4ab6-90a9-a23f4c1b5f2f, com.cash_flow_app.apicashflow.entities_repositories_and_services.base.authority.Authority#b14a62f4-d04f-422a-a2a3-1f80e2635352, com.cash_flow_app.apicashflow.entities_repositories_and_services.base.authority.Authority#363894b3-8bdc-4764-ad13-d91f872e1a95, com.cash_flow_app.apicashflow.entities_repositories_and_services.base.authority.Authority#f4f135be-a2b5-48d1-a9d0-2b14e82cc373, com.cash_flow_app.apicashflow.entities_repositories_and_services.base.authority.Authority#35481739-2447-454f-8ec3-daf467bb2ae5], username=usuario_test}
2023-11-28T22:11:57.155-05:00 DEBUG 27472 --- [           main] org.hibernate.orm.sql.exec               : Skipping reading Query result cache data: cache-enabled = false, cache-mode = NORMAL
2023-11-28T22:11:57.155-05:00 DEBUG 27472 --- [           main] org.hibernate.orm.results                : Initializer list
2023-11-28T22:11:57.155-05:00 DEBUG 27472 --- [           main] org.hibernate.orm.results                :     com.cash_flow_app.apicashflow.entities_repositories_and_services.base.user.User(35202153502500).accounts -> SelectEagerCollectionInitializer(com.cash_flow_app.apicashflow.entities_repositories_and_services.base.user.User(35202153502500).accounts)@1943663157 (PluralAttribute(com.cash_flow_app.apicashflow.entities_repositories_and_services.base.user.User.accounts))
2023-11-28T22:11:57.155-05:00 DEBUG 27472 --- [           main] org.hibernate.orm.results                :     com.cash_flow_app.apicashflow.entities_repositories_and_services.base.user.User(35202153502500).authorities -> SelectEagerCollectionInitializer(com.cash_flow_app.apicashflow.entities_repositories_and_services.base.user.User(35202153502500).authorities)@949676273 (PluralAttribute(com.cash_flow_app.apicashflow.entities_repositories_and_services.base.user.User.authorities))
2023-11-28T22:11:57.155-05:00 DEBUG 27472 --- [           main] org.hibernate.orm.results                :     com.cash_flow_app.apicashflow.entities_repositories_and_services.base.user.User(35202153502500) -> EntityResultInitializer(com.cash_flow_app.apicashflow.entities_repositories_and_services.base.user.User(35202153502500))@225769102 (SingleTableEntityPersister(com.cash_flow_app.apicashflow.entities_repositories_and_services.base.user.User))
2023-11-28T22:11:57.155-05:00 DEBUG 27472 --- [           main] org.hibernate.SQL                        : 
    select
        u1_0.id,
        u1_0.password,
        u1_0.username 
    from
        users u1_0 
    where
        u1_0.username=?
2023-11-28T22:11:57.155-05:00 DEBUG 27472 --- [           main] org.hibernate.orm.results                : Extracted JDBC value [0] - [180af810-ac2a-4c97-8d72-5c3a553ece47]
2023-11-28T22:11:57.155-05:00 DEBUG 27472 --- [           main] o.hibernate.orm.results.loading.entity   : (EntityResultInitializer) Hydrated EntityKey (com.cash_flow_app.apicashflow.entities_repositories_and_services.base.user.User(35202153502500)): 180af810-ac2a-4c97-8d72-5c3a553ece47
2023-11-28T22:11:57.155-05:00 DEBUG 27472 --- [           main] o.h.o.r.l.o.h.o.r.loading.collection     : (DelayedCollectionInitializer) Current row collection key : com.cash_flow_app.apicashflow.entities_repositories_and_services.base.user.User(35202153502500).accounts#180af810-ac2a-4c97-8d72-5c3a553ece47
2023-11-28T22:11:57.155-05:00 DEBUG 27472 --- [           main] o.h.o.r.l.o.h.o.r.loading.collection     : (DelayedCollectionInitializer) Current row collection key : com.cash_flow_app.apicashflow.entities_repositories_and_services.base.user.User(35202153502500).authorities#180af810-ac2a-4c97-8d72-5c3a553ece47
2023-11-28T22:11:57.155-05:00 DEBUG 27472 --- [           main] org.hibernate.orm.results.loading        : Calling top-level assembler (0 / 1) : org.hibernate.sql.results.graph.entity.internal.EntityAssembler@7eba3b90
2023-11-28T22:11:57.155-05:00 DEBUG 27472 --- [           main] o.s.orm.jpa.JpaTransactionManager        : Found thread-bound EntityManager [SessionImpl(1135224489<open>)] for JPA transaction
2023-11-28T22:11:57.155-05:00 DEBUG 27472 --- [           main] o.s.orm.jpa.JpaTransactionManager        : Participating in existing transaction
2023-11-28T22:11:57.156-05:00 DEBUG 27472 --- [           main] o.h.j.internal.PersistenceUnitUtilImpl   : jakarta.persistence.PersistenceUnitUtil.getIdentifier is only intended to work with enhanced entities (although Hibernate also adapts this support to its proxies); however the passed entity was not enhanced (nor a proxy).. may not be able to read identifier
2023-11-28T22:11:57.156-05:00 DEBUG 27472 --- [           main] o.h.e.i.AbstractSaveEventListener        : Generated identifier: b2a490ad-d1d9-4d31-a7a8-1f4f35e90efa, using strategy: org.hibernate.id.UUIDGenerator
2023-11-28T22:11:57.156-05:00 DEBUG 27472 --- [           main] o.s.w.s.m.m.a.HttpEntityMethodProcessor  : Using 'application/json', given [*/*] and supported [application/json, application/*+json]
2023-11-28T22:11:57.156-05:00 DEBUG 27472 --- [           main] o.s.w.s.m.m.a.HttpEntityMethodProcessor  : Writing [AccountDto(id=b2a490ad-d1d9-4d31-a7a8-1f4f35e90efa, description=descripcion de cuenta, users=[usuari (truncated)...]
2023-11-28T22:11:57.156-05:00 DEBUG 27472 --- [           main] o.s.t.web.servlet.TestDispatcherServlet  : Completed 200 OK
2023-11-28T22:11:57.157-05:00 DEBUG 27472 --- [           main] o.s.test.util.ReflectionTestUtils        : Invoking method 'getFilters' on target object [FilterChainProxy[Filter Chains: [DefaultSecurityFilterChain [RequestMatcher=any request, Filters=[org.springframework.security.web.session.DisableEncodeUrlFilter@120e3ebb, org.springframework.security.web.session.ForceEagerSessionCreationFilter@753f1c3e, org.springframework.security.web.context.request.async.WebAsyncManagerIntegrationFilter@5e9af5d4, org.springframework.security.web.context.SecurityContextHolderFilter@1d18e5ad, org.springframework.security.web.header.HeaderWriterFilter@73b68d98, org.springframework.web.filter.CorsFilter@7863e6b2, org.springframework.security.web.authentication.logout.LogoutFilter@1e5a8278, JWTAuthorizationFilter(loginService=com.cash_flow_app.apicashflow.entities_repositories_and_services.base.security.LoginService@508b9c16), com.cash_flow_app.apicashflow.entities_repositories_and_services.base.security.JWTAuthenticationFilter@6fd2b939, org.springframework.security.web.savedrequest.RequestCacheAwareFilter@11def039, org.springframework.security.web.servletapi.SecurityContextHolderAwareRequestFilter@564375d7, org.springframework.security.web.authentication.AnonymousAuthenticationFilter@c4aa99e, org.springframework.security.web.session.SessionManagementFilter@69af6978, org.springframework.security.web.access.ExceptionTranslationFilter@4469046b, org.springframework.security.web.access.intercept.AuthorizationFilter@588d2e90]]]]] or target class [null] with arguments {org.springframework.mock.web.MockHttpServletRequest@4886b6bd}
2023-11-28T22:11:57.157-05:00 DEBUG 27472 --- [           main] o.s.test.util.ReflectionTestUtils        : Invoking method 'getFilters' on target object [FilterChainProxy[Filter Chains: [DefaultSecurityFilterChain [RequestMatcher=any request, Filters=[org.springframework.security.web.session.DisableEncodeUrlFilter@120e3ebb, org.springframework.security.web.session.ForceEagerSessionCreationFilter@753f1c3e, org.springframework.security.web.context.request.async.WebAsyncManagerIntegrationFilter@5e9af5d4, org.springframework.security.web.context.SecurityContextHolderFilter@1d18e5ad, org.springframework.security.web.header.HeaderWriterFilter@73b68d98, org.springframework.web.filter.CorsFilter@7863e6b2, org.springframework.security.web.authentication.logout.LogoutFilter@1e5a8278, JWTAuthorizationFilter(loginService=com.cash_flow_app.apicashflow.entities_repositories_and_services.base.security.LoginService@508b9c16), com.cash_flow_app.apicashflow.entities_repositories_and_services.base.security.JWTAuthenticationFilter@6fd2b939, org.springframework.security.web.savedrequest.RequestCacheAwareFilter@11def039, org.springframework.security.web.servletapi.SecurityContextHolderAwareRequestFilter@564375d7, org.springframework.security.web.authentication.AnonymousAuthenticationFilter@c4aa99e, org.springframework.security.web.session.SessionManagementFilter@69af6978, org.springframework.security.web.access.ExceptionTranslationFilter@4469046b, org.springframework.security.web.access.intercept.AuthorizationFilter@588d2e90]]]]] or target class [null] with arguments {org.springframework.mock.web.MockHttpServletRequest@4886b6bd}
2023-11-28T22:11:57.157-05:00 DEBUG 27472 --- [           main] o.s.test.util.ReflectionTestUtils        : Invoking method 'getFilters' on target object [FilterChainProxy[Filter Chains: [DefaultSecurityFilterChain [RequestMatcher=any request, Filters=[org.springframework.security.web.session.DisableEncodeUrlFilter@120e3ebb, org.springframework.security.web.session.ForceEagerSessionCreationFilter@753f1c3e, org.springframework.security.web.context.request.async.WebAsyncManagerIntegrationFilter@5e9af5d4, org.springframework.security.web.context.SecurityContextHolderFilter@1d18e5ad, org.springframework.security.web.header.HeaderWriterFilter@73b68d98, org.springframework.web.filter.CorsFilter@7863e6b2, org.springframework.security.web.authentication.logout.LogoutFilter@1e5a8278, JWTAuthorizationFilter(loginService=com.cash_flow_app.apicashflow.entities_repositories_and_services.base.security.LoginService@508b9c16), com.cash_flow_app.apicashflow.entities_repositories_and_services.base.security.JWTAuthenticationFilter@6fd2b939, org.springframework.security.web.savedrequest.RequestCacheAwareFilter@11def039, org.springframework.security.web.servletapi.SecurityContextHolderAwareRequestFilter@564375d7, org.springframework.security.web.authentication.AnonymousAuthenticationFilter@c4aa99e, org.springframework.security.web.session.SessionManagementFilter@69af6978, org.springframework.security.web.access.ExceptionTranslationFilter@4469046b, org.springframework.security.web.access.intercept.AuthorizationFilter@588d2e90]]]]] or target class [null] with arguments {org.springframework.mock.web.MockHttpServletRequest@4886b6bd}
2023-11-28T22:11:57.157-05:00 DEBUG 27472 --- [           main] o.s.security.web.FilterChainProxy        : Securing POST /api/v1/account/create
2023-11-28T22:11:57.157-05:00 DEBUG 27472 --- [           main] .s.s.w.s.ForceEagerSessionCreationFilter : Created session eagerly
2023-11-28T22:11:57.158-05:00 DEBUG 27472 --- [           main] org.hibernate.orm.sql.ast.create         : Created new SQL alias : u1_0
2023-11-28T22:11:57.158-05:00 DEBUG 27472 --- [           main] org.hibernate.orm.sql.ast.create         : Registration of TableGroup [StandardTableGroup(com.cash_flow_app.apicashflow.entities_repositories_and_services.base.user.User(35202153502500))] with identifierForTableGroup [com.cash_flow_app.apicashflow.entities_repositories_and_services.base.user.User] for NavigablePath [com.cash_flow_app.apicashflow.entities_repositories_and_services.base.user.User] 
2023-11-28T22:11:57.158-05:00 DEBUG 27472 --- [           main] o.h.q.sqm.sql.BaseSqmToSqlAstConverter   : Determining mapping-model type for SqmParameter : org.hibernate.query.sqm.tree.expression.SqmJpaCriteriaParameterWrapper@34f14035
2023-11-28T22:11:57.158-05:00 DEBUG 27472 --- [           main] o.h.q.sqm.sql.BaseSqmToSqlAstConverter   : Determining mapping-model type for SqmPath : SqmBasicValuedSimplePath(com.cash_flow_app.apicashflow.entities_repositories_and_services.base.user.User(35202153502500).username) 
2023-11-28T22:11:57.158-05:00 DEBUG 27472 --- [           main] org.hibernate.orm.results.graph.AST      : DomainResult Graph:
 \-EntityResultImpl [com.cash_flow_app.apicashflow.entities_repositories_and_services.base.user.User(35202153502500)]
 |  +-SelectEagerCollectionFetch [com.cash_flow_app.apicashflow.entities_repositories_and_services.base.user.User(35202153502500).accounts]
 |  +-SelectEagerCollectionFetch [com.cash_flow_app.apicashflow.entities_repositories_and_services.base.user.User(35202153502500).authorities]
 |  +-BasicFetch [com.cash_flow_app.apicashflow.entities_repositories_and_services.base.user.User(35202153502500).password]
 |  \-BasicFetch [com.cash_flow_app.apicashflow.entities_repositories_and_services.base.user.User(35202153502500).username]

2023-11-28T22:11:57.158-05:00 DEBUG 27472 --- [           main] org.hibernate.orm.sql.ast.tree           : SQL AST Tree:
    SelectStatement {
      FromClause {
        StandardTableGroup (u1 : com.cash_flow_app.apicashflow.entities_repositories_and_services.base.user.User(35202153502500)) {
          primaryTableReference : users as u1_0
        }
      }
    }

2023-11-28T22:11:57.158-05:00 DEBUG 27472 --- [           main] o.h.e.i.AbstractFlushingEventListener    : Processing flush-time cascades
2023-11-28T22:11:57.158-05:00 DEBUG 27472 --- [           main] o.h.e.i.AbstractFlushingEventListener    : Dirty checking collections
2023-11-28T22:11:57.158-05:00 DEBUG 27472 --- [           main] o.hibernate.engine.internal.Collections  : Collection found: [com.cash_flow_app.apicashflow.entities_repositories_and_services.base.user.User.accounts#180af810-ac2a-4c97-8d72-5c3a553ece47], was: [<unreferenced>] (initialized)
2023-11-28T22:11:57.158-05:00 DEBUG 27472 --- [           main] o.hibernate.engine.internal.Collections  : Collection found: [com.cash_flow_app.apicashflow.entities_repositories_and_services.base.user.User.authorities#180af810-ac2a-4c97-8d72-5c3a553ece47], was: [com.cash_flow_app.apicashflow.entities_repositories_and_services.base.user.User.authorities#180af810-ac2a-4c97-8d72-5c3a553ece47] (initialized)
2023-11-28T22:11:57.158-05:00 DEBUG 27472 --- [           main] o.hibernate.engine.internal.Collections  : Collection found: [com.cash_flow_app.apicashflow.entities_repositories_and_services.base.account.Account.users#b2a490ad-d1d9-4d31-a7a8-1f4f35e90efa], was: [<unreferenced>] (initialized)
2023-11-28T22:11:57.158-05:00 DEBUG 27472 --- [           main] o.hibernate.engine.internal.Collections  : Collection dereferenced: [com.cash_flow_app.apicashflow.entities_repositories_and_services.base.user.User.accounts#180af810-ac2a-4c97-8d72-5c3a553ece47]
2023-11-28T22:11:57.158-05:00 DEBUG 27472 --- [           main] o.h.e.i.AbstractFlushingEventListener    : Flushed: 1 insertions, 1 updates, 0 deletions to 7 objects
2023-11-28T22:11:57.158-05:00 DEBUG 27472 --- [           main] o.h.e.i.AbstractFlushingEventListener    : Flushed: 2 (re)creations, 0 updates, 1 removals to 4 collections
2023-11-28T22:11:57.158-05:00 DEBUG 27472 --- [           main] o.hibernate.internal.util.EntityPrinter  : Listing entities:
2023-11-28T22:11:57.158-05:00 DEBUG 27472 --- [           main] o.hibernate.internal.util.EntityPrinter  : com.cash_flow_app.apicashflow.entities_repositories_and_services.base.authority.Authority{endpoint=User, permission=CREATE, id=f4f135be-a2b5-48d1-a9d0-2b14e82cc373}
2023-11-28T22:11:57.158-05:00 DEBUG 27472 --- [           main] o.hibernate.internal.util.EntityPrinter  : com.cash_flow_app.apicashflow.entities_repositories_and_services.base.authority.Authority{endpoint=User, permission=READ, id=35481739-2447-454f-8ec3-daf467bb2ae5}
2023-11-28T22:11:57.158-05:00 DEBUG 27472 --- [           main] o.hibernate.internal.util.EntityPrinter  : com.cash_flow_app.apicashflow.entities_repositories_and_services.base.authority.Authority{endpoint=Account, permission=DELETE, id=363894b3-8bdc-4764-ad13-d91f872e1a95}
2023-11-28T22:11:57.158-05:00 DEBUG 27472 --- [           main] o.hibernate.internal.util.EntityPrinter  : com.cash_flow_app.apicashflow.entities_repositories_and_services.base.account.Account{incomes_expenses=null, description=descripcion de cuenta, id=b2a490ad-d1d9-4d31-a7a8-1f4f35e90efa, users=[com.cash_flow_app.apicashflow.entities_repositories_and_services.base.user.User#180af810-ac2a-4c97-8d72-5c3a553ece47, com.cash_flow_app.apicashflow.entities_repositories_and_services.base.user.User#180af810-ac2a-4c97-8d72-5c3a553ece47]}
2023-11-28T22:11:57.158-05:00 DEBUG 27472 --- [           main] o.hibernate.internal.util.EntityPrinter  : com.cash_flow_app.apicashflow.entities_repositories_and_services.base.authority.Authority{endpoint=Account, permission=CREATE, id=9aaf7d40-45f6-4ab6-90a9-a23f4c1b5f2f}
2023-11-28T22:11:57.158-05:00 DEBUG 27472 --- [           main] o.hibernate.internal.util.EntityPrinter  : com.cash_flow_app.apicashflow.entities_repositories_and_services.base.authority.Authority{endpoint=Account, permission=READ, id=b14a62f4-d04f-422a-a2a3-1f80e2635352}
2023-11-28T22:11:57.158-05:00 DEBUG 27472 --- [           main] o.hibernate.internal.util.EntityPrinter  : com.cash_flow_app.apicashflow.entities_repositories_and_services.base.user.User{password=$2a$10$HRCKNDi7GOgtLipEiS44x.U9BT5F38JcLXAORwQlXRaZ7gWua4bi2, id=180af810-ac2a-4c97-8d72-5c3a553ece47, accounts=[com.cash_flow_app.apicashflow.entities_repositories_and_services.base.account.Account#b2a490ad-d1d9-4d31-a7a8-1f4f35e90efa, com.cash_flow_app.apicashflow.entities_repositories_and_services.base.account.Account#b2a490ad-d1d9-4d31-a7a8-1f4f35e90efa], authorities=[com.cash_flow_app.apicashflow.entities_repositories_and_services.base.authority.Authority#9aaf7d40-45f6-4ab6-90a9-a23f4c1b5f2f, com.cash_flow_app.apicashflow.entities_repositories_and_services.base.authority.Authority#b14a62f4-d04f-422a-a2a3-1f80e2635352, com.cash_flow_app.apicashflow.entities_repositories_and_services.base.authority.Authority#363894b3-8bdc-4764-ad13-d91f872e1a95, com.cash_flow_app.apicashflow.entities_repositories_and_services.base.authority.Authority#f4f135be-a2b5-48d1-a9d0-2b14e82cc373, com.cash_flow_app.apicashflow.entities_repositories_and_services.base.authority.Authority#35481739-2447-454f-8ec3-daf467bb2ae5], username=usuario_test}
2023-11-28T22:11:57.158-05:00 DEBUG 27472 --- [           main] org.hibernate.engine.spi.ActionQueue     : Changes must be flushed to space: users
2023-11-28T22:11:57.158-05:00 DEBUG 27472 --- [           main] org.hibernate.SQL                        : 
    insert 
    into
        accounts
        (description, id) 
    values
        (?, ?)
2023-11-28T22:11:57.159-05:00 DEBUG 27472 --- [           main] o.h.p.c.AbstractCollectionPersister      : Inserting collection: [com.cash_flow_app.apicashflow.entities_repositories_and_services.base.user.User.accounts#180af810-ac2a-4c97-8d72-5c3a553ece47]
2023-11-28T22:11:57.159-05:00 DEBUG 27472 --- [           main] org.hibernate.SQL                        : 
    insert 
    into
        user_account
        (user_id, account_id) 
    values
        (?, ?)
2023-11-28T22:11:57.159-05:00 DEBUG 27472 --- [           main] org.hibernate.SQL                        : 
    insert 
    into
        user_account
        (user_id, account_id) 
    values
        (?, ?)
2023-11-28T22:11:57.160-05:00 DEBUG 27472 --- [           main] o.h.engine.jdbc.spi.SqlExceptionHelper   : could not execute statement [n/a]

org.postgresql.util.PSQLException: ERROR: duplicate key value violates unique constraint "user_account_pkey"
  Detail: Key (user_id, account_id)=(180af810-ac2a-4c97-8d72-5c3a553ece47, b2a490ad-d1d9-4d31-a7a8-1f4f35e90efa) already exists.
	at org.postgresql.core.v3.QueryExecutorImpl.receiveErrorResponse(QueryExecutorImpl.java:2676) ~[postgresql-42.5.4.jar:42.5.4]
	at org.postgresql.core.v3.QueryExecutorImpl.processResults(QueryExecutorImpl.java:2366) ~[postgresql-42.5.4.jar:42.5.4]
	at org.postgresql.core.v3.QueryExecutorImpl.execute(QueryExecutorImpl.java:356) ~[postgresql-42.5.4.jar:42.5.4]
	at org.postgresql.jdbc.PgStatement.executeInternal(PgStatement.java:496) ~[postgresql-42.5.4.jar:42.5.4]
	at org.postgresql.jdbc.PgStatement.execute(PgStatement.java:413) ~[postgresql-42.5.4.jar:42.5.4]
	at org.postgresql.jdbc.PgPreparedStatement.executeWithFlags(PgPreparedStatement.java:190) ~[postgresql-42.5.4.jar:42.5.4]
	at org.postgresql.jdbc.PgPreparedStatement.executeUpdate(PgPreparedStatement.java:152) ~[postgresql-42.5.4.jar:42.5.4]
	at com.zaxxer.hikari.pool.ProxyPreparedStatement.executeUpdate(ProxyPreparedStatement.java:61) ~[HikariCP-5.0.1.jar:na]
	at com.zaxxer.hikari.pool.HikariProxyPreparedStatement.executeUpdate(HikariProxyPreparedStatement.java) ~[HikariCP-5.0.1.jar:na]
	at org.hibernate.engine.jdbc.internal.ResultSetReturnImpl.executeUpdate(ResultSetReturnImpl.java:197) ~[hibernate-core-6.1.7.Final.jar:6.1.7.Final]
	at org.hibernate.engine.jdbc.batch.internal.NonBatchingBatch.addToBatch(NonBatchingBatch.java:39) ~[hibernate-core-6.1.7.Final.jar:6.1.7.Final]
	at org.hibernate.persister.collection.AbstractCollectionPersister.recreate(AbstractCollectionPersister.java:1478) ~[hibernate-core-6.1.7.Final.jar:6.1.7.Final]
	at org.hibernate.action.internal.CollectionRecreateAction.execute(CollectionRecreateAction.java:47) ~[hibernate-core-6.1.7.Final.jar:6.1.7.Final]
	at org.hibernate.engine.spi.ActionQueue.executeActions(ActionQueue.java:612) ~[hibernate-core-6.1.7.Final.jar:6.1.7.Final]
	at org.hibernate.engine.spi.ActionQueue.lambda$executeActions$1(ActionQueue.java:483) ~[hibernate-core-6.1.7.Final.jar:6.1.7.Final]
	at java.base/java.util.LinkedHashMap.forEach(LinkedHashMap.java:729) ~[na:na]
	at org.hibernate.engine.spi.ActionQueue.executeActions(ActionQueue.java:480) ~[hibernate-core-6.1.7.Final.jar:6.1.7.Final]
	at org.hibernate.event.internal.AbstractFlushingEventListener.performExecutions(AbstractFlushingEventListener.java:329) ~[hibernate-core-6.1.7.Final.jar:6.1.7.Final]
	at org.hibernate.event.internal.DefaultAutoFlushEventListener.onAutoFlush(DefaultAutoFlushEventListener.java:55) ~[hibernate-core-6.1.7.Final.jar:6.1.7.Final]
	at org.hibernate.event.service.internal.EventListenerGroupImpl.fireEventOnEachListener(EventListenerGroupImpl.java:107) ~[hibernate-core-6.1.7.Final.jar:6.1.7.Final]
	at org.hibernate.internal.SessionImpl.autoFlushIfRequired(SessionImpl.java:1388) ~[hibernate-core-6.1.7.Final.jar:6.1.7.Final]
	at org.hibernate.query.sqm.internal.ConcreteSqmSelectQueryPlan.lambda$new$0(ConcreteSqmSelectQueryPlan.java:111) ~[hibernate-core-6.1.7.Final.jar:6.1.7.Final]
	at org.hibernate.query.sqm.internal.ConcreteSqmSelectQueryPlan.withCacheableSqmInterpretation(ConcreteSqmSelectQueryPlan.java:335) ~[hibernate-core-6.1.7.Final.jar:6.1.7.Final]
	at org.hibernate.query.sqm.internal.ConcreteSqmSelectQueryPlan.performList(ConcreteSqmSelectQueryPlan.java:276) ~[hibernate-core-6.1.7.Final.jar:6.1.7.Final]
	at org.hibernate.query.sqm.internal.QuerySqmImpl.doList(QuerySqmImpl.java:571) ~[hibernate-core-6.1.7.Final.jar:6.1.7.Final]
	at org.hibernate.query.spi.AbstractSelectionQuery.list(AbstractSelectionQuery.java:363) ~[hibernate-core-6.1.7.Final.jar:6.1.7.Final]
	at org.hibernate.query.sqm.internal.QuerySqmImpl.list(QuerySqmImpl.java:1073) ~[hibernate-core-6.1.7.Final.jar:6.1.7.Final]
	at org.hibernate.query.spi.AbstractSelectionQuery.getSingleResult(AbstractSelectionQuery.java:457) ~[hibernate-core-6.1.7.Final.jar:6.1.7.Final]
	at org.hibernate.query.sqm.internal.QuerySqmImpl.getSingleResult(QuerySqmImpl.java:1103) ~[hibernate-core-6.1.7.Final.jar:6.1.7.Final]
	at org.springframework.data.jpa.repository.query.JpaQueryExecution$SingleEntityExecution.doExecute(JpaQueryExecution.java:193) ~[spring-data-jpa-3.0.5.jar:3.0.5]
	at org.springframework.data.jpa.repository.query.JpaQueryExecution.execute(JpaQueryExecution.java:90) ~[spring-data-jpa-3.0.5.jar:3.0.5]
	at org.springframework.data.jpa.repository.query.AbstractJpaQuery.doExecute(AbstractJpaQuery.java:148) ~[spring-data-jpa-3.0.5.jar:3.0.5]
	at org.springframework.data.jpa.repository.query.AbstractJpaQuery.execute(AbstractJpaQuery.java:136) ~[spring-data-jpa-3.0.5.jar:3.0.5]
	at org.springframework.data.repository.core.support.RepositoryMethodInvoker.doInvoke(RepositoryMethodInvoker.java:136) ~[spring-data-commons-3.0.5.jar:3.0.5]
	at org.springframework.data.repository.core.support.RepositoryMethodInvoker.invoke(RepositoryMethodInvoker.java:120) ~[spring-data-commons-3.0.5.jar:3.0.5]
	at org.springframework.data.repository.core.support.QueryExecutorMethodInterceptor.doInvoke(QueryExecutorMethodInterceptor.java:164) ~[spring-data-commons-3.0.5.jar:3.0.5]
	at org.springframework.data.repository.core.support.QueryExecutorMethodInterceptor.invoke(QueryExecutorMethodInterceptor.java:143) ~[spring-data-commons-3.0.5.jar:3.0.5]
	at org.springframework.aop.framework.ReflectiveMethodInvocation.proceed(ReflectiveMethodInvocation.java:184) ~[spring-aop-6.0.8.jar:6.0.8]
	at org.springframework.data.projection.DefaultMethodInvokingMethodInterceptor.invoke(DefaultMethodInvokingMethodInterceptor.java:77) ~[spring-data-commons-3.0.5.jar:3.0.5]
	at org.springframework.aop.framework.ReflectiveMethodInvocation.proceed(ReflectiveMethodInvocation.java:184) ~[spring-aop-6.0.8.jar:6.0.8]
	at org.springframework.transaction.interceptor.TransactionInterceptor$1.proceedWithInvocation(TransactionInterceptor.java:123) ~[spring-tx-6.0.8.jar:6.0.8]
	at org.springframework.transaction.interceptor.TransactionAspectSupport.invokeWithinTransaction(TransactionAspectSupport.java:391) ~[spring-tx-6.0.8.jar:6.0.8]
	at org.springframework.transaction.interceptor.TransactionInterceptor.invoke(TransactionInterceptor.java:119) ~[spring-tx-6.0.8.jar:6.0.8]
	at org.springframework.aop.framework.ReflectiveMethodInvocation.proceed(ReflectiveMethodInvocation.java:184) ~[spring-aop-6.0.8.jar:6.0.8]
	at org.springframework.dao.support.PersistenceExceptionTranslationInterceptor.invoke(PersistenceExceptionTranslationInterceptor.java:137) ~[spring-tx-6.0.8.jar:6.0.8]
	at org.springframework.aop.framework.ReflectiveMethodInvocation.proceed(ReflectiveMethodInvocation.java:184) ~[spring-aop-6.0.8.jar:6.0.8]
	at org.springframework.data.jpa.repository.support.CrudMethodMetadataPostProcessor$CrudMethodMetadataPopulatingMethodInterceptor.invoke(CrudMethodMetadataPostProcessor.java:134) ~[spring-data-jpa-3.0.5.jar:3.0.5]
	at org.springframework.aop.framework.ReflectiveMethodInvocation.proceed(ReflectiveMethodInvocation.java:184) ~[spring-aop-6.0.8.jar:6.0.8]
	at org.springframework.aop.interceptor.ExposeInvocationInterceptor.invoke(ExposeInvocationInterceptor.java:97) ~[spring-aop-6.0.8.jar:6.0.8]
	at org.springframework.aop.framework.ReflectiveMethodInvocation.proceed(ReflectiveMethodInvocation.java:184) ~[spring-aop-6.0.8.jar:6.0.8]
	at org.springframework.aop.framework.JdkDynamicAopProxy.invoke(JdkDynamicAopProxy.java:223) ~[spring-aop-6.0.8.jar:6.0.8]
	at jdk.proxy2/jdk.proxy2.$Proxy148.findByUsername(Unknown Source) ~[na:na]
	at com.cash_flow_app.apicashflow.entities_repositories_and_services.base.user.UserService.findByUsername(UserService.java:56) ~[classes/:na]
	at com.cash_flow_app.apicashflow.entities_repositories_and_services.base.security.LoginService.loadUserByUsername(LoginService.java:18) ~[classes/:na]
	at com.cash_flow_app.apicashflow.utils.TokenUtils.getAuthentication(TokenUtils.java:40) ~[classes/:na]
	at com.cash_flow_app.apicashflow.entities_repositories_and_services.base.security.JWTAuthorizationFilter.doFilterInternal(JWTAuthorizationFilter.java:27) ~[classes/:na]
	at org.springframework.web.filter.OncePerRequestFilter.doFilter(OncePerRequestFilter.java:116) ~[spring-web-6.0.8.jar:6.0.8]
	at org.springframework.security.web.ObservationFilterChainDecorator$ObservationFilter.wrapFilter(ObservationFilterChainDecorator.java:185) ~[spring-security-web-6.0.3.jar:6.0.3]
	at org.springframework.security.web.ObservationFilterChainDecorator$ObservationFilter.doFilter(ObservationFilterChainDecorator.java:172) ~[spring-security-web-6.0.3.jar:6.0.3]
	at org.springframework.security.web.ObservationFilterChainDecorator$VirtualFilterChain.doFilter(ObservationFilterChainDecorator.java:133) ~[spring-security-web-6.0.3.jar:6.0.3]
	at org.springframework.security.web.authentication.logout.LogoutFilter.doFilter(LogoutFilter.java:107) ~[spring-security-web-6.0.3.jar:6.0.3]
	at org.springframework.security.web.authentication.logout.LogoutFilter.doFilter(LogoutFilter.java:93) ~[spring-security-web-6.0.3.jar:6.0.3]
	at org.springframework.security.web.ObservationFilterChainDecorator$ObservationFilter.wrapFilter(ObservationFilterChainDecorator.java:185) ~[spring-security-web-6.0.3.jar:6.0.3]
	at org.springframework.security.web.ObservationFilterChainDecorator$ObservationFilter.doFilter(ObservationFilterChainDecorator.java:172) ~[spring-security-web-6.0.3.jar:6.0.3]
	at org.springframework.security.web.ObservationFilterChainDecorator$VirtualFilterChain.doFilter(ObservationFilterChainDecorator.java:133) ~[spring-security-web-6.0.3.jar:6.0.3]
	at org.springframework.web.filter.CorsFilter.doFilterInternal(CorsFilter.java:91) ~[spring-web-6.0.8.jar:6.0.8]
	at org.springframework.web.filter.OncePerRequestFilter.doFilter(OncePerRequestFilter.java:116) ~[spring-web-6.0.8.jar:6.0.8]
	at org.springframework.security.web.ObservationFilterChainDecorator$ObservationFilter.wrapFilter(ObservationFilterChainDecorator.java:185) ~[spring-security-web-6.0.3.jar:6.0.3]
	at org.springframework.security.web.ObservationFilterChainDecorator$ObservationFilter.doFilter(ObservationFilterChainDecorator.java:172) ~[spring-security-web-6.0.3.jar:6.0.3]
	at org.springframework.security.web.ObservationFilterChainDecorator$VirtualFilterChain.doFilter(ObservationFilterChainDecorator.java:133) ~[spring-security-web-6.0.3.jar:6.0.3]
	at org.springframework.security.web.header.HeaderWriterFilter.doHeadersAfter(HeaderWriterFilter.java:90) ~[spring-security-web-6.0.3.jar:6.0.3]
	at org.springframework.security.web.header.HeaderWriterFilter.doFilterInternal(HeaderWriterFilter.java:75) ~[spring-security-web-6.0.3.jar:6.0.3]
	at org.springframework.web.filter.OncePerRequestFilter.doFilter(OncePerRequestFilter.java:116) ~[spring-web-6.0.8.jar:6.0.8]
	at org.springframework.security.web.ObservationFilterChainDecorator$ObservationFilter.wrapFilter(ObservationFilterChainDecorator.java:185) ~[spring-security-web-6.0.3.jar:6.0.3]
	at org.springframework.security.web.ObservationFilterChainDecorator$ObservationFilter.doFilter(ObservationFilterChainDecorator.java:172) ~[spring-security-web-6.0.3.jar:6.0.3]
	at org.springframework.security.web.ObservationFilterChainDecorator$VirtualFilterChain.doFilter(ObservationFilterChainDecorator.java:133) ~[spring-security-web-6.0.3.jar:6.0.3]
	at org.springframework.security.web.context.SecurityContextHolderFilter.doFilter(SecurityContextHolderFilter.java:82) ~[spring-security-web-6.0.3.jar:6.0.3]
	at org.springframework.security.web.context.SecurityContextHolderFilter.doFilter(SecurityContextHolderFilter.java:69) ~[spring-security-web-6.0.3.jar:6.0.3]
	at org.springframework.security.web.ObservationFilterChainDecorator$ObservationFilter.wrapFilter(ObservationFilterChainDecorator.java:185) ~[spring-security-web-6.0.3.jar:6.0.3]
	at org.springframework.security.web.ObservationFilterChainDecorator$ObservationFilter.doFilter(ObservationFilterChainDecorator.java:172) ~[spring-security-web-6.0.3.jar:6.0.3]
	at org.springframework.security.web.ObservationFilterChainDecorator$VirtualFilterChain.doFilter(ObservationFilterChainDecorator.java:133) ~[spring-security-web-6.0.3.jar:6.0.3]
	at org.springframework.security.web.context.request.async.WebAsyncManagerIntegrationFilter.doFilterInternal(WebAsyncManagerIntegrationFilter.java:62) ~[spring-security-web-6.0.3.jar:6.0.3]
	at org.springframework.web.filter.OncePerRequestFilter.doFilter(OncePerRequestFilter.java:116) ~[spring-web-6.0.8.jar:6.0.8]
	at org.springframework.security.web.ObservationFilterChainDecorator$ObservationFilter.wrapFilter(ObservationFilterChainDecorator.java:185) ~[spring-security-web-6.0.3.jar:6.0.3]
	at org.springframework.security.web.ObservationFilterChainDecorator$ObservationFilter.doFilter(ObservationFilterChainDecorator.java:172) ~[spring-security-web-6.0.3.jar:6.0.3]
	at org.springframework.security.web.ObservationFilterChainDecorator$VirtualFilterChain.doFilter(ObservationFilterChainDecorator.java:133) ~[spring-security-web-6.0.3.jar:6.0.3]
	at org.springframework.security.web.session.ForceEagerSessionCreationFilter.doFilterInternal(ForceEagerSessionCreationFilter.java:45) ~[spring-security-web-6.0.3.jar:6.0.3]
	at org.springframework.web.filter.OncePerRequestFilter.doFilter(OncePerRequestFilter.java:116) ~[spring-web-6.0.8.jar:6.0.8]
	at org.springframework.security.web.ObservationFilterChainDecorator$ObservationFilter.wrapFilter(ObservationFilterChainDecorator.java:185) ~[spring-security-web-6.0.3.jar:6.0.3]
	at org.springframework.security.web.ObservationFilterChainDecorator$ObservationFilter.doFilter(ObservationFilterChainDecorator.java:172) ~[spring-security-web-6.0.3.jar:6.0.3]
	at org.springframework.security.web.ObservationFilterChainDecorator$VirtualFilterChain.doFilter(ObservationFilterChainDecorator.java:133) ~[spring-security-web-6.0.3.jar:6.0.3]
	at org.springframework.security.web.session.DisableEncodeUrlFilter.doFilterInternal(DisableEncodeUrlFilter.java:42) ~[spring-security-web-6.0.3.jar:6.0.3]
	at org.springframework.web.filter.OncePerRequestFilter.doFilter(OncePerRequestFilter.java:116) ~[spring-web-6.0.8.jar:6.0.8]
	at org.springframework.security.web.ObservationFilterChainDecorator$ObservationFilter.wrapFilter(ObservationFilterChainDecorator.java:185) ~[spring-security-web-6.0.3.jar:6.0.3]
	at org.springframework.security.web.ObservationFilterChainDecorator$AroundFilterObservation$SimpleAroundFilterObservation.lambda$wrap$0(ObservationFilterChainDecorator.java:268) ~[spring-security-web-6.0.3.jar:6.0.3]
	at org.springframework.security.web.ObservationFilterChainDecorator$ObservationFilter.doFilter(ObservationFilterChainDecorator.java:169) ~[spring-security-web-6.0.3.jar:6.0.3]
	at org.springframework.security.web.ObservationFilterChainDecorator$VirtualFilterChain.doFilter(ObservationFilterChainDecorator.java:133) ~[spring-security-web-6.0.3.jar:6.0.3]
	at org.springframework.security.web.FilterChainProxy.doFilterInternal(FilterChainProxy.java:233) ~[spring-security-web-6.0.3.jar:6.0.3]
	at org.springframework.security.web.FilterChainProxy.doFilter(FilterChainProxy.java:191) ~[spring-security-web-6.0.3.jar:6.0.3]
	at org.springframework.web.filter.DelegatingFilterProxy.invokeDelegate(DelegatingFilterProxy.java:352) ~[spring-web-6.0.8.jar:6.0.8]
	at org.springframework.web.filter.DelegatingFilterProxy.doFilter(DelegatingFilterProxy.java:268) ~[spring-web-6.0.8.jar:6.0.8]
	at org.springframework.mock.web.MockFilterChain.doFilter(MockFilterChain.java:132) ~[spring-test-6.0.8.jar:6.0.8]
	at org.springframework.web.filter.RequestContextFilter.doFilterInternal(RequestContextFilter.java:100) ~[spring-web-6.0.8.jar:6.0.8]
	at org.springframework.web.filter.OncePerRequestFilter.doFilter(OncePerRequestFilter.java:116) ~[spring-web-6.0.8.jar:6.0.8]
	at org.springframework.mock.web.MockFilterChain.doFilter(MockFilterChain.java:132) ~[spring-test-6.0.8.jar:6.0.8]
	at org.springframework.web.filter.FormContentFilter.doFilterInternal(FormContentFilter.java:93) ~[spring-web-6.0.8.jar:6.0.8]
	at org.springframework.web.filter.OncePerRequestFilter.doFilter(OncePerRequestFilter.java:116) ~[spring-web-6.0.8.jar:6.0.8]
	at org.springframework.mock.web.MockFilterChain.doFilter(MockFilterChain.java:132) ~[spring-test-6.0.8.jar:6.0.8]
	at org.springframework.web.filter.ServerHttpObservationFilter.doFilterInternal(ServerHttpObservationFilter.java:109) ~[spring-web-6.0.8.jar:6.0.8]
	at org.springframework.web.filter.OncePerRequestFilter.doFilter(OncePerRequestFilter.java:116) ~[spring-web-6.0.8.jar:6.0.8]
	at org.springframework.mock.web.MockFilterChain.doFilter(MockFilterChain.java:132) ~[spring-test-6.0.8.jar:6.0.8]
	at org.springframework.web.filter.CharacterEncodingFilter.doFilterInternal(CharacterEncodingFilter.java:201) ~[spring-web-6.0.8.jar:6.0.8]
	at org.springframework.web.filter.OncePerRequestFilter.doFilter(OncePerRequestFilter.java:116) ~[spring-web-6.0.8.jar:6.0.8]
	at org.springframework.mock.web.MockFilterChain.doFilter(MockFilterChain.java:132) ~[spring-test-6.0.8.jar:6.0.8]
	at org.springframework.test.web.servlet.MockMvc.perform(MockMvc.java:201) ~[spring-test-6.0.8.jar:6.0.8]
	at com.cash_flow_app.apicashflow.controller.AccountControllerTest.createAccountResult(AccountControllerTest.java:197) ~[test-classes/:na]
	at com.cash_flow_app.apicashflow.controller.AccountControllerTest.getAllByCurrentUser(AccountControllerTest.java:150) ~[test-classes/:na]
	at java.base/jdk.internal.reflect.DirectMethodHandleAccessor.invoke(DirectMethodHandleAccessor.java:104) ~[na:na]
	at java.base/java.lang.reflect.Method.invoke(Method.java:578) ~[na:na]
	at org.junit.platform.commons.util.ReflectionUtils.invokeMethod(ReflectionUtils.java:727) ~[junit-platform-commons-1.9.2.jar:1.9.2]
	at org.junit.jupiter.engine.execution.MethodInvocation.proceed(MethodInvocation.java:60) ~[junit-jupiter-engine-5.9.2.jar:5.9.2]
	at org.junit.jupiter.engine.execution.InvocationInterceptorChain$ValidatingInvocation.proceed(InvocationInterceptorChain.java:131) ~[junit-jupiter-engine-5.9.2.jar:5.9.2]
	at org.junit.jupiter.engine.extension.TimeoutExtension.intercept(TimeoutExtension.java:156) ~[junit-jupiter-engine-5.9.2.jar:5.9.2]
	at org.junit.jupiter.engine.extension.TimeoutExtension.interceptTestableMethod(TimeoutExtension.java:147) ~[junit-jupiter-engine-5.9.2.jar:5.9.2]
	at org.junit.jupiter.engine.extension.TimeoutExtension.interceptTestMethod(TimeoutExtension.java:86) ~[junit-jupiter-engine-5.9.2.jar:5.9.2]
	at org.junit.jupiter.engine.execution.InterceptingExecutableInvoker$ReflectiveInterceptorCall.lambda$ofVoidMethod$0(InterceptingExecutableInvoker.java:103) ~[junit-jupiter-engine-5.9.2.jar:5.9.2]
	at org.junit.jupiter.engine.execution.InterceptingExecutableInvoker.lambda$invoke$0(InterceptingExecutableInvoker.java:93) ~[junit-jupiter-engine-5.9.2.jar:5.9.2]
	at org.junit.jupiter.engine.execution.InvocationInterceptorChain$InterceptedInvocation.proceed(InvocationInterceptorChain.java:106) ~[junit-jupiter-engine-5.9.2.jar:5.9.2]
	at org.junit.jupiter.engine.execution.InvocationInterceptorChain.proceed(InvocationInterceptorChain.java:64) ~[junit-jupiter-engine-5.9.2.jar:5.9.2]
	at org.junit.jupiter.engine.execution.InvocationInterceptorChain.chainAndInvoke(InvocationInterceptorChain.java:45) ~[junit-jupiter-engine-5.9.2.jar:5.9.2]
	at org.junit.jupiter.engine.execution.InvocationInterceptorChain.invoke(InvocationInterceptorChain.java:37) ~[junit-jupiter-engine-5.9.2.jar:5.9.2]
	at org.junit.jupiter.engine.execution.InterceptingExecutableInvoker.invoke(InterceptingExecutableInvoker.java:92) ~[junit-jupiter-engine-5.9.2.jar:5.9.2]
	at org.junit.jupiter.engine.execution.InterceptingExecutableInvoker.invoke(InterceptingExecutableInvoker.java:86) ~[junit-jupiter-engine-5.9.2.jar:5.9.2]
	at org.junit.jupiter.engine.descriptor.TestMethodTestDescriptor.lambda$invokeTestMethod$7(TestMethodTestDescriptor.java:217) ~[junit-jupiter-engine-5.9.2.jar:5.9.2]
	at org.junit.platform.engine.support.hierarchical.ThrowableCollector.execute(ThrowableCollector.java:73) ~[junit-platform-engine-1.9.2.jar:1.9.2]
	at org.junit.jupiter.engine.descriptor.TestMethodTestDescriptor.invokeTestMethod(TestMethodTestDescriptor.java:213) ~[junit-jupiter-engine-5.9.2.jar:5.9.2]
	at org.junit.jupiter.engine.descriptor.TestMethodTestDescriptor.execute(TestMethodTestDescriptor.java:138) ~[junit-jupiter-engine-5.9.2.jar:5.9.2]
	at org.junit.jupiter.engine.descriptor.TestMethodTestDescriptor.execute(TestMethodTestDescriptor.java:68) ~[junit-jupiter-engine-5.9.2.jar:5.9.2]
	at org.junit.platform.engine.support.hierarchical.NodeTestTask.lambda$executeRecursively$6(NodeTestTask.java:151) ~[junit-platform-engine-1.9.2.jar:1.9.2]
	at org.junit.platform.engine.support.hierarchical.ThrowableCollector.execute(ThrowableCollector.java:73) ~[junit-platform-engine-1.9.2.jar:1.9.2]
	at org.junit.platform.engine.support.hierarchical.NodeTestTask.lambda$executeRecursively$8(NodeTestTask.java:141) ~[junit-platform-engine-1.9.2.jar:1.9.2]
	at org.junit.platform.engine.support.hierarchical.Node.around(Node.java:137) ~[junit-platform-engine-1.9.2.jar:1.9.2]
	at org.junit.platform.engine.support.hierarchical.NodeTestTask.lambda$executeRecursively$9(NodeTestTask.java:139) ~[junit-platform-engine-1.9.2.jar:1.9.2]
	at org.junit.platform.engine.support.hierarchical.ThrowableCollector.execute(ThrowableCollector.java:73) ~[junit-platform-engine-1.9.2.jar:1.9.2]
	at org.junit.platform.engine.support.hierarchical.NodeTestTask.executeRecursively(NodeTestTask.java:138) ~[junit-platform-engine-1.9.2.jar:1.9.2]
	at org.junit.platform.engine.support.hierarchical.NodeTestTask.execute(NodeTestTask.java:95) ~[junit-platform-engine-1.9.2.jar:1.9.2]
	at java.base/java.util.ArrayList.forEach(ArrayList.java:1511) ~[na:na]
	at org.junit.platform.engine.support.hierarchical.SameThreadHierarchicalTestExecutorService.invokeAll(SameThreadHierarchicalTestExecutorService.java:41) ~[junit-platform-engine-1.9.2.jar:1.9.2]
	at org.junit.platform.engine.support.hierarchical.NodeTestTask.lambda$executeRecursively$6(NodeTestTask.java:155) ~[junit-platform-engine-1.9.2.jar:1.9.2]
	at org.junit.platform.engine.support.hierarchical.ThrowableCollector.execute(ThrowableCollector.java:73) ~[junit-platform-engine-1.9.2.jar:1.9.2]
	at org.junit.platform.engine.support.hierarchical.NodeTestTask.lambda$executeRecursively$8(NodeTestTask.java:141) ~[junit-platform-engine-1.9.2.jar:1.9.2]
	at org.junit.platform.engine.support.hierarchical.Node.around(Node.java:137) ~[junit-platform-engine-1.9.2.jar:1.9.2]
	at org.junit.platform.engine.support.hierarchical.NodeTestTask.lambda$executeRecursively$9(NodeTestTask.java:139) ~[junit-platform-engine-1.9.2.jar:1.9.2]
	at org.junit.platform.engine.support.hierarchical.ThrowableCollector.execute(ThrowableCollector.java:73) ~[junit-platform-engine-1.9.2.jar:1.9.2]
	at org.junit.platform.engine.support.hierarchical.NodeTestTask.executeRecursively(NodeTestTask.java:138) ~[junit-platform-engine-1.9.2.jar:1.9.2]
	at org.junit.platform.engine.support.hierarchical.NodeTestTask.execute(NodeTestTask.java:95) ~[junit-platform-engine-1.9.2.jar:1.9.2]
	at java.base/java.util.ArrayList.forEach(ArrayList.java:1511) ~[na:na]
	at org.junit.platform.engine.support.hierarchical.SameThreadHierarchicalTestExecutorService.invokeAll(SameThreadHierarchicalTestExecutorService.java:41) ~[junit-platform-engine-1.9.2.jar:1.9.2]
	at org.junit.platform.engine.support.hierarchical.NodeTestTask.lambda$executeRecursively$6(NodeTestTask.java:155) ~[junit-platform-engine-1.9.2.jar:1.9.2]
	at org.junit.platform.engine.support.hierarchical.ThrowableCollector.execute(ThrowableCollector.java:73) ~[junit-platform-engine-1.9.2.jar:1.9.2]
	at org.junit.platform.engine.support.hierarchical.NodeTestTask.lambda$executeRecursively$8(NodeTestTask.java:141) ~[junit-platform-engine-1.9.2.jar:1.9.2]
	at org.junit.platform.engine.support.hierarchical.Node.around(Node.java:137) ~[junit-platform-engine-1.9.2.jar:1.9.2]
	at org.junit.platform.engine.support.hierarchical.NodeTestTask.lambda$executeRecursively$9(NodeTestTask.java:139) ~[junit-platform-engine-1.9.2.jar:1.9.2]
	at org.junit.platform.engine.support.hierarchical.ThrowableCollector.execute(ThrowableCollector.java:73) ~[junit-platform-engine-1.9.2.jar:1.9.2]
	at org.junit.platform.engine.support.hierarchical.NodeTestTask.executeRecursively(NodeTestTask.java:138) ~[junit-platform-engine-1.9.2.jar:1.9.2]
	at org.junit.platform.engine.support.hierarchical.NodeTestTask.execute(NodeTestTask.java:95) ~[junit-platform-engine-1.9.2.jar:1.9.2]
	at org.junit.platform.engine.support.hierarchical.SameThreadHierarchicalTestExecutorService.submit(SameThreadHierarchicalTestExecutorService.java:35) ~[junit-platform-engine-1.9.2.jar:1.9.2]
	at org.junit.platform.engine.support.hierarchical.HierarchicalTestExecutor.execute(HierarchicalTestExecutor.java:57) ~[junit-platform-engine-1.9.2.jar:1.9.2]
	at org.junit.platform.engine.support.hierarchical.HierarchicalTestEngine.execute(HierarchicalTestEngine.java:54) ~[junit-platform-engine-1.9.2.jar:1.9.2]
	at org.junit.platform.launcher.core.DefaultLauncher.execute(DefaultLauncher.java:220) ~[junit-platform-launcher-1.3.1.jar:1.3.1]
	at org.junit.platform.launcher.core.DefaultLauncher.lambda$execute$6(DefaultLauncher.java:188) ~[junit-platform-launcher-1.3.1.jar:1.3.1]
	at org.junit.platform.launcher.core.DefaultLauncher.withInterceptedStreams(DefaultLauncher.java:202) ~[junit-platform-launcher-1.3.1.jar:1.3.1]
	at org.junit.platform.launcher.core.DefaultLauncher.execute(DefaultLauncher.java:181) ~[junit-platform-launcher-1.3.1.jar:1.3.1]
	at org.junit.platform.launcher.core.DefaultLauncher.execute(DefaultLauncher.java:128) ~[junit-platform-launcher-1.3.1.jar:1.3.1]
	at org.apache.maven.surefire.junitplatform.JUnitPlatformProvider.invokeAllTests(JUnitPlatformProvider.java:150) ~[surefire-junit-platform-2.22.2.jar:2.22.2]
	at org.apache.maven.surefire.junitplatform.JUnitPlatformProvider.invoke(JUnitPlatformProvider.java:124) ~[surefire-junit-platform-2.22.2.jar:2.22.2]
	at org.apache.maven.surefire.booter.ForkedBooter.invokeProviderInSameClassLoader(ForkedBooter.java:384) ~[surefire-booter-2.22.2.jar:2.22.2]
	at org.apache.maven.surefire.booter.ForkedBooter.runSuitesInProcess(ForkedBooter.java:345) ~[surefire-booter-2.22.2.jar:2.22.2]
	at org.apache.maven.surefire.booter.ForkedBooter.execute(ForkedBooter.java:126) ~[surefire-booter-2.22.2.jar:2.22.2]
	at org.apache.maven.surefire.booter.ForkedBooter.main(ForkedBooter.java:418) ~[surefire-booter-2.22.2.jar:2.22.2]

2023-11-28T22:11:57.160-05:00  WARN 27472 --- [           main] o.h.engine.jdbc.spi.SqlExceptionHelper   : SQL Error: 0, SQLState: 23505
2023-11-28T22:11:57.160-05:00 ERROR 27472 --- [           main] o.h.engine.jdbc.spi.SqlExceptionHelper   : ERROR: duplicate key value violates unique constraint "user_account_pkey"
  Detail: Key (user_id, account_id)=(180af810-ac2a-4c97-8d72-5c3a553ece47, b2a490ad-d1d9-4d31-a7a8-1f4f35e90efa) already exists.
2023-11-28T22:11:57.160-05:00  INFO 27472 --- [           main] o.h.e.j.b.internal.AbstractBatchImpl     : HHH000010: On release of batch it still contained JDBC statements
2023-11-28T22:11:57.160-05:00 DEBUG 27472 --- [           main] cResourceLocalTransactionCoordinatorImpl : JDBC transaction marked for rollback-only (exception provided for stack trace)

java.lang.Exception: exception just for purpose of providing stack trace
	at org.hibernate.resource.transaction.backend.jdbc.internal.JdbcResourceLocalTransactionCoordinatorImpl$TransactionDriverControlImpl.markRollbackOnly(JdbcResourceLocalTransactionCoordinatorImpl.java:324) ~[hibernate-core-6.1.7.Final.jar:6.1.7.Final]
	at org.hibernate.engine.transaction.internal.TransactionImpl.markRollbackOnly(TransactionImpl.java:203) ~[hibernate-core-6.1.7.Final.jar:6.1.7.Final]
	at org.hibernate.internal.AbstractSharedSessionContract.markForRollbackOnly(AbstractSharedSessionContract.java:434) ~[hibernate-core-6.1.7.Final.jar:6.1.7.Final]
	at org.hibernate.internal.ExceptionConverterImpl.handlePersistenceException(ExceptionConverterImpl.java:291) ~[hibernate-core-6.1.7.Final.jar:6.1.7.Final]
	at org.hibernate.internal.ExceptionConverterImpl.convert(ExceptionConverterImpl.java:168) ~[hibernate-core-6.1.7.Final.jar:6.1.7.Final]
	at org.hibernate.query.spi.AbstractSelectionQuery.list(AbstractSelectionQuery.java:374) ~[hibernate-core-6.1.7.Final.jar:6.1.7.Final]
	at org.hibernate.query.sqm.internal.QuerySqmImpl.list(QuerySqmImpl.java:1073) ~[hibernate-core-6.1.7.Final.jar:6.1.7.Final]
	at org.hibernate.query.spi.AbstractSelectionQuery.getSingleResult(AbstractSelectionQuery.java:457) ~[hibernate-core-6.1.7.Final.jar:6.1.7.Final]
	at org.hibernate.query.sqm.internal.QuerySqmImpl.getSingleResult(QuerySqmImpl.java:1103) ~[hibernate-core-6.1.7.Final.jar:6.1.7.Final]
	at org.springframework.data.jpa.repository.query.JpaQueryExecution$SingleEntityExecution.doExecute(JpaQueryExecution.java:193) ~[spring-data-jpa-3.0.5.jar:3.0.5]
	at org.springframework.data.jpa.repository.query.JpaQueryExecution.execute(JpaQueryExecution.java:90) ~[spring-data-jpa-3.0.5.jar:3.0.5]
	at org.springframework.data.jpa.repository.query.AbstractJpaQuery.doExecute(AbstractJpaQuery.java:148) ~[spring-data-jpa-3.0.5.jar:3.0.5]
	at org.springframework.data.jpa.repository.query.AbstractJpaQuery.execute(AbstractJpaQuery.java:136) ~[spring-data-jpa-3.0.5.jar:3.0.5]
	at org.springframework.data.repository.core.support.RepositoryMethodInvoker.doInvoke(RepositoryMethodInvoker.java:136) ~[spring-data-commons-3.0.5.jar:3.0.5]
	at org.springframework.data.repository.core.support.RepositoryMethodInvoker.invoke(RepositoryMethodInvoker.java:120) ~[spring-data-commons-3.0.5.jar:3.0.5]
	at org.springframework.data.repository.core.support.QueryExecutorMethodInterceptor.doInvoke(QueryExecutorMethodInterceptor.java:164) ~[spring-data-commons-3.0.5.jar:3.0.5]
	at org.springframework.data.repository.core.support.QueryExecutorMethodInterceptor.invoke(QueryExecutorMethodInterceptor.java:143) ~[spring-data-commons-3.0.5.jar:3.0.5]
	at org.springframework.aop.framework.ReflectiveMethodInvocation.proceed(ReflectiveMethodInvocation.java:184) ~[spring-aop-6.0.8.jar:6.0.8]
	at org.springframework.data.projection.DefaultMethodInvokingMethodInterceptor.invoke(DefaultMethodInvokingMethodInterceptor.java:77) ~[spring-data-commons-3.0.5.jar:3.0.5]
	at org.springframework.aop.framework.ReflectiveMethodInvocation.proceed(ReflectiveMethodInvocation.java:184) ~[spring-aop-6.0.8.jar:6.0.8]
	at org.springframework.transaction.interceptor.TransactionInterceptor$1.proceedWithInvocation(TransactionInterceptor.java:123) ~[spring-tx-6.0.8.jar:6.0.8]
	at org.springframework.transaction.interceptor.TransactionAspectSupport.invokeWithinTransaction(TransactionAspectSupport.java:391) ~[spring-tx-6.0.8.jar:6.0.8]
	at org.springframework.transaction.interceptor.TransactionInterceptor.invoke(TransactionInterceptor.java:119) ~[spring-tx-6.0.8.jar:6.0.8]
	at org.springframework.aop.framework.ReflectiveMethodInvocation.proceed(ReflectiveMethodInvocation.java:184) ~[spring-aop-6.0.8.jar:6.0.8]
	at org.springframework.dao.support.PersistenceExceptionTranslationInterceptor.invoke(PersistenceExceptionTranslationInterceptor.java:137) ~[spring-tx-6.0.8.jar:6.0.8]
	at org.springframework.aop.framework.ReflectiveMethodInvocation.proceed(ReflectiveMethodInvocation.java:184) ~[spring-aop-6.0.8.jar:6.0.8]
	at org.springframework.data.jpa.repository.support.CrudMethodMetadataPostProcessor$CrudMethodMetadataPopulatingMethodInterceptor.invoke(CrudMethodMetadataPostProcessor.java:134) ~[spring-data-jpa-3.0.5.jar:3.0.5]
	at org.springframework.aop.framework.ReflectiveMethodInvocation.proceed(ReflectiveMethodInvocation.java:184) ~[spring-aop-6.0.8.jar:6.0.8]
	at org.springframework.aop.interceptor.ExposeInvocationInterceptor.invoke(ExposeInvocationInterceptor.java:97) ~[spring-aop-6.0.8.jar:6.0.8]
	at org.springframework.aop.framework.ReflectiveMethodInvocation.proceed(ReflectiveMethodInvocation.java:184) ~[spring-aop-6.0.8.jar:6.0.8]
	at org.springframework.aop.framework.JdkDynamicAopProxy.invoke(JdkDynamicAopProxy.java:223) ~[spring-aop-6.0.8.jar:6.0.8]
	at jdk.proxy2/jdk.proxy2.$Proxy148.findByUsername(Unknown Source) ~[na:na]
	at com.cash_flow_app.apicashflow.entities_repositories_and_services.base.user.UserService.findByUsername(UserService.java:56) ~[classes/:na]
	at com.cash_flow_app.apicashflow.entities_repositories_and_services.base.security.LoginService.loadUserByUsername(LoginService.java:18) ~[classes/:na]
	at com.cash_flow_app.apicashflow.utils.TokenUtils.getAuthentication(TokenUtils.java:40) ~[classes/:na]
	at com.cash_flow_app.apicashflow.entities_repositories_and_services.base.security.JWTAuthorizationFilter.doFilterInternal(JWTAuthorizationFilter.java:27) ~[classes/:na]
	at org.springframework.web.filter.OncePerRequestFilter.doFilter(OncePerRequestFilter.java:116) ~[spring-web-6.0.8.jar:6.0.8]
	at org.springframework.security.web.ObservationFilterChainDecorator$ObservationFilter.wrapFilter(ObservationFilterChainDecorator.java:185) ~[spring-security-web-6.0.3.jar:6.0.3]
	at org.springframework.security.web.ObservationFilterChainDecorator$ObservationFilter.doFilter(ObservationFilterChainDecorator.java:172) ~[spring-security-web-6.0.3.jar:6.0.3]
	at org.springframework.security.web.ObservationFilterChainDecorator$VirtualFilterChain.doFilter(ObservationFilterChainDecorator.java:133) ~[spring-security-web-6.0.3.jar:6.0.3]
	at org.springframework.security.web.authentication.logout.LogoutFilter.doFilter(LogoutFilter.java:107) ~[spring-security-web-6.0.3.jar:6.0.3]
	at org.springframework.security.web.authentication.logout.LogoutFilter.doFilter(LogoutFilter.java:93) ~[spring-security-web-6.0.3.jar:6.0.3]
	at org.springframework.security.web.ObservationFilterChainDecorator$ObservationFilter.wrapFilter(ObservationFilterChainDecorator.java:185) ~[spring-security-web-6.0.3.jar:6.0.3]
	at org.springframework.security.web.ObservationFilterChainDecorator$ObservationFilter.doFilter(ObservationFilterChainDecorator.java:172) ~[spring-security-web-6.0.3.jar:6.0.3]
	at org.springframework.security.web.ObservationFilterChainDecorator$VirtualFilterChain.doFilter(ObservationFilterChainDecorator.java:133) ~[spring-security-web-6.0.3.jar:6.0.3]
	at org.springframework.web.filter.CorsFilter.doFilterInternal(CorsFilter.java:91) ~[spring-web-6.0.8.jar:6.0.8]
	at org.springframework.web.filter.OncePerRequestFilter.doFilter(OncePerRequestFilter.java:116) ~[spring-web-6.0.8.jar:6.0.8]
	at org.springframework.security.web.ObservationFilterChainDecorator$ObservationFilter.wrapFilter(ObservationFilterChainDecorator.java:185) ~[spring-security-web-6.0.3.jar:6.0.3]
	at org.springframework.security.web.ObservationFilterChainDecorator$ObservationFilter.doFilter(ObservationFilterChainDecorator.java:172) ~[spring-security-web-6.0.3.jar:6.0.3]
	at org.springframework.security.web.ObservationFilterChainDecorator$VirtualFilterChain.doFilter(ObservationFilterChainDecorator.java:133) ~[spring-security-web-6.0.3.jar:6.0.3]
	at org.springframework.security.web.header.HeaderWriterFilter.doHeadersAfter(HeaderWriterFilter.java:90) ~[spring-security-web-6.0.3.jar:6.0.3]
	at org.springframework.security.web.header.HeaderWriterFilter.doFilterInternal(HeaderWriterFilter.java:75) ~[spring-security-web-6.0.3.jar:6.0.3]
	at org.springframework.web.filter.OncePerRequestFilter.doFilter(OncePerRequestFilter.java:116) ~[spring-web-6.0.8.jar:6.0.8]
	at org.springframework.security.web.ObservationFilterChainDecorator$ObservationFilter.wrapFilter(ObservationFilterChainDecorator.java:185) ~[spring-security-web-6.0.3.jar:6.0.3]
	at org.springframework.security.web.ObservationFilterChainDecorator$ObservationFilter.doFilter(ObservationFilterChainDecorator.java:172) ~[spring-security-web-6.0.3.jar:6.0.3]
	at org.springframework.security.web.ObservationFilterChainDecorator$VirtualFilterChain.doFilter(ObservationFilterChainDecorator.java:133) ~[spring-security-web-6.0.3.jar:6.0.3]
	at org.springframework.security.web.context.SecurityContextHolderFilter.doFilter(SecurityContextHolderFilter.java:82) ~[spring-security-web-6.0.3.jar:6.0.3]
	at org.springframework.security.web.context.SecurityContextHolderFilter.doFilter(SecurityContextHolderFilter.java:69) ~[spring-security-web-6.0.3.jar:6.0.3]
	at org.springframework.security.web.ObservationFilterChainDecorator$ObservationFilter.wrapFilter(ObservationFilterChainDecorator.java:185) ~[spring-security-web-6.0.3.jar:6.0.3]
	at org.springframework.security.web.ObservationFilterChainDecorator$ObservationFilter.doFilter(ObservationFilterChainDecorator.java:172) ~[spring-security-web-6.0.3.jar:6.0.3]
	at org.springframework.security.web.ObservationFilterChainDecorator$VirtualFilterChain.doFilter(ObservationFilterChainDecorator.java:133) ~[spring-security-web-6.0.3.jar:6.0.3]
	at org.springframework.security.web.context.request.async.WebAsyncManagerIntegrationFilter.doFilterInternal(WebAsyncManagerIntegrationFilter.java:62) ~[spring-security-web-6.0.3.jar:6.0.3]
	at org.springframework.web.filter.OncePerRequestFilter.doFilter(OncePerRequestFilter.java:116) ~[spring-web-6.0.8.jar:6.0.8]
	at org.springframework.security.web.ObservationFilterChainDecorator$ObservationFilter.wrapFilter(ObservationFilterChainDecorator.java:185) ~[spring-security-web-6.0.3.jar:6.0.3]
	at org.springframework.security.web.ObservationFilterChainDecorator$ObservationFilter.doFilter(ObservationFilterChainDecorator.java:172) ~[spring-security-web-6.0.3.jar:6.0.3]
	at org.springframework.security.web.ObservationFilterChainDecorator$VirtualFilterChain.doFilter(ObservationFilterChainDecorator.java:133) ~[spring-security-web-6.0.3.jar:6.0.3]
	at org.springframework.security.web.session.ForceEagerSessionCreationFilter.doFilterInternal(ForceEagerSessionCreationFilter.java:45) ~[spring-security-web-6.0.3.jar:6.0.3]
	at org.springframework.web.filter.OncePerRequestFilter.doFilter(OncePerRequestFilter.java:116) ~[spring-web-6.0.8.jar:6.0.8]
	at org.springframework.security.web.ObservationFilterChainDecorator$ObservationFilter.wrapFilter(ObservationFilterChainDecorator.java:185) ~[spring-security-web-6.0.3.jar:6.0.3]
	at org.springframework.security.web.ObservationFilterChainDecorator$ObservationFilter.doFilter(ObservationFilterChainDecorator.java:172) ~[spring-security-web-6.0.3.jar:6.0.3]
	at org.springframework.security.web.ObservationFilterChainDecorator$VirtualFilterChain.doFilter(ObservationFilterChainDecorator.java:133) ~[spring-security-web-6.0.3.jar:6.0.3]
	at org.springframework.security.web.session.DisableEncodeUrlFilter.doFilterInternal(DisableEncodeUrlFilter.java:42) ~[spring-security-web-6.0.3.jar:6.0.3]
	at org.springframework.web.filter.OncePerRequestFilter.doFilter(OncePerRequestFilter.java:116) ~[spring-web-6.0.8.jar:6.0.8]
	at org.springframework.security.web.ObservationFilterChainDecorator$ObservationFilter.wrapFilter(ObservationFilterChainDecorator.java:185) ~[spring-security-web-6.0.3.jar:6.0.3]
	at org.springframework.security.web.ObservationFilterChainDecorator$AroundFilterObservation$SimpleAroundFilterObservation.lambda$wrap$0(ObservationFilterChainDecorator.java:268) ~[spring-security-web-6.0.3.jar:6.0.3]
	at org.springframework.security.web.ObservationFilterChainDecorator$ObservationFilter.doFilter(ObservationFilterChainDecorator.java:169) ~[spring-security-web-6.0.3.jar:6.0.3]
	at org.springframework.security.web.ObservationFilterChainDecorator$VirtualFilterChain.doFilter(ObservationFilterChainDecorator.java:133) ~[spring-security-web-6.0.3.jar:6.0.3]
	at org.springframework.security.web.FilterChainProxy.doFilterInternal(FilterChainProxy.java:233) ~[spring-security-web-6.0.3.jar:6.0.3]
	at org.springframework.security.web.FilterChainProxy.doFilter(FilterChainProxy.java:191) ~[spring-security-web-6.0.3.jar:6.0.3]
	at org.springframework.web.filter.DelegatingFilterProxy.invokeDelegate(DelegatingFilterProxy.java:352) ~[spring-web-6.0.8.jar:6.0.8]
	at org.springframework.web.filter.DelegatingFilterProxy.doFilter(DelegatingFilterProxy.java:268) ~[spring-web-6.0.8.jar:6.0.8]
	at org.springframework.mock.web.MockFilterChain.doFilter(MockFilterChain.java:132) ~[spring-test-6.0.8.jar:6.0.8]
	at org.springframework.web.filter.RequestContextFilter.doFilterInternal(RequestContextFilter.java:100) ~[spring-web-6.0.8.jar:6.0.8]
	at org.springframework.web.filter.OncePerRequestFilter.doFilter(OncePerRequestFilter.java:116) ~[spring-web-6.0.8.jar:6.0.8]
	at org.springframework.mock.web.MockFilterChain.doFilter(MockFilterChain.java:132) ~[spring-test-6.0.8.jar:6.0.8]
	at org.springframework.web.filter.FormContentFilter.doFilterInternal(FormContentFilter.java:93) ~[spring-web-6.0.8.jar:6.0.8]
	at org.springframework.web.filter.OncePerRequestFilter.doFilter(OncePerRequestFilter.java:116) ~[spring-web-6.0.8.jar:6.0.8]
	at org.springframework.mock.web.MockFilterChain.doFilter(MockFilterChain.java:132) ~[spring-test-6.0.8.jar:6.0.8]
	at org.springframework.web.filter.ServerHttpObservationFilter.doFilterInternal(ServerHttpObservationFilter.java:109) ~[spring-web-6.0.8.jar:6.0.8]
	at org.springframework.web.filter.OncePerRequestFilter.doFilter(OncePerRequestFilter.java:116) ~[spring-web-6.0.8.jar:6.0.8]
	at org.springframework.mock.web.MockFilterChain.doFilter(MockFilterChain.java:132) ~[spring-test-6.0.8.jar:6.0.8]
	at org.springframework.web.filter.CharacterEncodingFilter.doFilterInternal(CharacterEncodingFilter.java:201) ~[spring-web-6.0.8.jar:6.0.8]
	at org.springframework.web.filter.OncePerRequestFilter.doFilter(OncePerRequestFilter.java:116) ~[spring-web-6.0.8.jar:6.0.8]
	at org.springframework.mock.web.MockFilterChain.doFilter(MockFilterChain.java:132) ~[spring-test-6.0.8.jar:6.0.8]
	at org.springframework.test.web.servlet.MockMvc.perform(MockMvc.java:201) ~[spring-test-6.0.8.jar:6.0.8]
	at com.cash_flow_app.apicashflow.controller.AccountControllerTest.createAccountResult(AccountControllerTest.java:197) ~[test-classes/:na]
	at com.cash_flow_app.apicashflow.controller.AccountControllerTest.getAllByCurrentUser(AccountControllerTest.java:150) ~[test-classes/:na]
	at java.base/jdk.internal.reflect.DirectMethodHandleAccessor.invoke(DirectMethodHandleAccessor.java:104) ~[na:na]
	at java.base/java.lang.reflect.Method.invoke(Method.java:578) ~[na:na]
	at org.junit.platform.commons.util.ReflectionUtils.invokeMethod(ReflectionUtils.java:727) ~[junit-platform-commons-1.9.2.jar:1.9.2]
	at org.junit.jupiter.engine.execution.MethodInvocation.proceed(MethodInvocation.java:60) ~[junit-jupiter-engine-5.9.2.jar:5.9.2]
	at org.junit.jupiter.engine.execution.InvocationInterceptorChain$ValidatingInvocation.proceed(InvocationInterceptorChain.java:131) ~[junit-jupiter-engine-5.9.2.jar:5.9.2]
	at org.junit.jupiter.engine.extension.TimeoutExtension.intercept(TimeoutExtension.java:156) ~[junit-jupiter-engine-5.9.2.jar:5.9.2]
	at org.junit.jupiter.engine.extension.TimeoutExtension.interceptTestableMethod(TimeoutExtension.java:147) ~[junit-jupiter-engine-5.9.2.jar:5.9.2]
	at org.junit.jupiter.engine.extension.TimeoutExtension.interceptTestMethod(TimeoutExtension.java:86) ~[junit-jupiter-engine-5.9.2.jar:5.9.2]
	at org.junit.jupiter.engine.execution.InterceptingExecutableInvoker$ReflectiveInterceptorCall.lambda$ofVoidMethod$0(InterceptingExecutableInvoker.java:103) ~[junit-jupiter-engine-5.9.2.jar:5.9.2]
	at org.junit.jupiter.engine.execution.InterceptingExecutableInvoker.lambda$invoke$0(InterceptingExecutableInvoker.java:93) ~[junit-jupiter-engine-5.9.2.jar:5.9.2]
	at org.junit.jupiter.engine.execution.InvocationInterceptorChain$InterceptedInvocation.proceed(InvocationInterceptorChain.java:106) ~[junit-jupiter-engine-5.9.2.jar:5.9.2]
	at org.junit.jupiter.engine.execution.InvocationInterceptorChain.proceed(InvocationInterceptorChain.java:64) ~[junit-jupiter-engine-5.9.2.jar:5.9.2]
	at org.junit.jupiter.engine.execution.InvocationInterceptorChain.chainAndInvoke(InvocationInterceptorChain.java:45) ~[junit-jupiter-engine-5.9.2.jar:5.9.2]
	at org.junit.jupiter.engine.execution.InvocationInterceptorChain.invoke(InvocationInterceptorChain.java:37) ~[junit-jupiter-engine-5.9.2.jar:5.9.2]
	at org.junit.jupiter.engine.execution.InterceptingExecutableInvoker.invoke(InterceptingExecutableInvoker.java:92) ~[junit-jupiter-engine-5.9.2.jar:5.9.2]
	at org.junit.jupiter.engine.execution.InterceptingExecutableInvoker.invoke(InterceptingExecutableInvoker.java:86) ~[junit-jupiter-engine-5.9.2.jar:5.9.2]
	at org.junit.jupiter.engine.descriptor.TestMethodTestDescriptor.lambda$invokeTestMethod$7(TestMethodTestDescriptor.java:217) ~[junit-jupiter-engine-5.9.2.jar:5.9.2]
	at org.junit.platform.engine.support.hierarchical.ThrowableCollector.execute(ThrowableCollector.java:73) ~[junit-platform-engine-1.9.2.jar:1.9.2]
	at org.junit.jupiter.engine.descriptor.TestMethodTestDescriptor.invokeTestMethod(TestMethodTestDescriptor.java:213) ~[junit-jupiter-engine-5.9.2.jar:5.9.2]
	at org.junit.jupiter.engine.descriptor.TestMethodTestDescriptor.execute(TestMethodTestDescriptor.java:138) ~[junit-jupiter-engine-5.9.2.jar:5.9.2]
	at org.junit.jupiter.engine.descriptor.TestMethodTestDescriptor.execute(TestMethodTestDescriptor.java:68) ~[junit-jupiter-engine-5.9.2.jar:5.9.2]
	at org.junit.platform.engine.support.hierarchical.NodeTestTask.lambda$executeRecursively$6(NodeTestTask.java:151) ~[junit-platform-engine-1.9.2.jar:1.9.2]
	at org.junit.platform.engine.support.hierarchical.ThrowableCollector.execute(ThrowableCollector.java:73) ~[junit-platform-engine-1.9.2.jar:1.9.2]
	at org.junit.platform.engine.support.hierarchical.NodeTestTask.lambda$executeRecursively$8(NodeTestTask.java:141) ~[junit-platform-engine-1.9.2.jar:1.9.2]
	at org.junit.platform.engine.support.hierarchical.Node.around(Node.java:137) ~[junit-platform-engine-1.9.2.jar:1.9.2]
	at org.junit.platform.engine.support.hierarchical.NodeTestTask.lambda$executeRecursively$9(NodeTestTask.java:139) ~[junit-platform-engine-1.9.2.jar:1.9.2]
	at org.junit.platform.engine.support.hierarchical.ThrowableCollector.execute(ThrowableCollector.java:73) ~[junit-platform-engine-1.9.2.jar:1.9.2]
	at org.junit.platform.engine.support.hierarchical.NodeTestTask.executeRecursively(NodeTestTask.java:138) ~[junit-platform-engine-1.9.2.jar:1.9.2]
	at org.junit.platform.engine.support.hierarchical.NodeTestTask.execute(NodeTestTask.java:95) ~[junit-platform-engine-1.9.2.jar:1.9.2]
	at java.base/java.util.ArrayList.forEach(ArrayList.java:1511) ~[na:na]
	at org.junit.platform.engine.support.hierarchical.SameThreadHierarchicalTestExecutorService.invokeAll(SameThreadHierarchicalTestExecutorService.java:41) ~[junit-platform-engine-1.9.2.jar:1.9.2]
	at org.junit.platform.engine.support.hierarchical.NodeTestTask.lambda$executeRecursively$6(NodeTestTask.java:155) ~[junit-platform-engine-1.9.2.jar:1.9.2]
	at org.junit.platform.engine.support.hierarchical.ThrowableCollector.execute(ThrowableCollector.java:73) ~[junit-platform-engine-1.9.2.jar:1.9.2]
	at org.junit.platform.engine.support.hierarchical.NodeTestTask.lambda$executeRecursively$8(NodeTestTask.java:141) ~[junit-platform-engine-1.9.2.jar:1.9.2]
	at org.junit.platform.engine.support.hierarchical.Node.around(Node.java:137) ~[junit-platform-engine-1.9.2.jar:1.9.2]
	at org.junit.platform.engine.support.hierarchical.NodeTestTask.lambda$executeRecursively$9(NodeTestTask.java:139) ~[junit-platform-engine-1.9.2.jar:1.9.2]
	at org.junit.platform.engine.support.hierarchical.ThrowableCollector.execute(ThrowableCollector.java:73) ~[junit-platform-engine-1.9.2.jar:1.9.2]
	at org.junit.platform.engine.support.hierarchical.NodeTestTask.executeRecursively(NodeTestTask.java:138) ~[junit-platform-engine-1.9.2.jar:1.9.2]
	at org.junit.platform.engine.support.hierarchical.NodeTestTask.execute(NodeTestTask.java:95) ~[junit-platform-engine-1.9.2.jar:1.9.2]
	at java.base/java.util.ArrayList.forEach(ArrayList.java:1511) ~[na:na]
	at org.junit.platform.engine.support.hierarchical.SameThreadHierarchicalTestExecutorService.invokeAll(SameThreadHierarchicalTestExecutorService.java:41) ~[junit-platform-engine-1.9.2.jar:1.9.2]
	at org.junit.platform.engine.support.hierarchical.NodeTestTask.lambda$executeRecursively$6(NodeTestTask.java:155) ~[junit-platform-engine-1.9.2.jar:1.9.2]
	at org.junit.platform.engine.support.hierarchical.ThrowableCollector.execute(ThrowableCollector.java:73) ~[junit-platform-engine-1.9.2.jar:1.9.2]
	at org.junit.platform.engine.support.hierarchical.NodeTestTask.lambda$executeRecursively$8(NodeTestTask.java:141) ~[junit-platform-engine-1.9.2.jar:1.9.2]
	at org.junit.platform.engine.support.hierarchical.Node.around(Node.java:137) ~[junit-platform-engine-1.9.2.jar:1.9.2]
	at org.junit.platform.engine.support.hierarchical.NodeTestTask.lambda$executeRecursively$9(NodeTestTask.java:139) ~[junit-platform-engine-1.9.2.jar:1.9.2]
	at org.junit.platform.engine.support.hierarchical.ThrowableCollector.execute(ThrowableCollector.java:73) ~[junit-platform-engine-1.9.2.jar:1.9.2]
	at org.junit.platform.engine.support.hierarchical.NodeTestTask.executeRecursively(NodeTestTask.java:138) ~[junit-platform-engine-1.9.2.jar:1.9.2]
	at org.junit.platform.engine.support.hierarchical.NodeTestTask.execute(NodeTestTask.java:95) ~[junit-platform-engine-1.9.2.jar:1.9.2]
	at org.junit.platform.engine.support.hierarchical.SameThreadHierarchicalTestExecutorService.submit(SameThreadHierarchicalTestExecutorService.java:35) ~[junit-platform-engine-1.9.2.jar:1.9.2]
	at org.junit.platform.engine.support.hierarchical.HierarchicalTestExecutor.execute(HierarchicalTestExecutor.java:57) ~[junit-platform-engine-1.9.2.jar:1.9.2]
	at org.junit.platform.engine.support.hierarchical.HierarchicalTestEngine.execute(HierarchicalTestEngine.java:54) ~[junit-platform-engine-1.9.2.jar:1.9.2]
	at org.junit.platform.launcher.core.DefaultLauncher.execute(DefaultLauncher.java:220) ~[junit-platform-launcher-1.3.1.jar:1.3.1]
	at org.junit.platform.launcher.core.DefaultLauncher.lambda$execute$6(DefaultLauncher.java:188) ~[junit-platform-launcher-1.3.1.jar:1.3.1]
	at org.junit.platform.launcher.core.DefaultLauncher.withInterceptedStreams(DefaultLauncher.java:202) ~[junit-platform-launcher-1.3.1.jar:1.3.1]
	at org.junit.platform.launcher.core.DefaultLauncher.execute(DefaultLauncher.java:181) ~[junit-platform-launcher-1.3.1.jar:1.3.1]
	at org.junit.platform.launcher.core.DefaultLauncher.execute(DefaultLauncher.java:128) ~[junit-platform-launcher-1.3.1.jar:1.3.1]
	at org.apache.maven.surefire.junitplatform.JUnitPlatformProvider.invokeAllTests(JUnitPlatformProvider.java:150) ~[surefire-junit-platform-2.22.2.jar:2.22.2]
	at org.apache.maven.surefire.junitplatform.JUnitPlatformProvider.invoke(JUnitPlatformProvider.java:124) ~[surefire-junit-platform-2.22.2.jar:2.22.2]
	at org.apache.maven.surefire.booter.ForkedBooter.invokeProviderInSameClassLoader(ForkedBooter.java:384) ~[surefire-booter-2.22.2.jar:2.22.2]
	at org.apache.maven.surefire.booter.ForkedBooter.runSuitesInProcess(ForkedBooter.java:345) ~[surefire-booter-2.22.2.jar:2.22.2]
	at org.apache.maven.surefire.booter.ForkedBooter.execute(ForkedBooter.java:126) ~[surefire-booter-2.22.2.jar:2.22.2]
	at org.apache.maven.surefire.booter.ForkedBooter.main(ForkedBooter.java:418) ~[surefire-booter-2.22.2.jar:2.22.2]

2023-11-28T22:11:57.161-05:00 DEBUG 27472 --- [           main] org.springframework.test.context.cache   : Spring test ApplicationContext cache statistics: [DefaultContextCache@8caffbd size = 3, maxSize = 32, parentContextCount = 0, hitCount = 276, missCount = 3]
2023-11-28T22:11:57.161-05:00 DEBUG 27472 --- [           main] org.springframework.test.context.cache   : Spring test ApplicationContext cache statistics: [DefaultContextCache@8caffbd size = 3, maxSize = 32, parentContextCount = 0, hitCount = 277, missCount = 3]
2023-11-28T22:11:57.161-05:00 DEBUG 27472 --- [           main] org.springframework.test.context.cache   : Spring test ApplicationContext cache statistics: [DefaultContextCache@8caffbd size = 3, maxSize = 32, parentContextCount = 0, hitCount = 278, missCount = 3]

MockHttpServletRequest:
      HTTP Method = POST
      Request URI = /api/v1/user/signup
       Parameters = {_csrf=[oCELDB0S3QyQ-sjfFHDbgvo6Jxflxi8TN1JLEGq8J3yojb_OxBBpP3hz6G-9yPDuJV3vusMNCnWBpUo-VGMqcg6IER7JuNz5]}
          Headers = [Content-Type:"application/json;charset=UTF-8", Content-Length:"171"]
             Body = {"username":"usuario_test","password":"123456","authorities":[{"endpoint":"Account","actions":["CREATE","READ","DELETE"]},{"endpoint":"User","actions":["CREATE","READ"]}]}
    Session Attrs = {}

Handler:
             Type = com.cash_flow_app.apicashflow.controller.UserController
           Method = com.cash_flow_app.apicashflow.controller.UserController#signup(UserDto)

Async:
    Async started = false
     Async result = null

Resolved Exception:
             Type = null

ModelAndView:
        View name = null
             View = null
            Model = null

FlashMap:
       Attributes = null

MockHttpServletResponse:
           Status = 200
    Error message = null
          Headers = [Vary:"Origin", "Access-Control-Request-Method", "Access-Control-Request-Headers", Content-Type:"application/json", X-Content-Type-Options:"nosniff", X-XSS-Protection:"0", Cache-Control:"no-cache, no-store, max-age=0, must-revalidate", Pragma:"no-cache", Expires:"0", X-Frame-Options:"DENY"]
     Content type = application/json
             Body = {"username":"usuario_test","password":null,"token_auth":"eyJhbGciOiJIUzUxMiJ9.eyJzdWIiOiJ1c3VhcmlvX3Rlc3QiLCJleHAiOjE3MDM4MTk1MTd9.AnW1_ycsUW2YBgpJlL4qwryaFClzLF4JuHigFRqWW1ek9QjvLskfAyKnAXHJyZYaOvXFa9PAVKQ-ygMS76Nvdw","authorities":[{"endpoint":"Account","actions":["CREATE","READ","DELETE"]},{"endpoint":"User","actions":["CREATE","READ"]}]}
    Forwarded URL = null
   Redirected URL = null
          Cookies = []

MockHttpServletRequest:
      HTTP Method = POST
      Request URI = /api/v1/user/login
       Parameters = {_csrf=[lAUNiV58xLLiK_qi615zR-DePKgY0s4yMR-NOjue791WY1bb92Y76mdKpdDPG8ma2XNHdYPsEZAo4vcfU3q9Xl2r27s0UGS9]}
          Headers = [Content-Type:"application/json;charset=UTF-8", Content-Length:"52"]
             Body = { "username": "usuario_test", "password": "123456" }
    Session Attrs = {}

Handler:
             Type = null

Async:
    Async started = false
     Async result = null

Resolved Exception:
             Type = null

ModelAndView:
        View name = null
             View = null
            Model = null

FlashMap:
       Attributes = null

MockHttpServletResponse:
           Status = 200
    Error message = null
          Headers = [Vary:"Origin", "Access-Control-Request-Method", "Access-Control-Request-Headers", Authorization:"Bearer eyJhbGciOiJIUzUxMiJ9.eyJzdWIiOiJ1c3VhcmlvX3Rlc3QiLCJleHAiOjE3MDM4MTk1MTd9.AnW1_ycsUW2YBgpJlL4qwryaFClzLF4JuHigFRqWW1ek9QjvLskfAyKnAXHJyZYaOvXFa9PAVKQ-ygMS76Nvdw", Access-Control-Expose-Headers:"Authorization", X-Content-Type-Options:"nosniff", X-XSS-Protection:"0", Cache-Control:"no-cache, no-store, max-age=0, must-revalidate", Pragma:"no-cache", Expires:"0", X-Frame-Options:"DENY"]
     Content type = null
             Body = 
    Forwarded URL = null
   Redirected URL = null
          Cookies = []

MockHttpServletRequest:
      HTTP Method = POST
      Request URI = /api/v1/account/create
       Parameters = {_csrf=[3h99N9dfdPuqT4td3KcQyXCd0uTA0swRc58msvtWuq-eIzYS7H4fA-9nFcKHd-ps74okrEar_9z5tvg8Ea8Rhs432ZunGlAj]}
          Headers = [Content-Type:"application/json;charset=UTF-8", Authorization:"Bearer eyJhbGciOiJIUzUxMiJ9.eyJzdWIiOiJ1c3VhcmlvX3Rlc3QiLCJleHAiOjE3MDM4MTk1MTd9.AnW1_ycsUW2YBgpJlL4qwryaFClzLF4JuHigFRqWW1ek9QjvLskfAyKnAXHJyZYaOvXFa9PAVKQ-ygMS76Nvdw", Content-Length:"74"]
             Body = {"id":null,"description":"descripcion de cuenta","users":["usuario_test"]}
    Session Attrs = {SPRING_SECURITY_CONTEXT=SecurityContextImpl [Authentication=UsernamePasswordAuthenticationToken [Principal=usuario_test, Credentials=[PROTECTED], Authenticated=true, Details=null, Granted Authorities=[ENDPOINT_ACCOUNT_PERMISSION_CREATE, ENDPOINT_ACCOUNT_PERMISSION_READ, ENDPOINT_ACCOUNT_PERMISSION_DELETE, ENDPOINT_USER_PERMISSION_CREATE, ENDPOINT_USER_PERMISSION_READ]]]}

Handler:
             Type = com.cash_flow_app.apicashflow.controller.AccountController
           Method = com.cash_flow_app.apicashflow.controller.AccountController#create(AccountDto)

Async:
    Async started = false
     Async result = null

Resolved Exception:
             Type = null

ModelAndView:
        View name = null
             View = null
            Model = null

FlashMap:
       Attributes = null

MockHttpServletResponse:
           Status = 200
    Error message = null
          Headers = [Vary:"Origin", "Access-Control-Request-Method", "Access-Control-Request-Headers", Content-Type:"application/json", X-Content-Type-Options:"nosniff", X-XSS-Protection:"0", Cache-Control:"no-cache, no-store, max-age=0, must-revalidate", Pragma:"no-cache", Expires:"0", X-Frame-Options:"DENY"]
     Content type = application/json
             Body = {"id":"b2a490ad-d1d9-4d31-a7a8-1f4f35e90efa","description":"descripcion de cuenta","users":["usuario_test","usuario_test"]}
    Forwarded URL = null
   Redirected URL = null
          Cookies = []
2023-11-28T22:11:57.161-05:00 DEBUG 27472 --- [           main] org.springframework.test.context.cache   : Spring test ApplicationContext cache statistics: [DefaultContextCache@8caffbd size = 3, maxSize = 32, parentContextCount = 0, hitCount = 279, missCount = 3]
2023-11-28T22:11:57.162-05:00 DEBUG 27472 --- [           main] org.springframework.test.context.cache   : Spring test ApplicationContext cache statistics: [DefaultContextCache@8caffbd size = 3, maxSize = 32, parentContextCount = 0, hitCount = 280, missCount = 3]
2023-11-28T22:11:57.162-05:00 DEBUG 27472 --- [           main] org.springframework.test.context.cache   : Spring test ApplicationContext cache statistics: [DefaultContextCache@8caffbd size = 3, maxSize = 32, parentContextCount = 0, hitCount = 281, missCount = 3]
2023-11-28T22:11:57.162-05:00 DEBUG 27472 --- [           main] org.springframework.test.context.cache   : Spring test ApplicationContext cache statistics: [DefaultContextCache@8caffbd size = 3, maxSize = 32, parentContextCount = 0, hitCount = 282, missCount = 3]
2023-11-28T22:11:57.162-05:00 DEBUG 27472 --- [           main] o.s.orm.jpa.JpaTransactionManager        : Initiating transaction rollback
2023-11-28T22:11:57.162-05:00 DEBUG 27472 --- [           main] o.s.orm.jpa.JpaTransactionManager        : Rolling back JPA transaction on EntityManager [SessionImpl(1135224489<open>)]
2023-11-28T22:11:57.162-05:00 DEBUG 27472 --- [           main] o.h.e.t.internal.TransactionImpl         : rolling back
2023-11-28T22:11:57.162-05:00 DEBUG 27472 --- [           main] org.postgresql.jdbc.PgConnection         :   setAutoCommit = true
2023-11-28T22:11:57.162-05:00 DEBUG 27472 --- [           main] o.s.orm.jpa.JpaTransactionManager        : Closing JPA EntityManager [SessionImpl(1135224489<open>)] after transaction
2023-11-28T22:11:57.162-05:00 DEBUG 27472 --- [           main] o.h.e.jdbc.internal.JdbcCoordinatorImpl  : HHH000420: Closing un-released batch
2023-11-28T22:11:57.162-05:00 DEBUG 27472 --- [           main] o.s.t.c.transaction.TransactionContext   : Rolled back transaction (1) for test class [com.cash_flow_app.apicashflow.controller.AccountControllerTest]; test method [getAllByCurrentUser]
2023-11-28T22:11:57.162-05:00 DEBUG 27472 --- [           main] tractDirtiesContextTestExecutionListener : After test method: class [AccountControllerTest], method [getAllByCurrentUser], class annotated with @DirtiesContext [false] with mode [null], method annotated with @DirtiesContext [false] with mode [null]
2023-11-28T22:11:57.162-05:00 DEBUG 27472 --- [           main] o.s.t.c.w.ServletTestExecutionListener   : Resetting RequestContextHolder for test class com.cash_flow_app.apicashflow.controller.AccountControllerTest
]]></system-out>
  </testcase>
  <testcase name="getAllByUsername" classname="com.cash_flow_app.apicashflow.controller.AccountControllerTest" time="0.184">
    <error message="could not execute statement; SQL [n/a]; constraint [user_account_pkey]" type="org.springframework.dao.DataIntegrityViolationException">org.springframework.dao.DataIntegrityViolationException: could not execute statement; SQL [n/a]; constraint [user_account_pkey]
	at com.cash_flow_app.apicashflow.controller.AccountControllerTest.createAccountResult(AccountControllerTest.java:197)
	at com.cash_flow_app.apicashflow.controller.AccountControllerTest.getAllByUsername(AccountControllerTest.java:131)
Caused by: org.hibernate.exception.ConstraintViolationException: could not execute statement
	at com.cash_flow_app.apicashflow.controller.AccountControllerTest.createAccountResult(AccountControllerTest.java:197)
	at com.cash_flow_app.apicashflow.controller.AccountControllerTest.getAllByUsername(AccountControllerTest.java:131)
Caused by: org.postgresql.util.PSQLException: 
ERROR: duplicate key value violates unique constraint "user_account_pkey"
  Detail: Key (user_id, account_id)=(3220217d-8abd-4936-8088-827abd66e864, 7d630679-1c45-46db-99b0-8689b59cffc3) already exists.
	at com.cash_flow_app.apicashflow.controller.AccountControllerTest.createAccountResult(AccountControllerTest.java:197)
	at com.cash_flow_app.apicashflow.controller.AccountControllerTest.getAllByUsername(AccountControllerTest.java:131)
</error>
    <system-out><![CDATA[2023-11-28T22:11:57.163-05:00 DEBUG 27472 --- [           main] org.springframework.test.context.cache   : Spring test ApplicationContext cache statistics: [DefaultContextCache@8caffbd size = 3, maxSize = 32, parentContextCount = 0, hitCount = 283, missCount = 3]
2023-11-28T22:11:57.163-05:00 DEBUG 27472 --- [           main] o.s.t.c.w.ServletTestExecutionListener   : Setting up MockHttpServletRequest, MockHttpServletResponse, ServletWebRequest, and RequestContextHolder for test class com.cash_flow_app.apicashflow.controller.AccountControllerTest
2023-11-28T22:11:57.163-05:00 DEBUG 27472 --- [           main] DependencyInjectionTestExecutionListener : Performing dependency injection for test class com.cash_flow_app.apicashflow.controller.AccountControllerTest
2023-11-28T22:11:57.163-05:00 DEBUG 27472 --- [           main] org.springframework.test.context.cache   : Spring test ApplicationContext cache statistics: [DefaultContextCache@8caffbd size = 3, maxSize = 32, parentContextCount = 0, hitCount = 284, missCount = 3]
2023-11-28T22:11:57.163-05:00 DEBUG 27472 --- [           main] org.springframework.test.context.cache   : Spring test ApplicationContext cache statistics: [DefaultContextCache@8caffbd size = 3, maxSize = 32, parentContextCount = 0, hitCount = 285, missCount = 3]
2023-11-28T22:11:57.163-05:00 DEBUG 27472 --- [           main] tractDirtiesContextTestExecutionListener : Before test method: class [AccountControllerTest], method [getAllByUsername], class annotated with @DirtiesContext [false] with mode [null], method annotated with @DirtiesContext [false] with mode [null]
2023-11-28T22:11:57.163-05:00 DEBUG 27472 --- [           main] t.c.t.TransactionalTestExecutionListener : Explicit transaction definition [PROPAGATION_REQUIRED,ISOLATION_DEFAULT] found for test class [com.cash_flow_app.apicashflow.controller.AccountControllerTest] and test method [getAllByUsername]
2023-11-28T22:11:57.163-05:00 DEBUG 27472 --- [           main] org.springframework.test.context.cache   : Spring test ApplicationContext cache statistics: [DefaultContextCache@8caffbd size = 3, maxSize = 32, parentContextCount = 0, hitCount = 286, missCount = 3]
2023-11-28T22:11:57.163-05:00 DEBUG 27472 --- [           main] t.c.t.TransactionalTestExecutionListener : No method-level @Rollback override: using default rollback [true] for test method [void com.cash_flow_app.apicashflow.controller.AccountControllerTest.getAllByUsername() throws java.lang.Exception]
2023-11-28T22:11:57.163-05:00 DEBUG 27472 --- [           main] o.s.orm.jpa.JpaTransactionManager        : Creating new transaction with name [com.cash_flow_app.apicashflow.controller.AccountControllerTest.getAllByUsername]: PROPAGATION_REQUIRED,ISOLATION_DEFAULT
2023-11-28T22:11:57.163-05:00 DEBUG 27472 --- [           main] o.s.orm.jpa.JpaTransactionManager        : Opened new EntityManager [SessionImpl(1629169751<open>)] for JPA transaction
2023-11-28T22:11:57.163-05:00 DEBUG 27472 --- [           main] o.h.e.t.internal.TransactionImpl         : On TransactionImpl creation, JpaCompliance#isJpaTransactionComplianceEnabled == false
2023-11-28T22:11:57.163-05:00 DEBUG 27472 --- [           main] o.h.e.t.internal.TransactionImpl         : begin
2023-11-28T22:11:57.163-05:00 DEBUG 27472 --- [           main] org.postgresql.jdbc.PgConnection         :   setAutoCommit = false
2023-11-28T22:11:57.163-05:00 DEBUG 27472 --- [           main] o.s.orm.jpa.JpaTransactionManager        : Exposing JPA transaction as JDBC [org.springframework.orm.jpa.vendor.HibernateJpaDialect$HibernateConnectionHandle@11d823a4]
2023-11-28T22:11:57.163-05:00 DEBUG 27472 --- [           main] o.s.t.c.transaction.TransactionContext   : Began transaction (1) for test class [com.cash_flow_app.apicashflow.controller.AccountControllerTest]; test method [getAllByUsername]; transaction manager [org.springframework.orm.jpa.JpaTransactionManager@6448679f]; rollback [true]
2023-11-28T22:11:57.163-05:00 DEBUG 27472 --- [           main] org.springframework.test.context.cache   : Spring test ApplicationContext cache statistics: [DefaultContextCache@8caffbd size = 3, maxSize = 32, parentContextCount = 0, hitCount = 287, missCount = 3]
2023-11-28T22:11:57.163-05:00 DEBUG 27472 --- [           main] org.springframework.test.context.cache   : Spring test ApplicationContext cache statistics: [DefaultContextCache@8caffbd size = 3, maxSize = 32, parentContextCount = 0, hitCount = 288, missCount = 3]
2023-11-28T22:11:57.164-05:00 DEBUG 27472 --- [           main] o.s.test.util.ReflectionTestUtils        : Invoking method 'getFilters' on target object [FilterChainProxy[Filter Chains: [DefaultSecurityFilterChain [RequestMatcher=any request, Filters=[org.springframework.security.web.session.DisableEncodeUrlFilter@120e3ebb, org.springframework.security.web.session.ForceEagerSessionCreationFilter@753f1c3e, org.springframework.security.web.context.request.async.WebAsyncManagerIntegrationFilter@5e9af5d4, org.springframework.security.web.context.SecurityContextHolderFilter@1d18e5ad, org.springframework.security.web.header.HeaderWriterFilter@73b68d98, org.springframework.web.filter.CorsFilter@7863e6b2, org.springframework.security.web.authentication.logout.LogoutFilter@1e5a8278, JWTAuthorizationFilter(loginService=com.cash_flow_app.apicashflow.entities_repositories_and_services.base.security.LoginService@508b9c16), com.cash_flow_app.apicashflow.entities_repositories_and_services.base.security.JWTAuthenticationFilter@6fd2b939, org.springframework.security.web.savedrequest.RequestCacheAwareFilter@11def039, org.springframework.security.web.servletapi.SecurityContextHolderAwareRequestFilter@564375d7, org.springframework.security.web.authentication.AnonymousAuthenticationFilter@c4aa99e, org.springframework.security.web.session.SessionManagementFilter@69af6978, org.springframework.security.web.access.ExceptionTranslationFilter@4469046b, org.springframework.security.web.access.intercept.AuthorizationFilter@588d2e90]]]]] or target class [null] with arguments {org.springframework.mock.web.MockHttpServletRequest@1b4abc8e}
2023-11-28T22:11:57.164-05:00 DEBUG 27472 --- [           main] o.s.test.util.ReflectionTestUtils        : Invoking method 'getFilters' on target object [FilterChainProxy[Filter Chains: [DefaultSecurityFilterChain [RequestMatcher=any request, Filters=[org.springframework.security.web.session.DisableEncodeUrlFilter@120e3ebb, org.springframework.security.web.session.ForceEagerSessionCreationFilter@753f1c3e, org.springframework.security.web.context.request.async.WebAsyncManagerIntegrationFilter@5e9af5d4, org.springframework.security.web.context.SecurityContextHolderFilter@1d18e5ad, org.springframework.security.web.header.HeaderWriterFilter@73b68d98, org.springframework.web.filter.CorsFilter@7863e6b2, org.springframework.security.web.authentication.logout.LogoutFilter@1e5a8278, JWTAuthorizationFilter(loginService=com.cash_flow_app.apicashflow.entities_repositories_and_services.base.security.LoginService@508b9c16), com.cash_flow_app.apicashflow.entities_repositories_and_services.base.security.JWTAuthenticationFilter@6fd2b939, org.springframework.security.web.savedrequest.RequestCacheAwareFilter@11def039, org.springframework.security.web.servletapi.SecurityContextHolderAwareRequestFilter@564375d7, org.springframework.security.web.authentication.AnonymousAuthenticationFilter@c4aa99e, org.springframework.security.web.session.SessionManagementFilter@69af6978, org.springframework.security.web.access.ExceptionTranslationFilter@4469046b, org.springframework.security.web.access.intercept.AuthorizationFilter@588d2e90]]]]] or target class [null] with arguments {org.springframework.mock.web.MockHttpServletRequest@1b4abc8e}
2023-11-28T22:11:57.164-05:00 DEBUG 27472 --- [           main] o.s.test.util.ReflectionTestUtils        : Invoking method 'getFilters' on target object [FilterChainProxy[Filter Chains: [DefaultSecurityFilterChain [RequestMatcher=any request, Filters=[org.springframework.security.web.session.DisableEncodeUrlFilter@120e3ebb, org.springframework.security.web.session.ForceEagerSessionCreationFilter@753f1c3e, org.springframework.security.web.context.request.async.WebAsyncManagerIntegrationFilter@5e9af5d4, org.springframework.security.web.context.SecurityContextHolderFilter@1d18e5ad, org.springframework.security.web.header.HeaderWriterFilter@73b68d98, org.springframework.web.filter.CorsFilter@7863e6b2, org.springframework.security.web.authentication.logout.LogoutFilter@1e5a8278, JWTAuthorizationFilter(loginService=com.cash_flow_app.apicashflow.entities_repositories_and_services.base.security.LoginService@508b9c16), com.cash_flow_app.apicashflow.entities_repositories_and_services.base.security.JWTAuthenticationFilter@6fd2b939, org.springframework.security.web.savedrequest.RequestCacheAwareFilter@11def039, org.springframework.security.web.servletapi.SecurityContextHolderAwareRequestFilter@564375d7, org.springframework.security.web.authentication.AnonymousAuthenticationFilter@c4aa99e, org.springframework.security.web.session.SessionManagementFilter@69af6978, org.springframework.security.web.access.ExceptionTranslationFilter@4469046b, org.springframework.security.web.access.intercept.AuthorizationFilter@588d2e90]]]]] or target class [null] with arguments {org.springframework.mock.web.MockHttpServletRequest@1b4abc8e}
2023-11-28T22:11:57.164-05:00 DEBUG 27472 --- [           main] o.s.security.web.FilterChainProxy        : Securing POST /api/v1/user/signup
2023-11-28T22:11:57.164-05:00 DEBUG 27472 --- [           main] .s.s.w.s.ForceEagerSessionCreationFilter : Created session eagerly
2023-11-28T22:11:57.164-05:00 DEBUG 27472 --- [           main] o.s.s.w.a.AnonymousAuthenticationFilter  : Set SecurityContextHolder to anonymous SecurityContext
2023-11-28T22:11:57.165-05:00 DEBUG 27472 --- [           main] s.w.s.m.m.a.RequestMappingHandlerMapping : Mapped to com.cash_flow_app.apicashflow.controller.UserController#signup(UserDto)
2023-11-28T22:11:57.165-05:00 DEBUG 27472 --- [           main] s.w.s.m.m.a.RequestMappingHandlerMapping : Mapped to com.cash_flow_app.apicashflow.controller.UserController#signup(UserDto)
2023-11-28T22:11:57.165-05:00 DEBUG 27472 --- [           main] s.w.s.m.m.a.RequestMappingHandlerMapping : Mapped to com.cash_flow_app.apicashflow.controller.UserController#signup(UserDto)
2023-11-28T22:11:57.165-05:00 DEBUG 27472 --- [           main] s.w.s.m.m.a.RequestMappingHandlerMapping : Mapped to com.cash_flow_app.apicashflow.controller.UserController#signup(UserDto)
2023-11-28T22:11:57.165-05:00 DEBUG 27472 --- [           main] s.w.s.m.m.a.RequestMappingHandlerMapping : Mapped to com.cash_flow_app.apicashflow.controller.UserController#signup(UserDto)
2023-11-28T22:11:57.165-05:00 DEBUG 27472 --- [           main] s.w.s.m.m.a.RequestMappingHandlerMapping : Mapped to com.cash_flow_app.apicashflow.controller.UserController#signup(UserDto)
2023-11-28T22:11:57.165-05:00 DEBUG 27472 --- [           main] s.w.s.m.m.a.RequestMappingHandlerMapping : Mapped to com.cash_flow_app.apicashflow.controller.UserController#signup(UserDto)
2023-11-28T22:11:57.165-05:00 DEBUG 27472 --- [           main] o.s.security.web.FilterChainProxy        : Secured POST /api/v1/user/signup
2023-11-28T22:11:57.165-05:00 DEBUG 27472 --- [           main] o.s.t.web.servlet.TestDispatcherServlet  : POST "/api/v1/user/signup", parameters={masked}
2023-11-28T22:11:57.165-05:00 DEBUG 27472 --- [           main] s.w.s.m.m.a.RequestMappingHandlerMapping : Mapped to com.cash_flow_app.apicashflow.controller.UserController#signup(UserDto)
2023-11-28T22:11:57.165-05:00 DEBUG 27472 --- [           main] m.m.a.RequestResponseBodyMethodProcessor : Read "application/json;charset=UTF-8" to [UserDto(username=usuario_test, password=123456, authorities=[{endpoint=Account, actions=[CREATE, REA (truncated)...]
2023-11-28T22:11:57.166-05:00 DEBUG 27472 --- [           main] org.hibernate.orm.sql.ast.create         : Created new SQL alias : a1_0
2023-11-28T22:11:57.166-05:00 DEBUG 27472 --- [           main] org.hibernate.orm.sql.ast.create         : Registration of TableGroup [StandardTableGroup(com.cash_flow_app.apicashflow.entities_repositories_and_services.base.authority.Authority(35202161494041))] with identifierForTableGroup [com.cash_flow_app.apicashflow.entities_repositories_and_services.base.authority.Authority] for NavigablePath [com.cash_flow_app.apicashflow.entities_repositories_and_services.base.authority.Authority] 
2023-11-28T22:11:57.166-05:00 DEBUG 27472 --- [           main] o.h.q.sqm.sql.BaseSqmToSqlAstConverter   : Determining mapping-model type for SqmParameter : org.hibernate.query.sqm.tree.expression.SqmJpaCriteriaParameterWrapper@4c368165
2023-11-28T22:11:57.166-05:00 DEBUG 27472 --- [           main] o.h.q.sqm.sql.BaseSqmToSqlAstConverter   : Determining mapping-model type for SqmPath : SqmBasicValuedSimplePath(com.cash_flow_app.apicashflow.entities_repositories_and_services.base.authority.Authority(35202161494041).permission) 
2023-11-28T22:11:57.166-05:00 DEBUG 27472 --- [           main] o.h.q.sqm.sql.BaseSqmToSqlAstConverter   : Determining mapping-model type for SqmParameter : org.hibernate.query.sqm.tree.expression.SqmJpaCriteriaParameterWrapper@74575124
2023-11-28T22:11:57.166-05:00 DEBUG 27472 --- [           main] o.h.q.sqm.sql.BaseSqmToSqlAstConverter   : Determining mapping-model type for SqmPath : SqmBasicValuedSimplePath(com.cash_flow_app.apicashflow.entities_repositories_and_services.base.authority.Authority(35202161494041).endpoint) 
2023-11-28T22:11:57.166-05:00 DEBUG 27472 --- [           main] org.hibernate.orm.results.graph.AST      : DomainResult Graph:
 \-EntityResultImpl [com.cash_flow_app.apicashflow.entities_repositories_and_services.base.authority.Authority(35202161494041)]
 |  +-BasicFetch [com.cash_flow_app.apicashflow.entities_repositories_and_services.base.authority.Authority(35202161494041).endpoint]
 |  \-BasicFetch [com.cash_flow_app.apicashflow.entities_repositories_and_services.base.authority.Authority(35202161494041).permission]

2023-11-28T22:11:57.166-05:00 DEBUG 27472 --- [           main] org.hibernate.orm.sql.ast.tree           : SQL AST Tree:
    SelectStatement {
      FromClause {
        StandardTableGroup (a1 : com.cash_flow_app.apicashflow.entities_repositories_and_services.base.authority.Authority(35202161494041)) {
          primaryTableReference : authorities as a1_0
        }
      }
    }

2023-11-28T22:11:57.166-05:00 DEBUG 27472 --- [           main] org.hibernate.orm.sql.exec               : Skipping reading Query result cache data: cache-enabled = false, cache-mode = NORMAL
2023-11-28T22:11:57.166-05:00 DEBUG 27472 --- [           main] org.hibernate.orm.results                : Initializer list
2023-11-28T22:11:57.166-05:00 DEBUG 27472 --- [           main] org.hibernate.orm.results                :     com.cash_flow_app.apicashflow.entities_repositories_and_services.base.authority.Authority(35202161494041) -> EntityResultInitializer(com.cash_flow_app.apicashflow.entities_repositories_and_services.base.authority.Authority(35202161494041))@1551354690 (SingleTableEntityPersister(com.cash_flow_app.apicashflow.entities_repositories_and_services.base.authority.Authority))
2023-11-28T22:11:57.166-05:00 DEBUG 27472 --- [           main] org.hibernate.SQL                        : 
    select
        a1_0.id,
        a1_0.endpoint,
        a1_0.permission 
    from
        authorities a1_0 
    where
        a1_0.permission=? 
        and a1_0.endpoint=?
2023-11-28T22:11:57.166-05:00 DEBUG 27472 --- [           main] org.hibernate.orm.results                : Extracted JDBC value [0] - [9aaf7d40-45f6-4ab6-90a9-a23f4c1b5f2f]
2023-11-28T22:11:57.166-05:00 DEBUG 27472 --- [           main] o.hibernate.orm.results.loading.entity   : (EntityResultInitializer) Hydrated EntityKey (com.cash_flow_app.apicashflow.entities_repositories_and_services.base.authority.Authority(35202161494041)): 9aaf7d40-45f6-4ab6-90a9-a23f4c1b5f2f
2023-11-28T22:11:57.166-05:00 DEBUG 27472 --- [           main] o.hibernate.orm.results.loading.entity   : (EntityResultInitializer) Created new entity instance [com.cash_flow_app.apicashflow.entities_repositories_and_services.base.authority.Authority(35202161494041)#9aaf7d40-45f6-4ab6-90a9-a23f4c1b5f2f] : com.cash_flow_app.apicashflow.entities_repositories_and_services.base.authority.Authority@38905461
2023-11-28T22:11:57.166-05:00 DEBUG 27472 --- [           main] org.hibernate.orm.results                : Extracted JDBC value [1] - [Account]
2023-11-28T22:11:57.166-05:00 DEBUG 27472 --- [           main] org.hibernate.orm.results                : Extracted JDBC value [2] - [CREATE]
2023-11-28T22:11:57.166-05:00 DEBUG 27472 --- [           main] o.hibernate.orm.results.loading.entity   : (EntityResultInitializer) Done materializing entityInstance : com.cash_flow_app.apicashflow.entities_repositories_and_services.base.authority.Authority(35202161494041)#9aaf7d40-45f6-4ab6-90a9-a23f4c1b5f2f
2023-11-28T22:11:57.166-05:00 DEBUG 27472 --- [           main] org.hibernate.orm.results.loading        : Calling top-level assembler (0 / 1) : org.hibernate.sql.results.graph.entity.internal.EntityAssembler@5a5fb5ea
2023-11-28T22:11:57.167-05:00 DEBUG 27472 --- [           main] org.hibernate.orm.sql.ast.create         : Created new SQL alias : a1_0
2023-11-28T22:11:57.167-05:00 DEBUG 27472 --- [           main] org.hibernate.orm.sql.ast.create         : Registration of TableGroup [StandardTableGroup(com.cash_flow_app.apicashflow.entities_repositories_and_services.base.authority.Authority(35202161494041))] with identifierForTableGroup [com.cash_flow_app.apicashflow.entities_repositories_and_services.base.authority.Authority] for NavigablePath [com.cash_flow_app.apicashflow.entities_repositories_and_services.base.authority.Authority] 
2023-11-28T22:11:57.167-05:00 DEBUG 27472 --- [           main] o.h.q.sqm.sql.BaseSqmToSqlAstConverter   : Determining mapping-model type for SqmParameter : org.hibernate.query.sqm.tree.expression.SqmJpaCriteriaParameterWrapper@5aca000e
2023-11-28T22:11:57.167-05:00 DEBUG 27472 --- [           main] o.h.q.sqm.sql.BaseSqmToSqlAstConverter   : Determining mapping-model type for SqmPath : SqmBasicValuedSimplePath(com.cash_flow_app.apicashflow.entities_repositories_and_services.base.authority.Authority(35202161494041).permission) 
2023-11-28T22:11:57.167-05:00 DEBUG 27472 --- [           main] o.h.q.sqm.sql.BaseSqmToSqlAstConverter   : Determining mapping-model type for SqmParameter : org.hibernate.query.sqm.tree.expression.SqmJpaCriteriaParameterWrapper@2e3b7b0b
2023-11-28T22:11:57.167-05:00 DEBUG 27472 --- [           main] o.h.q.sqm.sql.BaseSqmToSqlAstConverter   : Determining mapping-model type for SqmPath : SqmBasicValuedSimplePath(com.cash_flow_app.apicashflow.entities_repositories_and_services.base.authority.Authority(35202161494041).endpoint) 
2023-11-28T22:11:57.167-05:00 DEBUG 27472 --- [           main] org.hibernate.orm.results.graph.AST      : DomainResult Graph:
 \-EntityResultImpl [com.cash_flow_app.apicashflow.entities_repositories_and_services.base.authority.Authority(35202161494041)]
 |  +-BasicFetch [com.cash_flow_app.apicashflow.entities_repositories_and_services.base.authority.Authority(35202161494041).endpoint]
 |  \-BasicFetch [com.cash_flow_app.apicashflow.entities_repositories_and_services.base.authority.Authority(35202161494041).permission]

2023-11-28T22:11:57.167-05:00 DEBUG 27472 --- [           main] org.hibernate.orm.sql.ast.tree           : SQL AST Tree:
    SelectStatement {
      FromClause {
        StandardTableGroup (a1 : com.cash_flow_app.apicashflow.entities_repositories_and_services.base.authority.Authority(35202161494041)) {
          primaryTableReference : authorities as a1_0
        }
      }
    }

2023-11-28T22:11:57.167-05:00 DEBUG 27472 --- [           main] o.h.e.i.AbstractFlushingEventListener    : Processing flush-time cascades
2023-11-28T22:11:57.167-05:00 DEBUG 27472 --- [           main] o.h.e.i.AbstractFlushingEventListener    : Dirty checking collections
2023-11-28T22:11:57.167-05:00 DEBUG 27472 --- [           main] o.h.e.i.AbstractFlushingEventListener    : Flushed: 0 insertions, 0 updates, 0 deletions to 1 objects
2023-11-28T22:11:57.167-05:00 DEBUG 27472 --- [           main] o.h.e.i.AbstractFlushingEventListener    : Flushed: 0 (re)creations, 0 updates, 0 removals to 0 collections
2023-11-28T22:11:57.167-05:00 DEBUG 27472 --- [           main] o.hibernate.internal.util.EntityPrinter  : Listing entities:
2023-11-28T22:11:57.167-05:00 DEBUG 27472 --- [           main] o.hibernate.internal.util.EntityPrinter  : com.cash_flow_app.apicashflow.entities_repositories_and_services.base.authority.Authority{endpoint=Account, permission=CREATE, id=9aaf7d40-45f6-4ab6-90a9-a23f4c1b5f2f}
2023-11-28T22:11:57.167-05:00 DEBUG 27472 --- [           main] org.hibernate.orm.sql.exec               : Skipping reading Query result cache data: cache-enabled = false, cache-mode = NORMAL
2023-11-28T22:11:57.167-05:00 DEBUG 27472 --- [           main] org.hibernate.orm.results                : Initializer list
2023-11-28T22:11:57.167-05:00 DEBUG 27472 --- [           main] org.hibernate.orm.results                :     com.cash_flow_app.apicashflow.entities_repositories_and_services.base.authority.Authority(35202161494041) -> EntityResultInitializer(com.cash_flow_app.apicashflow.entities_repositories_and_services.base.authority.Authority(35202161494041))@1278438758 (SingleTableEntityPersister(com.cash_flow_app.apicashflow.entities_repositories_and_services.base.authority.Authority))
2023-11-28T22:11:57.167-05:00 DEBUG 27472 --- [           main] org.hibernate.SQL                        : 
    select
        a1_0.id,
        a1_0.endpoint,
        a1_0.permission 
    from
        authorities a1_0 
    where
        a1_0.permission=? 
        and a1_0.endpoint=?
2023-11-28T22:11:57.167-05:00 DEBUG 27472 --- [           main] org.hibernate.orm.results                : Extracted JDBC value [0] - [b14a62f4-d04f-422a-a2a3-1f80e2635352]
2023-11-28T22:11:57.167-05:00 DEBUG 27472 --- [           main] o.hibernate.orm.results.loading.entity   : (EntityResultInitializer) Hydrated EntityKey (com.cash_flow_app.apicashflow.entities_repositories_and_services.base.authority.Authority(35202161494041)): b14a62f4-d04f-422a-a2a3-1f80e2635352
2023-11-28T22:11:57.167-05:00 DEBUG 27472 --- [           main] o.hibernate.orm.results.loading.entity   : (EntityResultInitializer) Created new entity instance [com.cash_flow_app.apicashflow.entities_repositories_and_services.base.authority.Authority(35202161494041)#b14a62f4-d04f-422a-a2a3-1f80e2635352] : com.cash_flow_app.apicashflow.entities_repositories_and_services.base.authority.Authority@47a55fdf
2023-11-28T22:11:57.167-05:00 DEBUG 27472 --- [           main] org.hibernate.orm.results                : Extracted JDBC value [1] - [Account]
2023-11-28T22:11:57.167-05:00 DEBUG 27472 --- [           main] org.hibernate.orm.results                : Extracted JDBC value [2] - [READ]
2023-11-28T22:11:57.167-05:00 DEBUG 27472 --- [           main] o.hibernate.orm.results.loading.entity   : (EntityResultInitializer) Done materializing entityInstance : com.cash_flow_app.apicashflow.entities_repositories_and_services.base.authority.Authority(35202161494041)#b14a62f4-d04f-422a-a2a3-1f80e2635352
2023-11-28T22:11:57.167-05:00 DEBUG 27472 --- [           main] org.hibernate.orm.results.loading        : Calling top-level assembler (0 / 1) : org.hibernate.sql.results.graph.entity.internal.EntityAssembler@10aa4210
2023-11-28T22:11:57.168-05:00 DEBUG 27472 --- [           main] org.hibernate.orm.sql.ast.create         : Created new SQL alias : a1_0
2023-11-28T22:11:57.168-05:00 DEBUG 27472 --- [           main] org.hibernate.orm.sql.ast.create         : Registration of TableGroup [StandardTableGroup(com.cash_flow_app.apicashflow.entities_repositories_and_services.base.authority.Authority(35202161494041))] with identifierForTableGroup [com.cash_flow_app.apicashflow.entities_repositories_and_services.base.authority.Authority] for NavigablePath [com.cash_flow_app.apicashflow.entities_repositories_and_services.base.authority.Authority] 
2023-11-28T22:11:57.168-05:00 DEBUG 27472 --- [           main] o.h.q.sqm.sql.BaseSqmToSqlAstConverter   : Determining mapping-model type for SqmParameter : org.hibernate.query.sqm.tree.expression.SqmJpaCriteriaParameterWrapper@a3ece9d
2023-11-28T22:11:57.168-05:00 DEBUG 27472 --- [           main] o.h.q.sqm.sql.BaseSqmToSqlAstConverter   : Determining mapping-model type for SqmPath : SqmBasicValuedSimplePath(com.cash_flow_app.apicashflow.entities_repositories_and_services.base.authority.Authority(35202161494041).permission) 
2023-11-28T22:11:57.168-05:00 DEBUG 27472 --- [           main] o.h.q.sqm.sql.BaseSqmToSqlAstConverter   : Determining mapping-model type for SqmParameter : org.hibernate.query.sqm.tree.expression.SqmJpaCriteriaParameterWrapper@675d209c
2023-11-28T22:11:57.168-05:00 DEBUG 27472 --- [           main] o.h.q.sqm.sql.BaseSqmToSqlAstConverter   : Determining mapping-model type for SqmPath : SqmBasicValuedSimplePath(com.cash_flow_app.apicashflow.entities_repositories_and_services.base.authority.Authority(35202161494041).endpoint) 
2023-11-28T22:11:57.168-05:00 DEBUG 27472 --- [           main] org.hibernate.orm.results.graph.AST      : DomainResult Graph:
 \-EntityResultImpl [com.cash_flow_app.apicashflow.entities_repositories_and_services.base.authority.Authority(35202161494041)]
 |  +-BasicFetch [com.cash_flow_app.apicashflow.entities_repositories_and_services.base.authority.Authority(35202161494041).endpoint]
 |  \-BasicFetch [com.cash_flow_app.apicashflow.entities_repositories_and_services.base.authority.Authority(35202161494041).permission]

2023-11-28T22:11:57.168-05:00 DEBUG 27472 --- [           main] org.hibernate.orm.sql.ast.tree           : SQL AST Tree:
    SelectStatement {
      FromClause {
        StandardTableGroup (a1 : com.cash_flow_app.apicashflow.entities_repositories_and_services.base.authority.Authority(35202161494041)) {
          primaryTableReference : authorities as a1_0
        }
      }
    }

2023-11-28T22:11:57.168-05:00 DEBUG 27472 --- [           main] o.h.e.i.AbstractFlushingEventListener    : Processing flush-time cascades
2023-11-28T22:11:57.168-05:00 DEBUG 27472 --- [           main] o.h.e.i.AbstractFlushingEventListener    : Dirty checking collections
2023-11-28T22:11:57.168-05:00 DEBUG 27472 --- [           main] o.h.e.i.AbstractFlushingEventListener    : Flushed: 0 insertions, 0 updates, 0 deletions to 2 objects
2023-11-28T22:11:57.168-05:00 DEBUG 27472 --- [           main] o.h.e.i.AbstractFlushingEventListener    : Flushed: 0 (re)creations, 0 updates, 0 removals to 0 collections
2023-11-28T22:11:57.168-05:00 DEBUG 27472 --- [           main] o.hibernate.internal.util.EntityPrinter  : Listing entities:
2023-11-28T22:11:57.168-05:00 DEBUG 27472 --- [           main] o.hibernate.internal.util.EntityPrinter  : com.cash_flow_app.apicashflow.entities_repositories_and_services.base.authority.Authority{endpoint=Account, permission=CREATE, id=9aaf7d40-45f6-4ab6-90a9-a23f4c1b5f2f}
2023-11-28T22:11:57.168-05:00 DEBUG 27472 --- [           main] o.hibernate.internal.util.EntityPrinter  : com.cash_flow_app.apicashflow.entities_repositories_and_services.base.authority.Authority{endpoint=Account, permission=READ, id=b14a62f4-d04f-422a-a2a3-1f80e2635352}
2023-11-28T22:11:57.168-05:00 DEBUG 27472 --- [           main] org.hibernate.orm.sql.exec               : Skipping reading Query result cache data: cache-enabled = false, cache-mode = NORMAL
2023-11-28T22:11:57.168-05:00 DEBUG 27472 --- [           main] org.hibernate.orm.results                : Initializer list
2023-11-28T22:11:57.168-05:00 DEBUG 27472 --- [           main] org.hibernate.orm.results                :     com.cash_flow_app.apicashflow.entities_repositories_and_services.base.authority.Authority(35202161494041) -> EntityResultInitializer(com.cash_flow_app.apicashflow.entities_repositories_and_services.base.authority.Authority(35202161494041))@980567009 (SingleTableEntityPersister(com.cash_flow_app.apicashflow.entities_repositories_and_services.base.authority.Authority))
2023-11-28T22:11:57.168-05:00 DEBUG 27472 --- [           main] org.hibernate.SQL                        : 
    select
        a1_0.id,
        a1_0.endpoint,
        a1_0.permission 
    from
        authorities a1_0 
    where
        a1_0.permission=? 
        and a1_0.endpoint=?
2023-11-28T22:11:57.168-05:00 DEBUG 27472 --- [           main] org.hibernate.orm.results                : Extracted JDBC value [0] - [363894b3-8bdc-4764-ad13-d91f872e1a95]
2023-11-28T22:11:57.168-05:00 DEBUG 27472 --- [           main] o.hibernate.orm.results.loading.entity   : (EntityResultInitializer) Hydrated EntityKey (com.cash_flow_app.apicashflow.entities_repositories_and_services.base.authority.Authority(35202161494041)): 363894b3-8bdc-4764-ad13-d91f872e1a95
2023-11-28T22:11:57.168-05:00 DEBUG 27472 --- [           main] o.hibernate.orm.results.loading.entity   : (EntityResultInitializer) Created new entity instance [com.cash_flow_app.apicashflow.entities_repositories_and_services.base.authority.Authority(35202161494041)#363894b3-8bdc-4764-ad13-d91f872e1a95] : com.cash_flow_app.apicashflow.entities_repositories_and_services.base.authority.Authority@2119bb3d
2023-11-28T22:11:57.168-05:00 DEBUG 27472 --- [           main] org.hibernate.orm.results                : Extracted JDBC value [1] - [Account]
2023-11-28T22:11:57.168-05:00 DEBUG 27472 --- [           main] org.hibernate.orm.results                : Extracted JDBC value [2] - [DELETE]
2023-11-28T22:11:57.168-05:00 DEBUG 27472 --- [           main] o.hibernate.orm.results.loading.entity   : (EntityResultInitializer) Done materializing entityInstance : com.cash_flow_app.apicashflow.entities_repositories_and_services.base.authority.Authority(35202161494041)#363894b3-8bdc-4764-ad13-d91f872e1a95
2023-11-28T22:11:57.168-05:00 DEBUG 27472 --- [           main] org.hibernate.orm.results.loading        : Calling top-level assembler (0 / 1) : org.hibernate.sql.results.graph.entity.internal.EntityAssembler@95c89b4
2023-11-28T22:11:57.168-05:00 DEBUG 27472 --- [           main] org.hibernate.orm.sql.ast.create         : Created new SQL alias : a1_0
2023-11-28T22:11:57.168-05:00 DEBUG 27472 --- [           main] org.hibernate.orm.sql.ast.create         : Registration of TableGroup [StandardTableGroup(com.cash_flow_app.apicashflow.entities_repositories_and_services.base.authority.Authority(35202161494041))] with identifierForTableGroup [com.cash_flow_app.apicashflow.entities_repositories_and_services.base.authority.Authority] for NavigablePath [com.cash_flow_app.apicashflow.entities_repositories_and_services.base.authority.Authority] 
2023-11-28T22:11:57.168-05:00 DEBUG 27472 --- [           main] o.h.q.sqm.sql.BaseSqmToSqlAstConverter   : Determining mapping-model type for SqmParameter : org.hibernate.query.sqm.tree.expression.SqmJpaCriteriaParameterWrapper@b2b3a40
2023-11-28T22:11:57.168-05:00 DEBUG 27472 --- [           main] o.h.q.sqm.sql.BaseSqmToSqlAstConverter   : Determining mapping-model type for SqmPath : SqmBasicValuedSimplePath(com.cash_flow_app.apicashflow.entities_repositories_and_services.base.authority.Authority(35202161494041).permission) 
2023-11-28T22:11:57.169-05:00 DEBUG 27472 --- [           main] o.h.q.sqm.sql.BaseSqmToSqlAstConverter   : Determining mapping-model type for SqmParameter : org.hibernate.query.sqm.tree.expression.SqmJpaCriteriaParameterWrapper@b0bb7f1
2023-11-28T22:11:57.169-05:00 DEBUG 27472 --- [           main] o.h.q.sqm.sql.BaseSqmToSqlAstConverter   : Determining mapping-model type for SqmPath : SqmBasicValuedSimplePath(com.cash_flow_app.apicashflow.entities_repositories_and_services.base.authority.Authority(35202161494041).endpoint) 
2023-11-28T22:11:57.169-05:00 DEBUG 27472 --- [           main] org.hibernate.orm.results.graph.AST      : DomainResult Graph:
 \-EntityResultImpl [com.cash_flow_app.apicashflow.entities_repositories_and_services.base.authority.Authority(35202161494041)]
 |  +-BasicFetch [com.cash_flow_app.apicashflow.entities_repositories_and_services.base.authority.Authority(35202161494041).endpoint]
 |  \-BasicFetch [com.cash_flow_app.apicashflow.entities_repositories_and_services.base.authority.Authority(35202161494041).permission]

2023-11-28T22:11:57.169-05:00 DEBUG 27472 --- [           main] org.hibernate.orm.sql.ast.tree           : SQL AST Tree:
    SelectStatement {
      FromClause {
        StandardTableGroup (a1 : com.cash_flow_app.apicashflow.entities_repositories_and_services.base.authority.Authority(35202161494041)) {
          primaryTableReference : authorities as a1_0
        }
      }
    }

2023-11-28T22:11:57.169-05:00 DEBUG 27472 --- [           main] o.h.e.i.AbstractFlushingEventListener    : Processing flush-time cascades
2023-11-28T22:11:57.169-05:00 DEBUG 27472 --- [           main] o.h.e.i.AbstractFlushingEventListener    : Dirty checking collections
2023-11-28T22:11:57.169-05:00 DEBUG 27472 --- [           main] o.h.e.i.AbstractFlushingEventListener    : Flushed: 0 insertions, 0 updates, 0 deletions to 3 objects
2023-11-28T22:11:57.169-05:00 DEBUG 27472 --- [           main] o.h.e.i.AbstractFlushingEventListener    : Flushed: 0 (re)creations, 0 updates, 0 removals to 0 collections
2023-11-28T22:11:57.169-05:00 DEBUG 27472 --- [           main] o.hibernate.internal.util.EntityPrinter  : Listing entities:
2023-11-28T22:11:57.169-05:00 DEBUG 27472 --- [           main] o.hibernate.internal.util.EntityPrinter  : com.cash_flow_app.apicashflow.entities_repositories_and_services.base.authority.Authority{endpoint=Account, permission=DELETE, id=363894b3-8bdc-4764-ad13-d91f872e1a95}
2023-11-28T22:11:57.169-05:00 DEBUG 27472 --- [           main] o.hibernate.internal.util.EntityPrinter  : com.cash_flow_app.apicashflow.entities_repositories_and_services.base.authority.Authority{endpoint=Account, permission=CREATE, id=9aaf7d40-45f6-4ab6-90a9-a23f4c1b5f2f}
2023-11-28T22:11:57.169-05:00 DEBUG 27472 --- [           main] o.hibernate.internal.util.EntityPrinter  : com.cash_flow_app.apicashflow.entities_repositories_and_services.base.authority.Authority{endpoint=Account, permission=READ, id=b14a62f4-d04f-422a-a2a3-1f80e2635352}
2023-11-28T22:11:57.169-05:00 DEBUG 27472 --- [           main] org.hibernate.orm.sql.exec               : Skipping reading Query result cache data: cache-enabled = false, cache-mode = NORMAL
2023-11-28T22:11:57.169-05:00 DEBUG 27472 --- [           main] org.hibernate.orm.results                : Initializer list
2023-11-28T22:11:57.169-05:00 DEBUG 27472 --- [           main] org.hibernate.orm.results                :     com.cash_flow_app.apicashflow.entities_repositories_and_services.base.authority.Authority(35202161494041) -> EntityResultInitializer(com.cash_flow_app.apicashflow.entities_repositories_and_services.base.authority.Authority(35202161494041))@236077926 (SingleTableEntityPersister(com.cash_flow_app.apicashflow.entities_repositories_and_services.base.authority.Authority))
2023-11-28T22:11:57.169-05:00 DEBUG 27472 --- [           main] org.hibernate.SQL                        : 
    select
        a1_0.id,
        a1_0.endpoint,
        a1_0.permission 
    from
        authorities a1_0 
    where
        a1_0.permission=? 
        and a1_0.endpoint=?
2023-11-28T22:11:57.169-05:00 DEBUG 27472 --- [           main] org.hibernate.orm.results                : Extracted JDBC value [0] - [f4f135be-a2b5-48d1-a9d0-2b14e82cc373]
2023-11-28T22:11:57.169-05:00 DEBUG 27472 --- [           main] o.hibernate.orm.results.loading.entity   : (EntityResultInitializer) Hydrated EntityKey (com.cash_flow_app.apicashflow.entities_repositories_and_services.base.authority.Authority(35202161494041)): f4f135be-a2b5-48d1-a9d0-2b14e82cc373
2023-11-28T22:11:57.169-05:00 DEBUG 27472 --- [           main] o.hibernate.orm.results.loading.entity   : (EntityResultInitializer) Created new entity instance [com.cash_flow_app.apicashflow.entities_repositories_and_services.base.authority.Authority(35202161494041)#f4f135be-a2b5-48d1-a9d0-2b14e82cc373] : com.cash_flow_app.apicashflow.entities_repositories_and_services.base.authority.Authority@5c72e534
2023-11-28T22:11:57.169-05:00 DEBUG 27472 --- [           main] org.hibernate.orm.results                : Extracted JDBC value [1] - [User]
2023-11-28T22:11:57.169-05:00 DEBUG 27472 --- [           main] org.hibernate.orm.results                : Extracted JDBC value [2] - [CREATE]
2023-11-28T22:11:57.169-05:00 DEBUG 27472 --- [           main] o.hibernate.orm.results.loading.entity   : (EntityResultInitializer) Done materializing entityInstance : com.cash_flow_app.apicashflow.entities_repositories_and_services.base.authority.Authority(35202161494041)#f4f135be-a2b5-48d1-a9d0-2b14e82cc373
2023-11-28T22:11:57.169-05:00 DEBUG 27472 --- [           main] org.hibernate.orm.results.loading        : Calling top-level assembler (0 / 1) : org.hibernate.sql.results.graph.entity.internal.EntityAssembler@406794af
2023-11-28T22:11:57.169-05:00 DEBUG 27472 --- [           main] org.hibernate.orm.sql.ast.create         : Created new SQL alias : a1_0
2023-11-28T22:11:57.169-05:00 DEBUG 27472 --- [           main] org.hibernate.orm.sql.ast.create         : Registration of TableGroup [StandardTableGroup(com.cash_flow_app.apicashflow.entities_repositories_and_services.base.authority.Authority(35202161494041))] with identifierForTableGroup [com.cash_flow_app.apicashflow.entities_repositories_and_services.base.authority.Authority] for NavigablePath [com.cash_flow_app.apicashflow.entities_repositories_and_services.base.authority.Authority] 
2023-11-28T22:11:57.169-05:00 DEBUG 27472 --- [           main] o.h.q.sqm.sql.BaseSqmToSqlAstConverter   : Determining mapping-model type for SqmParameter : org.hibernate.query.sqm.tree.expression.SqmJpaCriteriaParameterWrapper@302f535b
2023-11-28T22:11:57.170-05:00 DEBUG 27472 --- [           main] o.h.q.sqm.sql.BaseSqmToSqlAstConverter   : Determining mapping-model type for SqmPath : SqmBasicValuedSimplePath(com.cash_flow_app.apicashflow.entities_repositories_and_services.base.authority.Authority(35202161494041).permission) 
2023-11-28T22:11:57.170-05:00 DEBUG 27472 --- [           main] o.h.q.sqm.sql.BaseSqmToSqlAstConverter   : Determining mapping-model type for SqmParameter : org.hibernate.query.sqm.tree.expression.SqmJpaCriteriaParameterWrapper@3d3efa54
2023-11-28T22:11:57.170-05:00 DEBUG 27472 --- [           main] o.h.q.sqm.sql.BaseSqmToSqlAstConverter   : Determining mapping-model type for SqmPath : SqmBasicValuedSimplePath(com.cash_flow_app.apicashflow.entities_repositories_and_services.base.authority.Authority(35202161494041).endpoint) 
2023-11-28T22:11:57.170-05:00 DEBUG 27472 --- [           main] org.hibernate.orm.results.graph.AST      : DomainResult Graph:
 \-EntityResultImpl [com.cash_flow_app.apicashflow.entities_repositories_and_services.base.authority.Authority(35202161494041)]
 |  +-BasicFetch [com.cash_flow_app.apicashflow.entities_repositories_and_services.base.authority.Authority(35202161494041).endpoint]
 |  \-BasicFetch [com.cash_flow_app.apicashflow.entities_repositories_and_services.base.authority.Authority(35202161494041).permission]

2023-11-28T22:11:57.170-05:00 DEBUG 27472 --- [           main] org.hibernate.orm.sql.ast.tree           : SQL AST Tree:
    SelectStatement {
      FromClause {
        StandardTableGroup (a1 : com.cash_flow_app.apicashflow.entities_repositories_and_services.base.authority.Authority(35202161494041)) {
          primaryTableReference : authorities as a1_0
        }
      }
    }

2023-11-28T22:11:57.170-05:00 DEBUG 27472 --- [           main] o.h.e.i.AbstractFlushingEventListener    : Processing flush-time cascades
2023-11-28T22:11:57.170-05:00 DEBUG 27472 --- [           main] o.h.e.i.AbstractFlushingEventListener    : Dirty checking collections
2023-11-28T22:11:57.170-05:00 DEBUG 27472 --- [           main] o.h.e.i.AbstractFlushingEventListener    : Flushed: 0 insertions, 0 updates, 0 deletions to 4 objects
2023-11-28T22:11:57.170-05:00 DEBUG 27472 --- [           main] o.h.e.i.AbstractFlushingEventListener    : Flushed: 0 (re)creations, 0 updates, 0 removals to 0 collections
2023-11-28T22:11:57.170-05:00 DEBUG 27472 --- [           main] o.hibernate.internal.util.EntityPrinter  : Listing entities:
2023-11-28T22:11:57.170-05:00 DEBUG 27472 --- [           main] o.hibernate.internal.util.EntityPrinter  : com.cash_flow_app.apicashflow.entities_repositories_and_services.base.authority.Authority{endpoint=User, permission=CREATE, id=f4f135be-a2b5-48d1-a9d0-2b14e82cc373}
2023-11-28T22:11:57.170-05:00 DEBUG 27472 --- [           main] o.hibernate.internal.util.EntityPrinter  : com.cash_flow_app.apicashflow.entities_repositories_and_services.base.authority.Authority{endpoint=Account, permission=DELETE, id=363894b3-8bdc-4764-ad13-d91f872e1a95}
2023-11-28T22:11:57.170-05:00 DEBUG 27472 --- [           main] o.hibernate.internal.util.EntityPrinter  : com.cash_flow_app.apicashflow.entities_repositories_and_services.base.authority.Authority{endpoint=Account, permission=CREATE, id=9aaf7d40-45f6-4ab6-90a9-a23f4c1b5f2f}
2023-11-28T22:11:57.170-05:00 DEBUG 27472 --- [           main] o.hibernate.internal.util.EntityPrinter  : com.cash_flow_app.apicashflow.entities_repositories_and_services.base.authority.Authority{endpoint=Account, permission=READ, id=b14a62f4-d04f-422a-a2a3-1f80e2635352}
2023-11-28T22:11:57.170-05:00 DEBUG 27472 --- [           main] org.hibernate.orm.sql.exec               : Skipping reading Query result cache data: cache-enabled = false, cache-mode = NORMAL
2023-11-28T22:11:57.170-05:00 DEBUG 27472 --- [           main] org.hibernate.orm.results                : Initializer list
2023-11-28T22:11:57.170-05:00 DEBUG 27472 --- [           main] org.hibernate.orm.results                :     com.cash_flow_app.apicashflow.entities_repositories_and_services.base.authority.Authority(35202161494041) -> EntityResultInitializer(com.cash_flow_app.apicashflow.entities_repositories_and_services.base.authority.Authority(35202161494041))@180961925 (SingleTableEntityPersister(com.cash_flow_app.apicashflow.entities_repositories_and_services.base.authority.Authority))
2023-11-28T22:11:57.170-05:00 DEBUG 27472 --- [           main] org.hibernate.SQL                        : 
    select
        a1_0.id,
        a1_0.endpoint,
        a1_0.permission 
    from
        authorities a1_0 
    where
        a1_0.permission=? 
        and a1_0.endpoint=?
2023-11-28T22:11:57.170-05:00 DEBUG 27472 --- [           main] org.hibernate.orm.results                : Extracted JDBC value [0] - [35481739-2447-454f-8ec3-daf467bb2ae5]
2023-11-28T22:11:57.170-05:00 DEBUG 27472 --- [           main] o.hibernate.orm.results.loading.entity   : (EntityResultInitializer) Hydrated EntityKey (com.cash_flow_app.apicashflow.entities_repositories_and_services.base.authority.Authority(35202161494041)): 35481739-2447-454f-8ec3-daf467bb2ae5
2023-11-28T22:11:57.170-05:00 DEBUG 27472 --- [           main] o.hibernate.orm.results.loading.entity   : (EntityResultInitializer) Created new entity instance [com.cash_flow_app.apicashflow.entities_repositories_and_services.base.authority.Authority(35202161494041)#35481739-2447-454f-8ec3-daf467bb2ae5] : com.cash_flow_app.apicashflow.entities_repositories_and_services.base.authority.Authority@384abf00
2023-11-28T22:11:57.170-05:00 DEBUG 27472 --- [           main] org.hibernate.orm.results                : Extracted JDBC value [1] - [User]
2023-11-28T22:11:57.170-05:00 DEBUG 27472 --- [           main] org.hibernate.orm.results                : Extracted JDBC value [2] - [READ]
2023-11-28T22:11:57.170-05:00 DEBUG 27472 --- [           main] o.hibernate.orm.results.loading.entity   : (EntityResultInitializer) Done materializing entityInstance : com.cash_flow_app.apicashflow.entities_repositories_and_services.base.authority.Authority(35202161494041)#35481739-2447-454f-8ec3-daf467bb2ae5
2023-11-28T22:11:57.170-05:00 DEBUG 27472 --- [           main] org.hibernate.orm.results.loading        : Calling top-level assembler (0 / 1) : org.hibernate.sql.results.graph.entity.internal.EntityAssembler@78571fe6
2023-11-28T22:11:57.246-05:00 DEBUG 27472 --- [           main] o.s.orm.jpa.JpaTransactionManager        : Found thread-bound EntityManager [SessionImpl(1629169751<open>)] for JPA transaction
2023-11-28T22:11:57.246-05:00 DEBUG 27472 --- [           main] o.s.orm.jpa.JpaTransactionManager        : Participating in existing transaction
2023-11-28T22:11:57.246-05:00 DEBUG 27472 --- [           main] o.h.j.internal.PersistenceUnitUtilImpl   : jakarta.persistence.PersistenceUnitUtil.getIdentifier is only intended to work with enhanced entities (although Hibernate also adapts this support to its proxies); however the passed entity was not enhanced (nor a proxy).. may not be able to read identifier
2023-11-28T22:11:57.246-05:00 DEBUG 27472 --- [           main] o.h.e.i.AbstractSaveEventListener        : Generated identifier: 3220217d-8abd-4936-8088-827abd66e864, using strategy: org.hibernate.id.UUIDGenerator
2023-11-28T22:11:57.247-05:00 DEBUG 27472 --- [           main] o.s.w.s.m.m.a.HttpEntityMethodProcessor  : Using 'application/json', given [*/*] and supported [application/json, application/*+json]
2023-11-28T22:11:57.247-05:00 DEBUG 27472 --- [           main] o.s.w.s.m.m.a.HttpEntityMethodProcessor  : Writing [UserResponseDto(username=usuario_test, password=null, token_auth=eyJhbGciOiJIUzUxMiJ9.eyJzdWIiOiJ1c3 (truncated)...]
2023-11-28T22:11:57.248-05:00 DEBUG 27472 --- [           main] o.s.t.web.servlet.TestDispatcherServlet  : Completed 200 OK
2023-11-28T22:11:57.249-05:00 DEBUG 27472 --- [           main] o.s.test.util.ReflectionTestUtils        : Invoking method 'getFilters' on target object [FilterChainProxy[Filter Chains: [DefaultSecurityFilterChain [RequestMatcher=any request, Filters=[org.springframework.security.web.session.DisableEncodeUrlFilter@120e3ebb, org.springframework.security.web.session.ForceEagerSessionCreationFilter@753f1c3e, org.springframework.security.web.context.request.async.WebAsyncManagerIntegrationFilter@5e9af5d4, org.springframework.security.web.context.SecurityContextHolderFilter@1d18e5ad, org.springframework.security.web.header.HeaderWriterFilter@73b68d98, org.springframework.web.filter.CorsFilter@7863e6b2, org.springframework.security.web.authentication.logout.LogoutFilter@1e5a8278, JWTAuthorizationFilter(loginService=com.cash_flow_app.apicashflow.entities_repositories_and_services.base.security.LoginService@508b9c16), com.cash_flow_app.apicashflow.entities_repositories_and_services.base.security.JWTAuthenticationFilter@6fd2b939, org.springframework.security.web.savedrequest.RequestCacheAwareFilter@11def039, org.springframework.security.web.servletapi.SecurityContextHolderAwareRequestFilter@564375d7, org.springframework.security.web.authentication.AnonymousAuthenticationFilter@c4aa99e, org.springframework.security.web.session.SessionManagementFilter@69af6978, org.springframework.security.web.access.ExceptionTranslationFilter@4469046b, org.springframework.security.web.access.intercept.AuthorizationFilter@588d2e90]]]]] or target class [null] with arguments {org.springframework.mock.web.MockHttpServletRequest@714f3e27}
2023-11-28T22:11:57.249-05:00 DEBUG 27472 --- [           main] o.s.test.util.ReflectionTestUtils        : Invoking method 'getFilters' on target object [FilterChainProxy[Filter Chains: [DefaultSecurityFilterChain [RequestMatcher=any request, Filters=[org.springframework.security.web.session.DisableEncodeUrlFilter@120e3ebb, org.springframework.security.web.session.ForceEagerSessionCreationFilter@753f1c3e, org.springframework.security.web.context.request.async.WebAsyncManagerIntegrationFilter@5e9af5d4, org.springframework.security.web.context.SecurityContextHolderFilter@1d18e5ad, org.springframework.security.web.header.HeaderWriterFilter@73b68d98, org.springframework.web.filter.CorsFilter@7863e6b2, org.springframework.security.web.authentication.logout.LogoutFilter@1e5a8278, JWTAuthorizationFilter(loginService=com.cash_flow_app.apicashflow.entities_repositories_and_services.base.security.LoginService@508b9c16), com.cash_flow_app.apicashflow.entities_repositories_and_services.base.security.JWTAuthenticationFilter@6fd2b939, org.springframework.security.web.savedrequest.RequestCacheAwareFilter@11def039, org.springframework.security.web.servletapi.SecurityContextHolderAwareRequestFilter@564375d7, org.springframework.security.web.authentication.AnonymousAuthenticationFilter@c4aa99e, org.springframework.security.web.session.SessionManagementFilter@69af6978, org.springframework.security.web.access.ExceptionTranslationFilter@4469046b, org.springframework.security.web.access.intercept.AuthorizationFilter@588d2e90]]]]] or target class [null] with arguments {org.springframework.mock.web.MockHttpServletRequest@714f3e27}
2023-11-28T22:11:57.249-05:00 DEBUG 27472 --- [           main] o.s.test.util.ReflectionTestUtils        : Invoking method 'getFilters' on target object [FilterChainProxy[Filter Chains: [DefaultSecurityFilterChain [RequestMatcher=any request, Filters=[org.springframework.security.web.session.DisableEncodeUrlFilter@120e3ebb, org.springframework.security.web.session.ForceEagerSessionCreationFilter@753f1c3e, org.springframework.security.web.context.request.async.WebAsyncManagerIntegrationFilter@5e9af5d4, org.springframework.security.web.context.SecurityContextHolderFilter@1d18e5ad, org.springframework.security.web.header.HeaderWriterFilter@73b68d98, org.springframework.web.filter.CorsFilter@7863e6b2, org.springframework.security.web.authentication.logout.LogoutFilter@1e5a8278, JWTAuthorizationFilter(loginService=com.cash_flow_app.apicashflow.entities_repositories_and_services.base.security.LoginService@508b9c16), com.cash_flow_app.apicashflow.entities_repositories_and_services.base.security.JWTAuthenticationFilter@6fd2b939, org.springframework.security.web.savedrequest.RequestCacheAwareFilter@11def039, org.springframework.security.web.servletapi.SecurityContextHolderAwareRequestFilter@564375d7, org.springframework.security.web.authentication.AnonymousAuthenticationFilter@c4aa99e, org.springframework.security.web.session.SessionManagementFilter@69af6978, org.springframework.security.web.access.ExceptionTranslationFilter@4469046b, org.springframework.security.web.access.intercept.AuthorizationFilter@588d2e90]]]]] or target class [null] with arguments {org.springframework.mock.web.MockHttpServletRequest@714f3e27}
2023-11-28T22:11:57.249-05:00 DEBUG 27472 --- [           main] o.s.security.web.FilterChainProxy        : Securing POST /api/v1/user/login
2023-11-28T22:11:57.249-05:00 DEBUG 27472 --- [           main] .s.s.w.s.ForceEagerSessionCreationFilter : Created session eagerly
2023-11-28T22:11:57.250-05:00 DEBUG 27472 --- [           main] org.hibernate.orm.sql.ast.create         : Created new SQL alias : u1_0
2023-11-28T22:11:57.250-05:00 DEBUG 27472 --- [           main] org.hibernate.orm.sql.ast.create         : Registration of TableGroup [StandardTableGroup(com.cash_flow_app.apicashflow.entities_repositories_and_services.base.user.User(35202153502500))] with identifierForTableGroup [com.cash_flow_app.apicashflow.entities_repositories_and_services.base.user.User] for NavigablePath [com.cash_flow_app.apicashflow.entities_repositories_and_services.base.user.User] 
2023-11-28T22:11:57.250-05:00 DEBUG 27472 --- [           main] o.h.q.sqm.sql.BaseSqmToSqlAstConverter   : Determining mapping-model type for SqmParameter : org.hibernate.query.sqm.tree.expression.SqmJpaCriteriaParameterWrapper@433dd165
2023-11-28T22:11:57.250-05:00 DEBUG 27472 --- [           main] o.h.q.sqm.sql.BaseSqmToSqlAstConverter   : Determining mapping-model type for SqmPath : SqmBasicValuedSimplePath(com.cash_flow_app.apicashflow.entities_repositories_and_services.base.user.User(35202153502500).username) 
2023-11-28T22:11:57.250-05:00 DEBUG 27472 --- [           main] org.hibernate.orm.results.graph.AST      : DomainResult Graph:
 \-EntityResultImpl [com.cash_flow_app.apicashflow.entities_repositories_and_services.base.user.User(35202153502500)]
 |  +-SelectEagerCollectionFetch [com.cash_flow_app.apicashflow.entities_repositories_and_services.base.user.User(35202153502500).accounts]
 |  +-SelectEagerCollectionFetch [com.cash_flow_app.apicashflow.entities_repositories_and_services.base.user.User(35202153502500).authorities]
 |  +-BasicFetch [com.cash_flow_app.apicashflow.entities_repositories_and_services.base.user.User(35202153502500).password]
 |  \-BasicFetch [com.cash_flow_app.apicashflow.entities_repositories_and_services.base.user.User(35202153502500).username]

2023-11-28T22:11:57.250-05:00 DEBUG 27472 --- [           main] org.hibernate.orm.sql.ast.tree           : SQL AST Tree:
    SelectStatement {
      FromClause {
        StandardTableGroup (u1 : com.cash_flow_app.apicashflow.entities_repositories_and_services.base.user.User(35202153502500)) {
          primaryTableReference : users as u1_0
        }
      }
    }

2023-11-28T22:11:57.250-05:00 DEBUG 27472 --- [           main] o.h.e.i.AbstractFlushingEventListener    : Processing flush-time cascades
2023-11-28T22:11:57.251-05:00 DEBUG 27472 --- [           main] o.h.e.i.AbstractFlushingEventListener    : Dirty checking collections
2023-11-28T22:11:57.251-05:00 DEBUG 27472 --- [           main] o.hibernate.engine.internal.Collections  : Collection found: [com.cash_flow_app.apicashflow.entities_repositories_and_services.base.user.User.authorities#3220217d-8abd-4936-8088-827abd66e864], was: [<unreferenced>] (initialized)
2023-11-28T22:11:57.251-05:00 DEBUG 27472 --- [           main] o.h.e.i.AbstractFlushingEventListener    : Flushed: 1 insertions, 0 updates, 0 deletions to 6 objects
2023-11-28T22:11:57.251-05:00 DEBUG 27472 --- [           main] o.h.e.i.AbstractFlushingEventListener    : Flushed: 1 (re)creations, 0 updates, 0 removals to 1 collections
2023-11-28T22:11:57.251-05:00 DEBUG 27472 --- [           main] o.hibernate.internal.util.EntityPrinter  : Listing entities:
2023-11-28T22:11:57.251-05:00 DEBUG 27472 --- [           main] o.hibernate.internal.util.EntityPrinter  : com.cash_flow_app.apicashflow.entities_repositories_and_services.base.authority.Authority{endpoint=User, permission=CREATE, id=f4f135be-a2b5-48d1-a9d0-2b14e82cc373}
2023-11-28T22:11:57.251-05:00 DEBUG 27472 --- [           main] o.hibernate.internal.util.EntityPrinter  : com.cash_flow_app.apicashflow.entities_repositories_and_services.base.authority.Authority{endpoint=User, permission=READ, id=35481739-2447-454f-8ec3-daf467bb2ae5}
2023-11-28T22:11:57.251-05:00 DEBUG 27472 --- [           main] o.hibernate.internal.util.EntityPrinter  : com.cash_flow_app.apicashflow.entities_repositories_and_services.base.authority.Authority{endpoint=Account, permission=DELETE, id=363894b3-8bdc-4764-ad13-d91f872e1a95}
2023-11-28T22:11:57.251-05:00 DEBUG 27472 --- [           main] o.hibernate.internal.util.EntityPrinter  : com.cash_flow_app.apicashflow.entities_repositories_and_services.base.user.User{password=$2a$10$fgokFmjCPXYk2eUFtl/H1eXsgH52hEvisPJa9jCRBomKy6gCJvHiS, id=3220217d-8abd-4936-8088-827abd66e864, accounts=null, authorities=[com.cash_flow_app.apicashflow.entities_repositories_and_services.base.authority.Authority#9aaf7d40-45f6-4ab6-90a9-a23f4c1b5f2f, com.cash_flow_app.apicashflow.entities_repositories_and_services.base.authority.Authority#b14a62f4-d04f-422a-a2a3-1f80e2635352, com.cash_flow_app.apicashflow.entities_repositories_and_services.base.authority.Authority#363894b3-8bdc-4764-ad13-d91f872e1a95, com.cash_flow_app.apicashflow.entities_repositories_and_services.base.authority.Authority#f4f135be-a2b5-48d1-a9d0-2b14e82cc373, com.cash_flow_app.apicashflow.entities_repositories_and_services.base.authority.Authority#35481739-2447-454f-8ec3-daf467bb2ae5], username=usuario_test}
2023-11-28T22:11:57.251-05:00 DEBUG 27472 --- [           main] o.hibernate.internal.util.EntityPrinter  : com.cash_flow_app.apicashflow.entities_repositories_and_services.base.authority.Authority{endpoint=Account, permission=CREATE, id=9aaf7d40-45f6-4ab6-90a9-a23f4c1b5f2f}
2023-11-28T22:11:57.251-05:00 DEBUG 27472 --- [           main] o.hibernate.internal.util.EntityPrinter  : com.cash_flow_app.apicashflow.entities_repositories_and_services.base.authority.Authority{endpoint=Account, permission=READ, id=b14a62f4-d04f-422a-a2a3-1f80e2635352}
2023-11-28T22:11:57.251-05:00 DEBUG 27472 --- [           main] org.hibernate.engine.spi.ActionQueue     : Changes must be flushed to space: users
2023-11-28T22:11:57.251-05:00 DEBUG 27472 --- [           main] org.hibernate.SQL                        : 
    insert 
    into
        users
        (password, username, id) 
    values
        (?, ?, ?)
2023-11-28T22:11:57.252-05:00 DEBUG 27472 --- [           main] o.h.p.c.AbstractCollectionPersister      : Inserting collection: [com.cash_flow_app.apicashflow.entities_repositories_and_services.base.user.User.authorities#3220217d-8abd-4936-8088-827abd66e864]
2023-11-28T22:11:57.252-05:00 DEBUG 27472 --- [           main] org.hibernate.SQL                        : 
    insert 
    into
        user_authority
        (user_id, authority_id) 
    values
        (?, ?)
2023-11-28T22:11:57.252-05:00 DEBUG 27472 --- [           main] org.hibernate.SQL                        : 
    insert 
    into
        user_authority
        (user_id, authority_id) 
    values
        (?, ?)
2023-11-28T22:11:57.252-05:00 DEBUG 27472 --- [           main] org.hibernate.SQL                        : 
    insert 
    into
        user_authority
        (user_id, authority_id) 
    values
        (?, ?)
2023-11-28T22:11:57.253-05:00 DEBUG 27472 --- [           main] org.hibernate.SQL                        : 
    insert 
    into
        user_authority
        (user_id, authority_id) 
    values
        (?, ?)
2023-11-28T22:11:57.253-05:00 DEBUG 27472 --- [           main] org.hibernate.SQL                        : 
    insert 
    into
        user_authority
        (user_id, authority_id) 
    values
        (?, ?)
2023-11-28T22:11:57.253-05:00 DEBUG 27472 --- [           main] o.h.p.c.AbstractCollectionPersister      : Done inserting collection: 5 rows inserted
2023-11-28T22:11:57.253-05:00 DEBUG 27472 --- [           main] org.hibernate.orm.sql.exec               : Skipping reading Query result cache data: cache-enabled = false, cache-mode = NORMAL
2023-11-28T22:11:57.253-05:00 DEBUG 27472 --- [           main] org.hibernate.orm.results                : Initializer list
2023-11-28T22:11:57.253-05:00 DEBUG 27472 --- [           main] org.hibernate.orm.results                :     com.cash_flow_app.apicashflow.entities_repositories_and_services.base.user.User(35202153502500).accounts -> SelectEagerCollectionInitializer(com.cash_flow_app.apicashflow.entities_repositories_and_services.base.user.User(35202153502500).accounts)@2080065202 (PluralAttribute(com.cash_flow_app.apicashflow.entities_repositories_and_services.base.user.User.accounts))
2023-11-28T22:11:57.253-05:00 DEBUG 27472 --- [           main] org.hibernate.orm.results                :     com.cash_flow_app.apicashflow.entities_repositories_and_services.base.user.User(35202153502500).authorities -> SelectEagerCollectionInitializer(com.cash_flow_app.apicashflow.entities_repositories_and_services.base.user.User(35202153502500).authorities)@178350082 (PluralAttribute(com.cash_flow_app.apicashflow.entities_repositories_and_services.base.user.User.authorities))
2023-11-28T22:11:57.253-05:00 DEBUG 27472 --- [           main] org.hibernate.orm.results                :     com.cash_flow_app.apicashflow.entities_repositories_and_services.base.user.User(35202153502500) -> EntityResultInitializer(com.cash_flow_app.apicashflow.entities_repositories_and_services.base.user.User(35202153502500))@207541630 (SingleTableEntityPersister(com.cash_flow_app.apicashflow.entities_repositories_and_services.base.user.User))
2023-11-28T22:11:57.253-05:00 DEBUG 27472 --- [           main] org.hibernate.SQL                        : 
    select
        u1_0.id,
        u1_0.password,
        u1_0.username 
    from
        users u1_0 
    where
        u1_0.username=?
2023-11-28T22:11:57.254-05:00 DEBUG 27472 --- [           main] org.hibernate.orm.results                : Extracted JDBC value [0] - [3220217d-8abd-4936-8088-827abd66e864]
2023-11-28T22:11:57.254-05:00 DEBUG 27472 --- [           main] o.hibernate.orm.results.loading.entity   : (EntityResultInitializer) Hydrated EntityKey (com.cash_flow_app.apicashflow.entities_repositories_and_services.base.user.User(35202153502500)): 3220217d-8abd-4936-8088-827abd66e864
2023-11-28T22:11:57.254-05:00 DEBUG 27472 --- [           main] o.h.o.r.l.o.h.o.r.loading.collection     : (DelayedCollectionInitializer) Current row collection key : com.cash_flow_app.apicashflow.entities_repositories_and_services.base.user.User(35202153502500).accounts#3220217d-8abd-4936-8088-827abd66e864
2023-11-28T22:11:57.254-05:00 DEBUG 27472 --- [           main] o.h.o.r.l.o.h.o.r.loading.collection     : (DelayedCollectionInitializer) Current row collection key : com.cash_flow_app.apicashflow.entities_repositories_and_services.base.user.User(35202153502500).authorities#3220217d-8abd-4936-8088-827abd66e864
2023-11-28T22:11:57.254-05:00 DEBUG 27472 --- [           main] org.hibernate.orm.results.loading        : Calling top-level assembler (0 / 1) : org.hibernate.sql.results.graph.entity.internal.EntityAssembler@6e0a0baa
2023-11-28T22:11:57.254-05:00 DEBUG 27472 --- [           main] org.hibernate.orm.results.graph.AST      : DomainResult Graph:
 \-CollectionDomainResult [com.cash_flow_app.apicashflow.entities_repositories_and_services.base.user.User.accounts]

2023-11-28T22:11:57.254-05:00 DEBUG 27472 --- [           main] org.hibernate.orm.sql.ast.tree           : SQL AST Tree:
    SelectStatement {
      FromClause {
        CollectionTableGroup (a1 : com.cash_flow_app.apicashflow.entities_repositories_and_services.base.user.User.accounts) {
          primaryTableReference : user_account as a1_0
          NestedTableGroupJoins {
             join LazyTableGroup (a1 : com.cash_flow_app.apicashflow.entities_repositories_and_services.base.user.User.accounts.{element}) {
              primaryTableReference : accounts as a1_1
            }
          }
        }
      }
    }

2023-11-28T22:11:57.254-05:00 DEBUG 27472 --- [           main] org.hibernate.orm.sql.exec               : Skipping reading Query result cache data: cache-enabled = false, cache-mode = IGNORE
2023-11-28T22:11:57.254-05:00 DEBUG 27472 --- [           main] org.hibernate.orm.results                : Initializer list
2023-11-28T22:11:57.254-05:00 DEBUG 27472 --- [           main] org.hibernate.orm.results                :     com.cash_flow_app.apicashflow.entities_repositories_and_services.base.user.User.accounts.{element}.incomes_expenses -> SelectEagerCollectionInitializer(com.cash_flow_app.apicashflow.entities_repositories_and_services.base.user.User.accounts.{element}.incomes_expenses)@142881525 (PluralAttribute(com.cash_flow_app.apicashflow.entities_repositories_and_services.base.account.Account.incomes_expenses))
2023-11-28T22:11:57.254-05:00 DEBUG 27472 --- [           main] org.hibernate.orm.results                :     com.cash_flow_app.apicashflow.entities_repositories_and_services.base.user.User.accounts.{element}.users -> SelectEagerCollectionInitializer(com.cash_flow_app.apicashflow.entities_repositories_and_services.base.user.User.accounts.{element}.users)@927705512 (PluralAttribute(com.cash_flow_app.apicashflow.entities_repositories_and_services.base.account.Account.users))
2023-11-28T22:11:57.254-05:00 DEBUG 27472 --- [           main] org.hibernate.orm.results                :     com.cash_flow_app.apicashflow.entities_repositories_and_services.base.user.User.accounts.{element} -> EntityJoinedFetchInitializer(com.cash_flow_app.apicashflow.entities_repositories_and_services.base.user.User.accounts.{element})@222273761 (EntityCollectionPart(NavigableRole[com.cash_flow_app.apicashflow.entities_repositories_and_services.base.user.User.accounts#{element}])@624685600)
2023-11-28T22:11:57.254-05:00 DEBUG 27472 --- [           main] org.hibernate.orm.results                :     com.cash_flow_app.apicashflow.entities_repositories_and_services.base.user.User.accounts -> BagInitializer(com.cash_flow_app.apicashflow.entities_repositories_and_services.base.user.User.accounts)@869711287 (PluralAttribute(com.cash_flow_app.apicashflow.entities_repositories_and_services.base.user.User.accounts))
2023-11-28T22:11:57.254-05:00 DEBUG 27472 --- [           main] org.hibernate.SQL                        : 
    select
        a1_0.user_id,
        a1_1.id,
        a1_1.description 
    from
        user_account a1_0 
    join
        accounts a1_1 
            on a1_1.id=a1_0.account_id 
    where
        a1_0.user_id=?
2023-11-28T22:11:57.255-05:00 DEBUG 27472 --- [           main] o.h.sql.results.internal.ResultsHelper   : Collection fully initialized: [com.cash_flow_app.apicashflow.entities_repositories_and_services.base.user.User.accounts#3220217d-8abd-4936-8088-827abd66e864]
2023-11-28T22:11:57.331-05:00 DEBUG 27472 --- [           main] o.s.s.a.dao.DaoAuthenticationProvider    : Authenticated user

MockHttpServletRequest:
      HTTP Method = POST
      Request URI = /api/v1/user/login
       Parameters = {_csrf=[HTBVIKj_V7Nc9KNfDxY7gmtJ-JImq5kwRrZgpMjQv9L8fQ06LgQxQszOZ4VxlZFpPjsP4V4q1fAVyqsddtVVlfjh27HOGTpb]}
          Headers = [Content-Type:"application/json;charset=UTF-8", Content-Length:"52"]
             Body = { "username": "usuario_test", "password": "123456" }
    Session Attrs = {}

Handler:
             Type = null

Async:
    Async started = false
     Async result = null

Resolved Exception:
             Type = null

ModelAndView:
        View name = null
             View = null
            Model = null

FlashMap:
       Attributes = null

MockHttpServletResponse:
           Status = 200
    Error message = null
          Headers = [Vary:"Origin", "Access-Control-Request-Method", "Access-Control-Request-Headers", Authorization:"Bearer eyJhbGciOiJIUzUxMiJ9.eyJzdWIiOiJ1c3VhcmlvX3Rlc3QiLCJleHAiOjE3MDM4MTk1MTd9.AnW1_ycsUW2YBgpJlL4qwryaFClzLF4JuHigFRqWW1ek9QjvLskfAyKnAXHJyZYaOvXFa9PAVKQ-ygMS76Nvdw", Access-Control-Expose-Headers:"Authorization", X-Content-Type-Options:"nosniff", X-XSS-Protection:"0", Cache-Control:"no-cache, no-store, max-age=0, must-revalidate", Pragma:"no-cache", Expires:"0", X-Frame-Options:"DENY"]
     Content type = null
             Body = 
    Forwarded URL = null
   Redirected URL = null
          Cookies = []
2023-11-28T22:11:57.333-05:00 DEBUG 27472 --- [           main] org.springframework.test.context.cache   : Spring test ApplicationContext cache statistics: [DefaultContextCache@8caffbd size = 3, maxSize = 32, parentContextCount = 0, hitCount = 289, missCount = 3]
2023-11-28T22:11:57.334-05:00 DEBUG 27472 --- [           main] o.s.test.util.ReflectionTestUtils        : Invoking method 'getFilters' on target object [FilterChainProxy[Filter Chains: [DefaultSecurityFilterChain [RequestMatcher=any request, Filters=[org.springframework.security.web.session.DisableEncodeUrlFilter@120e3ebb, org.springframework.security.web.session.ForceEagerSessionCreationFilter@753f1c3e, org.springframework.security.web.context.request.async.WebAsyncManagerIntegrationFilter@5e9af5d4, org.springframework.security.web.context.SecurityContextHolderFilter@1d18e5ad, org.springframework.security.web.header.HeaderWriterFilter@73b68d98, org.springframework.web.filter.CorsFilter@7863e6b2, org.springframework.security.web.authentication.logout.LogoutFilter@1e5a8278, JWTAuthorizationFilter(loginService=com.cash_flow_app.apicashflow.entities_repositories_and_services.base.security.LoginService@508b9c16), com.cash_flow_app.apicashflow.entities_repositories_and_services.base.security.JWTAuthenticationFilter@6fd2b939, org.springframework.security.web.savedrequest.RequestCacheAwareFilter@11def039, org.springframework.security.web.servletapi.SecurityContextHolderAwareRequestFilter@564375d7, org.springframework.security.web.authentication.AnonymousAuthenticationFilter@c4aa99e, org.springframework.security.web.session.SessionManagementFilter@69af6978, org.springframework.security.web.access.ExceptionTranslationFilter@4469046b, org.springframework.security.web.access.intercept.AuthorizationFilter@588d2e90]]]]] or target class [null] with arguments {org.springframework.mock.web.MockHttpServletRequest@64d347b0}
2023-11-28T22:11:57.334-05:00 DEBUG 27472 --- [           main] o.s.test.util.ReflectionTestUtils        : Invoking method 'getFilters' on target object [FilterChainProxy[Filter Chains: [DefaultSecurityFilterChain [RequestMatcher=any request, Filters=[org.springframework.security.web.session.DisableEncodeUrlFilter@120e3ebb, org.springframework.security.web.session.ForceEagerSessionCreationFilter@753f1c3e, org.springframework.security.web.context.request.async.WebAsyncManagerIntegrationFilter@5e9af5d4, org.springframework.security.web.context.SecurityContextHolderFilter@1d18e5ad, org.springframework.security.web.header.HeaderWriterFilter@73b68d98, org.springframework.web.filter.CorsFilter@7863e6b2, org.springframework.security.web.authentication.logout.LogoutFilter@1e5a8278, JWTAuthorizationFilter(loginService=com.cash_flow_app.apicashflow.entities_repositories_and_services.base.security.LoginService@508b9c16), com.cash_flow_app.apicashflow.entities_repositories_and_services.base.security.JWTAuthenticationFilter@6fd2b939, org.springframework.security.web.savedrequest.RequestCacheAwareFilter@11def039, org.springframework.security.web.servletapi.SecurityContextHolderAwareRequestFilter@564375d7, org.springframework.security.web.authentication.AnonymousAuthenticationFilter@c4aa99e, org.springframework.security.web.session.SessionManagementFilter@69af6978, org.springframework.security.web.access.ExceptionTranslationFilter@4469046b, org.springframework.security.web.access.intercept.AuthorizationFilter@588d2e90]]]]] or target class [null] with arguments {org.springframework.mock.web.MockHttpServletRequest@64d347b0}
2023-11-28T22:11:57.334-05:00 DEBUG 27472 --- [           main] o.s.test.util.ReflectionTestUtils        : Invoking method 'getFilters' on target object [FilterChainProxy[Filter Chains: [DefaultSecurityFilterChain [RequestMatcher=any request, Filters=[org.springframework.security.web.session.DisableEncodeUrlFilter@120e3ebb, org.springframework.security.web.session.ForceEagerSessionCreationFilter@753f1c3e, org.springframework.security.web.context.request.async.WebAsyncManagerIntegrationFilter@5e9af5d4, org.springframework.security.web.context.SecurityContextHolderFilter@1d18e5ad, org.springframework.security.web.header.HeaderWriterFilter@73b68d98, org.springframework.web.filter.CorsFilter@7863e6b2, org.springframework.security.web.authentication.logout.LogoutFilter@1e5a8278, JWTAuthorizationFilter(loginService=com.cash_flow_app.apicashflow.entities_repositories_and_services.base.security.LoginService@508b9c16), com.cash_flow_app.apicashflow.entities_repositories_and_services.base.security.JWTAuthenticationFilter@6fd2b939, org.springframework.security.web.savedrequest.RequestCacheAwareFilter@11def039, org.springframework.security.web.servletapi.SecurityContextHolderAwareRequestFilter@564375d7, org.springframework.security.web.authentication.AnonymousAuthenticationFilter@c4aa99e, org.springframework.security.web.session.SessionManagementFilter@69af6978, org.springframework.security.web.access.ExceptionTranslationFilter@4469046b, org.springframework.security.web.access.intercept.AuthorizationFilter@588d2e90]]]]] or target class [null] with arguments {org.springframework.mock.web.MockHttpServletRequest@64d347b0}
2023-11-28T22:11:57.334-05:00 DEBUG 27472 --- [           main] o.s.security.web.FilterChainProxy        : Securing POST /api/v1/account/create
2023-11-28T22:11:57.334-05:00 DEBUG 27472 --- [           main] .s.s.w.s.ForceEagerSessionCreationFilter : Created session eagerly
2023-11-28T22:11:57.335-05:00 DEBUG 27472 --- [           main] org.hibernate.orm.sql.ast.create         : Created new SQL alias : u1_0
2023-11-28T22:11:57.335-05:00 DEBUG 27472 --- [           main] org.hibernate.orm.sql.ast.create         : Registration of TableGroup [StandardTableGroup(com.cash_flow_app.apicashflow.entities_repositories_and_services.base.user.User(35202153502500))] with identifierForTableGroup [com.cash_flow_app.apicashflow.entities_repositories_and_services.base.user.User] for NavigablePath [com.cash_flow_app.apicashflow.entities_repositories_and_services.base.user.User] 
2023-11-28T22:11:57.335-05:00 DEBUG 27472 --- [           main] o.h.q.sqm.sql.BaseSqmToSqlAstConverter   : Determining mapping-model type for SqmParameter : org.hibernate.query.sqm.tree.expression.SqmJpaCriteriaParameterWrapper@12e37ab2
2023-11-28T22:11:57.335-05:00 DEBUG 27472 --- [           main] o.h.q.sqm.sql.BaseSqmToSqlAstConverter   : Determining mapping-model type for SqmPath : SqmBasicValuedSimplePath(com.cash_flow_app.apicashflow.entities_repositories_and_services.base.user.User(35202153502500).username) 
2023-11-28T22:11:57.335-05:00 DEBUG 27472 --- [           main] org.hibernate.orm.results.graph.AST      : DomainResult Graph:
 \-EntityResultImpl [com.cash_flow_app.apicashflow.entities_repositories_and_services.base.user.User(35202153502500)]
 |  +-SelectEagerCollectionFetch [com.cash_flow_app.apicashflow.entities_repositories_and_services.base.user.User(35202153502500).accounts]
 |  +-SelectEagerCollectionFetch [com.cash_flow_app.apicashflow.entities_repositories_and_services.base.user.User(35202153502500).authorities]
 |  +-BasicFetch [com.cash_flow_app.apicashflow.entities_repositories_and_services.base.user.User(35202153502500).password]
 |  \-BasicFetch [com.cash_flow_app.apicashflow.entities_repositories_and_services.base.user.User(35202153502500).username]

2023-11-28T22:11:57.335-05:00 DEBUG 27472 --- [           main] org.hibernate.orm.sql.ast.tree           : SQL AST Tree:
    SelectStatement {
      FromClause {
        StandardTableGroup (u1 : com.cash_flow_app.apicashflow.entities_repositories_and_services.base.user.User(35202153502500)) {
          primaryTableReference : users as u1_0
        }
      }
    }

2023-11-28T22:11:57.335-05:00 DEBUG 27472 --- [           main] o.h.e.i.AbstractFlushingEventListener    : Processing flush-time cascades
2023-11-28T22:11:57.335-05:00 DEBUG 27472 --- [           main] o.h.e.i.AbstractFlushingEventListener    : Dirty checking collections
2023-11-28T22:11:57.335-05:00 DEBUG 27472 --- [           main] o.hibernate.engine.internal.Collections  : Collection found: [com.cash_flow_app.apicashflow.entities_repositories_and_services.base.user.User.authorities#3220217d-8abd-4936-8088-827abd66e864], was: [com.cash_flow_app.apicashflow.entities_repositories_and_services.base.user.User.authorities#3220217d-8abd-4936-8088-827abd66e864] (initialized)
2023-11-28T22:11:57.335-05:00 DEBUG 27472 --- [           main] o.hibernate.engine.internal.Collections  : Collection dereferenced: [com.cash_flow_app.apicashflow.entities_repositories_and_services.base.user.User.accounts#3220217d-8abd-4936-8088-827abd66e864]
2023-11-28T22:11:57.335-05:00 DEBUG 27472 --- [           main] o.h.e.i.AbstractFlushingEventListener    : Flushed: 0 insertions, 0 updates, 0 deletions to 6 objects
2023-11-28T22:11:57.335-05:00 DEBUG 27472 --- [           main] o.h.e.i.AbstractFlushingEventListener    : Flushed: 0 (re)creations, 0 updates, 1 removals to 2 collections
2023-11-28T22:11:57.335-05:00 DEBUG 27472 --- [           main] o.hibernate.internal.util.EntityPrinter  : Listing entities:
2023-11-28T22:11:57.335-05:00 DEBUG 27472 --- [           main] o.hibernate.internal.util.EntityPrinter  : com.cash_flow_app.apicashflow.entities_repositories_and_services.base.authority.Authority{endpoint=User, permission=CREATE, id=f4f135be-a2b5-48d1-a9d0-2b14e82cc373}
2023-11-28T22:11:57.335-05:00 DEBUG 27472 --- [           main] o.hibernate.internal.util.EntityPrinter  : com.cash_flow_app.apicashflow.entities_repositories_and_services.base.authority.Authority{endpoint=User, permission=READ, id=35481739-2447-454f-8ec3-daf467bb2ae5}
2023-11-28T22:11:57.335-05:00 DEBUG 27472 --- [           main] o.hibernate.internal.util.EntityPrinter  : com.cash_flow_app.apicashflow.entities_repositories_and_services.base.authority.Authority{endpoint=Account, permission=DELETE, id=363894b3-8bdc-4764-ad13-d91f872e1a95}
2023-11-28T22:11:57.335-05:00 DEBUG 27472 --- [           main] o.hibernate.internal.util.EntityPrinter  : com.cash_flow_app.apicashflow.entities_repositories_and_services.base.user.User{password=$2a$10$fgokFmjCPXYk2eUFtl/H1eXsgH52hEvisPJa9jCRBomKy6gCJvHiS, id=3220217d-8abd-4936-8088-827abd66e864, accounts=null, authorities=[com.cash_flow_app.apicashflow.entities_repositories_and_services.base.authority.Authority#9aaf7d40-45f6-4ab6-90a9-a23f4c1b5f2f, com.cash_flow_app.apicashflow.entities_repositories_and_services.base.authority.Authority#b14a62f4-d04f-422a-a2a3-1f80e2635352, com.cash_flow_app.apicashflow.entities_repositories_and_services.base.authority.Authority#363894b3-8bdc-4764-ad13-d91f872e1a95, com.cash_flow_app.apicashflow.entities_repositories_and_services.base.authority.Authority#f4f135be-a2b5-48d1-a9d0-2b14e82cc373, com.cash_flow_app.apicashflow.entities_repositories_and_services.base.authority.Authority#35481739-2447-454f-8ec3-daf467bb2ae5], username=usuario_test}
2023-11-28T22:11:57.335-05:00 DEBUG 27472 --- [           main] o.hibernate.internal.util.EntityPrinter  : com.cash_flow_app.apicashflow.entities_repositories_and_services.base.authority.Authority{endpoint=Account, permission=CREATE, id=9aaf7d40-45f6-4ab6-90a9-a23f4c1b5f2f}
2023-11-28T22:11:57.335-05:00 DEBUG 27472 --- [           main] o.hibernate.internal.util.EntityPrinter  : com.cash_flow_app.apicashflow.entities_repositories_and_services.base.authority.Authority{endpoint=Account, permission=READ, id=b14a62f4-d04f-422a-a2a3-1f80e2635352}
2023-11-28T22:11:57.336-05:00 DEBUG 27472 --- [           main] org.hibernate.orm.sql.exec               : Skipping reading Query result cache data: cache-enabled = false, cache-mode = NORMAL
2023-11-28T22:11:57.336-05:00 DEBUG 27472 --- [           main] org.hibernate.orm.results                : Initializer list
2023-11-28T22:11:57.336-05:00 DEBUG 27472 --- [           main] org.hibernate.orm.results                :     com.cash_flow_app.apicashflow.entities_repositories_and_services.base.user.User(35202153502500).accounts -> SelectEagerCollectionInitializer(com.cash_flow_app.apicashflow.entities_repositories_and_services.base.user.User(35202153502500).accounts)@1480343916 (PluralAttribute(com.cash_flow_app.apicashflow.entities_repositories_and_services.base.user.User.accounts))
2023-11-28T22:11:57.336-05:00 DEBUG 27472 --- [           main] org.hibernate.orm.results                :     com.cash_flow_app.apicashflow.entities_repositories_and_services.base.user.User(35202153502500).authorities -> SelectEagerCollectionInitializer(com.cash_flow_app.apicashflow.entities_repositories_and_services.base.user.User(35202153502500).authorities)@1359185459 (PluralAttribute(com.cash_flow_app.apicashflow.entities_repositories_and_services.base.user.User.authorities))
2023-11-28T22:11:57.336-05:00 DEBUG 27472 --- [           main] org.hibernate.orm.results                :     com.cash_flow_app.apicashflow.entities_repositories_and_services.base.user.User(35202153502500) -> EntityResultInitializer(com.cash_flow_app.apicashflow.entities_repositories_and_services.base.user.User(35202153502500))@1187026769 (SingleTableEntityPersister(com.cash_flow_app.apicashflow.entities_repositories_and_services.base.user.User))
2023-11-28T22:11:57.336-05:00 DEBUG 27472 --- [           main] org.hibernate.SQL                        : 
    select
        u1_0.id,
        u1_0.password,
        u1_0.username 
    from
        users u1_0 
    where
        u1_0.username=?
2023-11-28T22:11:57.336-05:00 DEBUG 27472 --- [           main] org.hibernate.orm.results                : Extracted JDBC value [0] - [3220217d-8abd-4936-8088-827abd66e864]
2023-11-28T22:11:57.336-05:00 DEBUG 27472 --- [           main] o.hibernate.orm.results.loading.entity   : (EntityResultInitializer) Hydrated EntityKey (com.cash_flow_app.apicashflow.entities_repositories_and_services.base.user.User(35202153502500)): 3220217d-8abd-4936-8088-827abd66e864
2023-11-28T22:11:57.336-05:00 DEBUG 27472 --- [           main] o.h.o.r.l.o.h.o.r.loading.collection     : (DelayedCollectionInitializer) Current row collection key : com.cash_flow_app.apicashflow.entities_repositories_and_services.base.user.User(35202153502500).accounts#3220217d-8abd-4936-8088-827abd66e864
2023-11-28T22:11:57.336-05:00 DEBUG 27472 --- [           main] o.h.o.r.l.o.h.o.r.loading.collection     : (DelayedCollectionInitializer) Current row collection key : com.cash_flow_app.apicashflow.entities_repositories_and_services.base.user.User(35202153502500).authorities#3220217d-8abd-4936-8088-827abd66e864
2023-11-28T22:11:57.336-05:00 DEBUG 27472 --- [           main] org.hibernate.orm.results.loading        : Calling top-level assembler (0 / 1) : org.hibernate.sql.results.graph.entity.internal.EntityAssembler@128acee
2023-11-28T22:11:57.336-05:00 DEBUG 27472 --- [           main] .s.ChangeSessionIdAuthenticationStrategy : Changed session id from 27
2023-11-28T22:11:57.336-05:00 DEBUG 27472 --- [           main] w.c.HttpSessionSecurityContextRepository : Stored SecurityContextImpl [Authentication=UsernamePasswordAuthenticationToken [Principal=usuario_test, Credentials=[PROTECTED], Authenticated=true, Details=null, Granted Authorities=[ENDPOINT_ACCOUNT_PERMISSION_CREATE, ENDPOINT_ACCOUNT_PERMISSION_READ, ENDPOINT_ACCOUNT_PERMISSION_DELETE, ENDPOINT_USER_PERMISSION_CREATE, ENDPOINT_USER_PERMISSION_READ]]] to HttpSession [org.springframework.mock.web.MockHttpSession@4310d985]
2023-11-28T22:11:57.336-05:00 DEBUG 27472 --- [           main] s.w.s.m.m.a.RequestMappingHandlerMapping : Mapped to com.cash_flow_app.apicashflow.controller.AccountController#create(AccountDto)
2023-11-28T22:11:57.336-05:00 DEBUG 27472 --- [           main] o.s.security.web.FilterChainProxy        : Secured POST /api/v1/account/create
2023-11-28T22:11:57.337-05:00 DEBUG 27472 --- [           main] o.s.t.web.servlet.TestDispatcherServlet  : POST "/api/v1/account/create", parameters={masked}
2023-11-28T22:11:57.337-05:00 DEBUG 27472 --- [           main] s.w.s.m.m.a.RequestMappingHandlerMapping : Mapped to com.cash_flow_app.apicashflow.controller.AccountController#create(AccountDto)
2023-11-28T22:11:57.337-05:00 DEBUG 27472 --- [           main] m.m.a.RequestResponseBodyMethodProcessor : Read "application/json;charset=UTF-8" to [AccountDto(id=null, description=descripcion de cuenta, users=[usuario_test])]
2023-11-28T22:11:57.337-05:00 DEBUG 27472 --- [           main] o.s.orm.jpa.JpaTransactionManager        : Found thread-bound EntityManager [SessionImpl(1629169751<open>)] for JPA transaction
2023-11-28T22:11:57.337-05:00 DEBUG 27472 --- [           main] o.s.orm.jpa.JpaTransactionManager        : Participating in existing transaction
2023-11-28T22:11:57.337-05:00 DEBUG 27472 --- [           main] org.hibernate.orm.sql.ast.create         : Created new SQL alias : u1_0
2023-11-28T22:11:57.337-05:00 DEBUG 27472 --- [           main] org.hibernate.orm.sql.ast.create         : Registration of TableGroup [StandardTableGroup(com.cash_flow_app.apicashflow.entities_repositories_and_services.base.user.User(35202153502500))] with identifierForTableGroup [com.cash_flow_app.apicashflow.entities_repositories_and_services.base.user.User] for NavigablePath [com.cash_flow_app.apicashflow.entities_repositories_and_services.base.user.User] 
2023-11-28T22:11:57.337-05:00 DEBUG 27472 --- [           main] o.h.q.sqm.sql.BaseSqmToSqlAstConverter   : Determining mapping-model type for SqmParameter : org.hibernate.query.sqm.tree.expression.SqmJpaCriteriaParameterWrapper@61e67cc1
2023-11-28T22:11:57.337-05:00 DEBUG 27472 --- [           main] o.h.q.sqm.sql.BaseSqmToSqlAstConverter   : Determining mapping-model type for SqmPath : SqmBasicValuedSimplePath(com.cash_flow_app.apicashflow.entities_repositories_and_services.base.user.User(35202153502500).username) 
2023-11-28T22:11:57.337-05:00 DEBUG 27472 --- [           main] org.hibernate.orm.results.graph.AST      : DomainResult Graph:
 \-EntityResultImpl [com.cash_flow_app.apicashflow.entities_repositories_and_services.base.user.User(35202153502500)]
 |  +-SelectEagerCollectionFetch [com.cash_flow_app.apicashflow.entities_repositories_and_services.base.user.User(35202153502500).accounts]
 |  +-SelectEagerCollectionFetch [com.cash_flow_app.apicashflow.entities_repositories_and_services.base.user.User(35202153502500).authorities]
 |  +-BasicFetch [com.cash_flow_app.apicashflow.entities_repositories_and_services.base.user.User(35202153502500).password]
 |  \-BasicFetch [com.cash_flow_app.apicashflow.entities_repositories_and_services.base.user.User(35202153502500).username]

2023-11-28T22:11:57.337-05:00 DEBUG 27472 --- [           main] org.hibernate.orm.sql.ast.tree           : SQL AST Tree:
    SelectStatement {
      FromClause {
        StandardTableGroup (u1 : com.cash_flow_app.apicashflow.entities_repositories_and_services.base.user.User(35202153502500)) {
          primaryTableReference : users as u1_0
        }
      }
    }

2023-11-28T22:11:57.337-05:00 DEBUG 27472 --- [           main] o.h.e.i.AbstractFlushingEventListener    : Processing flush-time cascades
2023-11-28T22:11:57.337-05:00 DEBUG 27472 --- [           main] o.h.e.i.AbstractFlushingEventListener    : Dirty checking collections
2023-11-28T22:11:57.337-05:00 DEBUG 27472 --- [           main] o.hibernate.engine.internal.Collections  : Collection found: [com.cash_flow_app.apicashflow.entities_repositories_and_services.base.user.User.authorities#3220217d-8abd-4936-8088-827abd66e864], was: [com.cash_flow_app.apicashflow.entities_repositories_and_services.base.user.User.authorities#3220217d-8abd-4936-8088-827abd66e864] (initialized)
2023-11-28T22:11:57.337-05:00 DEBUG 27472 --- [           main] o.hibernate.engine.internal.Collections  : Collection dereferenced: [com.cash_flow_app.apicashflow.entities_repositories_and_services.base.user.User.accounts#3220217d-8abd-4936-8088-827abd66e864]
2023-11-28T22:11:57.337-05:00 DEBUG 27472 --- [           main] o.h.e.i.AbstractFlushingEventListener    : Flushed: 0 insertions, 0 updates, 0 deletions to 6 objects
2023-11-28T22:11:57.337-05:00 DEBUG 27472 --- [           main] o.h.e.i.AbstractFlushingEventListener    : Flushed: 0 (re)creations, 0 updates, 1 removals to 2 collections
2023-11-28T22:11:57.338-05:00 DEBUG 27472 --- [           main] o.hibernate.internal.util.EntityPrinter  : Listing entities:
2023-11-28T22:11:57.338-05:00 DEBUG 27472 --- [           main] o.hibernate.internal.util.EntityPrinter  : com.cash_flow_app.apicashflow.entities_repositories_and_services.base.authority.Authority{endpoint=User, permission=CREATE, id=f4f135be-a2b5-48d1-a9d0-2b14e82cc373}
2023-11-28T22:11:57.338-05:00 DEBUG 27472 --- [           main] o.hibernate.internal.util.EntityPrinter  : com.cash_flow_app.apicashflow.entities_repositories_and_services.base.authority.Authority{endpoint=User, permission=READ, id=35481739-2447-454f-8ec3-daf467bb2ae5}
2023-11-28T22:11:57.338-05:00 DEBUG 27472 --- [           main] o.hibernate.internal.util.EntityPrinter  : com.cash_flow_app.apicashflow.entities_repositories_and_services.base.authority.Authority{endpoint=Account, permission=DELETE, id=363894b3-8bdc-4764-ad13-d91f872e1a95}
2023-11-28T22:11:57.338-05:00 DEBUG 27472 --- [           main] o.hibernate.internal.util.EntityPrinter  : com.cash_flow_app.apicashflow.entities_repositories_and_services.base.user.User{password=$2a$10$fgokFmjCPXYk2eUFtl/H1eXsgH52hEvisPJa9jCRBomKy6gCJvHiS, id=3220217d-8abd-4936-8088-827abd66e864, accounts=null, authorities=[com.cash_flow_app.apicashflow.entities_repositories_and_services.base.authority.Authority#9aaf7d40-45f6-4ab6-90a9-a23f4c1b5f2f, com.cash_flow_app.apicashflow.entities_repositories_and_services.base.authority.Authority#b14a62f4-d04f-422a-a2a3-1f80e2635352, com.cash_flow_app.apicashflow.entities_repositories_and_services.base.authority.Authority#363894b3-8bdc-4764-ad13-d91f872e1a95, com.cash_flow_app.apicashflow.entities_repositories_and_services.base.authority.Authority#f4f135be-a2b5-48d1-a9d0-2b14e82cc373, com.cash_flow_app.apicashflow.entities_repositories_and_services.base.authority.Authority#35481739-2447-454f-8ec3-daf467bb2ae5], username=usuario_test}
2023-11-28T22:11:57.338-05:00 DEBUG 27472 --- [           main] o.hibernate.internal.util.EntityPrinter  : com.cash_flow_app.apicashflow.entities_repositories_and_services.base.authority.Authority{endpoint=Account, permission=CREATE, id=9aaf7d40-45f6-4ab6-90a9-a23f4c1b5f2f}
2023-11-28T22:11:57.338-05:00 DEBUG 27472 --- [           main] o.hibernate.internal.util.EntityPrinter  : com.cash_flow_app.apicashflow.entities_repositories_and_services.base.authority.Authority{endpoint=Account, permission=READ, id=b14a62f4-d04f-422a-a2a3-1f80e2635352}
2023-11-28T22:11:57.338-05:00 DEBUG 27472 --- [           main] org.hibernate.orm.sql.exec               : Skipping reading Query result cache data: cache-enabled = false, cache-mode = NORMAL
2023-11-28T22:11:57.338-05:00 DEBUG 27472 --- [           main] org.hibernate.orm.results                : Initializer list
2023-11-28T22:11:57.338-05:00 DEBUG 27472 --- [           main] org.hibernate.orm.results                :     com.cash_flow_app.apicashflow.entities_repositories_and_services.base.user.User(35202153502500).accounts -> SelectEagerCollectionInitializer(com.cash_flow_app.apicashflow.entities_repositories_and_services.base.user.User(35202153502500).accounts)@278465074 (PluralAttribute(com.cash_flow_app.apicashflow.entities_repositories_and_services.base.user.User.accounts))
2023-11-28T22:11:57.338-05:00 DEBUG 27472 --- [           main] org.hibernate.orm.results                :     com.cash_flow_app.apicashflow.entities_repositories_and_services.base.user.User(35202153502500).authorities -> SelectEagerCollectionInitializer(com.cash_flow_app.apicashflow.entities_repositories_and_services.base.user.User(35202153502500).authorities)@1120631956 (PluralAttribute(com.cash_flow_app.apicashflow.entities_repositories_and_services.base.user.User.authorities))
2023-11-28T22:11:57.338-05:00 DEBUG 27472 --- [           main] org.hibernate.orm.results                :     com.cash_flow_app.apicashflow.entities_repositories_and_services.base.user.User(35202153502500) -> EntityResultInitializer(com.cash_flow_app.apicashflow.entities_repositories_and_services.base.user.User(35202153502500))@250289324 (SingleTableEntityPersister(com.cash_flow_app.apicashflow.entities_repositories_and_services.base.user.User))
2023-11-28T22:11:57.338-05:00 DEBUG 27472 --- [           main] org.hibernate.SQL                        : 
    select
        u1_0.id,
        u1_0.password,
        u1_0.username 
    from
        users u1_0 
    where
        u1_0.username=?
2023-11-28T22:11:57.338-05:00 DEBUG 27472 --- [           main] org.hibernate.orm.results                : Extracted JDBC value [0] - [3220217d-8abd-4936-8088-827abd66e864]
2023-11-28T22:11:57.338-05:00 DEBUG 27472 --- [           main] o.hibernate.orm.results.loading.entity   : (EntityResultInitializer) Hydrated EntityKey (com.cash_flow_app.apicashflow.entities_repositories_and_services.base.user.User(35202153502500)): 3220217d-8abd-4936-8088-827abd66e864
2023-11-28T22:11:57.338-05:00 DEBUG 27472 --- [           main] o.h.o.r.l.o.h.o.r.loading.collection     : (DelayedCollectionInitializer) Current row collection key : com.cash_flow_app.apicashflow.entities_repositories_and_services.base.user.User(35202153502500).accounts#3220217d-8abd-4936-8088-827abd66e864
2023-11-28T22:11:57.338-05:00 DEBUG 27472 --- [           main] o.h.o.r.l.o.h.o.r.loading.collection     : (DelayedCollectionInitializer) Current row collection key : com.cash_flow_app.apicashflow.entities_repositories_and_services.base.user.User(35202153502500).authorities#3220217d-8abd-4936-8088-827abd66e864
2023-11-28T22:11:57.338-05:00 DEBUG 27472 --- [           main] org.hibernate.orm.results.loading        : Calling top-level assembler (0 / 1) : org.hibernate.sql.results.graph.entity.internal.EntityAssembler@1bf6c568
2023-11-28T22:11:57.338-05:00 DEBUG 27472 --- [           main] org.hibernate.orm.sql.ast.create         : Created new SQL alias : u1_0
2023-11-28T22:11:57.338-05:00 DEBUG 27472 --- [           main] org.hibernate.orm.sql.ast.create         : Registration of TableGroup [StandardTableGroup(com.cash_flow_app.apicashflow.entities_repositories_and_services.base.user.User(35202153502500))] with identifierForTableGroup [com.cash_flow_app.apicashflow.entities_repositories_and_services.base.user.User] for NavigablePath [com.cash_flow_app.apicashflow.entities_repositories_and_services.base.user.User] 
2023-11-28T22:11:57.338-05:00 DEBUG 27472 --- [           main] o.h.q.sqm.sql.BaseSqmToSqlAstConverter   : Determining mapping-model type for SqmParameter : org.hibernate.query.sqm.tree.expression.SqmJpaCriteriaParameterWrapper@4d2eb4c6
2023-11-28T22:11:57.338-05:00 DEBUG 27472 --- [           main] o.h.q.sqm.sql.BaseSqmToSqlAstConverter   : Determining mapping-model type for SqmPath : SqmBasicValuedSimplePath(com.cash_flow_app.apicashflow.entities_repositories_and_services.base.user.User(35202153502500).username) 
2023-11-28T22:11:57.338-05:00 DEBUG 27472 --- [           main] org.hibernate.orm.results.graph.AST      : DomainResult Graph:
 \-EntityResultImpl [com.cash_flow_app.apicashflow.entities_repositories_and_services.base.user.User(35202153502500)]
 |  +-SelectEagerCollectionFetch [com.cash_flow_app.apicashflow.entities_repositories_and_services.base.user.User(35202153502500).accounts]
 |  +-SelectEagerCollectionFetch [com.cash_flow_app.apicashflow.entities_repositories_and_services.base.user.User(35202153502500).authorities]
 |  +-BasicFetch [com.cash_flow_app.apicashflow.entities_repositories_and_services.base.user.User(35202153502500).password]
 |  \-BasicFetch [com.cash_flow_app.apicashflow.entities_repositories_and_services.base.user.User(35202153502500).username]

2023-11-28T22:11:57.338-05:00 DEBUG 27472 --- [           main] org.hibernate.orm.sql.ast.tree           : SQL AST Tree:
    SelectStatement {
      FromClause {
        StandardTableGroup (u1 : com.cash_flow_app.apicashflow.entities_repositories_and_services.base.user.User(35202153502500)) {
          primaryTableReference : users as u1_0
        }
      }
    }

2023-11-28T22:11:57.339-05:00 DEBUG 27472 --- [           main] o.h.e.i.AbstractFlushingEventListener    : Processing flush-time cascades
2023-11-28T22:11:57.339-05:00 DEBUG 27472 --- [           main] o.h.e.i.AbstractFlushingEventListener    : Dirty checking collections
2023-11-28T22:11:57.339-05:00 DEBUG 27472 --- [           main] o.hibernate.engine.internal.Collections  : Collection found: [com.cash_flow_app.apicashflow.entities_repositories_and_services.base.user.User.authorities#3220217d-8abd-4936-8088-827abd66e864], was: [com.cash_flow_app.apicashflow.entities_repositories_and_services.base.user.User.authorities#3220217d-8abd-4936-8088-827abd66e864] (initialized)
2023-11-28T22:11:57.339-05:00 DEBUG 27472 --- [           main] o.hibernate.engine.internal.Collections  : Collection dereferenced: [com.cash_flow_app.apicashflow.entities_repositories_and_services.base.user.User.accounts#3220217d-8abd-4936-8088-827abd66e864]
2023-11-28T22:11:57.339-05:00 DEBUG 27472 --- [           main] o.h.e.i.AbstractFlushingEventListener    : Flushed: 0 insertions, 0 updates, 0 deletions to 6 objects
2023-11-28T22:11:57.339-05:00 DEBUG 27472 --- [           main] o.h.e.i.AbstractFlushingEventListener    : Flushed: 0 (re)creations, 0 updates, 1 removals to 2 collections
2023-11-28T22:11:57.339-05:00 DEBUG 27472 --- [           main] o.hibernate.internal.util.EntityPrinter  : Listing entities:
2023-11-28T22:11:57.339-05:00 DEBUG 27472 --- [           main] o.hibernate.internal.util.EntityPrinter  : com.cash_flow_app.apicashflow.entities_repositories_and_services.base.authority.Authority{endpoint=User, permission=CREATE, id=f4f135be-a2b5-48d1-a9d0-2b14e82cc373}
2023-11-28T22:11:57.339-05:00 DEBUG 27472 --- [           main] o.hibernate.internal.util.EntityPrinter  : com.cash_flow_app.apicashflow.entities_repositories_and_services.base.authority.Authority{endpoint=User, permission=READ, id=35481739-2447-454f-8ec3-daf467bb2ae5}
2023-11-28T22:11:57.339-05:00 DEBUG 27472 --- [           main] o.hibernate.internal.util.EntityPrinter  : com.cash_flow_app.apicashflow.entities_repositories_and_services.base.authority.Authority{endpoint=Account, permission=DELETE, id=363894b3-8bdc-4764-ad13-d91f872e1a95}
2023-11-28T22:11:57.339-05:00 DEBUG 27472 --- [           main] o.hibernate.internal.util.EntityPrinter  : com.cash_flow_app.apicashflow.entities_repositories_and_services.base.user.User{password=$2a$10$fgokFmjCPXYk2eUFtl/H1eXsgH52hEvisPJa9jCRBomKy6gCJvHiS, id=3220217d-8abd-4936-8088-827abd66e864, accounts=null, authorities=[com.cash_flow_app.apicashflow.entities_repositories_and_services.base.authority.Authority#9aaf7d40-45f6-4ab6-90a9-a23f4c1b5f2f, com.cash_flow_app.apicashflow.entities_repositories_and_services.base.authority.Authority#b14a62f4-d04f-422a-a2a3-1f80e2635352, com.cash_flow_app.apicashflow.entities_repositories_and_services.base.authority.Authority#363894b3-8bdc-4764-ad13-d91f872e1a95, com.cash_flow_app.apicashflow.entities_repositories_and_services.base.authority.Authority#f4f135be-a2b5-48d1-a9d0-2b14e82cc373, com.cash_flow_app.apicashflow.entities_repositories_and_services.base.authority.Authority#35481739-2447-454f-8ec3-daf467bb2ae5], username=usuario_test}
2023-11-28T22:11:57.339-05:00 DEBUG 27472 --- [           main] o.hibernate.internal.util.EntityPrinter  : com.cash_flow_app.apicashflow.entities_repositories_and_services.base.authority.Authority{endpoint=Account, permission=CREATE, id=9aaf7d40-45f6-4ab6-90a9-a23f4c1b5f2f}
2023-11-28T22:11:57.339-05:00 DEBUG 27472 --- [           main] o.hibernate.internal.util.EntityPrinter  : com.cash_flow_app.apicashflow.entities_repositories_and_services.base.authority.Authority{endpoint=Account, permission=READ, id=b14a62f4-d04f-422a-a2a3-1f80e2635352}
2023-11-28T22:11:57.339-05:00 DEBUG 27472 --- [           main] org.hibernate.orm.sql.exec               : Skipping reading Query result cache data: cache-enabled = false, cache-mode = NORMAL
2023-11-28T22:11:57.339-05:00 DEBUG 27472 --- [           main] org.hibernate.orm.results                : Initializer list
2023-11-28T22:11:57.339-05:00 DEBUG 27472 --- [           main] org.hibernate.orm.results                :     com.cash_flow_app.apicashflow.entities_repositories_and_services.base.user.User(35202153502500).accounts -> SelectEagerCollectionInitializer(com.cash_flow_app.apicashflow.entities_repositories_and_services.base.user.User(35202153502500).accounts)@979071947 (PluralAttribute(com.cash_flow_app.apicashflow.entities_repositories_and_services.base.user.User.accounts))
2023-11-28T22:11:57.339-05:00 DEBUG 27472 --- [           main] org.hibernate.orm.results                :     com.cash_flow_app.apicashflow.entities_repositories_and_services.base.user.User(35202153502500).authorities -> SelectEagerCollectionInitializer(com.cash_flow_app.apicashflow.entities_repositories_and_services.base.user.User(35202153502500).authorities)@40597698 (PluralAttribute(com.cash_flow_app.apicashflow.entities_repositories_and_services.base.user.User.authorities))
2023-11-28T22:11:57.339-05:00 DEBUG 27472 --- [           main] org.hibernate.orm.results                :     com.cash_flow_app.apicashflow.entities_repositories_and_services.base.user.User(35202153502500) -> EntityResultInitializer(com.cash_flow_app.apicashflow.entities_repositories_and_services.base.user.User(35202153502500))@1259330519 (SingleTableEntityPersister(com.cash_flow_app.apicashflow.entities_repositories_and_services.base.user.User))
2023-11-28T22:11:57.339-05:00 DEBUG 27472 --- [           main] org.hibernate.SQL                        : 
    select
        u1_0.id,
        u1_0.password,
        u1_0.username 
    from
        users u1_0 
    where
        u1_0.username=?
2023-11-28T22:11:57.339-05:00 DEBUG 27472 --- [           main] org.hibernate.orm.results                : Extracted JDBC value [0] - [3220217d-8abd-4936-8088-827abd66e864]
2023-11-28T22:11:57.339-05:00 DEBUG 27472 --- [           main] o.hibernate.orm.results.loading.entity   : (EntityResultInitializer) Hydrated EntityKey (com.cash_flow_app.apicashflow.entities_repositories_and_services.base.user.User(35202153502500)): 3220217d-8abd-4936-8088-827abd66e864
2023-11-28T22:11:57.339-05:00 DEBUG 27472 --- [           main] o.h.o.r.l.o.h.o.r.loading.collection     : (DelayedCollectionInitializer) Current row collection key : com.cash_flow_app.apicashflow.entities_repositories_and_services.base.user.User(35202153502500).accounts#3220217d-8abd-4936-8088-827abd66e864
2023-11-28T22:11:57.339-05:00 DEBUG 27472 --- [           main] o.h.o.r.l.o.h.o.r.loading.collection     : (DelayedCollectionInitializer) Current row collection key : com.cash_flow_app.apicashflow.entities_repositories_and_services.base.user.User(35202153502500).authorities#3220217d-8abd-4936-8088-827abd66e864
2023-11-28T22:11:57.339-05:00 DEBUG 27472 --- [           main] org.hibernate.orm.results.loading        : Calling top-level assembler (0 / 1) : org.hibernate.sql.results.graph.entity.internal.EntityAssembler@3d74313a
2023-11-28T22:11:57.339-05:00 DEBUG 27472 --- [           main] o.s.orm.jpa.JpaTransactionManager        : Found thread-bound EntityManager [SessionImpl(1629169751<open>)] for JPA transaction
2023-11-28T22:11:57.339-05:00 DEBUG 27472 --- [           main] o.s.orm.jpa.JpaTransactionManager        : Participating in existing transaction
2023-11-28T22:11:57.339-05:00 DEBUG 27472 --- [           main] o.h.j.internal.PersistenceUnitUtilImpl   : jakarta.persistence.PersistenceUnitUtil.getIdentifier is only intended to work with enhanced entities (although Hibernate also adapts this support to its proxies); however the passed entity was not enhanced (nor a proxy).. may not be able to read identifier
2023-11-28T22:11:57.339-05:00 DEBUG 27472 --- [           main] o.h.e.i.AbstractSaveEventListener        : Generated identifier: 7d630679-1c45-46db-99b0-8689b59cffc3, using strategy: org.hibernate.id.UUIDGenerator
2023-11-28T22:11:57.340-05:00 DEBUG 27472 --- [           main] o.s.w.s.m.m.a.HttpEntityMethodProcessor  : Using 'application/json', given [*/*] and supported [application/json, application/*+json]
2023-11-28T22:11:57.340-05:00 DEBUG 27472 --- [           main] o.s.w.s.m.m.a.HttpEntityMethodProcessor  : Writing [AccountDto(id=7d630679-1c45-46db-99b0-8689b59cffc3, description=descripcion de cuenta, users=[usuari (truncated)...]
2023-11-28T22:11:57.340-05:00 DEBUG 27472 --- [           main] o.s.t.web.servlet.TestDispatcherServlet  : Completed 200 OK
2023-11-28T22:11:57.340-05:00 DEBUG 27472 --- [           main] o.s.test.util.ReflectionTestUtils        : Invoking method 'getFilters' on target object [FilterChainProxy[Filter Chains: [DefaultSecurityFilterChain [RequestMatcher=any request, Filters=[org.springframework.security.web.session.DisableEncodeUrlFilter@120e3ebb, org.springframework.security.web.session.ForceEagerSessionCreationFilter@753f1c3e, org.springframework.security.web.context.request.async.WebAsyncManagerIntegrationFilter@5e9af5d4, org.springframework.security.web.context.SecurityContextHolderFilter@1d18e5ad, org.springframework.security.web.header.HeaderWriterFilter@73b68d98, org.springframework.web.filter.CorsFilter@7863e6b2, org.springframework.security.web.authentication.logout.LogoutFilter@1e5a8278, JWTAuthorizationFilter(loginService=com.cash_flow_app.apicashflow.entities_repositories_and_services.base.security.LoginService@508b9c16), com.cash_flow_app.apicashflow.entities_repositories_and_services.base.security.JWTAuthenticationFilter@6fd2b939, org.springframework.security.web.savedrequest.RequestCacheAwareFilter@11def039, org.springframework.security.web.servletapi.SecurityContextHolderAwareRequestFilter@564375d7, org.springframework.security.web.authentication.AnonymousAuthenticationFilter@c4aa99e, org.springframework.security.web.session.SessionManagementFilter@69af6978, org.springframework.security.web.access.ExceptionTranslationFilter@4469046b, org.springframework.security.web.access.intercept.AuthorizationFilter@588d2e90]]]]] or target class [null] with arguments {org.springframework.mock.web.MockHttpServletRequest@4e80180c}
2023-11-28T22:11:57.340-05:00 DEBUG 27472 --- [           main] o.s.test.util.ReflectionTestUtils        : Invoking method 'getFilters' on target object [FilterChainProxy[Filter Chains: [DefaultSecurityFilterChain [RequestMatcher=any request, Filters=[org.springframework.security.web.session.DisableEncodeUrlFilter@120e3ebb, org.springframework.security.web.session.ForceEagerSessionCreationFilter@753f1c3e, org.springframework.security.web.context.request.async.WebAsyncManagerIntegrationFilter@5e9af5d4, org.springframework.security.web.context.SecurityContextHolderFilter@1d18e5ad, org.springframework.security.web.header.HeaderWriterFilter@73b68d98, org.springframework.web.filter.CorsFilter@7863e6b2, org.springframework.security.web.authentication.logout.LogoutFilter@1e5a8278, JWTAuthorizationFilter(loginService=com.cash_flow_app.apicashflow.entities_repositories_and_services.base.security.LoginService@508b9c16), com.cash_flow_app.apicashflow.entities_repositories_and_services.base.security.JWTAuthenticationFilter@6fd2b939, org.springframework.security.web.savedrequest.RequestCacheAwareFilter@11def039, org.springframework.security.web.servletapi.SecurityContextHolderAwareRequestFilter@564375d7, org.springframework.security.web.authentication.AnonymousAuthenticationFilter@c4aa99e, org.springframework.security.web.session.SessionManagementFilter@69af6978, org.springframework.security.web.access.ExceptionTranslationFilter@4469046b, org.springframework.security.web.access.intercept.AuthorizationFilter@588d2e90]]]]] or target class [null] with arguments {org.springframework.mock.web.MockHttpServletRequest@4e80180c}
2023-11-28T22:11:57.340-05:00 DEBUG 27472 --- [           main] o.s.test.util.ReflectionTestUtils        : Invoking method 'getFilters' on target object [FilterChainProxy[Filter Chains: [DefaultSecurityFilterChain [RequestMatcher=any request, Filters=[org.springframework.security.web.session.DisableEncodeUrlFilter@120e3ebb, org.springframework.security.web.session.ForceEagerSessionCreationFilter@753f1c3e, org.springframework.security.web.context.request.async.WebAsyncManagerIntegrationFilter@5e9af5d4, org.springframework.security.web.context.SecurityContextHolderFilter@1d18e5ad, org.springframework.security.web.header.HeaderWriterFilter@73b68d98, org.springframework.web.filter.CorsFilter@7863e6b2, org.springframework.security.web.authentication.logout.LogoutFilter@1e5a8278, JWTAuthorizationFilter(loginService=com.cash_flow_app.apicashflow.entities_repositories_and_services.base.security.LoginService@508b9c16), com.cash_flow_app.apicashflow.entities_repositories_and_services.base.security.JWTAuthenticationFilter@6fd2b939, org.springframework.security.web.savedrequest.RequestCacheAwareFilter@11def039, org.springframework.security.web.servletapi.SecurityContextHolderAwareRequestFilter@564375d7, org.springframework.security.web.authentication.AnonymousAuthenticationFilter@c4aa99e, org.springframework.security.web.session.SessionManagementFilter@69af6978, org.springframework.security.web.access.ExceptionTranslationFilter@4469046b, org.springframework.security.web.access.intercept.AuthorizationFilter@588d2e90]]]]] or target class [null] with arguments {org.springframework.mock.web.MockHttpServletRequest@4e80180c}
2023-11-28T22:11:57.341-05:00 DEBUG 27472 --- [           main] o.s.security.web.FilterChainProxy        : Securing POST /api/v1/account/create
2023-11-28T22:11:57.341-05:00 DEBUG 27472 --- [           main] .s.s.w.s.ForceEagerSessionCreationFilter : Created session eagerly
2023-11-28T22:11:57.342-05:00 DEBUG 27472 --- [           main] org.hibernate.orm.sql.ast.create         : Created new SQL alias : u1_0
2023-11-28T22:11:57.342-05:00 DEBUG 27472 --- [           main] org.hibernate.orm.sql.ast.create         : Registration of TableGroup [StandardTableGroup(com.cash_flow_app.apicashflow.entities_repositories_and_services.base.user.User(35202153502500))] with identifierForTableGroup [com.cash_flow_app.apicashflow.entities_repositories_and_services.base.user.User] for NavigablePath [com.cash_flow_app.apicashflow.entities_repositories_and_services.base.user.User] 
2023-11-28T22:11:57.342-05:00 DEBUG 27472 --- [           main] o.h.q.sqm.sql.BaseSqmToSqlAstConverter   : Determining mapping-model type for SqmParameter : org.hibernate.query.sqm.tree.expression.SqmJpaCriteriaParameterWrapper@6271a097
2023-11-28T22:11:57.342-05:00 DEBUG 27472 --- [           main] o.h.q.sqm.sql.BaseSqmToSqlAstConverter   : Determining mapping-model type for SqmPath : SqmBasicValuedSimplePath(com.cash_flow_app.apicashflow.entities_repositories_and_services.base.user.User(35202153502500).username) 
2023-11-28T22:11:57.342-05:00 DEBUG 27472 --- [           main] org.hibernate.orm.results.graph.AST      : DomainResult Graph:
 \-EntityResultImpl [com.cash_flow_app.apicashflow.entities_repositories_and_services.base.user.User(35202153502500)]
 |  +-SelectEagerCollectionFetch [com.cash_flow_app.apicashflow.entities_repositories_and_services.base.user.User(35202153502500).accounts]
 |  +-SelectEagerCollectionFetch [com.cash_flow_app.apicashflow.entities_repositories_and_services.base.user.User(35202153502500).authorities]
 |  +-BasicFetch [com.cash_flow_app.apicashflow.entities_repositories_and_services.base.user.User(35202153502500).password]
 |  \-BasicFetch [com.cash_flow_app.apicashflow.entities_repositories_and_services.base.user.User(35202153502500).username]

2023-11-28T22:11:57.342-05:00 DEBUG 27472 --- [           main] org.hibernate.orm.sql.ast.tree           : SQL AST Tree:
    SelectStatement {
      FromClause {
        StandardTableGroup (u1 : com.cash_flow_app.apicashflow.entities_repositories_and_services.base.user.User(35202153502500)) {
          primaryTableReference : users as u1_0
        }
      }
    }

2023-11-28T22:11:57.342-05:00 DEBUG 27472 --- [           main] o.h.e.i.AbstractFlushingEventListener    : Processing flush-time cascades
2023-11-28T22:11:57.342-05:00 DEBUG 27472 --- [           main] o.h.e.i.AbstractFlushingEventListener    : Dirty checking collections
2023-11-28T22:11:57.342-05:00 DEBUG 27472 --- [           main] o.hibernate.engine.internal.Collections  : Collection found: [com.cash_flow_app.apicashflow.entities_repositories_and_services.base.user.User.accounts#3220217d-8abd-4936-8088-827abd66e864], was: [<unreferenced>] (initialized)
2023-11-28T22:11:57.342-05:00 DEBUG 27472 --- [           main] o.hibernate.engine.internal.Collections  : Collection found: [com.cash_flow_app.apicashflow.entities_repositories_and_services.base.user.User.authorities#3220217d-8abd-4936-8088-827abd66e864], was: [com.cash_flow_app.apicashflow.entities_repositories_and_services.base.user.User.authorities#3220217d-8abd-4936-8088-827abd66e864] (initialized)
2023-11-28T22:11:57.342-05:00 DEBUG 27472 --- [           main] o.hibernate.engine.internal.Collections  : Collection found: [com.cash_flow_app.apicashflow.entities_repositories_and_services.base.account.Account.users#7d630679-1c45-46db-99b0-8689b59cffc3], was: [<unreferenced>] (initialized)
2023-11-28T22:11:57.342-05:00 DEBUG 27472 --- [           main] o.hibernate.engine.internal.Collections  : Collection dereferenced: [com.cash_flow_app.apicashflow.entities_repositories_and_services.base.user.User.accounts#3220217d-8abd-4936-8088-827abd66e864]
2023-11-28T22:11:57.342-05:00 DEBUG 27472 --- [           main] o.h.e.i.AbstractFlushingEventListener    : Flushed: 1 insertions, 1 updates, 0 deletions to 7 objects
2023-11-28T22:11:57.342-05:00 DEBUG 27472 --- [           main] o.h.e.i.AbstractFlushingEventListener    : Flushed: 2 (re)creations, 0 updates, 1 removals to 4 collections
2023-11-28T22:11:57.342-05:00 DEBUG 27472 --- [           main] o.hibernate.internal.util.EntityPrinter  : Listing entities:
2023-11-28T22:11:57.342-05:00 DEBUG 27472 --- [           main] o.hibernate.internal.util.EntityPrinter  : com.cash_flow_app.apicashflow.entities_repositories_and_services.base.authority.Authority{endpoint=User, permission=CREATE, id=f4f135be-a2b5-48d1-a9d0-2b14e82cc373}
2023-11-28T22:11:57.342-05:00 DEBUG 27472 --- [           main] o.hibernate.internal.util.EntityPrinter  : com.cash_flow_app.apicashflow.entities_repositories_and_services.base.authority.Authority{endpoint=User, permission=READ, id=35481739-2447-454f-8ec3-daf467bb2ae5}
2023-11-28T22:11:57.342-05:00 DEBUG 27472 --- [           main] o.hibernate.internal.util.EntityPrinter  : com.cash_flow_app.apicashflow.entities_repositories_and_services.base.authority.Authority{endpoint=Account, permission=DELETE, id=363894b3-8bdc-4764-ad13-d91f872e1a95}
2023-11-28T22:11:57.342-05:00 DEBUG 27472 --- [           main] o.hibernate.internal.util.EntityPrinter  : com.cash_flow_app.apicashflow.entities_repositories_and_services.base.user.User{password=$2a$10$fgokFmjCPXYk2eUFtl/H1eXsgH52hEvisPJa9jCRBomKy6gCJvHiS, id=3220217d-8abd-4936-8088-827abd66e864, accounts=[com.cash_flow_app.apicashflow.entities_repositories_and_services.base.account.Account#7d630679-1c45-46db-99b0-8689b59cffc3, com.cash_flow_app.apicashflow.entities_repositories_and_services.base.account.Account#7d630679-1c45-46db-99b0-8689b59cffc3], authorities=[com.cash_flow_app.apicashflow.entities_repositories_and_services.base.authority.Authority#9aaf7d40-45f6-4ab6-90a9-a23f4c1b5f2f, com.cash_flow_app.apicashflow.entities_repositories_and_services.base.authority.Authority#b14a62f4-d04f-422a-a2a3-1f80e2635352, com.cash_flow_app.apicashflow.entities_repositories_and_services.base.authority.Authority#363894b3-8bdc-4764-ad13-d91f872e1a95, com.cash_flow_app.apicashflow.entities_repositories_and_services.base.authority.Authority#f4f135be-a2b5-48d1-a9d0-2b14e82cc373, com.cash_flow_app.apicashflow.entities_repositories_and_services.base.authority.Authority#35481739-2447-454f-8ec3-daf467bb2ae5], username=usuario_test}
2023-11-28T22:11:57.342-05:00 DEBUG 27472 --- [           main] o.hibernate.internal.util.EntityPrinter  : com.cash_flow_app.apicashflow.entities_repositories_and_services.base.authority.Authority{endpoint=Account, permission=CREATE, id=9aaf7d40-45f6-4ab6-90a9-a23f4c1b5f2f}
2023-11-28T22:11:57.342-05:00 DEBUG 27472 --- [           main] o.hibernate.internal.util.EntityPrinter  : com.cash_flow_app.apicashflow.entities_repositories_and_services.base.account.Account{incomes_expenses=null, description=descripcion de cuenta, id=7d630679-1c45-46db-99b0-8689b59cffc3, users=[com.cash_flow_app.apicashflow.entities_repositories_and_services.base.user.User#3220217d-8abd-4936-8088-827abd66e864, com.cash_flow_app.apicashflow.entities_repositories_and_services.base.user.User#3220217d-8abd-4936-8088-827abd66e864]}
2023-11-28T22:11:57.342-05:00 DEBUG 27472 --- [           main] o.hibernate.internal.util.EntityPrinter  : com.cash_flow_app.apicashflow.entities_repositories_and_services.base.authority.Authority{endpoint=Account, permission=READ, id=b14a62f4-d04f-422a-a2a3-1f80e2635352}
2023-11-28T22:11:57.342-05:00 DEBUG 27472 --- [           main] org.hibernate.engine.spi.ActionQueue     : Changes must be flushed to space: users
2023-11-28T22:11:57.343-05:00 DEBUG 27472 --- [           main] org.hibernate.SQL                        : 
    insert 
    into
        accounts
        (description, id) 
    values
        (?, ?)
2023-11-28T22:11:57.343-05:00 DEBUG 27472 --- [           main] o.h.p.c.AbstractCollectionPersister      : Inserting collection: [com.cash_flow_app.apicashflow.entities_repositories_and_services.base.user.User.accounts#3220217d-8abd-4936-8088-827abd66e864]
2023-11-28T22:11:57.343-05:00 DEBUG 27472 --- [           main] org.hibernate.SQL                        : 
    insert 
    into
        user_account
        (user_id, account_id) 
    values
        (?, ?)
2023-11-28T22:11:57.343-05:00 DEBUG 27472 --- [           main] org.hibernate.SQL                        : 
    insert 
    into
        user_account
        (user_id, account_id) 
    values
        (?, ?)
2023-11-28T22:11:57.344-05:00 DEBUG 27472 --- [           main] o.h.engine.jdbc.spi.SqlExceptionHelper   : could not execute statement [n/a]

org.postgresql.util.PSQLException: ERROR: duplicate key value violates unique constraint "user_account_pkey"
  Detail: Key (user_id, account_id)=(3220217d-8abd-4936-8088-827abd66e864, 7d630679-1c45-46db-99b0-8689b59cffc3) already exists.
	at org.postgresql.core.v3.QueryExecutorImpl.receiveErrorResponse(QueryExecutorImpl.java:2676) ~[postgresql-42.5.4.jar:42.5.4]
	at org.postgresql.core.v3.QueryExecutorImpl.processResults(QueryExecutorImpl.java:2366) ~[postgresql-42.5.4.jar:42.5.4]
	at org.postgresql.core.v3.QueryExecutorImpl.execute(QueryExecutorImpl.java:356) ~[postgresql-42.5.4.jar:42.5.4]
	at org.postgresql.jdbc.PgStatement.executeInternal(PgStatement.java:496) ~[postgresql-42.5.4.jar:42.5.4]
	at org.postgresql.jdbc.PgStatement.execute(PgStatement.java:413) ~[postgresql-42.5.4.jar:42.5.4]
	at org.postgresql.jdbc.PgPreparedStatement.executeWithFlags(PgPreparedStatement.java:190) ~[postgresql-42.5.4.jar:42.5.4]
	at org.postgresql.jdbc.PgPreparedStatement.executeUpdate(PgPreparedStatement.java:152) ~[postgresql-42.5.4.jar:42.5.4]
	at com.zaxxer.hikari.pool.ProxyPreparedStatement.executeUpdate(ProxyPreparedStatement.java:61) ~[HikariCP-5.0.1.jar:na]
	at com.zaxxer.hikari.pool.HikariProxyPreparedStatement.executeUpdate(HikariProxyPreparedStatement.java) ~[HikariCP-5.0.1.jar:na]
	at org.hibernate.engine.jdbc.internal.ResultSetReturnImpl.executeUpdate(ResultSetReturnImpl.java:197) ~[hibernate-core-6.1.7.Final.jar:6.1.7.Final]
	at org.hibernate.engine.jdbc.batch.internal.NonBatchingBatch.addToBatch(NonBatchingBatch.java:39) ~[hibernate-core-6.1.7.Final.jar:6.1.7.Final]
	at org.hibernate.persister.collection.AbstractCollectionPersister.recreate(AbstractCollectionPersister.java:1478) ~[hibernate-core-6.1.7.Final.jar:6.1.7.Final]
	at org.hibernate.action.internal.CollectionRecreateAction.execute(CollectionRecreateAction.java:47) ~[hibernate-core-6.1.7.Final.jar:6.1.7.Final]
	at org.hibernate.engine.spi.ActionQueue.executeActions(ActionQueue.java:612) ~[hibernate-core-6.1.7.Final.jar:6.1.7.Final]
	at org.hibernate.engine.spi.ActionQueue.lambda$executeActions$1(ActionQueue.java:483) ~[hibernate-core-6.1.7.Final.jar:6.1.7.Final]
	at java.base/java.util.LinkedHashMap.forEach(LinkedHashMap.java:729) ~[na:na]
	at org.hibernate.engine.spi.ActionQueue.executeActions(ActionQueue.java:480) ~[hibernate-core-6.1.7.Final.jar:6.1.7.Final]
	at org.hibernate.event.internal.AbstractFlushingEventListener.performExecutions(AbstractFlushingEventListener.java:329) ~[hibernate-core-6.1.7.Final.jar:6.1.7.Final]
	at org.hibernate.event.internal.DefaultAutoFlushEventListener.onAutoFlush(DefaultAutoFlushEventListener.java:55) ~[hibernate-core-6.1.7.Final.jar:6.1.7.Final]
	at org.hibernate.event.service.internal.EventListenerGroupImpl.fireEventOnEachListener(EventListenerGroupImpl.java:107) ~[hibernate-core-6.1.7.Final.jar:6.1.7.Final]
	at org.hibernate.internal.SessionImpl.autoFlushIfRequired(SessionImpl.java:1388) ~[hibernate-core-6.1.7.Final.jar:6.1.7.Final]
	at org.hibernate.query.sqm.internal.ConcreteSqmSelectQueryPlan.lambda$new$0(ConcreteSqmSelectQueryPlan.java:111) ~[hibernate-core-6.1.7.Final.jar:6.1.7.Final]
	at org.hibernate.query.sqm.internal.ConcreteSqmSelectQueryPlan.withCacheableSqmInterpretation(ConcreteSqmSelectQueryPlan.java:335) ~[hibernate-core-6.1.7.Final.jar:6.1.7.Final]
	at org.hibernate.query.sqm.internal.ConcreteSqmSelectQueryPlan.performList(ConcreteSqmSelectQueryPlan.java:276) ~[hibernate-core-6.1.7.Final.jar:6.1.7.Final]
	at org.hibernate.query.sqm.internal.QuerySqmImpl.doList(QuerySqmImpl.java:571) ~[hibernate-core-6.1.7.Final.jar:6.1.7.Final]
	at org.hibernate.query.spi.AbstractSelectionQuery.list(AbstractSelectionQuery.java:363) ~[hibernate-core-6.1.7.Final.jar:6.1.7.Final]
	at org.hibernate.query.sqm.internal.QuerySqmImpl.list(QuerySqmImpl.java:1073) ~[hibernate-core-6.1.7.Final.jar:6.1.7.Final]
	at org.hibernate.query.spi.AbstractSelectionQuery.getSingleResult(AbstractSelectionQuery.java:457) ~[hibernate-core-6.1.7.Final.jar:6.1.7.Final]
	at org.hibernate.query.sqm.internal.QuerySqmImpl.getSingleResult(QuerySqmImpl.java:1103) ~[hibernate-core-6.1.7.Final.jar:6.1.7.Final]
	at org.springframework.data.jpa.repository.query.JpaQueryExecution$SingleEntityExecution.doExecute(JpaQueryExecution.java:193) ~[spring-data-jpa-3.0.5.jar:3.0.5]
	at org.springframework.data.jpa.repository.query.JpaQueryExecution.execute(JpaQueryExecution.java:90) ~[spring-data-jpa-3.0.5.jar:3.0.5]
	at org.springframework.data.jpa.repository.query.AbstractJpaQuery.doExecute(AbstractJpaQuery.java:148) ~[spring-data-jpa-3.0.5.jar:3.0.5]
	at org.springframework.data.jpa.repository.query.AbstractJpaQuery.execute(AbstractJpaQuery.java:136) ~[spring-data-jpa-3.0.5.jar:3.0.5]
	at org.springframework.data.repository.core.support.RepositoryMethodInvoker.doInvoke(RepositoryMethodInvoker.java:136) ~[spring-data-commons-3.0.5.jar:3.0.5]
	at org.springframework.data.repository.core.support.RepositoryMethodInvoker.invoke(RepositoryMethodInvoker.java:120) ~[spring-data-commons-3.0.5.jar:3.0.5]
	at org.springframework.data.repository.core.support.QueryExecutorMethodInterceptor.doInvoke(QueryExecutorMethodInterceptor.java:164) ~[spring-data-commons-3.0.5.jar:3.0.5]
	at org.springframework.data.repository.core.support.QueryExecutorMethodInterceptor.invoke(QueryExecutorMethodInterceptor.java:143) ~[spring-data-commons-3.0.5.jar:3.0.5]
	at org.springframework.aop.framework.ReflectiveMethodInvocation.proceed(ReflectiveMethodInvocation.java:184) ~[spring-aop-6.0.8.jar:6.0.8]
	at org.springframework.data.projection.DefaultMethodInvokingMethodInterceptor.invoke(DefaultMethodInvokingMethodInterceptor.java:77) ~[spring-data-commons-3.0.5.jar:3.0.5]
	at org.springframework.aop.framework.ReflectiveMethodInvocation.proceed(ReflectiveMethodInvocation.java:184) ~[spring-aop-6.0.8.jar:6.0.8]
	at org.springframework.transaction.interceptor.TransactionInterceptor$1.proceedWithInvocation(TransactionInterceptor.java:123) ~[spring-tx-6.0.8.jar:6.0.8]
	at org.springframework.transaction.interceptor.TransactionAspectSupport.invokeWithinTransaction(TransactionAspectSupport.java:391) ~[spring-tx-6.0.8.jar:6.0.8]
	at org.springframework.transaction.interceptor.TransactionInterceptor.invoke(TransactionInterceptor.java:119) ~[spring-tx-6.0.8.jar:6.0.8]
	at org.springframework.aop.framework.ReflectiveMethodInvocation.proceed(ReflectiveMethodInvocation.java:184) ~[spring-aop-6.0.8.jar:6.0.8]
	at org.springframework.dao.support.PersistenceExceptionTranslationInterceptor.invoke(PersistenceExceptionTranslationInterceptor.java:137) ~[spring-tx-6.0.8.jar:6.0.8]
	at org.springframework.aop.framework.ReflectiveMethodInvocation.proceed(ReflectiveMethodInvocation.java:184) ~[spring-aop-6.0.8.jar:6.0.8]
	at org.springframework.data.jpa.repository.support.CrudMethodMetadataPostProcessor$CrudMethodMetadataPopulatingMethodInterceptor.invoke(CrudMethodMetadataPostProcessor.java:134) ~[spring-data-jpa-3.0.5.jar:3.0.5]
	at org.springframework.aop.framework.ReflectiveMethodInvocation.proceed(ReflectiveMethodInvocation.java:184) ~[spring-aop-6.0.8.jar:6.0.8]
	at org.springframework.aop.interceptor.ExposeInvocationInterceptor.invoke(ExposeInvocationInterceptor.java:97) ~[spring-aop-6.0.8.jar:6.0.8]
	at org.springframework.aop.framework.ReflectiveMethodInvocation.proceed(ReflectiveMethodInvocation.java:184) ~[spring-aop-6.0.8.jar:6.0.8]
	at org.springframework.aop.framework.JdkDynamicAopProxy.invoke(JdkDynamicAopProxy.java:223) ~[spring-aop-6.0.8.jar:6.0.8]
	at jdk.proxy2/jdk.proxy2.$Proxy148.findByUsername(Unknown Source) ~[na:na]
	at com.cash_flow_app.apicashflow.entities_repositories_and_services.base.user.UserService.findByUsername(UserService.java:56) ~[classes/:na]
	at com.cash_flow_app.apicashflow.entities_repositories_and_services.base.security.LoginService.loadUserByUsername(LoginService.java:18) ~[classes/:na]
	at com.cash_flow_app.apicashflow.utils.TokenUtils.getAuthentication(TokenUtils.java:40) ~[classes/:na]
	at com.cash_flow_app.apicashflow.entities_repositories_and_services.base.security.JWTAuthorizationFilter.doFilterInternal(JWTAuthorizationFilter.java:27) ~[classes/:na]
	at org.springframework.web.filter.OncePerRequestFilter.doFilter(OncePerRequestFilter.java:116) ~[spring-web-6.0.8.jar:6.0.8]
	at org.springframework.security.web.ObservationFilterChainDecorator$ObservationFilter.wrapFilter(ObservationFilterChainDecorator.java:185) ~[spring-security-web-6.0.3.jar:6.0.3]
	at org.springframework.security.web.ObservationFilterChainDecorator$ObservationFilter.doFilter(ObservationFilterChainDecorator.java:172) ~[spring-security-web-6.0.3.jar:6.0.3]
	at org.springframework.security.web.ObservationFilterChainDecorator$VirtualFilterChain.doFilter(ObservationFilterChainDecorator.java:133) ~[spring-security-web-6.0.3.jar:6.0.3]
	at org.springframework.security.web.authentication.logout.LogoutFilter.doFilter(LogoutFilter.java:107) ~[spring-security-web-6.0.3.jar:6.0.3]
	at org.springframework.security.web.authentication.logout.LogoutFilter.doFilter(LogoutFilter.java:93) ~[spring-security-web-6.0.3.jar:6.0.3]
	at org.springframework.security.web.ObservationFilterChainDecorator$ObservationFilter.wrapFilter(ObservationFilterChainDecorator.java:185) ~[spring-security-web-6.0.3.jar:6.0.3]
	at org.springframework.security.web.ObservationFilterChainDecorator$ObservationFilter.doFilter(ObservationFilterChainDecorator.java:172) ~[spring-security-web-6.0.3.jar:6.0.3]
	at org.springframework.security.web.ObservationFilterChainDecorator$VirtualFilterChain.doFilter(ObservationFilterChainDecorator.java:133) ~[spring-security-web-6.0.3.jar:6.0.3]
	at org.springframework.web.filter.CorsFilter.doFilterInternal(CorsFilter.java:91) ~[spring-web-6.0.8.jar:6.0.8]
	at org.springframework.web.filter.OncePerRequestFilter.doFilter(OncePerRequestFilter.java:116) ~[spring-web-6.0.8.jar:6.0.8]
	at org.springframework.security.web.ObservationFilterChainDecorator$ObservationFilter.wrapFilter(ObservationFilterChainDecorator.java:185) ~[spring-security-web-6.0.3.jar:6.0.3]
	at org.springframework.security.web.ObservationFilterChainDecorator$ObservationFilter.doFilter(ObservationFilterChainDecorator.java:172) ~[spring-security-web-6.0.3.jar:6.0.3]
	at org.springframework.security.web.ObservationFilterChainDecorator$VirtualFilterChain.doFilter(ObservationFilterChainDecorator.java:133) ~[spring-security-web-6.0.3.jar:6.0.3]
	at org.springframework.security.web.header.HeaderWriterFilter.doHeadersAfter(HeaderWriterFilter.java:90) ~[spring-security-web-6.0.3.jar:6.0.3]
	at org.springframework.security.web.header.HeaderWriterFilter.doFilterInternal(HeaderWriterFilter.java:75) ~[spring-security-web-6.0.3.jar:6.0.3]
	at org.springframework.web.filter.OncePerRequestFilter.doFilter(OncePerRequestFilter.java:116) ~[spring-web-6.0.8.jar:6.0.8]
	at org.springframework.security.web.ObservationFilterChainDecorator$ObservationFilter.wrapFilter(ObservationFilterChainDecorator.java:185) ~[spring-security-web-6.0.3.jar:6.0.3]
	at org.springframework.security.web.ObservationFilterChainDecorator$ObservationFilter.doFilter(ObservationFilterChainDecorator.java:172) ~[spring-security-web-6.0.3.jar:6.0.3]
	at org.springframework.security.web.ObservationFilterChainDecorator$VirtualFilterChain.doFilter(ObservationFilterChainDecorator.java:133) ~[spring-security-web-6.0.3.jar:6.0.3]
	at org.springframework.security.web.context.SecurityContextHolderFilter.doFilter(SecurityContextHolderFilter.java:82) ~[spring-security-web-6.0.3.jar:6.0.3]
	at org.springframework.security.web.context.SecurityContextHolderFilter.doFilter(SecurityContextHolderFilter.java:69) ~[spring-security-web-6.0.3.jar:6.0.3]
	at org.springframework.security.web.ObservationFilterChainDecorator$ObservationFilter.wrapFilter(ObservationFilterChainDecorator.java:185) ~[spring-security-web-6.0.3.jar:6.0.3]
	at org.springframework.security.web.ObservationFilterChainDecorator$ObservationFilter.doFilter(ObservationFilterChainDecorator.java:172) ~[spring-security-web-6.0.3.jar:6.0.3]
	at org.springframework.security.web.ObservationFilterChainDecorator$VirtualFilterChain.doFilter(ObservationFilterChainDecorator.java:133) ~[spring-security-web-6.0.3.jar:6.0.3]
	at org.springframework.security.web.context.request.async.WebAsyncManagerIntegrationFilter.doFilterInternal(WebAsyncManagerIntegrationFilter.java:62) ~[spring-security-web-6.0.3.jar:6.0.3]
	at org.springframework.web.filter.OncePerRequestFilter.doFilter(OncePerRequestFilter.java:116) ~[spring-web-6.0.8.jar:6.0.8]
	at org.springframework.security.web.ObservationFilterChainDecorator$ObservationFilter.wrapFilter(ObservationFilterChainDecorator.java:185) ~[spring-security-web-6.0.3.jar:6.0.3]
	at org.springframework.security.web.ObservationFilterChainDecorator$ObservationFilter.doFilter(ObservationFilterChainDecorator.java:172) ~[spring-security-web-6.0.3.jar:6.0.3]
	at org.springframework.security.web.ObservationFilterChainDecorator$VirtualFilterChain.doFilter(ObservationFilterChainDecorator.java:133) ~[spring-security-web-6.0.3.jar:6.0.3]
	at org.springframework.security.web.session.ForceEagerSessionCreationFilter.doFilterInternal(ForceEagerSessionCreationFilter.java:45) ~[spring-security-web-6.0.3.jar:6.0.3]
	at org.springframework.web.filter.OncePerRequestFilter.doFilter(OncePerRequestFilter.java:116) ~[spring-web-6.0.8.jar:6.0.8]
	at org.springframework.security.web.ObservationFilterChainDecorator$ObservationFilter.wrapFilter(ObservationFilterChainDecorator.java:185) ~[spring-security-web-6.0.3.jar:6.0.3]
	at org.springframework.security.web.ObservationFilterChainDecorator$ObservationFilter.doFilter(ObservationFilterChainDecorator.java:172) ~[spring-security-web-6.0.3.jar:6.0.3]
	at org.springframework.security.web.ObservationFilterChainDecorator$VirtualFilterChain.doFilter(ObservationFilterChainDecorator.java:133) ~[spring-security-web-6.0.3.jar:6.0.3]
	at org.springframework.security.web.session.DisableEncodeUrlFilter.doFilterInternal(DisableEncodeUrlFilter.java:42) ~[spring-security-web-6.0.3.jar:6.0.3]
	at org.springframework.web.filter.OncePerRequestFilter.doFilter(OncePerRequestFilter.java:116) ~[spring-web-6.0.8.jar:6.0.8]
	at org.springframework.security.web.ObservationFilterChainDecorator$ObservationFilter.wrapFilter(ObservationFilterChainDecorator.java:185) ~[spring-security-web-6.0.3.jar:6.0.3]
	at org.springframework.security.web.ObservationFilterChainDecorator$AroundFilterObservation$SimpleAroundFilterObservation.lambda$wrap$0(ObservationFilterChainDecorator.java:268) ~[spring-security-web-6.0.3.jar:6.0.3]
	at org.springframework.security.web.ObservationFilterChainDecorator$ObservationFilter.doFilter(ObservationFilterChainDecorator.java:169) ~[spring-security-web-6.0.3.jar:6.0.3]
	at org.springframework.security.web.ObservationFilterChainDecorator$VirtualFilterChain.doFilter(ObservationFilterChainDecorator.java:133) ~[spring-security-web-6.0.3.jar:6.0.3]
	at org.springframework.security.web.FilterChainProxy.doFilterInternal(FilterChainProxy.java:233) ~[spring-security-web-6.0.3.jar:6.0.3]
	at org.springframework.security.web.FilterChainProxy.doFilter(FilterChainProxy.java:191) ~[spring-security-web-6.0.3.jar:6.0.3]
	at org.springframework.web.filter.DelegatingFilterProxy.invokeDelegate(DelegatingFilterProxy.java:352) ~[spring-web-6.0.8.jar:6.0.8]
	at org.springframework.web.filter.DelegatingFilterProxy.doFilter(DelegatingFilterProxy.java:268) ~[spring-web-6.0.8.jar:6.0.8]
	at org.springframework.mock.web.MockFilterChain.doFilter(MockFilterChain.java:132) ~[spring-test-6.0.8.jar:6.0.8]
	at org.springframework.web.filter.RequestContextFilter.doFilterInternal(RequestContextFilter.java:100) ~[spring-web-6.0.8.jar:6.0.8]
	at org.springframework.web.filter.OncePerRequestFilter.doFilter(OncePerRequestFilter.java:116) ~[spring-web-6.0.8.jar:6.0.8]
	at org.springframework.mock.web.MockFilterChain.doFilter(MockFilterChain.java:132) ~[spring-test-6.0.8.jar:6.0.8]
	at org.springframework.web.filter.FormContentFilter.doFilterInternal(FormContentFilter.java:93) ~[spring-web-6.0.8.jar:6.0.8]
	at org.springframework.web.filter.OncePerRequestFilter.doFilter(OncePerRequestFilter.java:116) ~[spring-web-6.0.8.jar:6.0.8]
	at org.springframework.mock.web.MockFilterChain.doFilter(MockFilterChain.java:132) ~[spring-test-6.0.8.jar:6.0.8]
	at org.springframework.web.filter.ServerHttpObservationFilter.doFilterInternal(ServerHttpObservationFilter.java:109) ~[spring-web-6.0.8.jar:6.0.8]
	at org.springframework.web.filter.OncePerRequestFilter.doFilter(OncePerRequestFilter.java:116) ~[spring-web-6.0.8.jar:6.0.8]
	at org.springframework.mock.web.MockFilterChain.doFilter(MockFilterChain.java:132) ~[spring-test-6.0.8.jar:6.0.8]
	at org.springframework.web.filter.CharacterEncodingFilter.doFilterInternal(CharacterEncodingFilter.java:201) ~[spring-web-6.0.8.jar:6.0.8]
	at org.springframework.web.filter.OncePerRequestFilter.doFilter(OncePerRequestFilter.java:116) ~[spring-web-6.0.8.jar:6.0.8]
	at org.springframework.mock.web.MockFilterChain.doFilter(MockFilterChain.java:132) ~[spring-test-6.0.8.jar:6.0.8]
	at org.springframework.test.web.servlet.MockMvc.perform(MockMvc.java:201) ~[spring-test-6.0.8.jar:6.0.8]
	at com.cash_flow_app.apicashflow.controller.AccountControllerTest.createAccountResult(AccountControllerTest.java:197) ~[test-classes/:na]
	at com.cash_flow_app.apicashflow.controller.AccountControllerTest.getAllByUsername(AccountControllerTest.java:131) ~[test-classes/:na]
	at java.base/jdk.internal.reflect.DirectMethodHandleAccessor.invoke(DirectMethodHandleAccessor.java:104) ~[na:na]
	at java.base/java.lang.reflect.Method.invoke(Method.java:578) ~[na:na]
	at org.junit.platform.commons.util.ReflectionUtils.invokeMethod(ReflectionUtils.java:727) ~[junit-platform-commons-1.9.2.jar:1.9.2]
	at org.junit.jupiter.engine.execution.MethodInvocation.proceed(MethodInvocation.java:60) ~[junit-jupiter-engine-5.9.2.jar:5.9.2]
	at org.junit.jupiter.engine.execution.InvocationInterceptorChain$ValidatingInvocation.proceed(InvocationInterceptorChain.java:131) ~[junit-jupiter-engine-5.9.2.jar:5.9.2]
	at org.junit.jupiter.engine.extension.TimeoutExtension.intercept(TimeoutExtension.java:156) ~[junit-jupiter-engine-5.9.2.jar:5.9.2]
	at org.junit.jupiter.engine.extension.TimeoutExtension.interceptTestableMethod(TimeoutExtension.java:147) ~[junit-jupiter-engine-5.9.2.jar:5.9.2]
	at org.junit.jupiter.engine.extension.TimeoutExtension.interceptTestMethod(TimeoutExtension.java:86) ~[junit-jupiter-engine-5.9.2.jar:5.9.2]
	at org.junit.jupiter.engine.execution.InterceptingExecutableInvoker$ReflectiveInterceptorCall.lambda$ofVoidMethod$0(InterceptingExecutableInvoker.java:103) ~[junit-jupiter-engine-5.9.2.jar:5.9.2]
	at org.junit.jupiter.engine.execution.InterceptingExecutableInvoker.lambda$invoke$0(InterceptingExecutableInvoker.java:93) ~[junit-jupiter-engine-5.9.2.jar:5.9.2]
	at org.junit.jupiter.engine.execution.InvocationInterceptorChain$InterceptedInvocation.proceed(InvocationInterceptorChain.java:106) ~[junit-jupiter-engine-5.9.2.jar:5.9.2]
	at org.junit.jupiter.engine.execution.InvocationInterceptorChain.proceed(InvocationInterceptorChain.java:64) ~[junit-jupiter-engine-5.9.2.jar:5.9.2]
	at org.junit.jupiter.engine.execution.InvocationInterceptorChain.chainAndInvoke(InvocationInterceptorChain.java:45) ~[junit-jupiter-engine-5.9.2.jar:5.9.2]
	at org.junit.jupiter.engine.execution.InvocationInterceptorChain.invoke(InvocationInterceptorChain.java:37) ~[junit-jupiter-engine-5.9.2.jar:5.9.2]
	at org.junit.jupiter.engine.execution.InterceptingExecutableInvoker.invoke(InterceptingExecutableInvoker.java:92) ~[junit-jupiter-engine-5.9.2.jar:5.9.2]
	at org.junit.jupiter.engine.execution.InterceptingExecutableInvoker.invoke(InterceptingExecutableInvoker.java:86) ~[junit-jupiter-engine-5.9.2.jar:5.9.2]
	at org.junit.jupiter.engine.descriptor.TestMethodTestDescriptor.lambda$invokeTestMethod$7(TestMethodTestDescriptor.java:217) ~[junit-jupiter-engine-5.9.2.jar:5.9.2]
	at org.junit.platform.engine.support.hierarchical.ThrowableCollector.execute(ThrowableCollector.java:73) ~[junit-platform-engine-1.9.2.jar:1.9.2]
	at org.junit.jupiter.engine.descriptor.TestMethodTestDescriptor.invokeTestMethod(TestMethodTestDescriptor.java:213) ~[junit-jupiter-engine-5.9.2.jar:5.9.2]
	at org.junit.jupiter.engine.descriptor.TestMethodTestDescriptor.execute(TestMethodTestDescriptor.java:138) ~[junit-jupiter-engine-5.9.2.jar:5.9.2]
	at org.junit.jupiter.engine.descriptor.TestMethodTestDescriptor.execute(TestMethodTestDescriptor.java:68) ~[junit-jupiter-engine-5.9.2.jar:5.9.2]
	at org.junit.platform.engine.support.hierarchical.NodeTestTask.lambda$executeRecursively$6(NodeTestTask.java:151) ~[junit-platform-engine-1.9.2.jar:1.9.2]
	at org.junit.platform.engine.support.hierarchical.ThrowableCollector.execute(ThrowableCollector.java:73) ~[junit-platform-engine-1.9.2.jar:1.9.2]
	at org.junit.platform.engine.support.hierarchical.NodeTestTask.lambda$executeRecursively$8(NodeTestTask.java:141) ~[junit-platform-engine-1.9.2.jar:1.9.2]
	at org.junit.platform.engine.support.hierarchical.Node.around(Node.java:137) ~[junit-platform-engine-1.9.2.jar:1.9.2]
	at org.junit.platform.engine.support.hierarchical.NodeTestTask.lambda$executeRecursively$9(NodeTestTask.java:139) ~[junit-platform-engine-1.9.2.jar:1.9.2]
	at org.junit.platform.engine.support.hierarchical.ThrowableCollector.execute(ThrowableCollector.java:73) ~[junit-platform-engine-1.9.2.jar:1.9.2]
	at org.junit.platform.engine.support.hierarchical.NodeTestTask.executeRecursively(NodeTestTask.java:138) ~[junit-platform-engine-1.9.2.jar:1.9.2]
	at org.junit.platform.engine.support.hierarchical.NodeTestTask.execute(NodeTestTask.java:95) ~[junit-platform-engine-1.9.2.jar:1.9.2]
	at java.base/java.util.ArrayList.forEach(ArrayList.java:1511) ~[na:na]
	at org.junit.platform.engine.support.hierarchical.SameThreadHierarchicalTestExecutorService.invokeAll(SameThreadHierarchicalTestExecutorService.java:41) ~[junit-platform-engine-1.9.2.jar:1.9.2]
	at org.junit.platform.engine.support.hierarchical.NodeTestTask.lambda$executeRecursively$6(NodeTestTask.java:155) ~[junit-platform-engine-1.9.2.jar:1.9.2]
	at org.junit.platform.engine.support.hierarchical.ThrowableCollector.execute(ThrowableCollector.java:73) ~[junit-platform-engine-1.9.2.jar:1.9.2]
	at org.junit.platform.engine.support.hierarchical.NodeTestTask.lambda$executeRecursively$8(NodeTestTask.java:141) ~[junit-platform-engine-1.9.2.jar:1.9.2]
	at org.junit.platform.engine.support.hierarchical.Node.around(Node.java:137) ~[junit-platform-engine-1.9.2.jar:1.9.2]
	at org.junit.platform.engine.support.hierarchical.NodeTestTask.lambda$executeRecursively$9(NodeTestTask.java:139) ~[junit-platform-engine-1.9.2.jar:1.9.2]
	at org.junit.platform.engine.support.hierarchical.ThrowableCollector.execute(ThrowableCollector.java:73) ~[junit-platform-engine-1.9.2.jar:1.9.2]
	at org.junit.platform.engine.support.hierarchical.NodeTestTask.executeRecursively(NodeTestTask.java:138) ~[junit-platform-engine-1.9.2.jar:1.9.2]
	at org.junit.platform.engine.support.hierarchical.NodeTestTask.execute(NodeTestTask.java:95) ~[junit-platform-engine-1.9.2.jar:1.9.2]
	at java.base/java.util.ArrayList.forEach(ArrayList.java:1511) ~[na:na]
	at org.junit.platform.engine.support.hierarchical.SameThreadHierarchicalTestExecutorService.invokeAll(SameThreadHierarchicalTestExecutorService.java:41) ~[junit-platform-engine-1.9.2.jar:1.9.2]
	at org.junit.platform.engine.support.hierarchical.NodeTestTask.lambda$executeRecursively$6(NodeTestTask.java:155) ~[junit-platform-engine-1.9.2.jar:1.9.2]
	at org.junit.platform.engine.support.hierarchical.ThrowableCollector.execute(ThrowableCollector.java:73) ~[junit-platform-engine-1.9.2.jar:1.9.2]
	at org.junit.platform.engine.support.hierarchical.NodeTestTask.lambda$executeRecursively$8(NodeTestTask.java:141) ~[junit-platform-engine-1.9.2.jar:1.9.2]
	at org.junit.platform.engine.support.hierarchical.Node.around(Node.java:137) ~[junit-platform-engine-1.9.2.jar:1.9.2]
	at org.junit.platform.engine.support.hierarchical.NodeTestTask.lambda$executeRecursively$9(NodeTestTask.java:139) ~[junit-platform-engine-1.9.2.jar:1.9.2]
	at org.junit.platform.engine.support.hierarchical.ThrowableCollector.execute(ThrowableCollector.java:73) ~[junit-platform-engine-1.9.2.jar:1.9.2]
	at org.junit.platform.engine.support.hierarchical.NodeTestTask.executeRecursively(NodeTestTask.java:138) ~[junit-platform-engine-1.9.2.jar:1.9.2]
	at org.junit.platform.engine.support.hierarchical.NodeTestTask.execute(NodeTestTask.java:95) ~[junit-platform-engine-1.9.2.jar:1.9.2]
	at org.junit.platform.engine.support.hierarchical.SameThreadHierarchicalTestExecutorService.submit(SameThreadHierarchicalTestExecutorService.java:35) ~[junit-platform-engine-1.9.2.jar:1.9.2]
	at org.junit.platform.engine.support.hierarchical.HierarchicalTestExecutor.execute(HierarchicalTestExecutor.java:57) ~[junit-platform-engine-1.9.2.jar:1.9.2]
	at org.junit.platform.engine.support.hierarchical.HierarchicalTestEngine.execute(HierarchicalTestEngine.java:54) ~[junit-platform-engine-1.9.2.jar:1.9.2]
	at org.junit.platform.launcher.core.DefaultLauncher.execute(DefaultLauncher.java:220) ~[junit-platform-launcher-1.3.1.jar:1.3.1]
	at org.junit.platform.launcher.core.DefaultLauncher.lambda$execute$6(DefaultLauncher.java:188) ~[junit-platform-launcher-1.3.1.jar:1.3.1]
	at org.junit.platform.launcher.core.DefaultLauncher.withInterceptedStreams(DefaultLauncher.java:202) ~[junit-platform-launcher-1.3.1.jar:1.3.1]
	at org.junit.platform.launcher.core.DefaultLauncher.execute(DefaultLauncher.java:181) ~[junit-platform-launcher-1.3.1.jar:1.3.1]
	at org.junit.platform.launcher.core.DefaultLauncher.execute(DefaultLauncher.java:128) ~[junit-platform-launcher-1.3.1.jar:1.3.1]
	at org.apache.maven.surefire.junitplatform.JUnitPlatformProvider.invokeAllTests(JUnitPlatformProvider.java:150) ~[surefire-junit-platform-2.22.2.jar:2.22.2]
	at org.apache.maven.surefire.junitplatform.JUnitPlatformProvider.invoke(JUnitPlatformProvider.java:124) ~[surefire-junit-platform-2.22.2.jar:2.22.2]
	at org.apache.maven.surefire.booter.ForkedBooter.invokeProviderInSameClassLoader(ForkedBooter.java:384) ~[surefire-booter-2.22.2.jar:2.22.2]
	at org.apache.maven.surefire.booter.ForkedBooter.runSuitesInProcess(ForkedBooter.java:345) ~[surefire-booter-2.22.2.jar:2.22.2]
	at org.apache.maven.surefire.booter.ForkedBooter.execute(ForkedBooter.java:126) ~[surefire-booter-2.22.2.jar:2.22.2]
	at org.apache.maven.surefire.booter.ForkedBooter.main(ForkedBooter.java:418) ~[surefire-booter-2.22.2.jar:2.22.2]

2023-11-28T22:11:57.344-05:00  WARN 27472 --- [           main] o.h.engine.jdbc.spi.SqlExceptionHelper   : SQL Error: 0, SQLState: 23505
2023-11-28T22:11:57.344-05:00 ERROR 27472 --- [           main] o.h.engine.jdbc.spi.SqlExceptionHelper   : ERROR: duplicate key value violates unique constraint "user_account_pkey"
  Detail: Key (user_id, account_id)=(3220217d-8abd-4936-8088-827abd66e864, 7d630679-1c45-46db-99b0-8689b59cffc3) already exists.
2023-11-28T22:11:57.344-05:00  INFO 27472 --- [           main] o.h.e.j.b.internal.AbstractBatchImpl     : HHH000010: On release of batch it still contained JDBC statements
2023-11-28T22:11:57.344-05:00 DEBUG 27472 --- [           main] cResourceLocalTransactionCoordinatorImpl : JDBC transaction marked for rollback-only (exception provided for stack trace)

java.lang.Exception: exception just for purpose of providing stack trace
	at org.hibernate.resource.transaction.backend.jdbc.internal.JdbcResourceLocalTransactionCoordinatorImpl$TransactionDriverControlImpl.markRollbackOnly(JdbcResourceLocalTransactionCoordinatorImpl.java:324) ~[hibernate-core-6.1.7.Final.jar:6.1.7.Final]
	at org.hibernate.engine.transaction.internal.TransactionImpl.markRollbackOnly(TransactionImpl.java:203) ~[hibernate-core-6.1.7.Final.jar:6.1.7.Final]
	at org.hibernate.internal.AbstractSharedSessionContract.markForRollbackOnly(AbstractSharedSessionContract.java:434) ~[hibernate-core-6.1.7.Final.jar:6.1.7.Final]
	at org.hibernate.internal.ExceptionConverterImpl.handlePersistenceException(ExceptionConverterImpl.java:291) ~[hibernate-core-6.1.7.Final.jar:6.1.7.Final]
	at org.hibernate.internal.ExceptionConverterImpl.convert(ExceptionConverterImpl.java:168) ~[hibernate-core-6.1.7.Final.jar:6.1.7.Final]
	at org.hibernate.query.spi.AbstractSelectionQuery.list(AbstractSelectionQuery.java:374) ~[hibernate-core-6.1.7.Final.jar:6.1.7.Final]
	at org.hibernate.query.sqm.internal.QuerySqmImpl.list(QuerySqmImpl.java:1073) ~[hibernate-core-6.1.7.Final.jar:6.1.7.Final]
	at org.hibernate.query.spi.AbstractSelectionQuery.getSingleResult(AbstractSelectionQuery.java:457) ~[hibernate-core-6.1.7.Final.jar:6.1.7.Final]
	at org.hibernate.query.sqm.internal.QuerySqmImpl.getSingleResult(QuerySqmImpl.java:1103) ~[hibernate-core-6.1.7.Final.jar:6.1.7.Final]
	at org.springframework.data.jpa.repository.query.JpaQueryExecution$SingleEntityExecution.doExecute(JpaQueryExecution.java:193) ~[spring-data-jpa-3.0.5.jar:3.0.5]
	at org.springframework.data.jpa.repository.query.JpaQueryExecution.execute(JpaQueryExecution.java:90) ~[spring-data-jpa-3.0.5.jar:3.0.5]
	at org.springframework.data.jpa.repository.query.AbstractJpaQuery.doExecute(AbstractJpaQuery.java:148) ~[spring-data-jpa-3.0.5.jar:3.0.5]
	at org.springframework.data.jpa.repository.query.AbstractJpaQuery.execute(AbstractJpaQuery.java:136) ~[spring-data-jpa-3.0.5.jar:3.0.5]
	at org.springframework.data.repository.core.support.RepositoryMethodInvoker.doInvoke(RepositoryMethodInvoker.java:136) ~[spring-data-commons-3.0.5.jar:3.0.5]
	at org.springframework.data.repository.core.support.RepositoryMethodInvoker.invoke(RepositoryMethodInvoker.java:120) ~[spring-data-commons-3.0.5.jar:3.0.5]
	at org.springframework.data.repository.core.support.QueryExecutorMethodInterceptor.doInvoke(QueryExecutorMethodInterceptor.java:164) ~[spring-data-commons-3.0.5.jar:3.0.5]
	at org.springframework.data.repository.core.support.QueryExecutorMethodInterceptor.invoke(QueryExecutorMethodInterceptor.java:143) ~[spring-data-commons-3.0.5.jar:3.0.5]
	at org.springframework.aop.framework.ReflectiveMethodInvocation.proceed(ReflectiveMethodInvocation.java:184) ~[spring-aop-6.0.8.jar:6.0.8]
	at org.springframework.data.projection.DefaultMethodInvokingMethodInterceptor.invoke(DefaultMethodInvokingMethodInterceptor.java:77) ~[spring-data-commons-3.0.5.jar:3.0.5]
	at org.springframework.aop.framework.ReflectiveMethodInvocation.proceed(ReflectiveMethodInvocation.java:184) ~[spring-aop-6.0.8.jar:6.0.8]
	at org.springframework.transaction.interceptor.TransactionInterceptor$1.proceedWithInvocation(TransactionInterceptor.java:123) ~[spring-tx-6.0.8.jar:6.0.8]
	at org.springframework.transaction.interceptor.TransactionAspectSupport.invokeWithinTransaction(TransactionAspectSupport.java:391) ~[spring-tx-6.0.8.jar:6.0.8]
	at org.springframework.transaction.interceptor.TransactionInterceptor.invoke(TransactionInterceptor.java:119) ~[spring-tx-6.0.8.jar:6.0.8]
	at org.springframework.aop.framework.ReflectiveMethodInvocation.proceed(ReflectiveMethodInvocation.java:184) ~[spring-aop-6.0.8.jar:6.0.8]
	at org.springframework.dao.support.PersistenceExceptionTranslationInterceptor.invoke(PersistenceExceptionTranslationInterceptor.java:137) ~[spring-tx-6.0.8.jar:6.0.8]
	at org.springframework.aop.framework.ReflectiveMethodInvocation.proceed(ReflectiveMethodInvocation.java:184) ~[spring-aop-6.0.8.jar:6.0.8]
	at org.springframework.data.jpa.repository.support.CrudMethodMetadataPostProcessor$CrudMethodMetadataPopulatingMethodInterceptor.invoke(CrudMethodMetadataPostProcessor.java:134) ~[spring-data-jpa-3.0.5.jar:3.0.5]
	at org.springframework.aop.framework.ReflectiveMethodInvocation.proceed(ReflectiveMethodInvocation.java:184) ~[spring-aop-6.0.8.jar:6.0.8]
	at org.springframework.aop.interceptor.ExposeInvocationInterceptor.invoke(ExposeInvocationInterceptor.java:97) ~[spring-aop-6.0.8.jar:6.0.8]
	at org.springframework.aop.framework.ReflectiveMethodInvocation.proceed(ReflectiveMethodInvocation.java:184) ~[spring-aop-6.0.8.jar:6.0.8]
	at org.springframework.aop.framework.JdkDynamicAopProxy.invoke(JdkDynamicAopProxy.java:223) ~[spring-aop-6.0.8.jar:6.0.8]
	at jdk.proxy2/jdk.proxy2.$Proxy148.findByUsername(Unknown Source) ~[na:na]
	at com.cash_flow_app.apicashflow.entities_repositories_and_services.base.user.UserService.findByUsername(UserService.java:56) ~[classes/:na]
	at com.cash_flow_app.apicashflow.entities_repositories_and_services.base.security.LoginService.loadUserByUsername(LoginService.java:18) ~[classes/:na]
	at com.cash_flow_app.apicashflow.utils.TokenUtils.getAuthentication(TokenUtils.java:40) ~[classes/:na]
	at com.cash_flow_app.apicashflow.entities_repositories_and_services.base.security.JWTAuthorizationFilter.doFilterInternal(JWTAuthorizationFilter.java:27) ~[classes/:na]
	at org.springframework.web.filter.OncePerRequestFilter.doFilter(OncePerRequestFilter.java:116) ~[spring-web-6.0.8.jar:6.0.8]
	at org.springframework.security.web.ObservationFilterChainDecorator$ObservationFilter.wrapFilter(ObservationFilterChainDecorator.java:185) ~[spring-security-web-6.0.3.jar:6.0.3]
	at org.springframework.security.web.ObservationFilterChainDecorator$ObservationFilter.doFilter(ObservationFilterChainDecorator.java:172) ~[spring-security-web-6.0.3.jar:6.0.3]
	at org.springframework.security.web.ObservationFilterChainDecorator$VirtualFilterChain.doFilter(ObservationFilterChainDecorator.java:133) ~[spring-security-web-6.0.3.jar:6.0.3]
	at org.springframework.security.web.authentication.logout.LogoutFilter.doFilter(LogoutFilter.java:107) ~[spring-security-web-6.0.3.jar:6.0.3]
	at org.springframework.security.web.authentication.logout.LogoutFilter.doFilter(LogoutFilter.java:93) ~[spring-security-web-6.0.3.jar:6.0.3]
	at org.springframework.security.web.ObservationFilterChainDecorator$ObservationFilter.wrapFilter(ObservationFilterChainDecorator.java:185) ~[spring-security-web-6.0.3.jar:6.0.3]
	at org.springframework.security.web.ObservationFilterChainDecorator$ObservationFilter.doFilter(ObservationFilterChainDecorator.java:172) ~[spring-security-web-6.0.3.jar:6.0.3]
	at org.springframework.security.web.ObservationFilterChainDecorator$VirtualFilterChain.doFilter(ObservationFilterChainDecorator.java:133) ~[spring-security-web-6.0.3.jar:6.0.3]
	at org.springframework.web.filter.CorsFilter.doFilterInternal(CorsFilter.java:91) ~[spring-web-6.0.8.jar:6.0.8]
	at org.springframework.web.filter.OncePerRequestFilter.doFilter(OncePerRequestFilter.java:116) ~[spring-web-6.0.8.jar:6.0.8]
	at org.springframework.security.web.ObservationFilterChainDecorator$ObservationFilter.wrapFilter(ObservationFilterChainDecorator.java:185) ~[spring-security-web-6.0.3.jar:6.0.3]
	at org.springframework.security.web.ObservationFilterChainDecorator$ObservationFilter.doFilter(ObservationFilterChainDecorator.java:172) ~[spring-security-web-6.0.3.jar:6.0.3]
	at org.springframework.security.web.ObservationFilterChainDecorator$VirtualFilterChain.doFilter(ObservationFilterChainDecorator.java:133) ~[spring-security-web-6.0.3.jar:6.0.3]
	at org.springframework.security.web.header.HeaderWriterFilter.doHeadersAfter(HeaderWriterFilter.java:90) ~[spring-security-web-6.0.3.jar:6.0.3]
	at org.springframework.security.web.header.HeaderWriterFilter.doFilterInternal(HeaderWriterFilter.java:75) ~[spring-security-web-6.0.3.jar:6.0.3]
	at org.springframework.web.filter.OncePerRequestFilter.doFilter(OncePerRequestFilter.java:116) ~[spring-web-6.0.8.jar:6.0.8]
	at org.springframework.security.web.ObservationFilterChainDecorator$ObservationFilter.wrapFilter(ObservationFilterChainDecorator.java:185) ~[spring-security-web-6.0.3.jar:6.0.3]
	at org.springframework.security.web.ObservationFilterChainDecorator$ObservationFilter.doFilter(ObservationFilterChainDecorator.java:172) ~[spring-security-web-6.0.3.jar:6.0.3]
	at org.springframework.security.web.ObservationFilterChainDecorator$VirtualFilterChain.doFilter(ObservationFilterChainDecorator.java:133) ~[spring-security-web-6.0.3.jar:6.0.3]
	at org.springframework.security.web.context.SecurityContextHolderFilter.doFilter(SecurityContextHolderFilter.java:82) ~[spring-security-web-6.0.3.jar:6.0.3]
	at org.springframework.security.web.context.SecurityContextHolderFilter.doFilter(SecurityContextHolderFilter.java:69) ~[spring-security-web-6.0.3.jar:6.0.3]
	at org.springframework.security.web.ObservationFilterChainDecorator$ObservationFilter.wrapFilter(ObservationFilterChainDecorator.java:185) ~[spring-security-web-6.0.3.jar:6.0.3]
	at org.springframework.security.web.ObservationFilterChainDecorator$ObservationFilter.doFilter(ObservationFilterChainDecorator.java:172) ~[spring-security-web-6.0.3.jar:6.0.3]
	at org.springframework.security.web.ObservationFilterChainDecorator$VirtualFilterChain.doFilter(ObservationFilterChainDecorator.java:133) ~[spring-security-web-6.0.3.jar:6.0.3]
	at org.springframework.security.web.context.request.async.WebAsyncManagerIntegrationFilter.doFilterInternal(WebAsyncManagerIntegrationFilter.java:62) ~[spring-security-web-6.0.3.jar:6.0.3]
	at org.springframework.web.filter.OncePerRequestFilter.doFilter(OncePerRequestFilter.java:116) ~[spring-web-6.0.8.jar:6.0.8]
	at org.springframework.security.web.ObservationFilterChainDecorator$ObservationFilter.wrapFilter(ObservationFilterChainDecorator.java:185) ~[spring-security-web-6.0.3.jar:6.0.3]
	at org.springframework.security.web.ObservationFilterChainDecorator$ObservationFilter.doFilter(ObservationFilterChainDecorator.java:172) ~[spring-security-web-6.0.3.jar:6.0.3]
	at org.springframework.security.web.ObservationFilterChainDecorator$VirtualFilterChain.doFilter(ObservationFilterChainDecorator.java:133) ~[spring-security-web-6.0.3.jar:6.0.3]
	at org.springframework.security.web.session.ForceEagerSessionCreationFilter.doFilterInternal(ForceEagerSessionCreationFilter.java:45) ~[spring-security-web-6.0.3.jar:6.0.3]
	at org.springframework.web.filter.OncePerRequestFilter.doFilter(OncePerRequestFilter.java:116) ~[spring-web-6.0.8.jar:6.0.8]
	at org.springframework.security.web.ObservationFilterChainDecorator$ObservationFilter.wrapFilter(ObservationFilterChainDecorator.java:185) ~[spring-security-web-6.0.3.jar:6.0.3]
	at org.springframework.security.web.ObservationFilterChainDecorator$ObservationFilter.doFilter(ObservationFilterChainDecorator.java:172) ~[spring-security-web-6.0.3.jar:6.0.3]
	at org.springframework.security.web.ObservationFilterChainDecorator$VirtualFilterChain.doFilter(ObservationFilterChainDecorator.java:133) ~[spring-security-web-6.0.3.jar:6.0.3]
	at org.springframework.security.web.session.DisableEncodeUrlFilter.doFilterInternal(DisableEncodeUrlFilter.java:42) ~[spring-security-web-6.0.3.jar:6.0.3]
	at org.springframework.web.filter.OncePerRequestFilter.doFilter(OncePerRequestFilter.java:116) ~[spring-web-6.0.8.jar:6.0.8]
	at org.springframework.security.web.ObservationFilterChainDecorator$ObservationFilter.wrapFilter(ObservationFilterChainDecorator.java:185) ~[spring-security-web-6.0.3.jar:6.0.3]
	at org.springframework.security.web.ObservationFilterChainDecorator$AroundFilterObservation$SimpleAroundFilterObservation.lambda$wrap$0(ObservationFilterChainDecorator.java:268) ~[spring-security-web-6.0.3.jar:6.0.3]
	at org.springframework.security.web.ObservationFilterChainDecorator$ObservationFilter.doFilter(ObservationFilterChainDecorator.java:169) ~[spring-security-web-6.0.3.jar:6.0.3]
	at org.springframework.security.web.ObservationFilterChainDecorator$VirtualFilterChain.doFilter(ObservationFilterChainDecorator.java:133) ~[spring-security-web-6.0.3.jar:6.0.3]
	at org.springframework.security.web.FilterChainProxy.doFilterInternal(FilterChainProxy.java:233) ~[spring-security-web-6.0.3.jar:6.0.3]
	at org.springframework.security.web.FilterChainProxy.doFilter(FilterChainProxy.java:191) ~[spring-security-web-6.0.3.jar:6.0.3]
	at org.springframework.web.filter.DelegatingFilterProxy.invokeDelegate(DelegatingFilterProxy.java:352) ~[spring-web-6.0.8.jar:6.0.8]
	at org.springframework.web.filter.DelegatingFilterProxy.doFilter(DelegatingFilterProxy.java:268) ~[spring-web-6.0.8.jar:6.0.8]
	at org.springframework.mock.web.MockFilterChain.doFilter(MockFilterChain.java:132) ~[spring-test-6.0.8.jar:6.0.8]
	at org.springframework.web.filter.RequestContextFilter.doFilterInternal(RequestContextFilter.java:100) ~[spring-web-6.0.8.jar:6.0.8]
	at org.springframework.web.filter.OncePerRequestFilter.doFilter(OncePerRequestFilter.java:116) ~[spring-web-6.0.8.jar:6.0.8]
	at org.springframework.mock.web.MockFilterChain.doFilter(MockFilterChain.java:132) ~[spring-test-6.0.8.jar:6.0.8]
	at org.springframework.web.filter.FormContentFilter.doFilterInternal(FormContentFilter.java:93) ~[spring-web-6.0.8.jar:6.0.8]
	at org.springframework.web.filter.OncePerRequestFilter.doFilter(OncePerRequestFilter.java:116) ~[spring-web-6.0.8.jar:6.0.8]
	at org.springframework.mock.web.MockFilterChain.doFilter(MockFilterChain.java:132) ~[spring-test-6.0.8.jar:6.0.8]
	at org.springframework.web.filter.ServerHttpObservationFilter.doFilterInternal(ServerHttpObservationFilter.java:109) ~[spring-web-6.0.8.jar:6.0.8]
	at org.springframework.web.filter.OncePerRequestFilter.doFilter(OncePerRequestFilter.java:116) ~[spring-web-6.0.8.jar:6.0.8]
	at org.springframework.mock.web.MockFilterChain.doFilter(MockFilterChain.java:132) ~[spring-test-6.0.8.jar:6.0.8]
	at org.springframework.web.filter.CharacterEncodingFilter.doFilterInternal(CharacterEncodingFilter.java:201) ~[spring-web-6.0.8.jar:6.0.8]
	at org.springframework.web.filter.OncePerRequestFilter.doFilter(OncePerRequestFilter.java:116) ~[spring-web-6.0.8.jar:6.0.8]
	at org.springframework.mock.web.MockFilterChain.doFilter(MockFilterChain.java:132) ~[spring-test-6.0.8.jar:6.0.8]
	at org.springframework.test.web.servlet.MockMvc.perform(MockMvc.java:201) ~[spring-test-6.0.8.jar:6.0.8]
	at com.cash_flow_app.apicashflow.controller.AccountControllerTest.createAccountResult(AccountControllerTest.java:197) ~[test-classes/:na]
	at com.cash_flow_app.apicashflow.controller.AccountControllerTest.getAllByUsername(AccountControllerTest.java:131) ~[test-classes/:na]
	at java.base/jdk.internal.reflect.DirectMethodHandleAccessor.invoke(DirectMethodHandleAccessor.java:104) ~[na:na]
	at java.base/java.lang.reflect.Method.invoke(Method.java:578) ~[na:na]
	at org.junit.platform.commons.util.ReflectionUtils.invokeMethod(ReflectionUtils.java:727) ~[junit-platform-commons-1.9.2.jar:1.9.2]
	at org.junit.jupiter.engine.execution.MethodInvocation.proceed(MethodInvocation.java:60) ~[junit-jupiter-engine-5.9.2.jar:5.9.2]
	at org.junit.jupiter.engine.execution.InvocationInterceptorChain$ValidatingInvocation.proceed(InvocationInterceptorChain.java:131) ~[junit-jupiter-engine-5.9.2.jar:5.9.2]
	at org.junit.jupiter.engine.extension.TimeoutExtension.intercept(TimeoutExtension.java:156) ~[junit-jupiter-engine-5.9.2.jar:5.9.2]
	at org.junit.jupiter.engine.extension.TimeoutExtension.interceptTestableMethod(TimeoutExtension.java:147) ~[junit-jupiter-engine-5.9.2.jar:5.9.2]
	at org.junit.jupiter.engine.extension.TimeoutExtension.interceptTestMethod(TimeoutExtension.java:86) ~[junit-jupiter-engine-5.9.2.jar:5.9.2]
	at org.junit.jupiter.engine.execution.InterceptingExecutableInvoker$ReflectiveInterceptorCall.lambda$ofVoidMethod$0(InterceptingExecutableInvoker.java:103) ~[junit-jupiter-engine-5.9.2.jar:5.9.2]
	at org.junit.jupiter.engine.execution.InterceptingExecutableInvoker.lambda$invoke$0(InterceptingExecutableInvoker.java:93) ~[junit-jupiter-engine-5.9.2.jar:5.9.2]
	at org.junit.jupiter.engine.execution.InvocationInterceptorChain$InterceptedInvocation.proceed(InvocationInterceptorChain.java:106) ~[junit-jupiter-engine-5.9.2.jar:5.9.2]
	at org.junit.jupiter.engine.execution.InvocationInterceptorChain.proceed(InvocationInterceptorChain.java:64) ~[junit-jupiter-engine-5.9.2.jar:5.9.2]
	at org.junit.jupiter.engine.execution.InvocationInterceptorChain.chainAndInvoke(InvocationInterceptorChain.java:45) ~[junit-jupiter-engine-5.9.2.jar:5.9.2]
	at org.junit.jupiter.engine.execution.InvocationInterceptorChain.invoke(InvocationInterceptorChain.java:37) ~[junit-jupiter-engine-5.9.2.jar:5.9.2]
	at org.junit.jupiter.engine.execution.InterceptingExecutableInvoker.invoke(InterceptingExecutableInvoker.java:92) ~[junit-jupiter-engine-5.9.2.jar:5.9.2]
	at org.junit.jupiter.engine.execution.InterceptingExecutableInvoker.invoke(InterceptingExecutableInvoker.java:86) ~[junit-jupiter-engine-5.9.2.jar:5.9.2]
	at org.junit.jupiter.engine.descriptor.TestMethodTestDescriptor.lambda$invokeTestMethod$7(TestMethodTestDescriptor.java:217) ~[junit-jupiter-engine-5.9.2.jar:5.9.2]
	at org.junit.platform.engine.support.hierarchical.ThrowableCollector.execute(ThrowableCollector.java:73) ~[junit-platform-engine-1.9.2.jar:1.9.2]
	at org.junit.jupiter.engine.descriptor.TestMethodTestDescriptor.invokeTestMethod(TestMethodTestDescriptor.java:213) ~[junit-jupiter-engine-5.9.2.jar:5.9.2]
	at org.junit.jupiter.engine.descriptor.TestMethodTestDescriptor.execute(TestMethodTestDescriptor.java:138) ~[junit-jupiter-engine-5.9.2.jar:5.9.2]
	at org.junit.jupiter.engine.descriptor.TestMethodTestDescriptor.execute(TestMethodTestDescriptor.java:68) ~[junit-jupiter-engine-5.9.2.jar:5.9.2]
	at org.junit.platform.engine.support.hierarchical.NodeTestTask.lambda$executeRecursively$6(NodeTestTask.java:151) ~[junit-platform-engine-1.9.2.jar:1.9.2]
	at org.junit.platform.engine.support.hierarchical.ThrowableCollector.execute(ThrowableCollector.java:73) ~[junit-platform-engine-1.9.2.jar:1.9.2]
	at org.junit.platform.engine.support.hierarchical.NodeTestTask.lambda$executeRecursively$8(NodeTestTask.java:141) ~[junit-platform-engine-1.9.2.jar:1.9.2]
	at org.junit.platform.engine.support.hierarchical.Node.around(Node.java:137) ~[junit-platform-engine-1.9.2.jar:1.9.2]
	at org.junit.platform.engine.support.hierarchical.NodeTestTask.lambda$executeRecursively$9(NodeTestTask.java:139) ~[junit-platform-engine-1.9.2.jar:1.9.2]
	at org.junit.platform.engine.support.hierarchical.ThrowableCollector.execute(ThrowableCollector.java:73) ~[junit-platform-engine-1.9.2.jar:1.9.2]
	at org.junit.platform.engine.support.hierarchical.NodeTestTask.executeRecursively(NodeTestTask.java:138) ~[junit-platform-engine-1.9.2.jar:1.9.2]
	at org.junit.platform.engine.support.hierarchical.NodeTestTask.execute(NodeTestTask.java:95) ~[junit-platform-engine-1.9.2.jar:1.9.2]
	at java.base/java.util.ArrayList.forEach(ArrayList.java:1511) ~[na:na]
	at org.junit.platform.engine.support.hierarchical.SameThreadHierarchicalTestExecutorService.invokeAll(SameThreadHierarchicalTestExecutorService.java:41) ~[junit-platform-engine-1.9.2.jar:1.9.2]
	at org.junit.platform.engine.support.hierarchical.NodeTestTask.lambda$executeRecursively$6(NodeTestTask.java:155) ~[junit-platform-engine-1.9.2.jar:1.9.2]
	at org.junit.platform.engine.support.hierarchical.ThrowableCollector.execute(ThrowableCollector.java:73) ~[junit-platform-engine-1.9.2.jar:1.9.2]
	at org.junit.platform.engine.support.hierarchical.NodeTestTask.lambda$executeRecursively$8(NodeTestTask.java:141) ~[junit-platform-engine-1.9.2.jar:1.9.2]
	at org.junit.platform.engine.support.hierarchical.Node.around(Node.java:137) ~[junit-platform-engine-1.9.2.jar:1.9.2]
	at org.junit.platform.engine.support.hierarchical.NodeTestTask.lambda$executeRecursively$9(NodeTestTask.java:139) ~[junit-platform-engine-1.9.2.jar:1.9.2]
	at org.junit.platform.engine.support.hierarchical.ThrowableCollector.execute(ThrowableCollector.java:73) ~[junit-platform-engine-1.9.2.jar:1.9.2]
	at org.junit.platform.engine.support.hierarchical.NodeTestTask.executeRecursively(NodeTestTask.java:138) ~[junit-platform-engine-1.9.2.jar:1.9.2]
	at org.junit.platform.engine.support.hierarchical.NodeTestTask.execute(NodeTestTask.java:95) ~[junit-platform-engine-1.9.2.jar:1.9.2]
	at java.base/java.util.ArrayList.forEach(ArrayList.java:1511) ~[na:na]
	at org.junit.platform.engine.support.hierarchical.SameThreadHierarchicalTestExecutorService.invokeAll(SameThreadHierarchicalTestExecutorService.java:41) ~[junit-platform-engine-1.9.2.jar:1.9.2]
	at org.junit.platform.engine.support.hierarchical.NodeTestTask.lambda$executeRecursively$6(NodeTestTask.java:155) ~[junit-platform-engine-1.9.2.jar:1.9.2]
	at org.junit.platform.engine.support.hierarchical.ThrowableCollector.execute(ThrowableCollector.java:73) ~[junit-platform-engine-1.9.2.jar:1.9.2]
	at org.junit.platform.engine.support.hierarchical.NodeTestTask.lambda$executeRecursively$8(NodeTestTask.java:141) ~[junit-platform-engine-1.9.2.jar:1.9.2]
	at org.junit.platform.engine.support.hierarchical.Node.around(Node.java:137) ~[junit-platform-engine-1.9.2.jar:1.9.2]
	at org.junit.platform.engine.support.hierarchical.NodeTestTask.lambda$executeRecursively$9(NodeTestTask.java:139) ~[junit-platform-engine-1.9.2.jar:1.9.2]
	at org.junit.platform.engine.support.hierarchical.ThrowableCollector.execute(ThrowableCollector.java:73) ~[junit-platform-engine-1.9.2.jar:1.9.2]
	at org.junit.platform.engine.support.hierarchical.NodeTestTask.executeRecursively(NodeTestTask.java:138) ~[junit-platform-engine-1.9.2.jar:1.9.2]
	at org.junit.platform.engine.support.hierarchical.NodeTestTask.execute(NodeTestTask.java:95) ~[junit-platform-engine-1.9.2.jar:1.9.2]
	at org.junit.platform.engine.support.hierarchical.SameThreadHierarchicalTestExecutorService.submit(SameThreadHierarchicalTestExecutorService.java:35) ~[junit-platform-engine-1.9.2.jar:1.9.2]
	at org.junit.platform.engine.support.hierarchical.HierarchicalTestExecutor.execute(HierarchicalTestExecutor.java:57) ~[junit-platform-engine-1.9.2.jar:1.9.2]
	at org.junit.platform.engine.support.hierarchical.HierarchicalTestEngine.execute(HierarchicalTestEngine.java:54) ~[junit-platform-engine-1.9.2.jar:1.9.2]
	at org.junit.platform.launcher.core.DefaultLauncher.execute(DefaultLauncher.java:220) ~[junit-platform-launcher-1.3.1.jar:1.3.1]
	at org.junit.platform.launcher.core.DefaultLauncher.lambda$execute$6(DefaultLauncher.java:188) ~[junit-platform-launcher-1.3.1.jar:1.3.1]
	at org.junit.platform.launcher.core.DefaultLauncher.withInterceptedStreams(DefaultLauncher.java:202) ~[junit-platform-launcher-1.3.1.jar:1.3.1]
	at org.junit.platform.launcher.core.DefaultLauncher.execute(DefaultLauncher.java:181) ~[junit-platform-launcher-1.3.1.jar:1.3.1]
	at org.junit.platform.launcher.core.DefaultLauncher.execute(DefaultLauncher.java:128) ~[junit-platform-launcher-1.3.1.jar:1.3.1]
	at org.apache.maven.surefire.junitplatform.JUnitPlatformProvider.invokeAllTests(JUnitPlatformProvider.java:150) ~[surefire-junit-platform-2.22.2.jar:2.22.2]
	at org.apache.maven.surefire.junitplatform.JUnitPlatformProvider.invoke(JUnitPlatformProvider.java:124) ~[surefire-junit-platform-2.22.2.jar:2.22.2]
	at org.apache.maven.surefire.booter.ForkedBooter.invokeProviderInSameClassLoader(ForkedBooter.java:384) ~[surefire-booter-2.22.2.jar:2.22.2]
	at org.apache.maven.surefire.booter.ForkedBooter.runSuitesInProcess(ForkedBooter.java:345) ~[surefire-booter-2.22.2.jar:2.22.2]
	at org.apache.maven.surefire.booter.ForkedBooter.execute(ForkedBooter.java:126) ~[surefire-booter-2.22.2.jar:2.22.2]
	at org.apache.maven.surefire.booter.ForkedBooter.main(ForkedBooter.java:418) ~[surefire-booter-2.22.2.jar:2.22.2]

2023-11-28T22:11:57.345-05:00 DEBUG 27472 --- [           main] org.springframework.test.context.cache   : Spring test ApplicationContext cache statistics: [DefaultContextCache@8caffbd size = 3, maxSize = 32, parentContextCount = 0, hitCount = 290, missCount = 3]
2023-11-28T22:11:57.345-05:00 DEBUG 27472 --- [           main] org.springframework.test.context.cache   : Spring test ApplicationContext cache statistics: [DefaultContextCache@8caffbd size = 3, maxSize = 32, parentContextCount = 0, hitCount = 291, missCount = 3]
2023-11-28T22:11:57.345-05:00 DEBUG 27472 --- [           main] org.springframework.test.context.cache   : Spring test ApplicationContext cache statistics: [DefaultContextCache@8caffbd size = 3, maxSize = 32, parentContextCount = 0, hitCount = 292, missCount = 3]

MockHttpServletRequest:
      HTTP Method = POST
      Request URI = /api/v1/user/signup
       Parameters = {_csrf=[zpOtyAkTBA1Vz-16ZKOmiuUxnkULcTJUL6M7Vivl5fKyvFgrq_WZqjtyMzt4-tROAo6S6dwBsyRpEwZ5F5QKZk3R0ZOHjm1I]}
          Headers = [Content-Type:"application/json;charset=UTF-8", Content-Length:"171"]
             Body = {"username":"usuario_test","password":"123456","authorities":[{"endpoint":"Account","actions":["CREATE","READ","DELETE"]},{"endpoint":"User","actions":["CREATE","READ"]}]}
    Session Attrs = {}

Handler:
             Type = com.cash_flow_app.apicashflow.controller.UserController
           Method = com.cash_flow_app.apicashflow.controller.UserController#signup(UserDto)

Async:
    Async started = false
     Async result = null

Resolved Exception:
             Type = null

ModelAndView:
        View name = null
             View = null
            Model = null

FlashMap:
       Attributes = null

MockHttpServletResponse:
           Status = 200
    Error message = null
          Headers = [Vary:"Origin", "Access-Control-Request-Method", "Access-Control-Request-Headers", Content-Type:"application/json", X-Content-Type-Options:"nosniff", X-XSS-Protection:"0", Cache-Control:"no-cache, no-store, max-age=0, must-revalidate", Pragma:"no-cache", Expires:"0", X-Frame-Options:"DENY"]
     Content type = application/json
             Body = {"username":"usuario_test","password":null,"token_auth":"eyJhbGciOiJIUzUxMiJ9.eyJzdWIiOiJ1c3VhcmlvX3Rlc3QiLCJleHAiOjE3MDM4MTk1MTd9.AnW1_ycsUW2YBgpJlL4qwryaFClzLF4JuHigFRqWW1ek9QjvLskfAyKnAXHJyZYaOvXFa9PAVKQ-ygMS76Nvdw","authorities":[{"endpoint":"Account","actions":["CREATE","READ","DELETE"]},{"endpoint":"User","actions":["CREATE","READ"]}]}
    Forwarded URL = null
   Redirected URL = null
          Cookies = []

MockHttpServletRequest:
      HTTP Method = POST
      Request URI = /api/v1/user/login
       Parameters = {_csrf=[HTBVIKj_V7Nc9KNfDxY7gmtJ-JImq5kwRrZgpMjQv9L8fQ06LgQxQszOZ4VxlZFpPjsP4V4q1fAVyqsddtVVlfjh27HOGTpb]}
          Headers = [Content-Type:"application/json;charset=UTF-8", Content-Length:"52"]
             Body = { "username": "usuario_test", "password": "123456" }
    Session Attrs = {}

Handler:
             Type = null

Async:
    Async started = false
     Async result = null

Resolved Exception:
             Type = null

ModelAndView:
        View name = null
             View = null
            Model = null

FlashMap:
       Attributes = null

MockHttpServletResponse:
           Status = 200
    Error message = null
          Headers = [Vary:"Origin", "Access-Control-Request-Method", "Access-Control-Request-Headers", Authorization:"Bearer eyJhbGciOiJIUzUxMiJ9.eyJzdWIiOiJ1c3VhcmlvX3Rlc3QiLCJleHAiOjE3MDM4MTk1MTd9.AnW1_ycsUW2YBgpJlL4qwryaFClzLF4JuHigFRqWW1ek9QjvLskfAyKnAXHJyZYaOvXFa9PAVKQ-ygMS76Nvdw", Access-Control-Expose-Headers:"Authorization", X-Content-Type-Options:"nosniff", X-XSS-Protection:"0", Cache-Control:"no-cache, no-store, max-age=0, must-revalidate", Pragma:"no-cache", Expires:"0", X-Frame-Options:"DENY"]
     Content type = null
             Body = 
    Forwarded URL = null
   Redirected URL = null
          Cookies = []

MockHttpServletRequest:
      HTTP Method = POST
      Request URI = /api/v1/account/create
       Parameters = {_csrf=[6mVT6ctJmxCYW9d8F8UgNjoeuiT4Fas6LtweOs0vDoyRWU8j31dliPtwqXa1brUadOgUB1gqlxzPLZwXSukqD_oZaOqnbC5C]}
          Headers = [Content-Type:"application/json;charset=UTF-8", Authorization:"Bearer eyJhbGciOiJIUzUxMiJ9.eyJzdWIiOiJ1c3VhcmlvX3Rlc3QiLCJleHAiOjE3MDM4MTk1MTd9.AnW1_ycsUW2YBgpJlL4qwryaFClzLF4JuHigFRqWW1ek9QjvLskfAyKnAXHJyZYaOvXFa9PAVKQ-ygMS76Nvdw", Content-Length:"74"]
             Body = {"id":null,"description":"descripcion de cuenta","users":["usuario_test"]}
    Session Attrs = {SPRING_SECURITY_CONTEXT=SecurityContextImpl [Authentication=UsernamePasswordAuthenticationToken [Principal=usuario_test, Credentials=[PROTECTED], Authenticated=true, Details=null, Granted Authorities=[ENDPOINT_ACCOUNT_PERMISSION_CREATE, ENDPOINT_ACCOUNT_PERMISSION_READ, ENDPOINT_ACCOUNT_PERMISSION_DELETE, ENDPOINT_USER_PERMISSION_CREATE, ENDPOINT_USER_PERMISSION_READ]]]}

Handler:
             Type = com.cash_flow_app.apicashflow.controller.AccountController
           Method = com.cash_flow_app.apicashflow.controller.AccountController#create(AccountDto)

Async:
    Async started = false
     Async result = null

Resolved Exception:
             Type = null

ModelAndView:
        View name = null
             View = null
            Model = null

FlashMap:
       Attributes = null

MockHttpServletResponse:
           Status = 200
    Error message = null
          Headers = [Vary:"Origin", "Access-Control-Request-Method", "Access-Control-Request-Headers", Content-Type:"application/json", X-Content-Type-Options:"nosniff", X-XSS-Protection:"0", Cache-Control:"no-cache, no-store, max-age=0, must-revalidate", Pragma:"no-cache", Expires:"0", X-Frame-Options:"DENY"]
     Content type = application/json
             Body = {"id":"7d630679-1c45-46db-99b0-8689b59cffc3","description":"descripcion de cuenta","users":["usuario_test","usuario_test"]}
    Forwarded URL = null
   Redirected URL = null
          Cookies = []
2023-11-28T22:11:57.345-05:00 DEBUG 27472 --- [           main] org.springframework.test.context.cache   : Spring test ApplicationContext cache statistics: [DefaultContextCache@8caffbd size = 3, maxSize = 32, parentContextCount = 0, hitCount = 293, missCount = 3]
2023-11-28T22:11:57.346-05:00 DEBUG 27472 --- [           main] org.springframework.test.context.cache   : Spring test ApplicationContext cache statistics: [DefaultContextCache@8caffbd size = 3, maxSize = 32, parentContextCount = 0, hitCount = 294, missCount = 3]
2023-11-28T22:11:57.346-05:00 DEBUG 27472 --- [           main] org.springframework.test.context.cache   : Spring test ApplicationContext cache statistics: [DefaultContextCache@8caffbd size = 3, maxSize = 32, parentContextCount = 0, hitCount = 295, missCount = 3]
2023-11-28T22:11:57.346-05:00 DEBUG 27472 --- [           main] org.springframework.test.context.cache   : Spring test ApplicationContext cache statistics: [DefaultContextCache@8caffbd size = 3, maxSize = 32, parentContextCount = 0, hitCount = 296, missCount = 3]
2023-11-28T22:11:57.346-05:00 DEBUG 27472 --- [           main] o.s.orm.jpa.JpaTransactionManager        : Initiating transaction rollback
2023-11-28T22:11:57.346-05:00 DEBUG 27472 --- [           main] o.s.orm.jpa.JpaTransactionManager        : Rolling back JPA transaction on EntityManager [SessionImpl(1629169751<open>)]
2023-11-28T22:11:57.346-05:00 DEBUG 27472 --- [           main] o.h.e.t.internal.TransactionImpl         : rolling back
2023-11-28T22:11:57.346-05:00 DEBUG 27472 --- [           main] org.postgresql.jdbc.PgConnection         :   setAutoCommit = true
2023-11-28T22:11:57.347-05:00 DEBUG 27472 --- [           main] o.s.orm.jpa.JpaTransactionManager        : Closing JPA EntityManager [SessionImpl(1629169751<open>)] after transaction
2023-11-28T22:11:57.347-05:00 DEBUG 27472 --- [           main] o.h.e.jdbc.internal.JdbcCoordinatorImpl  : HHH000420: Closing un-released batch
2023-11-28T22:11:57.347-05:00 DEBUG 27472 --- [           main] o.s.t.c.transaction.TransactionContext   : Rolled back transaction (1) for test class [com.cash_flow_app.apicashflow.controller.AccountControllerTest]; test method [getAllByUsername]
2023-11-28T22:11:57.347-05:00 DEBUG 27472 --- [           main] tractDirtiesContextTestExecutionListener : After test method: class [AccountControllerTest], method [getAllByUsername], class annotated with @DirtiesContext [false] with mode [null], method annotated with @DirtiesContext [false] with mode [null]
2023-11-28T22:11:57.347-05:00 DEBUG 27472 --- [           main] o.s.t.c.w.ServletTestExecutionListener   : Resetting RequestContextHolder for test class com.cash_flow_app.apicashflow.controller.AccountControllerTest
]]></system-out>
  </testcase>
</testsuite>