<?xml version="1.0" encoding="UTF-8"?>
<testsuite xmlns:xsi="http://www.w3.org/2001/XMLSchema-instance" xsi:noNamespaceSchemaLocation="https://maven.apache.org/surefire/maven-surefire-plugin/xsd/surefire-test-report.xsd" name="com.cash_flow_app.apicashflow.controller.ScheduledAccountControllerTest" time="0.758" tests="4" errors="4" skipped="0" failures="0">
  <properties>
    <property name="java.specification.version" value="20"/>
    <property name="sun.jnu.encoding" value="UTF-8"/>
    <property name="java.class.path" value="/Users/andres_nino/Documents/Trabajo/Aprendizaje/spring boot/cash-flow-app/api-cash-flow/target/test-classes:/Users/andres_nino/Documents/Trabajo/Aprendizaje/spring boot/cash-flow-app/api-cash-flow/target/classes:/Users/andres_nino/.m2/repository/org/flywaydb/flyway-core/9.16.0/flyway-core-9.16.0.jar:/Users/andres_nino/.m2/repository/com/fasterxml/jackson/dataformat/jackson-dataformat-toml/2.14.2/jackson-dataformat-toml-2.14.2.jar:/Users/andres_nino/.m2/repository/org/springframework/boot/spring-boot-starter-data-jpa/3.0.6/spring-boot-starter-data-jpa-3.0.6.jar:/Users/andres_nino/.m2/repository/org/springframework/boot/spring-boot-starter-aop/3.0.6/spring-boot-starter-aop-3.0.6.jar:/Users/andres_nino/.m2/repository/org/aspectj/aspectjweaver/1.9.19/aspectjweaver-1.9.19.jar:/Users/andres_nino/.m2/repository/org/springframework/boot/spring-boot-starter-jdbc/3.0.6/spring-boot-starter-jdbc-3.0.6.jar:/Users/andres_nino/.m2/repository/com/zaxxer/HikariCP/5.0.1/HikariCP-5.0.1.jar:/Users/andres_nino/.m2/repository/org/springframework/spring-jdbc/6.0.8/spring-jdbc-6.0.8.jar:/Users/andres_nino/.m2/repository/org/hibernate/orm/hibernate-core/6.1.7.Final/hibernate-core-6.1.7.Final.jar:/Users/andres_nino/.m2/repository/jakarta/persistence/jakarta.persistence-api/3.1.0/jakarta.persistence-api-3.1.0.jar:/Users/andres_nino/.m2/repository/jakarta/transaction/jakarta.transaction-api/2.0.1/jakarta.transaction-api-2.0.1.jar:/Users/andres_nino/.m2/repository/org/jboss/logging/jboss-logging/3.5.0.Final/jboss-logging-3.5.0.Final.jar:/Users/andres_nino/.m2/repository/org/hibernate/common/hibernate-commons-annotations/6.0.6.Final/hibernate-commons-annotations-6.0.6.Final.jar:/Users/andres_nino/.m2/repository/org/jboss/jandex/2.4.2.Final/jandex-2.4.2.Final.jar:/Users/andres_nino/.m2/repository/com/fasterxml/classmate/1.5.1/classmate-1.5.1.jar:/Users/andres_nino/.m2/repository/net/bytebuddy/byte-buddy/1.12.23/byte-buddy-1.12.23.jar:/Users/andres_nino/.m2/repository/org/glassfish/jaxb/jaxb-runtime/4.0.2/jaxb-runtime-4.0.2.jar:/Users/andres_nino/.m2/repository/org/glassfish/jaxb/jaxb-core/4.0.2/jaxb-core-4.0.2.jar:/Users/andres_nino/.m2/repository/org/eclipse/angus/angus-activation/2.0.0/angus-activation-2.0.0.jar:/Users/andres_nino/.m2/repository/org/glassfish/jaxb/txw2/4.0.2/txw2-4.0.2.jar:/Users/andres_nino/.m2/repository/com/sun/istack/istack-commons-runtime/4.1.1/istack-commons-runtime-4.1.1.jar:/Users/andres_nino/.m2/repository/jakarta/inject/jakarta.inject-api/2.0.0/jakarta.inject-api-2.0.0.jar:/Users/andres_nino/.m2/repository/org/antlr/antlr4-runtime/4.10.1/antlr4-runtime-4.10.1.jar:/Users/andres_nino/.m2/repository/org/springframework/data/spring-data-jpa/3.0.5/spring-data-jpa-3.0.5.jar:/Users/andres_nino/.m2/repository/org/springframework/data/spring-data-commons/3.0.5/spring-data-commons-3.0.5.jar:/Users/andres_nino/.m2/repository/org/springframework/spring-orm/6.0.8/spring-orm-6.0.8.jar:/Users/andres_nino/.m2/repository/org/springframework/spring-context/6.0.8/spring-context-6.0.8.jar:/Users/andres_nino/.m2/repository/org/springframework/spring-tx/6.0.8/spring-tx-6.0.8.jar:/Users/andres_nino/.m2/repository/org/springframework/spring-beans/6.0.8/spring-beans-6.0.8.jar:/Users/andres_nino/.m2/repository/jakarta/annotation/jakarta.annotation-api/2.1.1/jakarta.annotation-api-2.1.1.jar:/Users/andres_nino/.m2/repository/org/slf4j/slf4j-api/2.0.7/slf4j-api-2.0.7.jar:/Users/andres_nino/.m2/repository/org/springframework/spring-aspects/6.0.8/spring-aspects-6.0.8.jar:/Users/andres_nino/.m2/repository/org/springframework/boot/spring-boot-starter-security/3.0.6/spring-boot-starter-security-3.0.6.jar:/Users/andres_nino/.m2/repository/org/springframework/boot/spring-boot-starter/3.0.6/spring-boot-starter-3.0.6.jar:/Users/andres_nino/.m2/repository/org/springframework/boot/spring-boot/3.0.6/spring-boot-3.0.6.jar:/Users/andres_nino/.m2/repository/org/springframework/boot/spring-boot-autoconfigure/3.0.6/spring-boot-autoconfigure-3.0.6.jar:/Users/andres_nino/.m2/repository/org/springframework/boot/spring-boot-starter-logging/3.0.6/spring-boot-starter-logging-3.0.6.jar:/Users/andres_nino/.m2/repository/ch/qos/logback/logback-classic/1.4.7/logback-classic-1.4.7.jar:/Users/andres_nino/.m2/repository/ch/qos/logback/logback-core/1.4.7/logback-core-1.4.7.jar:/Users/andres_nino/.m2/repository/org/apache/logging/log4j/log4j-to-slf4j/2.19.0/log4j-to-slf4j-2.19.0.jar:/Users/andres_nino/.m2/repository/org/apache/logging/log4j/log4j-api/2.19.0/log4j-api-2.19.0.jar:/Users/andres_nino/.m2/repository/org/slf4j/jul-to-slf4j/2.0.7/jul-to-slf4j-2.0.7.jar:/Users/andres_nino/.m2/repository/org/yaml/snakeyaml/1.33/snakeyaml-1.33.jar:/Users/andres_nino/.m2/repository/org/springframework/spring-aop/6.0.8/spring-aop-6.0.8.jar:/Users/andres_nino/.m2/repository/org/springframework/security/spring-security-config/6.0.3/spring-security-config-6.0.3.jar:/Users/andres_nino/.m2/repository/org/springframework/security/spring-security-web/6.0.3/spring-security-web-6.0.3.jar:/Users/andres_nino/.m2/repository/org/springframework/spring-expression/6.0.8/spring-expression-6.0.8.jar:/Users/andres_nino/.m2/repository/org/springframework/boot/spring-boot-starter-web/3.1.0/spring-boot-starter-web-3.1.0.jar:/Users/andres_nino/.m2/repository/org/springframework/boot/spring-boot-starter-json/3.0.6/spring-boot-starter-json-3.0.6.jar:/Users/andres_nino/.m2/repository/com/fasterxml/jackson/datatype/jackson-datatype-jdk8/2.14.2/jackson-datatype-jdk8-2.14.2.jar:/Users/andres_nino/.m2/repository/com/fasterxml/jackson/module/jackson-module-parameter-names/2.14.2/jackson-module-parameter-names-2.14.2.jar:/Users/andres_nino/.m2/repository/org/springframework/boot/spring-boot-starter-tomcat/3.0.6/spring-boot-starter-tomcat-3.0.6.jar:/Users/andres_nino/.m2/repository/org/apache/tomcat/embed/tomcat-embed-core/10.1.8/tomcat-embed-core-10.1.8.jar:/Users/andres_nino/.m2/repository/org/apache/tomcat/embed/tomcat-embed-el/10.1.8/tomcat-embed-el-10.1.8.jar:/Users/andres_nino/.m2/repository/org/apache/tomcat/embed/tomcat-embed-websocket/10.1.8/tomcat-embed-websocket-10.1.8.jar:/Users/andres_nino/.m2/repository/org/springframework/spring-web/6.0.8/spring-web-6.0.8.jar:/Users/andres_nino/.m2/repository/org/springframework/spring-webmvc/6.0.8/spring-webmvc-6.0.8.jar:/Users/andres_nino/.m2/repository/org/postgresql/postgresql/42.5.4/postgresql-42.5.4.jar:/Users/andres_nino/.m2/repository/org/checkerframework/checker-qual/3.5.0/checker-qual-3.5.0.jar:/Users/andres_nino/.m2/repository/org/projectlombok/lombok/1.18.26/lombok-1.18.26.jar:/Users/andres_nino/.m2/repository/org/springframework/boot/spring-boot-starter-test/3.1.0/spring-boot-starter-test-3.1.0.jar:/Users/andres_nino/.m2/repository/org/springframework/boot/spring-boot-test/3.0.6/spring-boot-test-3.0.6.jar:/Users/andres_nino/.m2/repository/org/springframework/boot/spring-boot-test-autoconfigure/3.0.6/spring-boot-test-autoconfigure-3.0.6.jar:/Users/andres_nino/.m2/repository/com/jayway/jsonpath/json-path/2.7.0/json-path-2.7.0.jar:/Users/andres_nino/.m2/repository/jakarta/xml/bind/jakarta.xml.bind-api/4.0.0/jakarta.xml.bind-api-4.0.0.jar:/Users/andres_nino/.m2/repository/jakarta/activation/jakarta.activation-api/2.1.1/jakarta.activation-api-2.1.1.jar:/Users/andres_nino/.m2/repository/net/minidev/json-smart/2.4.10/json-smart-2.4.10.jar:/Users/andres_nino/.m2/repository/net/minidev/accessors-smart/2.4.9/accessors-smart-2.4.9.jar:/Users/andres_nino/.m2/repository/org/ow2/asm/asm/9.3/asm-9.3.jar:/Users/andres_nino/.m2/repository/org/assertj/assertj-core/3.23.1/assertj-core-3.23.1.jar:/Users/andres_nino/.m2/repository/org/hamcrest/hamcrest/2.2/hamcrest-2.2.jar:/Users/andres_nino/.m2/repository/org/junit/jupiter/junit-jupiter/5.9.2/junit-jupiter-5.9.2.jar:/Users/andres_nino/.m2/repository/org/junit/jupiter/junit-jupiter-api/5.9.2/junit-jupiter-api-5.9.2.jar:/Users/andres_nino/.m2/repository/org/opentest4j/opentest4j/1.2.0/opentest4j-1.2.0.jar:/Users/andres_nino/.m2/repository/org/junit/platform/junit-platform-commons/1.9.2/junit-platform-commons-1.9.2.jar:/Users/andres_nino/.m2/repository/org/apiguardian/apiguardian-api/1.1.2/apiguardian-api-1.1.2.jar:/Users/andres_nino/.m2/repository/org/junit/jupiter/junit-jupiter-params/5.9.2/junit-jupiter-params-5.9.2.jar:/Users/andres_nino/.m2/repository/org/junit/jupiter/junit-jupiter-engine/5.9.2/junit-jupiter-engine-5.9.2.jar:/Users/andres_nino/.m2/repository/org/junit/platform/junit-platform-engine/1.9.2/junit-platform-engine-1.9.2.jar:/Users/andres_nino/.m2/repository/org/mockito/mockito-core/4.8.1/mockito-core-4.8.1.jar:/Users/andres_nino/.m2/repository/net/bytebuddy/byte-buddy-agent/1.12.23/byte-buddy-agent-1.12.23.jar:/Users/andres_nino/.m2/repository/org/objenesis/objenesis/3.2/objenesis-3.2.jar:/Users/andres_nino/.m2/repository/org/mockito/mockito-junit-jupiter/4.8.1/mockito-junit-jupiter-4.8.1.jar:/Users/andres_nino/.m2/repository/org/skyscreamer/jsonassert/1.5.1/jsonassert-1.5.1.jar:/Users/andres_nino/.m2/repository/com/vaadin/external/google/android-json/0.0.20131108.vaadin1/android-json-0.0.20131108.vaadin1.jar:/Users/andres_nino/.m2/repository/org/springframework/spring-core/6.0.8/spring-core-6.0.8.jar:/Users/andres_nino/.m2/repository/org/springframework/spring-jcl/6.0.8/spring-jcl-6.0.8.jar:/Users/andres_nino/.m2/repository/org/springframework/spring-test/6.0.8/spring-test-6.0.8.jar:/Users/andres_nino/.m2/repository/org/xmlunit/xmlunit-core/2.9.1/xmlunit-core-2.9.1.jar:/Users/andres_nino/.m2/repository/org/springframework/security/spring-security-test/6.0.3/spring-security-test-6.0.3.jar:/Users/andres_nino/.m2/repository/org/springframework/security/spring-security-core/6.0.3/spring-security-core-6.0.3.jar:/Users/andres_nino/.m2/repository/org/springframework/security/spring-security-crypto/6.0.3/spring-security-crypto-6.0.3.jar:/Users/andres_nino/.m2/repository/org/springframework/boot/spring-boot-starter-actuator/3.1.0/spring-boot-starter-actuator-3.1.0.jar:/Users/andres_nino/.m2/repository/org/springframework/boot/spring-boot-actuator-autoconfigure/3.0.6/spring-boot-actuator-autoconfigure-3.0.6.jar:/Users/andres_nino/.m2/repository/org/springframework/boot/spring-boot-actuator/3.0.6/spring-boot-actuator-3.0.6.jar:/Users/andres_nino/.m2/repository/io/micrometer/micrometer-observation/1.10.6/micrometer-observation-1.10.6.jar:/Users/andres_nino/.m2/repository/io/micrometer/micrometer-commons/1.10.6/micrometer-commons-1.10.6.jar:/Users/andres_nino/.m2/repository/io/micrometer/micrometer-core/1.10.6/micrometer-core-1.10.6.jar:/Users/andres_nino/.m2/repository/org/hdrhistogram/HdrHistogram/2.1.12/HdrHistogram-2.1.12.jar:/Users/andres_nino/.m2/repository/org/latencyutils/LatencyUtils/2.0.3/LatencyUtils-2.0.3.jar:/Users/andres_nino/.m2/repository/com/fasterxml/jackson/datatype/jackson-datatype-jsr310/2.15.2/jackson-datatype-jsr310-2.15.2.jar:/Users/andres_nino/.m2/repository/com/fasterxml/jackson/core/jackson-annotations/2.14.2/jackson-annotations-2.14.2.jar:/Users/andres_nino/.m2/repository/com/fasterxml/jackson/core/jackson-core/2.14.2/jackson-core-2.14.2.jar:/Users/andres_nino/.m2/repository/com/fasterxml/jackson/core/jackson-databind/2.14.2/jackson-databind-2.14.2.jar:/Users/andres_nino/.m2/repository/com/opencsv/opencsv/5.8/opencsv-5.8.jar:/Users/andres_nino/.m2/repository/org/apache/commons/commons-lang3/3.12.0/commons-lang3-3.12.0.jar:/Users/andres_nino/.m2/repository/org/apache/commons/commons-text/1.10.0/commons-text-1.10.0.jar:/Users/andres_nino/.m2/repository/commons-beanutils/commons-beanutils/1.9.4/commons-beanutils-1.9.4.jar:/Users/andres_nino/.m2/repository/commons-logging/commons-logging/1.2/commons-logging-1.2.jar:/Users/andres_nino/.m2/repository/commons-collections/commons-collections/3.2.2/commons-collections-3.2.2.jar:/Users/andres_nino/.m2/repository/org/apache/commons/commons-collections4/4.4/commons-collections4-4.4.jar:/Users/andres_nino/.m2/repository/io/jsonwebtoken/jjwt-api/0.11.5/jjwt-api-0.11.5.jar:/Users/andres_nino/.m2/repository/io/jsonwebtoken/jjwt-impl/0.11.5/jjwt-impl-0.11.5.jar:/Users/andres_nino/.m2/repository/io/jsonwebtoken/jjwt-jackson/0.11.5/jjwt-jackson-0.11.5.jar:"/>
    <property name="java.vm.vendor" value="Oracle Corporation"/>
    <property name="sun.arch.data.model" value="64"/>
    <property name="java.vendor.url" value="https://java.oracle.com/"/>
    <property name="os.name" value="Mac OS X"/>
    <property name="java.vm.specification.version" value="20"/>
    <property name="sun.java.launcher" value="SUN_STANDARD"/>
    <property name="user.country" value="CO"/>
    <property name="sun.boot.library.path" value="/Users/andres_nino/Library/Java/JavaVirtualMachines/openjdk-20.0.1/Contents/Home/lib"/>
    <property name="sun.java.command" value="/Users/andres_nino/Documents/Trabajo/Aprendizaje/spring boot/cash-flow-app/api-cash-flow/target/surefire/surefirebooter524870317036203424.jar /Users/andres_nino/Documents/Trabajo/Aprendizaje/spring boot/cash-flow-app/api-cash-flow/target/surefire 2023-11-28T22-11-51_105-jvmRun1 surefire15087833163684218868tmp surefire_09596658762071821841tmp"/>
    <property name="http.nonProxyHosts" value="local|*.local|169.254/16|*.169.254/16"/>
    <property name="jdk.debug" value="release"/>
    <property name="surefire.test.class.path" value="/Users/andres_nino/Documents/Trabajo/Aprendizaje/spring boot/cash-flow-app/api-cash-flow/target/test-classes:/Users/andres_nino/Documents/Trabajo/Aprendizaje/spring boot/cash-flow-app/api-cash-flow/target/classes:/Users/andres_nino/.m2/repository/org/flywaydb/flyway-core/9.16.0/flyway-core-9.16.0.jar:/Users/andres_nino/.m2/repository/com/fasterxml/jackson/dataformat/jackson-dataformat-toml/2.14.2/jackson-dataformat-toml-2.14.2.jar:/Users/andres_nino/.m2/repository/org/springframework/boot/spring-boot-starter-data-jpa/3.0.6/spring-boot-starter-data-jpa-3.0.6.jar:/Users/andres_nino/.m2/repository/org/springframework/boot/spring-boot-starter-aop/3.0.6/spring-boot-starter-aop-3.0.6.jar:/Users/andres_nino/.m2/repository/org/aspectj/aspectjweaver/1.9.19/aspectjweaver-1.9.19.jar:/Users/andres_nino/.m2/repository/org/springframework/boot/spring-boot-starter-jdbc/3.0.6/spring-boot-starter-jdbc-3.0.6.jar:/Users/andres_nino/.m2/repository/com/zaxxer/HikariCP/5.0.1/HikariCP-5.0.1.jar:/Users/andres_nino/.m2/repository/org/springframework/spring-jdbc/6.0.8/spring-jdbc-6.0.8.jar:/Users/andres_nino/.m2/repository/org/hibernate/orm/hibernate-core/6.1.7.Final/hibernate-core-6.1.7.Final.jar:/Users/andres_nino/.m2/repository/jakarta/persistence/jakarta.persistence-api/3.1.0/jakarta.persistence-api-3.1.0.jar:/Users/andres_nino/.m2/repository/jakarta/transaction/jakarta.transaction-api/2.0.1/jakarta.transaction-api-2.0.1.jar:/Users/andres_nino/.m2/repository/org/jboss/logging/jboss-logging/3.5.0.Final/jboss-logging-3.5.0.Final.jar:/Users/andres_nino/.m2/repository/org/hibernate/common/hibernate-commons-annotations/6.0.6.Final/hibernate-commons-annotations-6.0.6.Final.jar:/Users/andres_nino/.m2/repository/org/jboss/jandex/2.4.2.Final/jandex-2.4.2.Final.jar:/Users/andres_nino/.m2/repository/com/fasterxml/classmate/1.5.1/classmate-1.5.1.jar:/Users/andres_nino/.m2/repository/net/bytebuddy/byte-buddy/1.12.23/byte-buddy-1.12.23.jar:/Users/andres_nino/.m2/repository/org/glassfish/jaxb/jaxb-runtime/4.0.2/jaxb-runtime-4.0.2.jar:/Users/andres_nino/.m2/repository/org/glassfish/jaxb/jaxb-core/4.0.2/jaxb-core-4.0.2.jar:/Users/andres_nino/.m2/repository/org/eclipse/angus/angus-activation/2.0.0/angus-activation-2.0.0.jar:/Users/andres_nino/.m2/repository/org/glassfish/jaxb/txw2/4.0.2/txw2-4.0.2.jar:/Users/andres_nino/.m2/repository/com/sun/istack/istack-commons-runtime/4.1.1/istack-commons-runtime-4.1.1.jar:/Users/andres_nino/.m2/repository/jakarta/inject/jakarta.inject-api/2.0.0/jakarta.inject-api-2.0.0.jar:/Users/andres_nino/.m2/repository/org/antlr/antlr4-runtime/4.10.1/antlr4-runtime-4.10.1.jar:/Users/andres_nino/.m2/repository/org/springframework/data/spring-data-jpa/3.0.5/spring-data-jpa-3.0.5.jar:/Users/andres_nino/.m2/repository/org/springframework/data/spring-data-commons/3.0.5/spring-data-commons-3.0.5.jar:/Users/andres_nino/.m2/repository/org/springframework/spring-orm/6.0.8/spring-orm-6.0.8.jar:/Users/andres_nino/.m2/repository/org/springframework/spring-context/6.0.8/spring-context-6.0.8.jar:/Users/andres_nino/.m2/repository/org/springframework/spring-tx/6.0.8/spring-tx-6.0.8.jar:/Users/andres_nino/.m2/repository/org/springframework/spring-beans/6.0.8/spring-beans-6.0.8.jar:/Users/andres_nino/.m2/repository/jakarta/annotation/jakarta.annotation-api/2.1.1/jakarta.annotation-api-2.1.1.jar:/Users/andres_nino/.m2/repository/org/slf4j/slf4j-api/2.0.7/slf4j-api-2.0.7.jar:/Users/andres_nino/.m2/repository/org/springframework/spring-aspects/6.0.8/spring-aspects-6.0.8.jar:/Users/andres_nino/.m2/repository/org/springframework/boot/spring-boot-starter-security/3.0.6/spring-boot-starter-security-3.0.6.jar:/Users/andres_nino/.m2/repository/org/springframework/boot/spring-boot-starter/3.0.6/spring-boot-starter-3.0.6.jar:/Users/andres_nino/.m2/repository/org/springframework/boot/spring-boot/3.0.6/spring-boot-3.0.6.jar:/Users/andres_nino/.m2/repository/org/springframework/boot/spring-boot-autoconfigure/3.0.6/spring-boot-autoconfigure-3.0.6.jar:/Users/andres_nino/.m2/repository/org/springframework/boot/spring-boot-starter-logging/3.0.6/spring-boot-starter-logging-3.0.6.jar:/Users/andres_nino/.m2/repository/ch/qos/logback/logback-classic/1.4.7/logback-classic-1.4.7.jar:/Users/andres_nino/.m2/repository/ch/qos/logback/logback-core/1.4.7/logback-core-1.4.7.jar:/Users/andres_nino/.m2/repository/org/apache/logging/log4j/log4j-to-slf4j/2.19.0/log4j-to-slf4j-2.19.0.jar:/Users/andres_nino/.m2/repository/org/apache/logging/log4j/log4j-api/2.19.0/log4j-api-2.19.0.jar:/Users/andres_nino/.m2/repository/org/slf4j/jul-to-slf4j/2.0.7/jul-to-slf4j-2.0.7.jar:/Users/andres_nino/.m2/repository/org/yaml/snakeyaml/1.33/snakeyaml-1.33.jar:/Users/andres_nino/.m2/repository/org/springframework/spring-aop/6.0.8/spring-aop-6.0.8.jar:/Users/andres_nino/.m2/repository/org/springframework/security/spring-security-config/6.0.3/spring-security-config-6.0.3.jar:/Users/andres_nino/.m2/repository/org/springframework/security/spring-security-web/6.0.3/spring-security-web-6.0.3.jar:/Users/andres_nino/.m2/repository/org/springframework/spring-expression/6.0.8/spring-expression-6.0.8.jar:/Users/andres_nino/.m2/repository/org/springframework/boot/spring-boot-starter-web/3.1.0/spring-boot-starter-web-3.1.0.jar:/Users/andres_nino/.m2/repository/org/springframework/boot/spring-boot-starter-json/3.0.6/spring-boot-starter-json-3.0.6.jar:/Users/andres_nino/.m2/repository/com/fasterxml/jackson/datatype/jackson-datatype-jdk8/2.14.2/jackson-datatype-jdk8-2.14.2.jar:/Users/andres_nino/.m2/repository/com/fasterxml/jackson/module/jackson-module-parameter-names/2.14.2/jackson-module-parameter-names-2.14.2.jar:/Users/andres_nino/.m2/repository/org/springframework/boot/spring-boot-starter-tomcat/3.0.6/spring-boot-starter-tomcat-3.0.6.jar:/Users/andres_nino/.m2/repository/org/apache/tomcat/embed/tomcat-embed-core/10.1.8/tomcat-embed-core-10.1.8.jar:/Users/andres_nino/.m2/repository/org/apache/tomcat/embed/tomcat-embed-el/10.1.8/tomcat-embed-el-10.1.8.jar:/Users/andres_nino/.m2/repository/org/apache/tomcat/embed/tomcat-embed-websocket/10.1.8/tomcat-embed-websocket-10.1.8.jar:/Users/andres_nino/.m2/repository/org/springframework/spring-web/6.0.8/spring-web-6.0.8.jar:/Users/andres_nino/.m2/repository/org/springframework/spring-webmvc/6.0.8/spring-webmvc-6.0.8.jar:/Users/andres_nino/.m2/repository/org/postgresql/postgresql/42.5.4/postgresql-42.5.4.jar:/Users/andres_nino/.m2/repository/org/checkerframework/checker-qual/3.5.0/checker-qual-3.5.0.jar:/Users/andres_nino/.m2/repository/org/projectlombok/lombok/1.18.26/lombok-1.18.26.jar:/Users/andres_nino/.m2/repository/org/springframework/boot/spring-boot-starter-test/3.1.0/spring-boot-starter-test-3.1.0.jar:/Users/andres_nino/.m2/repository/org/springframework/boot/spring-boot-test/3.0.6/spring-boot-test-3.0.6.jar:/Users/andres_nino/.m2/repository/org/springframework/boot/spring-boot-test-autoconfigure/3.0.6/spring-boot-test-autoconfigure-3.0.6.jar:/Users/andres_nino/.m2/repository/com/jayway/jsonpath/json-path/2.7.0/json-path-2.7.0.jar:/Users/andres_nino/.m2/repository/jakarta/xml/bind/jakarta.xml.bind-api/4.0.0/jakarta.xml.bind-api-4.0.0.jar:/Users/andres_nino/.m2/repository/jakarta/activation/jakarta.activation-api/2.1.1/jakarta.activation-api-2.1.1.jar:/Users/andres_nino/.m2/repository/net/minidev/json-smart/2.4.10/json-smart-2.4.10.jar:/Users/andres_nino/.m2/repository/net/minidev/accessors-smart/2.4.9/accessors-smart-2.4.9.jar:/Users/andres_nino/.m2/repository/org/ow2/asm/asm/9.3/asm-9.3.jar:/Users/andres_nino/.m2/repository/org/assertj/assertj-core/3.23.1/assertj-core-3.23.1.jar:/Users/andres_nino/.m2/repository/org/hamcrest/hamcrest/2.2/hamcrest-2.2.jar:/Users/andres_nino/.m2/repository/org/junit/jupiter/junit-jupiter/5.9.2/junit-jupiter-5.9.2.jar:/Users/andres_nino/.m2/repository/org/junit/jupiter/junit-jupiter-api/5.9.2/junit-jupiter-api-5.9.2.jar:/Users/andres_nino/.m2/repository/org/opentest4j/opentest4j/1.2.0/opentest4j-1.2.0.jar:/Users/andres_nino/.m2/repository/org/junit/platform/junit-platform-commons/1.9.2/junit-platform-commons-1.9.2.jar:/Users/andres_nino/.m2/repository/org/apiguardian/apiguardian-api/1.1.2/apiguardian-api-1.1.2.jar:/Users/andres_nino/.m2/repository/org/junit/jupiter/junit-jupiter-params/5.9.2/junit-jupiter-params-5.9.2.jar:/Users/andres_nino/.m2/repository/org/junit/jupiter/junit-jupiter-engine/5.9.2/junit-jupiter-engine-5.9.2.jar:/Users/andres_nino/.m2/repository/org/junit/platform/junit-platform-engine/1.9.2/junit-platform-engine-1.9.2.jar:/Users/andres_nino/.m2/repository/org/mockito/mockito-core/4.8.1/mockito-core-4.8.1.jar:/Users/andres_nino/.m2/repository/net/bytebuddy/byte-buddy-agent/1.12.23/byte-buddy-agent-1.12.23.jar:/Users/andres_nino/.m2/repository/org/objenesis/objenesis/3.2/objenesis-3.2.jar:/Users/andres_nino/.m2/repository/org/mockito/mockito-junit-jupiter/4.8.1/mockito-junit-jupiter-4.8.1.jar:/Users/andres_nino/.m2/repository/org/skyscreamer/jsonassert/1.5.1/jsonassert-1.5.1.jar:/Users/andres_nino/.m2/repository/com/vaadin/external/google/android-json/0.0.20131108.vaadin1/android-json-0.0.20131108.vaadin1.jar:/Users/andres_nino/.m2/repository/org/springframework/spring-core/6.0.8/spring-core-6.0.8.jar:/Users/andres_nino/.m2/repository/org/springframework/spring-jcl/6.0.8/spring-jcl-6.0.8.jar:/Users/andres_nino/.m2/repository/org/springframework/spring-test/6.0.8/spring-test-6.0.8.jar:/Users/andres_nino/.m2/repository/org/xmlunit/xmlunit-core/2.9.1/xmlunit-core-2.9.1.jar:/Users/andres_nino/.m2/repository/org/springframework/security/spring-security-test/6.0.3/spring-security-test-6.0.3.jar:/Users/andres_nino/.m2/repository/org/springframework/security/spring-security-core/6.0.3/spring-security-core-6.0.3.jar:/Users/andres_nino/.m2/repository/org/springframework/security/spring-security-crypto/6.0.3/spring-security-crypto-6.0.3.jar:/Users/andres_nino/.m2/repository/org/springframework/boot/spring-boot-starter-actuator/3.1.0/spring-boot-starter-actuator-3.1.0.jar:/Users/andres_nino/.m2/repository/org/springframework/boot/spring-boot-actuator-autoconfigure/3.0.6/spring-boot-actuator-autoconfigure-3.0.6.jar:/Users/andres_nino/.m2/repository/org/springframework/boot/spring-boot-actuator/3.0.6/spring-boot-actuator-3.0.6.jar:/Users/andres_nino/.m2/repository/io/micrometer/micrometer-observation/1.10.6/micrometer-observation-1.10.6.jar:/Users/andres_nino/.m2/repository/io/micrometer/micrometer-commons/1.10.6/micrometer-commons-1.10.6.jar:/Users/andres_nino/.m2/repository/io/micrometer/micrometer-core/1.10.6/micrometer-core-1.10.6.jar:/Users/andres_nino/.m2/repository/org/hdrhistogram/HdrHistogram/2.1.12/HdrHistogram-2.1.12.jar:/Users/andres_nino/.m2/repository/org/latencyutils/LatencyUtils/2.0.3/LatencyUtils-2.0.3.jar:/Users/andres_nino/.m2/repository/com/fasterxml/jackson/datatype/jackson-datatype-jsr310/2.15.2/jackson-datatype-jsr310-2.15.2.jar:/Users/andres_nino/.m2/repository/com/fasterxml/jackson/core/jackson-annotations/2.14.2/jackson-annotations-2.14.2.jar:/Users/andres_nino/.m2/repository/com/fasterxml/jackson/core/jackson-core/2.14.2/jackson-core-2.14.2.jar:/Users/andres_nino/.m2/repository/com/fasterxml/jackson/core/jackson-databind/2.14.2/jackson-databind-2.14.2.jar:/Users/andres_nino/.m2/repository/com/opencsv/opencsv/5.8/opencsv-5.8.jar:/Users/andres_nino/.m2/repository/org/apache/commons/commons-lang3/3.12.0/commons-lang3-3.12.0.jar:/Users/andres_nino/.m2/repository/org/apache/commons/commons-text/1.10.0/commons-text-1.10.0.jar:/Users/andres_nino/.m2/repository/commons-beanutils/commons-beanutils/1.9.4/commons-beanutils-1.9.4.jar:/Users/andres_nino/.m2/repository/commons-logging/commons-logging/1.2/commons-logging-1.2.jar:/Users/andres_nino/.m2/repository/commons-collections/commons-collections/3.2.2/commons-collections-3.2.2.jar:/Users/andres_nino/.m2/repository/org/apache/commons/commons-collections4/4.4/commons-collections4-4.4.jar:/Users/andres_nino/.m2/repository/io/jsonwebtoken/jjwt-api/0.11.5/jjwt-api-0.11.5.jar:/Users/andres_nino/.m2/repository/io/jsonwebtoken/jjwt-impl/0.11.5/jjwt-impl-0.11.5.jar:/Users/andres_nino/.m2/repository/io/jsonwebtoken/jjwt-jackson/0.11.5/jjwt-jackson-0.11.5.jar:"/>
    <property name="sun.cpu.endian" value="little"/>
    <property name="user.home" value="/Users/andres_nino"/>
    <property name="user.language" value="es"/>
    <property name="java.specification.vendor" value="Oracle Corporation"/>
    <property name="java.version.date" value="2023-04-18"/>
    <property name="java.home" value="/Users/andres_nino/Library/Java/JavaVirtualMachines/openjdk-20.0.1/Contents/Home"/>
    <property name="file.separator" value="/"/>
    <property name="basedir" value="/Users/andres_nino/Documents/Trabajo/Aprendizaje/spring boot/cash-flow-app/api-cash-flow"/>
    <property name="java.vm.compressedOopsMode" value="Zero based"/>
    <property name="line.separator" value="&#10;"/>
    <property name="java.vm.specification.vendor" value="Oracle Corporation"/>
    <property name="java.specification.name" value="Java Platform API Specification"/>
    <property name="apple.awt.application.name" value="ForkedBooter"/>
    <property name="surefire.real.class.path" value="/Users/andres_nino/Documents/Trabajo/Aprendizaje/spring boot/cash-flow-app/api-cash-flow/target/surefire/surefirebooter524870317036203424.jar"/>
    <property name="sun.management.compiler" value="HotSpot 64-Bit Tiered Compilers"/>
    <property name="ftp.nonProxyHosts" value="local|*.local|169.254/16|*.169.254/16"/>
    <property name="java.runtime.version" value="20.0.1+9-29"/>
    <property name="user.name" value="andres_nino"/>
    <property name="stdout.encoding" value="US-ASCII"/>
    <property name="path.separator" value=":"/>
    <property name="os.version" value="13.6"/>
    <property name="java.runtime.name" value="OpenJDK Runtime Environment"/>
    <property name="file.encoding" value="UTF-8"/>
    <property name="java.vm.name" value="OpenJDK 64-Bit Server VM"/>
    <property name="localRepository" value="/Users/andres_nino/.m2/repository"/>
    <property name="java.vendor.url.bug" value="https://bugreport.java.com/bugreport/"/>
    <property name="java.io.tmpdir" value="/var/folders/0r/jf917p7j7pb0rny3znw98ynh0000gn/T/"/>
    <property name="idea.version" value="2023.2.3"/>
    <property name="java.version" value="20.0.1"/>
    <property name="user.dir" value="/Users/andres_nino/Documents/Trabajo/Aprendizaje/spring boot/cash-flow-app/api-cash-flow"/>
    <property name="os.arch" value="aarch64"/>
    <property name="java.vm.specification.name" value="Java Virtual Machine Specification"/>
    <property name="native.encoding" value="US-ASCII"/>
    <property name="java.library.path" value="/Users/andres_nino/Library/Java/Extensions:/Library/Java/Extensions:/Network/Library/Java/Extensions:/System/Library/Java/Extensions:/usr/lib/java:."/>
    <property name="java.vm.info" value="mixed mode, sharing"/>
    <property name="stderr.encoding" value="US-ASCII"/>
    <property name="java.vendor" value="Oracle Corporation"/>
    <property name="java.vm.version" value="20.0.1+9-29"/>
    <property name="sun.io.unicode.encoding" value="UnicodeBig"/>
    <property name="socksNonProxyHosts" value="local|*.local|169.254/16|*.169.254/16"/>
    <property name="java.class.version" value="64.0"/>
  </properties>
  <testcase name="create" classname="com.cash_flow_app.apicashflow.controller.ScheduledAccountControllerTest" time="0.185">
    <error message="could not execute statement; SQL [n/a]; constraint [user_account_pkey]" type="org.springframework.dao.DataIntegrityViolationException">org.springframework.dao.DataIntegrityViolationException: could not execute statement; SQL [n/a]; constraint [user_account_pkey]
	at com.cash_flow_app.apicashflow.controller.ScheduledAccountControllerTest.createIncomeExpenseResult(ScheduledAccountControllerTest.java:297)
	at com.cash_flow_app.apicashflow.controller.ScheduledAccountControllerTest.create(ScheduledAccountControllerTest.java:159)
Caused by: org.hibernate.exception.ConstraintViolationException: could not execute statement
	at com.cash_flow_app.apicashflow.controller.ScheduledAccountControllerTest.createIncomeExpenseResult(ScheduledAccountControllerTest.java:297)
	at com.cash_flow_app.apicashflow.controller.ScheduledAccountControllerTest.create(ScheduledAccountControllerTest.java:159)
Caused by: org.postgresql.util.PSQLException: 
ERROR: duplicate key value violates unique constraint "user_account_pkey"
  Detail: Key (user_id, account_id)=(42d841db-7fc9-4931-a3dd-3e7bbbbffccb, 9ca89e74-85fd-488d-8a78-84d89db8fc05) already exists.
	at com.cash_flow_app.apicashflow.controller.ScheduledAccountControllerTest.createIncomeExpenseResult(ScheduledAccountControllerTest.java:297)
	at com.cash_flow_app.apicashflow.controller.ScheduledAccountControllerTest.create(ScheduledAccountControllerTest.java:159)
</error>
    <system-out><![CDATA[2023-11-28T22:11:57.348-05:00 DEBUG 27472 --- [           main] .b.t.c.SpringBootTestContextBootstrapper : Neither @ContextConfiguration nor @ContextHierarchy found for test class [ScheduledAccountControllerTest]: using SpringBootContextLoader
2023-11-28T22:11:57.348-05:00 DEBUG 27472 --- [           main] o.s.t.c.support.AbstractContextLoader    : Could not detect default resource locations for test class [com.cash_flow_app.apicashflow.controller.ScheduledAccountControllerTest]: no resource found for suffixes {-context.xml, Context.groovy}.
2023-11-28T22:11:57.348-05:00  INFO 27472 --- [           main] t.c.s.AnnotationConfigContextLoaderUtils : Could not detect default configuration classes for test class [com.cash_flow_app.apicashflow.controller.ScheduledAccountControllerTest]: ScheduledAccountControllerTest does not declare any static, non-private, non-final, nested classes annotated with @Configuration.
2023-11-28T22:11:57.349-05:00 DEBUG 27472 --- [           main] .b.t.c.SpringBootTestContextBootstrapper : Using ContextCustomizers for test class [ScheduledAccountControllerTest]: [ImportsContextCustomizer, ExcludeFilterContextCustomizer, DuplicateJsonObjectContextCustomizer, MockitoContextCustomizer, TestRestTemplateContextCustomizer, DisableObservabilityContextCustomizer, PropertyMappingContextCustomizer, Customizer]
2023-11-28T22:11:57.350-05:00  INFO 27472 --- [           main] .b.t.c.SpringBootTestContextBootstrapper : Found @SpringBootConfiguration com.cash_flow_app.apicashflow.ApiCashFlowApplication for test class com.cash_flow_app.apicashflow.controller.ScheduledAccountControllerTest
2023-11-28T22:11:57.350-05:00 DEBUG 27472 --- [           main] .b.t.c.SpringBootTestContextBootstrapper : Using TestExecutionListeners for test class [ScheduledAccountControllerTest]: [ServletTestExecutionListener, DirtiesContextBeforeModesTestExecutionListener, ApplicationEventsTestExecutionListener, MockitoTestExecutionListener, DependencyInjectionTestExecutionListener, DirtiesContextTestExecutionListener, TransactionalTestExecutionListener, SqlScriptsTestExecutionListener, EventPublishingTestExecutionListener, WithSecurityContextTestExecutionListener, ReactorContextTestExecutionListener, ResetMocksTestExecutionListener, RestDocsTestExecutionListener, MockRestServiceServerResetTestExecutionListener, MockMvcPrintOnlyOnFailureTestExecutionListener, WebDriverTestExecutionListener, MockWebServiceServerTestExecutionListener]
2023-11-28T22:11:57.350-05:00 DEBUG 27472 --- [           main] tractDirtiesContextTestExecutionListener : Before test class: class [ScheduledAccountControllerTest], class annotated with @DirtiesContext [false] with mode [null]
2023-11-28T22:11:57.351-05:00 DEBUG 27472 --- [           main] org.springframework.test.context.cache   : Spring test ApplicationContext cache statistics: [DefaultContextCache@8caffbd size = 3, maxSize = 32, parentContextCount = 0, hitCount = 298, missCount = 3]
2023-11-28T22:11:57.351-05:00 DEBUG 27472 --- [           main] org.springframework.test.context.cache   : Spring test ApplicationContext cache statistics: [DefaultContextCache@8caffbd size = 3, maxSize = 32, parentContextCount = 0, hitCount = 299, missCount = 3]
2023-11-28T22:11:57.351-05:00 DEBUG 27472 --- [           main] o.s.t.c.w.ServletTestExecutionListener   : Setting up MockHttpServletRequest, MockHttpServletResponse, ServletWebRequest, and RequestContextHolder for test class com.cash_flow_app.apicashflow.controller.ScheduledAccountControllerTest
2023-11-28T22:11:57.351-05:00 DEBUG 27472 --- [           main] DependencyInjectionTestExecutionListener : Performing dependency injection for test class com.cash_flow_app.apicashflow.controller.ScheduledAccountControllerTest
2023-11-28T22:11:57.351-05:00 DEBUG 27472 --- [           main] org.springframework.test.context.cache   : Spring test ApplicationContext cache statistics: [DefaultContextCache@8caffbd size = 3, maxSize = 32, parentContextCount = 0, hitCount = 300, missCount = 3]
2023-11-28T22:11:57.351-05:00 DEBUG 27472 --- [           main] org.springframework.test.context.cache   : Spring test ApplicationContext cache statistics: [DefaultContextCache@8caffbd size = 3, maxSize = 32, parentContextCount = 0, hitCount = 301, missCount = 3]
2023-11-28T22:11:57.351-05:00 DEBUG 27472 --- [           main] tractDirtiesContextTestExecutionListener : Before test method: class [ScheduledAccountControllerTest], method [create], class annotated with @DirtiesContext [false] with mode [null], method annotated with @DirtiesContext [false] with mode [null]
2023-11-28T22:11:57.351-05:00 DEBUG 27472 --- [           main] t.c.t.TransactionalTestExecutionListener : Explicit transaction definition [PROPAGATION_REQUIRED,ISOLATION_DEFAULT] found for test class [com.cash_flow_app.apicashflow.controller.ScheduledAccountControllerTest] and test method [create]
2023-11-28T22:11:57.352-05:00 DEBUG 27472 --- [           main] org.springframework.test.context.cache   : Spring test ApplicationContext cache statistics: [DefaultContextCache@8caffbd size = 3, maxSize = 32, parentContextCount = 0, hitCount = 302, missCount = 3]
2023-11-28T22:11:57.352-05:00 DEBUG 27472 --- [           main] t.c.t.TransactionalTestExecutionListener : No method-level @Rollback override: using default rollback [true] for test method [void com.cash_flow_app.apicashflow.controller.ScheduledAccountControllerTest.create() throws java.lang.Exception]
2023-11-28T22:11:57.352-05:00 DEBUG 27472 --- [           main] o.s.orm.jpa.JpaTransactionManager        : Creating new transaction with name [com.cash_flow_app.apicashflow.controller.ScheduledAccountControllerTest.create]: PROPAGATION_REQUIRED,ISOLATION_DEFAULT
2023-11-28T22:11:57.352-05:00 DEBUG 27472 --- [           main] o.s.orm.jpa.JpaTransactionManager        : Opened new EntityManager [SessionImpl(1944345342<open>)] for JPA transaction
2023-11-28T22:11:57.352-05:00 DEBUG 27472 --- [           main] o.h.e.t.internal.TransactionImpl         : On TransactionImpl creation, JpaCompliance#isJpaTransactionComplianceEnabled == false
2023-11-28T22:11:57.352-05:00 DEBUG 27472 --- [           main] o.h.e.t.internal.TransactionImpl         : begin
2023-11-28T22:11:57.352-05:00 DEBUG 27472 --- [           main] org.postgresql.jdbc.PgConnection         :   setAutoCommit = false
2023-11-28T22:11:57.352-05:00 DEBUG 27472 --- [           main] o.s.orm.jpa.JpaTransactionManager        : Exposing JPA transaction as JDBC [org.springframework.orm.jpa.vendor.HibernateJpaDialect$HibernateConnectionHandle@1f406a62]
2023-11-28T22:11:57.352-05:00 DEBUG 27472 --- [           main] o.s.t.c.transaction.TransactionContext   : Began transaction (1) for test class [com.cash_flow_app.apicashflow.controller.ScheduledAccountControllerTest]; test method [create]; transaction manager [org.springframework.orm.jpa.JpaTransactionManager@6448679f]; rollback [true]
2023-11-28T22:11:57.352-05:00 DEBUG 27472 --- [           main] org.springframework.test.context.cache   : Spring test ApplicationContext cache statistics: [DefaultContextCache@8caffbd size = 3, maxSize = 32, parentContextCount = 0, hitCount = 303, missCount = 3]
2023-11-28T22:11:57.352-05:00 DEBUG 27472 --- [           main] org.springframework.test.context.cache   : Spring test ApplicationContext cache statistics: [DefaultContextCache@8caffbd size = 3, maxSize = 32, parentContextCount = 0, hitCount = 304, missCount = 3]
2023-11-28T22:11:57.353-05:00 DEBUG 27472 --- [           main] o.s.test.util.ReflectionTestUtils        : Invoking method 'getFilters' on target object [FilterChainProxy[Filter Chains: [DefaultSecurityFilterChain [RequestMatcher=any request, Filters=[org.springframework.security.web.session.DisableEncodeUrlFilter@120e3ebb, org.springframework.security.web.session.ForceEagerSessionCreationFilter@753f1c3e, org.springframework.security.web.context.request.async.WebAsyncManagerIntegrationFilter@5e9af5d4, org.springframework.security.web.context.SecurityContextHolderFilter@1d18e5ad, org.springframework.security.web.header.HeaderWriterFilter@73b68d98, org.springframework.web.filter.CorsFilter@7863e6b2, org.springframework.security.web.authentication.logout.LogoutFilter@1e5a8278, JWTAuthorizationFilter(loginService=com.cash_flow_app.apicashflow.entities_repositories_and_services.base.security.LoginService@508b9c16), com.cash_flow_app.apicashflow.entities_repositories_and_services.base.security.JWTAuthenticationFilter@6fd2b939, org.springframework.security.web.savedrequest.RequestCacheAwareFilter@11def039, org.springframework.security.web.servletapi.SecurityContextHolderAwareRequestFilter@564375d7, org.springframework.security.web.authentication.AnonymousAuthenticationFilter@c4aa99e, org.springframework.security.web.session.SessionManagementFilter@69af6978, org.springframework.security.web.access.ExceptionTranslationFilter@4469046b, org.springframework.security.web.access.intercept.AuthorizationFilter@588d2e90]]]]] or target class [null] with arguments {org.springframework.mock.web.MockHttpServletRequest@12837172}
2023-11-28T22:11:57.353-05:00 DEBUG 27472 --- [           main] o.s.test.util.ReflectionTestUtils        : Invoking method 'getFilters' on target object [FilterChainProxy[Filter Chains: [DefaultSecurityFilterChain [RequestMatcher=any request, Filters=[org.springframework.security.web.session.DisableEncodeUrlFilter@120e3ebb, org.springframework.security.web.session.ForceEagerSessionCreationFilter@753f1c3e, org.springframework.security.web.context.request.async.WebAsyncManagerIntegrationFilter@5e9af5d4, org.springframework.security.web.context.SecurityContextHolderFilter@1d18e5ad, org.springframework.security.web.header.HeaderWriterFilter@73b68d98, org.springframework.web.filter.CorsFilter@7863e6b2, org.springframework.security.web.authentication.logout.LogoutFilter@1e5a8278, JWTAuthorizationFilter(loginService=com.cash_flow_app.apicashflow.entities_repositories_and_services.base.security.LoginService@508b9c16), com.cash_flow_app.apicashflow.entities_repositories_and_services.base.security.JWTAuthenticationFilter@6fd2b939, org.springframework.security.web.savedrequest.RequestCacheAwareFilter@11def039, org.springframework.security.web.servletapi.SecurityContextHolderAwareRequestFilter@564375d7, org.springframework.security.web.authentication.AnonymousAuthenticationFilter@c4aa99e, org.springframework.security.web.session.SessionManagementFilter@69af6978, org.springframework.security.web.access.ExceptionTranslationFilter@4469046b, org.springframework.security.web.access.intercept.AuthorizationFilter@588d2e90]]]]] or target class [null] with arguments {org.springframework.mock.web.MockHttpServletRequest@12837172}
2023-11-28T22:11:57.353-05:00 DEBUG 27472 --- [           main] o.s.test.util.ReflectionTestUtils        : Invoking method 'getFilters' on target object [FilterChainProxy[Filter Chains: [DefaultSecurityFilterChain [RequestMatcher=any request, Filters=[org.springframework.security.web.session.DisableEncodeUrlFilter@120e3ebb, org.springframework.security.web.session.ForceEagerSessionCreationFilter@753f1c3e, org.springframework.security.web.context.request.async.WebAsyncManagerIntegrationFilter@5e9af5d4, org.springframework.security.web.context.SecurityContextHolderFilter@1d18e5ad, org.springframework.security.web.header.HeaderWriterFilter@73b68d98, org.springframework.web.filter.CorsFilter@7863e6b2, org.springframework.security.web.authentication.logout.LogoutFilter@1e5a8278, JWTAuthorizationFilter(loginService=com.cash_flow_app.apicashflow.entities_repositories_and_services.base.security.LoginService@508b9c16), com.cash_flow_app.apicashflow.entities_repositories_and_services.base.security.JWTAuthenticationFilter@6fd2b939, org.springframework.security.web.savedrequest.RequestCacheAwareFilter@11def039, org.springframework.security.web.servletapi.SecurityContextHolderAwareRequestFilter@564375d7, org.springframework.security.web.authentication.AnonymousAuthenticationFilter@c4aa99e, org.springframework.security.web.session.SessionManagementFilter@69af6978, org.springframework.security.web.access.ExceptionTranslationFilter@4469046b, org.springframework.security.web.access.intercept.AuthorizationFilter@588d2e90]]]]] or target class [null] with arguments {org.springframework.mock.web.MockHttpServletRequest@12837172}
2023-11-28T22:11:57.353-05:00 DEBUG 27472 --- [           main] o.s.security.web.FilterChainProxy        : Securing POST /api/v1/user/signup
2023-11-28T22:11:57.353-05:00 DEBUG 27472 --- [           main] .s.s.w.s.ForceEagerSessionCreationFilter : Created session eagerly
2023-11-28T22:11:57.354-05:00 DEBUG 27472 --- [           main] o.s.s.w.a.AnonymousAuthenticationFilter  : Set SecurityContextHolder to anonymous SecurityContext
2023-11-28T22:11:57.354-05:00 DEBUG 27472 --- [           main] s.w.s.m.m.a.RequestMappingHandlerMapping : Mapped to com.cash_flow_app.apicashflow.controller.UserController#signup(UserDto)
2023-11-28T22:11:57.354-05:00 DEBUG 27472 --- [           main] s.w.s.m.m.a.RequestMappingHandlerMapping : Mapped to com.cash_flow_app.apicashflow.controller.UserController#signup(UserDto)
2023-11-28T22:11:57.354-05:00 DEBUG 27472 --- [           main] s.w.s.m.m.a.RequestMappingHandlerMapping : Mapped to com.cash_flow_app.apicashflow.controller.UserController#signup(UserDto)
2023-11-28T22:11:57.354-05:00 DEBUG 27472 --- [           main] s.w.s.m.m.a.RequestMappingHandlerMapping : Mapped to com.cash_flow_app.apicashflow.controller.UserController#signup(UserDto)
2023-11-28T22:11:57.354-05:00 DEBUG 27472 --- [           main] s.w.s.m.m.a.RequestMappingHandlerMapping : Mapped to com.cash_flow_app.apicashflow.controller.UserController#signup(UserDto)
2023-11-28T22:11:57.354-05:00 DEBUG 27472 --- [           main] s.w.s.m.m.a.RequestMappingHandlerMapping : Mapped to com.cash_flow_app.apicashflow.controller.UserController#signup(UserDto)
2023-11-28T22:11:57.354-05:00 DEBUG 27472 --- [           main] s.w.s.m.m.a.RequestMappingHandlerMapping : Mapped to com.cash_flow_app.apicashflow.controller.UserController#signup(UserDto)
2023-11-28T22:11:57.354-05:00 DEBUG 27472 --- [           main] o.s.security.web.FilterChainProxy        : Secured POST /api/v1/user/signup
2023-11-28T22:11:57.354-05:00 DEBUG 27472 --- [           main] o.s.t.web.servlet.TestDispatcherServlet  : POST "/api/v1/user/signup", parameters={masked}
2023-11-28T22:11:57.354-05:00 DEBUG 27472 --- [           main] s.w.s.m.m.a.RequestMappingHandlerMapping : Mapped to com.cash_flow_app.apicashflow.controller.UserController#signup(UserDto)
2023-11-28T22:11:57.355-05:00 DEBUG 27472 --- [           main] m.m.a.RequestResponseBodyMethodProcessor : Read "application/json;charset=UTF-8" to [UserDto(username=usuario_test, password=123456, authorities=[{endpoint=Account, actions=[CREATE, REA (truncated)...]
2023-11-28T22:11:57.355-05:00 DEBUG 27472 --- [           main] org.hibernate.orm.sql.ast.create         : Created new SQL alias : a1_0
2023-11-28T22:11:57.355-05:00 DEBUG 27472 --- [           main] org.hibernate.orm.sql.ast.create         : Registration of TableGroup [StandardTableGroup(com.cash_flow_app.apicashflow.entities_repositories_and_services.base.authority.Authority(35202161494041))] with identifierForTableGroup [com.cash_flow_app.apicashflow.entities_repositories_and_services.base.authority.Authority] for NavigablePath [com.cash_flow_app.apicashflow.entities_repositories_and_services.base.authority.Authority] 
2023-11-28T22:11:57.355-05:00 DEBUG 27472 --- [           main] o.h.q.sqm.sql.BaseSqmToSqlAstConverter   : Determining mapping-model type for SqmParameter : org.hibernate.query.sqm.tree.expression.SqmJpaCriteriaParameterWrapper@c0ed96c
2023-11-28T22:11:57.355-05:00 DEBUG 27472 --- [           main] o.h.q.sqm.sql.BaseSqmToSqlAstConverter   : Determining mapping-model type for SqmPath : SqmBasicValuedSimplePath(com.cash_flow_app.apicashflow.entities_repositories_and_services.base.authority.Authority(35202161494041).permission) 
2023-11-28T22:11:57.355-05:00 DEBUG 27472 --- [           main] o.h.q.sqm.sql.BaseSqmToSqlAstConverter   : Determining mapping-model type for SqmParameter : org.hibernate.query.sqm.tree.expression.SqmJpaCriteriaParameterWrapper@57149e0a
2023-11-28T22:11:57.355-05:00 DEBUG 27472 --- [           main] o.h.q.sqm.sql.BaseSqmToSqlAstConverter   : Determining mapping-model type for SqmPath : SqmBasicValuedSimplePath(com.cash_flow_app.apicashflow.entities_repositories_and_services.base.authority.Authority(35202161494041).endpoint) 
2023-11-28T22:11:57.355-05:00 DEBUG 27472 --- [           main] org.hibernate.orm.results.graph.AST      : DomainResult Graph:
 \-EntityResultImpl [com.cash_flow_app.apicashflow.entities_repositories_and_services.base.authority.Authority(35202161494041)]
 |  +-BasicFetch [com.cash_flow_app.apicashflow.entities_repositories_and_services.base.authority.Authority(35202161494041).endpoint]
 |  \-BasicFetch [com.cash_flow_app.apicashflow.entities_repositories_and_services.base.authority.Authority(35202161494041).permission]

2023-11-28T22:11:57.355-05:00 DEBUG 27472 --- [           main] org.hibernate.orm.sql.ast.tree           : SQL AST Tree:
    SelectStatement {
      FromClause {
        StandardTableGroup (a1 : com.cash_flow_app.apicashflow.entities_repositories_and_services.base.authority.Authority(35202161494041)) {
          primaryTableReference : authorities as a1_0
        }
      }
    }

2023-11-28T22:11:57.355-05:00 DEBUG 27472 --- [           main] org.hibernate.orm.sql.exec               : Skipping reading Query result cache data: cache-enabled = false, cache-mode = NORMAL
2023-11-28T22:11:57.355-05:00 DEBUG 27472 --- [           main] org.hibernate.orm.results                : Initializer list
2023-11-28T22:11:57.355-05:00 DEBUG 27472 --- [           main] org.hibernate.orm.results                :     com.cash_flow_app.apicashflow.entities_repositories_and_services.base.authority.Authority(35202161494041) -> EntityResultInitializer(com.cash_flow_app.apicashflow.entities_repositories_and_services.base.authority.Authority(35202161494041))@1806452505 (SingleTableEntityPersister(com.cash_flow_app.apicashflow.entities_repositories_and_services.base.authority.Authority))
2023-11-28T22:11:57.355-05:00 DEBUG 27472 --- [           main] org.hibernate.SQL                        : 
    select
        a1_0.id,
        a1_0.endpoint,
        a1_0.permission 
    from
        authorities a1_0 
    where
        a1_0.permission=? 
        and a1_0.endpoint=?
2023-11-28T22:11:57.356-05:00 DEBUG 27472 --- [           main] org.hibernate.orm.results                : Extracted JDBC value [0] - [9aaf7d40-45f6-4ab6-90a9-a23f4c1b5f2f]
2023-11-28T22:11:57.356-05:00 DEBUG 27472 --- [           main] o.hibernate.orm.results.loading.entity   : (EntityResultInitializer) Hydrated EntityKey (com.cash_flow_app.apicashflow.entities_repositories_and_services.base.authority.Authority(35202161494041)): 9aaf7d40-45f6-4ab6-90a9-a23f4c1b5f2f
2023-11-28T22:11:57.356-05:00 DEBUG 27472 --- [           main] o.hibernate.orm.results.loading.entity   : (EntityResultInitializer) Created new entity instance [com.cash_flow_app.apicashflow.entities_repositories_and_services.base.authority.Authority(35202161494041)#9aaf7d40-45f6-4ab6-90a9-a23f4c1b5f2f] : com.cash_flow_app.apicashflow.entities_repositories_and_services.base.authority.Authority@2e826bd1
2023-11-28T22:11:57.356-05:00 DEBUG 27472 --- [           main] org.hibernate.orm.results                : Extracted JDBC value [1] - [Account]
2023-11-28T22:11:57.356-05:00 DEBUG 27472 --- [           main] org.hibernate.orm.results                : Extracted JDBC value [2] - [CREATE]
2023-11-28T22:11:57.356-05:00 DEBUG 27472 --- [           main] o.hibernate.orm.results.loading.entity   : (EntityResultInitializer) Done materializing entityInstance : com.cash_flow_app.apicashflow.entities_repositories_and_services.base.authority.Authority(35202161494041)#9aaf7d40-45f6-4ab6-90a9-a23f4c1b5f2f
2023-11-28T22:11:57.356-05:00 DEBUG 27472 --- [           main] org.hibernate.orm.results.loading        : Calling top-level assembler (0 / 1) : org.hibernate.sql.results.graph.entity.internal.EntityAssembler@271f6597
2023-11-28T22:11:57.356-05:00 DEBUG 27472 --- [           main] org.hibernate.orm.sql.ast.create         : Created new SQL alias : a1_0
2023-11-28T22:11:57.356-05:00 DEBUG 27472 --- [           main] org.hibernate.orm.sql.ast.create         : Registration of TableGroup [StandardTableGroup(com.cash_flow_app.apicashflow.entities_repositories_and_services.base.authority.Authority(35202161494041))] with identifierForTableGroup [com.cash_flow_app.apicashflow.entities_repositories_and_services.base.authority.Authority] for NavigablePath [com.cash_flow_app.apicashflow.entities_repositories_and_services.base.authority.Authority] 
2023-11-28T22:11:57.356-05:00 DEBUG 27472 --- [           main] o.h.q.sqm.sql.BaseSqmToSqlAstConverter   : Determining mapping-model type for SqmParameter : org.hibernate.query.sqm.tree.expression.SqmJpaCriteriaParameterWrapper@484e9fee
2023-11-28T22:11:57.356-05:00 DEBUG 27472 --- [           main] o.h.q.sqm.sql.BaseSqmToSqlAstConverter   : Determining mapping-model type for SqmPath : SqmBasicValuedSimplePath(com.cash_flow_app.apicashflow.entities_repositories_and_services.base.authority.Authority(35202161494041).permission) 
2023-11-28T22:11:57.356-05:00 DEBUG 27472 --- [           main] o.h.q.sqm.sql.BaseSqmToSqlAstConverter   : Determining mapping-model type for SqmParameter : org.hibernate.query.sqm.tree.expression.SqmJpaCriteriaParameterWrapper@45e38356
2023-11-28T22:11:57.356-05:00 DEBUG 27472 --- [           main] o.h.q.sqm.sql.BaseSqmToSqlAstConverter   : Determining mapping-model type for SqmPath : SqmBasicValuedSimplePath(com.cash_flow_app.apicashflow.entities_repositories_and_services.base.authority.Authority(35202161494041).endpoint) 
2023-11-28T22:11:57.356-05:00 DEBUG 27472 --- [           main] org.hibernate.orm.results.graph.AST      : DomainResult Graph:
 \-EntityResultImpl [com.cash_flow_app.apicashflow.entities_repositories_and_services.base.authority.Authority(35202161494041)]
 |  +-BasicFetch [com.cash_flow_app.apicashflow.entities_repositories_and_services.base.authority.Authority(35202161494041).endpoint]
 |  \-BasicFetch [com.cash_flow_app.apicashflow.entities_repositories_and_services.base.authority.Authority(35202161494041).permission]

2023-11-28T22:11:57.356-05:00 DEBUG 27472 --- [           main] org.hibernate.orm.sql.ast.tree           : SQL AST Tree:
    SelectStatement {
      FromClause {
        StandardTableGroup (a1 : com.cash_flow_app.apicashflow.entities_repositories_and_services.base.authority.Authority(35202161494041)) {
          primaryTableReference : authorities as a1_0
        }
      }
    }

2023-11-28T22:11:57.357-05:00 DEBUG 27472 --- [           main] o.h.e.i.AbstractFlushingEventListener    : Processing flush-time cascades
2023-11-28T22:11:57.357-05:00 DEBUG 27472 --- [           main] o.h.e.i.AbstractFlushingEventListener    : Dirty checking collections
2023-11-28T22:11:57.357-05:00 DEBUG 27472 --- [           main] o.h.e.i.AbstractFlushingEventListener    : Flushed: 0 insertions, 0 updates, 0 deletions to 1 objects
2023-11-28T22:11:57.357-05:00 DEBUG 27472 --- [           main] o.h.e.i.AbstractFlushingEventListener    : Flushed: 0 (re)creations, 0 updates, 0 removals to 0 collections
2023-11-28T22:11:57.357-05:00 DEBUG 27472 --- [           main] o.hibernate.internal.util.EntityPrinter  : Listing entities:
2023-11-28T22:11:57.357-05:00 DEBUG 27472 --- [           main] o.hibernate.internal.util.EntityPrinter  : com.cash_flow_app.apicashflow.entities_repositories_and_services.base.authority.Authority{endpoint=Account, permission=CREATE, id=9aaf7d40-45f6-4ab6-90a9-a23f4c1b5f2f}
2023-11-28T22:11:57.357-05:00 DEBUG 27472 --- [           main] org.hibernate.orm.sql.exec               : Skipping reading Query result cache data: cache-enabled = false, cache-mode = NORMAL
2023-11-28T22:11:57.357-05:00 DEBUG 27472 --- [           main] org.hibernate.orm.results                : Initializer list
2023-11-28T22:11:57.357-05:00 DEBUG 27472 --- [           main] org.hibernate.orm.results                :     com.cash_flow_app.apicashflow.entities_repositories_and_services.base.authority.Authority(35202161494041) -> EntityResultInitializer(com.cash_flow_app.apicashflow.entities_repositories_and_services.base.authority.Authority(35202161494041))@1094768247 (SingleTableEntityPersister(com.cash_flow_app.apicashflow.entities_repositories_and_services.base.authority.Authority))
2023-11-28T22:11:57.357-05:00 DEBUG 27472 --- [           main] org.hibernate.SQL                        : 
    select
        a1_0.id,
        a1_0.endpoint,
        a1_0.permission 
    from
        authorities a1_0 
    where
        a1_0.permission=? 
        and a1_0.endpoint=?
2023-11-28T22:11:57.357-05:00 DEBUG 27472 --- [           main] org.hibernate.orm.results                : Extracted JDBC value [0] - [b14a62f4-d04f-422a-a2a3-1f80e2635352]
2023-11-28T22:11:57.357-05:00 DEBUG 27472 --- [           main] o.hibernate.orm.results.loading.entity   : (EntityResultInitializer) Hydrated EntityKey (com.cash_flow_app.apicashflow.entities_repositories_and_services.base.authority.Authority(35202161494041)): b14a62f4-d04f-422a-a2a3-1f80e2635352
2023-11-28T22:11:57.357-05:00 DEBUG 27472 --- [           main] o.hibernate.orm.results.loading.entity   : (EntityResultInitializer) Created new entity instance [com.cash_flow_app.apicashflow.entities_repositories_and_services.base.authority.Authority(35202161494041)#b14a62f4-d04f-422a-a2a3-1f80e2635352] : com.cash_flow_app.apicashflow.entities_repositories_and_services.base.authority.Authority@7a86e414
2023-11-28T22:11:57.357-05:00 DEBUG 27472 --- [           main] org.hibernate.orm.results                : Extracted JDBC value [1] - [Account]
2023-11-28T22:11:57.357-05:00 DEBUG 27472 --- [           main] org.hibernate.orm.results                : Extracted JDBC value [2] - [READ]
2023-11-28T22:11:57.357-05:00 DEBUG 27472 --- [           main] o.hibernate.orm.results.loading.entity   : (EntityResultInitializer) Done materializing entityInstance : com.cash_flow_app.apicashflow.entities_repositories_and_services.base.authority.Authority(35202161494041)#b14a62f4-d04f-422a-a2a3-1f80e2635352
2023-11-28T22:11:57.357-05:00 DEBUG 27472 --- [           main] org.hibernate.orm.results.loading        : Calling top-level assembler (0 / 1) : org.hibernate.sql.results.graph.entity.internal.EntityAssembler@3db2665d
2023-11-28T22:11:57.357-05:00 DEBUG 27472 --- [           main] org.hibernate.orm.sql.ast.create         : Created new SQL alias : a1_0
2023-11-28T22:11:57.357-05:00 DEBUG 27472 --- [           main] org.hibernate.orm.sql.ast.create         : Registration of TableGroup [StandardTableGroup(com.cash_flow_app.apicashflow.entities_repositories_and_services.base.authority.Authority(35202161494041))] with identifierForTableGroup [com.cash_flow_app.apicashflow.entities_repositories_and_services.base.authority.Authority] for NavigablePath [com.cash_flow_app.apicashflow.entities_repositories_and_services.base.authority.Authority] 
2023-11-28T22:11:57.357-05:00 DEBUG 27472 --- [           main] o.h.q.sqm.sql.BaseSqmToSqlAstConverter   : Determining mapping-model type for SqmParameter : org.hibernate.query.sqm.tree.expression.SqmJpaCriteriaParameterWrapper@59a8891e
2023-11-28T22:11:57.357-05:00 DEBUG 27472 --- [           main] o.h.q.sqm.sql.BaseSqmToSqlAstConverter   : Determining mapping-model type for SqmPath : SqmBasicValuedSimplePath(com.cash_flow_app.apicashflow.entities_repositories_and_services.base.authority.Authority(35202161494041).permission) 
2023-11-28T22:11:57.357-05:00 DEBUG 27472 --- [           main] o.h.q.sqm.sql.BaseSqmToSqlAstConverter   : Determining mapping-model type for SqmParameter : org.hibernate.query.sqm.tree.expression.SqmJpaCriteriaParameterWrapper@f054e29
2023-11-28T22:11:57.357-05:00 DEBUG 27472 --- [           main] o.h.q.sqm.sql.BaseSqmToSqlAstConverter   : Determining mapping-model type for SqmPath : SqmBasicValuedSimplePath(com.cash_flow_app.apicashflow.entities_repositories_and_services.base.authority.Authority(35202161494041).endpoint) 
2023-11-28T22:11:57.357-05:00 DEBUG 27472 --- [           main] org.hibernate.orm.results.graph.AST      : DomainResult Graph:
 \-EntityResultImpl [com.cash_flow_app.apicashflow.entities_repositories_and_services.base.authority.Authority(35202161494041)]
 |  +-BasicFetch [com.cash_flow_app.apicashflow.entities_repositories_and_services.base.authority.Authority(35202161494041).endpoint]
 |  \-BasicFetch [com.cash_flow_app.apicashflow.entities_repositories_and_services.base.authority.Authority(35202161494041).permission]

2023-11-28T22:11:57.357-05:00 DEBUG 27472 --- [           main] org.hibernate.orm.sql.ast.tree           : SQL AST Tree:
    SelectStatement {
      FromClause {
        StandardTableGroup (a1 : com.cash_flow_app.apicashflow.entities_repositories_and_services.base.authority.Authority(35202161494041)) {
          primaryTableReference : authorities as a1_0
        }
      }
    }

2023-11-28T22:11:57.358-05:00 DEBUG 27472 --- [           main] o.h.e.i.AbstractFlushingEventListener    : Processing flush-time cascades
2023-11-28T22:11:57.358-05:00 DEBUG 27472 --- [           main] o.h.e.i.AbstractFlushingEventListener    : Dirty checking collections
2023-11-28T22:11:57.358-05:00 DEBUG 27472 --- [           main] o.h.e.i.AbstractFlushingEventListener    : Flushed: 0 insertions, 0 updates, 0 deletions to 2 objects
2023-11-28T22:11:57.358-05:00 DEBUG 27472 --- [           main] o.h.e.i.AbstractFlushingEventListener    : Flushed: 0 (re)creations, 0 updates, 0 removals to 0 collections
2023-11-28T22:11:57.358-05:00 DEBUG 27472 --- [           main] o.hibernate.internal.util.EntityPrinter  : Listing entities:
2023-11-28T22:11:57.358-05:00 DEBUG 27472 --- [           main] o.hibernate.internal.util.EntityPrinter  : com.cash_flow_app.apicashflow.entities_repositories_and_services.base.authority.Authority{endpoint=Account, permission=CREATE, id=9aaf7d40-45f6-4ab6-90a9-a23f4c1b5f2f}
2023-11-28T22:11:57.358-05:00 DEBUG 27472 --- [           main] o.hibernate.internal.util.EntityPrinter  : com.cash_flow_app.apicashflow.entities_repositories_and_services.base.authority.Authority{endpoint=Account, permission=READ, id=b14a62f4-d04f-422a-a2a3-1f80e2635352}
2023-11-28T22:11:57.358-05:00 DEBUG 27472 --- [           main] org.hibernate.orm.sql.exec               : Skipping reading Query result cache data: cache-enabled = false, cache-mode = NORMAL
2023-11-28T22:11:57.358-05:00 DEBUG 27472 --- [           main] org.hibernate.orm.results                : Initializer list
2023-11-28T22:11:57.358-05:00 DEBUG 27472 --- [           main] org.hibernate.orm.results                :     com.cash_flow_app.apicashflow.entities_repositories_and_services.base.authority.Authority(35202161494041) -> EntityResultInitializer(com.cash_flow_app.apicashflow.entities_repositories_and_services.base.authority.Authority(35202161494041))@1416381408 (SingleTableEntityPersister(com.cash_flow_app.apicashflow.entities_repositories_and_services.base.authority.Authority))
2023-11-28T22:11:57.358-05:00 DEBUG 27472 --- [           main] org.hibernate.SQL                        : 
    select
        a1_0.id,
        a1_0.endpoint,
        a1_0.permission 
    from
        authorities a1_0 
    where
        a1_0.permission=? 
        and a1_0.endpoint=?
2023-11-28T22:11:57.358-05:00 DEBUG 27472 --- [           main] org.hibernate.orm.results                : Extracted JDBC value [0] - [363894b3-8bdc-4764-ad13-d91f872e1a95]
2023-11-28T22:11:57.358-05:00 DEBUG 27472 --- [           main] o.hibernate.orm.results.loading.entity   : (EntityResultInitializer) Hydrated EntityKey (com.cash_flow_app.apicashflow.entities_repositories_and_services.base.authority.Authority(35202161494041)): 363894b3-8bdc-4764-ad13-d91f872e1a95
2023-11-28T22:11:57.358-05:00 DEBUG 27472 --- [           main] o.hibernate.orm.results.loading.entity   : (EntityResultInitializer) Created new entity instance [com.cash_flow_app.apicashflow.entities_repositories_and_services.base.authority.Authority(35202161494041)#363894b3-8bdc-4764-ad13-d91f872e1a95] : com.cash_flow_app.apicashflow.entities_repositories_and_services.base.authority.Authority@127205ac
2023-11-28T22:11:57.358-05:00 DEBUG 27472 --- [           main] org.hibernate.orm.results                : Extracted JDBC value [1] - [Account]
2023-11-28T22:11:57.358-05:00 DEBUG 27472 --- [           main] org.hibernate.orm.results                : Extracted JDBC value [2] - [DELETE]
2023-11-28T22:11:57.358-05:00 DEBUG 27472 --- [           main] o.hibernate.orm.results.loading.entity   : (EntityResultInitializer) Done materializing entityInstance : com.cash_flow_app.apicashflow.entities_repositories_and_services.base.authority.Authority(35202161494041)#363894b3-8bdc-4764-ad13-d91f872e1a95
2023-11-28T22:11:57.358-05:00 DEBUG 27472 --- [           main] org.hibernate.orm.results.loading        : Calling top-level assembler (0 / 1) : org.hibernate.sql.results.graph.entity.internal.EntityAssembler@24b73741
2023-11-28T22:11:57.358-05:00 DEBUG 27472 --- [           main] org.hibernate.orm.sql.ast.create         : Created new SQL alias : a1_0
2023-11-28T22:11:57.358-05:00 DEBUG 27472 --- [           main] org.hibernate.orm.sql.ast.create         : Registration of TableGroup [StandardTableGroup(com.cash_flow_app.apicashflow.entities_repositories_and_services.base.authority.Authority(35202161494041))] with identifierForTableGroup [com.cash_flow_app.apicashflow.entities_repositories_and_services.base.authority.Authority] for NavigablePath [com.cash_flow_app.apicashflow.entities_repositories_and_services.base.authority.Authority] 
2023-11-28T22:11:57.358-05:00 DEBUG 27472 --- [           main] o.h.q.sqm.sql.BaseSqmToSqlAstConverter   : Determining mapping-model type for SqmParameter : org.hibernate.query.sqm.tree.expression.SqmJpaCriteriaParameterWrapper@e30b8f0
2023-11-28T22:11:57.358-05:00 DEBUG 27472 --- [           main] o.h.q.sqm.sql.BaseSqmToSqlAstConverter   : Determining mapping-model type for SqmPath : SqmBasicValuedSimplePath(com.cash_flow_app.apicashflow.entities_repositories_and_services.base.authority.Authority(35202161494041).permission) 
2023-11-28T22:11:57.358-05:00 DEBUG 27472 --- [           main] o.h.q.sqm.sql.BaseSqmToSqlAstConverter   : Determining mapping-model type for SqmParameter : org.hibernate.query.sqm.tree.expression.SqmJpaCriteriaParameterWrapper@45188301
2023-11-28T22:11:57.358-05:00 DEBUG 27472 --- [           main] o.h.q.sqm.sql.BaseSqmToSqlAstConverter   : Determining mapping-model type for SqmPath : SqmBasicValuedSimplePath(com.cash_flow_app.apicashflow.entities_repositories_and_services.base.authority.Authority(35202161494041).endpoint) 
2023-11-28T22:11:57.358-05:00 DEBUG 27472 --- [           main] org.hibernate.orm.results.graph.AST      : DomainResult Graph:
 \-EntityResultImpl [com.cash_flow_app.apicashflow.entities_repositories_and_services.base.authority.Authority(35202161494041)]
 |  +-BasicFetch [com.cash_flow_app.apicashflow.entities_repositories_and_services.base.authority.Authority(35202161494041).endpoint]
 |  \-BasicFetch [com.cash_flow_app.apicashflow.entities_repositories_and_services.base.authority.Authority(35202161494041).permission]

2023-11-28T22:11:57.359-05:00 DEBUG 27472 --- [           main] org.hibernate.orm.sql.ast.tree           : SQL AST Tree:
    SelectStatement {
      FromClause {
        StandardTableGroup (a1 : com.cash_flow_app.apicashflow.entities_repositories_and_services.base.authority.Authority(35202161494041)) {
          primaryTableReference : authorities as a1_0
        }
      }
    }

2023-11-28T22:11:57.359-05:00 DEBUG 27472 --- [           main] o.h.e.i.AbstractFlushingEventListener    : Processing flush-time cascades
2023-11-28T22:11:57.359-05:00 DEBUG 27472 --- [           main] o.h.e.i.AbstractFlushingEventListener    : Dirty checking collections
2023-11-28T22:11:57.359-05:00 DEBUG 27472 --- [           main] o.h.e.i.AbstractFlushingEventListener    : Flushed: 0 insertions, 0 updates, 0 deletions to 3 objects
2023-11-28T22:11:57.359-05:00 DEBUG 27472 --- [           main] o.h.e.i.AbstractFlushingEventListener    : Flushed: 0 (re)creations, 0 updates, 0 removals to 0 collections
2023-11-28T22:11:57.359-05:00 DEBUG 27472 --- [           main] o.hibernate.internal.util.EntityPrinter  : Listing entities:
2023-11-28T22:11:57.359-05:00 DEBUG 27472 --- [           main] o.hibernate.internal.util.EntityPrinter  : com.cash_flow_app.apicashflow.entities_repositories_and_services.base.authority.Authority{endpoint=Account, permission=DELETE, id=363894b3-8bdc-4764-ad13-d91f872e1a95}
2023-11-28T22:11:57.359-05:00 DEBUG 27472 --- [           main] o.hibernate.internal.util.EntityPrinter  : com.cash_flow_app.apicashflow.entities_repositories_and_services.base.authority.Authority{endpoint=Account, permission=CREATE, id=9aaf7d40-45f6-4ab6-90a9-a23f4c1b5f2f}
2023-11-28T22:11:57.359-05:00 DEBUG 27472 --- [           main] o.hibernate.internal.util.EntityPrinter  : com.cash_flow_app.apicashflow.entities_repositories_and_services.base.authority.Authority{endpoint=Account, permission=READ, id=b14a62f4-d04f-422a-a2a3-1f80e2635352}
2023-11-28T22:11:57.359-05:00 DEBUG 27472 --- [           main] org.hibernate.orm.sql.exec               : Skipping reading Query result cache data: cache-enabled = false, cache-mode = NORMAL
2023-11-28T22:11:57.359-05:00 DEBUG 27472 --- [           main] org.hibernate.orm.results                : Initializer list
2023-11-28T22:11:57.359-05:00 DEBUG 27472 --- [           main] org.hibernate.orm.results                :     com.cash_flow_app.apicashflow.entities_repositories_and_services.base.authority.Authority(35202161494041) -> EntityResultInitializer(com.cash_flow_app.apicashflow.entities_repositories_and_services.base.authority.Authority(35202161494041))@1344851648 (SingleTableEntityPersister(com.cash_flow_app.apicashflow.entities_repositories_and_services.base.authority.Authority))
2023-11-28T22:11:57.359-05:00 DEBUG 27472 --- [           main] org.hibernate.SQL                        : 
    select
        a1_0.id,
        a1_0.endpoint,
        a1_0.permission 
    from
        authorities a1_0 
    where
        a1_0.permission=? 
        and a1_0.endpoint=?
2023-11-28T22:11:57.359-05:00 DEBUG 27472 --- [           main] org.hibernate.orm.results                : Extracted JDBC value [0] - [f4f135be-a2b5-48d1-a9d0-2b14e82cc373]
2023-11-28T22:11:57.359-05:00 DEBUG 27472 --- [           main] o.hibernate.orm.results.loading.entity   : (EntityResultInitializer) Hydrated EntityKey (com.cash_flow_app.apicashflow.entities_repositories_and_services.base.authority.Authority(35202161494041)): f4f135be-a2b5-48d1-a9d0-2b14e82cc373
2023-11-28T22:11:57.359-05:00 DEBUG 27472 --- [           main] o.hibernate.orm.results.loading.entity   : (EntityResultInitializer) Created new entity instance [com.cash_flow_app.apicashflow.entities_repositories_and_services.base.authority.Authority(35202161494041)#f4f135be-a2b5-48d1-a9d0-2b14e82cc373] : com.cash_flow_app.apicashflow.entities_repositories_and_services.base.authority.Authority@5739e15e
2023-11-28T22:11:57.359-05:00 DEBUG 27472 --- [           main] org.hibernate.orm.results                : Extracted JDBC value [1] - [User]
2023-11-28T22:11:57.359-05:00 DEBUG 27472 --- [           main] org.hibernate.orm.results                : Extracted JDBC value [2] - [CREATE]
2023-11-28T22:11:57.359-05:00 DEBUG 27472 --- [           main] o.hibernate.orm.results.loading.entity   : (EntityResultInitializer) Done materializing entityInstance : com.cash_flow_app.apicashflow.entities_repositories_and_services.base.authority.Authority(35202161494041)#f4f135be-a2b5-48d1-a9d0-2b14e82cc373
2023-11-28T22:11:57.359-05:00 DEBUG 27472 --- [           main] org.hibernate.orm.results.loading        : Calling top-level assembler (0 / 1) : org.hibernate.sql.results.graph.entity.internal.EntityAssembler@41f17bb7
2023-11-28T22:11:57.359-05:00 DEBUG 27472 --- [           main] org.hibernate.orm.sql.ast.create         : Created new SQL alias : a1_0
2023-11-28T22:11:57.359-05:00 DEBUG 27472 --- [           main] org.hibernate.orm.sql.ast.create         : Registration of TableGroup [StandardTableGroup(com.cash_flow_app.apicashflow.entities_repositories_and_services.base.authority.Authority(35202161494041))] with identifierForTableGroup [com.cash_flow_app.apicashflow.entities_repositories_and_services.base.authority.Authority] for NavigablePath [com.cash_flow_app.apicashflow.entities_repositories_and_services.base.authority.Authority] 
2023-11-28T22:11:57.359-05:00 DEBUG 27472 --- [           main] o.h.q.sqm.sql.BaseSqmToSqlAstConverter   : Determining mapping-model type for SqmParameter : org.hibernate.query.sqm.tree.expression.SqmJpaCriteriaParameterWrapper@18be3e85
2023-11-28T22:11:57.359-05:00 DEBUG 27472 --- [           main] o.h.q.sqm.sql.BaseSqmToSqlAstConverter   : Determining mapping-model type for SqmPath : SqmBasicValuedSimplePath(com.cash_flow_app.apicashflow.entities_repositories_and_services.base.authority.Authority(35202161494041).permission) 
2023-11-28T22:11:57.359-05:00 DEBUG 27472 --- [           main] o.h.q.sqm.sql.BaseSqmToSqlAstConverter   : Determining mapping-model type for SqmParameter : org.hibernate.query.sqm.tree.expression.SqmJpaCriteriaParameterWrapper@50ee7857
2023-11-28T22:11:57.359-05:00 DEBUG 27472 --- [           main] o.h.q.sqm.sql.BaseSqmToSqlAstConverter   : Determining mapping-model type for SqmPath : SqmBasicValuedSimplePath(com.cash_flow_app.apicashflow.entities_repositories_and_services.base.authority.Authority(35202161494041).endpoint) 
2023-11-28T22:11:57.359-05:00 DEBUG 27472 --- [           main] org.hibernate.orm.results.graph.AST      : DomainResult Graph:
 \-EntityResultImpl [com.cash_flow_app.apicashflow.entities_repositories_and_services.base.authority.Authority(35202161494041)]
 |  +-BasicFetch [com.cash_flow_app.apicashflow.entities_repositories_and_services.base.authority.Authority(35202161494041).endpoint]
 |  \-BasicFetch [com.cash_flow_app.apicashflow.entities_repositories_and_services.base.authority.Authority(35202161494041).permission]

2023-11-28T22:11:57.359-05:00 DEBUG 27472 --- [           main] org.hibernate.orm.sql.ast.tree           : SQL AST Tree:
    SelectStatement {
      FromClause {
        StandardTableGroup (a1 : com.cash_flow_app.apicashflow.entities_repositories_and_services.base.authority.Authority(35202161494041)) {
          primaryTableReference : authorities as a1_0
        }
      }
    }

2023-11-28T22:11:57.359-05:00 DEBUG 27472 --- [           main] o.h.e.i.AbstractFlushingEventListener    : Processing flush-time cascades
2023-11-28T22:11:57.359-05:00 DEBUG 27472 --- [           main] o.h.e.i.AbstractFlushingEventListener    : Dirty checking collections
2023-11-28T22:11:57.359-05:00 DEBUG 27472 --- [           main] o.h.e.i.AbstractFlushingEventListener    : Flushed: 0 insertions, 0 updates, 0 deletions to 4 objects
2023-11-28T22:11:57.359-05:00 DEBUG 27472 --- [           main] o.h.e.i.AbstractFlushingEventListener    : Flushed: 0 (re)creations, 0 updates, 0 removals to 0 collections
2023-11-28T22:11:57.359-05:00 DEBUG 27472 --- [           main] o.hibernate.internal.util.EntityPrinter  : Listing entities:
2023-11-28T22:11:57.359-05:00 DEBUG 27472 --- [           main] o.hibernate.internal.util.EntityPrinter  : com.cash_flow_app.apicashflow.entities_repositories_and_services.base.authority.Authority{endpoint=User, permission=CREATE, id=f4f135be-a2b5-48d1-a9d0-2b14e82cc373}
2023-11-28T22:11:57.359-05:00 DEBUG 27472 --- [           main] o.hibernate.internal.util.EntityPrinter  : com.cash_flow_app.apicashflow.entities_repositories_and_services.base.authority.Authority{endpoint=Account, permission=DELETE, id=363894b3-8bdc-4764-ad13-d91f872e1a95}
2023-11-28T22:11:57.359-05:00 DEBUG 27472 --- [           main] o.hibernate.internal.util.EntityPrinter  : com.cash_flow_app.apicashflow.entities_repositories_and_services.base.authority.Authority{endpoint=Account, permission=CREATE, id=9aaf7d40-45f6-4ab6-90a9-a23f4c1b5f2f}
2023-11-28T22:11:57.359-05:00 DEBUG 27472 --- [           main] o.hibernate.internal.util.EntityPrinter  : com.cash_flow_app.apicashflow.entities_repositories_and_services.base.authority.Authority{endpoint=Account, permission=READ, id=b14a62f4-d04f-422a-a2a3-1f80e2635352}
2023-11-28T22:11:57.359-05:00 DEBUG 27472 --- [           main] org.hibernate.orm.sql.exec               : Skipping reading Query result cache data: cache-enabled = false, cache-mode = NORMAL
2023-11-28T22:11:57.359-05:00 DEBUG 27472 --- [           main] org.hibernate.orm.results                : Initializer list
2023-11-28T22:11:57.359-05:00 DEBUG 27472 --- [           main] org.hibernate.orm.results                :     com.cash_flow_app.apicashflow.entities_repositories_and_services.base.authority.Authority(35202161494041) -> EntityResultInitializer(com.cash_flow_app.apicashflow.entities_repositories_and_services.base.authority.Authority(35202161494041))@1208949593 (SingleTableEntityPersister(com.cash_flow_app.apicashflow.entities_repositories_and_services.base.authority.Authority))
2023-11-28T22:11:57.359-05:00 DEBUG 27472 --- [           main] org.hibernate.SQL                        : 
    select
        a1_0.id,
        a1_0.endpoint,
        a1_0.permission 
    from
        authorities a1_0 
    where
        a1_0.permission=? 
        and a1_0.endpoint=?
2023-11-28T22:11:57.360-05:00 DEBUG 27472 --- [           main] org.hibernate.orm.results                : Extracted JDBC value [0] - [35481739-2447-454f-8ec3-daf467bb2ae5]
2023-11-28T22:11:57.360-05:00 DEBUG 27472 --- [           main] o.hibernate.orm.results.loading.entity   : (EntityResultInitializer) Hydrated EntityKey (com.cash_flow_app.apicashflow.entities_repositories_and_services.base.authority.Authority(35202161494041)): 35481739-2447-454f-8ec3-daf467bb2ae5
2023-11-28T22:11:57.360-05:00 DEBUG 27472 --- [           main] o.hibernate.orm.results.loading.entity   : (EntityResultInitializer) Created new entity instance [com.cash_flow_app.apicashflow.entities_repositories_and_services.base.authority.Authority(35202161494041)#35481739-2447-454f-8ec3-daf467bb2ae5] : com.cash_flow_app.apicashflow.entities_repositories_and_services.base.authority.Authority@591e1df7
2023-11-28T22:11:57.360-05:00 DEBUG 27472 --- [           main] org.hibernate.orm.results                : Extracted JDBC value [1] - [User]
2023-11-28T22:11:57.360-05:00 DEBUG 27472 --- [           main] org.hibernate.orm.results                : Extracted JDBC value [2] - [READ]
2023-11-28T22:11:57.360-05:00 DEBUG 27472 --- [           main] o.hibernate.orm.results.loading.entity   : (EntityResultInitializer) Done materializing entityInstance : com.cash_flow_app.apicashflow.entities_repositories_and_services.base.authority.Authority(35202161494041)#35481739-2447-454f-8ec3-daf467bb2ae5
2023-11-28T22:11:57.360-05:00 DEBUG 27472 --- [           main] org.hibernate.orm.results.loading        : Calling top-level assembler (0 / 1) : org.hibernate.sql.results.graph.entity.internal.EntityAssembler@697b105e
2023-11-28T22:11:57.360-05:00 DEBUG 27472 --- [           main] org.hibernate.orm.sql.ast.create         : Created new SQL alias : a1_0
2023-11-28T22:11:57.360-05:00 DEBUG 27472 --- [           main] org.hibernate.orm.sql.ast.create         : Registration of TableGroup [StandardTableGroup(com.cash_flow_app.apicashflow.entities_repositories_and_services.base.authority.Authority(35202161494041))] with identifierForTableGroup [com.cash_flow_app.apicashflow.entities_repositories_and_services.base.authority.Authority] for NavigablePath [com.cash_flow_app.apicashflow.entities_repositories_and_services.base.authority.Authority] 
2023-11-28T22:11:57.360-05:00 DEBUG 27472 --- [           main] o.h.q.sqm.sql.BaseSqmToSqlAstConverter   : Determining mapping-model type for SqmParameter : org.hibernate.query.sqm.tree.expression.SqmJpaCriteriaParameterWrapper@6c54bc3
2023-11-28T22:11:57.360-05:00 DEBUG 27472 --- [           main] o.h.q.sqm.sql.BaseSqmToSqlAstConverter   : Determining mapping-model type for SqmPath : SqmBasicValuedSimplePath(com.cash_flow_app.apicashflow.entities_repositories_and_services.base.authority.Authority(35202161494041).permission) 
2023-11-28T22:11:57.360-05:00 DEBUG 27472 --- [           main] o.h.q.sqm.sql.BaseSqmToSqlAstConverter   : Determining mapping-model type for SqmParameter : org.hibernate.query.sqm.tree.expression.SqmJpaCriteriaParameterWrapper@dcaa310
2023-11-28T22:11:57.360-05:00 DEBUG 27472 --- [           main] o.h.q.sqm.sql.BaseSqmToSqlAstConverter   : Determining mapping-model type for SqmPath : SqmBasicValuedSimplePath(com.cash_flow_app.apicashflow.entities_repositories_and_services.base.authority.Authority(35202161494041).endpoint) 
2023-11-28T22:11:57.360-05:00 DEBUG 27472 --- [           main] org.hibernate.orm.results.graph.AST      : DomainResult Graph:
 \-EntityResultImpl [com.cash_flow_app.apicashflow.entities_repositories_and_services.base.authority.Authority(35202161494041)]
 |  +-BasicFetch [com.cash_flow_app.apicashflow.entities_repositories_and_services.base.authority.Authority(35202161494041).endpoint]
 |  \-BasicFetch [com.cash_flow_app.apicashflow.entities_repositories_and_services.base.authority.Authority(35202161494041).permission]

2023-11-28T22:11:57.360-05:00 DEBUG 27472 --- [           main] org.hibernate.orm.sql.ast.tree           : SQL AST Tree:
    SelectStatement {
      FromClause {
        StandardTableGroup (a1 : com.cash_flow_app.apicashflow.entities_repositories_and_services.base.authority.Authority(35202161494041)) {
          primaryTableReference : authorities as a1_0
        }
      }
    }

2023-11-28T22:11:57.360-05:00 DEBUG 27472 --- [           main] o.h.e.i.AbstractFlushingEventListener    : Processing flush-time cascades
2023-11-28T22:11:57.360-05:00 DEBUG 27472 --- [           main] o.h.e.i.AbstractFlushingEventListener    : Dirty checking collections
2023-11-28T22:11:57.361-05:00 DEBUG 27472 --- [           main] o.h.e.i.AbstractFlushingEventListener    : Flushed: 0 insertions, 0 updates, 0 deletions to 5 objects
2023-11-28T22:11:57.361-05:00 DEBUG 27472 --- [           main] o.h.e.i.AbstractFlushingEventListener    : Flushed: 0 (re)creations, 0 updates, 0 removals to 0 collections
2023-11-28T22:11:57.361-05:00 DEBUG 27472 --- [           main] o.hibernate.internal.util.EntityPrinter  : Listing entities:
2023-11-28T22:11:57.361-05:00 DEBUG 27472 --- [           main] o.hibernate.internal.util.EntityPrinter  : com.cash_flow_app.apicashflow.entities_repositories_and_services.base.authority.Authority{endpoint=User, permission=CREATE, id=f4f135be-a2b5-48d1-a9d0-2b14e82cc373}
2023-11-28T22:11:57.361-05:00 DEBUG 27472 --- [           main] o.hibernate.internal.util.EntityPrinter  : com.cash_flow_app.apicashflow.entities_repositories_and_services.base.authority.Authority{endpoint=User, permission=READ, id=35481739-2447-454f-8ec3-daf467bb2ae5}
2023-11-28T22:11:57.361-05:00 DEBUG 27472 --- [           main] o.hibernate.internal.util.EntityPrinter  : com.cash_flow_app.apicashflow.entities_repositories_and_services.base.authority.Authority{endpoint=Account, permission=DELETE, id=363894b3-8bdc-4764-ad13-d91f872e1a95}
2023-11-28T22:11:57.361-05:00 DEBUG 27472 --- [           main] o.hibernate.internal.util.EntityPrinter  : com.cash_flow_app.apicashflow.entities_repositories_and_services.base.authority.Authority{endpoint=Account, permission=CREATE, id=9aaf7d40-45f6-4ab6-90a9-a23f4c1b5f2f}
2023-11-28T22:11:57.361-05:00 DEBUG 27472 --- [           main] o.hibernate.internal.util.EntityPrinter  : com.cash_flow_app.apicashflow.entities_repositories_and_services.base.authority.Authority{endpoint=Account, permission=READ, id=b14a62f4-d04f-422a-a2a3-1f80e2635352}
2023-11-28T22:11:57.361-05:00 DEBUG 27472 --- [           main] org.hibernate.orm.sql.exec               : Skipping reading Query result cache data: cache-enabled = false, cache-mode = NORMAL
2023-11-28T22:11:57.361-05:00 DEBUG 27472 --- [           main] org.hibernate.orm.results                : Initializer list
2023-11-28T22:11:57.361-05:00 DEBUG 27472 --- [           main] org.hibernate.orm.results                :     com.cash_flow_app.apicashflow.entities_repositories_and_services.base.authority.Authority(35202161494041) -> EntityResultInitializer(com.cash_flow_app.apicashflow.entities_repositories_and_services.base.authority.Authority(35202161494041))@1642584050 (SingleTableEntityPersister(com.cash_flow_app.apicashflow.entities_repositories_and_services.base.authority.Authority))
2023-11-28T22:11:57.361-05:00 DEBUG 27472 --- [           main] org.hibernate.SQL                        : 
    select
        a1_0.id,
        a1_0.endpoint,
        a1_0.permission 
    from
        authorities a1_0 
    where
        a1_0.permission=? 
        and a1_0.endpoint=?
2023-11-28T22:11:57.361-05:00 DEBUG 27472 --- [           main] org.hibernate.orm.results                : Extracted JDBC value [0] - [4de61a19-9cab-469d-856c-169a503a3f70]
2023-11-28T22:11:57.361-05:00 DEBUG 27472 --- [           main] o.hibernate.orm.results.loading.entity   : (EntityResultInitializer) Hydrated EntityKey (com.cash_flow_app.apicashflow.entities_repositories_and_services.base.authority.Authority(35202161494041)): 4de61a19-9cab-469d-856c-169a503a3f70
2023-11-28T22:11:57.361-05:00 DEBUG 27472 --- [           main] o.hibernate.orm.results.loading.entity   : (EntityResultInitializer) Created new entity instance [com.cash_flow_app.apicashflow.entities_repositories_and_services.base.authority.Authority(35202161494041)#4de61a19-9cab-469d-856c-169a503a3f70] : com.cash_flow_app.apicashflow.entities_repositories_and_services.base.authority.Authority@40053c7a
2023-11-28T22:11:57.361-05:00 DEBUG 27472 --- [           main] org.hibernate.orm.results                : Extracted JDBC value [1] - [IncomeExpense]
2023-11-28T22:11:57.361-05:00 DEBUG 27472 --- [           main] org.hibernate.orm.results                : Extracted JDBC value [2] - [CREATE]
2023-11-28T22:11:57.361-05:00 DEBUG 27472 --- [           main] o.hibernate.orm.results.loading.entity   : (EntityResultInitializer) Done materializing entityInstance : com.cash_flow_app.apicashflow.entities_repositories_and_services.base.authority.Authority(35202161494041)#4de61a19-9cab-469d-856c-169a503a3f70
2023-11-28T22:11:57.361-05:00 DEBUG 27472 --- [           main] org.hibernate.orm.results.loading        : Calling top-level assembler (0 / 1) : org.hibernate.sql.results.graph.entity.internal.EntityAssembler@1f022bcf
2023-11-28T22:11:57.361-05:00 DEBUG 27472 --- [           main] org.hibernate.orm.sql.ast.create         : Created new SQL alias : a1_0
2023-11-28T22:11:57.361-05:00 DEBUG 27472 --- [           main] org.hibernate.orm.sql.ast.create         : Registration of TableGroup [StandardTableGroup(com.cash_flow_app.apicashflow.entities_repositories_and_services.base.authority.Authority(35202161494041))] with identifierForTableGroup [com.cash_flow_app.apicashflow.entities_repositories_and_services.base.authority.Authority] for NavigablePath [com.cash_flow_app.apicashflow.entities_repositories_and_services.base.authority.Authority] 
2023-11-28T22:11:57.361-05:00 DEBUG 27472 --- [           main] o.h.q.sqm.sql.BaseSqmToSqlAstConverter   : Determining mapping-model type for SqmParameter : org.hibernate.query.sqm.tree.expression.SqmJpaCriteriaParameterWrapper@43af513c
2023-11-28T22:11:57.361-05:00 DEBUG 27472 --- [           main] o.h.q.sqm.sql.BaseSqmToSqlAstConverter   : Determining mapping-model type for SqmPath : SqmBasicValuedSimplePath(com.cash_flow_app.apicashflow.entities_repositories_and_services.base.authority.Authority(35202161494041).permission) 
2023-11-28T22:11:57.361-05:00 DEBUG 27472 --- [           main] o.h.q.sqm.sql.BaseSqmToSqlAstConverter   : Determining mapping-model type for SqmParameter : org.hibernate.query.sqm.tree.expression.SqmJpaCriteriaParameterWrapper@6bde050d
2023-11-28T22:11:57.361-05:00 DEBUG 27472 --- [           main] o.h.q.sqm.sql.BaseSqmToSqlAstConverter   : Determining mapping-model type for SqmPath : SqmBasicValuedSimplePath(com.cash_flow_app.apicashflow.entities_repositories_and_services.base.authority.Authority(35202161494041).endpoint) 
2023-11-28T22:11:57.361-05:00 DEBUG 27472 --- [           main] org.hibernate.orm.results.graph.AST      : DomainResult Graph:
 \-EntityResultImpl [com.cash_flow_app.apicashflow.entities_repositories_and_services.base.authority.Authority(35202161494041)]
 |  +-BasicFetch [com.cash_flow_app.apicashflow.entities_repositories_and_services.base.authority.Authority(35202161494041).endpoint]
 |  \-BasicFetch [com.cash_flow_app.apicashflow.entities_repositories_and_services.base.authority.Authority(35202161494041).permission]

2023-11-28T22:11:57.361-05:00 DEBUG 27472 --- [           main] org.hibernate.orm.sql.ast.tree           : SQL AST Tree:
    SelectStatement {
      FromClause {
        StandardTableGroup (a1 : com.cash_flow_app.apicashflow.entities_repositories_and_services.base.authority.Authority(35202161494041)) {
          primaryTableReference : authorities as a1_0
        }
      }
    }

2023-11-28T22:11:57.361-05:00 DEBUG 27472 --- [           main] o.h.e.i.AbstractFlushingEventListener    : Processing flush-time cascades
2023-11-28T22:11:57.361-05:00 DEBUG 27472 --- [           main] o.h.e.i.AbstractFlushingEventListener    : Dirty checking collections
2023-11-28T22:11:57.362-05:00 DEBUG 27472 --- [           main] o.h.e.i.AbstractFlushingEventListener    : Flushed: 0 insertions, 0 updates, 0 deletions to 6 objects
2023-11-28T22:11:57.362-05:00 DEBUG 27472 --- [           main] o.h.e.i.AbstractFlushingEventListener    : Flushed: 0 (re)creations, 0 updates, 0 removals to 0 collections
2023-11-28T22:11:57.362-05:00 DEBUG 27472 --- [           main] o.hibernate.internal.util.EntityPrinter  : Listing entities:
2023-11-28T22:11:57.362-05:00 DEBUG 27472 --- [           main] o.hibernate.internal.util.EntityPrinter  : com.cash_flow_app.apicashflow.entities_repositories_and_services.base.authority.Authority{endpoint=User, permission=CREATE, id=f4f135be-a2b5-48d1-a9d0-2b14e82cc373}
2023-11-28T22:11:57.362-05:00 DEBUG 27472 --- [           main] o.hibernate.internal.util.EntityPrinter  : com.cash_flow_app.apicashflow.entities_repositories_and_services.base.authority.Authority{endpoint=User, permission=READ, id=35481739-2447-454f-8ec3-daf467bb2ae5}
2023-11-28T22:11:57.362-05:00 DEBUG 27472 --- [           main] o.hibernate.internal.util.EntityPrinter  : com.cash_flow_app.apicashflow.entities_repositories_and_services.base.authority.Authority{endpoint=IncomeExpense, permission=CREATE, id=4de61a19-9cab-469d-856c-169a503a3f70}
2023-11-28T22:11:57.362-05:00 DEBUG 27472 --- [           main] o.hibernate.internal.util.EntityPrinter  : com.cash_flow_app.apicashflow.entities_repositories_and_services.base.authority.Authority{endpoint=Account, permission=DELETE, id=363894b3-8bdc-4764-ad13-d91f872e1a95}
2023-11-28T22:11:57.362-05:00 DEBUG 27472 --- [           main] o.hibernate.internal.util.EntityPrinter  : com.cash_flow_app.apicashflow.entities_repositories_and_services.base.authority.Authority{endpoint=Account, permission=CREATE, id=9aaf7d40-45f6-4ab6-90a9-a23f4c1b5f2f}
2023-11-28T22:11:57.362-05:00 DEBUG 27472 --- [           main] o.hibernate.internal.util.EntityPrinter  : com.cash_flow_app.apicashflow.entities_repositories_and_services.base.authority.Authority{endpoint=Account, permission=READ, id=b14a62f4-d04f-422a-a2a3-1f80e2635352}
2023-11-28T22:11:57.362-05:00 DEBUG 27472 --- [           main] org.hibernate.orm.sql.exec               : Skipping reading Query result cache data: cache-enabled = false, cache-mode = NORMAL
2023-11-28T22:11:57.362-05:00 DEBUG 27472 --- [           main] org.hibernate.orm.results                : Initializer list
2023-11-28T22:11:57.362-05:00 DEBUG 27472 --- [           main] org.hibernate.orm.results                :     com.cash_flow_app.apicashflow.entities_repositories_and_services.base.authority.Authority(35202161494041) -> EntityResultInitializer(com.cash_flow_app.apicashflow.entities_repositories_and_services.base.authority.Authority(35202161494041))@787551976 (SingleTableEntityPersister(com.cash_flow_app.apicashflow.entities_repositories_and_services.base.authority.Authority))
2023-11-28T22:11:57.362-05:00 DEBUG 27472 --- [           main] org.hibernate.SQL                        : 
    select
        a1_0.id,
        a1_0.endpoint,
        a1_0.permission 
    from
        authorities a1_0 
    where
        a1_0.permission=? 
        and a1_0.endpoint=?
2023-11-28T22:11:57.362-05:00 DEBUG 27472 --- [           main] org.hibernate.orm.results                : Extracted JDBC value [0] - [af9e383e-4459-4719-802e-94a22944b4b7]
2023-11-28T22:11:57.362-05:00 DEBUG 27472 --- [           main] o.hibernate.orm.results.loading.entity   : (EntityResultInitializer) Hydrated EntityKey (com.cash_flow_app.apicashflow.entities_repositories_and_services.base.authority.Authority(35202161494041)): af9e383e-4459-4719-802e-94a22944b4b7
2023-11-28T22:11:57.362-05:00 DEBUG 27472 --- [           main] o.hibernate.orm.results.loading.entity   : (EntityResultInitializer) Created new entity instance [com.cash_flow_app.apicashflow.entities_repositories_and_services.base.authority.Authority(35202161494041)#af9e383e-4459-4719-802e-94a22944b4b7] : com.cash_flow_app.apicashflow.entities_repositories_and_services.base.authority.Authority@615784a8
2023-11-28T22:11:57.362-05:00 DEBUG 27472 --- [           main] org.hibernate.orm.results                : Extracted JDBC value [1] - [IncomeExpense]
2023-11-28T22:11:57.362-05:00 DEBUG 27472 --- [           main] org.hibernate.orm.results                : Extracted JDBC value [2] - [READ]
2023-11-28T22:11:57.362-05:00 DEBUG 27472 --- [           main] o.hibernate.orm.results.loading.entity   : (EntityResultInitializer) Done materializing entityInstance : com.cash_flow_app.apicashflow.entities_repositories_and_services.base.authority.Authority(35202161494041)#af9e383e-4459-4719-802e-94a22944b4b7
2023-11-28T22:11:57.362-05:00 DEBUG 27472 --- [           main] org.hibernate.orm.results.loading        : Calling top-level assembler (0 / 1) : org.hibernate.sql.results.graph.entity.internal.EntityAssembler@47b7883c
2023-11-28T22:11:57.363-05:00 DEBUG 27472 --- [           main] org.hibernate.orm.sql.ast.create         : Created new SQL alias : a1_0
2023-11-28T22:11:57.363-05:00 DEBUG 27472 --- [           main] org.hibernate.orm.sql.ast.create         : Registration of TableGroup [StandardTableGroup(com.cash_flow_app.apicashflow.entities_repositories_and_services.base.authority.Authority(35202161494041))] with identifierForTableGroup [com.cash_flow_app.apicashflow.entities_repositories_and_services.base.authority.Authority] for NavigablePath [com.cash_flow_app.apicashflow.entities_repositories_and_services.base.authority.Authority] 
2023-11-28T22:11:57.363-05:00 DEBUG 27472 --- [           main] o.h.q.sqm.sql.BaseSqmToSqlAstConverter   : Determining mapping-model type for SqmParameter : org.hibernate.query.sqm.tree.expression.SqmJpaCriteriaParameterWrapper@97af4e9
2023-11-28T22:11:57.363-05:00 DEBUG 27472 --- [           main] o.h.q.sqm.sql.BaseSqmToSqlAstConverter   : Determining mapping-model type for SqmPath : SqmBasicValuedSimplePath(com.cash_flow_app.apicashflow.entities_repositories_and_services.base.authority.Authority(35202161494041).permission) 
2023-11-28T22:11:57.363-05:00 DEBUG 27472 --- [           main] o.h.q.sqm.sql.BaseSqmToSqlAstConverter   : Determining mapping-model type for SqmParameter : org.hibernate.query.sqm.tree.expression.SqmJpaCriteriaParameterWrapper@2533444a
2023-11-28T22:11:57.363-05:00 DEBUG 27472 --- [           main] o.h.q.sqm.sql.BaseSqmToSqlAstConverter   : Determining mapping-model type for SqmPath : SqmBasicValuedSimplePath(com.cash_flow_app.apicashflow.entities_repositories_and_services.base.authority.Authority(35202161494041).endpoint) 
2023-11-28T22:11:57.363-05:00 DEBUG 27472 --- [           main] org.hibernate.orm.results.graph.AST      : DomainResult Graph:
 \-EntityResultImpl [com.cash_flow_app.apicashflow.entities_repositories_and_services.base.authority.Authority(35202161494041)]
 |  +-BasicFetch [com.cash_flow_app.apicashflow.entities_repositories_and_services.base.authority.Authority(35202161494041).endpoint]
 |  \-BasicFetch [com.cash_flow_app.apicashflow.entities_repositories_and_services.base.authority.Authority(35202161494041).permission]

2023-11-28T22:11:57.363-05:00 DEBUG 27472 --- [           main] org.hibernate.orm.sql.ast.tree           : SQL AST Tree:
    SelectStatement {
      FromClause {
        StandardTableGroup (a1 : com.cash_flow_app.apicashflow.entities_repositories_and_services.base.authority.Authority(35202161494041)) {
          primaryTableReference : authorities as a1_0
        }
      }
    }

2023-11-28T22:11:57.363-05:00 DEBUG 27472 --- [           main] o.h.e.i.AbstractFlushingEventListener    : Processing flush-time cascades
2023-11-28T22:11:57.363-05:00 DEBUG 27472 --- [           main] o.h.e.i.AbstractFlushingEventListener    : Dirty checking collections
2023-11-28T22:11:57.363-05:00 DEBUG 27472 --- [           main] o.h.e.i.AbstractFlushingEventListener    : Flushed: 0 insertions, 0 updates, 0 deletions to 7 objects
2023-11-28T22:11:57.363-05:00 DEBUG 27472 --- [           main] o.h.e.i.AbstractFlushingEventListener    : Flushed: 0 (re)creations, 0 updates, 0 removals to 0 collections
2023-11-28T22:11:57.363-05:00 DEBUG 27472 --- [           main] o.hibernate.internal.util.EntityPrinter  : Listing entities:
2023-11-28T22:11:57.363-05:00 DEBUG 27472 --- [           main] o.hibernate.internal.util.EntityPrinter  : com.cash_flow_app.apicashflow.entities_repositories_and_services.base.authority.Authority{endpoint=User, permission=CREATE, id=f4f135be-a2b5-48d1-a9d0-2b14e82cc373}
2023-11-28T22:11:57.363-05:00 DEBUG 27472 --- [           main] o.hibernate.internal.util.EntityPrinter  : com.cash_flow_app.apicashflow.entities_repositories_and_services.base.authority.Authority{endpoint=User, permission=READ, id=35481739-2447-454f-8ec3-daf467bb2ae5}
2023-11-28T22:11:57.363-05:00 DEBUG 27472 --- [           main] o.hibernate.internal.util.EntityPrinter  : com.cash_flow_app.apicashflow.entities_repositories_and_services.base.authority.Authority{endpoint=IncomeExpense, permission=CREATE, id=4de61a19-9cab-469d-856c-169a503a3f70}
2023-11-28T22:11:57.363-05:00 DEBUG 27472 --- [           main] o.hibernate.internal.util.EntityPrinter  : com.cash_flow_app.apicashflow.entities_repositories_and_services.base.authority.Authority{endpoint=Account, permission=DELETE, id=363894b3-8bdc-4764-ad13-d91f872e1a95}
2023-11-28T22:11:57.363-05:00 DEBUG 27472 --- [           main] o.hibernate.internal.util.EntityPrinter  : com.cash_flow_app.apicashflow.entities_repositories_and_services.base.authority.Authority{endpoint=Account, permission=CREATE, id=9aaf7d40-45f6-4ab6-90a9-a23f4c1b5f2f}
2023-11-28T22:11:57.363-05:00 DEBUG 27472 --- [           main] o.hibernate.internal.util.EntityPrinter  : com.cash_flow_app.apicashflow.entities_repositories_and_services.base.authority.Authority{endpoint=Account, permission=READ, id=b14a62f4-d04f-422a-a2a3-1f80e2635352}
2023-11-28T22:11:57.363-05:00 DEBUG 27472 --- [           main] o.hibernate.internal.util.EntityPrinter  : com.cash_flow_app.apicashflow.entities_repositories_and_services.base.authority.Authority{endpoint=IncomeExpense, permission=READ, id=af9e383e-4459-4719-802e-94a22944b4b7}
2023-11-28T22:11:57.363-05:00 DEBUG 27472 --- [           main] org.hibernate.orm.sql.exec               : Skipping reading Query result cache data: cache-enabled = false, cache-mode = NORMAL
2023-11-28T22:11:57.363-05:00 DEBUG 27472 --- [           main] org.hibernate.orm.results                : Initializer list
2023-11-28T22:11:57.363-05:00 DEBUG 27472 --- [           main] org.hibernate.orm.results                :     com.cash_flow_app.apicashflow.entities_repositories_and_services.base.authority.Authority(35202161494041) -> EntityResultInitializer(com.cash_flow_app.apicashflow.entities_repositories_and_services.base.authority.Authority(35202161494041))@1648105500 (SingleTableEntityPersister(com.cash_flow_app.apicashflow.entities_repositories_and_services.base.authority.Authority))
2023-11-28T22:11:57.363-05:00 DEBUG 27472 --- [           main] org.hibernate.SQL                        : 
    select
        a1_0.id,
        a1_0.endpoint,
        a1_0.permission 
    from
        authorities a1_0 
    where
        a1_0.permission=? 
        and a1_0.endpoint=?
2023-11-28T22:11:57.364-05:00 DEBUG 27472 --- [           main] org.hibernate.orm.results                : Extracted JDBC value [0] - [51c645c0-dc8a-45f9-88d1-533e63701dbe]
2023-11-28T22:11:57.364-05:00 DEBUG 27472 --- [           main] o.hibernate.orm.results.loading.entity   : (EntityResultInitializer) Hydrated EntityKey (com.cash_flow_app.apicashflow.entities_repositories_and_services.base.authority.Authority(35202161494041)): 51c645c0-dc8a-45f9-88d1-533e63701dbe
2023-11-28T22:11:57.364-05:00 DEBUG 27472 --- [           main] o.hibernate.orm.results.loading.entity   : (EntityResultInitializer) Created new entity instance [com.cash_flow_app.apicashflow.entities_repositories_and_services.base.authority.Authority(35202161494041)#51c645c0-dc8a-45f9-88d1-533e63701dbe] : com.cash_flow_app.apicashflow.entities_repositories_and_services.base.authority.Authority@38c408c7
2023-11-28T22:11:57.364-05:00 DEBUG 27472 --- [           main] org.hibernate.orm.results                : Extracted JDBC value [1] - [IncomeExpense]
2023-11-28T22:11:57.364-05:00 DEBUG 27472 --- [           main] org.hibernate.orm.results                : Extracted JDBC value [2] - [DELETE]
2023-11-28T22:11:57.364-05:00 DEBUG 27472 --- [           main] o.hibernate.orm.results.loading.entity   : (EntityResultInitializer) Done materializing entityInstance : com.cash_flow_app.apicashflow.entities_repositories_and_services.base.authority.Authority(35202161494041)#51c645c0-dc8a-45f9-88d1-533e63701dbe
2023-11-28T22:11:57.364-05:00 DEBUG 27472 --- [           main] org.hibernate.orm.results.loading        : Calling top-level assembler (0 / 1) : org.hibernate.sql.results.graph.entity.internal.EntityAssembler@3a3a0b3b
2023-11-28T22:11:57.364-05:00 DEBUG 27472 --- [           main] org.hibernate.orm.sql.ast.create         : Created new SQL alias : a1_0
2023-11-28T22:11:57.364-05:00 DEBUG 27472 --- [           main] org.hibernate.orm.sql.ast.create         : Registration of TableGroup [StandardTableGroup(com.cash_flow_app.apicashflow.entities_repositories_and_services.base.authority.Authority(35202161494041))] with identifierForTableGroup [com.cash_flow_app.apicashflow.entities_repositories_and_services.base.authority.Authority] for NavigablePath [com.cash_flow_app.apicashflow.entities_repositories_and_services.base.authority.Authority] 
2023-11-28T22:11:57.364-05:00 DEBUG 27472 --- [           main] o.h.q.sqm.sql.BaseSqmToSqlAstConverter   : Determining mapping-model type for SqmParameter : org.hibernate.query.sqm.tree.expression.SqmJpaCriteriaParameterWrapper@19c37463
2023-11-28T22:11:57.364-05:00 DEBUG 27472 --- [           main] o.h.q.sqm.sql.BaseSqmToSqlAstConverter   : Determining mapping-model type for SqmPath : SqmBasicValuedSimplePath(com.cash_flow_app.apicashflow.entities_repositories_and_services.base.authority.Authority(35202161494041).permission) 
2023-11-28T22:11:57.364-05:00 DEBUG 27472 --- [           main] o.h.q.sqm.sql.BaseSqmToSqlAstConverter   : Determining mapping-model type for SqmParameter : org.hibernate.query.sqm.tree.expression.SqmJpaCriteriaParameterWrapper@d57624a
2023-11-28T22:11:57.364-05:00 DEBUG 27472 --- [           main] o.h.q.sqm.sql.BaseSqmToSqlAstConverter   : Determining mapping-model type for SqmPath : SqmBasicValuedSimplePath(com.cash_flow_app.apicashflow.entities_repositories_and_services.base.authority.Authority(35202161494041).endpoint) 
2023-11-28T22:11:57.364-05:00 DEBUG 27472 --- [           main] org.hibernate.orm.results.graph.AST      : DomainResult Graph:
 \-EntityResultImpl [com.cash_flow_app.apicashflow.entities_repositories_and_services.base.authority.Authority(35202161494041)]
 |  +-BasicFetch [com.cash_flow_app.apicashflow.entities_repositories_and_services.base.authority.Authority(35202161494041).endpoint]
 |  \-BasicFetch [com.cash_flow_app.apicashflow.entities_repositories_and_services.base.authority.Authority(35202161494041).permission]

2023-11-28T22:11:57.364-05:00 DEBUG 27472 --- [           main] org.hibernate.orm.sql.ast.tree           : SQL AST Tree:
    SelectStatement {
      FromClause {
        StandardTableGroup (a1 : com.cash_flow_app.apicashflow.entities_repositories_and_services.base.authority.Authority(35202161494041)) {
          primaryTableReference : authorities as a1_0
        }
      }
    }

2023-11-28T22:11:57.364-05:00 DEBUG 27472 --- [           main] o.h.e.i.AbstractFlushingEventListener    : Processing flush-time cascades
2023-11-28T22:11:57.364-05:00 DEBUG 27472 --- [           main] o.h.e.i.AbstractFlushingEventListener    : Dirty checking collections
2023-11-28T22:11:57.364-05:00 DEBUG 27472 --- [           main] o.h.e.i.AbstractFlushingEventListener    : Flushed: 0 insertions, 0 updates, 0 deletions to 8 objects
2023-11-28T22:11:57.364-05:00 DEBUG 27472 --- [           main] o.h.e.i.AbstractFlushingEventListener    : Flushed: 0 (re)creations, 0 updates, 0 removals to 0 collections
2023-11-28T22:11:57.364-05:00 DEBUG 27472 --- [           main] o.hibernate.internal.util.EntityPrinter  : Listing entities:
2023-11-28T22:11:57.364-05:00 DEBUG 27472 --- [           main] o.hibernate.internal.util.EntityPrinter  : com.cash_flow_app.apicashflow.entities_repositories_and_services.base.authority.Authority{endpoint=User, permission=CREATE, id=f4f135be-a2b5-48d1-a9d0-2b14e82cc373}
2023-11-28T22:11:57.364-05:00 DEBUG 27472 --- [           main] o.hibernate.internal.util.EntityPrinter  : com.cash_flow_app.apicashflow.entities_repositories_and_services.base.authority.Authority{endpoint=User, permission=READ, id=35481739-2447-454f-8ec3-daf467bb2ae5}
2023-11-28T22:11:57.364-05:00 DEBUG 27472 --- [           main] o.hibernate.internal.util.EntityPrinter  : com.cash_flow_app.apicashflow.entities_repositories_and_services.base.authority.Authority{endpoint=IncomeExpense, permission=CREATE, id=4de61a19-9cab-469d-856c-169a503a3f70}
2023-11-28T22:11:57.364-05:00 DEBUG 27472 --- [           main] o.hibernate.internal.util.EntityPrinter  : com.cash_flow_app.apicashflow.entities_repositories_and_services.base.authority.Authority{endpoint=Account, permission=DELETE, id=363894b3-8bdc-4764-ad13-d91f872e1a95}
2023-11-28T22:11:57.364-05:00 DEBUG 27472 --- [           main] o.hibernate.internal.util.EntityPrinter  : com.cash_flow_app.apicashflow.entities_repositories_and_services.base.authority.Authority{endpoint=IncomeExpense, permission=DELETE, id=51c645c0-dc8a-45f9-88d1-533e63701dbe}
2023-11-28T22:11:57.364-05:00 DEBUG 27472 --- [           main] o.hibernate.internal.util.EntityPrinter  : com.cash_flow_app.apicashflow.entities_repositories_and_services.base.authority.Authority{endpoint=Account, permission=CREATE, id=9aaf7d40-45f6-4ab6-90a9-a23f4c1b5f2f}
2023-11-28T22:11:57.364-05:00 DEBUG 27472 --- [           main] o.hibernate.internal.util.EntityPrinter  : com.cash_flow_app.apicashflow.entities_repositories_and_services.base.authority.Authority{endpoint=Account, permission=READ, id=b14a62f4-d04f-422a-a2a3-1f80e2635352}
2023-11-28T22:11:57.364-05:00 DEBUG 27472 --- [           main] o.hibernate.internal.util.EntityPrinter  : com.cash_flow_app.apicashflow.entities_repositories_and_services.base.authority.Authority{endpoint=IncomeExpense, permission=READ, id=af9e383e-4459-4719-802e-94a22944b4b7}
2023-11-28T22:11:57.364-05:00 DEBUG 27472 --- [           main] org.hibernate.orm.sql.exec               : Skipping reading Query result cache data: cache-enabled = false, cache-mode = NORMAL
2023-11-28T22:11:57.364-05:00 DEBUG 27472 --- [           main] org.hibernate.orm.results                : Initializer list
2023-11-28T22:11:57.364-05:00 DEBUG 27472 --- [           main] org.hibernate.orm.results                :     com.cash_flow_app.apicashflow.entities_repositories_and_services.base.authority.Authority(35202161494041) -> EntityResultInitializer(com.cash_flow_app.apicashflow.entities_repositories_and_services.base.authority.Authority(35202161494041))@1272252525 (SingleTableEntityPersister(com.cash_flow_app.apicashflow.entities_repositories_and_services.base.authority.Authority))
2023-11-28T22:11:57.365-05:00 DEBUG 27472 --- [           main] org.hibernate.SQL                        : 
    select
        a1_0.id,
        a1_0.endpoint,
        a1_0.permission 
    from
        authorities a1_0 
    where
        a1_0.permission=? 
        and a1_0.endpoint=?
2023-11-28T22:11:57.365-05:00 DEBUG 27472 --- [           main] org.hibernate.orm.results                : Extracted JDBC value [0] - [bd7f10f2-85c9-49d0-9a90-f83a87d9cdae]
2023-11-28T22:11:57.365-05:00 DEBUG 27472 --- [           main] o.hibernate.orm.results.loading.entity   : (EntityResultInitializer) Hydrated EntityKey (com.cash_flow_app.apicashflow.entities_repositories_and_services.base.authority.Authority(35202161494041)): bd7f10f2-85c9-49d0-9a90-f83a87d9cdae
2023-11-28T22:11:57.365-05:00 DEBUG 27472 --- [           main] o.hibernate.orm.results.loading.entity   : (EntityResultInitializer) Created new entity instance [com.cash_flow_app.apicashflow.entities_repositories_and_services.base.authority.Authority(35202161494041)#bd7f10f2-85c9-49d0-9a90-f83a87d9cdae] : com.cash_flow_app.apicashflow.entities_repositories_and_services.base.authority.Authority@22846025
2023-11-28T22:11:57.365-05:00 DEBUG 27472 --- [           main] org.hibernate.orm.results                : Extracted JDBC value [1] - [ScheduledAccount]
2023-11-28T22:11:57.365-05:00 DEBUG 27472 --- [           main] org.hibernate.orm.results                : Extracted JDBC value [2] - [CREATE]
2023-11-28T22:11:57.365-05:00 DEBUG 27472 --- [           main] o.hibernate.orm.results.loading.entity   : (EntityResultInitializer) Done materializing entityInstance : com.cash_flow_app.apicashflow.entities_repositories_and_services.base.authority.Authority(35202161494041)#bd7f10f2-85c9-49d0-9a90-f83a87d9cdae
2023-11-28T22:11:57.365-05:00 DEBUG 27472 --- [           main] org.hibernate.orm.results.loading        : Calling top-level assembler (0 / 1) : org.hibernate.sql.results.graph.entity.internal.EntityAssembler@41718278
2023-11-28T22:11:57.365-05:00 DEBUG 27472 --- [           main] org.hibernate.orm.sql.ast.create         : Created new SQL alias : a1_0
2023-11-28T22:11:57.365-05:00 DEBUG 27472 --- [           main] org.hibernate.orm.sql.ast.create         : Registration of TableGroup [StandardTableGroup(com.cash_flow_app.apicashflow.entities_repositories_and_services.base.authority.Authority(35202161494041))] with identifierForTableGroup [com.cash_flow_app.apicashflow.entities_repositories_and_services.base.authority.Authority] for NavigablePath [com.cash_flow_app.apicashflow.entities_repositories_and_services.base.authority.Authority] 
2023-11-28T22:11:57.365-05:00 DEBUG 27472 --- [           main] o.h.q.sqm.sql.BaseSqmToSqlAstConverter   : Determining mapping-model type for SqmParameter : org.hibernate.query.sqm.tree.expression.SqmJpaCriteriaParameterWrapper@2c9c7f4a
2023-11-28T22:11:57.365-05:00 DEBUG 27472 --- [           main] o.h.q.sqm.sql.BaseSqmToSqlAstConverter   : Determining mapping-model type for SqmPath : SqmBasicValuedSimplePath(com.cash_flow_app.apicashflow.entities_repositories_and_services.base.authority.Authority(35202161494041).permission) 
2023-11-28T22:11:57.365-05:00 DEBUG 27472 --- [           main] o.h.q.sqm.sql.BaseSqmToSqlAstConverter   : Determining mapping-model type for SqmParameter : org.hibernate.query.sqm.tree.expression.SqmJpaCriteriaParameterWrapper@d679e86
2023-11-28T22:11:57.365-05:00 DEBUG 27472 --- [           main] o.h.q.sqm.sql.BaseSqmToSqlAstConverter   : Determining mapping-model type for SqmPath : SqmBasicValuedSimplePath(com.cash_flow_app.apicashflow.entities_repositories_and_services.base.authority.Authority(35202161494041).endpoint) 
2023-11-28T22:11:57.366-05:00 DEBUG 27472 --- [           main] org.hibernate.orm.results.graph.AST      : DomainResult Graph:
 \-EntityResultImpl [com.cash_flow_app.apicashflow.entities_repositories_and_services.base.authority.Authority(35202161494041)]
 |  +-BasicFetch [com.cash_flow_app.apicashflow.entities_repositories_and_services.base.authority.Authority(35202161494041).endpoint]
 |  \-BasicFetch [com.cash_flow_app.apicashflow.entities_repositories_and_services.base.authority.Authority(35202161494041).permission]

2023-11-28T22:11:57.366-05:00 DEBUG 27472 --- [           main] org.hibernate.orm.sql.ast.tree           : SQL AST Tree:
    SelectStatement {
      FromClause {
        StandardTableGroup (a1 : com.cash_flow_app.apicashflow.entities_repositories_and_services.base.authority.Authority(35202161494041)) {
          primaryTableReference : authorities as a1_0
        }
      }
    }

2023-11-28T22:11:57.366-05:00 DEBUG 27472 --- [           main] o.h.e.i.AbstractFlushingEventListener    : Processing flush-time cascades
2023-11-28T22:11:57.366-05:00 DEBUG 27472 --- [           main] o.h.e.i.AbstractFlushingEventListener    : Dirty checking collections
2023-11-28T22:11:57.366-05:00 DEBUG 27472 --- [           main] o.h.e.i.AbstractFlushingEventListener    : Flushed: 0 insertions, 0 updates, 0 deletions to 9 objects
2023-11-28T22:11:57.366-05:00 DEBUG 27472 --- [           main] o.h.e.i.AbstractFlushingEventListener    : Flushed: 0 (re)creations, 0 updates, 0 removals to 0 collections
2023-11-28T22:11:57.366-05:00 DEBUG 27472 --- [           main] o.hibernate.internal.util.EntityPrinter  : Listing entities:
2023-11-28T22:11:57.366-05:00 DEBUG 27472 --- [           main] o.hibernate.internal.util.EntityPrinter  : com.cash_flow_app.apicashflow.entities_repositories_and_services.base.authority.Authority{endpoint=User, permission=CREATE, id=f4f135be-a2b5-48d1-a9d0-2b14e82cc373}
2023-11-28T22:11:57.366-05:00 DEBUG 27472 --- [           main] o.hibernate.internal.util.EntityPrinter  : com.cash_flow_app.apicashflow.entities_repositories_and_services.base.authority.Authority{endpoint=User, permission=READ, id=35481739-2447-454f-8ec3-daf467bb2ae5}
2023-11-28T22:11:57.366-05:00 DEBUG 27472 --- [           main] o.hibernate.internal.util.EntityPrinter  : com.cash_flow_app.apicashflow.entities_repositories_and_services.base.authority.Authority{endpoint=IncomeExpense, permission=CREATE, id=4de61a19-9cab-469d-856c-169a503a3f70}
2023-11-28T22:11:57.366-05:00 DEBUG 27472 --- [           main] o.hibernate.internal.util.EntityPrinter  : com.cash_flow_app.apicashflow.entities_repositories_and_services.base.authority.Authority{endpoint=Account, permission=DELETE, id=363894b3-8bdc-4764-ad13-d91f872e1a95}
2023-11-28T22:11:57.366-05:00 DEBUG 27472 --- [           main] o.hibernate.internal.util.EntityPrinter  : com.cash_flow_app.apicashflow.entities_repositories_and_services.base.authority.Authority{endpoint=IncomeExpense, permission=DELETE, id=51c645c0-dc8a-45f9-88d1-533e63701dbe}
2023-11-28T22:11:57.366-05:00 DEBUG 27472 --- [           main] o.hibernate.internal.util.EntityPrinter  : com.cash_flow_app.apicashflow.entities_repositories_and_services.base.authority.Authority{endpoint=ScheduledAccount, permission=CREATE, id=bd7f10f2-85c9-49d0-9a90-f83a87d9cdae}
2023-11-28T22:11:57.366-05:00 DEBUG 27472 --- [           main] o.hibernate.internal.util.EntityPrinter  : com.cash_flow_app.apicashflow.entities_repositories_and_services.base.authority.Authority{endpoint=Account, permission=CREATE, id=9aaf7d40-45f6-4ab6-90a9-a23f4c1b5f2f}
2023-11-28T22:11:57.366-05:00 DEBUG 27472 --- [           main] o.hibernate.internal.util.EntityPrinter  : com.cash_flow_app.apicashflow.entities_repositories_and_services.base.authority.Authority{endpoint=Account, permission=READ, id=b14a62f4-d04f-422a-a2a3-1f80e2635352}
2023-11-28T22:11:57.366-05:00 DEBUG 27472 --- [           main] o.hibernate.internal.util.EntityPrinter  : com.cash_flow_app.apicashflow.entities_repositories_and_services.base.authority.Authority{endpoint=IncomeExpense, permission=READ, id=af9e383e-4459-4719-802e-94a22944b4b7}
2023-11-28T22:11:57.366-05:00 DEBUG 27472 --- [           main] org.hibernate.orm.sql.exec               : Skipping reading Query result cache data: cache-enabled = false, cache-mode = NORMAL
2023-11-28T22:11:57.366-05:00 DEBUG 27472 --- [           main] org.hibernate.orm.results                : Initializer list
2023-11-28T22:11:57.366-05:00 DEBUG 27472 --- [           main] org.hibernate.orm.results                :     com.cash_flow_app.apicashflow.entities_repositories_and_services.base.authority.Authority(35202161494041) -> EntityResultInitializer(com.cash_flow_app.apicashflow.entities_repositories_and_services.base.authority.Authority(35202161494041))@1061625433 (SingleTableEntityPersister(com.cash_flow_app.apicashflow.entities_repositories_and_services.base.authority.Authority))
2023-11-28T22:11:57.366-05:00 DEBUG 27472 --- [           main] org.hibernate.SQL                        : 
    select
        a1_0.id,
        a1_0.endpoint,
        a1_0.permission 
    from
        authorities a1_0 
    where
        a1_0.permission=? 
        and a1_0.endpoint=?
2023-11-28T22:11:57.366-05:00 DEBUG 27472 --- [           main] org.hibernate.orm.results                : Extracted JDBC value [0] - [fed8cd26-d658-4965-b57c-1be9bb9eb61c]
2023-11-28T22:11:57.366-05:00 DEBUG 27472 --- [           main] o.hibernate.orm.results.loading.entity   : (EntityResultInitializer) Hydrated EntityKey (com.cash_flow_app.apicashflow.entities_repositories_and_services.base.authority.Authority(35202161494041)): fed8cd26-d658-4965-b57c-1be9bb9eb61c
2023-11-28T22:11:57.366-05:00 DEBUG 27472 --- [           main] o.hibernate.orm.results.loading.entity   : (EntityResultInitializer) Created new entity instance [com.cash_flow_app.apicashflow.entities_repositories_and_services.base.authority.Authority(35202161494041)#fed8cd26-d658-4965-b57c-1be9bb9eb61c] : com.cash_flow_app.apicashflow.entities_repositories_and_services.base.authority.Authority@2c0604af
2023-11-28T22:11:57.366-05:00 DEBUG 27472 --- [           main] org.hibernate.orm.results                : Extracted JDBC value [1] - [ScheduledAccount]
2023-11-28T22:11:57.366-05:00 DEBUG 27472 --- [           main] org.hibernate.orm.results                : Extracted JDBC value [2] - [READ]
2023-11-28T22:11:57.366-05:00 DEBUG 27472 --- [           main] o.hibernate.orm.results.loading.entity   : (EntityResultInitializer) Done materializing entityInstance : com.cash_flow_app.apicashflow.entities_repositories_and_services.base.authority.Authority(35202161494041)#fed8cd26-d658-4965-b57c-1be9bb9eb61c
2023-11-28T22:11:57.366-05:00 DEBUG 27472 --- [           main] org.hibernate.orm.results.loading        : Calling top-level assembler (0 / 1) : org.hibernate.sql.results.graph.entity.internal.EntityAssembler@2b3472a0
2023-11-28T22:11:57.367-05:00 DEBUG 27472 --- [           main] org.hibernate.orm.sql.ast.create         : Created new SQL alias : a1_0
2023-11-28T22:11:57.367-05:00 DEBUG 27472 --- [           main] org.hibernate.orm.sql.ast.create         : Registration of TableGroup [StandardTableGroup(com.cash_flow_app.apicashflow.entities_repositories_and_services.base.authority.Authority(35202161494041))] with identifierForTableGroup [com.cash_flow_app.apicashflow.entities_repositories_and_services.base.authority.Authority] for NavigablePath [com.cash_flow_app.apicashflow.entities_repositories_and_services.base.authority.Authority] 
2023-11-28T22:11:57.367-05:00 DEBUG 27472 --- [           main] o.h.q.sqm.sql.BaseSqmToSqlAstConverter   : Determining mapping-model type for SqmParameter : org.hibernate.query.sqm.tree.expression.SqmJpaCriteriaParameterWrapper@2a92128
2023-11-28T22:11:57.367-05:00 DEBUG 27472 --- [           main] o.h.q.sqm.sql.BaseSqmToSqlAstConverter   : Determining mapping-model type for SqmPath : SqmBasicValuedSimplePath(com.cash_flow_app.apicashflow.entities_repositories_and_services.base.authority.Authority(35202161494041).permission) 
2023-11-28T22:11:57.367-05:00 DEBUG 27472 --- [           main] o.h.q.sqm.sql.BaseSqmToSqlAstConverter   : Determining mapping-model type for SqmParameter : org.hibernate.query.sqm.tree.expression.SqmJpaCriteriaParameterWrapper@48322f0
2023-11-28T22:11:57.367-05:00 DEBUG 27472 --- [           main] o.h.q.sqm.sql.BaseSqmToSqlAstConverter   : Determining mapping-model type for SqmPath : SqmBasicValuedSimplePath(com.cash_flow_app.apicashflow.entities_repositories_and_services.base.authority.Authority(35202161494041).endpoint) 
2023-11-28T22:11:57.367-05:00 DEBUG 27472 --- [           main] org.hibernate.orm.results.graph.AST      : DomainResult Graph:
 \-EntityResultImpl [com.cash_flow_app.apicashflow.entities_repositories_and_services.base.authority.Authority(35202161494041)]
 |  +-BasicFetch [com.cash_flow_app.apicashflow.entities_repositories_and_services.base.authority.Authority(35202161494041).endpoint]
 |  \-BasicFetch [com.cash_flow_app.apicashflow.entities_repositories_and_services.base.authority.Authority(35202161494041).permission]

2023-11-28T22:11:57.367-05:00 DEBUG 27472 --- [           main] org.hibernate.orm.sql.ast.tree           : SQL AST Tree:
    SelectStatement {
      FromClause {
        StandardTableGroup (a1 : com.cash_flow_app.apicashflow.entities_repositories_and_services.base.authority.Authority(35202161494041)) {
          primaryTableReference : authorities as a1_0
        }
      }
    }

2023-11-28T22:11:57.367-05:00 DEBUG 27472 --- [           main] o.h.e.i.AbstractFlushingEventListener    : Processing flush-time cascades
2023-11-28T22:11:57.367-05:00 DEBUG 27472 --- [           main] o.h.e.i.AbstractFlushingEventListener    : Dirty checking collections
2023-11-28T22:11:57.367-05:00 DEBUG 27472 --- [           main] o.h.e.i.AbstractFlushingEventListener    : Flushed: 0 insertions, 0 updates, 0 deletions to 10 objects
2023-11-28T22:11:57.367-05:00 DEBUG 27472 --- [           main] o.h.e.i.AbstractFlushingEventListener    : Flushed: 0 (re)creations, 0 updates, 0 removals to 0 collections
2023-11-28T22:11:57.367-05:00 DEBUG 27472 --- [           main] o.hibernate.internal.util.EntityPrinter  : Listing entities:
2023-11-28T22:11:57.367-05:00 DEBUG 27472 --- [           main] o.hibernate.internal.util.EntityPrinter  : com.cash_flow_app.apicashflow.entities_repositories_and_services.base.authority.Authority{endpoint=User, permission=CREATE, id=f4f135be-a2b5-48d1-a9d0-2b14e82cc373}
2023-11-28T22:11:57.367-05:00 DEBUG 27472 --- [           main] o.hibernate.internal.util.EntityPrinter  : com.cash_flow_app.apicashflow.entities_repositories_and_services.base.authority.Authority{endpoint=User, permission=READ, id=35481739-2447-454f-8ec3-daf467bb2ae5}
2023-11-28T22:11:57.367-05:00 DEBUG 27472 --- [           main] o.hibernate.internal.util.EntityPrinter  : com.cash_flow_app.apicashflow.entities_repositories_and_services.base.authority.Authority{endpoint=IncomeExpense, permission=CREATE, id=4de61a19-9cab-469d-856c-169a503a3f70}
2023-11-28T22:11:57.367-05:00 DEBUG 27472 --- [           main] o.hibernate.internal.util.EntityPrinter  : com.cash_flow_app.apicashflow.entities_repositories_and_services.base.authority.Authority{endpoint=Account, permission=DELETE, id=363894b3-8bdc-4764-ad13-d91f872e1a95}
2023-11-28T22:11:57.367-05:00 DEBUG 27472 --- [           main] o.hibernate.internal.util.EntityPrinter  : com.cash_flow_app.apicashflow.entities_repositories_and_services.base.authority.Authority{endpoint=IncomeExpense, permission=DELETE, id=51c645c0-dc8a-45f9-88d1-533e63701dbe}
2023-11-28T22:11:57.367-05:00 DEBUG 27472 --- [           main] o.hibernate.internal.util.EntityPrinter  : com.cash_flow_app.apicashflow.entities_repositories_and_services.base.authority.Authority{endpoint=ScheduledAccount, permission=READ, id=fed8cd26-d658-4965-b57c-1be9bb9eb61c}
2023-11-28T22:11:57.367-05:00 DEBUG 27472 --- [           main] o.hibernate.internal.util.EntityPrinter  : com.cash_flow_app.apicashflow.entities_repositories_and_services.base.authority.Authority{endpoint=ScheduledAccount, permission=CREATE, id=bd7f10f2-85c9-49d0-9a90-f83a87d9cdae}
2023-11-28T22:11:57.367-05:00 DEBUG 27472 --- [           main] o.hibernate.internal.util.EntityPrinter  : com.cash_flow_app.apicashflow.entities_repositories_and_services.base.authority.Authority{endpoint=Account, permission=CREATE, id=9aaf7d40-45f6-4ab6-90a9-a23f4c1b5f2f}
2023-11-28T22:11:57.367-05:00 DEBUG 27472 --- [           main] o.hibernate.internal.util.EntityPrinter  : com.cash_flow_app.apicashflow.entities_repositories_and_services.base.authority.Authority{endpoint=Account, permission=READ, id=b14a62f4-d04f-422a-a2a3-1f80e2635352}
2023-11-28T22:11:57.367-05:00 DEBUG 27472 --- [           main] o.hibernate.internal.util.EntityPrinter  : com.cash_flow_app.apicashflow.entities_repositories_and_services.base.authority.Authority{endpoint=IncomeExpense, permission=READ, id=af9e383e-4459-4719-802e-94a22944b4b7}
2023-11-28T22:11:57.367-05:00 DEBUG 27472 --- [           main] org.hibernate.orm.sql.exec               : Skipping reading Query result cache data: cache-enabled = false, cache-mode = NORMAL
2023-11-28T22:11:57.367-05:00 DEBUG 27472 --- [           main] org.hibernate.orm.results                : Initializer list
2023-11-28T22:11:57.367-05:00 DEBUG 27472 --- [           main] org.hibernate.orm.results                :     com.cash_flow_app.apicashflow.entities_repositories_and_services.base.authority.Authority(35202161494041) -> EntityResultInitializer(com.cash_flow_app.apicashflow.entities_repositories_and_services.base.authority.Authority(35202161494041))@1182225168 (SingleTableEntityPersister(com.cash_flow_app.apicashflow.entities_repositories_and_services.base.authority.Authority))
2023-11-28T22:11:57.367-05:00 DEBUG 27472 --- [           main] org.hibernate.SQL                        : 
    select
        a1_0.id,
        a1_0.endpoint,
        a1_0.permission 
    from
        authorities a1_0 
    where
        a1_0.permission=? 
        and a1_0.endpoint=?
2023-11-28T22:11:57.367-05:00 DEBUG 27472 --- [           main] org.hibernate.orm.results                : Extracted JDBC value [0] - [76cfdeb6-c100-4ed8-bb40-d15e53690430]
2023-11-28T22:11:57.367-05:00 DEBUG 27472 --- [           main] o.hibernate.orm.results.loading.entity   : (EntityResultInitializer) Hydrated EntityKey (com.cash_flow_app.apicashflow.entities_repositories_and_services.base.authority.Authority(35202161494041)): 76cfdeb6-c100-4ed8-bb40-d15e53690430
2023-11-28T22:11:57.367-05:00 DEBUG 27472 --- [           main] o.hibernate.orm.results.loading.entity   : (EntityResultInitializer) Created new entity instance [com.cash_flow_app.apicashflow.entities_repositories_and_services.base.authority.Authority(35202161494041)#76cfdeb6-c100-4ed8-bb40-d15e53690430] : com.cash_flow_app.apicashflow.entities_repositories_and_services.base.authority.Authority@28b992e0
2023-11-28T22:11:57.367-05:00 DEBUG 27472 --- [           main] org.hibernate.orm.results                : Extracted JDBC value [1] - [ScheduledAccount]
2023-11-28T22:11:57.367-05:00 DEBUG 27472 --- [           main] org.hibernate.orm.results                : Extracted JDBC value [2] - [DELETE]
2023-11-28T22:11:57.367-05:00 DEBUG 27472 --- [           main] o.hibernate.orm.results.loading.entity   : (EntityResultInitializer) Done materializing entityInstance : com.cash_flow_app.apicashflow.entities_repositories_and_services.base.authority.Authority(35202161494041)#76cfdeb6-c100-4ed8-bb40-d15e53690430
2023-11-28T22:11:57.367-05:00 DEBUG 27472 --- [           main] org.hibernate.orm.results.loading        : Calling top-level assembler (0 / 1) : org.hibernate.sql.results.graph.entity.internal.EntityAssembler@542abb34
2023-11-28T22:11:57.443-05:00 DEBUG 27472 --- [           main] o.s.orm.jpa.JpaTransactionManager        : Found thread-bound EntityManager [SessionImpl(1944345342<open>)] for JPA transaction
2023-11-28T22:11:57.443-05:00 DEBUG 27472 --- [           main] o.s.orm.jpa.JpaTransactionManager        : Participating in existing transaction
2023-11-28T22:11:57.443-05:00 DEBUG 27472 --- [           main] o.h.j.internal.PersistenceUnitUtilImpl   : jakarta.persistence.PersistenceUnitUtil.getIdentifier is only intended to work with enhanced entities (although Hibernate also adapts this support to its proxies); however the passed entity was not enhanced (nor a proxy).. may not be able to read identifier
2023-11-28T22:11:57.443-05:00 DEBUG 27472 --- [           main] o.h.e.i.AbstractSaveEventListener        : Generated identifier: 42d841db-7fc9-4931-a3dd-3e7bbbbffccb, using strategy: org.hibernate.id.UUIDGenerator
2023-11-28T22:11:57.444-05:00 DEBUG 27472 --- [           main] o.s.w.s.m.m.a.HttpEntityMethodProcessor  : Using 'application/json', given [*/*] and supported [application/json, application/*+json]
2023-11-28T22:11:57.444-05:00 DEBUG 27472 --- [           main] o.s.w.s.m.m.a.HttpEntityMethodProcessor  : Writing [UserResponseDto(username=usuario_test, password=null, token_auth=eyJhbGciOiJIUzUxMiJ9.eyJzdWIiOiJ1c3 (truncated)...]
2023-11-28T22:11:57.444-05:00 DEBUG 27472 --- [           main] o.s.t.web.servlet.TestDispatcherServlet  : Completed 200 OK
2023-11-28T22:11:57.444-05:00 DEBUG 27472 --- [           main] o.s.test.util.ReflectionTestUtils        : Invoking method 'getFilters' on target object [FilterChainProxy[Filter Chains: [DefaultSecurityFilterChain [RequestMatcher=any request, Filters=[org.springframework.security.web.session.DisableEncodeUrlFilter@120e3ebb, org.springframework.security.web.session.ForceEagerSessionCreationFilter@753f1c3e, org.springframework.security.web.context.request.async.WebAsyncManagerIntegrationFilter@5e9af5d4, org.springframework.security.web.context.SecurityContextHolderFilter@1d18e5ad, org.springframework.security.web.header.HeaderWriterFilter@73b68d98, org.springframework.web.filter.CorsFilter@7863e6b2, org.springframework.security.web.authentication.logout.LogoutFilter@1e5a8278, JWTAuthorizationFilter(loginService=com.cash_flow_app.apicashflow.entities_repositories_and_services.base.security.LoginService@508b9c16), com.cash_flow_app.apicashflow.entities_repositories_and_services.base.security.JWTAuthenticationFilter@6fd2b939, org.springframework.security.web.savedrequest.RequestCacheAwareFilter@11def039, org.springframework.security.web.servletapi.SecurityContextHolderAwareRequestFilter@564375d7, org.springframework.security.web.authentication.AnonymousAuthenticationFilter@c4aa99e, org.springframework.security.web.session.SessionManagementFilter@69af6978, org.springframework.security.web.access.ExceptionTranslationFilter@4469046b, org.springframework.security.web.access.intercept.AuthorizationFilter@588d2e90]]]]] or target class [null] with arguments {org.springframework.mock.web.MockHttpServletRequest@555856fa}
2023-11-28T22:11:57.444-05:00 DEBUG 27472 --- [           main] o.s.test.util.ReflectionTestUtils        : Invoking method 'getFilters' on target object [FilterChainProxy[Filter Chains: [DefaultSecurityFilterChain [RequestMatcher=any request, Filters=[org.springframework.security.web.session.DisableEncodeUrlFilter@120e3ebb, org.springframework.security.web.session.ForceEagerSessionCreationFilter@753f1c3e, org.springframework.security.web.context.request.async.WebAsyncManagerIntegrationFilter@5e9af5d4, org.springframework.security.web.context.SecurityContextHolderFilter@1d18e5ad, org.springframework.security.web.header.HeaderWriterFilter@73b68d98, org.springframework.web.filter.CorsFilter@7863e6b2, org.springframework.security.web.authentication.logout.LogoutFilter@1e5a8278, JWTAuthorizationFilter(loginService=com.cash_flow_app.apicashflow.entities_repositories_and_services.base.security.LoginService@508b9c16), com.cash_flow_app.apicashflow.entities_repositories_and_services.base.security.JWTAuthenticationFilter@6fd2b939, org.springframework.security.web.savedrequest.RequestCacheAwareFilter@11def039, org.springframework.security.web.servletapi.SecurityContextHolderAwareRequestFilter@564375d7, org.springframework.security.web.authentication.AnonymousAuthenticationFilter@c4aa99e, org.springframework.security.web.session.SessionManagementFilter@69af6978, org.springframework.security.web.access.ExceptionTranslationFilter@4469046b, org.springframework.security.web.access.intercept.AuthorizationFilter@588d2e90]]]]] or target class [null] with arguments {org.springframework.mock.web.MockHttpServletRequest@555856fa}
2023-11-28T22:11:57.444-05:00 DEBUG 27472 --- [           main] o.s.test.util.ReflectionTestUtils        : Invoking method 'getFilters' on target object [FilterChainProxy[Filter Chains: [DefaultSecurityFilterChain [RequestMatcher=any request, Filters=[org.springframework.security.web.session.DisableEncodeUrlFilter@120e3ebb, org.springframework.security.web.session.ForceEagerSessionCreationFilter@753f1c3e, org.springframework.security.web.context.request.async.WebAsyncManagerIntegrationFilter@5e9af5d4, org.springframework.security.web.context.SecurityContextHolderFilter@1d18e5ad, org.springframework.security.web.header.HeaderWriterFilter@73b68d98, org.springframework.web.filter.CorsFilter@7863e6b2, org.springframework.security.web.authentication.logout.LogoutFilter@1e5a8278, JWTAuthorizationFilter(loginService=com.cash_flow_app.apicashflow.entities_repositories_and_services.base.security.LoginService@508b9c16), com.cash_flow_app.apicashflow.entities_repositories_and_services.base.security.JWTAuthenticationFilter@6fd2b939, org.springframework.security.web.savedrequest.RequestCacheAwareFilter@11def039, org.springframework.security.web.servletapi.SecurityContextHolderAwareRequestFilter@564375d7, org.springframework.security.web.authentication.AnonymousAuthenticationFilter@c4aa99e, org.springframework.security.web.session.SessionManagementFilter@69af6978, org.springframework.security.web.access.ExceptionTranslationFilter@4469046b, org.springframework.security.web.access.intercept.AuthorizationFilter@588d2e90]]]]] or target class [null] with arguments {org.springframework.mock.web.MockHttpServletRequest@555856fa}
2023-11-28T22:11:57.445-05:00 DEBUG 27472 --- [           main] o.s.security.web.FilterChainProxy        : Securing POST /api/v1/user/login
2023-11-28T22:11:57.445-05:00 DEBUG 27472 --- [           main] .s.s.w.s.ForceEagerSessionCreationFilter : Created session eagerly
2023-11-28T22:11:57.446-05:00 DEBUG 27472 --- [           main] org.hibernate.orm.sql.ast.create         : Created new SQL alias : u1_0
2023-11-28T22:11:57.446-05:00 DEBUG 27472 --- [           main] org.hibernate.orm.sql.ast.create         : Registration of TableGroup [StandardTableGroup(com.cash_flow_app.apicashflow.entities_repositories_and_services.base.user.User(35202153502500))] with identifierForTableGroup [com.cash_flow_app.apicashflow.entities_repositories_and_services.base.user.User] for NavigablePath [com.cash_flow_app.apicashflow.entities_repositories_and_services.base.user.User] 
2023-11-28T22:11:57.446-05:00 DEBUG 27472 --- [           main] o.h.q.sqm.sql.BaseSqmToSqlAstConverter   : Determining mapping-model type for SqmParameter : org.hibernate.query.sqm.tree.expression.SqmJpaCriteriaParameterWrapper@5766f830
2023-11-28T22:11:57.446-05:00 DEBUG 27472 --- [           main] o.h.q.sqm.sql.BaseSqmToSqlAstConverter   : Determining mapping-model type for SqmPath : SqmBasicValuedSimplePath(com.cash_flow_app.apicashflow.entities_repositories_and_services.base.user.User(35202153502500).username) 
2023-11-28T22:11:57.446-05:00 DEBUG 27472 --- [           main] org.hibernate.orm.results.graph.AST      : DomainResult Graph:
 \-EntityResultImpl [com.cash_flow_app.apicashflow.entities_repositories_and_services.base.user.User(35202153502500)]
 |  +-SelectEagerCollectionFetch [com.cash_flow_app.apicashflow.entities_repositories_and_services.base.user.User(35202153502500).accounts]
 |  +-SelectEagerCollectionFetch [com.cash_flow_app.apicashflow.entities_repositories_and_services.base.user.User(35202153502500).authorities]
 |  +-BasicFetch [com.cash_flow_app.apicashflow.entities_repositories_and_services.base.user.User(35202153502500).password]
 |  \-BasicFetch [com.cash_flow_app.apicashflow.entities_repositories_and_services.base.user.User(35202153502500).username]

2023-11-28T22:11:57.446-05:00 DEBUG 27472 --- [           main] org.hibernate.orm.sql.ast.tree           : SQL AST Tree:
    SelectStatement {
      FromClause {
        StandardTableGroup (u1 : com.cash_flow_app.apicashflow.entities_repositories_and_services.base.user.User(35202153502500)) {
          primaryTableReference : users as u1_0
        }
      }
    }

2023-11-28T22:11:57.446-05:00 DEBUG 27472 --- [           main] o.h.e.i.AbstractFlushingEventListener    : Processing flush-time cascades
2023-11-28T22:11:57.446-05:00 DEBUG 27472 --- [           main] o.h.e.i.AbstractFlushingEventListener    : Dirty checking collections
2023-11-28T22:11:57.446-05:00 DEBUG 27472 --- [           main] o.hibernate.engine.internal.Collections  : Collection found: [com.cash_flow_app.apicashflow.entities_repositories_and_services.base.user.User.authorities#42d841db-7fc9-4931-a3dd-3e7bbbbffccb], was: [<unreferenced>] (initialized)
2023-11-28T22:11:57.446-05:00 DEBUG 27472 --- [           main] o.h.e.i.AbstractFlushingEventListener    : Flushed: 1 insertions, 0 updates, 0 deletions to 12 objects
2023-11-28T22:11:57.446-05:00 DEBUG 27472 --- [           main] o.h.e.i.AbstractFlushingEventListener    : Flushed: 1 (re)creations, 0 updates, 0 removals to 1 collections
2023-11-28T22:11:57.446-05:00 DEBUG 27472 --- [           main] o.hibernate.internal.util.EntityPrinter  : Listing entities:
2023-11-28T22:11:57.446-05:00 DEBUG 27472 --- [           main] o.hibernate.internal.util.EntityPrinter  : com.cash_flow_app.apicashflow.entities_repositories_and_services.base.authority.Authority{endpoint=User, permission=CREATE, id=f4f135be-a2b5-48d1-a9d0-2b14e82cc373}
2023-11-28T22:11:57.446-05:00 DEBUG 27472 --- [           main] o.hibernate.internal.util.EntityPrinter  : com.cash_flow_app.apicashflow.entities_repositories_and_services.base.authority.Authority{endpoint=User, permission=READ, id=35481739-2447-454f-8ec3-daf467bb2ae5}
2023-11-28T22:11:57.446-05:00 DEBUG 27472 --- [           main] o.hibernate.internal.util.EntityPrinter  : com.cash_flow_app.apicashflow.entities_repositories_and_services.base.authority.Authority{endpoint=IncomeExpense, permission=CREATE, id=4de61a19-9cab-469d-856c-169a503a3f70}
2023-11-28T22:11:57.446-05:00 DEBUG 27472 --- [           main] o.hibernate.internal.util.EntityPrinter  : com.cash_flow_app.apicashflow.entities_repositories_and_services.base.authority.Authority{endpoint=Account, permission=DELETE, id=363894b3-8bdc-4764-ad13-d91f872e1a95}
2023-11-28T22:11:57.446-05:00 DEBUG 27472 --- [           main] o.hibernate.internal.util.EntityPrinter  : com.cash_flow_app.apicashflow.entities_repositories_and_services.base.authority.Authority{endpoint=IncomeExpense, permission=DELETE, id=51c645c0-dc8a-45f9-88d1-533e63701dbe}
2023-11-28T22:11:57.446-05:00 DEBUG 27472 --- [           main] o.hibernate.internal.util.EntityPrinter  : com.cash_flow_app.apicashflow.entities_repositories_and_services.base.authority.Authority{endpoint=ScheduledAccount, permission=READ, id=fed8cd26-d658-4965-b57c-1be9bb9eb61c}
2023-11-28T22:11:57.446-05:00 DEBUG 27472 --- [           main] o.hibernate.internal.util.EntityPrinter  : com.cash_flow_app.apicashflow.entities_repositories_and_services.base.user.User{password=$2a$10$iPxAy3JzZVqpphDRZnzjwOA4NUr16KK37icM.7HNg9xYVtg7JrrYK, id=42d841db-7fc9-4931-a3dd-3e7bbbbffccb, accounts=null, authorities=[com.cash_flow_app.apicashflow.entities_repositories_and_services.base.authority.Authority#9aaf7d40-45f6-4ab6-90a9-a23f4c1b5f2f, com.cash_flow_app.apicashflow.entities_repositories_and_services.base.authority.Authority#b14a62f4-d04f-422a-a2a3-1f80e2635352, com.cash_flow_app.apicashflow.entities_repositories_and_services.base.authority.Authority#363894b3-8bdc-4764-ad13-d91f872e1a95, com.cash_flow_app.apicashflow.entities_repositories_and_services.base.authority.Authority#f4f135be-a2b5-48d1-a9d0-2b14e82cc373, com.cash_flow_app.apicashflow.entities_repositories_and_services.base.authority.Authority#35481739-2447-454f-8ec3-daf467bb2ae5, com.cash_flow_app.apicashflow.entities_repositories_and_services.base.authority.Authority#4de61a19-9cab-469d-856c-169a503a3f70, com.cash_flow_app.apicashflow.entities_repositories_and_services.base.authority.Authority#af9e383e-4459-4719-802e-94a22944b4b7, com.cash_flow_app.apicashflow.entities_repositories_and_services.base.authority.Authority#51c645c0-dc8a-45f9-88d1-533e63701dbe, com.cash_flow_app.apicashflow.entities_repositories_and_services.base.authority.Authority#bd7f10f2-85c9-49d0-9a90-f83a87d9cdae, com.cash_flow_app.apicashflow.entities_repositories_and_services.base.authority.Authority#fed8cd26-d658-4965-b57c-1be9bb9eb61c, com.cash_flow_app.apicashflow.entities_repositories_and_services.base.authority.Authority#76cfdeb6-c100-4ed8-bb40-d15e53690430], username=usuario_test}
2023-11-28T22:11:57.446-05:00 DEBUG 27472 --- [           main] o.hibernate.internal.util.EntityPrinter  : com.cash_flow_app.apicashflow.entities_repositories_and_services.base.authority.Authority{endpoint=ScheduledAccount, permission=DELETE, id=76cfdeb6-c100-4ed8-bb40-d15e53690430}
2023-11-28T22:11:57.446-05:00 DEBUG 27472 --- [           main] o.hibernate.internal.util.EntityPrinter  : com.cash_flow_app.apicashflow.entities_repositories_and_services.base.authority.Authority{endpoint=ScheduledAccount, permission=CREATE, id=bd7f10f2-85c9-49d0-9a90-f83a87d9cdae}
2023-11-28T22:11:57.446-05:00 DEBUG 27472 --- [           main] o.hibernate.internal.util.EntityPrinter  : com.cash_flow_app.apicashflow.entities_repositories_and_services.base.authority.Authority{endpoint=Account, permission=CREATE, id=9aaf7d40-45f6-4ab6-90a9-a23f4c1b5f2f}
2023-11-28T22:11:57.446-05:00 DEBUG 27472 --- [           main] o.hibernate.internal.util.EntityPrinter  : com.cash_flow_app.apicashflow.entities_repositories_and_services.base.authority.Authority{endpoint=Account, permission=READ, id=b14a62f4-d04f-422a-a2a3-1f80e2635352}
2023-11-28T22:11:57.446-05:00 DEBUG 27472 --- [           main] o.hibernate.internal.util.EntityPrinter  : com.cash_flow_app.apicashflow.entities_repositories_and_services.base.authority.Authority{endpoint=IncomeExpense, permission=READ, id=af9e383e-4459-4719-802e-94a22944b4b7}
2023-11-28T22:11:57.446-05:00 DEBUG 27472 --- [           main] org.hibernate.engine.spi.ActionQueue     : Changes must be flushed to space: users
2023-11-28T22:11:57.446-05:00 DEBUG 27472 --- [           main] org.hibernate.SQL                        : 
    insert 
    into
        users
        (password, username, id) 
    values
        (?, ?, ?)
2023-11-28T22:11:57.447-05:00 DEBUG 27472 --- [           main] o.h.p.c.AbstractCollectionPersister      : Inserting collection: [com.cash_flow_app.apicashflow.entities_repositories_and_services.base.user.User.authorities#42d841db-7fc9-4931-a3dd-3e7bbbbffccb]
2023-11-28T22:11:57.447-05:00 DEBUG 27472 --- [           main] org.hibernate.SQL                        : 
    insert 
    into
        user_authority
        (user_id, authority_id) 
    values
        (?, ?)
2023-11-28T22:11:57.447-05:00 DEBUG 27472 --- [           main] org.hibernate.SQL                        : 
    insert 
    into
        user_authority
        (user_id, authority_id) 
    values
        (?, ?)
2023-11-28T22:11:57.447-05:00 DEBUG 27472 --- [           main] org.hibernate.SQL                        : 
    insert 
    into
        user_authority
        (user_id, authority_id) 
    values
        (?, ?)
2023-11-28T22:11:57.447-05:00 DEBUG 27472 --- [           main] org.hibernate.SQL                        : 
    insert 
    into
        user_authority
        (user_id, authority_id) 
    values
        (?, ?)
2023-11-28T22:11:57.448-05:00 DEBUG 27472 --- [           main] org.hibernate.SQL                        : 
    insert 
    into
        user_authority
        (user_id, authority_id) 
    values
        (?, ?)
2023-11-28T22:11:57.448-05:00 DEBUG 27472 --- [           main] org.hibernate.SQL                        : 
    insert 
    into
        user_authority
        (user_id, authority_id) 
    values
        (?, ?)
2023-11-28T22:11:57.448-05:00 DEBUG 27472 --- [           main] org.hibernate.SQL                        : 
    insert 
    into
        user_authority
        (user_id, authority_id) 
    values
        (?, ?)
2023-11-28T22:11:57.448-05:00 DEBUG 27472 --- [           main] org.hibernate.SQL                        : 
    insert 
    into
        user_authority
        (user_id, authority_id) 
    values
        (?, ?)
2023-11-28T22:11:57.448-05:00 DEBUG 27472 --- [           main] org.hibernate.SQL                        : 
    insert 
    into
        user_authority
        (user_id, authority_id) 
    values
        (?, ?)
2023-11-28T22:11:57.448-05:00 DEBUG 27472 --- [           main] org.hibernate.SQL                        : 
    insert 
    into
        user_authority
        (user_id, authority_id) 
    values
        (?, ?)
2023-11-28T22:11:57.449-05:00 DEBUG 27472 --- [           main] org.hibernate.SQL                        : 
    insert 
    into
        user_authority
        (user_id, authority_id) 
    values
        (?, ?)
2023-11-28T22:11:57.449-05:00 DEBUG 27472 --- [           main] o.h.p.c.AbstractCollectionPersister      : Done inserting collection: 11 rows inserted
2023-11-28T22:11:57.449-05:00 DEBUG 27472 --- [           main] org.hibernate.orm.sql.exec               : Skipping reading Query result cache data: cache-enabled = false, cache-mode = NORMAL
2023-11-28T22:11:57.449-05:00 DEBUG 27472 --- [           main] org.hibernate.orm.results                : Initializer list
2023-11-28T22:11:57.449-05:00 DEBUG 27472 --- [           main] org.hibernate.orm.results                :     com.cash_flow_app.apicashflow.entities_repositories_and_services.base.user.User(35202153502500).accounts -> SelectEagerCollectionInitializer(com.cash_flow_app.apicashflow.entities_repositories_and_services.base.user.User(35202153502500).accounts)@205800710 (PluralAttribute(com.cash_flow_app.apicashflow.entities_repositories_and_services.base.user.User.accounts))
2023-11-28T22:11:57.449-05:00 DEBUG 27472 --- [           main] org.hibernate.orm.results                :     com.cash_flow_app.apicashflow.entities_repositories_and_services.base.user.User(35202153502500).authorities -> SelectEagerCollectionInitializer(com.cash_flow_app.apicashflow.entities_repositories_and_services.base.user.User(35202153502500).authorities)@583378941 (PluralAttribute(com.cash_flow_app.apicashflow.entities_repositories_and_services.base.user.User.authorities))
2023-11-28T22:11:57.449-05:00 DEBUG 27472 --- [           main] org.hibernate.orm.results                :     com.cash_flow_app.apicashflow.entities_repositories_and_services.base.user.User(35202153502500) -> EntityResultInitializer(com.cash_flow_app.apicashflow.entities_repositories_and_services.base.user.User(35202153502500))@955610633 (SingleTableEntityPersister(com.cash_flow_app.apicashflow.entities_repositories_and_services.base.user.User))
2023-11-28T22:11:57.449-05:00 DEBUG 27472 --- [           main] org.hibernate.SQL                        : 
    select
        u1_0.id,
        u1_0.password,
        u1_0.username 
    from
        users u1_0 
    where
        u1_0.username=?
2023-11-28T22:11:57.449-05:00 DEBUG 27472 --- [           main] org.hibernate.orm.results                : Extracted JDBC value [0] - [42d841db-7fc9-4931-a3dd-3e7bbbbffccb]
2023-11-28T22:11:57.449-05:00 DEBUG 27472 --- [           main] o.hibernate.orm.results.loading.entity   : (EntityResultInitializer) Hydrated EntityKey (com.cash_flow_app.apicashflow.entities_repositories_and_services.base.user.User(35202153502500)): 42d841db-7fc9-4931-a3dd-3e7bbbbffccb
2023-11-28T22:11:57.449-05:00 DEBUG 27472 --- [           main] o.h.o.r.l.o.h.o.r.loading.collection     : (DelayedCollectionInitializer) Current row collection key : com.cash_flow_app.apicashflow.entities_repositories_and_services.base.user.User(35202153502500).accounts#42d841db-7fc9-4931-a3dd-3e7bbbbffccb
2023-11-28T22:11:57.449-05:00 DEBUG 27472 --- [           main] o.h.o.r.l.o.h.o.r.loading.collection     : (DelayedCollectionInitializer) Current row collection key : com.cash_flow_app.apicashflow.entities_repositories_and_services.base.user.User(35202153502500).authorities#42d841db-7fc9-4931-a3dd-3e7bbbbffccb
2023-11-28T22:11:57.449-05:00 DEBUG 27472 --- [           main] org.hibernate.orm.results.loading        : Calling top-level assembler (0 / 1) : org.hibernate.sql.results.graph.entity.internal.EntityAssembler@67d85d5f
2023-11-28T22:11:57.450-05:00 DEBUG 27472 --- [           main] org.hibernate.orm.results.graph.AST      : DomainResult Graph:
 \-CollectionDomainResult [com.cash_flow_app.apicashflow.entities_repositories_and_services.base.user.User.accounts]

2023-11-28T22:11:57.450-05:00 DEBUG 27472 --- [           main] org.hibernate.orm.sql.ast.tree           : SQL AST Tree:
    SelectStatement {
      FromClause {
        CollectionTableGroup (a1 : com.cash_flow_app.apicashflow.entities_repositories_and_services.base.user.User.accounts) {
          primaryTableReference : user_account as a1_0
          NestedTableGroupJoins {
             join LazyTableGroup (a1 : com.cash_flow_app.apicashflow.entities_repositories_and_services.base.user.User.accounts.{element}) {
              primaryTableReference : accounts as a1_1
            }
          }
        }
      }
    }

2023-11-28T22:11:57.450-05:00 DEBUG 27472 --- [           main] org.hibernate.orm.sql.exec               : Skipping reading Query result cache data: cache-enabled = false, cache-mode = IGNORE
2023-11-28T22:11:57.450-05:00 DEBUG 27472 --- [           main] org.hibernate.orm.results                : Initializer list
2023-11-28T22:11:57.450-05:00 DEBUG 27472 --- [           main] org.hibernate.orm.results                :     com.cash_flow_app.apicashflow.entities_repositories_and_services.base.user.User.accounts.{element}.incomes_expenses -> SelectEagerCollectionInitializer(com.cash_flow_app.apicashflow.entities_repositories_and_services.base.user.User.accounts.{element}.incomes_expenses)@2130179797 (PluralAttribute(com.cash_flow_app.apicashflow.entities_repositories_and_services.base.account.Account.incomes_expenses))
2023-11-28T22:11:57.450-05:00 DEBUG 27472 --- [           main] org.hibernate.orm.results                :     com.cash_flow_app.apicashflow.entities_repositories_and_services.base.user.User.accounts.{element}.users -> SelectEagerCollectionInitializer(com.cash_flow_app.apicashflow.entities_repositories_and_services.base.user.User.accounts.{element}.users)@1505370525 (PluralAttribute(com.cash_flow_app.apicashflow.entities_repositories_and_services.base.account.Account.users))
2023-11-28T22:11:57.450-05:00 DEBUG 27472 --- [           main] org.hibernate.orm.results                :     com.cash_flow_app.apicashflow.entities_repositories_and_services.base.user.User.accounts.{element} -> EntityJoinedFetchInitializer(com.cash_flow_app.apicashflow.entities_repositories_and_services.base.user.User.accounts.{element})@1559663411 (EntityCollectionPart(NavigableRole[com.cash_flow_app.apicashflow.entities_repositories_and_services.base.user.User.accounts#{element}])@624685600)
2023-11-28T22:11:57.450-05:00 DEBUG 27472 --- [           main] org.hibernate.orm.results                :     com.cash_flow_app.apicashflow.entities_repositories_and_services.base.user.User.accounts -> BagInitializer(com.cash_flow_app.apicashflow.entities_repositories_and_services.base.user.User.accounts)@2036408151 (PluralAttribute(com.cash_flow_app.apicashflow.entities_repositories_and_services.base.user.User.accounts))
2023-11-28T22:11:57.450-05:00 DEBUG 27472 --- [           main] org.hibernate.SQL                        : 
    select
        a1_0.user_id,
        a1_1.id,
        a1_1.description 
    from
        user_account a1_0 
    join
        accounts a1_1 
            on a1_1.id=a1_0.account_id 
    where
        a1_0.user_id=?
2023-11-28T22:11:57.450-05:00 DEBUG 27472 --- [           main] o.h.sql.results.internal.ResultsHelper   : Collection fully initialized: [com.cash_flow_app.apicashflow.entities_repositories_and_services.base.user.User.accounts#42d841db-7fc9-4931-a3dd-3e7bbbbffccb]
2023-11-28T22:11:57.526-05:00 DEBUG 27472 --- [           main] o.s.s.a.dao.DaoAuthenticationProvider    : Authenticated user

MockHttpServletRequest:
      HTTP Method = POST
      Request URI = /api/v1/user/login
       Parameters = {_csrf=[bvQl9jtXG3W_OguyRJIAtR-1YfOCEVMPkbWXmhiEGtNwYQvtWZZBlwlveBGSW26CJr80036NTMvhImUi9YWkrinlK-dFADLZ]}
          Headers = [Content-Type:"application/json;charset=UTF-8", Content-Length:"52"]
             Body = { "username": "usuario_test", "password": "123456" }
    Session Attrs = {}

Handler:
             Type = null

Async:
    Async started = false
     Async result = null

Resolved Exception:
             Type = null

ModelAndView:
        View name = null
             View = null
            Model = null

FlashMap:
       Attributes = null

MockHttpServletResponse:
           Status = 200
    Error message = null
          Headers = [Vary:"Origin", "Access-Control-Request-Method", "Access-Control-Request-Headers", Authorization:"Bearer eyJhbGciOiJIUzUxMiJ9.eyJzdWIiOiJ1c3VhcmlvX3Rlc3QiLCJleHAiOjE3MDM4MTk1MTd9.AnW1_ycsUW2YBgpJlL4qwryaFClzLF4JuHigFRqWW1ek9QjvLskfAyKnAXHJyZYaOvXFa9PAVKQ-ygMS76Nvdw", Access-Control-Expose-Headers:"Authorization", X-Content-Type-Options:"nosniff", X-XSS-Protection:"0", Cache-Control:"no-cache, no-store, max-age=0, must-revalidate", Pragma:"no-cache", Expires:"0", X-Frame-Options:"DENY"]
     Content type = null
             Body = 
    Forwarded URL = null
   Redirected URL = null
          Cookies = []
2023-11-28T22:11:57.527-05:00 DEBUG 27472 --- [           main] org.springframework.test.context.cache   : Spring test ApplicationContext cache statistics: [DefaultContextCache@8caffbd size = 3, maxSize = 32, parentContextCount = 0, hitCount = 305, missCount = 3]
2023-11-28T22:11:57.527-05:00 DEBUG 27472 --- [           main] o.s.test.util.ReflectionTestUtils        : Invoking method 'getFilters' on target object [FilterChainProxy[Filter Chains: [DefaultSecurityFilterChain [RequestMatcher=any request, Filters=[org.springframework.security.web.session.DisableEncodeUrlFilter@120e3ebb, org.springframework.security.web.session.ForceEagerSessionCreationFilter@753f1c3e, org.springframework.security.web.context.request.async.WebAsyncManagerIntegrationFilter@5e9af5d4, org.springframework.security.web.context.SecurityContextHolderFilter@1d18e5ad, org.springframework.security.web.header.HeaderWriterFilter@73b68d98, org.springframework.web.filter.CorsFilter@7863e6b2, org.springframework.security.web.authentication.logout.LogoutFilter@1e5a8278, JWTAuthorizationFilter(loginService=com.cash_flow_app.apicashflow.entities_repositories_and_services.base.security.LoginService@508b9c16), com.cash_flow_app.apicashflow.entities_repositories_and_services.base.security.JWTAuthenticationFilter@6fd2b939, org.springframework.security.web.savedrequest.RequestCacheAwareFilter@11def039, org.springframework.security.web.servletapi.SecurityContextHolderAwareRequestFilter@564375d7, org.springframework.security.web.authentication.AnonymousAuthenticationFilter@c4aa99e, org.springframework.security.web.session.SessionManagementFilter@69af6978, org.springframework.security.web.access.ExceptionTranslationFilter@4469046b, org.springframework.security.web.access.intercept.AuthorizationFilter@588d2e90]]]]] or target class [null] with arguments {org.springframework.mock.web.MockHttpServletRequest@7240599c}
2023-11-28T22:11:57.527-05:00 DEBUG 27472 --- [           main] o.s.test.util.ReflectionTestUtils        : Invoking method 'getFilters' on target object [FilterChainProxy[Filter Chains: [DefaultSecurityFilterChain [RequestMatcher=any request, Filters=[org.springframework.security.web.session.DisableEncodeUrlFilter@120e3ebb, org.springframework.security.web.session.ForceEagerSessionCreationFilter@753f1c3e, org.springframework.security.web.context.request.async.WebAsyncManagerIntegrationFilter@5e9af5d4, org.springframework.security.web.context.SecurityContextHolderFilter@1d18e5ad, org.springframework.security.web.header.HeaderWriterFilter@73b68d98, org.springframework.web.filter.CorsFilter@7863e6b2, org.springframework.security.web.authentication.logout.LogoutFilter@1e5a8278, JWTAuthorizationFilter(loginService=com.cash_flow_app.apicashflow.entities_repositories_and_services.base.security.LoginService@508b9c16), com.cash_flow_app.apicashflow.entities_repositories_and_services.base.security.JWTAuthenticationFilter@6fd2b939, org.springframework.security.web.savedrequest.RequestCacheAwareFilter@11def039, org.springframework.security.web.servletapi.SecurityContextHolderAwareRequestFilter@564375d7, org.springframework.security.web.authentication.AnonymousAuthenticationFilter@c4aa99e, org.springframework.security.web.session.SessionManagementFilter@69af6978, org.springframework.security.web.access.ExceptionTranslationFilter@4469046b, org.springframework.security.web.access.intercept.AuthorizationFilter@588d2e90]]]]] or target class [null] with arguments {org.springframework.mock.web.MockHttpServletRequest@7240599c}
2023-11-28T22:11:57.527-05:00 DEBUG 27472 --- [           main] o.s.test.util.ReflectionTestUtils        : Invoking method 'getFilters' on target object [FilterChainProxy[Filter Chains: [DefaultSecurityFilterChain [RequestMatcher=any request, Filters=[org.springframework.security.web.session.DisableEncodeUrlFilter@120e3ebb, org.springframework.security.web.session.ForceEagerSessionCreationFilter@753f1c3e, org.springframework.security.web.context.request.async.WebAsyncManagerIntegrationFilter@5e9af5d4, org.springframework.security.web.context.SecurityContextHolderFilter@1d18e5ad, org.springframework.security.web.header.HeaderWriterFilter@73b68d98, org.springframework.web.filter.CorsFilter@7863e6b2, org.springframework.security.web.authentication.logout.LogoutFilter@1e5a8278, JWTAuthorizationFilter(loginService=com.cash_flow_app.apicashflow.entities_repositories_and_services.base.security.LoginService@508b9c16), com.cash_flow_app.apicashflow.entities_repositories_and_services.base.security.JWTAuthenticationFilter@6fd2b939, org.springframework.security.web.savedrequest.RequestCacheAwareFilter@11def039, org.springframework.security.web.servletapi.SecurityContextHolderAwareRequestFilter@564375d7, org.springframework.security.web.authentication.AnonymousAuthenticationFilter@c4aa99e, org.springframework.security.web.session.SessionManagementFilter@69af6978, org.springframework.security.web.access.ExceptionTranslationFilter@4469046b, org.springframework.security.web.access.intercept.AuthorizationFilter@588d2e90]]]]] or target class [null] with arguments {org.springframework.mock.web.MockHttpServletRequest@7240599c}
2023-11-28T22:11:57.528-05:00 DEBUG 27472 --- [           main] o.s.security.web.FilterChainProxy        : Securing POST /api/v1/account/create
2023-11-28T22:11:57.528-05:00 DEBUG 27472 --- [           main] .s.s.w.s.ForceEagerSessionCreationFilter : Created session eagerly
2023-11-28T22:11:57.529-05:00 DEBUG 27472 --- [           main] org.hibernate.orm.sql.ast.create         : Created new SQL alias : u1_0
2023-11-28T22:11:57.529-05:00 DEBUG 27472 --- [           main] org.hibernate.orm.sql.ast.create         : Registration of TableGroup [StandardTableGroup(com.cash_flow_app.apicashflow.entities_repositories_and_services.base.user.User(35202153502500))] with identifierForTableGroup [com.cash_flow_app.apicashflow.entities_repositories_and_services.base.user.User] for NavigablePath [com.cash_flow_app.apicashflow.entities_repositories_and_services.base.user.User] 
2023-11-28T22:11:57.529-05:00 DEBUG 27472 --- [           main] o.h.q.sqm.sql.BaseSqmToSqlAstConverter   : Determining mapping-model type for SqmParameter : org.hibernate.query.sqm.tree.expression.SqmJpaCriteriaParameterWrapper@61f94cac
2023-11-28T22:11:57.529-05:00 DEBUG 27472 --- [           main] o.h.q.sqm.sql.BaseSqmToSqlAstConverter   : Determining mapping-model type for SqmPath : SqmBasicValuedSimplePath(com.cash_flow_app.apicashflow.entities_repositories_and_services.base.user.User(35202153502500).username) 
2023-11-28T22:11:57.529-05:00 DEBUG 27472 --- [           main] org.hibernate.orm.results.graph.AST      : DomainResult Graph:
 \-EntityResultImpl [com.cash_flow_app.apicashflow.entities_repositories_and_services.base.user.User(35202153502500)]
 |  +-SelectEagerCollectionFetch [com.cash_flow_app.apicashflow.entities_repositories_and_services.base.user.User(35202153502500).accounts]
 |  +-SelectEagerCollectionFetch [com.cash_flow_app.apicashflow.entities_repositories_and_services.base.user.User(35202153502500).authorities]
 |  +-BasicFetch [com.cash_flow_app.apicashflow.entities_repositories_and_services.base.user.User(35202153502500).password]
 |  \-BasicFetch [com.cash_flow_app.apicashflow.entities_repositories_and_services.base.user.User(35202153502500).username]

2023-11-28T22:11:57.529-05:00 DEBUG 27472 --- [           main] org.hibernate.orm.sql.ast.tree           : SQL AST Tree:
    SelectStatement {
      FromClause {
        StandardTableGroup (u1 : com.cash_flow_app.apicashflow.entities_repositories_and_services.base.user.User(35202153502500)) {
          primaryTableReference : users as u1_0
        }
      }
    }

2023-11-28T22:11:57.529-05:00 DEBUG 27472 --- [           main] o.h.e.i.AbstractFlushingEventListener    : Processing flush-time cascades
2023-11-28T22:11:57.529-05:00 DEBUG 27472 --- [           main] o.h.e.i.AbstractFlushingEventListener    : Dirty checking collections
2023-11-28T22:11:57.529-05:00 DEBUG 27472 --- [           main] o.hibernate.engine.internal.Collections  : Collection found: [com.cash_flow_app.apicashflow.entities_repositories_and_services.base.user.User.authorities#42d841db-7fc9-4931-a3dd-3e7bbbbffccb], was: [com.cash_flow_app.apicashflow.entities_repositories_and_services.base.user.User.authorities#42d841db-7fc9-4931-a3dd-3e7bbbbffccb] (initialized)
2023-11-28T22:11:57.529-05:00 DEBUG 27472 --- [           main] o.hibernate.engine.internal.Collections  : Collection dereferenced: [com.cash_flow_app.apicashflow.entities_repositories_and_services.base.user.User.accounts#42d841db-7fc9-4931-a3dd-3e7bbbbffccb]
2023-11-28T22:11:57.529-05:00 DEBUG 27472 --- [           main] o.h.e.i.AbstractFlushingEventListener    : Flushed: 0 insertions, 0 updates, 0 deletions to 12 objects
2023-11-28T22:11:57.529-05:00 DEBUG 27472 --- [           main] o.h.e.i.AbstractFlushingEventListener    : Flushed: 0 (re)creations, 0 updates, 1 removals to 2 collections
2023-11-28T22:11:57.529-05:00 DEBUG 27472 --- [           main] o.hibernate.internal.util.EntityPrinter  : Listing entities:
2023-11-28T22:11:57.529-05:00 DEBUG 27472 --- [           main] o.hibernate.internal.util.EntityPrinter  : com.cash_flow_app.apicashflow.entities_repositories_and_services.base.authority.Authority{endpoint=User, permission=CREATE, id=f4f135be-a2b5-48d1-a9d0-2b14e82cc373}
2023-11-28T22:11:57.529-05:00 DEBUG 27472 --- [           main] o.hibernate.internal.util.EntityPrinter  : com.cash_flow_app.apicashflow.entities_repositories_and_services.base.authority.Authority{endpoint=User, permission=READ, id=35481739-2447-454f-8ec3-daf467bb2ae5}
2023-11-28T22:11:57.529-05:00 DEBUG 27472 --- [           main] o.hibernate.internal.util.EntityPrinter  : com.cash_flow_app.apicashflow.entities_repositories_and_services.base.authority.Authority{endpoint=IncomeExpense, permission=CREATE, id=4de61a19-9cab-469d-856c-169a503a3f70}
2023-11-28T22:11:57.529-05:00 DEBUG 27472 --- [           main] o.hibernate.internal.util.EntityPrinter  : com.cash_flow_app.apicashflow.entities_repositories_and_services.base.authority.Authority{endpoint=Account, permission=DELETE, id=363894b3-8bdc-4764-ad13-d91f872e1a95}
2023-11-28T22:11:57.529-05:00 DEBUG 27472 --- [           main] o.hibernate.internal.util.EntityPrinter  : com.cash_flow_app.apicashflow.entities_repositories_and_services.base.authority.Authority{endpoint=IncomeExpense, permission=DELETE, id=51c645c0-dc8a-45f9-88d1-533e63701dbe}
2023-11-28T22:11:57.529-05:00 DEBUG 27472 --- [           main] o.hibernate.internal.util.EntityPrinter  : com.cash_flow_app.apicashflow.entities_repositories_and_services.base.authority.Authority{endpoint=ScheduledAccount, permission=READ, id=fed8cd26-d658-4965-b57c-1be9bb9eb61c}
2023-11-28T22:11:57.529-05:00 DEBUG 27472 --- [           main] o.hibernate.internal.util.EntityPrinter  : com.cash_flow_app.apicashflow.entities_repositories_and_services.base.user.User{password=$2a$10$iPxAy3JzZVqpphDRZnzjwOA4NUr16KK37icM.7HNg9xYVtg7JrrYK, id=42d841db-7fc9-4931-a3dd-3e7bbbbffccb, accounts=null, authorities=[com.cash_flow_app.apicashflow.entities_repositories_and_services.base.authority.Authority#9aaf7d40-45f6-4ab6-90a9-a23f4c1b5f2f, com.cash_flow_app.apicashflow.entities_repositories_and_services.base.authority.Authority#b14a62f4-d04f-422a-a2a3-1f80e2635352, com.cash_flow_app.apicashflow.entities_repositories_and_services.base.authority.Authority#363894b3-8bdc-4764-ad13-d91f872e1a95, com.cash_flow_app.apicashflow.entities_repositories_and_services.base.authority.Authority#f4f135be-a2b5-48d1-a9d0-2b14e82cc373, com.cash_flow_app.apicashflow.entities_repositories_and_services.base.authority.Authority#35481739-2447-454f-8ec3-daf467bb2ae5, com.cash_flow_app.apicashflow.entities_repositories_and_services.base.authority.Authority#4de61a19-9cab-469d-856c-169a503a3f70, com.cash_flow_app.apicashflow.entities_repositories_and_services.base.authority.Authority#af9e383e-4459-4719-802e-94a22944b4b7, com.cash_flow_app.apicashflow.entities_repositories_and_services.base.authority.Authority#51c645c0-dc8a-45f9-88d1-533e63701dbe, com.cash_flow_app.apicashflow.entities_repositories_and_services.base.authority.Authority#bd7f10f2-85c9-49d0-9a90-f83a87d9cdae, com.cash_flow_app.apicashflow.entities_repositories_and_services.base.authority.Authority#fed8cd26-d658-4965-b57c-1be9bb9eb61c, com.cash_flow_app.apicashflow.entities_repositories_and_services.base.authority.Authority#76cfdeb6-c100-4ed8-bb40-d15e53690430], username=usuario_test}
2023-11-28T22:11:57.529-05:00 DEBUG 27472 --- [           main] o.hibernate.internal.util.EntityPrinter  : com.cash_flow_app.apicashflow.entities_repositories_and_services.base.authority.Authority{endpoint=ScheduledAccount, permission=DELETE, id=76cfdeb6-c100-4ed8-bb40-d15e53690430}
2023-11-28T22:11:57.529-05:00 DEBUG 27472 --- [           main] o.hibernate.internal.util.EntityPrinter  : com.cash_flow_app.apicashflow.entities_repositories_and_services.base.authority.Authority{endpoint=ScheduledAccount, permission=CREATE, id=bd7f10f2-85c9-49d0-9a90-f83a87d9cdae}
2023-11-28T22:11:57.529-05:00 DEBUG 27472 --- [           main] o.hibernate.internal.util.EntityPrinter  : com.cash_flow_app.apicashflow.entities_repositories_and_services.base.authority.Authority{endpoint=Account, permission=CREATE, id=9aaf7d40-45f6-4ab6-90a9-a23f4c1b5f2f}
2023-11-28T22:11:57.529-05:00 DEBUG 27472 --- [           main] o.hibernate.internal.util.EntityPrinter  : com.cash_flow_app.apicashflow.entities_repositories_and_services.base.authority.Authority{endpoint=Account, permission=READ, id=b14a62f4-d04f-422a-a2a3-1f80e2635352}
2023-11-28T22:11:57.529-05:00 DEBUG 27472 --- [           main] o.hibernate.internal.util.EntityPrinter  : com.cash_flow_app.apicashflow.entities_repositories_and_services.base.authority.Authority{endpoint=IncomeExpense, permission=READ, id=af9e383e-4459-4719-802e-94a22944b4b7}
2023-11-28T22:11:57.529-05:00 DEBUG 27472 --- [           main] org.hibernate.orm.sql.exec               : Skipping reading Query result cache data: cache-enabled = false, cache-mode = NORMAL
2023-11-28T22:11:57.529-05:00 DEBUG 27472 --- [           main] org.hibernate.orm.results                : Initializer list
2023-11-28T22:11:57.529-05:00 DEBUG 27472 --- [           main] org.hibernate.orm.results                :     com.cash_flow_app.apicashflow.entities_repositories_and_services.base.user.User(35202153502500).accounts -> SelectEagerCollectionInitializer(com.cash_flow_app.apicashflow.entities_repositories_and_services.base.user.User(35202153502500).accounts)@718530533 (PluralAttribute(com.cash_flow_app.apicashflow.entities_repositories_and_services.base.user.User.accounts))
2023-11-28T22:11:57.529-05:00 DEBUG 27472 --- [           main] org.hibernate.orm.results                :     com.cash_flow_app.apicashflow.entities_repositories_and_services.base.user.User(35202153502500).authorities -> SelectEagerCollectionInitializer(com.cash_flow_app.apicashflow.entities_repositories_and_services.base.user.User(35202153502500).authorities)@23351871 (PluralAttribute(com.cash_flow_app.apicashflow.entities_repositories_and_services.base.user.User.authorities))
2023-11-28T22:11:57.529-05:00 DEBUG 27472 --- [           main] org.hibernate.orm.results                :     com.cash_flow_app.apicashflow.entities_repositories_and_services.base.user.User(35202153502500) -> EntityResultInitializer(com.cash_flow_app.apicashflow.entities_repositories_and_services.base.user.User(35202153502500))@899066325 (SingleTableEntityPersister(com.cash_flow_app.apicashflow.entities_repositories_and_services.base.user.User))
2023-11-28T22:11:57.529-05:00 DEBUG 27472 --- [           main] org.hibernate.SQL                        : 
    select
        u1_0.id,
        u1_0.password,
        u1_0.username 
    from
        users u1_0 
    where
        u1_0.username=?
2023-11-28T22:11:57.530-05:00 DEBUG 27472 --- [           main] org.hibernate.orm.results                : Extracted JDBC value [0] - [42d841db-7fc9-4931-a3dd-3e7bbbbffccb]
2023-11-28T22:11:57.530-05:00 DEBUG 27472 --- [           main] o.hibernate.orm.results.loading.entity   : (EntityResultInitializer) Hydrated EntityKey (com.cash_flow_app.apicashflow.entities_repositories_and_services.base.user.User(35202153502500)): 42d841db-7fc9-4931-a3dd-3e7bbbbffccb
2023-11-28T22:11:57.530-05:00 DEBUG 27472 --- [           main] o.h.o.r.l.o.h.o.r.loading.collection     : (DelayedCollectionInitializer) Current row collection key : com.cash_flow_app.apicashflow.entities_repositories_and_services.base.user.User(35202153502500).accounts#42d841db-7fc9-4931-a3dd-3e7bbbbffccb
2023-11-28T22:11:57.530-05:00 DEBUG 27472 --- [           main] o.h.o.r.l.o.h.o.r.loading.collection     : (DelayedCollectionInitializer) Current row collection key : com.cash_flow_app.apicashflow.entities_repositories_and_services.base.user.User(35202153502500).authorities#42d841db-7fc9-4931-a3dd-3e7bbbbffccb
2023-11-28T22:11:57.530-05:00 DEBUG 27472 --- [           main] org.hibernate.orm.results.loading        : Calling top-level assembler (0 / 1) : org.hibernate.sql.results.graph.entity.internal.EntityAssembler@5290b819
2023-11-28T22:11:57.530-05:00 DEBUG 27472 --- [           main] .s.ChangeSessionIdAuthenticationStrategy : Changed session id from 32
2023-11-28T22:11:57.530-05:00 DEBUG 27472 --- [           main] w.c.HttpSessionSecurityContextRepository : Stored SecurityContextImpl [Authentication=UsernamePasswordAuthenticationToken [Principal=usuario_test, Credentials=[PROTECTED], Authenticated=true, Details=null, Granted Authorities=[ENDPOINT_ACCOUNT_PERMISSION_CREATE, ENDPOINT_ACCOUNT_PERMISSION_READ, ENDPOINT_ACCOUNT_PERMISSION_DELETE, ENDPOINT_USER_PERMISSION_CREATE, ENDPOINT_USER_PERMISSION_READ, ENDPOINT_INCOMEEXPENSE_PERMISSION_CREATE, ENDPOINT_INCOMEEXPENSE_PERMISSION_READ, ENDPOINT_INCOMEEXPENSE_PERMISSION_DELETE, ENDPOINT_SCHEDULEDACCOUNT_PERMISSION_CREATE, ENDPOINT_SCHEDULEDACCOUNT_PERMISSION_READ, ENDPOINT_SCHEDULEDACCOUNT_PERMISSION_DELETE]]] to HttpSession [org.springframework.mock.web.MockHttpSession@52c86b9f]
2023-11-28T22:11:57.530-05:00 DEBUG 27472 --- [           main] s.w.s.m.m.a.RequestMappingHandlerMapping : Mapped to com.cash_flow_app.apicashflow.controller.AccountController#create(AccountDto)
2023-11-28T22:11:57.531-05:00 DEBUG 27472 --- [           main] o.s.security.web.FilterChainProxy        : Secured POST /api/v1/account/create
2023-11-28T22:11:57.531-05:00 DEBUG 27472 --- [           main] o.s.t.web.servlet.TestDispatcherServlet  : POST "/api/v1/account/create", parameters={masked}
2023-11-28T22:11:57.531-05:00 DEBUG 27472 --- [           main] s.w.s.m.m.a.RequestMappingHandlerMapping : Mapped to com.cash_flow_app.apicashflow.controller.AccountController#create(AccountDto)
2023-11-28T22:11:57.531-05:00 DEBUG 27472 --- [           main] m.m.a.RequestResponseBodyMethodProcessor : Read "application/json;charset=UTF-8" to [AccountDto(id=null, description=descripcion de cuenta, users=[usuario_test])]
2023-11-28T22:11:57.531-05:00 DEBUG 27472 --- [           main] o.s.orm.jpa.JpaTransactionManager        : Found thread-bound EntityManager [SessionImpl(1944345342<open>)] for JPA transaction
2023-11-28T22:11:57.531-05:00 DEBUG 27472 --- [           main] o.s.orm.jpa.JpaTransactionManager        : Participating in existing transaction
2023-11-28T22:11:57.531-05:00 DEBUG 27472 --- [           main] org.hibernate.orm.sql.ast.create         : Created new SQL alias : u1_0
2023-11-28T22:11:57.531-05:00 DEBUG 27472 --- [           main] org.hibernate.orm.sql.ast.create         : Registration of TableGroup [StandardTableGroup(com.cash_flow_app.apicashflow.entities_repositories_and_services.base.user.User(35202153502500))] with identifierForTableGroup [com.cash_flow_app.apicashflow.entities_repositories_and_services.base.user.User] for NavigablePath [com.cash_flow_app.apicashflow.entities_repositories_and_services.base.user.User] 
2023-11-28T22:11:57.531-05:00 DEBUG 27472 --- [           main] o.h.q.sqm.sql.BaseSqmToSqlAstConverter   : Determining mapping-model type for SqmParameter : org.hibernate.query.sqm.tree.expression.SqmJpaCriteriaParameterWrapper@687d4471
2023-11-28T22:11:57.531-05:00 DEBUG 27472 --- [           main] o.h.q.sqm.sql.BaseSqmToSqlAstConverter   : Determining mapping-model type for SqmPath : SqmBasicValuedSimplePath(com.cash_flow_app.apicashflow.entities_repositories_and_services.base.user.User(35202153502500).username) 
2023-11-28T22:11:57.531-05:00 DEBUG 27472 --- [           main] org.hibernate.orm.results.graph.AST      : DomainResult Graph:
 \-EntityResultImpl [com.cash_flow_app.apicashflow.entities_repositories_and_services.base.user.User(35202153502500)]
 |  +-SelectEagerCollectionFetch [com.cash_flow_app.apicashflow.entities_repositories_and_services.base.user.User(35202153502500).accounts]
 |  +-SelectEagerCollectionFetch [com.cash_flow_app.apicashflow.entities_repositories_and_services.base.user.User(35202153502500).authorities]
 |  +-BasicFetch [com.cash_flow_app.apicashflow.entities_repositories_and_services.base.user.User(35202153502500).password]
 |  \-BasicFetch [com.cash_flow_app.apicashflow.entities_repositories_and_services.base.user.User(35202153502500).username]

2023-11-28T22:11:57.531-05:00 DEBUG 27472 --- [           main] org.hibernate.orm.sql.ast.tree           : SQL AST Tree:
    SelectStatement {
      FromClause {
        StandardTableGroup (u1 : com.cash_flow_app.apicashflow.entities_repositories_and_services.base.user.User(35202153502500)) {
          primaryTableReference : users as u1_0
        }
      }
    }

2023-11-28T22:11:57.532-05:00 DEBUG 27472 --- [           main] o.h.e.i.AbstractFlushingEventListener    : Processing flush-time cascades
2023-11-28T22:11:57.532-05:00 DEBUG 27472 --- [           main] o.h.e.i.AbstractFlushingEventListener    : Dirty checking collections
2023-11-28T22:11:57.532-05:00 DEBUG 27472 --- [           main] o.hibernate.engine.internal.Collections  : Collection found: [com.cash_flow_app.apicashflow.entities_repositories_and_services.base.user.User.authorities#42d841db-7fc9-4931-a3dd-3e7bbbbffccb], was: [com.cash_flow_app.apicashflow.entities_repositories_and_services.base.user.User.authorities#42d841db-7fc9-4931-a3dd-3e7bbbbffccb] (initialized)
2023-11-28T22:11:57.532-05:00 DEBUG 27472 --- [           main] o.hibernate.engine.internal.Collections  : Collection dereferenced: [com.cash_flow_app.apicashflow.entities_repositories_and_services.base.user.User.accounts#42d841db-7fc9-4931-a3dd-3e7bbbbffccb]
2023-11-28T22:11:57.532-05:00 DEBUG 27472 --- [           main] o.h.e.i.AbstractFlushingEventListener    : Flushed: 0 insertions, 0 updates, 0 deletions to 12 objects
2023-11-28T22:11:57.532-05:00 DEBUG 27472 --- [           main] o.h.e.i.AbstractFlushingEventListener    : Flushed: 0 (re)creations, 0 updates, 1 removals to 2 collections
2023-11-28T22:11:57.532-05:00 DEBUG 27472 --- [           main] o.hibernate.internal.util.EntityPrinter  : Listing entities:
2023-11-28T22:11:57.532-05:00 DEBUG 27472 --- [           main] o.hibernate.internal.util.EntityPrinter  : com.cash_flow_app.apicashflow.entities_repositories_and_services.base.authority.Authority{endpoint=User, permission=CREATE, id=f4f135be-a2b5-48d1-a9d0-2b14e82cc373}
2023-11-28T22:11:57.532-05:00 DEBUG 27472 --- [           main] o.hibernate.internal.util.EntityPrinter  : com.cash_flow_app.apicashflow.entities_repositories_and_services.base.authority.Authority{endpoint=User, permission=READ, id=35481739-2447-454f-8ec3-daf467bb2ae5}
2023-11-28T22:11:57.532-05:00 DEBUG 27472 --- [           main] o.hibernate.internal.util.EntityPrinter  : com.cash_flow_app.apicashflow.entities_repositories_and_services.base.authority.Authority{endpoint=IncomeExpense, permission=CREATE, id=4de61a19-9cab-469d-856c-169a503a3f70}
2023-11-28T22:11:57.532-05:00 DEBUG 27472 --- [           main] o.hibernate.internal.util.EntityPrinter  : com.cash_flow_app.apicashflow.entities_repositories_and_services.base.authority.Authority{endpoint=Account, permission=DELETE, id=363894b3-8bdc-4764-ad13-d91f872e1a95}
2023-11-28T22:11:57.532-05:00 DEBUG 27472 --- [           main] o.hibernate.internal.util.EntityPrinter  : com.cash_flow_app.apicashflow.entities_repositories_and_services.base.authority.Authority{endpoint=IncomeExpense, permission=DELETE, id=51c645c0-dc8a-45f9-88d1-533e63701dbe}
2023-11-28T22:11:57.532-05:00 DEBUG 27472 --- [           main] o.hibernate.internal.util.EntityPrinter  : com.cash_flow_app.apicashflow.entities_repositories_and_services.base.authority.Authority{endpoint=ScheduledAccount, permission=READ, id=fed8cd26-d658-4965-b57c-1be9bb9eb61c}
2023-11-28T22:11:57.532-05:00 DEBUG 27472 --- [           main] o.hibernate.internal.util.EntityPrinter  : com.cash_flow_app.apicashflow.entities_repositories_and_services.base.user.User{password=$2a$10$iPxAy3JzZVqpphDRZnzjwOA4NUr16KK37icM.7HNg9xYVtg7JrrYK, id=42d841db-7fc9-4931-a3dd-3e7bbbbffccb, accounts=null, authorities=[com.cash_flow_app.apicashflow.entities_repositories_and_services.base.authority.Authority#9aaf7d40-45f6-4ab6-90a9-a23f4c1b5f2f, com.cash_flow_app.apicashflow.entities_repositories_and_services.base.authority.Authority#b14a62f4-d04f-422a-a2a3-1f80e2635352, com.cash_flow_app.apicashflow.entities_repositories_and_services.base.authority.Authority#363894b3-8bdc-4764-ad13-d91f872e1a95, com.cash_flow_app.apicashflow.entities_repositories_and_services.base.authority.Authority#f4f135be-a2b5-48d1-a9d0-2b14e82cc373, com.cash_flow_app.apicashflow.entities_repositories_and_services.base.authority.Authority#35481739-2447-454f-8ec3-daf467bb2ae5, com.cash_flow_app.apicashflow.entities_repositories_and_services.base.authority.Authority#4de61a19-9cab-469d-856c-169a503a3f70, com.cash_flow_app.apicashflow.entities_repositories_and_services.base.authority.Authority#af9e383e-4459-4719-802e-94a22944b4b7, com.cash_flow_app.apicashflow.entities_repositories_and_services.base.authority.Authority#51c645c0-dc8a-45f9-88d1-533e63701dbe, com.cash_flow_app.apicashflow.entities_repositories_and_services.base.authority.Authority#bd7f10f2-85c9-49d0-9a90-f83a87d9cdae, com.cash_flow_app.apicashflow.entities_repositories_and_services.base.authority.Authority#fed8cd26-d658-4965-b57c-1be9bb9eb61c, com.cash_flow_app.apicashflow.entities_repositories_and_services.base.authority.Authority#76cfdeb6-c100-4ed8-bb40-d15e53690430], username=usuario_test}
2023-11-28T22:11:57.532-05:00 DEBUG 27472 --- [           main] o.hibernate.internal.util.EntityPrinter  : com.cash_flow_app.apicashflow.entities_repositories_and_services.base.authority.Authority{endpoint=ScheduledAccount, permission=DELETE, id=76cfdeb6-c100-4ed8-bb40-d15e53690430}
2023-11-28T22:11:57.532-05:00 DEBUG 27472 --- [           main] o.hibernate.internal.util.EntityPrinter  : com.cash_flow_app.apicashflow.entities_repositories_and_services.base.authority.Authority{endpoint=ScheduledAccount, permission=CREATE, id=bd7f10f2-85c9-49d0-9a90-f83a87d9cdae}
2023-11-28T22:11:57.532-05:00 DEBUG 27472 --- [           main] o.hibernate.internal.util.EntityPrinter  : com.cash_flow_app.apicashflow.entities_repositories_and_services.base.authority.Authority{endpoint=Account, permission=CREATE, id=9aaf7d40-45f6-4ab6-90a9-a23f4c1b5f2f}
2023-11-28T22:11:57.532-05:00 DEBUG 27472 --- [           main] o.hibernate.internal.util.EntityPrinter  : com.cash_flow_app.apicashflow.entities_repositories_and_services.base.authority.Authority{endpoint=Account, permission=READ, id=b14a62f4-d04f-422a-a2a3-1f80e2635352}
2023-11-28T22:11:57.532-05:00 DEBUG 27472 --- [           main] o.hibernate.internal.util.EntityPrinter  : com.cash_flow_app.apicashflow.entities_repositories_and_services.base.authority.Authority{endpoint=IncomeExpense, permission=READ, id=af9e383e-4459-4719-802e-94a22944b4b7}
2023-11-28T22:11:57.532-05:00 DEBUG 27472 --- [           main] org.hibernate.orm.sql.exec               : Skipping reading Query result cache data: cache-enabled = false, cache-mode = NORMAL
2023-11-28T22:11:57.532-05:00 DEBUG 27472 --- [           main] org.hibernate.orm.results                : Initializer list
2023-11-28T22:11:57.532-05:00 DEBUG 27472 --- [           main] org.hibernate.orm.results                :     com.cash_flow_app.apicashflow.entities_repositories_and_services.base.user.User(35202153502500).accounts -> SelectEagerCollectionInitializer(com.cash_flow_app.apicashflow.entities_repositories_and_services.base.user.User(35202153502500).accounts)@1756538502 (PluralAttribute(com.cash_flow_app.apicashflow.entities_repositories_and_services.base.user.User.accounts))
2023-11-28T22:11:57.532-05:00 DEBUG 27472 --- [           main] org.hibernate.orm.results                :     com.cash_flow_app.apicashflow.entities_repositories_and_services.base.user.User(35202153502500).authorities -> SelectEagerCollectionInitializer(com.cash_flow_app.apicashflow.entities_repositories_and_services.base.user.User(35202153502500).authorities)@1793993005 (PluralAttribute(com.cash_flow_app.apicashflow.entities_repositories_and_services.base.user.User.authorities))
2023-11-28T22:11:57.532-05:00 DEBUG 27472 --- [           main] org.hibernate.orm.results                :     com.cash_flow_app.apicashflow.entities_repositories_and_services.base.user.User(35202153502500) -> EntityResultInitializer(com.cash_flow_app.apicashflow.entities_repositories_and_services.base.user.User(35202153502500))@1076682592 (SingleTableEntityPersister(com.cash_flow_app.apicashflow.entities_repositories_and_services.base.user.User))
2023-11-28T22:11:57.532-05:00 DEBUG 27472 --- [           main] org.hibernate.SQL                        : 
    select
        u1_0.id,
        u1_0.password,
        u1_0.username 
    from
        users u1_0 
    where
        u1_0.username=?
2023-11-28T22:11:57.532-05:00 DEBUG 27472 --- [           main] org.hibernate.orm.results                : Extracted JDBC value [0] - [42d841db-7fc9-4931-a3dd-3e7bbbbffccb]
2023-11-28T22:11:57.532-05:00 DEBUG 27472 --- [           main] o.hibernate.orm.results.loading.entity   : (EntityResultInitializer) Hydrated EntityKey (com.cash_flow_app.apicashflow.entities_repositories_and_services.base.user.User(35202153502500)): 42d841db-7fc9-4931-a3dd-3e7bbbbffccb
2023-11-28T22:11:57.532-05:00 DEBUG 27472 --- [           main] o.h.o.r.l.o.h.o.r.loading.collection     : (DelayedCollectionInitializer) Current row collection key : com.cash_flow_app.apicashflow.entities_repositories_and_services.base.user.User(35202153502500).accounts#42d841db-7fc9-4931-a3dd-3e7bbbbffccb
2023-11-28T22:11:57.532-05:00 DEBUG 27472 --- [           main] o.h.o.r.l.o.h.o.r.loading.collection     : (DelayedCollectionInitializer) Current row collection key : com.cash_flow_app.apicashflow.entities_repositories_and_services.base.user.User(35202153502500).authorities#42d841db-7fc9-4931-a3dd-3e7bbbbffccb
2023-11-28T22:11:57.532-05:00 DEBUG 27472 --- [           main] org.hibernate.orm.results.loading        : Calling top-level assembler (0 / 1) : org.hibernate.sql.results.graph.entity.internal.EntityAssembler@62edb254
2023-11-28T22:11:57.532-05:00 DEBUG 27472 --- [           main] org.hibernate.orm.sql.ast.create         : Created new SQL alias : u1_0
2023-11-28T22:11:57.532-05:00 DEBUG 27472 --- [           main] org.hibernate.orm.sql.ast.create         : Registration of TableGroup [StandardTableGroup(com.cash_flow_app.apicashflow.entities_repositories_and_services.base.user.User(35202153502500))] with identifierForTableGroup [com.cash_flow_app.apicashflow.entities_repositories_and_services.base.user.User] for NavigablePath [com.cash_flow_app.apicashflow.entities_repositories_and_services.base.user.User] 
2023-11-28T22:11:57.533-05:00 DEBUG 27472 --- [           main] o.h.q.sqm.sql.BaseSqmToSqlAstConverter   : Determining mapping-model type for SqmParameter : org.hibernate.query.sqm.tree.expression.SqmJpaCriteriaParameterWrapper@449ca6b6
2023-11-28T22:11:57.533-05:00 DEBUG 27472 --- [           main] o.h.q.sqm.sql.BaseSqmToSqlAstConverter   : Determining mapping-model type for SqmPath : SqmBasicValuedSimplePath(com.cash_flow_app.apicashflow.entities_repositories_and_services.base.user.User(35202153502500).username) 
2023-11-28T22:11:57.533-05:00 DEBUG 27472 --- [           main] org.hibernate.orm.results.graph.AST      : DomainResult Graph:
 \-EntityResultImpl [com.cash_flow_app.apicashflow.entities_repositories_and_services.base.user.User(35202153502500)]
 |  +-SelectEagerCollectionFetch [com.cash_flow_app.apicashflow.entities_repositories_and_services.base.user.User(35202153502500).accounts]
 |  +-SelectEagerCollectionFetch [com.cash_flow_app.apicashflow.entities_repositories_and_services.base.user.User(35202153502500).authorities]
 |  +-BasicFetch [com.cash_flow_app.apicashflow.entities_repositories_and_services.base.user.User(35202153502500).password]
 |  \-BasicFetch [com.cash_flow_app.apicashflow.entities_repositories_and_services.base.user.User(35202153502500).username]

2023-11-28T22:11:57.533-05:00 DEBUG 27472 --- [           main] org.hibernate.orm.sql.ast.tree           : SQL AST Tree:
    SelectStatement {
      FromClause {
        StandardTableGroup (u1 : com.cash_flow_app.apicashflow.entities_repositories_and_services.base.user.User(35202153502500)) {
          primaryTableReference : users as u1_0
        }
      }
    }

2023-11-28T22:11:57.533-05:00 DEBUG 27472 --- [           main] o.h.e.i.AbstractFlushingEventListener    : Processing flush-time cascades
2023-11-28T22:11:57.533-05:00 DEBUG 27472 --- [           main] o.h.e.i.AbstractFlushingEventListener    : Dirty checking collections
2023-11-28T22:11:57.533-05:00 DEBUG 27472 --- [           main] o.hibernate.engine.internal.Collections  : Collection found: [com.cash_flow_app.apicashflow.entities_repositories_and_services.base.user.User.authorities#42d841db-7fc9-4931-a3dd-3e7bbbbffccb], was: [com.cash_flow_app.apicashflow.entities_repositories_and_services.base.user.User.authorities#42d841db-7fc9-4931-a3dd-3e7bbbbffccb] (initialized)
2023-11-28T22:11:57.533-05:00 DEBUG 27472 --- [           main] o.hibernate.engine.internal.Collections  : Collection dereferenced: [com.cash_flow_app.apicashflow.entities_repositories_and_services.base.user.User.accounts#42d841db-7fc9-4931-a3dd-3e7bbbbffccb]
2023-11-28T22:11:57.533-05:00 DEBUG 27472 --- [           main] o.h.e.i.AbstractFlushingEventListener    : Flushed: 0 insertions, 0 updates, 0 deletions to 12 objects
2023-11-28T22:11:57.533-05:00 DEBUG 27472 --- [           main] o.h.e.i.AbstractFlushingEventListener    : Flushed: 0 (re)creations, 0 updates, 1 removals to 2 collections
2023-11-28T22:11:57.533-05:00 DEBUG 27472 --- [           main] o.hibernate.internal.util.EntityPrinter  : Listing entities:
2023-11-28T22:11:57.533-05:00 DEBUG 27472 --- [           main] o.hibernate.internal.util.EntityPrinter  : com.cash_flow_app.apicashflow.entities_repositories_and_services.base.authority.Authority{endpoint=User, permission=CREATE, id=f4f135be-a2b5-48d1-a9d0-2b14e82cc373}
2023-11-28T22:11:57.533-05:00 DEBUG 27472 --- [           main] o.hibernate.internal.util.EntityPrinter  : com.cash_flow_app.apicashflow.entities_repositories_and_services.base.authority.Authority{endpoint=User, permission=READ, id=35481739-2447-454f-8ec3-daf467bb2ae5}
2023-11-28T22:11:57.533-05:00 DEBUG 27472 --- [           main] o.hibernate.internal.util.EntityPrinter  : com.cash_flow_app.apicashflow.entities_repositories_and_services.base.authority.Authority{endpoint=IncomeExpense, permission=CREATE, id=4de61a19-9cab-469d-856c-169a503a3f70}
2023-11-28T22:11:57.533-05:00 DEBUG 27472 --- [           main] o.hibernate.internal.util.EntityPrinter  : com.cash_flow_app.apicashflow.entities_repositories_and_services.base.authority.Authority{endpoint=Account, permission=DELETE, id=363894b3-8bdc-4764-ad13-d91f872e1a95}
2023-11-28T22:11:57.533-05:00 DEBUG 27472 --- [           main] o.hibernate.internal.util.EntityPrinter  : com.cash_flow_app.apicashflow.entities_repositories_and_services.base.authority.Authority{endpoint=IncomeExpense, permission=DELETE, id=51c645c0-dc8a-45f9-88d1-533e63701dbe}
2023-11-28T22:11:57.533-05:00 DEBUG 27472 --- [           main] o.hibernate.internal.util.EntityPrinter  : com.cash_flow_app.apicashflow.entities_repositories_and_services.base.authority.Authority{endpoint=ScheduledAccount, permission=READ, id=fed8cd26-d658-4965-b57c-1be9bb9eb61c}
2023-11-28T22:11:57.533-05:00 DEBUG 27472 --- [           main] o.hibernate.internal.util.EntityPrinter  : com.cash_flow_app.apicashflow.entities_repositories_and_services.base.user.User{password=$2a$10$iPxAy3JzZVqpphDRZnzjwOA4NUr16KK37icM.7HNg9xYVtg7JrrYK, id=42d841db-7fc9-4931-a3dd-3e7bbbbffccb, accounts=null, authorities=[com.cash_flow_app.apicashflow.entities_repositories_and_services.base.authority.Authority#9aaf7d40-45f6-4ab6-90a9-a23f4c1b5f2f, com.cash_flow_app.apicashflow.entities_repositories_and_services.base.authority.Authority#b14a62f4-d04f-422a-a2a3-1f80e2635352, com.cash_flow_app.apicashflow.entities_repositories_and_services.base.authority.Authority#363894b3-8bdc-4764-ad13-d91f872e1a95, com.cash_flow_app.apicashflow.entities_repositories_and_services.base.authority.Authority#f4f135be-a2b5-48d1-a9d0-2b14e82cc373, com.cash_flow_app.apicashflow.entities_repositories_and_services.base.authority.Authority#35481739-2447-454f-8ec3-daf467bb2ae5, com.cash_flow_app.apicashflow.entities_repositories_and_services.base.authority.Authority#4de61a19-9cab-469d-856c-169a503a3f70, com.cash_flow_app.apicashflow.entities_repositories_and_services.base.authority.Authority#af9e383e-4459-4719-802e-94a22944b4b7, com.cash_flow_app.apicashflow.entities_repositories_and_services.base.authority.Authority#51c645c0-dc8a-45f9-88d1-533e63701dbe, com.cash_flow_app.apicashflow.entities_repositories_and_services.base.authority.Authority#bd7f10f2-85c9-49d0-9a90-f83a87d9cdae, com.cash_flow_app.apicashflow.entities_repositories_and_services.base.authority.Authority#fed8cd26-d658-4965-b57c-1be9bb9eb61c, com.cash_flow_app.apicashflow.entities_repositories_and_services.base.authority.Authority#76cfdeb6-c100-4ed8-bb40-d15e53690430], username=usuario_test}
2023-11-28T22:11:57.533-05:00 DEBUG 27472 --- [           main] o.hibernate.internal.util.EntityPrinter  : com.cash_flow_app.apicashflow.entities_repositories_and_services.base.authority.Authority{endpoint=ScheduledAccount, permission=DELETE, id=76cfdeb6-c100-4ed8-bb40-d15e53690430}
2023-11-28T22:11:57.533-05:00 DEBUG 27472 --- [           main] o.hibernate.internal.util.EntityPrinter  : com.cash_flow_app.apicashflow.entities_repositories_and_services.base.authority.Authority{endpoint=ScheduledAccount, permission=CREATE, id=bd7f10f2-85c9-49d0-9a90-f83a87d9cdae}
2023-11-28T22:11:57.533-05:00 DEBUG 27472 --- [           main] o.hibernate.internal.util.EntityPrinter  : com.cash_flow_app.apicashflow.entities_repositories_and_services.base.authority.Authority{endpoint=Account, permission=CREATE, id=9aaf7d40-45f6-4ab6-90a9-a23f4c1b5f2f}
2023-11-28T22:11:57.533-05:00 DEBUG 27472 --- [           main] o.hibernate.internal.util.EntityPrinter  : com.cash_flow_app.apicashflow.entities_repositories_and_services.base.authority.Authority{endpoint=Account, permission=READ, id=b14a62f4-d04f-422a-a2a3-1f80e2635352}
2023-11-28T22:11:57.533-05:00 DEBUG 27472 --- [           main] o.hibernate.internal.util.EntityPrinter  : com.cash_flow_app.apicashflow.entities_repositories_and_services.base.authority.Authority{endpoint=IncomeExpense, permission=READ, id=af9e383e-4459-4719-802e-94a22944b4b7}
2023-11-28T22:11:57.533-05:00 DEBUG 27472 --- [           main] org.hibernate.orm.sql.exec               : Skipping reading Query result cache data: cache-enabled = false, cache-mode = NORMAL
2023-11-28T22:11:57.533-05:00 DEBUG 27472 --- [           main] org.hibernate.orm.results                : Initializer list
2023-11-28T22:11:57.533-05:00 DEBUG 27472 --- [           main] org.hibernate.orm.results                :     com.cash_flow_app.apicashflow.entities_repositories_and_services.base.user.User(35202153502500).accounts -> SelectEagerCollectionInitializer(com.cash_flow_app.apicashflow.entities_repositories_and_services.base.user.User(35202153502500).accounts)@819729636 (PluralAttribute(com.cash_flow_app.apicashflow.entities_repositories_and_services.base.user.User.accounts))
2023-11-28T22:11:57.533-05:00 DEBUG 27472 --- [           main] org.hibernate.orm.results                :     com.cash_flow_app.apicashflow.entities_repositories_and_services.base.user.User(35202153502500).authorities -> SelectEagerCollectionInitializer(com.cash_flow_app.apicashflow.entities_repositories_and_services.base.user.User(35202153502500).authorities)@169508392 (PluralAttribute(com.cash_flow_app.apicashflow.entities_repositories_and_services.base.user.User.authorities))
2023-11-28T22:11:57.533-05:00 DEBUG 27472 --- [           main] org.hibernate.orm.results                :     com.cash_flow_app.apicashflow.entities_repositories_and_services.base.user.User(35202153502500) -> EntityResultInitializer(com.cash_flow_app.apicashflow.entities_repositories_and_services.base.user.User(35202153502500))@1836095069 (SingleTableEntityPersister(com.cash_flow_app.apicashflow.entities_repositories_and_services.base.user.User))
2023-11-28T22:11:57.533-05:00 DEBUG 27472 --- [           main] org.hibernate.SQL                        : 
    select
        u1_0.id,
        u1_0.password,
        u1_0.username 
    from
        users u1_0 
    where
        u1_0.username=?
2023-11-28T22:11:57.534-05:00 DEBUG 27472 --- [           main] org.hibernate.orm.results                : Extracted JDBC value [0] - [42d841db-7fc9-4931-a3dd-3e7bbbbffccb]
2023-11-28T22:11:57.534-05:00 DEBUG 27472 --- [           main] o.hibernate.orm.results.loading.entity   : (EntityResultInitializer) Hydrated EntityKey (com.cash_flow_app.apicashflow.entities_repositories_and_services.base.user.User(35202153502500)): 42d841db-7fc9-4931-a3dd-3e7bbbbffccb
2023-11-28T22:11:57.534-05:00 DEBUG 27472 --- [           main] o.h.o.r.l.o.h.o.r.loading.collection     : (DelayedCollectionInitializer) Current row collection key : com.cash_flow_app.apicashflow.entities_repositories_and_services.base.user.User(35202153502500).accounts#42d841db-7fc9-4931-a3dd-3e7bbbbffccb
2023-11-28T22:11:57.534-05:00 DEBUG 27472 --- [           main] o.h.o.r.l.o.h.o.r.loading.collection     : (DelayedCollectionInitializer) Current row collection key : com.cash_flow_app.apicashflow.entities_repositories_and_services.base.user.User(35202153502500).authorities#42d841db-7fc9-4931-a3dd-3e7bbbbffccb
2023-11-28T22:11:57.534-05:00 DEBUG 27472 --- [           main] org.hibernate.orm.results.loading        : Calling top-level assembler (0 / 1) : org.hibernate.sql.results.graph.entity.internal.EntityAssembler@25a93e0f
2023-11-28T22:11:57.534-05:00 DEBUG 27472 --- [           main] o.s.orm.jpa.JpaTransactionManager        : Found thread-bound EntityManager [SessionImpl(1944345342<open>)] for JPA transaction
2023-11-28T22:11:57.534-05:00 DEBUG 27472 --- [           main] o.s.orm.jpa.JpaTransactionManager        : Participating in existing transaction
2023-11-28T22:11:57.534-05:00 DEBUG 27472 --- [           main] o.h.j.internal.PersistenceUnitUtilImpl   : jakarta.persistence.PersistenceUnitUtil.getIdentifier is only intended to work with enhanced entities (although Hibernate also adapts this support to its proxies); however the passed entity was not enhanced (nor a proxy).. may not be able to read identifier
2023-11-28T22:11:57.534-05:00 DEBUG 27472 --- [           main] o.h.e.i.AbstractSaveEventListener        : Generated identifier: 9ca89e74-85fd-488d-8a78-84d89db8fc05, using strategy: org.hibernate.id.UUIDGenerator
2023-11-28T22:11:57.534-05:00 DEBUG 27472 --- [           main] o.s.w.s.m.m.a.HttpEntityMethodProcessor  : Using 'application/json', given [*/*] and supported [application/json, application/*+json]
2023-11-28T22:11:57.534-05:00 DEBUG 27472 --- [           main] o.s.w.s.m.m.a.HttpEntityMethodProcessor  : Writing [AccountDto(id=9ca89e74-85fd-488d-8a78-84d89db8fc05, description=descripcion de cuenta, users=[usuari (truncated)...]
2023-11-28T22:11:57.534-05:00 DEBUG 27472 --- [           main] o.s.t.web.servlet.TestDispatcherServlet  : Completed 200 OK
2023-11-28T22:11:57.538-05:00 DEBUG 27472 --- [           main] o.s.test.util.ReflectionTestUtils        : Invoking method 'getFilters' on target object [FilterChainProxy[Filter Chains: [DefaultSecurityFilterChain [RequestMatcher=any request, Filters=[org.springframework.security.web.session.DisableEncodeUrlFilter@120e3ebb, org.springframework.security.web.session.ForceEagerSessionCreationFilter@753f1c3e, org.springframework.security.web.context.request.async.WebAsyncManagerIntegrationFilter@5e9af5d4, org.springframework.security.web.context.SecurityContextHolderFilter@1d18e5ad, org.springframework.security.web.header.HeaderWriterFilter@73b68d98, org.springframework.web.filter.CorsFilter@7863e6b2, org.springframework.security.web.authentication.logout.LogoutFilter@1e5a8278, JWTAuthorizationFilter(loginService=com.cash_flow_app.apicashflow.entities_repositories_and_services.base.security.LoginService@508b9c16), com.cash_flow_app.apicashflow.entities_repositories_and_services.base.security.JWTAuthenticationFilter@6fd2b939, org.springframework.security.web.savedrequest.RequestCacheAwareFilter@11def039, org.springframework.security.web.servletapi.SecurityContextHolderAwareRequestFilter@564375d7, org.springframework.security.web.authentication.AnonymousAuthenticationFilter@c4aa99e, org.springframework.security.web.session.SessionManagementFilter@69af6978, org.springframework.security.web.access.ExceptionTranslationFilter@4469046b, org.springframework.security.web.access.intercept.AuthorizationFilter@588d2e90]]]]] or target class [null] with arguments {org.springframework.mock.web.MockHttpServletRequest@54039b8a}
2023-11-28T22:11:57.538-05:00 DEBUG 27472 --- [           main] o.s.test.util.ReflectionTestUtils        : Invoking method 'getFilters' on target object [FilterChainProxy[Filter Chains: [DefaultSecurityFilterChain [RequestMatcher=any request, Filters=[org.springframework.security.web.session.DisableEncodeUrlFilter@120e3ebb, org.springframework.security.web.session.ForceEagerSessionCreationFilter@753f1c3e, org.springframework.security.web.context.request.async.WebAsyncManagerIntegrationFilter@5e9af5d4, org.springframework.security.web.context.SecurityContextHolderFilter@1d18e5ad, org.springframework.security.web.header.HeaderWriterFilter@73b68d98, org.springframework.web.filter.CorsFilter@7863e6b2, org.springframework.security.web.authentication.logout.LogoutFilter@1e5a8278, JWTAuthorizationFilter(loginService=com.cash_flow_app.apicashflow.entities_repositories_and_services.base.security.LoginService@508b9c16), com.cash_flow_app.apicashflow.entities_repositories_and_services.base.security.JWTAuthenticationFilter@6fd2b939, org.springframework.security.web.savedrequest.RequestCacheAwareFilter@11def039, org.springframework.security.web.servletapi.SecurityContextHolderAwareRequestFilter@564375d7, org.springframework.security.web.authentication.AnonymousAuthenticationFilter@c4aa99e, org.springframework.security.web.session.SessionManagementFilter@69af6978, org.springframework.security.web.access.ExceptionTranslationFilter@4469046b, org.springframework.security.web.access.intercept.AuthorizationFilter@588d2e90]]]]] or target class [null] with arguments {org.springframework.mock.web.MockHttpServletRequest@54039b8a}
2023-11-28T22:11:57.538-05:00 DEBUG 27472 --- [           main] o.s.test.util.ReflectionTestUtils        : Invoking method 'getFilters' on target object [FilterChainProxy[Filter Chains: [DefaultSecurityFilterChain [RequestMatcher=any request, Filters=[org.springframework.security.web.session.DisableEncodeUrlFilter@120e3ebb, org.springframework.security.web.session.ForceEagerSessionCreationFilter@753f1c3e, org.springframework.security.web.context.request.async.WebAsyncManagerIntegrationFilter@5e9af5d4, org.springframework.security.web.context.SecurityContextHolderFilter@1d18e5ad, org.springframework.security.web.header.HeaderWriterFilter@73b68d98, org.springframework.web.filter.CorsFilter@7863e6b2, org.springframework.security.web.authentication.logout.LogoutFilter@1e5a8278, JWTAuthorizationFilter(loginService=com.cash_flow_app.apicashflow.entities_repositories_and_services.base.security.LoginService@508b9c16), com.cash_flow_app.apicashflow.entities_repositories_and_services.base.security.JWTAuthenticationFilter@6fd2b939, org.springframework.security.web.savedrequest.RequestCacheAwareFilter@11def039, org.springframework.security.web.servletapi.SecurityContextHolderAwareRequestFilter@564375d7, org.springframework.security.web.authentication.AnonymousAuthenticationFilter@c4aa99e, org.springframework.security.web.session.SessionManagementFilter@69af6978, org.springframework.security.web.access.ExceptionTranslationFilter@4469046b, org.springframework.security.web.access.intercept.AuthorizationFilter@588d2e90]]]]] or target class [null] with arguments {org.springframework.mock.web.MockHttpServletRequest@54039b8a}
2023-11-28T22:11:57.539-05:00 DEBUG 27472 --- [           main] o.s.security.web.FilterChainProxy        : Securing POST /api/v1/income_expense/create
2023-11-28T22:11:57.539-05:00 DEBUG 27472 --- [           main] .s.s.w.s.ForceEagerSessionCreationFilter : Created session eagerly
2023-11-28T22:11:57.540-05:00 DEBUG 27472 --- [           main] org.hibernate.orm.sql.ast.create         : Created new SQL alias : u1_0
2023-11-28T22:11:57.540-05:00 DEBUG 27472 --- [           main] org.hibernate.orm.sql.ast.create         : Registration of TableGroup [StandardTableGroup(com.cash_flow_app.apicashflow.entities_repositories_and_services.base.user.User(35202153502500))] with identifierForTableGroup [com.cash_flow_app.apicashflow.entities_repositories_and_services.base.user.User] for NavigablePath [com.cash_flow_app.apicashflow.entities_repositories_and_services.base.user.User] 
2023-11-28T22:11:57.540-05:00 DEBUG 27472 --- [           main] o.h.q.sqm.sql.BaseSqmToSqlAstConverter   : Determining mapping-model type for SqmParameter : org.hibernate.query.sqm.tree.expression.SqmJpaCriteriaParameterWrapper@1062f767
2023-11-28T22:11:57.540-05:00 DEBUG 27472 --- [           main] o.h.q.sqm.sql.BaseSqmToSqlAstConverter   : Determining mapping-model type for SqmPath : SqmBasicValuedSimplePath(com.cash_flow_app.apicashflow.entities_repositories_and_services.base.user.User(35202153502500).username) 
2023-11-28T22:11:57.540-05:00 DEBUG 27472 --- [           main] org.hibernate.orm.results.graph.AST      : DomainResult Graph:
 \-EntityResultImpl [com.cash_flow_app.apicashflow.entities_repositories_and_services.base.user.User(35202153502500)]
 |  +-SelectEagerCollectionFetch [com.cash_flow_app.apicashflow.entities_repositories_and_services.base.user.User(35202153502500).accounts]
 |  +-SelectEagerCollectionFetch [com.cash_flow_app.apicashflow.entities_repositories_and_services.base.user.User(35202153502500).authorities]
 |  +-BasicFetch [com.cash_flow_app.apicashflow.entities_repositories_and_services.base.user.User(35202153502500).password]
 |  \-BasicFetch [com.cash_flow_app.apicashflow.entities_repositories_and_services.base.user.User(35202153502500).username]

2023-11-28T22:11:57.540-05:00 DEBUG 27472 --- [           main] org.hibernate.orm.sql.ast.tree           : SQL AST Tree:
    SelectStatement {
      FromClause {
        StandardTableGroup (u1 : com.cash_flow_app.apicashflow.entities_repositories_and_services.base.user.User(35202153502500)) {
          primaryTableReference : users as u1_0
        }
      }
    }

2023-11-28T22:11:57.540-05:00 DEBUG 27472 --- [           main] o.h.e.i.AbstractFlushingEventListener    : Processing flush-time cascades
2023-11-28T22:11:57.540-05:00 DEBUG 27472 --- [           main] o.h.e.i.AbstractFlushingEventListener    : Dirty checking collections
2023-11-28T22:11:57.540-05:00 DEBUG 27472 --- [           main] o.hibernate.engine.internal.Collections  : Collection found: [com.cash_flow_app.apicashflow.entities_repositories_and_services.base.user.User.accounts#42d841db-7fc9-4931-a3dd-3e7bbbbffccb], was: [<unreferenced>] (initialized)
2023-11-28T22:11:57.540-05:00 DEBUG 27472 --- [           main] o.hibernate.engine.internal.Collections  : Collection found: [com.cash_flow_app.apicashflow.entities_repositories_and_services.base.user.User.authorities#42d841db-7fc9-4931-a3dd-3e7bbbbffccb], was: [com.cash_flow_app.apicashflow.entities_repositories_and_services.base.user.User.authorities#42d841db-7fc9-4931-a3dd-3e7bbbbffccb] (initialized)
2023-11-28T22:11:57.540-05:00 DEBUG 27472 --- [           main] o.hibernate.engine.internal.Collections  : Collection found: [com.cash_flow_app.apicashflow.entities_repositories_and_services.base.account.Account.users#9ca89e74-85fd-488d-8a78-84d89db8fc05], was: [<unreferenced>] (initialized)
2023-11-28T22:11:57.540-05:00 DEBUG 27472 --- [           main] o.hibernate.engine.internal.Collections  : Collection dereferenced: [com.cash_flow_app.apicashflow.entities_repositories_and_services.base.user.User.accounts#42d841db-7fc9-4931-a3dd-3e7bbbbffccb]
2023-11-28T22:11:57.540-05:00 DEBUG 27472 --- [           main] o.h.e.i.AbstractFlushingEventListener    : Flushed: 1 insertions, 1 updates, 0 deletions to 13 objects
2023-11-28T22:11:57.540-05:00 DEBUG 27472 --- [           main] o.h.e.i.AbstractFlushingEventListener    : Flushed: 2 (re)creations, 0 updates, 1 removals to 4 collections
2023-11-28T22:11:57.540-05:00 DEBUG 27472 --- [           main] o.hibernate.internal.util.EntityPrinter  : Listing entities:
2023-11-28T22:11:57.540-05:00 DEBUG 27472 --- [           main] o.hibernate.internal.util.EntityPrinter  : com.cash_flow_app.apicashflow.entities_repositories_and_services.base.authority.Authority{endpoint=User, permission=CREATE, id=f4f135be-a2b5-48d1-a9d0-2b14e82cc373}
2023-11-28T22:11:57.540-05:00 DEBUG 27472 --- [           main] o.hibernate.internal.util.EntityPrinter  : com.cash_flow_app.apicashflow.entities_repositories_and_services.base.authority.Authority{endpoint=User, permission=READ, id=35481739-2447-454f-8ec3-daf467bb2ae5}
2023-11-28T22:11:57.540-05:00 DEBUG 27472 --- [           main] o.hibernate.internal.util.EntityPrinter  : com.cash_flow_app.apicashflow.entities_repositories_and_services.base.authority.Authority{endpoint=IncomeExpense, permission=CREATE, id=4de61a19-9cab-469d-856c-169a503a3f70}
2023-11-28T22:11:57.540-05:00 DEBUG 27472 --- [           main] o.hibernate.internal.util.EntityPrinter  : com.cash_flow_app.apicashflow.entities_repositories_and_services.base.authority.Authority{endpoint=IncomeExpense, permission=DELETE, id=51c645c0-dc8a-45f9-88d1-533e63701dbe}
2023-11-28T22:11:57.540-05:00 DEBUG 27472 --- [           main] o.hibernate.internal.util.EntityPrinter  : com.cash_flow_app.apicashflow.entities_repositories_and_services.base.authority.Authority{endpoint=ScheduledAccount, permission=READ, id=fed8cd26-d658-4965-b57c-1be9bb9eb61c}
2023-11-28T22:11:57.540-05:00 DEBUG 27472 --- [           main] o.hibernate.internal.util.EntityPrinter  : com.cash_flow_app.apicashflow.entities_repositories_and_services.base.authority.Authority{endpoint=ScheduledAccount, permission=CREATE, id=bd7f10f2-85c9-49d0-9a90-f83a87d9cdae}
2023-11-28T22:11:57.540-05:00 DEBUG 27472 --- [           main] o.hibernate.internal.util.EntityPrinter  : com.cash_flow_app.apicashflow.entities_repositories_and_services.base.account.Account{incomes_expenses=null, description=descripcion de cuenta, id=9ca89e74-85fd-488d-8a78-84d89db8fc05, users=[com.cash_flow_app.apicashflow.entities_repositories_and_services.base.user.User#42d841db-7fc9-4931-a3dd-3e7bbbbffccb, com.cash_flow_app.apicashflow.entities_repositories_and_services.base.user.User#42d841db-7fc9-4931-a3dd-3e7bbbbffccb]}
2023-11-28T22:11:57.540-05:00 DEBUG 27472 --- [           main] o.hibernate.internal.util.EntityPrinter  : com.cash_flow_app.apicashflow.entities_repositories_and_services.base.authority.Authority{endpoint=IncomeExpense, permission=READ, id=af9e383e-4459-4719-802e-94a22944b4b7}
2023-11-28T22:11:57.540-05:00 DEBUG 27472 --- [           main] o.hibernate.internal.util.EntityPrinter  : com.cash_flow_app.apicashflow.entities_repositories_and_services.base.authority.Authority{endpoint=Account, permission=DELETE, id=363894b3-8bdc-4764-ad13-d91f872e1a95}
2023-11-28T22:11:57.540-05:00 DEBUG 27472 --- [           main] o.hibernate.internal.util.EntityPrinter  : com.cash_flow_app.apicashflow.entities_repositories_and_services.base.user.User{password=$2a$10$iPxAy3JzZVqpphDRZnzjwOA4NUr16KK37icM.7HNg9xYVtg7JrrYK, id=42d841db-7fc9-4931-a3dd-3e7bbbbffccb, accounts=[com.cash_flow_app.apicashflow.entities_repositories_and_services.base.account.Account#9ca89e74-85fd-488d-8a78-84d89db8fc05, com.cash_flow_app.apicashflow.entities_repositories_and_services.base.account.Account#9ca89e74-85fd-488d-8a78-84d89db8fc05], authorities=[com.cash_flow_app.apicashflow.entities_repositories_and_services.base.authority.Authority#9aaf7d40-45f6-4ab6-90a9-a23f4c1b5f2f, com.cash_flow_app.apicashflow.entities_repositories_and_services.base.authority.Authority#b14a62f4-d04f-422a-a2a3-1f80e2635352, com.cash_flow_app.apicashflow.entities_repositories_and_services.base.authority.Authority#363894b3-8bdc-4764-ad13-d91f872e1a95, com.cash_flow_app.apicashflow.entities_repositories_and_services.base.authority.Authority#f4f135be-a2b5-48d1-a9d0-2b14e82cc373, com.cash_flow_app.apicashflow.entities_repositories_and_services.base.authority.Authority#35481739-2447-454f-8ec3-daf467bb2ae5, com.cash_flow_app.apicashflow.entities_repositories_and_services.base.authority.Authority#4de61a19-9cab-469d-856c-169a503a3f70, com.cash_flow_app.apicashflow.entities_repositories_and_services.base.authority.Authority#af9e383e-4459-4719-802e-94a22944b4b7, com.cash_flow_app.apicashflow.entities_repositories_and_services.base.authority.Authority#51c645c0-dc8a-45f9-88d1-533e63701dbe, com.cash_flow_app.apicashflow.entities_repositories_and_services.base.authority.Authority#bd7f10f2-85c9-49d0-9a90-f83a87d9cdae, com.cash_flow_app.apicashflow.entities_repositories_and_services.base.authority.Authority#fed8cd26-d658-4965-b57c-1be9bb9eb61c, com.cash_flow_app.apicashflow.entities_repositories_and_services.base.authority.Authority#76cfdeb6-c100-4ed8-bb40-d15e53690430], username=usuario_test}
2023-11-28T22:11:57.540-05:00 DEBUG 27472 --- [           main] o.hibernate.internal.util.EntityPrinter  : com.cash_flow_app.apicashflow.entities_repositories_and_services.base.authority.Authority{endpoint=ScheduledAccount, permission=DELETE, id=76cfdeb6-c100-4ed8-bb40-d15e53690430}
2023-11-28T22:11:57.540-05:00 DEBUG 27472 --- [           main] o.hibernate.internal.util.EntityPrinter  : com.cash_flow_app.apicashflow.entities_repositories_and_services.base.authority.Authority{endpoint=Account, permission=CREATE, id=9aaf7d40-45f6-4ab6-90a9-a23f4c1b5f2f}
2023-11-28T22:11:57.540-05:00 DEBUG 27472 --- [           main] o.hibernate.internal.util.EntityPrinter  : com.cash_flow_app.apicashflow.entities_repositories_and_services.base.authority.Authority{endpoint=Account, permission=READ, id=b14a62f4-d04f-422a-a2a3-1f80e2635352}
2023-11-28T22:11:57.540-05:00 DEBUG 27472 --- [           main] org.hibernate.engine.spi.ActionQueue     : Changes must be flushed to space: users
2023-11-28T22:11:57.541-05:00 DEBUG 27472 --- [           main] org.hibernate.SQL                        : 
    insert 
    into
        accounts
        (description, id) 
    values
        (?, ?)
2023-11-28T22:11:57.541-05:00 DEBUG 27472 --- [           main] o.h.p.c.AbstractCollectionPersister      : Inserting collection: [com.cash_flow_app.apicashflow.entities_repositories_and_services.base.user.User.accounts#42d841db-7fc9-4931-a3dd-3e7bbbbffccb]
2023-11-28T22:11:57.541-05:00 DEBUG 27472 --- [           main] org.hibernate.SQL                        : 
    insert 
    into
        user_account
        (user_id, account_id) 
    values
        (?, ?)
2023-11-28T22:11:57.542-05:00 DEBUG 27472 --- [           main] org.hibernate.SQL                        : 
    insert 
    into
        user_account
        (user_id, account_id) 
    values
        (?, ?)
2023-11-28T22:11:57.542-05:00 DEBUG 27472 --- [           main] o.h.engine.jdbc.spi.SqlExceptionHelper   : could not execute statement [n/a]

org.postgresql.util.PSQLException: ERROR: duplicate key value violates unique constraint "user_account_pkey"
  Detail: Key (user_id, account_id)=(42d841db-7fc9-4931-a3dd-3e7bbbbffccb, 9ca89e74-85fd-488d-8a78-84d89db8fc05) already exists.
	at org.postgresql.core.v3.QueryExecutorImpl.receiveErrorResponse(QueryExecutorImpl.java:2676) ~[postgresql-42.5.4.jar:42.5.4]
	at org.postgresql.core.v3.QueryExecutorImpl.processResults(QueryExecutorImpl.java:2366) ~[postgresql-42.5.4.jar:42.5.4]
	at org.postgresql.core.v3.QueryExecutorImpl.execute(QueryExecutorImpl.java:356) ~[postgresql-42.5.4.jar:42.5.4]
	at org.postgresql.jdbc.PgStatement.executeInternal(PgStatement.java:496) ~[postgresql-42.5.4.jar:42.5.4]
	at org.postgresql.jdbc.PgStatement.execute(PgStatement.java:413) ~[postgresql-42.5.4.jar:42.5.4]
	at org.postgresql.jdbc.PgPreparedStatement.executeWithFlags(PgPreparedStatement.java:190) ~[postgresql-42.5.4.jar:42.5.4]
	at org.postgresql.jdbc.PgPreparedStatement.executeUpdate(PgPreparedStatement.java:152) ~[postgresql-42.5.4.jar:42.5.4]
	at com.zaxxer.hikari.pool.ProxyPreparedStatement.executeUpdate(ProxyPreparedStatement.java:61) ~[HikariCP-5.0.1.jar:na]
	at com.zaxxer.hikari.pool.HikariProxyPreparedStatement.executeUpdate(HikariProxyPreparedStatement.java) ~[HikariCP-5.0.1.jar:na]
	at org.hibernate.engine.jdbc.internal.ResultSetReturnImpl.executeUpdate(ResultSetReturnImpl.java:197) ~[hibernate-core-6.1.7.Final.jar:6.1.7.Final]
	at org.hibernate.engine.jdbc.batch.internal.NonBatchingBatch.addToBatch(NonBatchingBatch.java:39) ~[hibernate-core-6.1.7.Final.jar:6.1.7.Final]
	at org.hibernate.persister.collection.AbstractCollectionPersister.recreate(AbstractCollectionPersister.java:1478) ~[hibernate-core-6.1.7.Final.jar:6.1.7.Final]
	at org.hibernate.action.internal.CollectionRecreateAction.execute(CollectionRecreateAction.java:47) ~[hibernate-core-6.1.7.Final.jar:6.1.7.Final]
	at org.hibernate.engine.spi.ActionQueue.executeActions(ActionQueue.java:612) ~[hibernate-core-6.1.7.Final.jar:6.1.7.Final]
	at org.hibernate.engine.spi.ActionQueue.lambda$executeActions$1(ActionQueue.java:483) ~[hibernate-core-6.1.7.Final.jar:6.1.7.Final]
	at java.base/java.util.LinkedHashMap.forEach(LinkedHashMap.java:729) ~[na:na]
	at org.hibernate.engine.spi.ActionQueue.executeActions(ActionQueue.java:480) ~[hibernate-core-6.1.7.Final.jar:6.1.7.Final]
	at org.hibernate.event.internal.AbstractFlushingEventListener.performExecutions(AbstractFlushingEventListener.java:329) ~[hibernate-core-6.1.7.Final.jar:6.1.7.Final]
	at org.hibernate.event.internal.DefaultAutoFlushEventListener.onAutoFlush(DefaultAutoFlushEventListener.java:55) ~[hibernate-core-6.1.7.Final.jar:6.1.7.Final]
	at org.hibernate.event.service.internal.EventListenerGroupImpl.fireEventOnEachListener(EventListenerGroupImpl.java:107) ~[hibernate-core-6.1.7.Final.jar:6.1.7.Final]
	at org.hibernate.internal.SessionImpl.autoFlushIfRequired(SessionImpl.java:1388) ~[hibernate-core-6.1.7.Final.jar:6.1.7.Final]
	at org.hibernate.query.sqm.internal.ConcreteSqmSelectQueryPlan.lambda$new$0(ConcreteSqmSelectQueryPlan.java:111) ~[hibernate-core-6.1.7.Final.jar:6.1.7.Final]
	at org.hibernate.query.sqm.internal.ConcreteSqmSelectQueryPlan.withCacheableSqmInterpretation(ConcreteSqmSelectQueryPlan.java:335) ~[hibernate-core-6.1.7.Final.jar:6.1.7.Final]
	at org.hibernate.query.sqm.internal.ConcreteSqmSelectQueryPlan.performList(ConcreteSqmSelectQueryPlan.java:276) ~[hibernate-core-6.1.7.Final.jar:6.1.7.Final]
	at org.hibernate.query.sqm.internal.QuerySqmImpl.doList(QuerySqmImpl.java:571) ~[hibernate-core-6.1.7.Final.jar:6.1.7.Final]
	at org.hibernate.query.spi.AbstractSelectionQuery.list(AbstractSelectionQuery.java:363) ~[hibernate-core-6.1.7.Final.jar:6.1.7.Final]
	at org.hibernate.query.sqm.internal.QuerySqmImpl.list(QuerySqmImpl.java:1073) ~[hibernate-core-6.1.7.Final.jar:6.1.7.Final]
	at org.hibernate.query.spi.AbstractSelectionQuery.getSingleResult(AbstractSelectionQuery.java:457) ~[hibernate-core-6.1.7.Final.jar:6.1.7.Final]
	at org.hibernate.query.sqm.internal.QuerySqmImpl.getSingleResult(QuerySqmImpl.java:1103) ~[hibernate-core-6.1.7.Final.jar:6.1.7.Final]
	at org.springframework.data.jpa.repository.query.JpaQueryExecution$SingleEntityExecution.doExecute(JpaQueryExecution.java:193) ~[spring-data-jpa-3.0.5.jar:3.0.5]
	at org.springframework.data.jpa.repository.query.JpaQueryExecution.execute(JpaQueryExecution.java:90) ~[spring-data-jpa-3.0.5.jar:3.0.5]
	at org.springframework.data.jpa.repository.query.AbstractJpaQuery.doExecute(AbstractJpaQuery.java:148) ~[spring-data-jpa-3.0.5.jar:3.0.5]
	at org.springframework.data.jpa.repository.query.AbstractJpaQuery.execute(AbstractJpaQuery.java:136) ~[spring-data-jpa-3.0.5.jar:3.0.5]
	at org.springframework.data.repository.core.support.RepositoryMethodInvoker.doInvoke(RepositoryMethodInvoker.java:136) ~[spring-data-commons-3.0.5.jar:3.0.5]
	at org.springframework.data.repository.core.support.RepositoryMethodInvoker.invoke(RepositoryMethodInvoker.java:120) ~[spring-data-commons-3.0.5.jar:3.0.5]
	at org.springframework.data.repository.core.support.QueryExecutorMethodInterceptor.doInvoke(QueryExecutorMethodInterceptor.java:164) ~[spring-data-commons-3.0.5.jar:3.0.5]
	at org.springframework.data.repository.core.support.QueryExecutorMethodInterceptor.invoke(QueryExecutorMethodInterceptor.java:143) ~[spring-data-commons-3.0.5.jar:3.0.5]
	at org.springframework.aop.framework.ReflectiveMethodInvocation.proceed(ReflectiveMethodInvocation.java:184) ~[spring-aop-6.0.8.jar:6.0.8]
	at org.springframework.data.projection.DefaultMethodInvokingMethodInterceptor.invoke(DefaultMethodInvokingMethodInterceptor.java:77) ~[spring-data-commons-3.0.5.jar:3.0.5]
	at org.springframework.aop.framework.ReflectiveMethodInvocation.proceed(ReflectiveMethodInvocation.java:184) ~[spring-aop-6.0.8.jar:6.0.8]
	at org.springframework.transaction.interceptor.TransactionInterceptor$1.proceedWithInvocation(TransactionInterceptor.java:123) ~[spring-tx-6.0.8.jar:6.0.8]
	at org.springframework.transaction.interceptor.TransactionAspectSupport.invokeWithinTransaction(TransactionAspectSupport.java:391) ~[spring-tx-6.0.8.jar:6.0.8]
	at org.springframework.transaction.interceptor.TransactionInterceptor.invoke(TransactionInterceptor.java:119) ~[spring-tx-6.0.8.jar:6.0.8]
	at org.springframework.aop.framework.ReflectiveMethodInvocation.proceed(ReflectiveMethodInvocation.java:184) ~[spring-aop-6.0.8.jar:6.0.8]
	at org.springframework.dao.support.PersistenceExceptionTranslationInterceptor.invoke(PersistenceExceptionTranslationInterceptor.java:137) ~[spring-tx-6.0.8.jar:6.0.8]
	at org.springframework.aop.framework.ReflectiveMethodInvocation.proceed(ReflectiveMethodInvocation.java:184) ~[spring-aop-6.0.8.jar:6.0.8]
	at org.springframework.data.jpa.repository.support.CrudMethodMetadataPostProcessor$CrudMethodMetadataPopulatingMethodInterceptor.invoke(CrudMethodMetadataPostProcessor.java:134) ~[spring-data-jpa-3.0.5.jar:3.0.5]
	at org.springframework.aop.framework.ReflectiveMethodInvocation.proceed(ReflectiveMethodInvocation.java:184) ~[spring-aop-6.0.8.jar:6.0.8]
	at org.springframework.aop.interceptor.ExposeInvocationInterceptor.invoke(ExposeInvocationInterceptor.java:97) ~[spring-aop-6.0.8.jar:6.0.8]
	at org.springframework.aop.framework.ReflectiveMethodInvocation.proceed(ReflectiveMethodInvocation.java:184) ~[spring-aop-6.0.8.jar:6.0.8]
	at org.springframework.aop.framework.JdkDynamicAopProxy.invoke(JdkDynamicAopProxy.java:223) ~[spring-aop-6.0.8.jar:6.0.8]
	at jdk.proxy2/jdk.proxy2.$Proxy148.findByUsername(Unknown Source) ~[na:na]
	at com.cash_flow_app.apicashflow.entities_repositories_and_services.base.user.UserService.findByUsername(UserService.java:56) ~[classes/:na]
	at com.cash_flow_app.apicashflow.entities_repositories_and_services.base.security.LoginService.loadUserByUsername(LoginService.java:18) ~[classes/:na]
	at com.cash_flow_app.apicashflow.utils.TokenUtils.getAuthentication(TokenUtils.java:40) ~[classes/:na]
	at com.cash_flow_app.apicashflow.entities_repositories_and_services.base.security.JWTAuthorizationFilter.doFilterInternal(JWTAuthorizationFilter.java:27) ~[classes/:na]
	at org.springframework.web.filter.OncePerRequestFilter.doFilter(OncePerRequestFilter.java:116) ~[spring-web-6.0.8.jar:6.0.8]
	at org.springframework.security.web.ObservationFilterChainDecorator$ObservationFilter.wrapFilter(ObservationFilterChainDecorator.java:185) ~[spring-security-web-6.0.3.jar:6.0.3]
	at org.springframework.security.web.ObservationFilterChainDecorator$ObservationFilter.doFilter(ObservationFilterChainDecorator.java:172) ~[spring-security-web-6.0.3.jar:6.0.3]
	at org.springframework.security.web.ObservationFilterChainDecorator$VirtualFilterChain.doFilter(ObservationFilterChainDecorator.java:133) ~[spring-security-web-6.0.3.jar:6.0.3]
	at org.springframework.security.web.authentication.logout.LogoutFilter.doFilter(LogoutFilter.java:107) ~[spring-security-web-6.0.3.jar:6.0.3]
	at org.springframework.security.web.authentication.logout.LogoutFilter.doFilter(LogoutFilter.java:93) ~[spring-security-web-6.0.3.jar:6.0.3]
	at org.springframework.security.web.ObservationFilterChainDecorator$ObservationFilter.wrapFilter(ObservationFilterChainDecorator.java:185) ~[spring-security-web-6.0.3.jar:6.0.3]
	at org.springframework.security.web.ObservationFilterChainDecorator$ObservationFilter.doFilter(ObservationFilterChainDecorator.java:172) ~[spring-security-web-6.0.3.jar:6.0.3]
	at org.springframework.security.web.ObservationFilterChainDecorator$VirtualFilterChain.doFilter(ObservationFilterChainDecorator.java:133) ~[spring-security-web-6.0.3.jar:6.0.3]
	at org.springframework.web.filter.CorsFilter.doFilterInternal(CorsFilter.java:91) ~[spring-web-6.0.8.jar:6.0.8]
	at org.springframework.web.filter.OncePerRequestFilter.doFilter(OncePerRequestFilter.java:116) ~[spring-web-6.0.8.jar:6.0.8]
	at org.springframework.security.web.ObservationFilterChainDecorator$ObservationFilter.wrapFilter(ObservationFilterChainDecorator.java:185) ~[spring-security-web-6.0.3.jar:6.0.3]
	at org.springframework.security.web.ObservationFilterChainDecorator$ObservationFilter.doFilter(ObservationFilterChainDecorator.java:172) ~[spring-security-web-6.0.3.jar:6.0.3]
	at org.springframework.security.web.ObservationFilterChainDecorator$VirtualFilterChain.doFilter(ObservationFilterChainDecorator.java:133) ~[spring-security-web-6.0.3.jar:6.0.3]
	at org.springframework.security.web.header.HeaderWriterFilter.doHeadersAfter(HeaderWriterFilter.java:90) ~[spring-security-web-6.0.3.jar:6.0.3]
	at org.springframework.security.web.header.HeaderWriterFilter.doFilterInternal(HeaderWriterFilter.java:75) ~[spring-security-web-6.0.3.jar:6.0.3]
	at org.springframework.web.filter.OncePerRequestFilter.doFilter(OncePerRequestFilter.java:116) ~[spring-web-6.0.8.jar:6.0.8]
	at org.springframework.security.web.ObservationFilterChainDecorator$ObservationFilter.wrapFilter(ObservationFilterChainDecorator.java:185) ~[spring-security-web-6.0.3.jar:6.0.3]
	at org.springframework.security.web.ObservationFilterChainDecorator$ObservationFilter.doFilter(ObservationFilterChainDecorator.java:172) ~[spring-security-web-6.0.3.jar:6.0.3]
	at org.springframework.security.web.ObservationFilterChainDecorator$VirtualFilterChain.doFilter(ObservationFilterChainDecorator.java:133) ~[spring-security-web-6.0.3.jar:6.0.3]
	at org.springframework.security.web.context.SecurityContextHolderFilter.doFilter(SecurityContextHolderFilter.java:82) ~[spring-security-web-6.0.3.jar:6.0.3]
	at org.springframework.security.web.context.SecurityContextHolderFilter.doFilter(SecurityContextHolderFilter.java:69) ~[spring-security-web-6.0.3.jar:6.0.3]
	at org.springframework.security.web.ObservationFilterChainDecorator$ObservationFilter.wrapFilter(ObservationFilterChainDecorator.java:185) ~[spring-security-web-6.0.3.jar:6.0.3]
	at org.springframework.security.web.ObservationFilterChainDecorator$ObservationFilter.doFilter(ObservationFilterChainDecorator.java:172) ~[spring-security-web-6.0.3.jar:6.0.3]
	at org.springframework.security.web.ObservationFilterChainDecorator$VirtualFilterChain.doFilter(ObservationFilterChainDecorator.java:133) ~[spring-security-web-6.0.3.jar:6.0.3]
	at org.springframework.security.web.context.request.async.WebAsyncManagerIntegrationFilter.doFilterInternal(WebAsyncManagerIntegrationFilter.java:62) ~[spring-security-web-6.0.3.jar:6.0.3]
	at org.springframework.web.filter.OncePerRequestFilter.doFilter(OncePerRequestFilter.java:116) ~[spring-web-6.0.8.jar:6.0.8]
	at org.springframework.security.web.ObservationFilterChainDecorator$ObservationFilter.wrapFilter(ObservationFilterChainDecorator.java:185) ~[spring-security-web-6.0.3.jar:6.0.3]
	at org.springframework.security.web.ObservationFilterChainDecorator$ObservationFilter.doFilter(ObservationFilterChainDecorator.java:172) ~[spring-security-web-6.0.3.jar:6.0.3]
	at org.springframework.security.web.ObservationFilterChainDecorator$VirtualFilterChain.doFilter(ObservationFilterChainDecorator.java:133) ~[spring-security-web-6.0.3.jar:6.0.3]
	at org.springframework.security.web.session.ForceEagerSessionCreationFilter.doFilterInternal(ForceEagerSessionCreationFilter.java:45) ~[spring-security-web-6.0.3.jar:6.0.3]
	at org.springframework.web.filter.OncePerRequestFilter.doFilter(OncePerRequestFilter.java:116) ~[spring-web-6.0.8.jar:6.0.8]
	at org.springframework.security.web.ObservationFilterChainDecorator$ObservationFilter.wrapFilter(ObservationFilterChainDecorator.java:185) ~[spring-security-web-6.0.3.jar:6.0.3]
	at org.springframework.security.web.ObservationFilterChainDecorator$ObservationFilter.doFilter(ObservationFilterChainDecorator.java:172) ~[spring-security-web-6.0.3.jar:6.0.3]
	at org.springframework.security.web.ObservationFilterChainDecorator$VirtualFilterChain.doFilter(ObservationFilterChainDecorator.java:133) ~[spring-security-web-6.0.3.jar:6.0.3]
	at org.springframework.security.web.session.DisableEncodeUrlFilter.doFilterInternal(DisableEncodeUrlFilter.java:42) ~[spring-security-web-6.0.3.jar:6.0.3]
	at org.springframework.web.filter.OncePerRequestFilter.doFilter(OncePerRequestFilter.java:116) ~[spring-web-6.0.8.jar:6.0.8]
	at org.springframework.security.web.ObservationFilterChainDecorator$ObservationFilter.wrapFilter(ObservationFilterChainDecorator.java:185) ~[spring-security-web-6.0.3.jar:6.0.3]
	at org.springframework.security.web.ObservationFilterChainDecorator$AroundFilterObservation$SimpleAroundFilterObservation.lambda$wrap$0(ObservationFilterChainDecorator.java:268) ~[spring-security-web-6.0.3.jar:6.0.3]
	at org.springframework.security.web.ObservationFilterChainDecorator$ObservationFilter.doFilter(ObservationFilterChainDecorator.java:169) ~[spring-security-web-6.0.3.jar:6.0.3]
	at org.springframework.security.web.ObservationFilterChainDecorator$VirtualFilterChain.doFilter(ObservationFilterChainDecorator.java:133) ~[spring-security-web-6.0.3.jar:6.0.3]
	at org.springframework.security.web.FilterChainProxy.doFilterInternal(FilterChainProxy.java:233) ~[spring-security-web-6.0.3.jar:6.0.3]
	at org.springframework.security.web.FilterChainProxy.doFilter(FilterChainProxy.java:191) ~[spring-security-web-6.0.3.jar:6.0.3]
	at org.springframework.web.filter.DelegatingFilterProxy.invokeDelegate(DelegatingFilterProxy.java:352) ~[spring-web-6.0.8.jar:6.0.8]
	at org.springframework.web.filter.DelegatingFilterProxy.doFilter(DelegatingFilterProxy.java:268) ~[spring-web-6.0.8.jar:6.0.8]
	at org.springframework.mock.web.MockFilterChain.doFilter(MockFilterChain.java:132) ~[spring-test-6.0.8.jar:6.0.8]
	at org.springframework.web.filter.RequestContextFilter.doFilterInternal(RequestContextFilter.java:100) ~[spring-web-6.0.8.jar:6.0.8]
	at org.springframework.web.filter.OncePerRequestFilter.doFilter(OncePerRequestFilter.java:116) ~[spring-web-6.0.8.jar:6.0.8]
	at org.springframework.mock.web.MockFilterChain.doFilter(MockFilterChain.java:132) ~[spring-test-6.0.8.jar:6.0.8]
	at org.springframework.web.filter.FormContentFilter.doFilterInternal(FormContentFilter.java:93) ~[spring-web-6.0.8.jar:6.0.8]
	at org.springframework.web.filter.OncePerRequestFilter.doFilter(OncePerRequestFilter.java:116) ~[spring-web-6.0.8.jar:6.0.8]
	at org.springframework.mock.web.MockFilterChain.doFilter(MockFilterChain.java:132) ~[spring-test-6.0.8.jar:6.0.8]
	at org.springframework.web.filter.ServerHttpObservationFilter.doFilterInternal(ServerHttpObservationFilter.java:109) ~[spring-web-6.0.8.jar:6.0.8]
	at org.springframework.web.filter.OncePerRequestFilter.doFilter(OncePerRequestFilter.java:116) ~[spring-web-6.0.8.jar:6.0.8]
	at org.springframework.mock.web.MockFilterChain.doFilter(MockFilterChain.java:132) ~[spring-test-6.0.8.jar:6.0.8]
	at org.springframework.web.filter.CharacterEncodingFilter.doFilterInternal(CharacterEncodingFilter.java:201) ~[spring-web-6.0.8.jar:6.0.8]
	at org.springframework.web.filter.OncePerRequestFilter.doFilter(OncePerRequestFilter.java:116) ~[spring-web-6.0.8.jar:6.0.8]
	at org.springframework.mock.web.MockFilterChain.doFilter(MockFilterChain.java:132) ~[spring-test-6.0.8.jar:6.0.8]
	at org.springframework.test.web.servlet.MockMvc.perform(MockMvc.java:201) ~[spring-test-6.0.8.jar:6.0.8]
	at com.cash_flow_app.apicashflow.controller.ScheduledAccountControllerTest.createIncomeExpenseResult(ScheduledAccountControllerTest.java:297) ~[test-classes/:na]
	at com.cash_flow_app.apicashflow.controller.ScheduledAccountControllerTest.create(ScheduledAccountControllerTest.java:159) ~[test-classes/:na]
	at java.base/jdk.internal.reflect.DirectMethodHandleAccessor.invoke(DirectMethodHandleAccessor.java:104) ~[na:na]
	at java.base/java.lang.reflect.Method.invoke(Method.java:578) ~[na:na]
	at org.junit.platform.commons.util.ReflectionUtils.invokeMethod(ReflectionUtils.java:727) ~[junit-platform-commons-1.9.2.jar:1.9.2]
	at org.junit.jupiter.engine.execution.MethodInvocation.proceed(MethodInvocation.java:60) ~[junit-jupiter-engine-5.9.2.jar:5.9.2]
	at org.junit.jupiter.engine.execution.InvocationInterceptorChain$ValidatingInvocation.proceed(InvocationInterceptorChain.java:131) ~[junit-jupiter-engine-5.9.2.jar:5.9.2]
	at org.junit.jupiter.engine.extension.TimeoutExtension.intercept(TimeoutExtension.java:156) ~[junit-jupiter-engine-5.9.2.jar:5.9.2]
	at org.junit.jupiter.engine.extension.TimeoutExtension.interceptTestableMethod(TimeoutExtension.java:147) ~[junit-jupiter-engine-5.9.2.jar:5.9.2]
	at org.junit.jupiter.engine.extension.TimeoutExtension.interceptTestMethod(TimeoutExtension.java:86) ~[junit-jupiter-engine-5.9.2.jar:5.9.2]
	at org.junit.jupiter.engine.execution.InterceptingExecutableInvoker$ReflectiveInterceptorCall.lambda$ofVoidMethod$0(InterceptingExecutableInvoker.java:103) ~[junit-jupiter-engine-5.9.2.jar:5.9.2]
	at org.junit.jupiter.engine.execution.InterceptingExecutableInvoker.lambda$invoke$0(InterceptingExecutableInvoker.java:93) ~[junit-jupiter-engine-5.9.2.jar:5.9.2]
	at org.junit.jupiter.engine.execution.InvocationInterceptorChain$InterceptedInvocation.proceed(InvocationInterceptorChain.java:106) ~[junit-jupiter-engine-5.9.2.jar:5.9.2]
	at org.junit.jupiter.engine.execution.InvocationInterceptorChain.proceed(InvocationInterceptorChain.java:64) ~[junit-jupiter-engine-5.9.2.jar:5.9.2]
	at org.junit.jupiter.engine.execution.InvocationInterceptorChain.chainAndInvoke(InvocationInterceptorChain.java:45) ~[junit-jupiter-engine-5.9.2.jar:5.9.2]
	at org.junit.jupiter.engine.execution.InvocationInterceptorChain.invoke(InvocationInterceptorChain.java:37) ~[junit-jupiter-engine-5.9.2.jar:5.9.2]
	at org.junit.jupiter.engine.execution.InterceptingExecutableInvoker.invoke(InterceptingExecutableInvoker.java:92) ~[junit-jupiter-engine-5.9.2.jar:5.9.2]
	at org.junit.jupiter.engine.execution.InterceptingExecutableInvoker.invoke(InterceptingExecutableInvoker.java:86) ~[junit-jupiter-engine-5.9.2.jar:5.9.2]
	at org.junit.jupiter.engine.descriptor.TestMethodTestDescriptor.lambda$invokeTestMethod$7(TestMethodTestDescriptor.java:217) ~[junit-jupiter-engine-5.9.2.jar:5.9.2]
	at org.junit.platform.engine.support.hierarchical.ThrowableCollector.execute(ThrowableCollector.java:73) ~[junit-platform-engine-1.9.2.jar:1.9.2]
	at org.junit.jupiter.engine.descriptor.TestMethodTestDescriptor.invokeTestMethod(TestMethodTestDescriptor.java:213) ~[junit-jupiter-engine-5.9.2.jar:5.9.2]
	at org.junit.jupiter.engine.descriptor.TestMethodTestDescriptor.execute(TestMethodTestDescriptor.java:138) ~[junit-jupiter-engine-5.9.2.jar:5.9.2]
	at org.junit.jupiter.engine.descriptor.TestMethodTestDescriptor.execute(TestMethodTestDescriptor.java:68) ~[junit-jupiter-engine-5.9.2.jar:5.9.2]
	at org.junit.platform.engine.support.hierarchical.NodeTestTask.lambda$executeRecursively$6(NodeTestTask.java:151) ~[junit-platform-engine-1.9.2.jar:1.9.2]
	at org.junit.platform.engine.support.hierarchical.ThrowableCollector.execute(ThrowableCollector.java:73) ~[junit-platform-engine-1.9.2.jar:1.9.2]
	at org.junit.platform.engine.support.hierarchical.NodeTestTask.lambda$executeRecursively$8(NodeTestTask.java:141) ~[junit-platform-engine-1.9.2.jar:1.9.2]
	at org.junit.platform.engine.support.hierarchical.Node.around(Node.java:137) ~[junit-platform-engine-1.9.2.jar:1.9.2]
	at org.junit.platform.engine.support.hierarchical.NodeTestTask.lambda$executeRecursively$9(NodeTestTask.java:139) ~[junit-platform-engine-1.9.2.jar:1.9.2]
	at org.junit.platform.engine.support.hierarchical.ThrowableCollector.execute(ThrowableCollector.java:73) ~[junit-platform-engine-1.9.2.jar:1.9.2]
	at org.junit.platform.engine.support.hierarchical.NodeTestTask.executeRecursively(NodeTestTask.java:138) ~[junit-platform-engine-1.9.2.jar:1.9.2]
	at org.junit.platform.engine.support.hierarchical.NodeTestTask.execute(NodeTestTask.java:95) ~[junit-platform-engine-1.9.2.jar:1.9.2]
	at java.base/java.util.ArrayList.forEach(ArrayList.java:1511) ~[na:na]
	at org.junit.platform.engine.support.hierarchical.SameThreadHierarchicalTestExecutorService.invokeAll(SameThreadHierarchicalTestExecutorService.java:41) ~[junit-platform-engine-1.9.2.jar:1.9.2]
	at org.junit.platform.engine.support.hierarchical.NodeTestTask.lambda$executeRecursively$6(NodeTestTask.java:155) ~[junit-platform-engine-1.9.2.jar:1.9.2]
	at org.junit.platform.engine.support.hierarchical.ThrowableCollector.execute(ThrowableCollector.java:73) ~[junit-platform-engine-1.9.2.jar:1.9.2]
	at org.junit.platform.engine.support.hierarchical.NodeTestTask.lambda$executeRecursively$8(NodeTestTask.java:141) ~[junit-platform-engine-1.9.2.jar:1.9.2]
	at org.junit.platform.engine.support.hierarchical.Node.around(Node.java:137) ~[junit-platform-engine-1.9.2.jar:1.9.2]
	at org.junit.platform.engine.support.hierarchical.NodeTestTask.lambda$executeRecursively$9(NodeTestTask.java:139) ~[junit-platform-engine-1.9.2.jar:1.9.2]
	at org.junit.platform.engine.support.hierarchical.ThrowableCollector.execute(ThrowableCollector.java:73) ~[junit-platform-engine-1.9.2.jar:1.9.2]
	at org.junit.platform.engine.support.hierarchical.NodeTestTask.executeRecursively(NodeTestTask.java:138) ~[junit-platform-engine-1.9.2.jar:1.9.2]
	at org.junit.platform.engine.support.hierarchical.NodeTestTask.execute(NodeTestTask.java:95) ~[junit-platform-engine-1.9.2.jar:1.9.2]
	at java.base/java.util.ArrayList.forEach(ArrayList.java:1511) ~[na:na]
	at org.junit.platform.engine.support.hierarchical.SameThreadHierarchicalTestExecutorService.invokeAll(SameThreadHierarchicalTestExecutorService.java:41) ~[junit-platform-engine-1.9.2.jar:1.9.2]
	at org.junit.platform.engine.support.hierarchical.NodeTestTask.lambda$executeRecursively$6(NodeTestTask.java:155) ~[junit-platform-engine-1.9.2.jar:1.9.2]
	at org.junit.platform.engine.support.hierarchical.ThrowableCollector.execute(ThrowableCollector.java:73) ~[junit-platform-engine-1.9.2.jar:1.9.2]
	at org.junit.platform.engine.support.hierarchical.NodeTestTask.lambda$executeRecursively$8(NodeTestTask.java:141) ~[junit-platform-engine-1.9.2.jar:1.9.2]
	at org.junit.platform.engine.support.hierarchical.Node.around(Node.java:137) ~[junit-platform-engine-1.9.2.jar:1.9.2]
	at org.junit.platform.engine.support.hierarchical.NodeTestTask.lambda$executeRecursively$9(NodeTestTask.java:139) ~[junit-platform-engine-1.9.2.jar:1.9.2]
	at org.junit.platform.engine.support.hierarchical.ThrowableCollector.execute(ThrowableCollector.java:73) ~[junit-platform-engine-1.9.2.jar:1.9.2]
	at org.junit.platform.engine.support.hierarchical.NodeTestTask.executeRecursively(NodeTestTask.java:138) ~[junit-platform-engine-1.9.2.jar:1.9.2]
	at org.junit.platform.engine.support.hierarchical.NodeTestTask.execute(NodeTestTask.java:95) ~[junit-platform-engine-1.9.2.jar:1.9.2]
	at org.junit.platform.engine.support.hierarchical.SameThreadHierarchicalTestExecutorService.submit(SameThreadHierarchicalTestExecutorService.java:35) ~[junit-platform-engine-1.9.2.jar:1.9.2]
	at org.junit.platform.engine.support.hierarchical.HierarchicalTestExecutor.execute(HierarchicalTestExecutor.java:57) ~[junit-platform-engine-1.9.2.jar:1.9.2]
	at org.junit.platform.engine.support.hierarchical.HierarchicalTestEngine.execute(HierarchicalTestEngine.java:54) ~[junit-platform-engine-1.9.2.jar:1.9.2]
	at org.junit.platform.launcher.core.DefaultLauncher.execute(DefaultLauncher.java:220) ~[junit-platform-launcher-1.3.1.jar:1.3.1]
	at org.junit.platform.launcher.core.DefaultLauncher.lambda$execute$6(DefaultLauncher.java:188) ~[junit-platform-launcher-1.3.1.jar:1.3.1]
	at org.junit.platform.launcher.core.DefaultLauncher.withInterceptedStreams(DefaultLauncher.java:202) ~[junit-platform-launcher-1.3.1.jar:1.3.1]
	at org.junit.platform.launcher.core.DefaultLauncher.execute(DefaultLauncher.java:181) ~[junit-platform-launcher-1.3.1.jar:1.3.1]
	at org.junit.platform.launcher.core.DefaultLauncher.execute(DefaultLauncher.java:128) ~[junit-platform-launcher-1.3.1.jar:1.3.1]
	at org.apache.maven.surefire.junitplatform.JUnitPlatformProvider.invokeAllTests(JUnitPlatformProvider.java:150) ~[surefire-junit-platform-2.22.2.jar:2.22.2]
	at org.apache.maven.surefire.junitplatform.JUnitPlatformProvider.invoke(JUnitPlatformProvider.java:124) ~[surefire-junit-platform-2.22.2.jar:2.22.2]
	at org.apache.maven.surefire.booter.ForkedBooter.invokeProviderInSameClassLoader(ForkedBooter.java:384) ~[surefire-booter-2.22.2.jar:2.22.2]
	at org.apache.maven.surefire.booter.ForkedBooter.runSuitesInProcess(ForkedBooter.java:345) ~[surefire-booter-2.22.2.jar:2.22.2]
	at org.apache.maven.surefire.booter.ForkedBooter.execute(ForkedBooter.java:126) ~[surefire-booter-2.22.2.jar:2.22.2]
	at org.apache.maven.surefire.booter.ForkedBooter.main(ForkedBooter.java:418) ~[surefire-booter-2.22.2.jar:2.22.2]

2023-11-28T22:11:57.543-05:00  WARN 27472 --- [           main] o.h.engine.jdbc.spi.SqlExceptionHelper   : SQL Error: 0, SQLState: 23505
2023-11-28T22:11:57.543-05:00 ERROR 27472 --- [           main] o.h.engine.jdbc.spi.SqlExceptionHelper   : ERROR: duplicate key value violates unique constraint "user_account_pkey"
  Detail: Key (user_id, account_id)=(42d841db-7fc9-4931-a3dd-3e7bbbbffccb, 9ca89e74-85fd-488d-8a78-84d89db8fc05) already exists.
2023-11-28T22:11:57.543-05:00  INFO 27472 --- [           main] o.h.e.j.b.internal.AbstractBatchImpl     : HHH000010: On release of batch it still contained JDBC statements
2023-11-28T22:11:57.543-05:00 DEBUG 27472 --- [           main] cResourceLocalTransactionCoordinatorImpl : JDBC transaction marked for rollback-only (exception provided for stack trace)

java.lang.Exception: exception just for purpose of providing stack trace
	at org.hibernate.resource.transaction.backend.jdbc.internal.JdbcResourceLocalTransactionCoordinatorImpl$TransactionDriverControlImpl.markRollbackOnly(JdbcResourceLocalTransactionCoordinatorImpl.java:324) ~[hibernate-core-6.1.7.Final.jar:6.1.7.Final]
	at org.hibernate.engine.transaction.internal.TransactionImpl.markRollbackOnly(TransactionImpl.java:203) ~[hibernate-core-6.1.7.Final.jar:6.1.7.Final]
	at org.hibernate.internal.AbstractSharedSessionContract.markForRollbackOnly(AbstractSharedSessionContract.java:434) ~[hibernate-core-6.1.7.Final.jar:6.1.7.Final]
	at org.hibernate.internal.ExceptionConverterImpl.handlePersistenceException(ExceptionConverterImpl.java:291) ~[hibernate-core-6.1.7.Final.jar:6.1.7.Final]
	at org.hibernate.internal.ExceptionConverterImpl.convert(ExceptionConverterImpl.java:168) ~[hibernate-core-6.1.7.Final.jar:6.1.7.Final]
	at org.hibernate.query.spi.AbstractSelectionQuery.list(AbstractSelectionQuery.java:374) ~[hibernate-core-6.1.7.Final.jar:6.1.7.Final]
	at org.hibernate.query.sqm.internal.QuerySqmImpl.list(QuerySqmImpl.java:1073) ~[hibernate-core-6.1.7.Final.jar:6.1.7.Final]
	at org.hibernate.query.spi.AbstractSelectionQuery.getSingleResult(AbstractSelectionQuery.java:457) ~[hibernate-core-6.1.7.Final.jar:6.1.7.Final]
	at org.hibernate.query.sqm.internal.QuerySqmImpl.getSingleResult(QuerySqmImpl.java:1103) ~[hibernate-core-6.1.7.Final.jar:6.1.7.Final]
	at org.springframework.data.jpa.repository.query.JpaQueryExecution$SingleEntityExecution.doExecute(JpaQueryExecution.java:193) ~[spring-data-jpa-3.0.5.jar:3.0.5]
	at org.springframework.data.jpa.repository.query.JpaQueryExecution.execute(JpaQueryExecution.java:90) ~[spring-data-jpa-3.0.5.jar:3.0.5]
	at org.springframework.data.jpa.repository.query.AbstractJpaQuery.doExecute(AbstractJpaQuery.java:148) ~[spring-data-jpa-3.0.5.jar:3.0.5]
	at org.springframework.data.jpa.repository.query.AbstractJpaQuery.execute(AbstractJpaQuery.java:136) ~[spring-data-jpa-3.0.5.jar:3.0.5]
	at org.springframework.data.repository.core.support.RepositoryMethodInvoker.doInvoke(RepositoryMethodInvoker.java:136) ~[spring-data-commons-3.0.5.jar:3.0.5]
	at org.springframework.data.repository.core.support.RepositoryMethodInvoker.invoke(RepositoryMethodInvoker.java:120) ~[spring-data-commons-3.0.5.jar:3.0.5]
	at org.springframework.data.repository.core.support.QueryExecutorMethodInterceptor.doInvoke(QueryExecutorMethodInterceptor.java:164) ~[spring-data-commons-3.0.5.jar:3.0.5]
	at org.springframework.data.repository.core.support.QueryExecutorMethodInterceptor.invoke(QueryExecutorMethodInterceptor.java:143) ~[spring-data-commons-3.0.5.jar:3.0.5]
	at org.springframework.aop.framework.ReflectiveMethodInvocation.proceed(ReflectiveMethodInvocation.java:184) ~[spring-aop-6.0.8.jar:6.0.8]
	at org.springframework.data.projection.DefaultMethodInvokingMethodInterceptor.invoke(DefaultMethodInvokingMethodInterceptor.java:77) ~[spring-data-commons-3.0.5.jar:3.0.5]
	at org.springframework.aop.framework.ReflectiveMethodInvocation.proceed(ReflectiveMethodInvocation.java:184) ~[spring-aop-6.0.8.jar:6.0.8]
	at org.springframework.transaction.interceptor.TransactionInterceptor$1.proceedWithInvocation(TransactionInterceptor.java:123) ~[spring-tx-6.0.8.jar:6.0.8]
	at org.springframework.transaction.interceptor.TransactionAspectSupport.invokeWithinTransaction(TransactionAspectSupport.java:391) ~[spring-tx-6.0.8.jar:6.0.8]
	at org.springframework.transaction.interceptor.TransactionInterceptor.invoke(TransactionInterceptor.java:119) ~[spring-tx-6.0.8.jar:6.0.8]
	at org.springframework.aop.framework.ReflectiveMethodInvocation.proceed(ReflectiveMethodInvocation.java:184) ~[spring-aop-6.0.8.jar:6.0.8]
	at org.springframework.dao.support.PersistenceExceptionTranslationInterceptor.invoke(PersistenceExceptionTranslationInterceptor.java:137) ~[spring-tx-6.0.8.jar:6.0.8]
	at org.springframework.aop.framework.ReflectiveMethodInvocation.proceed(ReflectiveMethodInvocation.java:184) ~[spring-aop-6.0.8.jar:6.0.8]
	at org.springframework.data.jpa.repository.support.CrudMethodMetadataPostProcessor$CrudMethodMetadataPopulatingMethodInterceptor.invoke(CrudMethodMetadataPostProcessor.java:134) ~[spring-data-jpa-3.0.5.jar:3.0.5]
	at org.springframework.aop.framework.ReflectiveMethodInvocation.proceed(ReflectiveMethodInvocation.java:184) ~[spring-aop-6.0.8.jar:6.0.8]
	at org.springframework.aop.interceptor.ExposeInvocationInterceptor.invoke(ExposeInvocationInterceptor.java:97) ~[spring-aop-6.0.8.jar:6.0.8]
	at org.springframework.aop.framework.ReflectiveMethodInvocation.proceed(ReflectiveMethodInvocation.java:184) ~[spring-aop-6.0.8.jar:6.0.8]
	at org.springframework.aop.framework.JdkDynamicAopProxy.invoke(JdkDynamicAopProxy.java:223) ~[spring-aop-6.0.8.jar:6.0.8]
	at jdk.proxy2/jdk.proxy2.$Proxy148.findByUsername(Unknown Source) ~[na:na]
	at com.cash_flow_app.apicashflow.entities_repositories_and_services.base.user.UserService.findByUsername(UserService.java:56) ~[classes/:na]
	at com.cash_flow_app.apicashflow.entities_repositories_and_services.base.security.LoginService.loadUserByUsername(LoginService.java:18) ~[classes/:na]
	at com.cash_flow_app.apicashflow.utils.TokenUtils.getAuthentication(TokenUtils.java:40) ~[classes/:na]
	at com.cash_flow_app.apicashflow.entities_repositories_and_services.base.security.JWTAuthorizationFilter.doFilterInternal(JWTAuthorizationFilter.java:27) ~[classes/:na]
	at org.springframework.web.filter.OncePerRequestFilter.doFilter(OncePerRequestFilter.java:116) ~[spring-web-6.0.8.jar:6.0.8]
	at org.springframework.security.web.ObservationFilterChainDecorator$ObservationFilter.wrapFilter(ObservationFilterChainDecorator.java:185) ~[spring-security-web-6.0.3.jar:6.0.3]
	at org.springframework.security.web.ObservationFilterChainDecorator$ObservationFilter.doFilter(ObservationFilterChainDecorator.java:172) ~[spring-security-web-6.0.3.jar:6.0.3]
	at org.springframework.security.web.ObservationFilterChainDecorator$VirtualFilterChain.doFilter(ObservationFilterChainDecorator.java:133) ~[spring-security-web-6.0.3.jar:6.0.3]
	at org.springframework.security.web.authentication.logout.LogoutFilter.doFilter(LogoutFilter.java:107) ~[spring-security-web-6.0.3.jar:6.0.3]
	at org.springframework.security.web.authentication.logout.LogoutFilter.doFilter(LogoutFilter.java:93) ~[spring-security-web-6.0.3.jar:6.0.3]
	at org.springframework.security.web.ObservationFilterChainDecorator$ObservationFilter.wrapFilter(ObservationFilterChainDecorator.java:185) ~[spring-security-web-6.0.3.jar:6.0.3]
	at org.springframework.security.web.ObservationFilterChainDecorator$ObservationFilter.doFilter(ObservationFilterChainDecorator.java:172) ~[spring-security-web-6.0.3.jar:6.0.3]
	at org.springframework.security.web.ObservationFilterChainDecorator$VirtualFilterChain.doFilter(ObservationFilterChainDecorator.java:133) ~[spring-security-web-6.0.3.jar:6.0.3]
	at org.springframework.web.filter.CorsFilter.doFilterInternal(CorsFilter.java:91) ~[spring-web-6.0.8.jar:6.0.8]
	at org.springframework.web.filter.OncePerRequestFilter.doFilter(OncePerRequestFilter.java:116) ~[spring-web-6.0.8.jar:6.0.8]
	at org.springframework.security.web.ObservationFilterChainDecorator$ObservationFilter.wrapFilter(ObservationFilterChainDecorator.java:185) ~[spring-security-web-6.0.3.jar:6.0.3]
	at org.springframework.security.web.ObservationFilterChainDecorator$ObservationFilter.doFilter(ObservationFilterChainDecorator.java:172) ~[spring-security-web-6.0.3.jar:6.0.3]
	at org.springframework.security.web.ObservationFilterChainDecorator$VirtualFilterChain.doFilter(ObservationFilterChainDecorator.java:133) ~[spring-security-web-6.0.3.jar:6.0.3]
	at org.springframework.security.web.header.HeaderWriterFilter.doHeadersAfter(HeaderWriterFilter.java:90) ~[spring-security-web-6.0.3.jar:6.0.3]
	at org.springframework.security.web.header.HeaderWriterFilter.doFilterInternal(HeaderWriterFilter.java:75) ~[spring-security-web-6.0.3.jar:6.0.3]
	at org.springframework.web.filter.OncePerRequestFilter.doFilter(OncePerRequestFilter.java:116) ~[spring-web-6.0.8.jar:6.0.8]
	at org.springframework.security.web.ObservationFilterChainDecorator$ObservationFilter.wrapFilter(ObservationFilterChainDecorator.java:185) ~[spring-security-web-6.0.3.jar:6.0.3]
	at org.springframework.security.web.ObservationFilterChainDecorator$ObservationFilter.doFilter(ObservationFilterChainDecorator.java:172) ~[spring-security-web-6.0.3.jar:6.0.3]
	at org.springframework.security.web.ObservationFilterChainDecorator$VirtualFilterChain.doFilter(ObservationFilterChainDecorator.java:133) ~[spring-security-web-6.0.3.jar:6.0.3]
	at org.springframework.security.web.context.SecurityContextHolderFilter.doFilter(SecurityContextHolderFilter.java:82) ~[spring-security-web-6.0.3.jar:6.0.3]
	at org.springframework.security.web.context.SecurityContextHolderFilter.doFilter(SecurityContextHolderFilter.java:69) ~[spring-security-web-6.0.3.jar:6.0.3]
	at org.springframework.security.web.ObservationFilterChainDecorator$ObservationFilter.wrapFilter(ObservationFilterChainDecorator.java:185) ~[spring-security-web-6.0.3.jar:6.0.3]
	at org.springframework.security.web.ObservationFilterChainDecorator$ObservationFilter.doFilter(ObservationFilterChainDecorator.java:172) ~[spring-security-web-6.0.3.jar:6.0.3]
	at org.springframework.security.web.ObservationFilterChainDecorator$VirtualFilterChain.doFilter(ObservationFilterChainDecorator.java:133) ~[spring-security-web-6.0.3.jar:6.0.3]
	at org.springframework.security.web.context.request.async.WebAsyncManagerIntegrationFilter.doFilterInternal(WebAsyncManagerIntegrationFilter.java:62) ~[spring-security-web-6.0.3.jar:6.0.3]
	at org.springframework.web.filter.OncePerRequestFilter.doFilter(OncePerRequestFilter.java:116) ~[spring-web-6.0.8.jar:6.0.8]
	at org.springframework.security.web.ObservationFilterChainDecorator$ObservationFilter.wrapFilter(ObservationFilterChainDecorator.java:185) ~[spring-security-web-6.0.3.jar:6.0.3]
	at org.springframework.security.web.ObservationFilterChainDecorator$ObservationFilter.doFilter(ObservationFilterChainDecorator.java:172) ~[spring-security-web-6.0.3.jar:6.0.3]
	at org.springframework.security.web.ObservationFilterChainDecorator$VirtualFilterChain.doFilter(ObservationFilterChainDecorator.java:133) ~[spring-security-web-6.0.3.jar:6.0.3]
	at org.springframework.security.web.session.ForceEagerSessionCreationFilter.doFilterInternal(ForceEagerSessionCreationFilter.java:45) ~[spring-security-web-6.0.3.jar:6.0.3]
	at org.springframework.web.filter.OncePerRequestFilter.doFilter(OncePerRequestFilter.java:116) ~[spring-web-6.0.8.jar:6.0.8]
	at org.springframework.security.web.ObservationFilterChainDecorator$ObservationFilter.wrapFilter(ObservationFilterChainDecorator.java:185) ~[spring-security-web-6.0.3.jar:6.0.3]
	at org.springframework.security.web.ObservationFilterChainDecorator$ObservationFilter.doFilter(ObservationFilterChainDecorator.java:172) ~[spring-security-web-6.0.3.jar:6.0.3]
	at org.springframework.security.web.ObservationFilterChainDecorator$VirtualFilterChain.doFilter(ObservationFilterChainDecorator.java:133) ~[spring-security-web-6.0.3.jar:6.0.3]
	at org.springframework.security.web.session.DisableEncodeUrlFilter.doFilterInternal(DisableEncodeUrlFilter.java:42) ~[spring-security-web-6.0.3.jar:6.0.3]
	at org.springframework.web.filter.OncePerRequestFilter.doFilter(OncePerRequestFilter.java:116) ~[spring-web-6.0.8.jar:6.0.8]
	at org.springframework.security.web.ObservationFilterChainDecorator$ObservationFilter.wrapFilter(ObservationFilterChainDecorator.java:185) ~[spring-security-web-6.0.3.jar:6.0.3]
	at org.springframework.security.web.ObservationFilterChainDecorator$AroundFilterObservation$SimpleAroundFilterObservation.lambda$wrap$0(ObservationFilterChainDecorator.java:268) ~[spring-security-web-6.0.3.jar:6.0.3]
	at org.springframework.security.web.ObservationFilterChainDecorator$ObservationFilter.doFilter(ObservationFilterChainDecorator.java:169) ~[spring-security-web-6.0.3.jar:6.0.3]
	at org.springframework.security.web.ObservationFilterChainDecorator$VirtualFilterChain.doFilter(ObservationFilterChainDecorator.java:133) ~[spring-security-web-6.0.3.jar:6.0.3]
	at org.springframework.security.web.FilterChainProxy.doFilterInternal(FilterChainProxy.java:233) ~[spring-security-web-6.0.3.jar:6.0.3]
	at org.springframework.security.web.FilterChainProxy.doFilter(FilterChainProxy.java:191) ~[spring-security-web-6.0.3.jar:6.0.3]
	at org.springframework.web.filter.DelegatingFilterProxy.invokeDelegate(DelegatingFilterProxy.java:352) ~[spring-web-6.0.8.jar:6.0.8]
	at org.springframework.web.filter.DelegatingFilterProxy.doFilter(DelegatingFilterProxy.java:268) ~[spring-web-6.0.8.jar:6.0.8]
	at org.springframework.mock.web.MockFilterChain.doFilter(MockFilterChain.java:132) ~[spring-test-6.0.8.jar:6.0.8]
	at org.springframework.web.filter.RequestContextFilter.doFilterInternal(RequestContextFilter.java:100) ~[spring-web-6.0.8.jar:6.0.8]
	at org.springframework.web.filter.OncePerRequestFilter.doFilter(OncePerRequestFilter.java:116) ~[spring-web-6.0.8.jar:6.0.8]
	at org.springframework.mock.web.MockFilterChain.doFilter(MockFilterChain.java:132) ~[spring-test-6.0.8.jar:6.0.8]
	at org.springframework.web.filter.FormContentFilter.doFilterInternal(FormContentFilter.java:93) ~[spring-web-6.0.8.jar:6.0.8]
	at org.springframework.web.filter.OncePerRequestFilter.doFilter(OncePerRequestFilter.java:116) ~[spring-web-6.0.8.jar:6.0.8]
	at org.springframework.mock.web.MockFilterChain.doFilter(MockFilterChain.java:132) ~[spring-test-6.0.8.jar:6.0.8]
	at org.springframework.web.filter.ServerHttpObservationFilter.doFilterInternal(ServerHttpObservationFilter.java:109) ~[spring-web-6.0.8.jar:6.0.8]
	at org.springframework.web.filter.OncePerRequestFilter.doFilter(OncePerRequestFilter.java:116) ~[spring-web-6.0.8.jar:6.0.8]
	at org.springframework.mock.web.MockFilterChain.doFilter(MockFilterChain.java:132) ~[spring-test-6.0.8.jar:6.0.8]
	at org.springframework.web.filter.CharacterEncodingFilter.doFilterInternal(CharacterEncodingFilter.java:201) ~[spring-web-6.0.8.jar:6.0.8]
	at org.springframework.web.filter.OncePerRequestFilter.doFilter(OncePerRequestFilter.java:116) ~[spring-web-6.0.8.jar:6.0.8]
	at org.springframework.mock.web.MockFilterChain.doFilter(MockFilterChain.java:132) ~[spring-test-6.0.8.jar:6.0.8]
	at org.springframework.test.web.servlet.MockMvc.perform(MockMvc.java:201) ~[spring-test-6.0.8.jar:6.0.8]
	at com.cash_flow_app.apicashflow.controller.ScheduledAccountControllerTest.createIncomeExpenseResult(ScheduledAccountControllerTest.java:297) ~[test-classes/:na]
	at com.cash_flow_app.apicashflow.controller.ScheduledAccountControllerTest.create(ScheduledAccountControllerTest.java:159) ~[test-classes/:na]
	at java.base/jdk.internal.reflect.DirectMethodHandleAccessor.invoke(DirectMethodHandleAccessor.java:104) ~[na:na]
	at java.base/java.lang.reflect.Method.invoke(Method.java:578) ~[na:na]
	at org.junit.platform.commons.util.ReflectionUtils.invokeMethod(ReflectionUtils.java:727) ~[junit-platform-commons-1.9.2.jar:1.9.2]
	at org.junit.jupiter.engine.execution.MethodInvocation.proceed(MethodInvocation.java:60) ~[junit-jupiter-engine-5.9.2.jar:5.9.2]
	at org.junit.jupiter.engine.execution.InvocationInterceptorChain$ValidatingInvocation.proceed(InvocationInterceptorChain.java:131) ~[junit-jupiter-engine-5.9.2.jar:5.9.2]
	at org.junit.jupiter.engine.extension.TimeoutExtension.intercept(TimeoutExtension.java:156) ~[junit-jupiter-engine-5.9.2.jar:5.9.2]
	at org.junit.jupiter.engine.extension.TimeoutExtension.interceptTestableMethod(TimeoutExtension.java:147) ~[junit-jupiter-engine-5.9.2.jar:5.9.2]
	at org.junit.jupiter.engine.extension.TimeoutExtension.interceptTestMethod(TimeoutExtension.java:86) ~[junit-jupiter-engine-5.9.2.jar:5.9.2]
	at org.junit.jupiter.engine.execution.InterceptingExecutableInvoker$ReflectiveInterceptorCall.lambda$ofVoidMethod$0(InterceptingExecutableInvoker.java:103) ~[junit-jupiter-engine-5.9.2.jar:5.9.2]
	at org.junit.jupiter.engine.execution.InterceptingExecutableInvoker.lambda$invoke$0(InterceptingExecutableInvoker.java:93) ~[junit-jupiter-engine-5.9.2.jar:5.9.2]
	at org.junit.jupiter.engine.execution.InvocationInterceptorChain$InterceptedInvocation.proceed(InvocationInterceptorChain.java:106) ~[junit-jupiter-engine-5.9.2.jar:5.9.2]
	at org.junit.jupiter.engine.execution.InvocationInterceptorChain.proceed(InvocationInterceptorChain.java:64) ~[junit-jupiter-engine-5.9.2.jar:5.9.2]
	at org.junit.jupiter.engine.execution.InvocationInterceptorChain.chainAndInvoke(InvocationInterceptorChain.java:45) ~[junit-jupiter-engine-5.9.2.jar:5.9.2]
	at org.junit.jupiter.engine.execution.InvocationInterceptorChain.invoke(InvocationInterceptorChain.java:37) ~[junit-jupiter-engine-5.9.2.jar:5.9.2]
	at org.junit.jupiter.engine.execution.InterceptingExecutableInvoker.invoke(InterceptingExecutableInvoker.java:92) ~[junit-jupiter-engine-5.9.2.jar:5.9.2]
	at org.junit.jupiter.engine.execution.InterceptingExecutableInvoker.invoke(InterceptingExecutableInvoker.java:86) ~[junit-jupiter-engine-5.9.2.jar:5.9.2]
	at org.junit.jupiter.engine.descriptor.TestMethodTestDescriptor.lambda$invokeTestMethod$7(TestMethodTestDescriptor.java:217) ~[junit-jupiter-engine-5.9.2.jar:5.9.2]
	at org.junit.platform.engine.support.hierarchical.ThrowableCollector.execute(ThrowableCollector.java:73) ~[junit-platform-engine-1.9.2.jar:1.9.2]
	at org.junit.jupiter.engine.descriptor.TestMethodTestDescriptor.invokeTestMethod(TestMethodTestDescriptor.java:213) ~[junit-jupiter-engine-5.9.2.jar:5.9.2]
	at org.junit.jupiter.engine.descriptor.TestMethodTestDescriptor.execute(TestMethodTestDescriptor.java:138) ~[junit-jupiter-engine-5.9.2.jar:5.9.2]
	at org.junit.jupiter.engine.descriptor.TestMethodTestDescriptor.execute(TestMethodTestDescriptor.java:68) ~[junit-jupiter-engine-5.9.2.jar:5.9.2]
	at org.junit.platform.engine.support.hierarchical.NodeTestTask.lambda$executeRecursively$6(NodeTestTask.java:151) ~[junit-platform-engine-1.9.2.jar:1.9.2]
	at org.junit.platform.engine.support.hierarchical.ThrowableCollector.execute(ThrowableCollector.java:73) ~[junit-platform-engine-1.9.2.jar:1.9.2]
	at org.junit.platform.engine.support.hierarchical.NodeTestTask.lambda$executeRecursively$8(NodeTestTask.java:141) ~[junit-platform-engine-1.9.2.jar:1.9.2]
	at org.junit.platform.engine.support.hierarchical.Node.around(Node.java:137) ~[junit-platform-engine-1.9.2.jar:1.9.2]
	at org.junit.platform.engine.support.hierarchical.NodeTestTask.lambda$executeRecursively$9(NodeTestTask.java:139) ~[junit-platform-engine-1.9.2.jar:1.9.2]
	at org.junit.platform.engine.support.hierarchical.ThrowableCollector.execute(ThrowableCollector.java:73) ~[junit-platform-engine-1.9.2.jar:1.9.2]
	at org.junit.platform.engine.support.hierarchical.NodeTestTask.executeRecursively(NodeTestTask.java:138) ~[junit-platform-engine-1.9.2.jar:1.9.2]
	at org.junit.platform.engine.support.hierarchical.NodeTestTask.execute(NodeTestTask.java:95) ~[junit-platform-engine-1.9.2.jar:1.9.2]
	at java.base/java.util.ArrayList.forEach(ArrayList.java:1511) ~[na:na]
	at org.junit.platform.engine.support.hierarchical.SameThreadHierarchicalTestExecutorService.invokeAll(SameThreadHierarchicalTestExecutorService.java:41) ~[junit-platform-engine-1.9.2.jar:1.9.2]
	at org.junit.platform.engine.support.hierarchical.NodeTestTask.lambda$executeRecursively$6(NodeTestTask.java:155) ~[junit-platform-engine-1.9.2.jar:1.9.2]
	at org.junit.platform.engine.support.hierarchical.ThrowableCollector.execute(ThrowableCollector.java:73) ~[junit-platform-engine-1.9.2.jar:1.9.2]
	at org.junit.platform.engine.support.hierarchical.NodeTestTask.lambda$executeRecursively$8(NodeTestTask.java:141) ~[junit-platform-engine-1.9.2.jar:1.9.2]
	at org.junit.platform.engine.support.hierarchical.Node.around(Node.java:137) ~[junit-platform-engine-1.9.2.jar:1.9.2]
	at org.junit.platform.engine.support.hierarchical.NodeTestTask.lambda$executeRecursively$9(NodeTestTask.java:139) ~[junit-platform-engine-1.9.2.jar:1.9.2]
	at org.junit.platform.engine.support.hierarchical.ThrowableCollector.execute(ThrowableCollector.java:73) ~[junit-platform-engine-1.9.2.jar:1.9.2]
	at org.junit.platform.engine.support.hierarchical.NodeTestTask.executeRecursively(NodeTestTask.java:138) ~[junit-platform-engine-1.9.2.jar:1.9.2]
	at org.junit.platform.engine.support.hierarchical.NodeTestTask.execute(NodeTestTask.java:95) ~[junit-platform-engine-1.9.2.jar:1.9.2]
	at java.base/java.util.ArrayList.forEach(ArrayList.java:1511) ~[na:na]
	at org.junit.platform.engine.support.hierarchical.SameThreadHierarchicalTestExecutorService.invokeAll(SameThreadHierarchicalTestExecutorService.java:41) ~[junit-platform-engine-1.9.2.jar:1.9.2]
	at org.junit.platform.engine.support.hierarchical.NodeTestTask.lambda$executeRecursively$6(NodeTestTask.java:155) ~[junit-platform-engine-1.9.2.jar:1.9.2]
	at org.junit.platform.engine.support.hierarchical.ThrowableCollector.execute(ThrowableCollector.java:73) ~[junit-platform-engine-1.9.2.jar:1.9.2]
	at org.junit.platform.engine.support.hierarchical.NodeTestTask.lambda$executeRecursively$8(NodeTestTask.java:141) ~[junit-platform-engine-1.9.2.jar:1.9.2]
	at org.junit.platform.engine.support.hierarchical.Node.around(Node.java:137) ~[junit-platform-engine-1.9.2.jar:1.9.2]
	at org.junit.platform.engine.support.hierarchical.NodeTestTask.lambda$executeRecursively$9(NodeTestTask.java:139) ~[junit-platform-engine-1.9.2.jar:1.9.2]
	at org.junit.platform.engine.support.hierarchical.ThrowableCollector.execute(ThrowableCollector.java:73) ~[junit-platform-engine-1.9.2.jar:1.9.2]
	at org.junit.platform.engine.support.hierarchical.NodeTestTask.executeRecursively(NodeTestTask.java:138) ~[junit-platform-engine-1.9.2.jar:1.9.2]
	at org.junit.platform.engine.support.hierarchical.NodeTestTask.execute(NodeTestTask.java:95) ~[junit-platform-engine-1.9.2.jar:1.9.2]
	at org.junit.platform.engine.support.hierarchical.SameThreadHierarchicalTestExecutorService.submit(SameThreadHierarchicalTestExecutorService.java:35) ~[junit-platform-engine-1.9.2.jar:1.9.2]
	at org.junit.platform.engine.support.hierarchical.HierarchicalTestExecutor.execute(HierarchicalTestExecutor.java:57) ~[junit-platform-engine-1.9.2.jar:1.9.2]
	at org.junit.platform.engine.support.hierarchical.HierarchicalTestEngine.execute(HierarchicalTestEngine.java:54) ~[junit-platform-engine-1.9.2.jar:1.9.2]
	at org.junit.platform.launcher.core.DefaultLauncher.execute(DefaultLauncher.java:220) ~[junit-platform-launcher-1.3.1.jar:1.3.1]
	at org.junit.platform.launcher.core.DefaultLauncher.lambda$execute$6(DefaultLauncher.java:188) ~[junit-platform-launcher-1.3.1.jar:1.3.1]
	at org.junit.platform.launcher.core.DefaultLauncher.withInterceptedStreams(DefaultLauncher.java:202) ~[junit-platform-launcher-1.3.1.jar:1.3.1]
	at org.junit.platform.launcher.core.DefaultLauncher.execute(DefaultLauncher.java:181) ~[junit-platform-launcher-1.3.1.jar:1.3.1]
	at org.junit.platform.launcher.core.DefaultLauncher.execute(DefaultLauncher.java:128) ~[junit-platform-launcher-1.3.1.jar:1.3.1]
	at org.apache.maven.surefire.junitplatform.JUnitPlatformProvider.invokeAllTests(JUnitPlatformProvider.java:150) ~[surefire-junit-platform-2.22.2.jar:2.22.2]
	at org.apache.maven.surefire.junitplatform.JUnitPlatformProvider.invoke(JUnitPlatformProvider.java:124) ~[surefire-junit-platform-2.22.2.jar:2.22.2]
	at org.apache.maven.surefire.booter.ForkedBooter.invokeProviderInSameClassLoader(ForkedBooter.java:384) ~[surefire-booter-2.22.2.jar:2.22.2]
	at org.apache.maven.surefire.booter.ForkedBooter.runSuitesInProcess(ForkedBooter.java:345) ~[surefire-booter-2.22.2.jar:2.22.2]
	at org.apache.maven.surefire.booter.ForkedBooter.execute(ForkedBooter.java:126) ~[surefire-booter-2.22.2.jar:2.22.2]
	at org.apache.maven.surefire.booter.ForkedBooter.main(ForkedBooter.java:418) ~[surefire-booter-2.22.2.jar:2.22.2]

2023-11-28T22:11:57.544-05:00 DEBUG 27472 --- [           main] org.springframework.test.context.cache   : Spring test ApplicationContext cache statistics: [DefaultContextCache@8caffbd size = 3, maxSize = 32, parentContextCount = 0, hitCount = 306, missCount = 3]
2023-11-28T22:11:57.544-05:00 DEBUG 27472 --- [           main] org.springframework.test.context.cache   : Spring test ApplicationContext cache statistics: [DefaultContextCache@8caffbd size = 3, maxSize = 32, parentContextCount = 0, hitCount = 307, missCount = 3]
2023-11-28T22:11:57.544-05:00 DEBUG 27472 --- [           main] org.springframework.test.context.cache   : Spring test ApplicationContext cache statistics: [DefaultContextCache@8caffbd size = 3, maxSize = 32, parentContextCount = 0, hitCount = 308, missCount = 3]

MockHttpServletRequest:
      HTTP Method = POST
      Request URI = /api/v1/user/signup
       Parameters = {_csrf=[0ThSsGKlnGrnMlxoh0SbpPF8uUPykdX24Z5I_Ho0iXa_9Chts1tm1VCSrFvKCj4N5Gmvx5RKlCGRpLHb1aspy0gC6EXexRtf]}
          Headers = [Content-Type:"application/json;charset=UTF-8", Content-Length:"306"]
             Body = {"username":"usuario_test","password":"123456","authorities":[{"endpoint":"Account","actions":["CREATE","READ","DELETE"]},{"endpoint":"User","actions":["CREATE","READ"]},{"endpoint":"IncomeExpense","actions":["CREATE","READ","DELETE"]},{"endpoint":"ScheduledAccount","actions":["CREATE","READ","DELETE"]}]}
    Session Attrs = {}

Handler:
             Type = com.cash_flow_app.apicashflow.controller.UserController
           Method = com.cash_flow_app.apicashflow.controller.UserController#signup(UserDto)

Async:
    Async started = false
     Async result = null

Resolved Exception:
             Type = null

ModelAndView:
        View name = null
             View = null
            Model = null

FlashMap:
       Attributes = null

MockHttpServletResponse:
           Status = 200
    Error message = null
          Headers = [Vary:"Origin", "Access-Control-Request-Method", "Access-Control-Request-Headers", Content-Type:"application/json", X-Content-Type-Options:"nosniff", X-XSS-Protection:"0", Cache-Control:"no-cache, no-store, max-age=0, must-revalidate", Pragma:"no-cache", Expires:"0", X-Frame-Options:"DENY"]
     Content type = application/json
             Body = {"username":"usuario_test","password":null,"token_auth":"eyJhbGciOiJIUzUxMiJ9.eyJzdWIiOiJ1c3VhcmlvX3Rlc3QiLCJleHAiOjE3MDM4MTk1MTd9.AnW1_ycsUW2YBgpJlL4qwryaFClzLF4JuHigFRqWW1ek9QjvLskfAyKnAXHJyZYaOvXFa9PAVKQ-ygMS76Nvdw","authorities":[{"endpoint":"Account","actions":["CREATE","READ","DELETE"]},{"endpoint":"User","actions":["CREATE","READ"]},{"endpoint":"IncomeExpense","actions":["CREATE","READ","DELETE"]},{"endpoint":"ScheduledAccount","actions":["CREATE","READ","DELETE"]}]}
    Forwarded URL = null
   Redirected URL = null
          Cookies = []

MockHttpServletRequest:
      HTTP Method = POST
      Request URI = /api/v1/user/login
       Parameters = {_csrf=[bvQl9jtXG3W_OguyRJIAtR-1YfOCEVMPkbWXmhiEGtNwYQvtWZZBlwlveBGSW26CJr80036NTMvhImUi9YWkrinlK-dFADLZ]}
          Headers = [Content-Type:"application/json;charset=UTF-8", Content-Length:"52"]
             Body = { "username": "usuario_test", "password": "123456" }
    Session Attrs = {}

Handler:
             Type = null

Async:
    Async started = false
     Async result = null

Resolved Exception:
             Type = null

ModelAndView:
        View name = null
             View = null
            Model = null

FlashMap:
       Attributes = null

MockHttpServletResponse:
           Status = 200
    Error message = null
          Headers = [Vary:"Origin", "Access-Control-Request-Method", "Access-Control-Request-Headers", Authorization:"Bearer eyJhbGciOiJIUzUxMiJ9.eyJzdWIiOiJ1c3VhcmlvX3Rlc3QiLCJleHAiOjE3MDM4MTk1MTd9.AnW1_ycsUW2YBgpJlL4qwryaFClzLF4JuHigFRqWW1ek9QjvLskfAyKnAXHJyZYaOvXFa9PAVKQ-ygMS76Nvdw", Access-Control-Expose-Headers:"Authorization", X-Content-Type-Options:"nosniff", X-XSS-Protection:"0", Cache-Control:"no-cache, no-store, max-age=0, must-revalidate", Pragma:"no-cache", Expires:"0", X-Frame-Options:"DENY"]
     Content type = null
             Body = 
    Forwarded URL = null
   Redirected URL = null
          Cookies = []

MockHttpServletRequest:
      HTTP Method = POST
      Request URI = /api/v1/account/create
       Parameters = {_csrf=[gPRk2SooTquzSBNyQMo15f-ClFzs0KEu5xc2e3uxtUn6ZWLnuZZd60lJK5KecCVFdOcB1520uWTessADgiZTTE6J1H-eUwDR]}
          Headers = [Content-Type:"application/json;charset=UTF-8", Authorization:"Bearer eyJhbGciOiJIUzUxMiJ9.eyJzdWIiOiJ1c3VhcmlvX3Rlc3QiLCJleHAiOjE3MDM4MTk1MTd9.AnW1_ycsUW2YBgpJlL4qwryaFClzLF4JuHigFRqWW1ek9QjvLskfAyKnAXHJyZYaOvXFa9PAVKQ-ygMS76Nvdw", Content-Length:"74"]
             Body = {"id":null,"description":"descripcion de cuenta","users":["usuario_test"]}
    Session Attrs = {SPRING_SECURITY_CONTEXT=SecurityContextImpl [Authentication=UsernamePasswordAuthenticationToken [Principal=usuario_test, Credentials=[PROTECTED], Authenticated=true, Details=null, Granted Authorities=[ENDPOINT_ACCOUNT_PERMISSION_CREATE, ENDPOINT_ACCOUNT_PERMISSION_READ, ENDPOINT_ACCOUNT_PERMISSION_DELETE, ENDPOINT_USER_PERMISSION_CREATE, ENDPOINT_USER_PERMISSION_READ, ENDPOINT_INCOMEEXPENSE_PERMISSION_CREATE, ENDPOINT_INCOMEEXPENSE_PERMISSION_READ, ENDPOINT_INCOMEEXPENSE_PERMISSION_DELETE, ENDPOINT_SCHEDULEDACCOUNT_PERMISSION_CREATE, ENDPOINT_SCHEDULEDACCOUNT_PERMISSION_READ, ENDPOINT_SCHEDULEDACCOUNT_PERMISSION_DELETE]]]}

Handler:
             Type = com.cash_flow_app.apicashflow.controller.AccountController
           Method = com.cash_flow_app.apicashflow.controller.AccountController#create(AccountDto)

Async:
    Async started = false
     Async result = null

Resolved Exception:
             Type = null

ModelAndView:
        View name = null
             View = null
            Model = null

FlashMap:
       Attributes = null

MockHttpServletResponse:
           Status = 200
    Error message = null
          Headers = [Vary:"Origin", "Access-Control-Request-Method", "Access-Control-Request-Headers", Content-Type:"application/json", X-Content-Type-Options:"nosniff", X-XSS-Protection:"0", Cache-Control:"no-cache, no-store, max-age=0, must-revalidate", Pragma:"no-cache", Expires:"0", X-Frame-Options:"DENY"]
     Content type = application/json
             Body = {"id":"9ca89e74-85fd-488d-8a78-84d89db8fc05","description":"descripcion de cuenta","users":["usuario_test","usuario_test"]}
    Forwarded URL = null
   Redirected URL = null
          Cookies = []
2023-11-28T22:11:57.545-05:00 DEBUG 27472 --- [           main] org.springframework.test.context.cache   : Spring test ApplicationContext cache statistics: [DefaultContextCache@8caffbd size = 3, maxSize = 32, parentContextCount = 0, hitCount = 309, missCount = 3]
2023-11-28T22:11:57.545-05:00 DEBUG 27472 --- [           main] org.springframework.test.context.cache   : Spring test ApplicationContext cache statistics: [DefaultContextCache@8caffbd size = 3, maxSize = 32, parentContextCount = 0, hitCount = 310, missCount = 3]
2023-11-28T22:11:57.546-05:00 DEBUG 27472 --- [           main] org.springframework.test.context.cache   : Spring test ApplicationContext cache statistics: [DefaultContextCache@8caffbd size = 3, maxSize = 32, parentContextCount = 0, hitCount = 311, missCount = 3]
2023-11-28T22:11:57.546-05:00 DEBUG 27472 --- [           main] org.springframework.test.context.cache   : Spring test ApplicationContext cache statistics: [DefaultContextCache@8caffbd size = 3, maxSize = 32, parentContextCount = 0, hitCount = 312, missCount = 3]
2023-11-28T22:11:57.546-05:00 DEBUG 27472 --- [           main] o.s.orm.jpa.JpaTransactionManager        : Initiating transaction rollback
2023-11-28T22:11:57.546-05:00 DEBUG 27472 --- [           main] o.s.orm.jpa.JpaTransactionManager        : Rolling back JPA transaction on EntityManager [SessionImpl(1944345342<open>)]
2023-11-28T22:11:57.546-05:00 DEBUG 27472 --- [           main] o.h.e.t.internal.TransactionImpl         : rolling back
2023-11-28T22:11:57.546-05:00 DEBUG 27472 --- [           main] org.postgresql.jdbc.PgConnection         :   setAutoCommit = true
2023-11-28T22:11:57.546-05:00 DEBUG 27472 --- [           main] o.s.orm.jpa.JpaTransactionManager        : Closing JPA EntityManager [SessionImpl(1944345342<open>)] after transaction
2023-11-28T22:11:57.546-05:00 DEBUG 27472 --- [           main] o.h.e.jdbc.internal.JdbcCoordinatorImpl  : HHH000420: Closing un-released batch
2023-11-28T22:11:57.546-05:00 DEBUG 27472 --- [           main] o.s.t.c.transaction.TransactionContext   : Rolled back transaction (1) for test class [com.cash_flow_app.apicashflow.controller.ScheduledAccountControllerTest]; test method [create]
2023-11-28T22:11:57.546-05:00 DEBUG 27472 --- [           main] tractDirtiesContextTestExecutionListener : After test method: class [ScheduledAccountControllerTest], method [create], class annotated with @DirtiesContext [false] with mode [null], method annotated with @DirtiesContext [false] with mode [null]
2023-11-28T22:11:57.546-05:00 DEBUG 27472 --- [           main] o.s.t.c.w.ServletTestExecutionListener   : Resetting RequestContextHolder for test class com.cash_flow_app.apicashflow.controller.ScheduledAccountControllerTest
]]></system-out>
  </testcase>
  <testcase name="getScheduledAccount" classname="com.cash_flow_app.apicashflow.controller.ScheduledAccountControllerTest" time="0.196">
    <error message="could not execute statement; SQL [n/a]; constraint [user_account_pkey]" type="org.springframework.dao.DataIntegrityViolationException">org.springframework.dao.DataIntegrityViolationException: could not execute statement; SQL [n/a]; constraint [user_account_pkey]
	at com.cash_flow_app.apicashflow.controller.ScheduledAccountControllerTest.createIncomeExpenseResult(ScheduledAccountControllerTest.java:297)
	at com.cash_flow_app.apicashflow.controller.ScheduledAccountControllerTest.getScheduledAccount(ScheduledAccountControllerTest.java:186)
Caused by: org.hibernate.exception.ConstraintViolationException: could not execute statement
	at com.cash_flow_app.apicashflow.controller.ScheduledAccountControllerTest.createIncomeExpenseResult(ScheduledAccountControllerTest.java:297)
	at com.cash_flow_app.apicashflow.controller.ScheduledAccountControllerTest.getScheduledAccount(ScheduledAccountControllerTest.java:186)
Caused by: org.postgresql.util.PSQLException: 
ERROR: duplicate key value violates unique constraint "user_account_pkey"
  Detail: Key (user_id, account_id)=(985df12b-4c66-4234-b0a1-83edf02bb771, 86a2f217-7f77-46f7-80af-02d4f6f0a79c) already exists.
	at com.cash_flow_app.apicashflow.controller.ScheduledAccountControllerTest.createIncomeExpenseResult(ScheduledAccountControllerTest.java:297)
	at com.cash_flow_app.apicashflow.controller.ScheduledAccountControllerTest.getScheduledAccount(ScheduledAccountControllerTest.java:186)
</error>
    <system-out><![CDATA[2023-11-28T22:11:57.547-05:00 DEBUG 27472 --- [           main] org.springframework.test.context.cache   : Spring test ApplicationContext cache statistics: [DefaultContextCache@8caffbd size = 3, maxSize = 32, parentContextCount = 0, hitCount = 313, missCount = 3]
2023-11-28T22:11:57.547-05:00 DEBUG 27472 --- [           main] o.s.t.c.w.ServletTestExecutionListener   : Setting up MockHttpServletRequest, MockHttpServletResponse, ServletWebRequest, and RequestContextHolder for test class com.cash_flow_app.apicashflow.controller.ScheduledAccountControllerTest
2023-11-28T22:11:57.547-05:00 DEBUG 27472 --- [           main] DependencyInjectionTestExecutionListener : Performing dependency injection for test class com.cash_flow_app.apicashflow.controller.ScheduledAccountControllerTest
2023-11-28T22:11:57.547-05:00 DEBUG 27472 --- [           main] org.springframework.test.context.cache   : Spring test ApplicationContext cache statistics: [DefaultContextCache@8caffbd size = 3, maxSize = 32, parentContextCount = 0, hitCount = 314, missCount = 3]
2023-11-28T22:11:57.547-05:00 DEBUG 27472 --- [           main] org.springframework.test.context.cache   : Spring test ApplicationContext cache statistics: [DefaultContextCache@8caffbd size = 3, maxSize = 32, parentContextCount = 0, hitCount = 315, missCount = 3]
2023-11-28T22:11:57.547-05:00 DEBUG 27472 --- [           main] tractDirtiesContextTestExecutionListener : Before test method: class [ScheduledAccountControllerTest], method [getScheduledAccount], class annotated with @DirtiesContext [false] with mode [null], method annotated with @DirtiesContext [false] with mode [null]
2023-11-28T22:11:57.547-05:00 DEBUG 27472 --- [           main] t.c.t.TransactionalTestExecutionListener : Explicit transaction definition [PROPAGATION_REQUIRED,ISOLATION_DEFAULT] found for test class [com.cash_flow_app.apicashflow.controller.ScheduledAccountControllerTest] and test method [getScheduledAccount]
2023-11-28T22:11:57.547-05:00 DEBUG 27472 --- [           main] org.springframework.test.context.cache   : Spring test ApplicationContext cache statistics: [DefaultContextCache@8caffbd size = 3, maxSize = 32, parentContextCount = 0, hitCount = 316, missCount = 3]
2023-11-28T22:11:57.547-05:00 DEBUG 27472 --- [           main] t.c.t.TransactionalTestExecutionListener : No method-level @Rollback override: using default rollback [true] for test method [void com.cash_flow_app.apicashflow.controller.ScheduledAccountControllerTest.getScheduledAccount() throws java.lang.Exception]
2023-11-28T22:11:57.547-05:00 DEBUG 27472 --- [           main] o.s.orm.jpa.JpaTransactionManager        : Creating new transaction with name [com.cash_flow_app.apicashflow.controller.ScheduledAccountControllerTest.getScheduledAccount]: PROPAGATION_REQUIRED,ISOLATION_DEFAULT
2023-11-28T22:11:57.548-05:00 DEBUG 27472 --- [           main] o.s.orm.jpa.JpaTransactionManager        : Opened new EntityManager [SessionImpl(916933656<open>)] for JPA transaction
2023-11-28T22:11:57.548-05:00 DEBUG 27472 --- [           main] o.h.e.t.internal.TransactionImpl         : On TransactionImpl creation, JpaCompliance#isJpaTransactionComplianceEnabled == false
2023-11-28T22:11:57.548-05:00 DEBUG 27472 --- [           main] o.h.e.t.internal.TransactionImpl         : begin
2023-11-28T22:11:57.548-05:00 DEBUG 27472 --- [           main] org.postgresql.jdbc.PgConnection         :   setAutoCommit = false
2023-11-28T22:11:57.548-05:00 DEBUG 27472 --- [           main] o.s.orm.jpa.JpaTransactionManager        : Exposing JPA transaction as JDBC [org.springframework.orm.jpa.vendor.HibernateJpaDialect$HibernateConnectionHandle@2e4752cc]
2023-11-28T22:11:57.548-05:00 DEBUG 27472 --- [           main] o.s.t.c.transaction.TransactionContext   : Began transaction (1) for test class [com.cash_flow_app.apicashflow.controller.ScheduledAccountControllerTest]; test method [getScheduledAccount]; transaction manager [org.springframework.orm.jpa.JpaTransactionManager@6448679f]; rollback [true]
2023-11-28T22:11:57.548-05:00 DEBUG 27472 --- [           main] org.springframework.test.context.cache   : Spring test ApplicationContext cache statistics: [DefaultContextCache@8caffbd size = 3, maxSize = 32, parentContextCount = 0, hitCount = 317, missCount = 3]
2023-11-28T22:11:57.548-05:00 DEBUG 27472 --- [           main] org.springframework.test.context.cache   : Spring test ApplicationContext cache statistics: [DefaultContextCache@8caffbd size = 3, maxSize = 32, parentContextCount = 0, hitCount = 318, missCount = 3]
2023-11-28T22:11:57.548-05:00 DEBUG 27472 --- [           main] o.s.test.util.ReflectionTestUtils        : Invoking method 'getFilters' on target object [FilterChainProxy[Filter Chains: [DefaultSecurityFilterChain [RequestMatcher=any request, Filters=[org.springframework.security.web.session.DisableEncodeUrlFilter@120e3ebb, org.springframework.security.web.session.ForceEagerSessionCreationFilter@753f1c3e, org.springframework.security.web.context.request.async.WebAsyncManagerIntegrationFilter@5e9af5d4, org.springframework.security.web.context.SecurityContextHolderFilter@1d18e5ad, org.springframework.security.web.header.HeaderWriterFilter@73b68d98, org.springframework.web.filter.CorsFilter@7863e6b2, org.springframework.security.web.authentication.logout.LogoutFilter@1e5a8278, JWTAuthorizationFilter(loginService=com.cash_flow_app.apicashflow.entities_repositories_and_services.base.security.LoginService@508b9c16), com.cash_flow_app.apicashflow.entities_repositories_and_services.base.security.JWTAuthenticationFilter@6fd2b939, org.springframework.security.web.savedrequest.RequestCacheAwareFilter@11def039, org.springframework.security.web.servletapi.SecurityContextHolderAwareRequestFilter@564375d7, org.springframework.security.web.authentication.AnonymousAuthenticationFilter@c4aa99e, org.springframework.security.web.session.SessionManagementFilter@69af6978, org.springframework.security.web.access.ExceptionTranslationFilter@4469046b, org.springframework.security.web.access.intercept.AuthorizationFilter@588d2e90]]]]] or target class [null] with arguments {org.springframework.mock.web.MockHttpServletRequest@7fa9b7f4}
2023-11-28T22:11:57.548-05:00 DEBUG 27472 --- [           main] o.s.test.util.ReflectionTestUtils        : Invoking method 'getFilters' on target object [FilterChainProxy[Filter Chains: [DefaultSecurityFilterChain [RequestMatcher=any request, Filters=[org.springframework.security.web.session.DisableEncodeUrlFilter@120e3ebb, org.springframework.security.web.session.ForceEagerSessionCreationFilter@753f1c3e, org.springframework.security.web.context.request.async.WebAsyncManagerIntegrationFilter@5e9af5d4, org.springframework.security.web.context.SecurityContextHolderFilter@1d18e5ad, org.springframework.security.web.header.HeaderWriterFilter@73b68d98, org.springframework.web.filter.CorsFilter@7863e6b2, org.springframework.security.web.authentication.logout.LogoutFilter@1e5a8278, JWTAuthorizationFilter(loginService=com.cash_flow_app.apicashflow.entities_repositories_and_services.base.security.LoginService@508b9c16), com.cash_flow_app.apicashflow.entities_repositories_and_services.base.security.JWTAuthenticationFilter@6fd2b939, org.springframework.security.web.savedrequest.RequestCacheAwareFilter@11def039, org.springframework.security.web.servletapi.SecurityContextHolderAwareRequestFilter@564375d7, org.springframework.security.web.authentication.AnonymousAuthenticationFilter@c4aa99e, org.springframework.security.web.session.SessionManagementFilter@69af6978, org.springframework.security.web.access.ExceptionTranslationFilter@4469046b, org.springframework.security.web.access.intercept.AuthorizationFilter@588d2e90]]]]] or target class [null] with arguments {org.springframework.mock.web.MockHttpServletRequest@7fa9b7f4}
2023-11-28T22:11:57.548-05:00 DEBUG 27472 --- [           main] o.s.test.util.ReflectionTestUtils        : Invoking method 'getFilters' on target object [FilterChainProxy[Filter Chains: [DefaultSecurityFilterChain [RequestMatcher=any request, Filters=[org.springframework.security.web.session.DisableEncodeUrlFilter@120e3ebb, org.springframework.security.web.session.ForceEagerSessionCreationFilter@753f1c3e, org.springframework.security.web.context.request.async.WebAsyncManagerIntegrationFilter@5e9af5d4, org.springframework.security.web.context.SecurityContextHolderFilter@1d18e5ad, org.springframework.security.web.header.HeaderWriterFilter@73b68d98, org.springframework.web.filter.CorsFilter@7863e6b2, org.springframework.security.web.authentication.logout.LogoutFilter@1e5a8278, JWTAuthorizationFilter(loginService=com.cash_flow_app.apicashflow.entities_repositories_and_services.base.security.LoginService@508b9c16), com.cash_flow_app.apicashflow.entities_repositories_and_services.base.security.JWTAuthenticationFilter@6fd2b939, org.springframework.security.web.savedrequest.RequestCacheAwareFilter@11def039, org.springframework.security.web.servletapi.SecurityContextHolderAwareRequestFilter@564375d7, org.springframework.security.web.authentication.AnonymousAuthenticationFilter@c4aa99e, org.springframework.security.web.session.SessionManagementFilter@69af6978, org.springframework.security.web.access.ExceptionTranslationFilter@4469046b, org.springframework.security.web.access.intercept.AuthorizationFilter@588d2e90]]]]] or target class [null] with arguments {org.springframework.mock.web.MockHttpServletRequest@7fa9b7f4}
2023-11-28T22:11:57.549-05:00 DEBUG 27472 --- [           main] o.s.security.web.FilterChainProxy        : Securing POST /api/v1/user/signup
2023-11-28T22:11:57.549-05:00 DEBUG 27472 --- [           main] .s.s.w.s.ForceEagerSessionCreationFilter : Created session eagerly
2023-11-28T22:11:57.549-05:00 DEBUG 27472 --- [           main] o.s.s.w.a.AnonymousAuthenticationFilter  : Set SecurityContextHolder to anonymous SecurityContext
2023-11-28T22:11:57.549-05:00 DEBUG 27472 --- [           main] s.w.s.m.m.a.RequestMappingHandlerMapping : Mapped to com.cash_flow_app.apicashflow.controller.UserController#signup(UserDto)
2023-11-28T22:11:57.549-05:00 DEBUG 27472 --- [           main] s.w.s.m.m.a.RequestMappingHandlerMapping : Mapped to com.cash_flow_app.apicashflow.controller.UserController#signup(UserDto)
2023-11-28T22:11:57.549-05:00 DEBUG 27472 --- [           main] s.w.s.m.m.a.RequestMappingHandlerMapping : Mapped to com.cash_flow_app.apicashflow.controller.UserController#signup(UserDto)
2023-11-28T22:11:57.549-05:00 DEBUG 27472 --- [           main] s.w.s.m.m.a.RequestMappingHandlerMapping : Mapped to com.cash_flow_app.apicashflow.controller.UserController#signup(UserDto)
2023-11-28T22:11:57.549-05:00 DEBUG 27472 --- [           main] s.w.s.m.m.a.RequestMappingHandlerMapping : Mapped to com.cash_flow_app.apicashflow.controller.UserController#signup(UserDto)
2023-11-28T22:11:57.549-05:00 DEBUG 27472 --- [           main] s.w.s.m.m.a.RequestMappingHandlerMapping : Mapped to com.cash_flow_app.apicashflow.controller.UserController#signup(UserDto)
2023-11-28T22:11:57.549-05:00 DEBUG 27472 --- [           main] s.w.s.m.m.a.RequestMappingHandlerMapping : Mapped to com.cash_flow_app.apicashflow.controller.UserController#signup(UserDto)
2023-11-28T22:11:57.550-05:00 DEBUG 27472 --- [           main] o.s.security.web.FilterChainProxy        : Secured POST /api/v1/user/signup
2023-11-28T22:11:57.550-05:00 DEBUG 27472 --- [           main] o.s.t.web.servlet.TestDispatcherServlet  : POST "/api/v1/user/signup", parameters={masked}
2023-11-28T22:11:57.550-05:00 DEBUG 27472 --- [           main] s.w.s.m.m.a.RequestMappingHandlerMapping : Mapped to com.cash_flow_app.apicashflow.controller.UserController#signup(UserDto)
2023-11-28T22:11:57.550-05:00 DEBUG 27472 --- [           main] m.m.a.RequestResponseBodyMethodProcessor : Read "application/json;charset=UTF-8" to [UserDto(username=usuario_test, password=123456, authorities=[{endpoint=Account, actions=[CREATE, REA (truncated)...]
2023-11-28T22:11:57.550-05:00 DEBUG 27472 --- [           main] org.hibernate.orm.sql.ast.create         : Created new SQL alias : a1_0
2023-11-28T22:11:57.550-05:00 DEBUG 27472 --- [           main] org.hibernate.orm.sql.ast.create         : Registration of TableGroup [StandardTableGroup(com.cash_flow_app.apicashflow.entities_repositories_and_services.base.authority.Authority(35202161494041))] with identifierForTableGroup [com.cash_flow_app.apicashflow.entities_repositories_and_services.base.authority.Authority] for NavigablePath [com.cash_flow_app.apicashflow.entities_repositories_and_services.base.authority.Authority] 
2023-11-28T22:11:57.550-05:00 DEBUG 27472 --- [           main] o.h.q.sqm.sql.BaseSqmToSqlAstConverter   : Determining mapping-model type for SqmParameter : org.hibernate.query.sqm.tree.expression.SqmJpaCriteriaParameterWrapper@5ef1fe1b
2023-11-28T22:11:57.550-05:00 DEBUG 27472 --- [           main] o.h.q.sqm.sql.BaseSqmToSqlAstConverter   : Determining mapping-model type for SqmPath : SqmBasicValuedSimplePath(com.cash_flow_app.apicashflow.entities_repositories_and_services.base.authority.Authority(35202161494041).permission) 
2023-11-28T22:11:57.551-05:00 DEBUG 27472 --- [           main] o.h.q.sqm.sql.BaseSqmToSqlAstConverter   : Determining mapping-model type for SqmParameter : org.hibernate.query.sqm.tree.expression.SqmJpaCriteriaParameterWrapper@52baae51
2023-11-28T22:11:57.551-05:00 DEBUG 27472 --- [           main] o.h.q.sqm.sql.BaseSqmToSqlAstConverter   : Determining mapping-model type for SqmPath : SqmBasicValuedSimplePath(com.cash_flow_app.apicashflow.entities_repositories_and_services.base.authority.Authority(35202161494041).endpoint) 
2023-11-28T22:11:57.551-05:00 DEBUG 27472 --- [           main] org.hibernate.orm.results.graph.AST      : DomainResult Graph:
 \-EntityResultImpl [com.cash_flow_app.apicashflow.entities_repositories_and_services.base.authority.Authority(35202161494041)]
 |  +-BasicFetch [com.cash_flow_app.apicashflow.entities_repositories_and_services.base.authority.Authority(35202161494041).endpoint]
 |  \-BasicFetch [com.cash_flow_app.apicashflow.entities_repositories_and_services.base.authority.Authority(35202161494041).permission]

2023-11-28T22:11:57.551-05:00 DEBUG 27472 --- [           main] org.hibernate.orm.sql.ast.tree           : SQL AST Tree:
    SelectStatement {
      FromClause {
        StandardTableGroup (a1 : com.cash_flow_app.apicashflow.entities_repositories_and_services.base.authority.Authority(35202161494041)) {
          primaryTableReference : authorities as a1_0
        }
      }
    }

2023-11-28T22:11:57.551-05:00 DEBUG 27472 --- [           main] org.hibernate.orm.sql.exec               : Skipping reading Query result cache data: cache-enabled = false, cache-mode = NORMAL
2023-11-28T22:11:57.551-05:00 DEBUG 27472 --- [           main] org.hibernate.orm.results                : Initializer list
2023-11-28T22:11:57.551-05:00 DEBUG 27472 --- [           main] org.hibernate.orm.results                :     com.cash_flow_app.apicashflow.entities_repositories_and_services.base.authority.Authority(35202161494041) -> EntityResultInitializer(com.cash_flow_app.apicashflow.entities_repositories_and_services.base.authority.Authority(35202161494041))@574918068 (SingleTableEntityPersister(com.cash_flow_app.apicashflow.entities_repositories_and_services.base.authority.Authority))
2023-11-28T22:11:57.551-05:00 DEBUG 27472 --- [           main] org.hibernate.SQL                        : 
    select
        a1_0.id,
        a1_0.endpoint,
        a1_0.permission 
    from
        authorities a1_0 
    where
        a1_0.permission=? 
        and a1_0.endpoint=?
2023-11-28T22:11:57.551-05:00 DEBUG 27472 --- [           main] org.hibernate.orm.results                : Extracted JDBC value [0] - [9aaf7d40-45f6-4ab6-90a9-a23f4c1b5f2f]
2023-11-28T22:11:57.551-05:00 DEBUG 27472 --- [           main] o.hibernate.orm.results.loading.entity   : (EntityResultInitializer) Hydrated EntityKey (com.cash_flow_app.apicashflow.entities_repositories_and_services.base.authority.Authority(35202161494041)): 9aaf7d40-45f6-4ab6-90a9-a23f4c1b5f2f
2023-11-28T22:11:57.551-05:00 DEBUG 27472 --- [           main] o.hibernate.orm.results.loading.entity   : (EntityResultInitializer) Created new entity instance [com.cash_flow_app.apicashflow.entities_repositories_and_services.base.authority.Authority(35202161494041)#9aaf7d40-45f6-4ab6-90a9-a23f4c1b5f2f] : com.cash_flow_app.apicashflow.entities_repositories_and_services.base.authority.Authority@4e75cf7c
2023-11-28T22:11:57.551-05:00 DEBUG 27472 --- [           main] org.hibernate.orm.results                : Extracted JDBC value [1] - [Account]
2023-11-28T22:11:57.551-05:00 DEBUG 27472 --- [           main] org.hibernate.orm.results                : Extracted JDBC value [2] - [CREATE]
2023-11-28T22:11:57.551-05:00 DEBUG 27472 --- [           main] o.hibernate.orm.results.loading.entity   : (EntityResultInitializer) Done materializing entityInstance : com.cash_flow_app.apicashflow.entities_repositories_and_services.base.authority.Authority(35202161494041)#9aaf7d40-45f6-4ab6-90a9-a23f4c1b5f2f
2023-11-28T22:11:57.551-05:00 DEBUG 27472 --- [           main] org.hibernate.orm.results.loading        : Calling top-level assembler (0 / 1) : org.hibernate.sql.results.graph.entity.internal.EntityAssembler@48dad22b
2023-11-28T22:11:57.552-05:00 DEBUG 27472 --- [           main] org.hibernate.orm.sql.ast.create         : Created new SQL alias : a1_0
2023-11-28T22:11:57.552-05:00 DEBUG 27472 --- [           main] org.hibernate.orm.sql.ast.create         : Registration of TableGroup [StandardTableGroup(com.cash_flow_app.apicashflow.entities_repositories_and_services.base.authority.Authority(35202161494041))] with identifierForTableGroup [com.cash_flow_app.apicashflow.entities_repositories_and_services.base.authority.Authority] for NavigablePath [com.cash_flow_app.apicashflow.entities_repositories_and_services.base.authority.Authority] 
2023-11-28T22:11:57.552-05:00 DEBUG 27472 --- [           main] o.h.q.sqm.sql.BaseSqmToSqlAstConverter   : Determining mapping-model type for SqmParameter : org.hibernate.query.sqm.tree.expression.SqmJpaCriteriaParameterWrapper@144ad1f5
2023-11-28T22:11:57.552-05:00 DEBUG 27472 --- [           main] o.h.q.sqm.sql.BaseSqmToSqlAstConverter   : Determining mapping-model type for SqmPath : SqmBasicValuedSimplePath(com.cash_flow_app.apicashflow.entities_repositories_and_services.base.authority.Authority(35202161494041).permission) 
2023-11-28T22:11:57.552-05:00 DEBUG 27472 --- [           main] o.h.q.sqm.sql.BaseSqmToSqlAstConverter   : Determining mapping-model type for SqmParameter : org.hibernate.query.sqm.tree.expression.SqmJpaCriteriaParameterWrapper@78eee5fc
2023-11-28T22:11:57.552-05:00 DEBUG 27472 --- [           main] o.h.q.sqm.sql.BaseSqmToSqlAstConverter   : Determining mapping-model type for SqmPath : SqmBasicValuedSimplePath(com.cash_flow_app.apicashflow.entities_repositories_and_services.base.authority.Authority(35202161494041).endpoint) 
2023-11-28T22:11:57.552-05:00 DEBUG 27472 --- [           main] org.hibernate.orm.results.graph.AST      : DomainResult Graph:
 \-EntityResultImpl [com.cash_flow_app.apicashflow.entities_repositories_and_services.base.authority.Authority(35202161494041)]
 |  +-BasicFetch [com.cash_flow_app.apicashflow.entities_repositories_and_services.base.authority.Authority(35202161494041).endpoint]
 |  \-BasicFetch [com.cash_flow_app.apicashflow.entities_repositories_and_services.base.authority.Authority(35202161494041).permission]

2023-11-28T22:11:57.552-05:00 DEBUG 27472 --- [           main] org.hibernate.orm.sql.ast.tree           : SQL AST Tree:
    SelectStatement {
      FromClause {
        StandardTableGroup (a1 : com.cash_flow_app.apicashflow.entities_repositories_and_services.base.authority.Authority(35202161494041)) {
          primaryTableReference : authorities as a1_0
        }
      }
    }

2023-11-28T22:11:57.552-05:00 DEBUG 27472 --- [           main] o.h.e.i.AbstractFlushingEventListener    : Processing flush-time cascades
2023-11-28T22:11:57.552-05:00 DEBUG 27472 --- [           main] o.h.e.i.AbstractFlushingEventListener    : Dirty checking collections
2023-11-28T22:11:57.552-05:00 DEBUG 27472 --- [           main] o.h.e.i.AbstractFlushingEventListener    : Flushed: 0 insertions, 0 updates, 0 deletions to 1 objects
2023-11-28T22:11:57.552-05:00 DEBUG 27472 --- [           main] o.h.e.i.AbstractFlushingEventListener    : Flushed: 0 (re)creations, 0 updates, 0 removals to 0 collections
2023-11-28T22:11:57.552-05:00 DEBUG 27472 --- [           main] o.hibernate.internal.util.EntityPrinter  : Listing entities:
2023-11-28T22:11:57.552-05:00 DEBUG 27472 --- [           main] o.hibernate.internal.util.EntityPrinter  : com.cash_flow_app.apicashflow.entities_repositories_and_services.base.authority.Authority{endpoint=Account, permission=CREATE, id=9aaf7d40-45f6-4ab6-90a9-a23f4c1b5f2f}
2023-11-28T22:11:57.552-05:00 DEBUG 27472 --- [           main] org.hibernate.orm.sql.exec               : Skipping reading Query result cache data: cache-enabled = false, cache-mode = NORMAL
2023-11-28T22:11:57.552-05:00 DEBUG 27472 --- [           main] org.hibernate.orm.results                : Initializer list
2023-11-28T22:11:57.552-05:00 DEBUG 27472 --- [           main] org.hibernate.orm.results                :     com.cash_flow_app.apicashflow.entities_repositories_and_services.base.authority.Authority(35202161494041) -> EntityResultInitializer(com.cash_flow_app.apicashflow.entities_repositories_and_services.base.authority.Authority(35202161494041))@1260153142 (SingleTableEntityPersister(com.cash_flow_app.apicashflow.entities_repositories_and_services.base.authority.Authority))
2023-11-28T22:11:57.552-05:00 DEBUG 27472 --- [           main] org.hibernate.SQL                        : 
    select
        a1_0.id,
        a1_0.endpoint,
        a1_0.permission 
    from
        authorities a1_0 
    where
        a1_0.permission=? 
        and a1_0.endpoint=?
2023-11-28T22:11:57.552-05:00 DEBUG 27472 --- [           main] org.hibernate.orm.results                : Extracted JDBC value [0] - [b14a62f4-d04f-422a-a2a3-1f80e2635352]
2023-11-28T22:11:57.552-05:00 DEBUG 27472 --- [           main] o.hibernate.orm.results.loading.entity   : (EntityResultInitializer) Hydrated EntityKey (com.cash_flow_app.apicashflow.entities_repositories_and_services.base.authority.Authority(35202161494041)): b14a62f4-d04f-422a-a2a3-1f80e2635352
2023-11-28T22:11:57.552-05:00 DEBUG 27472 --- [           main] o.hibernate.orm.results.loading.entity   : (EntityResultInitializer) Created new entity instance [com.cash_flow_app.apicashflow.entities_repositories_and_services.base.authority.Authority(35202161494041)#b14a62f4-d04f-422a-a2a3-1f80e2635352] : com.cash_flow_app.apicashflow.entities_repositories_and_services.base.authority.Authority@2ac50ab0
2023-11-28T22:11:57.552-05:00 DEBUG 27472 --- [           main] org.hibernate.orm.results                : Extracted JDBC value [1] - [Account]
2023-11-28T22:11:57.552-05:00 DEBUG 27472 --- [           main] org.hibernate.orm.results                : Extracted JDBC value [2] - [READ]
2023-11-28T22:11:57.552-05:00 DEBUG 27472 --- [           main] o.hibernate.orm.results.loading.entity   : (EntityResultInitializer) Done materializing entityInstance : com.cash_flow_app.apicashflow.entities_repositories_and_services.base.authority.Authority(35202161494041)#b14a62f4-d04f-422a-a2a3-1f80e2635352
2023-11-28T22:11:57.552-05:00 DEBUG 27472 --- [           main] org.hibernate.orm.results.loading        : Calling top-level assembler (0 / 1) : org.hibernate.sql.results.graph.entity.internal.EntityAssembler@2388307
2023-11-28T22:11:57.552-05:00 DEBUG 27472 --- [           main] org.hibernate.orm.sql.ast.create         : Created new SQL alias : a1_0
2023-11-28T22:11:57.552-05:00 DEBUG 27472 --- [           main] org.hibernate.orm.sql.ast.create         : Registration of TableGroup [StandardTableGroup(com.cash_flow_app.apicashflow.entities_repositories_and_services.base.authority.Authority(35202161494041))] with identifierForTableGroup [com.cash_flow_app.apicashflow.entities_repositories_and_services.base.authority.Authority] for NavigablePath [com.cash_flow_app.apicashflow.entities_repositories_and_services.base.authority.Authority] 
2023-11-28T22:11:57.552-05:00 DEBUG 27472 --- [           main] o.h.q.sqm.sql.BaseSqmToSqlAstConverter   : Determining mapping-model type for SqmParameter : org.hibernate.query.sqm.tree.expression.SqmJpaCriteriaParameterWrapper@2c7ceffa
2023-11-28T22:11:57.552-05:00 DEBUG 27472 --- [           main] o.h.q.sqm.sql.BaseSqmToSqlAstConverter   : Determining mapping-model type for SqmPath : SqmBasicValuedSimplePath(com.cash_flow_app.apicashflow.entities_repositories_and_services.base.authority.Authority(35202161494041).permission) 
2023-11-28T22:11:57.552-05:00 DEBUG 27472 --- [           main] o.h.q.sqm.sql.BaseSqmToSqlAstConverter   : Determining mapping-model type for SqmParameter : org.hibernate.query.sqm.tree.expression.SqmJpaCriteriaParameterWrapper@3408de38
2023-11-28T22:11:57.552-05:00 DEBUG 27472 --- [           main] o.h.q.sqm.sql.BaseSqmToSqlAstConverter   : Determining mapping-model type for SqmPath : SqmBasicValuedSimplePath(com.cash_flow_app.apicashflow.entities_repositories_and_services.base.authority.Authority(35202161494041).endpoint) 
2023-11-28T22:11:57.552-05:00 DEBUG 27472 --- [           main] org.hibernate.orm.results.graph.AST      : DomainResult Graph:
 \-EntityResultImpl [com.cash_flow_app.apicashflow.entities_repositories_and_services.base.authority.Authority(35202161494041)]
 |  +-BasicFetch [com.cash_flow_app.apicashflow.entities_repositories_and_services.base.authority.Authority(35202161494041).endpoint]
 |  \-BasicFetch [com.cash_flow_app.apicashflow.entities_repositories_and_services.base.authority.Authority(35202161494041).permission]

2023-11-28T22:11:57.553-05:00 DEBUG 27472 --- [           main] org.hibernate.orm.sql.ast.tree           : SQL AST Tree:
    SelectStatement {
      FromClause {
        StandardTableGroup (a1 : com.cash_flow_app.apicashflow.entities_repositories_and_services.base.authority.Authority(35202161494041)) {
          primaryTableReference : authorities as a1_0
        }
      }
    }

2023-11-28T22:11:57.553-05:00 DEBUG 27472 --- [           main] o.h.e.i.AbstractFlushingEventListener    : Processing flush-time cascades
2023-11-28T22:11:57.553-05:00 DEBUG 27472 --- [           main] o.h.e.i.AbstractFlushingEventListener    : Dirty checking collections
2023-11-28T22:11:57.553-05:00 DEBUG 27472 --- [           main] o.h.e.i.AbstractFlushingEventListener    : Flushed: 0 insertions, 0 updates, 0 deletions to 2 objects
2023-11-28T22:11:57.553-05:00 DEBUG 27472 --- [           main] o.h.e.i.AbstractFlushingEventListener    : Flushed: 0 (re)creations, 0 updates, 0 removals to 0 collections
2023-11-28T22:11:57.553-05:00 DEBUG 27472 --- [           main] o.hibernate.internal.util.EntityPrinter  : Listing entities:
2023-11-28T22:11:57.553-05:00 DEBUG 27472 --- [           main] o.hibernate.internal.util.EntityPrinter  : com.cash_flow_app.apicashflow.entities_repositories_and_services.base.authority.Authority{endpoint=Account, permission=CREATE, id=9aaf7d40-45f6-4ab6-90a9-a23f4c1b5f2f}
2023-11-28T22:11:57.553-05:00 DEBUG 27472 --- [           main] o.hibernate.internal.util.EntityPrinter  : com.cash_flow_app.apicashflow.entities_repositories_and_services.base.authority.Authority{endpoint=Account, permission=READ, id=b14a62f4-d04f-422a-a2a3-1f80e2635352}
2023-11-28T22:11:57.553-05:00 DEBUG 27472 --- [           main] org.hibernate.orm.sql.exec               : Skipping reading Query result cache data: cache-enabled = false, cache-mode = NORMAL
2023-11-28T22:11:57.553-05:00 DEBUG 27472 --- [           main] org.hibernate.orm.results                : Initializer list
2023-11-28T22:11:57.553-05:00 DEBUG 27472 --- [           main] org.hibernate.orm.results                :     com.cash_flow_app.apicashflow.entities_repositories_and_services.base.authority.Authority(35202161494041) -> EntityResultInitializer(com.cash_flow_app.apicashflow.entities_repositories_and_services.base.authority.Authority(35202161494041))@1237290342 (SingleTableEntityPersister(com.cash_flow_app.apicashflow.entities_repositories_and_services.base.authority.Authority))
2023-11-28T22:11:57.553-05:00 DEBUG 27472 --- [           main] org.hibernate.SQL                        : 
    select
        a1_0.id,
        a1_0.endpoint,
        a1_0.permission 
    from
        authorities a1_0 
    where
        a1_0.permission=? 
        and a1_0.endpoint=?
2023-11-28T22:11:57.553-05:00 DEBUG 27472 --- [           main] org.hibernate.orm.results                : Extracted JDBC value [0] - [363894b3-8bdc-4764-ad13-d91f872e1a95]
2023-11-28T22:11:57.553-05:00 DEBUG 27472 --- [           main] o.hibernate.orm.results.loading.entity   : (EntityResultInitializer) Hydrated EntityKey (com.cash_flow_app.apicashflow.entities_repositories_and_services.base.authority.Authority(35202161494041)): 363894b3-8bdc-4764-ad13-d91f872e1a95
2023-11-28T22:11:57.553-05:00 DEBUG 27472 --- [           main] o.hibernate.orm.results.loading.entity   : (EntityResultInitializer) Created new entity instance [com.cash_flow_app.apicashflow.entities_repositories_and_services.base.authority.Authority(35202161494041)#363894b3-8bdc-4764-ad13-d91f872e1a95] : com.cash_flow_app.apicashflow.entities_repositories_and_services.base.authority.Authority@2385ee72
2023-11-28T22:11:57.553-05:00 DEBUG 27472 --- [           main] org.hibernate.orm.results                : Extracted JDBC value [1] - [Account]
2023-11-28T22:11:57.553-05:00 DEBUG 27472 --- [           main] org.hibernate.orm.results                : Extracted JDBC value [2] - [DELETE]
2023-11-28T22:11:57.553-05:00 DEBUG 27472 --- [           main] o.hibernate.orm.results.loading.entity   : (EntityResultInitializer) Done materializing entityInstance : com.cash_flow_app.apicashflow.entities_repositories_and_services.base.authority.Authority(35202161494041)#363894b3-8bdc-4764-ad13-d91f872e1a95
2023-11-28T22:11:57.553-05:00 DEBUG 27472 --- [           main] org.hibernate.orm.results.loading        : Calling top-level assembler (0 / 1) : org.hibernate.sql.results.graph.entity.internal.EntityAssembler@16e483d9
2023-11-28T22:11:57.553-05:00 DEBUG 27472 --- [           main] org.hibernate.orm.sql.ast.create         : Created new SQL alias : a1_0
2023-11-28T22:11:57.553-05:00 DEBUG 27472 --- [           main] org.hibernate.orm.sql.ast.create         : Registration of TableGroup [StandardTableGroup(com.cash_flow_app.apicashflow.entities_repositories_and_services.base.authority.Authority(35202161494041))] with identifierForTableGroup [com.cash_flow_app.apicashflow.entities_repositories_and_services.base.authority.Authority] for NavigablePath [com.cash_flow_app.apicashflow.entities_repositories_and_services.base.authority.Authority] 
2023-11-28T22:11:57.553-05:00 DEBUG 27472 --- [           main] o.h.q.sqm.sql.BaseSqmToSqlAstConverter   : Determining mapping-model type for SqmParameter : org.hibernate.query.sqm.tree.expression.SqmJpaCriteriaParameterWrapper@3596c09d
2023-11-28T22:11:57.553-05:00 DEBUG 27472 --- [           main] o.h.q.sqm.sql.BaseSqmToSqlAstConverter   : Determining mapping-model type for SqmPath : SqmBasicValuedSimplePath(com.cash_flow_app.apicashflow.entities_repositories_and_services.base.authority.Authority(35202161494041).permission) 
2023-11-28T22:11:57.553-05:00 DEBUG 27472 --- [           main] o.h.q.sqm.sql.BaseSqmToSqlAstConverter   : Determining mapping-model type for SqmParameter : org.hibernate.query.sqm.tree.expression.SqmJpaCriteriaParameterWrapper@da1382f
2023-11-28T22:11:57.553-05:00 DEBUG 27472 --- [           main] o.h.q.sqm.sql.BaseSqmToSqlAstConverter   : Determining mapping-model type for SqmPath : SqmBasicValuedSimplePath(com.cash_flow_app.apicashflow.entities_repositories_and_services.base.authority.Authority(35202161494041).endpoint) 
2023-11-28T22:11:57.553-05:00 DEBUG 27472 --- [           main] org.hibernate.orm.results.graph.AST      : DomainResult Graph:
 \-EntityResultImpl [com.cash_flow_app.apicashflow.entities_repositories_and_services.base.authority.Authority(35202161494041)]
 |  +-BasicFetch [com.cash_flow_app.apicashflow.entities_repositories_and_services.base.authority.Authority(35202161494041).endpoint]
 |  \-BasicFetch [com.cash_flow_app.apicashflow.entities_repositories_and_services.base.authority.Authority(35202161494041).permission]

2023-11-28T22:11:57.554-05:00 DEBUG 27472 --- [           main] org.hibernate.orm.sql.ast.tree           : SQL AST Tree:
    SelectStatement {
      FromClause {
        StandardTableGroup (a1 : com.cash_flow_app.apicashflow.entities_repositories_and_services.base.authority.Authority(35202161494041)) {
          primaryTableReference : authorities as a1_0
        }
      }
    }

2023-11-28T22:11:57.554-05:00 DEBUG 27472 --- [           main] o.h.e.i.AbstractFlushingEventListener    : Processing flush-time cascades
2023-11-28T22:11:57.554-05:00 DEBUG 27472 --- [           main] o.h.e.i.AbstractFlushingEventListener    : Dirty checking collections
2023-11-28T22:11:57.554-05:00 DEBUG 27472 --- [           main] o.h.e.i.AbstractFlushingEventListener    : Flushed: 0 insertions, 0 updates, 0 deletions to 3 objects
2023-11-28T22:11:57.554-05:00 DEBUG 27472 --- [           main] o.h.e.i.AbstractFlushingEventListener    : Flushed: 0 (re)creations, 0 updates, 0 removals to 0 collections
2023-11-28T22:11:57.554-05:00 DEBUG 27472 --- [           main] o.hibernate.internal.util.EntityPrinter  : Listing entities:
2023-11-28T22:11:57.554-05:00 DEBUG 27472 --- [           main] o.hibernate.internal.util.EntityPrinter  : com.cash_flow_app.apicashflow.entities_repositories_and_services.base.authority.Authority{endpoint=Account, permission=DELETE, id=363894b3-8bdc-4764-ad13-d91f872e1a95}
2023-11-28T22:11:57.554-05:00 DEBUG 27472 --- [           main] o.hibernate.internal.util.EntityPrinter  : com.cash_flow_app.apicashflow.entities_repositories_and_services.base.authority.Authority{endpoint=Account, permission=CREATE, id=9aaf7d40-45f6-4ab6-90a9-a23f4c1b5f2f}
2023-11-28T22:11:57.554-05:00 DEBUG 27472 --- [           main] o.hibernate.internal.util.EntityPrinter  : com.cash_flow_app.apicashflow.entities_repositories_and_services.base.authority.Authority{endpoint=Account, permission=READ, id=b14a62f4-d04f-422a-a2a3-1f80e2635352}
2023-11-28T22:11:57.554-05:00 DEBUG 27472 --- [           main] org.hibernate.orm.sql.exec               : Skipping reading Query result cache data: cache-enabled = false, cache-mode = NORMAL
2023-11-28T22:11:57.554-05:00 DEBUG 27472 --- [           main] org.hibernate.orm.results                : Initializer list
2023-11-28T22:11:57.554-05:00 DEBUG 27472 --- [           main] org.hibernate.orm.results                :     com.cash_flow_app.apicashflow.entities_repositories_and_services.base.authority.Authority(35202161494041) -> EntityResultInitializer(com.cash_flow_app.apicashflow.entities_repositories_and_services.base.authority.Authority(35202161494041))@879135382 (SingleTableEntityPersister(com.cash_flow_app.apicashflow.entities_repositories_and_services.base.authority.Authority))
2023-11-28T22:11:57.554-05:00 DEBUG 27472 --- [           main] org.hibernate.SQL                        : 
    select
        a1_0.id,
        a1_0.endpoint,
        a1_0.permission 
    from
        authorities a1_0 
    where
        a1_0.permission=? 
        and a1_0.endpoint=?
2023-11-28T22:11:57.554-05:00 DEBUG 27472 --- [           main] org.hibernate.orm.results                : Extracted JDBC value [0] - [f4f135be-a2b5-48d1-a9d0-2b14e82cc373]
2023-11-28T22:11:57.554-05:00 DEBUG 27472 --- [           main] o.hibernate.orm.results.loading.entity   : (EntityResultInitializer) Hydrated EntityKey (com.cash_flow_app.apicashflow.entities_repositories_and_services.base.authority.Authority(35202161494041)): f4f135be-a2b5-48d1-a9d0-2b14e82cc373
2023-11-28T22:11:57.554-05:00 DEBUG 27472 --- [           main] o.hibernate.orm.results.loading.entity   : (EntityResultInitializer) Created new entity instance [com.cash_flow_app.apicashflow.entities_repositories_and_services.base.authority.Authority(35202161494041)#f4f135be-a2b5-48d1-a9d0-2b14e82cc373] : com.cash_flow_app.apicashflow.entities_repositories_and_services.base.authority.Authority@66143420
2023-11-28T22:11:57.554-05:00 DEBUG 27472 --- [           main] org.hibernate.orm.results                : Extracted JDBC value [1] - [User]
2023-11-28T22:11:57.554-05:00 DEBUG 27472 --- [           main] org.hibernate.orm.results                : Extracted JDBC value [2] - [CREATE]
2023-11-28T22:11:57.554-05:00 DEBUG 27472 --- [           main] o.hibernate.orm.results.loading.entity   : (EntityResultInitializer) Done materializing entityInstance : com.cash_flow_app.apicashflow.entities_repositories_and_services.base.authority.Authority(35202161494041)#f4f135be-a2b5-48d1-a9d0-2b14e82cc373
2023-11-28T22:11:57.554-05:00 DEBUG 27472 --- [           main] org.hibernate.orm.results.loading        : Calling top-level assembler (0 / 1) : org.hibernate.sql.results.graph.entity.internal.EntityAssembler@6626204e
2023-11-28T22:11:57.554-05:00 DEBUG 27472 --- [           main] org.hibernate.orm.sql.ast.create         : Created new SQL alias : a1_0
2023-11-28T22:11:57.554-05:00 DEBUG 27472 --- [           main] org.hibernate.orm.sql.ast.create         : Registration of TableGroup [StandardTableGroup(com.cash_flow_app.apicashflow.entities_repositories_and_services.base.authority.Authority(35202161494041))] with identifierForTableGroup [com.cash_flow_app.apicashflow.entities_repositories_and_services.base.authority.Authority] for NavigablePath [com.cash_flow_app.apicashflow.entities_repositories_and_services.base.authority.Authority] 
2023-11-28T22:11:57.554-05:00 DEBUG 27472 --- [           main] o.h.q.sqm.sql.BaseSqmToSqlAstConverter   : Determining mapping-model type for SqmParameter : org.hibernate.query.sqm.tree.expression.SqmJpaCriteriaParameterWrapper@645db77c
2023-11-28T22:11:57.554-05:00 DEBUG 27472 --- [           main] o.h.q.sqm.sql.BaseSqmToSqlAstConverter   : Determining mapping-model type for SqmPath : SqmBasicValuedSimplePath(com.cash_flow_app.apicashflow.entities_repositories_and_services.base.authority.Authority(35202161494041).permission) 
2023-11-28T22:11:57.554-05:00 DEBUG 27472 --- [           main] o.h.q.sqm.sql.BaseSqmToSqlAstConverter   : Determining mapping-model type for SqmParameter : org.hibernate.query.sqm.tree.expression.SqmJpaCriteriaParameterWrapper@60514b5
2023-11-28T22:11:57.554-05:00 DEBUG 27472 --- [           main] o.h.q.sqm.sql.BaseSqmToSqlAstConverter   : Determining mapping-model type for SqmPath : SqmBasicValuedSimplePath(com.cash_flow_app.apicashflow.entities_repositories_and_services.base.authority.Authority(35202161494041).endpoint) 
2023-11-28T22:11:57.554-05:00 DEBUG 27472 --- [           main] org.hibernate.orm.results.graph.AST      : DomainResult Graph:
 \-EntityResultImpl [com.cash_flow_app.apicashflow.entities_repositories_and_services.base.authority.Authority(35202161494041)]
 |  +-BasicFetch [com.cash_flow_app.apicashflow.entities_repositories_and_services.base.authority.Authority(35202161494041).endpoint]
 |  \-BasicFetch [com.cash_flow_app.apicashflow.entities_repositories_and_services.base.authority.Authority(35202161494041).permission]

2023-11-28T22:11:57.554-05:00 DEBUG 27472 --- [           main] org.hibernate.orm.sql.ast.tree           : SQL AST Tree:
    SelectStatement {
      FromClause {
        StandardTableGroup (a1 : com.cash_flow_app.apicashflow.entities_repositories_and_services.base.authority.Authority(35202161494041)) {
          primaryTableReference : authorities as a1_0
        }
      }
    }

2023-11-28T22:11:57.554-05:00 DEBUG 27472 --- [           main] o.h.e.i.AbstractFlushingEventListener    : Processing flush-time cascades
2023-11-28T22:11:57.554-05:00 DEBUG 27472 --- [           main] o.h.e.i.AbstractFlushingEventListener    : Dirty checking collections
2023-11-28T22:11:57.555-05:00 DEBUG 27472 --- [           main] o.h.e.i.AbstractFlushingEventListener    : Flushed: 0 insertions, 0 updates, 0 deletions to 4 objects
2023-11-28T22:11:57.555-05:00 DEBUG 27472 --- [           main] o.h.e.i.AbstractFlushingEventListener    : Flushed: 0 (re)creations, 0 updates, 0 removals to 0 collections
2023-11-28T22:11:57.555-05:00 DEBUG 27472 --- [           main] o.hibernate.internal.util.EntityPrinter  : Listing entities:
2023-11-28T22:11:57.555-05:00 DEBUG 27472 --- [           main] o.hibernate.internal.util.EntityPrinter  : com.cash_flow_app.apicashflow.entities_repositories_and_services.base.authority.Authority{endpoint=User, permission=CREATE, id=f4f135be-a2b5-48d1-a9d0-2b14e82cc373}
2023-11-28T22:11:57.555-05:00 DEBUG 27472 --- [           main] o.hibernate.internal.util.EntityPrinter  : com.cash_flow_app.apicashflow.entities_repositories_and_services.base.authority.Authority{endpoint=Account, permission=DELETE, id=363894b3-8bdc-4764-ad13-d91f872e1a95}
2023-11-28T22:11:57.555-05:00 DEBUG 27472 --- [           main] o.hibernate.internal.util.EntityPrinter  : com.cash_flow_app.apicashflow.entities_repositories_and_services.base.authority.Authority{endpoint=Account, permission=CREATE, id=9aaf7d40-45f6-4ab6-90a9-a23f4c1b5f2f}
2023-11-28T22:11:57.555-05:00 DEBUG 27472 --- [           main] o.hibernate.internal.util.EntityPrinter  : com.cash_flow_app.apicashflow.entities_repositories_and_services.base.authority.Authority{endpoint=Account, permission=READ, id=b14a62f4-d04f-422a-a2a3-1f80e2635352}
2023-11-28T22:11:57.555-05:00 DEBUG 27472 --- [           main] org.hibernate.orm.sql.exec               : Skipping reading Query result cache data: cache-enabled = false, cache-mode = NORMAL
2023-11-28T22:11:57.555-05:00 DEBUG 27472 --- [           main] org.hibernate.orm.results                : Initializer list
2023-11-28T22:11:57.555-05:00 DEBUG 27472 --- [           main] org.hibernate.orm.results                :     com.cash_flow_app.apicashflow.entities_repositories_and_services.base.authority.Authority(35202161494041) -> EntityResultInitializer(com.cash_flow_app.apicashflow.entities_repositories_and_services.base.authority.Authority(35202161494041))@837113166 (SingleTableEntityPersister(com.cash_flow_app.apicashflow.entities_repositories_and_services.base.authority.Authority))
2023-11-28T22:11:57.555-05:00 DEBUG 27472 --- [           main] org.hibernate.SQL                        : 
    select
        a1_0.id,
        a1_0.endpoint,
        a1_0.permission 
    from
        authorities a1_0 
    where
        a1_0.permission=? 
        and a1_0.endpoint=?
2023-11-28T22:11:57.555-05:00 DEBUG 27472 --- [           main] org.hibernate.orm.results                : Extracted JDBC value [0] - [35481739-2447-454f-8ec3-daf467bb2ae5]
2023-11-28T22:11:57.555-05:00 DEBUG 27472 --- [           main] o.hibernate.orm.results.loading.entity   : (EntityResultInitializer) Hydrated EntityKey (com.cash_flow_app.apicashflow.entities_repositories_and_services.base.authority.Authority(35202161494041)): 35481739-2447-454f-8ec3-daf467bb2ae5
2023-11-28T22:11:57.555-05:00 DEBUG 27472 --- [           main] o.hibernate.orm.results.loading.entity   : (EntityResultInitializer) Created new entity instance [com.cash_flow_app.apicashflow.entities_repositories_and_services.base.authority.Authority(35202161494041)#35481739-2447-454f-8ec3-daf467bb2ae5] : com.cash_flow_app.apicashflow.entities_repositories_and_services.base.authority.Authority@38c00fa1
2023-11-28T22:11:57.555-05:00 DEBUG 27472 --- [           main] org.hibernate.orm.results                : Extracted JDBC value [1] - [User]
2023-11-28T22:11:57.555-05:00 DEBUG 27472 --- [           main] org.hibernate.orm.results                : Extracted JDBC value [2] - [READ]
2023-11-28T22:11:57.555-05:00 DEBUG 27472 --- [           main] o.hibernate.orm.results.loading.entity   : (EntityResultInitializer) Done materializing entityInstance : com.cash_flow_app.apicashflow.entities_repositories_and_services.base.authority.Authority(35202161494041)#35481739-2447-454f-8ec3-daf467bb2ae5
2023-11-28T22:11:57.555-05:00 DEBUG 27472 --- [           main] org.hibernate.orm.results.loading        : Calling top-level assembler (0 / 1) : org.hibernate.sql.results.graph.entity.internal.EntityAssembler@239462d2
2023-11-28T22:11:57.555-05:00 DEBUG 27472 --- [           main] org.hibernate.orm.sql.ast.create         : Created new SQL alias : a1_0
2023-11-28T22:11:57.555-05:00 DEBUG 27472 --- [           main] org.hibernate.orm.sql.ast.create         : Registration of TableGroup [StandardTableGroup(com.cash_flow_app.apicashflow.entities_repositories_and_services.base.authority.Authority(35202161494041))] with identifierForTableGroup [com.cash_flow_app.apicashflow.entities_repositories_and_services.base.authority.Authority] for NavigablePath [com.cash_flow_app.apicashflow.entities_repositories_and_services.base.authority.Authority] 
2023-11-28T22:11:57.555-05:00 DEBUG 27472 --- [           main] o.h.q.sqm.sql.BaseSqmToSqlAstConverter   : Determining mapping-model type for SqmParameter : org.hibernate.query.sqm.tree.expression.SqmJpaCriteriaParameterWrapper@4bac54cc
2023-11-28T22:11:57.555-05:00 DEBUG 27472 --- [           main] o.h.q.sqm.sql.BaseSqmToSqlAstConverter   : Determining mapping-model type for SqmPath : SqmBasicValuedSimplePath(com.cash_flow_app.apicashflow.entities_repositories_and_services.base.authority.Authority(35202161494041).permission) 
2023-11-28T22:11:57.555-05:00 DEBUG 27472 --- [           main] o.h.q.sqm.sql.BaseSqmToSqlAstConverter   : Determining mapping-model type for SqmParameter : org.hibernate.query.sqm.tree.expression.SqmJpaCriteriaParameterWrapper@6f96c70b
2023-11-28T22:11:57.555-05:00 DEBUG 27472 --- [           main] o.h.q.sqm.sql.BaseSqmToSqlAstConverter   : Determining mapping-model type for SqmPath : SqmBasicValuedSimplePath(com.cash_flow_app.apicashflow.entities_repositories_and_services.base.authority.Authority(35202161494041).endpoint) 
2023-11-28T22:11:57.555-05:00 DEBUG 27472 --- [           main] org.hibernate.orm.results.graph.AST      : DomainResult Graph:
 \-EntityResultImpl [com.cash_flow_app.apicashflow.entities_repositories_and_services.base.authority.Authority(35202161494041)]
 |  +-BasicFetch [com.cash_flow_app.apicashflow.entities_repositories_and_services.base.authority.Authority(35202161494041).endpoint]
 |  \-BasicFetch [com.cash_flow_app.apicashflow.entities_repositories_and_services.base.authority.Authority(35202161494041).permission]

2023-11-28T22:11:57.555-05:00 DEBUG 27472 --- [           main] org.hibernate.orm.sql.ast.tree           : SQL AST Tree:
    SelectStatement {
      FromClause {
        StandardTableGroup (a1 : com.cash_flow_app.apicashflow.entities_repositories_and_services.base.authority.Authority(35202161494041)) {
          primaryTableReference : authorities as a1_0
        }
      }
    }

2023-11-28T22:11:57.555-05:00 DEBUG 27472 --- [           main] o.h.e.i.AbstractFlushingEventListener    : Processing flush-time cascades
2023-11-28T22:11:57.555-05:00 DEBUG 27472 --- [           main] o.h.e.i.AbstractFlushingEventListener    : Dirty checking collections
2023-11-28T22:11:57.555-05:00 DEBUG 27472 --- [           main] o.h.e.i.AbstractFlushingEventListener    : Flushed: 0 insertions, 0 updates, 0 deletions to 5 objects
2023-11-28T22:11:57.555-05:00 DEBUG 27472 --- [           main] o.h.e.i.AbstractFlushingEventListener    : Flushed: 0 (re)creations, 0 updates, 0 removals to 0 collections
2023-11-28T22:11:57.555-05:00 DEBUG 27472 --- [           main] o.hibernate.internal.util.EntityPrinter  : Listing entities:
2023-11-28T22:11:57.555-05:00 DEBUG 27472 --- [           main] o.hibernate.internal.util.EntityPrinter  : com.cash_flow_app.apicashflow.entities_repositories_and_services.base.authority.Authority{endpoint=User, permission=CREATE, id=f4f135be-a2b5-48d1-a9d0-2b14e82cc373}
2023-11-28T22:11:57.555-05:00 DEBUG 27472 --- [           main] o.hibernate.internal.util.EntityPrinter  : com.cash_flow_app.apicashflow.entities_repositories_and_services.base.authority.Authority{endpoint=User, permission=READ, id=35481739-2447-454f-8ec3-daf467bb2ae5}
2023-11-28T22:11:57.555-05:00 DEBUG 27472 --- [           main] o.hibernate.internal.util.EntityPrinter  : com.cash_flow_app.apicashflow.entities_repositories_and_services.base.authority.Authority{endpoint=Account, permission=DELETE, id=363894b3-8bdc-4764-ad13-d91f872e1a95}
2023-11-28T22:11:57.555-05:00 DEBUG 27472 --- [           main] o.hibernate.internal.util.EntityPrinter  : com.cash_flow_app.apicashflow.entities_repositories_and_services.base.authority.Authority{endpoint=Account, permission=CREATE, id=9aaf7d40-45f6-4ab6-90a9-a23f4c1b5f2f}
2023-11-28T22:11:57.555-05:00 DEBUG 27472 --- [           main] o.hibernate.internal.util.EntityPrinter  : com.cash_flow_app.apicashflow.entities_repositories_and_services.base.authority.Authority{endpoint=Account, permission=READ, id=b14a62f4-d04f-422a-a2a3-1f80e2635352}
2023-11-28T22:11:57.555-05:00 DEBUG 27472 --- [           main] org.hibernate.orm.sql.exec               : Skipping reading Query result cache data: cache-enabled = false, cache-mode = NORMAL
2023-11-28T22:11:57.555-05:00 DEBUG 27472 --- [           main] org.hibernate.orm.results                : Initializer list
2023-11-28T22:11:57.555-05:00 DEBUG 27472 --- [           main] org.hibernate.orm.results                :     com.cash_flow_app.apicashflow.entities_repositories_and_services.base.authority.Authority(35202161494041) -> EntityResultInitializer(com.cash_flow_app.apicashflow.entities_repositories_and_services.base.authority.Authority(35202161494041))@667226309 (SingleTableEntityPersister(com.cash_flow_app.apicashflow.entities_repositories_and_services.base.authority.Authority))
2023-11-28T22:11:57.555-05:00 DEBUG 27472 --- [           main] org.hibernate.SQL                        : 
    select
        a1_0.id,
        a1_0.endpoint,
        a1_0.permission 
    from
        authorities a1_0 
    where
        a1_0.permission=? 
        and a1_0.endpoint=?
2023-11-28T22:11:57.556-05:00 DEBUG 27472 --- [           main] org.hibernate.orm.results                : Extracted JDBC value [0] - [4de61a19-9cab-469d-856c-169a503a3f70]
2023-11-28T22:11:57.556-05:00 DEBUG 27472 --- [           main] o.hibernate.orm.results.loading.entity   : (EntityResultInitializer) Hydrated EntityKey (com.cash_flow_app.apicashflow.entities_repositories_and_services.base.authority.Authority(35202161494041)): 4de61a19-9cab-469d-856c-169a503a3f70
2023-11-28T22:11:57.556-05:00 DEBUG 27472 --- [           main] o.hibernate.orm.results.loading.entity   : (EntityResultInitializer) Created new entity instance [com.cash_flow_app.apicashflow.entities_repositories_and_services.base.authority.Authority(35202161494041)#4de61a19-9cab-469d-856c-169a503a3f70] : com.cash_flow_app.apicashflow.entities_repositories_and_services.base.authority.Authority@5bab61e7
2023-11-28T22:11:57.556-05:00 DEBUG 27472 --- [           main] org.hibernate.orm.results                : Extracted JDBC value [1] - [IncomeExpense]
2023-11-28T22:11:57.556-05:00 DEBUG 27472 --- [           main] org.hibernate.orm.results                : Extracted JDBC value [2] - [CREATE]
2023-11-28T22:11:57.556-05:00 DEBUG 27472 --- [           main] o.hibernate.orm.results.loading.entity   : (EntityResultInitializer) Done materializing entityInstance : com.cash_flow_app.apicashflow.entities_repositories_and_services.base.authority.Authority(35202161494041)#4de61a19-9cab-469d-856c-169a503a3f70
2023-11-28T22:11:57.556-05:00 DEBUG 27472 --- [           main] org.hibernate.orm.results.loading        : Calling top-level assembler (0 / 1) : org.hibernate.sql.results.graph.entity.internal.EntityAssembler@5467016f
2023-11-28T22:11:57.556-05:00 DEBUG 27472 --- [           main] org.hibernate.orm.sql.ast.create         : Created new SQL alias : a1_0
2023-11-28T22:11:57.556-05:00 DEBUG 27472 --- [           main] org.hibernate.orm.sql.ast.create         : Registration of TableGroup [StandardTableGroup(com.cash_flow_app.apicashflow.entities_repositories_and_services.base.authority.Authority(35202161494041))] with identifierForTableGroup [com.cash_flow_app.apicashflow.entities_repositories_and_services.base.authority.Authority] for NavigablePath [com.cash_flow_app.apicashflow.entities_repositories_and_services.base.authority.Authority] 
2023-11-28T22:11:57.556-05:00 DEBUG 27472 --- [           main] o.h.q.sqm.sql.BaseSqmToSqlAstConverter   : Determining mapping-model type for SqmParameter : org.hibernate.query.sqm.tree.expression.SqmJpaCriteriaParameterWrapper@7fbb3144
2023-11-28T22:11:57.556-05:00 DEBUG 27472 --- [           main] o.h.q.sqm.sql.BaseSqmToSqlAstConverter   : Determining mapping-model type for SqmPath : SqmBasicValuedSimplePath(com.cash_flow_app.apicashflow.entities_repositories_and_services.base.authority.Authority(35202161494041).permission) 
2023-11-28T22:11:57.556-05:00 DEBUG 27472 --- [           main] o.h.q.sqm.sql.BaseSqmToSqlAstConverter   : Determining mapping-model type for SqmParameter : org.hibernate.query.sqm.tree.expression.SqmJpaCriteriaParameterWrapper@5ea794d2
2023-11-28T22:11:57.556-05:00 DEBUG 27472 --- [           main] o.h.q.sqm.sql.BaseSqmToSqlAstConverter   : Determining mapping-model type for SqmPath : SqmBasicValuedSimplePath(com.cash_flow_app.apicashflow.entities_repositories_and_services.base.authority.Authority(35202161494041).endpoint) 
2023-11-28T22:11:57.556-05:00 DEBUG 27472 --- [           main] org.hibernate.orm.results.graph.AST      : DomainResult Graph:
 \-EntityResultImpl [com.cash_flow_app.apicashflow.entities_repositories_and_services.base.authority.Authority(35202161494041)]
 |  +-BasicFetch [com.cash_flow_app.apicashflow.entities_repositories_and_services.base.authority.Authority(35202161494041).endpoint]
 |  \-BasicFetch [com.cash_flow_app.apicashflow.entities_repositories_and_services.base.authority.Authority(35202161494041).permission]

2023-11-28T22:11:57.556-05:00 DEBUG 27472 --- [           main] org.hibernate.orm.sql.ast.tree           : SQL AST Tree:
    SelectStatement {
      FromClause {
        StandardTableGroup (a1 : com.cash_flow_app.apicashflow.entities_repositories_and_services.base.authority.Authority(35202161494041)) {
          primaryTableReference : authorities as a1_0
        }
      }
    }

2023-11-28T22:11:57.556-05:00 DEBUG 27472 --- [           main] o.h.e.i.AbstractFlushingEventListener    : Processing flush-time cascades
2023-11-28T22:11:57.556-05:00 DEBUG 27472 --- [           main] o.h.e.i.AbstractFlushingEventListener    : Dirty checking collections
2023-11-28T22:11:57.556-05:00 DEBUG 27472 --- [           main] o.h.e.i.AbstractFlushingEventListener    : Flushed: 0 insertions, 0 updates, 0 deletions to 6 objects
2023-11-28T22:11:57.556-05:00 DEBUG 27472 --- [           main] o.h.e.i.AbstractFlushingEventListener    : Flushed: 0 (re)creations, 0 updates, 0 removals to 0 collections
2023-11-28T22:11:57.556-05:00 DEBUG 27472 --- [           main] o.hibernate.internal.util.EntityPrinter  : Listing entities:
2023-11-28T22:11:57.556-05:00 DEBUG 27472 --- [           main] o.hibernate.internal.util.EntityPrinter  : com.cash_flow_app.apicashflow.entities_repositories_and_services.base.authority.Authority{endpoint=User, permission=CREATE, id=f4f135be-a2b5-48d1-a9d0-2b14e82cc373}
2023-11-28T22:11:57.556-05:00 DEBUG 27472 --- [           main] o.hibernate.internal.util.EntityPrinter  : com.cash_flow_app.apicashflow.entities_repositories_and_services.base.authority.Authority{endpoint=User, permission=READ, id=35481739-2447-454f-8ec3-daf467bb2ae5}
2023-11-28T22:11:57.556-05:00 DEBUG 27472 --- [           main] o.hibernate.internal.util.EntityPrinter  : com.cash_flow_app.apicashflow.entities_repositories_and_services.base.authority.Authority{endpoint=IncomeExpense, permission=CREATE, id=4de61a19-9cab-469d-856c-169a503a3f70}
2023-11-28T22:11:57.556-05:00 DEBUG 27472 --- [           main] o.hibernate.internal.util.EntityPrinter  : com.cash_flow_app.apicashflow.entities_repositories_and_services.base.authority.Authority{endpoint=Account, permission=DELETE, id=363894b3-8bdc-4764-ad13-d91f872e1a95}
2023-11-28T22:11:57.556-05:00 DEBUG 27472 --- [           main] o.hibernate.internal.util.EntityPrinter  : com.cash_flow_app.apicashflow.entities_repositories_and_services.base.authority.Authority{endpoint=Account, permission=CREATE, id=9aaf7d40-45f6-4ab6-90a9-a23f4c1b5f2f}
2023-11-28T22:11:57.556-05:00 DEBUG 27472 --- [           main] o.hibernate.internal.util.EntityPrinter  : com.cash_flow_app.apicashflow.entities_repositories_and_services.base.authority.Authority{endpoint=Account, permission=READ, id=b14a62f4-d04f-422a-a2a3-1f80e2635352}
2023-11-28T22:11:57.556-05:00 DEBUG 27472 --- [           main] org.hibernate.orm.sql.exec               : Skipping reading Query result cache data: cache-enabled = false, cache-mode = NORMAL
2023-11-28T22:11:57.556-05:00 DEBUG 27472 --- [           main] org.hibernate.orm.results                : Initializer list
2023-11-28T22:11:57.556-05:00 DEBUG 27472 --- [           main] org.hibernate.orm.results                :     com.cash_flow_app.apicashflow.entities_repositories_and_services.base.authority.Authority(35202161494041) -> EntityResultInitializer(com.cash_flow_app.apicashflow.entities_repositories_and_services.base.authority.Authority(35202161494041))@1987530047 (SingleTableEntityPersister(com.cash_flow_app.apicashflow.entities_repositories_and_services.base.authority.Authority))
2023-11-28T22:11:57.556-05:00 DEBUG 27472 --- [           main] org.hibernate.SQL                        : 
    select
        a1_0.id,
        a1_0.endpoint,
        a1_0.permission 
    from
        authorities a1_0 
    where
        a1_0.permission=? 
        and a1_0.endpoint=?
2023-11-28T22:11:57.557-05:00 DEBUG 27472 --- [           main] org.hibernate.orm.results                : Extracted JDBC value [0] - [af9e383e-4459-4719-802e-94a22944b4b7]
2023-11-28T22:11:57.557-05:00 DEBUG 27472 --- [           main] o.hibernate.orm.results.loading.entity   : (EntityResultInitializer) Hydrated EntityKey (com.cash_flow_app.apicashflow.entities_repositories_and_services.base.authority.Authority(35202161494041)): af9e383e-4459-4719-802e-94a22944b4b7
2023-11-28T22:11:57.557-05:00 DEBUG 27472 --- [           main] o.hibernate.orm.results.loading.entity   : (EntityResultInitializer) Created new entity instance [com.cash_flow_app.apicashflow.entities_repositories_and_services.base.authority.Authority(35202161494041)#af9e383e-4459-4719-802e-94a22944b4b7] : com.cash_flow_app.apicashflow.entities_repositories_and_services.base.authority.Authority@2c9cdbc9
2023-11-28T22:11:57.557-05:00 DEBUG 27472 --- [           main] org.hibernate.orm.results                : Extracted JDBC value [1] - [IncomeExpense]
2023-11-28T22:11:57.557-05:00 DEBUG 27472 --- [           main] org.hibernate.orm.results                : Extracted JDBC value [2] - [READ]
2023-11-28T22:11:57.557-05:00 DEBUG 27472 --- [           main] o.hibernate.orm.results.loading.entity   : (EntityResultInitializer) Done materializing entityInstance : com.cash_flow_app.apicashflow.entities_repositories_and_services.base.authority.Authority(35202161494041)#af9e383e-4459-4719-802e-94a22944b4b7
2023-11-28T22:11:57.564-05:00 DEBUG 27472 --- [           main] org.hibernate.orm.results.loading        : Calling top-level assembler (0 / 1) : org.hibernate.sql.results.graph.entity.internal.EntityAssembler@60ce75d0
2023-11-28T22:11:57.565-05:00 DEBUG 27472 --- [           main] org.hibernate.orm.sql.ast.create         : Created new SQL alias : a1_0
2023-11-28T22:11:57.565-05:00 DEBUG 27472 --- [           main] org.hibernate.orm.sql.ast.create         : Registration of TableGroup [StandardTableGroup(com.cash_flow_app.apicashflow.entities_repositories_and_services.base.authority.Authority(35202161494041))] with identifierForTableGroup [com.cash_flow_app.apicashflow.entities_repositories_and_services.base.authority.Authority] for NavigablePath [com.cash_flow_app.apicashflow.entities_repositories_and_services.base.authority.Authority] 
2023-11-28T22:11:57.565-05:00 DEBUG 27472 --- [           main] o.h.q.sqm.sql.BaseSqmToSqlAstConverter   : Determining mapping-model type for SqmParameter : org.hibernate.query.sqm.tree.expression.SqmJpaCriteriaParameterWrapper@74c1cd1d
2023-11-28T22:11:57.565-05:00 DEBUG 27472 --- [           main] o.h.q.sqm.sql.BaseSqmToSqlAstConverter   : Determining mapping-model type for SqmPath : SqmBasicValuedSimplePath(com.cash_flow_app.apicashflow.entities_repositories_and_services.base.authority.Authority(35202161494041).permission) 
2023-11-28T22:11:57.565-05:00 DEBUG 27472 --- [           main] o.h.q.sqm.sql.BaseSqmToSqlAstConverter   : Determining mapping-model type for SqmParameter : org.hibernate.query.sqm.tree.expression.SqmJpaCriteriaParameterWrapper@231a08d
2023-11-28T22:11:57.565-05:00 DEBUG 27472 --- [           main] o.h.q.sqm.sql.BaseSqmToSqlAstConverter   : Determining mapping-model type for SqmPath : SqmBasicValuedSimplePath(com.cash_flow_app.apicashflow.entities_repositories_and_services.base.authority.Authority(35202161494041).endpoint) 
2023-11-28T22:11:57.565-05:00 DEBUG 27472 --- [           main] org.hibernate.orm.results.graph.AST      : DomainResult Graph:
 \-EntityResultImpl [com.cash_flow_app.apicashflow.entities_repositories_and_services.base.authority.Authority(35202161494041)]
 |  +-BasicFetch [com.cash_flow_app.apicashflow.entities_repositories_and_services.base.authority.Authority(35202161494041).endpoint]
 |  \-BasicFetch [com.cash_flow_app.apicashflow.entities_repositories_and_services.base.authority.Authority(35202161494041).permission]

2023-11-28T22:11:57.565-05:00 DEBUG 27472 --- [           main] org.hibernate.orm.sql.ast.tree           : SQL AST Tree:
    SelectStatement {
      FromClause {
        StandardTableGroup (a1 : com.cash_flow_app.apicashflow.entities_repositories_and_services.base.authority.Authority(35202161494041)) {
          primaryTableReference : authorities as a1_0
        }
      }
    }

2023-11-28T22:11:57.565-05:00 DEBUG 27472 --- [           main] o.h.e.i.AbstractFlushingEventListener    : Processing flush-time cascades
2023-11-28T22:11:57.565-05:00 DEBUG 27472 --- [           main] o.h.e.i.AbstractFlushingEventListener    : Dirty checking collections
2023-11-28T22:11:57.565-05:00 DEBUG 27472 --- [           main] o.h.e.i.AbstractFlushingEventListener    : Flushed: 0 insertions, 0 updates, 0 deletions to 7 objects
2023-11-28T22:11:57.565-05:00 DEBUG 27472 --- [           main] o.h.e.i.AbstractFlushingEventListener    : Flushed: 0 (re)creations, 0 updates, 0 removals to 0 collections
2023-11-28T22:11:57.565-05:00 DEBUG 27472 --- [           main] o.hibernate.internal.util.EntityPrinter  : Listing entities:
2023-11-28T22:11:57.565-05:00 DEBUG 27472 --- [           main] o.hibernate.internal.util.EntityPrinter  : com.cash_flow_app.apicashflow.entities_repositories_and_services.base.authority.Authority{endpoint=User, permission=CREATE, id=f4f135be-a2b5-48d1-a9d0-2b14e82cc373}
2023-11-28T22:11:57.565-05:00 DEBUG 27472 --- [           main] o.hibernate.internal.util.EntityPrinter  : com.cash_flow_app.apicashflow.entities_repositories_and_services.base.authority.Authority{endpoint=User, permission=READ, id=35481739-2447-454f-8ec3-daf467bb2ae5}
2023-11-28T22:11:57.565-05:00 DEBUG 27472 --- [           main] o.hibernate.internal.util.EntityPrinter  : com.cash_flow_app.apicashflow.entities_repositories_and_services.base.authority.Authority{endpoint=IncomeExpense, permission=CREATE, id=4de61a19-9cab-469d-856c-169a503a3f70}
2023-11-28T22:11:57.565-05:00 DEBUG 27472 --- [           main] o.hibernate.internal.util.EntityPrinter  : com.cash_flow_app.apicashflow.entities_repositories_and_services.base.authority.Authority{endpoint=Account, permission=DELETE, id=363894b3-8bdc-4764-ad13-d91f872e1a95}
2023-11-28T22:11:57.565-05:00 DEBUG 27472 --- [           main] o.hibernate.internal.util.EntityPrinter  : com.cash_flow_app.apicashflow.entities_repositories_and_services.base.authority.Authority{endpoint=Account, permission=CREATE, id=9aaf7d40-45f6-4ab6-90a9-a23f4c1b5f2f}
2023-11-28T22:11:57.565-05:00 DEBUG 27472 --- [           main] o.hibernate.internal.util.EntityPrinter  : com.cash_flow_app.apicashflow.entities_repositories_and_services.base.authority.Authority{endpoint=Account, permission=READ, id=b14a62f4-d04f-422a-a2a3-1f80e2635352}
2023-11-28T22:11:57.565-05:00 DEBUG 27472 --- [           main] o.hibernate.internal.util.EntityPrinter  : com.cash_flow_app.apicashflow.entities_repositories_and_services.base.authority.Authority{endpoint=IncomeExpense, permission=READ, id=af9e383e-4459-4719-802e-94a22944b4b7}
2023-11-28T22:11:57.565-05:00 DEBUG 27472 --- [           main] org.hibernate.orm.sql.exec               : Skipping reading Query result cache data: cache-enabled = false, cache-mode = NORMAL
2023-11-28T22:11:57.565-05:00 DEBUG 27472 --- [           main] org.hibernate.orm.results                : Initializer list
2023-11-28T22:11:57.565-05:00 DEBUG 27472 --- [           main] org.hibernate.orm.results                :     com.cash_flow_app.apicashflow.entities_repositories_and_services.base.authority.Authority(35202161494041) -> EntityResultInitializer(com.cash_flow_app.apicashflow.entities_repositories_and_services.base.authority.Authority(35202161494041))@774083476 (SingleTableEntityPersister(com.cash_flow_app.apicashflow.entities_repositories_and_services.base.authority.Authority))
2023-11-28T22:11:57.566-05:00 DEBUG 27472 --- [           main] org.hibernate.SQL                        : 
    select
        a1_0.id,
        a1_0.endpoint,
        a1_0.permission 
    from
        authorities a1_0 
    where
        a1_0.permission=? 
        and a1_0.endpoint=?
2023-11-28T22:11:57.566-05:00 DEBUG 27472 --- [           main] org.hibernate.orm.results                : Extracted JDBC value [0] - [51c645c0-dc8a-45f9-88d1-533e63701dbe]
2023-11-28T22:11:57.566-05:00 DEBUG 27472 --- [           main] o.hibernate.orm.results.loading.entity   : (EntityResultInitializer) Hydrated EntityKey (com.cash_flow_app.apicashflow.entities_repositories_and_services.base.authority.Authority(35202161494041)): 51c645c0-dc8a-45f9-88d1-533e63701dbe
2023-11-28T22:11:57.566-05:00 DEBUG 27472 --- [           main] o.hibernate.orm.results.loading.entity   : (EntityResultInitializer) Created new entity instance [com.cash_flow_app.apicashflow.entities_repositories_and_services.base.authority.Authority(35202161494041)#51c645c0-dc8a-45f9-88d1-533e63701dbe] : com.cash_flow_app.apicashflow.entities_repositories_and_services.base.authority.Authority@4b9a2d73
2023-11-28T22:11:57.566-05:00 DEBUG 27472 --- [           main] org.hibernate.orm.results                : Extracted JDBC value [1] - [IncomeExpense]
2023-11-28T22:11:57.566-05:00 DEBUG 27472 --- [           main] org.hibernate.orm.results                : Extracted JDBC value [2] - [DELETE]
2023-11-28T22:11:57.566-05:00 DEBUG 27472 --- [           main] o.hibernate.orm.results.loading.entity   : (EntityResultInitializer) Done materializing entityInstance : com.cash_flow_app.apicashflow.entities_repositories_and_services.base.authority.Authority(35202161494041)#51c645c0-dc8a-45f9-88d1-533e63701dbe
2023-11-28T22:11:57.566-05:00 DEBUG 27472 --- [           main] org.hibernate.orm.results.loading        : Calling top-level assembler (0 / 1) : org.hibernate.sql.results.graph.entity.internal.EntityAssembler@7997b8a7
2023-11-28T22:11:57.566-05:00 DEBUG 27472 --- [           main] org.hibernate.orm.sql.ast.create         : Created new SQL alias : a1_0
2023-11-28T22:11:57.566-05:00 DEBUG 27472 --- [           main] org.hibernate.orm.sql.ast.create         : Registration of TableGroup [StandardTableGroup(com.cash_flow_app.apicashflow.entities_repositories_and_services.base.authority.Authority(35202161494041))] with identifierForTableGroup [com.cash_flow_app.apicashflow.entities_repositories_and_services.base.authority.Authority] for NavigablePath [com.cash_flow_app.apicashflow.entities_repositories_and_services.base.authority.Authority] 
2023-11-28T22:11:57.566-05:00 DEBUG 27472 --- [           main] o.h.q.sqm.sql.BaseSqmToSqlAstConverter   : Determining mapping-model type for SqmParameter : org.hibernate.query.sqm.tree.expression.SqmJpaCriteriaParameterWrapper@7ed47927
2023-11-28T22:11:57.566-05:00 DEBUG 27472 --- [           main] o.h.q.sqm.sql.BaseSqmToSqlAstConverter   : Determining mapping-model type for SqmPath : SqmBasicValuedSimplePath(com.cash_flow_app.apicashflow.entities_repositories_and_services.base.authority.Authority(35202161494041).permission) 
2023-11-28T22:11:57.566-05:00 DEBUG 27472 --- [           main] o.h.q.sqm.sql.BaseSqmToSqlAstConverter   : Determining mapping-model type for SqmParameter : org.hibernate.query.sqm.tree.expression.SqmJpaCriteriaParameterWrapper@2b515b5c
2023-11-28T22:11:57.566-05:00 DEBUG 27472 --- [           main] o.h.q.sqm.sql.BaseSqmToSqlAstConverter   : Determining mapping-model type for SqmPath : SqmBasicValuedSimplePath(com.cash_flow_app.apicashflow.entities_repositories_and_services.base.authority.Authority(35202161494041).endpoint) 
2023-11-28T22:11:57.567-05:00 DEBUG 27472 --- [           main] org.hibernate.orm.results.graph.AST      : DomainResult Graph:
 \-EntityResultImpl [com.cash_flow_app.apicashflow.entities_repositories_and_services.base.authority.Authority(35202161494041)]
 |  +-BasicFetch [com.cash_flow_app.apicashflow.entities_repositories_and_services.base.authority.Authority(35202161494041).endpoint]
 |  \-BasicFetch [com.cash_flow_app.apicashflow.entities_repositories_and_services.base.authority.Authority(35202161494041).permission]

2023-11-28T22:11:57.567-05:00 DEBUG 27472 --- [           main] org.hibernate.orm.sql.ast.tree           : SQL AST Tree:
    SelectStatement {
      FromClause {
        StandardTableGroup (a1 : com.cash_flow_app.apicashflow.entities_repositories_and_services.base.authority.Authority(35202161494041)) {
          primaryTableReference : authorities as a1_0
        }
      }
    }

2023-11-28T22:11:57.567-05:00 DEBUG 27472 --- [           main] o.h.e.i.AbstractFlushingEventListener    : Processing flush-time cascades
2023-11-28T22:11:57.567-05:00 DEBUG 27472 --- [           main] o.h.e.i.AbstractFlushingEventListener    : Dirty checking collections
2023-11-28T22:11:57.567-05:00 DEBUG 27472 --- [           main] o.h.e.i.AbstractFlushingEventListener    : Flushed: 0 insertions, 0 updates, 0 deletions to 8 objects
2023-11-28T22:11:57.567-05:00 DEBUG 27472 --- [           main] o.h.e.i.AbstractFlushingEventListener    : Flushed: 0 (re)creations, 0 updates, 0 removals to 0 collections
2023-11-28T22:11:57.567-05:00 DEBUG 27472 --- [           main] o.hibernate.internal.util.EntityPrinter  : Listing entities:
2023-11-28T22:11:57.567-05:00 DEBUG 27472 --- [           main] o.hibernate.internal.util.EntityPrinter  : com.cash_flow_app.apicashflow.entities_repositories_and_services.base.authority.Authority{endpoint=User, permission=CREATE, id=f4f135be-a2b5-48d1-a9d0-2b14e82cc373}
2023-11-28T22:11:57.567-05:00 DEBUG 27472 --- [           main] o.hibernate.internal.util.EntityPrinter  : com.cash_flow_app.apicashflow.entities_repositories_and_services.base.authority.Authority{endpoint=User, permission=READ, id=35481739-2447-454f-8ec3-daf467bb2ae5}
2023-11-28T22:11:57.567-05:00 DEBUG 27472 --- [           main] o.hibernate.internal.util.EntityPrinter  : com.cash_flow_app.apicashflow.entities_repositories_and_services.base.authority.Authority{endpoint=IncomeExpense, permission=CREATE, id=4de61a19-9cab-469d-856c-169a503a3f70}
2023-11-28T22:11:57.567-05:00 DEBUG 27472 --- [           main] o.hibernate.internal.util.EntityPrinter  : com.cash_flow_app.apicashflow.entities_repositories_and_services.base.authority.Authority{endpoint=Account, permission=DELETE, id=363894b3-8bdc-4764-ad13-d91f872e1a95}
2023-11-28T22:11:57.567-05:00 DEBUG 27472 --- [           main] o.hibernate.internal.util.EntityPrinter  : com.cash_flow_app.apicashflow.entities_repositories_and_services.base.authority.Authority{endpoint=IncomeExpense, permission=DELETE, id=51c645c0-dc8a-45f9-88d1-533e63701dbe}
2023-11-28T22:11:57.567-05:00 DEBUG 27472 --- [           main] o.hibernate.internal.util.EntityPrinter  : com.cash_flow_app.apicashflow.entities_repositories_and_services.base.authority.Authority{endpoint=Account, permission=CREATE, id=9aaf7d40-45f6-4ab6-90a9-a23f4c1b5f2f}
2023-11-28T22:11:57.567-05:00 DEBUG 27472 --- [           main] o.hibernate.internal.util.EntityPrinter  : com.cash_flow_app.apicashflow.entities_repositories_and_services.base.authority.Authority{endpoint=Account, permission=READ, id=b14a62f4-d04f-422a-a2a3-1f80e2635352}
2023-11-28T22:11:57.567-05:00 DEBUG 27472 --- [           main] o.hibernate.internal.util.EntityPrinter  : com.cash_flow_app.apicashflow.entities_repositories_and_services.base.authority.Authority{endpoint=IncomeExpense, permission=READ, id=af9e383e-4459-4719-802e-94a22944b4b7}
2023-11-28T22:11:57.567-05:00 DEBUG 27472 --- [           main] org.hibernate.orm.sql.exec               : Skipping reading Query result cache data: cache-enabled = false, cache-mode = NORMAL
2023-11-28T22:11:57.567-05:00 DEBUG 27472 --- [           main] org.hibernate.orm.results                : Initializer list
2023-11-28T22:11:57.567-05:00 DEBUG 27472 --- [           main] org.hibernate.orm.results                :     com.cash_flow_app.apicashflow.entities_repositories_and_services.base.authority.Authority(35202161494041) -> EntityResultInitializer(com.cash_flow_app.apicashflow.entities_repositories_and_services.base.authority.Authority(35202161494041))@155630041 (SingleTableEntityPersister(com.cash_flow_app.apicashflow.entities_repositories_and_services.base.authority.Authority))
2023-11-28T22:11:57.567-05:00 DEBUG 27472 --- [           main] org.hibernate.SQL                        : 
    select
        a1_0.id,
        a1_0.endpoint,
        a1_0.permission 
    from
        authorities a1_0 
    where
        a1_0.permission=? 
        and a1_0.endpoint=?
2023-11-28T22:11:57.567-05:00 DEBUG 27472 --- [           main] org.hibernate.orm.results                : Extracted JDBC value [0] - [bd7f10f2-85c9-49d0-9a90-f83a87d9cdae]
2023-11-28T22:11:57.567-05:00 DEBUG 27472 --- [           main] o.hibernate.orm.results.loading.entity   : (EntityResultInitializer) Hydrated EntityKey (com.cash_flow_app.apicashflow.entities_repositories_and_services.base.authority.Authority(35202161494041)): bd7f10f2-85c9-49d0-9a90-f83a87d9cdae
2023-11-28T22:11:57.567-05:00 DEBUG 27472 --- [           main] o.hibernate.orm.results.loading.entity   : (EntityResultInitializer) Created new entity instance [com.cash_flow_app.apicashflow.entities_repositories_and_services.base.authority.Authority(35202161494041)#bd7f10f2-85c9-49d0-9a90-f83a87d9cdae] : com.cash_flow_app.apicashflow.entities_repositories_and_services.base.authority.Authority@3743d16b
2023-11-28T22:11:57.567-05:00 DEBUG 27472 --- [           main] org.hibernate.orm.results                : Extracted JDBC value [1] - [ScheduledAccount]
2023-11-28T22:11:57.567-05:00 DEBUG 27472 --- [           main] org.hibernate.orm.results                : Extracted JDBC value [2] - [CREATE]
2023-11-28T22:11:57.567-05:00 DEBUG 27472 --- [           main] o.hibernate.orm.results.loading.entity   : (EntityResultInitializer) Done materializing entityInstance : com.cash_flow_app.apicashflow.entities_repositories_and_services.base.authority.Authority(35202161494041)#bd7f10f2-85c9-49d0-9a90-f83a87d9cdae
2023-11-28T22:11:57.567-05:00 DEBUG 27472 --- [           main] org.hibernate.orm.results.loading        : Calling top-level assembler (0 / 1) : org.hibernate.sql.results.graph.entity.internal.EntityAssembler@b772e2b
2023-11-28T22:11:57.567-05:00 DEBUG 27472 --- [           main] org.hibernate.orm.sql.ast.create         : Created new SQL alias : a1_0
2023-11-28T22:11:57.567-05:00 DEBUG 27472 --- [           main] org.hibernate.orm.sql.ast.create         : Registration of TableGroup [StandardTableGroup(com.cash_flow_app.apicashflow.entities_repositories_and_services.base.authority.Authority(35202161494041))] with identifierForTableGroup [com.cash_flow_app.apicashflow.entities_repositories_and_services.base.authority.Authority] for NavigablePath [com.cash_flow_app.apicashflow.entities_repositories_and_services.base.authority.Authority] 
2023-11-28T22:11:57.567-05:00 DEBUG 27472 --- [           main] o.h.q.sqm.sql.BaseSqmToSqlAstConverter   : Determining mapping-model type for SqmParameter : org.hibernate.query.sqm.tree.expression.SqmJpaCriteriaParameterWrapper@357f1e59
2023-11-28T22:11:57.567-05:00 DEBUG 27472 --- [           main] o.h.q.sqm.sql.BaseSqmToSqlAstConverter   : Determining mapping-model type for SqmPath : SqmBasicValuedSimplePath(com.cash_flow_app.apicashflow.entities_repositories_and_services.base.authority.Authority(35202161494041).permission) 
2023-11-28T22:11:57.567-05:00 DEBUG 27472 --- [           main] o.h.q.sqm.sql.BaseSqmToSqlAstConverter   : Determining mapping-model type for SqmParameter : org.hibernate.query.sqm.tree.expression.SqmJpaCriteriaParameterWrapper@5c2900ed
2023-11-28T22:11:57.567-05:00 DEBUG 27472 --- [           main] o.h.q.sqm.sql.BaseSqmToSqlAstConverter   : Determining mapping-model type for SqmPath : SqmBasicValuedSimplePath(com.cash_flow_app.apicashflow.entities_repositories_and_services.base.authority.Authority(35202161494041).endpoint) 
2023-11-28T22:11:57.567-05:00 DEBUG 27472 --- [           main] org.hibernate.orm.results.graph.AST      : DomainResult Graph:
 \-EntityResultImpl [com.cash_flow_app.apicashflow.entities_repositories_and_services.base.authority.Authority(35202161494041)]
 |  +-BasicFetch [com.cash_flow_app.apicashflow.entities_repositories_and_services.base.authority.Authority(35202161494041).endpoint]
 |  \-BasicFetch [com.cash_flow_app.apicashflow.entities_repositories_and_services.base.authority.Authority(35202161494041).permission]

2023-11-28T22:11:57.567-05:00 DEBUG 27472 --- [           main] org.hibernate.orm.sql.ast.tree           : SQL AST Tree:
    SelectStatement {
      FromClause {
        StandardTableGroup (a1 : com.cash_flow_app.apicashflow.entities_repositories_and_services.base.authority.Authority(35202161494041)) {
          primaryTableReference : authorities as a1_0
        }
      }
    }

2023-11-28T22:11:57.567-05:00 DEBUG 27472 --- [           main] o.h.e.i.AbstractFlushingEventListener    : Processing flush-time cascades
2023-11-28T22:11:57.567-05:00 DEBUG 27472 --- [           main] o.h.e.i.AbstractFlushingEventListener    : Dirty checking collections
2023-11-28T22:11:57.568-05:00 DEBUG 27472 --- [           main] o.h.e.i.AbstractFlushingEventListener    : Flushed: 0 insertions, 0 updates, 0 deletions to 9 objects
2023-11-28T22:11:57.568-05:00 DEBUG 27472 --- [           main] o.h.e.i.AbstractFlushingEventListener    : Flushed: 0 (re)creations, 0 updates, 0 removals to 0 collections
2023-11-28T22:11:57.568-05:00 DEBUG 27472 --- [           main] o.hibernate.internal.util.EntityPrinter  : Listing entities:
2023-11-28T22:11:57.568-05:00 DEBUG 27472 --- [           main] o.hibernate.internal.util.EntityPrinter  : com.cash_flow_app.apicashflow.entities_repositories_and_services.base.authority.Authority{endpoint=User, permission=CREATE, id=f4f135be-a2b5-48d1-a9d0-2b14e82cc373}
2023-11-28T22:11:57.568-05:00 DEBUG 27472 --- [           main] o.hibernate.internal.util.EntityPrinter  : com.cash_flow_app.apicashflow.entities_repositories_and_services.base.authority.Authority{endpoint=User, permission=READ, id=35481739-2447-454f-8ec3-daf467bb2ae5}
2023-11-28T22:11:57.568-05:00 DEBUG 27472 --- [           main] o.hibernate.internal.util.EntityPrinter  : com.cash_flow_app.apicashflow.entities_repositories_and_services.base.authority.Authority{endpoint=IncomeExpense, permission=CREATE, id=4de61a19-9cab-469d-856c-169a503a3f70}
2023-11-28T22:11:57.568-05:00 DEBUG 27472 --- [           main] o.hibernate.internal.util.EntityPrinter  : com.cash_flow_app.apicashflow.entities_repositories_and_services.base.authority.Authority{endpoint=Account, permission=DELETE, id=363894b3-8bdc-4764-ad13-d91f872e1a95}
2023-11-28T22:11:57.568-05:00 DEBUG 27472 --- [           main] o.hibernate.internal.util.EntityPrinter  : com.cash_flow_app.apicashflow.entities_repositories_and_services.base.authority.Authority{endpoint=IncomeExpense, permission=DELETE, id=51c645c0-dc8a-45f9-88d1-533e63701dbe}
2023-11-28T22:11:57.568-05:00 DEBUG 27472 --- [           main] o.hibernate.internal.util.EntityPrinter  : com.cash_flow_app.apicashflow.entities_repositories_and_services.base.authority.Authority{endpoint=ScheduledAccount, permission=CREATE, id=bd7f10f2-85c9-49d0-9a90-f83a87d9cdae}
2023-11-28T22:11:57.568-05:00 DEBUG 27472 --- [           main] o.hibernate.internal.util.EntityPrinter  : com.cash_flow_app.apicashflow.entities_repositories_and_services.base.authority.Authority{endpoint=Account, permission=CREATE, id=9aaf7d40-45f6-4ab6-90a9-a23f4c1b5f2f}
2023-11-28T22:11:57.568-05:00 DEBUG 27472 --- [           main] o.hibernate.internal.util.EntityPrinter  : com.cash_flow_app.apicashflow.entities_repositories_and_services.base.authority.Authority{endpoint=Account, permission=READ, id=b14a62f4-d04f-422a-a2a3-1f80e2635352}
2023-11-28T22:11:57.568-05:00 DEBUG 27472 --- [           main] o.hibernate.internal.util.EntityPrinter  : com.cash_flow_app.apicashflow.entities_repositories_and_services.base.authority.Authority{endpoint=IncomeExpense, permission=READ, id=af9e383e-4459-4719-802e-94a22944b4b7}
2023-11-28T22:11:57.568-05:00 DEBUG 27472 --- [           main] org.hibernate.orm.sql.exec               : Skipping reading Query result cache data: cache-enabled = false, cache-mode = NORMAL
2023-11-28T22:11:57.568-05:00 DEBUG 27472 --- [           main] org.hibernate.orm.results                : Initializer list
2023-11-28T22:11:57.568-05:00 DEBUG 27472 --- [           main] org.hibernate.orm.results                :     com.cash_flow_app.apicashflow.entities_repositories_and_services.base.authority.Authority(35202161494041) -> EntityResultInitializer(com.cash_flow_app.apicashflow.entities_repositories_and_services.base.authority.Authority(35202161494041))@503722188 (SingleTableEntityPersister(com.cash_flow_app.apicashflow.entities_repositories_and_services.base.authority.Authority))
2023-11-28T22:11:57.568-05:00 DEBUG 27472 --- [           main] org.hibernate.SQL                        : 
    select
        a1_0.id,
        a1_0.endpoint,
        a1_0.permission 
    from
        authorities a1_0 
    where
        a1_0.permission=? 
        and a1_0.endpoint=?
2023-11-28T22:11:57.568-05:00 DEBUG 27472 --- [           main] org.hibernate.orm.results                : Extracted JDBC value [0] - [fed8cd26-d658-4965-b57c-1be9bb9eb61c]
2023-11-28T22:11:57.568-05:00 DEBUG 27472 --- [           main] o.hibernate.orm.results.loading.entity   : (EntityResultInitializer) Hydrated EntityKey (com.cash_flow_app.apicashflow.entities_repositories_and_services.base.authority.Authority(35202161494041)): fed8cd26-d658-4965-b57c-1be9bb9eb61c
2023-11-28T22:11:57.568-05:00 DEBUG 27472 --- [           main] o.hibernate.orm.results.loading.entity   : (EntityResultInitializer) Created new entity instance [com.cash_flow_app.apicashflow.entities_repositories_and_services.base.authority.Authority(35202161494041)#fed8cd26-d658-4965-b57c-1be9bb9eb61c] : com.cash_flow_app.apicashflow.entities_repositories_and_services.base.authority.Authority@6639a9f0
2023-11-28T22:11:57.568-05:00 DEBUG 27472 --- [           main] org.hibernate.orm.results                : Extracted JDBC value [1] - [ScheduledAccount]
2023-11-28T22:11:57.568-05:00 DEBUG 27472 --- [           main] org.hibernate.orm.results                : Extracted JDBC value [2] - [READ]
2023-11-28T22:11:57.568-05:00 DEBUG 27472 --- [           main] o.hibernate.orm.results.loading.entity   : (EntityResultInitializer) Done materializing entityInstance : com.cash_flow_app.apicashflow.entities_repositories_and_services.base.authority.Authority(35202161494041)#fed8cd26-d658-4965-b57c-1be9bb9eb61c
2023-11-28T22:11:57.568-05:00 DEBUG 27472 --- [           main] org.hibernate.orm.results.loading        : Calling top-level assembler (0 / 1) : org.hibernate.sql.results.graph.entity.internal.EntityAssembler@491665ab
2023-11-28T22:11:57.568-05:00 DEBUG 27472 --- [           main] org.hibernate.orm.sql.ast.create         : Created new SQL alias : a1_0
2023-11-28T22:11:57.568-05:00 DEBUG 27472 --- [           main] org.hibernate.orm.sql.ast.create         : Registration of TableGroup [StandardTableGroup(com.cash_flow_app.apicashflow.entities_repositories_and_services.base.authority.Authority(35202161494041))] with identifierForTableGroup [com.cash_flow_app.apicashflow.entities_repositories_and_services.base.authority.Authority] for NavigablePath [com.cash_flow_app.apicashflow.entities_repositories_and_services.base.authority.Authority] 
2023-11-28T22:11:57.568-05:00 DEBUG 27472 --- [           main] o.h.q.sqm.sql.BaseSqmToSqlAstConverter   : Determining mapping-model type for SqmParameter : org.hibernate.query.sqm.tree.expression.SqmJpaCriteriaParameterWrapper@9573850
2023-11-28T22:11:57.568-05:00 DEBUG 27472 --- [           main] o.h.q.sqm.sql.BaseSqmToSqlAstConverter   : Determining mapping-model type for SqmPath : SqmBasicValuedSimplePath(com.cash_flow_app.apicashflow.entities_repositories_and_services.base.authority.Authority(35202161494041).permission) 
2023-11-28T22:11:57.568-05:00 DEBUG 27472 --- [           main] o.h.q.sqm.sql.BaseSqmToSqlAstConverter   : Determining mapping-model type for SqmParameter : org.hibernate.query.sqm.tree.expression.SqmJpaCriteriaParameterWrapper@2771025a
2023-11-28T22:11:57.568-05:00 DEBUG 27472 --- [           main] o.h.q.sqm.sql.BaseSqmToSqlAstConverter   : Determining mapping-model type for SqmPath : SqmBasicValuedSimplePath(com.cash_flow_app.apicashflow.entities_repositories_and_services.base.authority.Authority(35202161494041).endpoint) 
2023-11-28T22:11:57.568-05:00 DEBUG 27472 --- [           main] org.hibernate.orm.results.graph.AST      : DomainResult Graph:
 \-EntityResultImpl [com.cash_flow_app.apicashflow.entities_repositories_and_services.base.authority.Authority(35202161494041)]
 |  +-BasicFetch [com.cash_flow_app.apicashflow.entities_repositories_and_services.base.authority.Authority(35202161494041).endpoint]
 |  \-BasicFetch [com.cash_flow_app.apicashflow.entities_repositories_and_services.base.authority.Authority(35202161494041).permission]

2023-11-28T22:11:57.568-05:00 DEBUG 27472 --- [           main] org.hibernate.orm.sql.ast.tree           : SQL AST Tree:
    SelectStatement {
      FromClause {
        StandardTableGroup (a1 : com.cash_flow_app.apicashflow.entities_repositories_and_services.base.authority.Authority(35202161494041)) {
          primaryTableReference : authorities as a1_0
        }
      }
    }

2023-11-28T22:11:57.569-05:00 DEBUG 27472 --- [           main] o.h.e.i.AbstractFlushingEventListener    : Processing flush-time cascades
2023-11-28T22:11:57.569-05:00 DEBUG 27472 --- [           main] o.h.e.i.AbstractFlushingEventListener    : Dirty checking collections
2023-11-28T22:11:57.569-05:00 DEBUG 27472 --- [           main] o.h.e.i.AbstractFlushingEventListener    : Flushed: 0 insertions, 0 updates, 0 deletions to 10 objects
2023-11-28T22:11:57.569-05:00 DEBUG 27472 --- [           main] o.h.e.i.AbstractFlushingEventListener    : Flushed: 0 (re)creations, 0 updates, 0 removals to 0 collections
2023-11-28T22:11:57.569-05:00 DEBUG 27472 --- [           main] o.hibernate.internal.util.EntityPrinter  : Listing entities:
2023-11-28T22:11:57.569-05:00 DEBUG 27472 --- [           main] o.hibernate.internal.util.EntityPrinter  : com.cash_flow_app.apicashflow.entities_repositories_and_services.base.authority.Authority{endpoint=User, permission=CREATE, id=f4f135be-a2b5-48d1-a9d0-2b14e82cc373}
2023-11-28T22:11:57.569-05:00 DEBUG 27472 --- [           main] o.hibernate.internal.util.EntityPrinter  : com.cash_flow_app.apicashflow.entities_repositories_and_services.base.authority.Authority{endpoint=User, permission=READ, id=35481739-2447-454f-8ec3-daf467bb2ae5}
2023-11-28T22:11:57.569-05:00 DEBUG 27472 --- [           main] o.hibernate.internal.util.EntityPrinter  : com.cash_flow_app.apicashflow.entities_repositories_and_services.base.authority.Authority{endpoint=IncomeExpense, permission=CREATE, id=4de61a19-9cab-469d-856c-169a503a3f70}
2023-11-28T22:11:57.569-05:00 DEBUG 27472 --- [           main] o.hibernate.internal.util.EntityPrinter  : com.cash_flow_app.apicashflow.entities_repositories_and_services.base.authority.Authority{endpoint=Account, permission=DELETE, id=363894b3-8bdc-4764-ad13-d91f872e1a95}
2023-11-28T22:11:57.569-05:00 DEBUG 27472 --- [           main] o.hibernate.internal.util.EntityPrinter  : com.cash_flow_app.apicashflow.entities_repositories_and_services.base.authority.Authority{endpoint=IncomeExpense, permission=DELETE, id=51c645c0-dc8a-45f9-88d1-533e63701dbe}
2023-11-28T22:11:57.569-05:00 DEBUG 27472 --- [           main] o.hibernate.internal.util.EntityPrinter  : com.cash_flow_app.apicashflow.entities_repositories_and_services.base.authority.Authority{endpoint=ScheduledAccount, permission=READ, id=fed8cd26-d658-4965-b57c-1be9bb9eb61c}
2023-11-28T22:11:57.569-05:00 DEBUG 27472 --- [           main] o.hibernate.internal.util.EntityPrinter  : com.cash_flow_app.apicashflow.entities_repositories_and_services.base.authority.Authority{endpoint=ScheduledAccount, permission=CREATE, id=bd7f10f2-85c9-49d0-9a90-f83a87d9cdae}
2023-11-28T22:11:57.569-05:00 DEBUG 27472 --- [           main] o.hibernate.internal.util.EntityPrinter  : com.cash_flow_app.apicashflow.entities_repositories_and_services.base.authority.Authority{endpoint=Account, permission=CREATE, id=9aaf7d40-45f6-4ab6-90a9-a23f4c1b5f2f}
2023-11-28T22:11:57.569-05:00 DEBUG 27472 --- [           main] o.hibernate.internal.util.EntityPrinter  : com.cash_flow_app.apicashflow.entities_repositories_and_services.base.authority.Authority{endpoint=Account, permission=READ, id=b14a62f4-d04f-422a-a2a3-1f80e2635352}
2023-11-28T22:11:57.569-05:00 DEBUG 27472 --- [           main] o.hibernate.internal.util.EntityPrinter  : com.cash_flow_app.apicashflow.entities_repositories_and_services.base.authority.Authority{endpoint=IncomeExpense, permission=READ, id=af9e383e-4459-4719-802e-94a22944b4b7}
2023-11-28T22:11:57.569-05:00 DEBUG 27472 --- [           main] org.hibernate.orm.sql.exec               : Skipping reading Query result cache data: cache-enabled = false, cache-mode = NORMAL
2023-11-28T22:11:57.569-05:00 DEBUG 27472 --- [           main] org.hibernate.orm.results                : Initializer list
2023-11-28T22:11:57.569-05:00 DEBUG 27472 --- [           main] org.hibernate.orm.results                :     com.cash_flow_app.apicashflow.entities_repositories_and_services.base.authority.Authority(35202161494041) -> EntityResultInitializer(com.cash_flow_app.apicashflow.entities_repositories_and_services.base.authority.Authority(35202161494041))@1770312730 (SingleTableEntityPersister(com.cash_flow_app.apicashflow.entities_repositories_and_services.base.authority.Authority))
2023-11-28T22:11:57.569-05:00 DEBUG 27472 --- [           main] org.hibernate.SQL                        : 
    select
        a1_0.id,
        a1_0.endpoint,
        a1_0.permission 
    from
        authorities a1_0 
    where
        a1_0.permission=? 
        and a1_0.endpoint=?
2023-11-28T22:11:57.569-05:00 DEBUG 27472 --- [           main] org.hibernate.orm.results                : Extracted JDBC value [0] - [76cfdeb6-c100-4ed8-bb40-d15e53690430]
2023-11-28T22:11:57.569-05:00 DEBUG 27472 --- [           main] o.hibernate.orm.results.loading.entity   : (EntityResultInitializer) Hydrated EntityKey (com.cash_flow_app.apicashflow.entities_repositories_and_services.base.authority.Authority(35202161494041)): 76cfdeb6-c100-4ed8-bb40-d15e53690430
2023-11-28T22:11:57.569-05:00 DEBUG 27472 --- [           main] o.hibernate.orm.results.loading.entity   : (EntityResultInitializer) Created new entity instance [com.cash_flow_app.apicashflow.entities_repositories_and_services.base.authority.Authority(35202161494041)#76cfdeb6-c100-4ed8-bb40-d15e53690430] : com.cash_flow_app.apicashflow.entities_repositories_and_services.base.authority.Authority@1ea83b58
2023-11-28T22:11:57.569-05:00 DEBUG 27472 --- [           main] org.hibernate.orm.results                : Extracted JDBC value [1] - [ScheduledAccount]
2023-11-28T22:11:57.569-05:00 DEBUG 27472 --- [           main] org.hibernate.orm.results                : Extracted JDBC value [2] - [DELETE]
2023-11-28T22:11:57.569-05:00 DEBUG 27472 --- [           main] o.hibernate.orm.results.loading.entity   : (EntityResultInitializer) Done materializing entityInstance : com.cash_flow_app.apicashflow.entities_repositories_and_services.base.authority.Authority(35202161494041)#76cfdeb6-c100-4ed8-bb40-d15e53690430
2023-11-28T22:11:57.569-05:00 DEBUG 27472 --- [           main] org.hibernate.orm.results.loading        : Calling top-level assembler (0 / 1) : org.hibernate.sql.results.graph.entity.internal.EntityAssembler@51430893
2023-11-28T22:11:57.644-05:00 DEBUG 27472 --- [           main] o.s.orm.jpa.JpaTransactionManager        : Found thread-bound EntityManager [SessionImpl(916933656<open>)] for JPA transaction
2023-11-28T22:11:57.644-05:00 DEBUG 27472 --- [           main] o.s.orm.jpa.JpaTransactionManager        : Participating in existing transaction
2023-11-28T22:11:57.644-05:00 DEBUG 27472 --- [           main] o.h.j.internal.PersistenceUnitUtilImpl   : jakarta.persistence.PersistenceUnitUtil.getIdentifier is only intended to work with enhanced entities (although Hibernate also adapts this support to its proxies); however the passed entity was not enhanced (nor a proxy).. may not be able to read identifier
2023-11-28T22:11:57.645-05:00 DEBUG 27472 --- [           main] o.h.e.i.AbstractSaveEventListener        : Generated identifier: 985df12b-4c66-4234-b0a1-83edf02bb771, using strategy: org.hibernate.id.UUIDGenerator
2023-11-28T22:11:57.645-05:00 DEBUG 27472 --- [           main] o.s.w.s.m.m.a.HttpEntityMethodProcessor  : Using 'application/json', given [*/*] and supported [application/json, application/*+json]
2023-11-28T22:11:57.645-05:00 DEBUG 27472 --- [           main] o.s.w.s.m.m.a.HttpEntityMethodProcessor  : Writing [UserResponseDto(username=usuario_test, password=null, token_auth=eyJhbGciOiJIUzUxMiJ9.eyJzdWIiOiJ1c3 (truncated)...]
2023-11-28T22:11:57.646-05:00 DEBUG 27472 --- [           main] o.s.t.web.servlet.TestDispatcherServlet  : Completed 200 OK
2023-11-28T22:11:57.646-05:00 DEBUG 27472 --- [           main] o.s.test.util.ReflectionTestUtils        : Invoking method 'getFilters' on target object [FilterChainProxy[Filter Chains: [DefaultSecurityFilterChain [RequestMatcher=any request, Filters=[org.springframework.security.web.session.DisableEncodeUrlFilter@120e3ebb, org.springframework.security.web.session.ForceEagerSessionCreationFilter@753f1c3e, org.springframework.security.web.context.request.async.WebAsyncManagerIntegrationFilter@5e9af5d4, org.springframework.security.web.context.SecurityContextHolderFilter@1d18e5ad, org.springframework.security.web.header.HeaderWriterFilter@73b68d98, org.springframework.web.filter.CorsFilter@7863e6b2, org.springframework.security.web.authentication.logout.LogoutFilter@1e5a8278, JWTAuthorizationFilter(loginService=com.cash_flow_app.apicashflow.entities_repositories_and_services.base.security.LoginService@508b9c16), com.cash_flow_app.apicashflow.entities_repositories_and_services.base.security.JWTAuthenticationFilter@6fd2b939, org.springframework.security.web.savedrequest.RequestCacheAwareFilter@11def039, org.springframework.security.web.servletapi.SecurityContextHolderAwareRequestFilter@564375d7, org.springframework.security.web.authentication.AnonymousAuthenticationFilter@c4aa99e, org.springframework.security.web.session.SessionManagementFilter@69af6978, org.springframework.security.web.access.ExceptionTranslationFilter@4469046b, org.springframework.security.web.access.intercept.AuthorizationFilter@588d2e90]]]]] or target class [null] with arguments {org.springframework.mock.web.MockHttpServletRequest@2a84aed7}
2023-11-28T22:11:57.646-05:00 DEBUG 27472 --- [           main] o.s.test.util.ReflectionTestUtils        : Invoking method 'getFilters' on target object [FilterChainProxy[Filter Chains: [DefaultSecurityFilterChain [RequestMatcher=any request, Filters=[org.springframework.security.web.session.DisableEncodeUrlFilter@120e3ebb, org.springframework.security.web.session.ForceEagerSessionCreationFilter@753f1c3e, org.springframework.security.web.context.request.async.WebAsyncManagerIntegrationFilter@5e9af5d4, org.springframework.security.web.context.SecurityContextHolderFilter@1d18e5ad, org.springframework.security.web.header.HeaderWriterFilter@73b68d98, org.springframework.web.filter.CorsFilter@7863e6b2, org.springframework.security.web.authentication.logout.LogoutFilter@1e5a8278, JWTAuthorizationFilter(loginService=com.cash_flow_app.apicashflow.entities_repositories_and_services.base.security.LoginService@508b9c16), com.cash_flow_app.apicashflow.entities_repositories_and_services.base.security.JWTAuthenticationFilter@6fd2b939, org.springframework.security.web.savedrequest.RequestCacheAwareFilter@11def039, org.springframework.security.web.servletapi.SecurityContextHolderAwareRequestFilter@564375d7, org.springframework.security.web.authentication.AnonymousAuthenticationFilter@c4aa99e, org.springframework.security.web.session.SessionManagementFilter@69af6978, org.springframework.security.web.access.ExceptionTranslationFilter@4469046b, org.springframework.security.web.access.intercept.AuthorizationFilter@588d2e90]]]]] or target class [null] with arguments {org.springframework.mock.web.MockHttpServletRequest@2a84aed7}
2023-11-28T22:11:57.646-05:00 DEBUG 27472 --- [           main] o.s.test.util.ReflectionTestUtils        : Invoking method 'getFilters' on target object [FilterChainProxy[Filter Chains: [DefaultSecurityFilterChain [RequestMatcher=any request, Filters=[org.springframework.security.web.session.DisableEncodeUrlFilter@120e3ebb, org.springframework.security.web.session.ForceEagerSessionCreationFilter@753f1c3e, org.springframework.security.web.context.request.async.WebAsyncManagerIntegrationFilter@5e9af5d4, org.springframework.security.web.context.SecurityContextHolderFilter@1d18e5ad, org.springframework.security.web.header.HeaderWriterFilter@73b68d98, org.springframework.web.filter.CorsFilter@7863e6b2, org.springframework.security.web.authentication.logout.LogoutFilter@1e5a8278, JWTAuthorizationFilter(loginService=com.cash_flow_app.apicashflow.entities_repositories_and_services.base.security.LoginService@508b9c16), com.cash_flow_app.apicashflow.entities_repositories_and_services.base.security.JWTAuthenticationFilter@6fd2b939, org.springframework.security.web.savedrequest.RequestCacheAwareFilter@11def039, org.springframework.security.web.servletapi.SecurityContextHolderAwareRequestFilter@564375d7, org.springframework.security.web.authentication.AnonymousAuthenticationFilter@c4aa99e, org.springframework.security.web.session.SessionManagementFilter@69af6978, org.springframework.security.web.access.ExceptionTranslationFilter@4469046b, org.springframework.security.web.access.intercept.AuthorizationFilter@588d2e90]]]]] or target class [null] with arguments {org.springframework.mock.web.MockHttpServletRequest@2a84aed7}
2023-11-28T22:11:57.646-05:00 DEBUG 27472 --- [           main] o.s.security.web.FilterChainProxy        : Securing POST /api/v1/user/login
2023-11-28T22:11:57.646-05:00 DEBUG 27472 --- [           main] .s.s.w.s.ForceEagerSessionCreationFilter : Created session eagerly
2023-11-28T22:11:57.647-05:00 DEBUG 27472 --- [           main] org.hibernate.orm.sql.ast.create         : Created new SQL alias : u1_0
2023-11-28T22:11:57.647-05:00 DEBUG 27472 --- [           main] org.hibernate.orm.sql.ast.create         : Registration of TableGroup [StandardTableGroup(com.cash_flow_app.apicashflow.entities_repositories_and_services.base.user.User(35202153502500))] with identifierForTableGroup [com.cash_flow_app.apicashflow.entities_repositories_and_services.base.user.User] for NavigablePath [com.cash_flow_app.apicashflow.entities_repositories_and_services.base.user.User] 
2023-11-28T22:11:57.648-05:00 DEBUG 27472 --- [           main] o.h.q.sqm.sql.BaseSqmToSqlAstConverter   : Determining mapping-model type for SqmParameter : org.hibernate.query.sqm.tree.expression.SqmJpaCriteriaParameterWrapper@339852ab
2023-11-28T22:11:57.648-05:00 DEBUG 27472 --- [           main] o.h.q.sqm.sql.BaseSqmToSqlAstConverter   : Determining mapping-model type for SqmPath : SqmBasicValuedSimplePath(com.cash_flow_app.apicashflow.entities_repositories_and_services.base.user.User(35202153502500).username) 
2023-11-28T22:11:57.648-05:00 DEBUG 27472 --- [           main] org.hibernate.orm.results.graph.AST      : DomainResult Graph:
 \-EntityResultImpl [com.cash_flow_app.apicashflow.entities_repositories_and_services.base.user.User(35202153502500)]
 |  +-SelectEagerCollectionFetch [com.cash_flow_app.apicashflow.entities_repositories_and_services.base.user.User(35202153502500).accounts]
 |  +-SelectEagerCollectionFetch [com.cash_flow_app.apicashflow.entities_repositories_and_services.base.user.User(35202153502500).authorities]
 |  +-BasicFetch [com.cash_flow_app.apicashflow.entities_repositories_and_services.base.user.User(35202153502500).password]
 |  \-BasicFetch [com.cash_flow_app.apicashflow.entities_repositories_and_services.base.user.User(35202153502500).username]

2023-11-28T22:11:57.648-05:00 DEBUG 27472 --- [           main] org.hibernate.orm.sql.ast.tree           : SQL AST Tree:
    SelectStatement {
      FromClause {
        StandardTableGroup (u1 : com.cash_flow_app.apicashflow.entities_repositories_and_services.base.user.User(35202153502500)) {
          primaryTableReference : users as u1_0
        }
      }
    }

2023-11-28T22:11:57.648-05:00 DEBUG 27472 --- [           main] o.h.e.i.AbstractFlushingEventListener    : Processing flush-time cascades
2023-11-28T22:11:57.648-05:00 DEBUG 27472 --- [           main] o.h.e.i.AbstractFlushingEventListener    : Dirty checking collections
2023-11-28T22:11:57.648-05:00 DEBUG 27472 --- [           main] o.hibernate.engine.internal.Collections  : Collection found: [com.cash_flow_app.apicashflow.entities_repositories_and_services.base.user.User.authorities#985df12b-4c66-4234-b0a1-83edf02bb771], was: [<unreferenced>] (initialized)
2023-11-28T22:11:57.648-05:00 DEBUG 27472 --- [           main] o.h.e.i.AbstractFlushingEventListener    : Flushed: 1 insertions, 0 updates, 0 deletions to 12 objects
2023-11-28T22:11:57.648-05:00 DEBUG 27472 --- [           main] o.h.e.i.AbstractFlushingEventListener    : Flushed: 1 (re)creations, 0 updates, 0 removals to 1 collections
2023-11-28T22:11:57.648-05:00 DEBUG 27472 --- [           main] o.hibernate.internal.util.EntityPrinter  : Listing entities:
2023-11-28T22:11:57.648-05:00 DEBUG 27472 --- [           main] o.hibernate.internal.util.EntityPrinter  : com.cash_flow_app.apicashflow.entities_repositories_and_services.base.authority.Authority{endpoint=User, permission=CREATE, id=f4f135be-a2b5-48d1-a9d0-2b14e82cc373}
2023-11-28T22:11:57.648-05:00 DEBUG 27472 --- [           main] o.hibernate.internal.util.EntityPrinter  : com.cash_flow_app.apicashflow.entities_repositories_and_services.base.authority.Authority{endpoint=User, permission=READ, id=35481739-2447-454f-8ec3-daf467bb2ae5}
2023-11-28T22:11:57.648-05:00 DEBUG 27472 --- [           main] o.hibernate.internal.util.EntityPrinter  : com.cash_flow_app.apicashflow.entities_repositories_and_services.base.authority.Authority{endpoint=IncomeExpense, permission=CREATE, id=4de61a19-9cab-469d-856c-169a503a3f70}
2023-11-28T22:11:57.648-05:00 DEBUG 27472 --- [           main] o.hibernate.internal.util.EntityPrinter  : com.cash_flow_app.apicashflow.entities_repositories_and_services.base.authority.Authority{endpoint=Account, permission=DELETE, id=363894b3-8bdc-4764-ad13-d91f872e1a95}
2023-11-28T22:11:57.648-05:00 DEBUG 27472 --- [           main] o.hibernate.internal.util.EntityPrinter  : com.cash_flow_app.apicashflow.entities_repositories_and_services.base.authority.Authority{endpoint=IncomeExpense, permission=DELETE, id=51c645c0-dc8a-45f9-88d1-533e63701dbe}
2023-11-28T22:11:57.648-05:00 DEBUG 27472 --- [           main] o.hibernate.internal.util.EntityPrinter  : com.cash_flow_app.apicashflow.entities_repositories_and_services.base.authority.Authority{endpoint=ScheduledAccount, permission=READ, id=fed8cd26-d658-4965-b57c-1be9bb9eb61c}
2023-11-28T22:11:57.648-05:00 DEBUG 27472 --- [           main] o.hibernate.internal.util.EntityPrinter  : com.cash_flow_app.apicashflow.entities_repositories_and_services.base.authority.Authority{endpoint=ScheduledAccount, permission=DELETE, id=76cfdeb6-c100-4ed8-bb40-d15e53690430}
2023-11-28T22:11:57.648-05:00 DEBUG 27472 --- [           main] o.hibernate.internal.util.EntityPrinter  : com.cash_flow_app.apicashflow.entities_repositories_and_services.base.authority.Authority{endpoint=ScheduledAccount, permission=CREATE, id=bd7f10f2-85c9-49d0-9a90-f83a87d9cdae}
2023-11-28T22:11:57.648-05:00 DEBUG 27472 --- [           main] o.hibernate.internal.util.EntityPrinter  : com.cash_flow_app.apicashflow.entities_repositories_and_services.base.user.User{password=$2a$10$1vncrC1WFTAjr1evr2mKGedZKMkvLy5LnS/rvS0uAow9IBVOEmQ9y, id=985df12b-4c66-4234-b0a1-83edf02bb771, accounts=null, authorities=[com.cash_flow_app.apicashflow.entities_repositories_and_services.base.authority.Authority#9aaf7d40-45f6-4ab6-90a9-a23f4c1b5f2f, com.cash_flow_app.apicashflow.entities_repositories_and_services.base.authority.Authority#b14a62f4-d04f-422a-a2a3-1f80e2635352, com.cash_flow_app.apicashflow.entities_repositories_and_services.base.authority.Authority#363894b3-8bdc-4764-ad13-d91f872e1a95, com.cash_flow_app.apicashflow.entities_repositories_and_services.base.authority.Authority#f4f135be-a2b5-48d1-a9d0-2b14e82cc373, com.cash_flow_app.apicashflow.entities_repositories_and_services.base.authority.Authority#35481739-2447-454f-8ec3-daf467bb2ae5, com.cash_flow_app.apicashflow.entities_repositories_and_services.base.authority.Authority#4de61a19-9cab-469d-856c-169a503a3f70, com.cash_flow_app.apicashflow.entities_repositories_and_services.base.authority.Authority#af9e383e-4459-4719-802e-94a22944b4b7, com.cash_flow_app.apicashflow.entities_repositories_and_services.base.authority.Authority#51c645c0-dc8a-45f9-88d1-533e63701dbe, com.cash_flow_app.apicashflow.entities_repositories_and_services.base.authority.Authority#bd7f10f2-85c9-49d0-9a90-f83a87d9cdae, com.cash_flow_app.apicashflow.entities_repositories_and_services.base.authority.Authority#fed8cd26-d658-4965-b57c-1be9bb9eb61c, com.cash_flow_app.apicashflow.entities_repositories_and_services.base.authority.Authority#76cfdeb6-c100-4ed8-bb40-d15e53690430], username=usuario_test}
2023-11-28T22:11:57.648-05:00 DEBUG 27472 --- [           main] o.hibernate.internal.util.EntityPrinter  : com.cash_flow_app.apicashflow.entities_repositories_and_services.base.authority.Authority{endpoint=Account, permission=CREATE, id=9aaf7d40-45f6-4ab6-90a9-a23f4c1b5f2f}
2023-11-28T22:11:57.648-05:00 DEBUG 27472 --- [           main] o.hibernate.internal.util.EntityPrinter  : com.cash_flow_app.apicashflow.entities_repositories_and_services.base.authority.Authority{endpoint=Account, permission=READ, id=b14a62f4-d04f-422a-a2a3-1f80e2635352}
2023-11-28T22:11:57.648-05:00 DEBUG 27472 --- [           main] o.hibernate.internal.util.EntityPrinter  : com.cash_flow_app.apicashflow.entities_repositories_and_services.base.authority.Authority{endpoint=IncomeExpense, permission=READ, id=af9e383e-4459-4719-802e-94a22944b4b7}
2023-11-28T22:11:57.648-05:00 DEBUG 27472 --- [           main] org.hibernate.engine.spi.ActionQueue     : Changes must be flushed to space: users
2023-11-28T22:11:57.648-05:00 DEBUG 27472 --- [           main] org.hibernate.SQL                        : 
    insert 
    into
        users
        (password, username, id) 
    values
        (?, ?, ?)
2023-11-28T22:11:57.649-05:00 DEBUG 27472 --- [           main] o.h.p.c.AbstractCollectionPersister      : Inserting collection: [com.cash_flow_app.apicashflow.entities_repositories_and_services.base.user.User.authorities#985df12b-4c66-4234-b0a1-83edf02bb771]
2023-11-28T22:11:57.649-05:00 DEBUG 27472 --- [           main] org.hibernate.SQL                        : 
    insert 
    into
        user_authority
        (user_id, authority_id) 
    values
        (?, ?)
2023-11-28T22:11:57.649-05:00 DEBUG 27472 --- [           main] org.hibernate.SQL                        : 
    insert 
    into
        user_authority
        (user_id, authority_id) 
    values
        (?, ?)
2023-11-28T22:11:57.649-05:00 DEBUG 27472 --- [           main] org.hibernate.SQL                        : 
    insert 
    into
        user_authority
        (user_id, authority_id) 
    values
        (?, ?)
2023-11-28T22:11:57.649-05:00 DEBUG 27472 --- [           main] org.hibernate.SQL                        : 
    insert 
    into
        user_authority
        (user_id, authority_id) 
    values
        (?, ?)
2023-11-28T22:11:57.649-05:00 DEBUG 27472 --- [           main] org.hibernate.SQL                        : 
    insert 
    into
        user_authority
        (user_id, authority_id) 
    values
        (?, ?)
2023-11-28T22:11:57.650-05:00 DEBUG 27472 --- [           main] org.hibernate.SQL                        : 
    insert 
    into
        user_authority
        (user_id, authority_id) 
    values
        (?, ?)
2023-11-28T22:11:57.650-05:00 DEBUG 27472 --- [           main] org.hibernate.SQL                        : 
    insert 
    into
        user_authority
        (user_id, authority_id) 
    values
        (?, ?)
2023-11-28T22:11:57.650-05:00 DEBUG 27472 --- [           main] org.hibernate.SQL                        : 
    insert 
    into
        user_authority
        (user_id, authority_id) 
    values
        (?, ?)
2023-11-28T22:11:57.651-05:00 DEBUG 27472 --- [           main] org.hibernate.SQL                        : 
    insert 
    into
        user_authority
        (user_id, authority_id) 
    values
        (?, ?)
2023-11-28T22:11:57.651-05:00 DEBUG 27472 --- [           main] org.hibernate.SQL                        : 
    insert 
    into
        user_authority
        (user_id, authority_id) 
    values
        (?, ?)
2023-11-28T22:11:57.651-05:00 DEBUG 27472 --- [           main] org.hibernate.SQL                        : 
    insert 
    into
        user_authority
        (user_id, authority_id) 
    values
        (?, ?)
2023-11-28T22:11:57.651-05:00 DEBUG 27472 --- [           main] o.h.p.c.AbstractCollectionPersister      : Done inserting collection: 11 rows inserted
2023-11-28T22:11:57.651-05:00 DEBUG 27472 --- [           main] org.hibernate.orm.sql.exec               : Skipping reading Query result cache data: cache-enabled = false, cache-mode = NORMAL
2023-11-28T22:11:57.651-05:00 DEBUG 27472 --- [           main] org.hibernate.orm.results                : Initializer list
2023-11-28T22:11:57.651-05:00 DEBUG 27472 --- [           main] org.hibernate.orm.results                :     com.cash_flow_app.apicashflow.entities_repositories_and_services.base.user.User(35202153502500).accounts -> SelectEagerCollectionInitializer(com.cash_flow_app.apicashflow.entities_repositories_and_services.base.user.User(35202153502500).accounts)@1756132760 (PluralAttribute(com.cash_flow_app.apicashflow.entities_repositories_and_services.base.user.User.accounts))
2023-11-28T22:11:57.651-05:00 DEBUG 27472 --- [           main] org.hibernate.orm.results                :     com.cash_flow_app.apicashflow.entities_repositories_and_services.base.user.User(35202153502500).authorities -> SelectEagerCollectionInitializer(com.cash_flow_app.apicashflow.entities_repositories_and_services.base.user.User(35202153502500).authorities)@7907460 (PluralAttribute(com.cash_flow_app.apicashflow.entities_repositories_and_services.base.user.User.authorities))
2023-11-28T22:11:57.651-05:00 DEBUG 27472 --- [           main] org.hibernate.orm.results                :     com.cash_flow_app.apicashflow.entities_repositories_and_services.base.user.User(35202153502500) -> EntityResultInitializer(com.cash_flow_app.apicashflow.entities_repositories_and_services.base.user.User(35202153502500))@1920914736 (SingleTableEntityPersister(com.cash_flow_app.apicashflow.entities_repositories_and_services.base.user.User))
2023-11-28T22:11:57.651-05:00 DEBUG 27472 --- [           main] org.hibernate.SQL                        : 
    select
        u1_0.id,
        u1_0.password,
        u1_0.username 
    from
        users u1_0 
    where
        u1_0.username=?
2023-11-28T22:11:57.651-05:00 DEBUG 27472 --- [           main] org.hibernate.orm.results                : Extracted JDBC value [0] - [985df12b-4c66-4234-b0a1-83edf02bb771]
2023-11-28T22:11:57.651-05:00 DEBUG 27472 --- [           main] o.hibernate.orm.results.loading.entity   : (EntityResultInitializer) Hydrated EntityKey (com.cash_flow_app.apicashflow.entities_repositories_and_services.base.user.User(35202153502500)): 985df12b-4c66-4234-b0a1-83edf02bb771
2023-11-28T22:11:57.651-05:00 DEBUG 27472 --- [           main] o.h.o.r.l.o.h.o.r.loading.collection     : (DelayedCollectionInitializer) Current row collection key : com.cash_flow_app.apicashflow.entities_repositories_and_services.base.user.User(35202153502500).accounts#985df12b-4c66-4234-b0a1-83edf02bb771
2023-11-28T22:11:57.651-05:00 DEBUG 27472 --- [           main] o.h.o.r.l.o.h.o.r.loading.collection     : (DelayedCollectionInitializer) Current row collection key : com.cash_flow_app.apicashflow.entities_repositories_and_services.base.user.User(35202153502500).authorities#985df12b-4c66-4234-b0a1-83edf02bb771
2023-11-28T22:11:57.651-05:00 DEBUG 27472 --- [           main] org.hibernate.orm.results.loading        : Calling top-level assembler (0 / 1) : org.hibernate.sql.results.graph.entity.internal.EntityAssembler@1164d004
2023-11-28T22:11:57.652-05:00 DEBUG 27472 --- [           main] org.hibernate.orm.results.graph.AST      : DomainResult Graph:
 \-CollectionDomainResult [com.cash_flow_app.apicashflow.entities_repositories_and_services.base.user.User.accounts]

2023-11-28T22:11:57.652-05:00 DEBUG 27472 --- [           main] org.hibernate.orm.sql.ast.tree           : SQL AST Tree:
    SelectStatement {
      FromClause {
        CollectionTableGroup (a1 : com.cash_flow_app.apicashflow.entities_repositories_and_services.base.user.User.accounts) {
          primaryTableReference : user_account as a1_0
          NestedTableGroupJoins {
             join LazyTableGroup (a1 : com.cash_flow_app.apicashflow.entities_repositories_and_services.base.user.User.accounts.{element}) {
              primaryTableReference : accounts as a1_1
            }
          }
        }
      }
    }

2023-11-28T22:11:57.652-05:00 DEBUG 27472 --- [           main] org.hibernate.orm.sql.exec               : Skipping reading Query result cache data: cache-enabled = false, cache-mode = IGNORE
2023-11-28T22:11:57.652-05:00 DEBUG 27472 --- [           main] org.hibernate.orm.results                : Initializer list
2023-11-28T22:11:57.652-05:00 DEBUG 27472 --- [           main] org.hibernate.orm.results                :     com.cash_flow_app.apicashflow.entities_repositories_and_services.base.user.User.accounts.{element}.incomes_expenses -> SelectEagerCollectionInitializer(com.cash_flow_app.apicashflow.entities_repositories_and_services.base.user.User.accounts.{element}.incomes_expenses)@1624533975 (PluralAttribute(com.cash_flow_app.apicashflow.entities_repositories_and_services.base.account.Account.incomes_expenses))
2023-11-28T22:11:57.652-05:00 DEBUG 27472 --- [           main] org.hibernate.orm.results                :     com.cash_flow_app.apicashflow.entities_repositories_and_services.base.user.User.accounts.{element}.users -> SelectEagerCollectionInitializer(com.cash_flow_app.apicashflow.entities_repositories_and_services.base.user.User.accounts.{element}.users)@1204498801 (PluralAttribute(com.cash_flow_app.apicashflow.entities_repositories_and_services.base.account.Account.users))
2023-11-28T22:11:57.652-05:00 DEBUG 27472 --- [           main] org.hibernate.orm.results                :     com.cash_flow_app.apicashflow.entities_repositories_and_services.base.user.User.accounts.{element} -> EntityJoinedFetchInitializer(com.cash_flow_app.apicashflow.entities_repositories_and_services.base.user.User.accounts.{element})@1758818359 (EntityCollectionPart(NavigableRole[com.cash_flow_app.apicashflow.entities_repositories_and_services.base.user.User.accounts#{element}])@624685600)
2023-11-28T22:11:57.652-05:00 DEBUG 27472 --- [           main] org.hibernate.orm.results                :     com.cash_flow_app.apicashflow.entities_repositories_and_services.base.user.User.accounts -> BagInitializer(com.cash_flow_app.apicashflow.entities_repositories_and_services.base.user.User.accounts)@1594255833 (PluralAttribute(com.cash_flow_app.apicashflow.entities_repositories_and_services.base.user.User.accounts))
2023-11-28T22:11:57.652-05:00 DEBUG 27472 --- [           main] org.hibernate.SQL                        : 
    select
        a1_0.user_id,
        a1_1.id,
        a1_1.description 
    from
        user_account a1_0 
    join
        accounts a1_1 
            on a1_1.id=a1_0.account_id 
    where
        a1_0.user_id=?
2023-11-28T22:11:57.652-05:00 DEBUG 27472 --- [           main] o.h.sql.results.internal.ResultsHelper   : Collection fully initialized: [com.cash_flow_app.apicashflow.entities_repositories_and_services.base.user.User.accounts#985df12b-4c66-4234-b0a1-83edf02bb771]
2023-11-28T22:11:57.726-05:00 DEBUG 27472 --- [           main] o.s.s.a.dao.DaoAuthenticationProvider    : Authenticated user

MockHttpServletRequest:
      HTTP Method = POST
      Request URI = /api/v1/user/login
       Parameters = {_csrf=[O7BeCoKSpGHM8pRd03sqiMbcl9C6NG7fap73ZghI_enAyqURDIg6bLSikFXhwvBo4FYeuvPuurLZAVryW_rHB25wzIqj_ZZz]}
          Headers = [Content-Type:"application/json;charset=UTF-8", Content-Length:"52"]
             Body = { "username": "usuario_test", "password": "123456" }
    Session Attrs = {}

Handler:
             Type = null

Async:
    Async started = false
     Async result = null

Resolved Exception:
             Type = null

ModelAndView:
        View name = null
             View = null
            Model = null

FlashMap:
       Attributes = null

MockHttpServletResponse:
           Status = 200
    Error message = null
          Headers = [Vary:"Origin", "Access-Control-Request-Method", "Access-Control-Request-Headers", Authorization:"Bearer eyJhbGciOiJIUzUxMiJ9.eyJzdWIiOiJ1c3VhcmlvX3Rlc3QiLCJleHAiOjE3MDM4MTk1MTd9.AnW1_ycsUW2YBgpJlL4qwryaFClzLF4JuHigFRqWW1ek9QjvLskfAyKnAXHJyZYaOvXFa9PAVKQ-ygMS76Nvdw", Access-Control-Expose-Headers:"Authorization", X-Content-Type-Options:"nosniff", X-XSS-Protection:"0", Cache-Control:"no-cache, no-store, max-age=0, must-revalidate", Pragma:"no-cache", Expires:"0", X-Frame-Options:"DENY"]
     Content type = null
             Body = 
    Forwarded URL = null
   Redirected URL = null
          Cookies = []
2023-11-28T22:11:57.727-05:00 DEBUG 27472 --- [           main] org.springframework.test.context.cache   : Spring test ApplicationContext cache statistics: [DefaultContextCache@8caffbd size = 3, maxSize = 32, parentContextCount = 0, hitCount = 319, missCount = 3]
2023-11-28T22:11:57.728-05:00 DEBUG 27472 --- [           main] o.s.test.util.ReflectionTestUtils        : Invoking method 'getFilters' on target object [FilterChainProxy[Filter Chains: [DefaultSecurityFilterChain [RequestMatcher=any request, Filters=[org.springframework.security.web.session.DisableEncodeUrlFilter@120e3ebb, org.springframework.security.web.session.ForceEagerSessionCreationFilter@753f1c3e, org.springframework.security.web.context.request.async.WebAsyncManagerIntegrationFilter@5e9af5d4, org.springframework.security.web.context.SecurityContextHolderFilter@1d18e5ad, org.springframework.security.web.header.HeaderWriterFilter@73b68d98, org.springframework.web.filter.CorsFilter@7863e6b2, org.springframework.security.web.authentication.logout.LogoutFilter@1e5a8278, JWTAuthorizationFilter(loginService=com.cash_flow_app.apicashflow.entities_repositories_and_services.base.security.LoginService@508b9c16), com.cash_flow_app.apicashflow.entities_repositories_and_services.base.security.JWTAuthenticationFilter@6fd2b939, org.springframework.security.web.savedrequest.RequestCacheAwareFilter@11def039, org.springframework.security.web.servletapi.SecurityContextHolderAwareRequestFilter@564375d7, org.springframework.security.web.authentication.AnonymousAuthenticationFilter@c4aa99e, org.springframework.security.web.session.SessionManagementFilter@69af6978, org.springframework.security.web.access.ExceptionTranslationFilter@4469046b, org.springframework.security.web.access.intercept.AuthorizationFilter@588d2e90]]]]] or target class [null] with arguments {org.springframework.mock.web.MockHttpServletRequest@f22cf0e}
2023-11-28T22:11:57.728-05:00 DEBUG 27472 --- [           main] o.s.test.util.ReflectionTestUtils        : Invoking method 'getFilters' on target object [FilterChainProxy[Filter Chains: [DefaultSecurityFilterChain [RequestMatcher=any request, Filters=[org.springframework.security.web.session.DisableEncodeUrlFilter@120e3ebb, org.springframework.security.web.session.ForceEagerSessionCreationFilter@753f1c3e, org.springframework.security.web.context.request.async.WebAsyncManagerIntegrationFilter@5e9af5d4, org.springframework.security.web.context.SecurityContextHolderFilter@1d18e5ad, org.springframework.security.web.header.HeaderWriterFilter@73b68d98, org.springframework.web.filter.CorsFilter@7863e6b2, org.springframework.security.web.authentication.logout.LogoutFilter@1e5a8278, JWTAuthorizationFilter(loginService=com.cash_flow_app.apicashflow.entities_repositories_and_services.base.security.LoginService@508b9c16), com.cash_flow_app.apicashflow.entities_repositories_and_services.base.security.JWTAuthenticationFilter@6fd2b939, org.springframework.security.web.savedrequest.RequestCacheAwareFilter@11def039, org.springframework.security.web.servletapi.SecurityContextHolderAwareRequestFilter@564375d7, org.springframework.security.web.authentication.AnonymousAuthenticationFilter@c4aa99e, org.springframework.security.web.session.SessionManagementFilter@69af6978, org.springframework.security.web.access.ExceptionTranslationFilter@4469046b, org.springframework.security.web.access.intercept.AuthorizationFilter@588d2e90]]]]] or target class [null] with arguments {org.springframework.mock.web.MockHttpServletRequest@f22cf0e}
2023-11-28T22:11:57.728-05:00 DEBUG 27472 --- [           main] o.s.test.util.ReflectionTestUtils        : Invoking method 'getFilters' on target object [FilterChainProxy[Filter Chains: [DefaultSecurityFilterChain [RequestMatcher=any request, Filters=[org.springframework.security.web.session.DisableEncodeUrlFilter@120e3ebb, org.springframework.security.web.session.ForceEagerSessionCreationFilter@753f1c3e, org.springframework.security.web.context.request.async.WebAsyncManagerIntegrationFilter@5e9af5d4, org.springframework.security.web.context.SecurityContextHolderFilter@1d18e5ad, org.springframework.security.web.header.HeaderWriterFilter@73b68d98, org.springframework.web.filter.CorsFilter@7863e6b2, org.springframework.security.web.authentication.logout.LogoutFilter@1e5a8278, JWTAuthorizationFilter(loginService=com.cash_flow_app.apicashflow.entities_repositories_and_services.base.security.LoginService@508b9c16), com.cash_flow_app.apicashflow.entities_repositories_and_services.base.security.JWTAuthenticationFilter@6fd2b939, org.springframework.security.web.savedrequest.RequestCacheAwareFilter@11def039, org.springframework.security.web.servletapi.SecurityContextHolderAwareRequestFilter@564375d7, org.springframework.security.web.authentication.AnonymousAuthenticationFilter@c4aa99e, org.springframework.security.web.session.SessionManagementFilter@69af6978, org.springframework.security.web.access.ExceptionTranslationFilter@4469046b, org.springframework.security.web.access.intercept.AuthorizationFilter@588d2e90]]]]] or target class [null] with arguments {org.springframework.mock.web.MockHttpServletRequest@f22cf0e}
2023-11-28T22:11:57.728-05:00 DEBUG 27472 --- [           main] o.s.security.web.FilterChainProxy        : Securing POST /api/v1/account/create
2023-11-28T22:11:57.728-05:00 DEBUG 27472 --- [           main] .s.s.w.s.ForceEagerSessionCreationFilter : Created session eagerly
2023-11-28T22:11:57.729-05:00 DEBUG 27472 --- [           main] org.hibernate.orm.sql.ast.create         : Created new SQL alias : u1_0
2023-11-28T22:11:57.729-05:00 DEBUG 27472 --- [           main] org.hibernate.orm.sql.ast.create         : Registration of TableGroup [StandardTableGroup(com.cash_flow_app.apicashflow.entities_repositories_and_services.base.user.User(35202153502500))] with identifierForTableGroup [com.cash_flow_app.apicashflow.entities_repositories_and_services.base.user.User] for NavigablePath [com.cash_flow_app.apicashflow.entities_repositories_and_services.base.user.User] 
2023-11-28T22:11:57.729-05:00 DEBUG 27472 --- [           main] o.h.q.sqm.sql.BaseSqmToSqlAstConverter   : Determining mapping-model type for SqmParameter : org.hibernate.query.sqm.tree.expression.SqmJpaCriteriaParameterWrapper@3b6f1227
2023-11-28T22:11:57.729-05:00 DEBUG 27472 --- [           main] o.h.q.sqm.sql.BaseSqmToSqlAstConverter   : Determining mapping-model type for SqmPath : SqmBasicValuedSimplePath(com.cash_flow_app.apicashflow.entities_repositories_and_services.base.user.User(35202153502500).username) 
2023-11-28T22:11:57.729-05:00 DEBUG 27472 --- [           main] org.hibernate.orm.results.graph.AST      : DomainResult Graph:
 \-EntityResultImpl [com.cash_flow_app.apicashflow.entities_repositories_and_services.base.user.User(35202153502500)]
 |  +-SelectEagerCollectionFetch [com.cash_flow_app.apicashflow.entities_repositories_and_services.base.user.User(35202153502500).accounts]
 |  +-SelectEagerCollectionFetch [com.cash_flow_app.apicashflow.entities_repositories_and_services.base.user.User(35202153502500).authorities]
 |  +-BasicFetch [com.cash_flow_app.apicashflow.entities_repositories_and_services.base.user.User(35202153502500).password]
 |  \-BasicFetch [com.cash_flow_app.apicashflow.entities_repositories_and_services.base.user.User(35202153502500).username]

2023-11-28T22:11:57.729-05:00 DEBUG 27472 --- [           main] org.hibernate.orm.sql.ast.tree           : SQL AST Tree:
    SelectStatement {
      FromClause {
        StandardTableGroup (u1 : com.cash_flow_app.apicashflow.entities_repositories_and_services.base.user.User(35202153502500)) {
          primaryTableReference : users as u1_0
        }
      }
    }

2023-11-28T22:11:57.729-05:00 DEBUG 27472 --- [           main] o.h.e.i.AbstractFlushingEventListener    : Processing flush-time cascades
2023-11-28T22:11:57.729-05:00 DEBUG 27472 --- [           main] o.h.e.i.AbstractFlushingEventListener    : Dirty checking collections
2023-11-28T22:11:57.729-05:00 DEBUG 27472 --- [           main] o.hibernate.engine.internal.Collections  : Collection found: [com.cash_flow_app.apicashflow.entities_repositories_and_services.base.user.User.authorities#985df12b-4c66-4234-b0a1-83edf02bb771], was: [com.cash_flow_app.apicashflow.entities_repositories_and_services.base.user.User.authorities#985df12b-4c66-4234-b0a1-83edf02bb771] (initialized)
2023-11-28T22:11:57.729-05:00 DEBUG 27472 --- [           main] o.hibernate.engine.internal.Collections  : Collection dereferenced: [com.cash_flow_app.apicashflow.entities_repositories_and_services.base.user.User.accounts#985df12b-4c66-4234-b0a1-83edf02bb771]
2023-11-28T22:11:57.730-05:00 DEBUG 27472 --- [           main] o.h.e.i.AbstractFlushingEventListener    : Flushed: 0 insertions, 0 updates, 0 deletions to 12 objects
2023-11-28T22:11:57.730-05:00 DEBUG 27472 --- [           main] o.h.e.i.AbstractFlushingEventListener    : Flushed: 0 (re)creations, 0 updates, 1 removals to 2 collections
2023-11-28T22:11:57.730-05:00 DEBUG 27472 --- [           main] o.hibernate.internal.util.EntityPrinter  : Listing entities:
2023-11-28T22:11:57.730-05:00 DEBUG 27472 --- [           main] o.hibernate.internal.util.EntityPrinter  : com.cash_flow_app.apicashflow.entities_repositories_and_services.base.authority.Authority{endpoint=User, permission=CREATE, id=f4f135be-a2b5-48d1-a9d0-2b14e82cc373}
2023-11-28T22:11:57.730-05:00 DEBUG 27472 --- [           main] o.hibernate.internal.util.EntityPrinter  : com.cash_flow_app.apicashflow.entities_repositories_and_services.base.authority.Authority{endpoint=User, permission=READ, id=35481739-2447-454f-8ec3-daf467bb2ae5}
2023-11-28T22:11:57.730-05:00 DEBUG 27472 --- [           main] o.hibernate.internal.util.EntityPrinter  : com.cash_flow_app.apicashflow.entities_repositories_and_services.base.authority.Authority{endpoint=IncomeExpense, permission=CREATE, id=4de61a19-9cab-469d-856c-169a503a3f70}
2023-11-28T22:11:57.730-05:00 DEBUG 27472 --- [           main] o.hibernate.internal.util.EntityPrinter  : com.cash_flow_app.apicashflow.entities_repositories_and_services.base.authority.Authority{endpoint=Account, permission=DELETE, id=363894b3-8bdc-4764-ad13-d91f872e1a95}
2023-11-28T22:11:57.730-05:00 DEBUG 27472 --- [           main] o.hibernate.internal.util.EntityPrinter  : com.cash_flow_app.apicashflow.entities_repositories_and_services.base.authority.Authority{endpoint=IncomeExpense, permission=DELETE, id=51c645c0-dc8a-45f9-88d1-533e63701dbe}
2023-11-28T22:11:57.730-05:00 DEBUG 27472 --- [           main] o.hibernate.internal.util.EntityPrinter  : com.cash_flow_app.apicashflow.entities_repositories_and_services.base.authority.Authority{endpoint=ScheduledAccount, permission=READ, id=fed8cd26-d658-4965-b57c-1be9bb9eb61c}
2023-11-28T22:11:57.730-05:00 DEBUG 27472 --- [           main] o.hibernate.internal.util.EntityPrinter  : com.cash_flow_app.apicashflow.entities_repositories_and_services.base.authority.Authority{endpoint=ScheduledAccount, permission=DELETE, id=76cfdeb6-c100-4ed8-bb40-d15e53690430}
2023-11-28T22:11:57.730-05:00 DEBUG 27472 --- [           main] o.hibernate.internal.util.EntityPrinter  : com.cash_flow_app.apicashflow.entities_repositories_and_services.base.authority.Authority{endpoint=ScheduledAccount, permission=CREATE, id=bd7f10f2-85c9-49d0-9a90-f83a87d9cdae}
2023-11-28T22:11:57.730-05:00 DEBUG 27472 --- [           main] o.hibernate.internal.util.EntityPrinter  : com.cash_flow_app.apicashflow.entities_repositories_and_services.base.user.User{password=$2a$10$1vncrC1WFTAjr1evr2mKGedZKMkvLy5LnS/rvS0uAow9IBVOEmQ9y, id=985df12b-4c66-4234-b0a1-83edf02bb771, accounts=null, authorities=[com.cash_flow_app.apicashflow.entities_repositories_and_services.base.authority.Authority#9aaf7d40-45f6-4ab6-90a9-a23f4c1b5f2f, com.cash_flow_app.apicashflow.entities_repositories_and_services.base.authority.Authority#b14a62f4-d04f-422a-a2a3-1f80e2635352, com.cash_flow_app.apicashflow.entities_repositories_and_services.base.authority.Authority#363894b3-8bdc-4764-ad13-d91f872e1a95, com.cash_flow_app.apicashflow.entities_repositories_and_services.base.authority.Authority#f4f135be-a2b5-48d1-a9d0-2b14e82cc373, com.cash_flow_app.apicashflow.entities_repositories_and_services.base.authority.Authority#35481739-2447-454f-8ec3-daf467bb2ae5, com.cash_flow_app.apicashflow.entities_repositories_and_services.base.authority.Authority#4de61a19-9cab-469d-856c-169a503a3f70, com.cash_flow_app.apicashflow.entities_repositories_and_services.base.authority.Authority#af9e383e-4459-4719-802e-94a22944b4b7, com.cash_flow_app.apicashflow.entities_repositories_and_services.base.authority.Authority#51c645c0-dc8a-45f9-88d1-533e63701dbe, com.cash_flow_app.apicashflow.entities_repositories_and_services.base.authority.Authority#bd7f10f2-85c9-49d0-9a90-f83a87d9cdae, com.cash_flow_app.apicashflow.entities_repositories_and_services.base.authority.Authority#fed8cd26-d658-4965-b57c-1be9bb9eb61c, com.cash_flow_app.apicashflow.entities_repositories_and_services.base.authority.Authority#76cfdeb6-c100-4ed8-bb40-d15e53690430], username=usuario_test}
2023-11-28T22:11:57.730-05:00 DEBUG 27472 --- [           main] o.hibernate.internal.util.EntityPrinter  : com.cash_flow_app.apicashflow.entities_repositories_and_services.base.authority.Authority{endpoint=Account, permission=CREATE, id=9aaf7d40-45f6-4ab6-90a9-a23f4c1b5f2f}
2023-11-28T22:11:57.730-05:00 DEBUG 27472 --- [           main] o.hibernate.internal.util.EntityPrinter  : com.cash_flow_app.apicashflow.entities_repositories_and_services.base.authority.Authority{endpoint=Account, permission=READ, id=b14a62f4-d04f-422a-a2a3-1f80e2635352}
2023-11-28T22:11:57.730-05:00 DEBUG 27472 --- [           main] o.hibernate.internal.util.EntityPrinter  : com.cash_flow_app.apicashflow.entities_repositories_and_services.base.authority.Authority{endpoint=IncomeExpense, permission=READ, id=af9e383e-4459-4719-802e-94a22944b4b7}
2023-11-28T22:11:57.730-05:00 DEBUG 27472 --- [           main] org.hibernate.orm.sql.exec               : Skipping reading Query result cache data: cache-enabled = false, cache-mode = NORMAL
2023-11-28T22:11:57.730-05:00 DEBUG 27472 --- [           main] org.hibernate.orm.results                : Initializer list
2023-11-28T22:11:57.730-05:00 DEBUG 27472 --- [           main] org.hibernate.orm.results                :     com.cash_flow_app.apicashflow.entities_repositories_and_services.base.user.User(35202153502500).accounts -> SelectEagerCollectionInitializer(com.cash_flow_app.apicashflow.entities_repositories_and_services.base.user.User(35202153502500).accounts)@754468537 (PluralAttribute(com.cash_flow_app.apicashflow.entities_repositories_and_services.base.user.User.accounts))
2023-11-28T22:11:57.730-05:00 DEBUG 27472 --- [           main] org.hibernate.orm.results                :     com.cash_flow_app.apicashflow.entities_repositories_and_services.base.user.User(35202153502500).authorities -> SelectEagerCollectionInitializer(com.cash_flow_app.apicashflow.entities_repositories_and_services.base.user.User(35202153502500).authorities)@1866827563 (PluralAttribute(com.cash_flow_app.apicashflow.entities_repositories_and_services.base.user.User.authorities))
2023-11-28T22:11:57.730-05:00 DEBUG 27472 --- [           main] org.hibernate.orm.results                :     com.cash_flow_app.apicashflow.entities_repositories_and_services.base.user.User(35202153502500) -> EntityResultInitializer(com.cash_flow_app.apicashflow.entities_repositories_and_services.base.user.User(35202153502500))@1821469566 (SingleTableEntityPersister(com.cash_flow_app.apicashflow.entities_repositories_and_services.base.user.User))
2023-11-28T22:11:57.730-05:00 DEBUG 27472 --- [           main] org.hibernate.SQL                        : 
    select
        u1_0.id,
        u1_0.password,
        u1_0.username 
    from
        users u1_0 
    where
        u1_0.username=?
2023-11-28T22:11:57.730-05:00 DEBUG 27472 --- [           main] org.hibernate.orm.results                : Extracted JDBC value [0] - [985df12b-4c66-4234-b0a1-83edf02bb771]
2023-11-28T22:11:57.730-05:00 DEBUG 27472 --- [           main] o.hibernate.orm.results.loading.entity   : (EntityResultInitializer) Hydrated EntityKey (com.cash_flow_app.apicashflow.entities_repositories_and_services.base.user.User(35202153502500)): 985df12b-4c66-4234-b0a1-83edf02bb771
2023-11-28T22:11:57.730-05:00 DEBUG 27472 --- [           main] o.h.o.r.l.o.h.o.r.loading.collection     : (DelayedCollectionInitializer) Current row collection key : com.cash_flow_app.apicashflow.entities_repositories_and_services.base.user.User(35202153502500).accounts#985df12b-4c66-4234-b0a1-83edf02bb771
2023-11-28T22:11:57.730-05:00 DEBUG 27472 --- [           main] o.h.o.r.l.o.h.o.r.loading.collection     : (DelayedCollectionInitializer) Current row collection key : com.cash_flow_app.apicashflow.entities_repositories_and_services.base.user.User(35202153502500).authorities#985df12b-4c66-4234-b0a1-83edf02bb771
2023-11-28T22:11:57.730-05:00 DEBUG 27472 --- [           main] org.hibernate.orm.results.loading        : Calling top-level assembler (0 / 1) : org.hibernate.sql.results.graph.entity.internal.EntityAssembler@6b2d01e2
2023-11-28T22:11:57.730-05:00 DEBUG 27472 --- [           main] .s.ChangeSessionIdAuthenticationStrategy : Changed session id from 37
2023-11-28T22:11:57.730-05:00 DEBUG 27472 --- [           main] w.c.HttpSessionSecurityContextRepository : Stored SecurityContextImpl [Authentication=UsernamePasswordAuthenticationToken [Principal=usuario_test, Credentials=[PROTECTED], Authenticated=true, Details=null, Granted Authorities=[ENDPOINT_ACCOUNT_PERMISSION_CREATE, ENDPOINT_ACCOUNT_PERMISSION_READ, ENDPOINT_ACCOUNT_PERMISSION_DELETE, ENDPOINT_USER_PERMISSION_CREATE, ENDPOINT_USER_PERMISSION_READ, ENDPOINT_INCOMEEXPENSE_PERMISSION_CREATE, ENDPOINT_INCOMEEXPENSE_PERMISSION_READ, ENDPOINT_INCOMEEXPENSE_PERMISSION_DELETE, ENDPOINT_SCHEDULEDACCOUNT_PERMISSION_CREATE, ENDPOINT_SCHEDULEDACCOUNT_PERMISSION_READ, ENDPOINT_SCHEDULEDACCOUNT_PERMISSION_DELETE]]] to HttpSession [org.springframework.mock.web.MockHttpSession@c005d62]
2023-11-28T22:11:57.730-05:00 DEBUG 27472 --- [           main] s.w.s.m.m.a.RequestMappingHandlerMapping : Mapped to com.cash_flow_app.apicashflow.controller.AccountController#create(AccountDto)
2023-11-28T22:11:57.731-05:00 DEBUG 27472 --- [           main] o.s.security.web.FilterChainProxy        : Secured POST /api/v1/account/create
2023-11-28T22:11:57.731-05:00 DEBUG 27472 --- [           main] o.s.t.web.servlet.TestDispatcherServlet  : POST "/api/v1/account/create", parameters={masked}
2023-11-28T22:11:57.731-05:00 DEBUG 27472 --- [           main] s.w.s.m.m.a.RequestMappingHandlerMapping : Mapped to com.cash_flow_app.apicashflow.controller.AccountController#create(AccountDto)
2023-11-28T22:11:57.731-05:00 DEBUG 27472 --- [           main] m.m.a.RequestResponseBodyMethodProcessor : Read "application/json;charset=UTF-8" to [AccountDto(id=null, description=descripcion de cuenta, users=[usuario_test])]
2023-11-28T22:11:57.731-05:00 DEBUG 27472 --- [           main] o.s.orm.jpa.JpaTransactionManager        : Found thread-bound EntityManager [SessionImpl(916933656<open>)] for JPA transaction
2023-11-28T22:11:57.731-05:00 DEBUG 27472 --- [           main] o.s.orm.jpa.JpaTransactionManager        : Participating in existing transaction
2023-11-28T22:11:57.731-05:00 DEBUG 27472 --- [           main] org.hibernate.orm.sql.ast.create         : Created new SQL alias : u1_0
2023-11-28T22:11:57.731-05:00 DEBUG 27472 --- [           main] org.hibernate.orm.sql.ast.create         : Registration of TableGroup [StandardTableGroup(com.cash_flow_app.apicashflow.entities_repositories_and_services.base.user.User(35202153502500))] with identifierForTableGroup [com.cash_flow_app.apicashflow.entities_repositories_and_services.base.user.User] for NavigablePath [com.cash_flow_app.apicashflow.entities_repositories_and_services.base.user.User] 
2023-11-28T22:11:57.731-05:00 DEBUG 27472 --- [           main] o.h.q.sqm.sql.BaseSqmToSqlAstConverter   : Determining mapping-model type for SqmParameter : org.hibernate.query.sqm.tree.expression.SqmJpaCriteriaParameterWrapper@451f5e53
2023-11-28T22:11:57.731-05:00 DEBUG 27472 --- [           main] o.h.q.sqm.sql.BaseSqmToSqlAstConverter   : Determining mapping-model type for SqmPath : SqmBasicValuedSimplePath(com.cash_flow_app.apicashflow.entities_repositories_and_services.base.user.User(35202153502500).username) 
2023-11-28T22:11:57.731-05:00 DEBUG 27472 --- [           main] org.hibernate.orm.results.graph.AST      : DomainResult Graph:
 \-EntityResultImpl [com.cash_flow_app.apicashflow.entities_repositories_and_services.base.user.User(35202153502500)]
 |  +-SelectEagerCollectionFetch [com.cash_flow_app.apicashflow.entities_repositories_and_services.base.user.User(35202153502500).accounts]
 |  +-SelectEagerCollectionFetch [com.cash_flow_app.apicashflow.entities_repositories_and_services.base.user.User(35202153502500).authorities]
 |  +-BasicFetch [com.cash_flow_app.apicashflow.entities_repositories_and_services.base.user.User(35202153502500).password]
 |  \-BasicFetch [com.cash_flow_app.apicashflow.entities_repositories_and_services.base.user.User(35202153502500).username]

2023-11-28T22:11:57.731-05:00 DEBUG 27472 --- [           main] org.hibernate.orm.sql.ast.tree           : SQL AST Tree:
    SelectStatement {
      FromClause {
        StandardTableGroup (u1 : com.cash_flow_app.apicashflow.entities_repositories_and_services.base.user.User(35202153502500)) {
          primaryTableReference : users as u1_0
        }
      }
    }

2023-11-28T22:11:57.731-05:00 DEBUG 27472 --- [           main] o.h.e.i.AbstractFlushingEventListener    : Processing flush-time cascades
2023-11-28T22:11:57.731-05:00 DEBUG 27472 --- [           main] o.h.e.i.AbstractFlushingEventListener    : Dirty checking collections
2023-11-28T22:11:57.732-05:00 DEBUG 27472 --- [           main] o.hibernate.engine.internal.Collections  : Collection found: [com.cash_flow_app.apicashflow.entities_repositories_and_services.base.user.User.authorities#985df12b-4c66-4234-b0a1-83edf02bb771], was: [com.cash_flow_app.apicashflow.entities_repositories_and_services.base.user.User.authorities#985df12b-4c66-4234-b0a1-83edf02bb771] (initialized)
2023-11-28T22:11:57.732-05:00 DEBUG 27472 --- [           main] o.hibernate.engine.internal.Collections  : Collection dereferenced: [com.cash_flow_app.apicashflow.entities_repositories_and_services.base.user.User.accounts#985df12b-4c66-4234-b0a1-83edf02bb771]
2023-11-28T22:11:57.732-05:00 DEBUG 27472 --- [           main] o.h.e.i.AbstractFlushingEventListener    : Flushed: 0 insertions, 0 updates, 0 deletions to 12 objects
2023-11-28T22:11:57.732-05:00 DEBUG 27472 --- [           main] o.h.e.i.AbstractFlushingEventListener    : Flushed: 0 (re)creations, 0 updates, 1 removals to 2 collections
2023-11-28T22:11:57.732-05:00 DEBUG 27472 --- [           main] o.hibernate.internal.util.EntityPrinter  : Listing entities:
2023-11-28T22:11:57.732-05:00 DEBUG 27472 --- [           main] o.hibernate.internal.util.EntityPrinter  : com.cash_flow_app.apicashflow.entities_repositories_and_services.base.authority.Authority{endpoint=User, permission=CREATE, id=f4f135be-a2b5-48d1-a9d0-2b14e82cc373}
2023-11-28T22:11:57.732-05:00 DEBUG 27472 --- [           main] o.hibernate.internal.util.EntityPrinter  : com.cash_flow_app.apicashflow.entities_repositories_and_services.base.authority.Authority{endpoint=User, permission=READ, id=35481739-2447-454f-8ec3-daf467bb2ae5}
2023-11-28T22:11:57.732-05:00 DEBUG 27472 --- [           main] o.hibernate.internal.util.EntityPrinter  : com.cash_flow_app.apicashflow.entities_repositories_and_services.base.authority.Authority{endpoint=IncomeExpense, permission=CREATE, id=4de61a19-9cab-469d-856c-169a503a3f70}
2023-11-28T22:11:57.732-05:00 DEBUG 27472 --- [           main] o.hibernate.internal.util.EntityPrinter  : com.cash_flow_app.apicashflow.entities_repositories_and_services.base.authority.Authority{endpoint=Account, permission=DELETE, id=363894b3-8bdc-4764-ad13-d91f872e1a95}
2023-11-28T22:11:57.732-05:00 DEBUG 27472 --- [           main] o.hibernate.internal.util.EntityPrinter  : com.cash_flow_app.apicashflow.entities_repositories_and_services.base.authority.Authority{endpoint=IncomeExpense, permission=DELETE, id=51c645c0-dc8a-45f9-88d1-533e63701dbe}
2023-11-28T22:11:57.732-05:00 DEBUG 27472 --- [           main] o.hibernate.internal.util.EntityPrinter  : com.cash_flow_app.apicashflow.entities_repositories_and_services.base.authority.Authority{endpoint=ScheduledAccount, permission=READ, id=fed8cd26-d658-4965-b57c-1be9bb9eb61c}
2023-11-28T22:11:57.732-05:00 DEBUG 27472 --- [           main] o.hibernate.internal.util.EntityPrinter  : com.cash_flow_app.apicashflow.entities_repositories_and_services.base.authority.Authority{endpoint=ScheduledAccount, permission=DELETE, id=76cfdeb6-c100-4ed8-bb40-d15e53690430}
2023-11-28T22:11:57.732-05:00 DEBUG 27472 --- [           main] o.hibernate.internal.util.EntityPrinter  : com.cash_flow_app.apicashflow.entities_repositories_and_services.base.authority.Authority{endpoint=ScheduledAccount, permission=CREATE, id=bd7f10f2-85c9-49d0-9a90-f83a87d9cdae}
2023-11-28T22:11:57.732-05:00 DEBUG 27472 --- [           main] o.hibernate.internal.util.EntityPrinter  : com.cash_flow_app.apicashflow.entities_repositories_and_services.base.user.User{password=$2a$10$1vncrC1WFTAjr1evr2mKGedZKMkvLy5LnS/rvS0uAow9IBVOEmQ9y, id=985df12b-4c66-4234-b0a1-83edf02bb771, accounts=null, authorities=[com.cash_flow_app.apicashflow.entities_repositories_and_services.base.authority.Authority#9aaf7d40-45f6-4ab6-90a9-a23f4c1b5f2f, com.cash_flow_app.apicashflow.entities_repositories_and_services.base.authority.Authority#b14a62f4-d04f-422a-a2a3-1f80e2635352, com.cash_flow_app.apicashflow.entities_repositories_and_services.base.authority.Authority#363894b3-8bdc-4764-ad13-d91f872e1a95, com.cash_flow_app.apicashflow.entities_repositories_and_services.base.authority.Authority#f4f135be-a2b5-48d1-a9d0-2b14e82cc373, com.cash_flow_app.apicashflow.entities_repositories_and_services.base.authority.Authority#35481739-2447-454f-8ec3-daf467bb2ae5, com.cash_flow_app.apicashflow.entities_repositories_and_services.base.authority.Authority#4de61a19-9cab-469d-856c-169a503a3f70, com.cash_flow_app.apicashflow.entities_repositories_and_services.base.authority.Authority#af9e383e-4459-4719-802e-94a22944b4b7, com.cash_flow_app.apicashflow.entities_repositories_and_services.base.authority.Authority#51c645c0-dc8a-45f9-88d1-533e63701dbe, com.cash_flow_app.apicashflow.entities_repositories_and_services.base.authority.Authority#bd7f10f2-85c9-49d0-9a90-f83a87d9cdae, com.cash_flow_app.apicashflow.entities_repositories_and_services.base.authority.Authority#fed8cd26-d658-4965-b57c-1be9bb9eb61c, com.cash_flow_app.apicashflow.entities_repositories_and_services.base.authority.Authority#76cfdeb6-c100-4ed8-bb40-d15e53690430], username=usuario_test}
2023-11-28T22:11:57.732-05:00 DEBUG 27472 --- [           main] o.hibernate.internal.util.EntityPrinter  : com.cash_flow_app.apicashflow.entities_repositories_and_services.base.authority.Authority{endpoint=Account, permission=CREATE, id=9aaf7d40-45f6-4ab6-90a9-a23f4c1b5f2f}
2023-11-28T22:11:57.732-05:00 DEBUG 27472 --- [           main] o.hibernate.internal.util.EntityPrinter  : com.cash_flow_app.apicashflow.entities_repositories_and_services.base.authority.Authority{endpoint=Account, permission=READ, id=b14a62f4-d04f-422a-a2a3-1f80e2635352}
2023-11-28T22:11:57.732-05:00 DEBUG 27472 --- [           main] o.hibernate.internal.util.EntityPrinter  : com.cash_flow_app.apicashflow.entities_repositories_and_services.base.authority.Authority{endpoint=IncomeExpense, permission=READ, id=af9e383e-4459-4719-802e-94a22944b4b7}
2023-11-28T22:11:57.732-05:00 DEBUG 27472 --- [           main] org.hibernate.orm.sql.exec               : Skipping reading Query result cache data: cache-enabled = false, cache-mode = NORMAL
2023-11-28T22:11:57.732-05:00 DEBUG 27472 --- [           main] org.hibernate.orm.results                : Initializer list
2023-11-28T22:11:57.732-05:00 DEBUG 27472 --- [           main] org.hibernate.orm.results                :     com.cash_flow_app.apicashflow.entities_repositories_and_services.base.user.User(35202153502500).accounts -> SelectEagerCollectionInitializer(com.cash_flow_app.apicashflow.entities_repositories_and_services.base.user.User(35202153502500).accounts)@1967943387 (PluralAttribute(com.cash_flow_app.apicashflow.entities_repositories_and_services.base.user.User.accounts))
2023-11-28T22:11:57.732-05:00 DEBUG 27472 --- [           main] org.hibernate.orm.results                :     com.cash_flow_app.apicashflow.entities_repositories_and_services.base.user.User(35202153502500).authorities -> SelectEagerCollectionInitializer(com.cash_flow_app.apicashflow.entities_repositories_and_services.base.user.User(35202153502500).authorities)@1251888103 (PluralAttribute(com.cash_flow_app.apicashflow.entities_repositories_and_services.base.user.User.authorities))
2023-11-28T22:11:57.732-05:00 DEBUG 27472 --- [           main] org.hibernate.orm.results                :     com.cash_flow_app.apicashflow.entities_repositories_and_services.base.user.User(35202153502500) -> EntityResultInitializer(com.cash_flow_app.apicashflow.entities_repositories_and_services.base.user.User(35202153502500))@1978823220 (SingleTableEntityPersister(com.cash_flow_app.apicashflow.entities_repositories_and_services.base.user.User))
2023-11-28T22:11:57.732-05:00 DEBUG 27472 --- [           main] org.hibernate.SQL                        : 
    select
        u1_0.id,
        u1_0.password,
        u1_0.username 
    from
        users u1_0 
    where
        u1_0.username=?
2023-11-28T22:11:57.732-05:00 DEBUG 27472 --- [           main] org.hibernate.orm.results                : Extracted JDBC value [0] - [985df12b-4c66-4234-b0a1-83edf02bb771]
2023-11-28T22:11:57.732-05:00 DEBUG 27472 --- [           main] o.hibernate.orm.results.loading.entity   : (EntityResultInitializer) Hydrated EntityKey (com.cash_flow_app.apicashflow.entities_repositories_and_services.base.user.User(35202153502500)): 985df12b-4c66-4234-b0a1-83edf02bb771
2023-11-28T22:11:57.732-05:00 DEBUG 27472 --- [           main] o.h.o.r.l.o.h.o.r.loading.collection     : (DelayedCollectionInitializer) Current row collection key : com.cash_flow_app.apicashflow.entities_repositories_and_services.base.user.User(35202153502500).accounts#985df12b-4c66-4234-b0a1-83edf02bb771
2023-11-28T22:11:57.732-05:00 DEBUG 27472 --- [           main] o.h.o.r.l.o.h.o.r.loading.collection     : (DelayedCollectionInitializer) Current row collection key : com.cash_flow_app.apicashflow.entities_repositories_and_services.base.user.User(35202153502500).authorities#985df12b-4c66-4234-b0a1-83edf02bb771
2023-11-28T22:11:57.732-05:00 DEBUG 27472 --- [           main] org.hibernate.orm.results.loading        : Calling top-level assembler (0 / 1) : org.hibernate.sql.results.graph.entity.internal.EntityAssembler@6e879a78
2023-11-28T22:11:57.733-05:00 DEBUG 27472 --- [           main] org.hibernate.orm.sql.ast.create         : Created new SQL alias : u1_0
2023-11-28T22:11:57.733-05:00 DEBUG 27472 --- [           main] org.hibernate.orm.sql.ast.create         : Registration of TableGroup [StandardTableGroup(com.cash_flow_app.apicashflow.entities_repositories_and_services.base.user.User(35202153502500))] with identifierForTableGroup [com.cash_flow_app.apicashflow.entities_repositories_and_services.base.user.User] for NavigablePath [com.cash_flow_app.apicashflow.entities_repositories_and_services.base.user.User] 
2023-11-28T22:11:57.733-05:00 DEBUG 27472 --- [           main] o.h.q.sqm.sql.BaseSqmToSqlAstConverter   : Determining mapping-model type for SqmParameter : org.hibernate.query.sqm.tree.expression.SqmJpaCriteriaParameterWrapper@882364e
2023-11-28T22:11:57.733-05:00 DEBUG 27472 --- [           main] o.h.q.sqm.sql.BaseSqmToSqlAstConverter   : Determining mapping-model type for SqmPath : SqmBasicValuedSimplePath(com.cash_flow_app.apicashflow.entities_repositories_and_services.base.user.User(35202153502500).username) 
2023-11-28T22:11:57.733-05:00 DEBUG 27472 --- [           main] org.hibernate.orm.results.graph.AST      : DomainResult Graph:
 \-EntityResultImpl [com.cash_flow_app.apicashflow.entities_repositories_and_services.base.user.User(35202153502500)]
 |  +-SelectEagerCollectionFetch [com.cash_flow_app.apicashflow.entities_repositories_and_services.base.user.User(35202153502500).accounts]
 |  +-SelectEagerCollectionFetch [com.cash_flow_app.apicashflow.entities_repositories_and_services.base.user.User(35202153502500).authorities]
 |  +-BasicFetch [com.cash_flow_app.apicashflow.entities_repositories_and_services.base.user.User(35202153502500).password]
 |  \-BasicFetch [com.cash_flow_app.apicashflow.entities_repositories_and_services.base.user.User(35202153502500).username]

2023-11-28T22:11:57.733-05:00 DEBUG 27472 --- [           main] org.hibernate.orm.sql.ast.tree           : SQL AST Tree:
    SelectStatement {
      FromClause {
        StandardTableGroup (u1 : com.cash_flow_app.apicashflow.entities_repositories_and_services.base.user.User(35202153502500)) {
          primaryTableReference : users as u1_0
        }
      }
    }

2023-11-28T22:11:57.733-05:00 DEBUG 27472 --- [           main] o.h.e.i.AbstractFlushingEventListener    : Processing flush-time cascades
2023-11-28T22:11:57.733-05:00 DEBUG 27472 --- [           main] o.h.e.i.AbstractFlushingEventListener    : Dirty checking collections
2023-11-28T22:11:57.733-05:00 DEBUG 27472 --- [           main] o.hibernate.engine.internal.Collections  : Collection found: [com.cash_flow_app.apicashflow.entities_repositories_and_services.base.user.User.authorities#985df12b-4c66-4234-b0a1-83edf02bb771], was: [com.cash_flow_app.apicashflow.entities_repositories_and_services.base.user.User.authorities#985df12b-4c66-4234-b0a1-83edf02bb771] (initialized)
2023-11-28T22:11:57.733-05:00 DEBUG 27472 --- [           main] o.hibernate.engine.internal.Collections  : Collection dereferenced: [com.cash_flow_app.apicashflow.entities_repositories_and_services.base.user.User.accounts#985df12b-4c66-4234-b0a1-83edf02bb771]
2023-11-28T22:11:57.733-05:00 DEBUG 27472 --- [           main] o.h.e.i.AbstractFlushingEventListener    : Flushed: 0 insertions, 0 updates, 0 deletions to 12 objects
2023-11-28T22:11:57.733-05:00 DEBUG 27472 --- [           main] o.h.e.i.AbstractFlushingEventListener    : Flushed: 0 (re)creations, 0 updates, 1 removals to 2 collections
2023-11-28T22:11:57.733-05:00 DEBUG 27472 --- [           main] o.hibernate.internal.util.EntityPrinter  : Listing entities:
2023-11-28T22:11:57.733-05:00 DEBUG 27472 --- [           main] o.hibernate.internal.util.EntityPrinter  : com.cash_flow_app.apicashflow.entities_repositories_and_services.base.authority.Authority{endpoint=User, permission=CREATE, id=f4f135be-a2b5-48d1-a9d0-2b14e82cc373}
2023-11-28T22:11:57.733-05:00 DEBUG 27472 --- [           main] o.hibernate.internal.util.EntityPrinter  : com.cash_flow_app.apicashflow.entities_repositories_and_services.base.authority.Authority{endpoint=User, permission=READ, id=35481739-2447-454f-8ec3-daf467bb2ae5}
2023-11-28T22:11:57.733-05:00 DEBUG 27472 --- [           main] o.hibernate.internal.util.EntityPrinter  : com.cash_flow_app.apicashflow.entities_repositories_and_services.base.authority.Authority{endpoint=IncomeExpense, permission=CREATE, id=4de61a19-9cab-469d-856c-169a503a3f70}
2023-11-28T22:11:57.733-05:00 DEBUG 27472 --- [           main] o.hibernate.internal.util.EntityPrinter  : com.cash_flow_app.apicashflow.entities_repositories_and_services.base.authority.Authority{endpoint=Account, permission=DELETE, id=363894b3-8bdc-4764-ad13-d91f872e1a95}
2023-11-28T22:11:57.733-05:00 DEBUG 27472 --- [           main] o.hibernate.internal.util.EntityPrinter  : com.cash_flow_app.apicashflow.entities_repositories_and_services.base.authority.Authority{endpoint=IncomeExpense, permission=DELETE, id=51c645c0-dc8a-45f9-88d1-533e63701dbe}
2023-11-28T22:11:57.733-05:00 DEBUG 27472 --- [           main] o.hibernate.internal.util.EntityPrinter  : com.cash_flow_app.apicashflow.entities_repositories_and_services.base.authority.Authority{endpoint=ScheduledAccount, permission=READ, id=fed8cd26-d658-4965-b57c-1be9bb9eb61c}
2023-11-28T22:11:57.733-05:00 DEBUG 27472 --- [           main] o.hibernate.internal.util.EntityPrinter  : com.cash_flow_app.apicashflow.entities_repositories_and_services.base.authority.Authority{endpoint=ScheduledAccount, permission=DELETE, id=76cfdeb6-c100-4ed8-bb40-d15e53690430}
2023-11-28T22:11:57.733-05:00 DEBUG 27472 --- [           main] o.hibernate.internal.util.EntityPrinter  : com.cash_flow_app.apicashflow.entities_repositories_and_services.base.authority.Authority{endpoint=ScheduledAccount, permission=CREATE, id=bd7f10f2-85c9-49d0-9a90-f83a87d9cdae}
2023-11-28T22:11:57.733-05:00 DEBUG 27472 --- [           main] o.hibernate.internal.util.EntityPrinter  : com.cash_flow_app.apicashflow.entities_repositories_and_services.base.user.User{password=$2a$10$1vncrC1WFTAjr1evr2mKGedZKMkvLy5LnS/rvS0uAow9IBVOEmQ9y, id=985df12b-4c66-4234-b0a1-83edf02bb771, accounts=null, authorities=[com.cash_flow_app.apicashflow.entities_repositories_and_services.base.authority.Authority#9aaf7d40-45f6-4ab6-90a9-a23f4c1b5f2f, com.cash_flow_app.apicashflow.entities_repositories_and_services.base.authority.Authority#b14a62f4-d04f-422a-a2a3-1f80e2635352, com.cash_flow_app.apicashflow.entities_repositories_and_services.base.authority.Authority#363894b3-8bdc-4764-ad13-d91f872e1a95, com.cash_flow_app.apicashflow.entities_repositories_and_services.base.authority.Authority#f4f135be-a2b5-48d1-a9d0-2b14e82cc373, com.cash_flow_app.apicashflow.entities_repositories_and_services.base.authority.Authority#35481739-2447-454f-8ec3-daf467bb2ae5, com.cash_flow_app.apicashflow.entities_repositories_and_services.base.authority.Authority#4de61a19-9cab-469d-856c-169a503a3f70, com.cash_flow_app.apicashflow.entities_repositories_and_services.base.authority.Authority#af9e383e-4459-4719-802e-94a22944b4b7, com.cash_flow_app.apicashflow.entities_repositories_and_services.base.authority.Authority#51c645c0-dc8a-45f9-88d1-533e63701dbe, com.cash_flow_app.apicashflow.entities_repositories_and_services.base.authority.Authority#bd7f10f2-85c9-49d0-9a90-f83a87d9cdae, com.cash_flow_app.apicashflow.entities_repositories_and_services.base.authority.Authority#fed8cd26-d658-4965-b57c-1be9bb9eb61c, com.cash_flow_app.apicashflow.entities_repositories_and_services.base.authority.Authority#76cfdeb6-c100-4ed8-bb40-d15e53690430], username=usuario_test}
2023-11-28T22:11:57.733-05:00 DEBUG 27472 --- [           main] o.hibernate.internal.util.EntityPrinter  : com.cash_flow_app.apicashflow.entities_repositories_and_services.base.authority.Authority{endpoint=Account, permission=CREATE, id=9aaf7d40-45f6-4ab6-90a9-a23f4c1b5f2f}
2023-11-28T22:11:57.733-05:00 DEBUG 27472 --- [           main] o.hibernate.internal.util.EntityPrinter  : com.cash_flow_app.apicashflow.entities_repositories_and_services.base.authority.Authority{endpoint=Account, permission=READ, id=b14a62f4-d04f-422a-a2a3-1f80e2635352}
2023-11-28T22:11:57.733-05:00 DEBUG 27472 --- [           main] o.hibernate.internal.util.EntityPrinter  : com.cash_flow_app.apicashflow.entities_repositories_and_services.base.authority.Authority{endpoint=IncomeExpense, permission=READ, id=af9e383e-4459-4719-802e-94a22944b4b7}
2023-11-28T22:11:57.733-05:00 DEBUG 27472 --- [           main] org.hibernate.orm.sql.exec               : Skipping reading Query result cache data: cache-enabled = false, cache-mode = NORMAL
2023-11-28T22:11:57.733-05:00 DEBUG 27472 --- [           main] org.hibernate.orm.results                : Initializer list
2023-11-28T22:11:57.733-05:00 DEBUG 27472 --- [           main] org.hibernate.orm.results                :     com.cash_flow_app.apicashflow.entities_repositories_and_services.base.user.User(35202153502500).accounts -> SelectEagerCollectionInitializer(com.cash_flow_app.apicashflow.entities_repositories_and_services.base.user.User(35202153502500).accounts)@679022302 (PluralAttribute(com.cash_flow_app.apicashflow.entities_repositories_and_services.base.user.User.accounts))
2023-11-28T22:11:57.733-05:00 DEBUG 27472 --- [           main] org.hibernate.orm.results                :     com.cash_flow_app.apicashflow.entities_repositories_and_services.base.user.User(35202153502500).authorities -> SelectEagerCollectionInitializer(com.cash_flow_app.apicashflow.entities_repositories_and_services.base.user.User(35202153502500).authorities)@835747289 (PluralAttribute(com.cash_flow_app.apicashflow.entities_repositories_and_services.base.user.User.authorities))
2023-11-28T22:11:57.733-05:00 DEBUG 27472 --- [           main] org.hibernate.orm.results                :     com.cash_flow_app.apicashflow.entities_repositories_and_services.base.user.User(35202153502500) -> EntityResultInitializer(com.cash_flow_app.apicashflow.entities_repositories_and_services.base.user.User(35202153502500))@1452044766 (SingleTableEntityPersister(com.cash_flow_app.apicashflow.entities_repositories_and_services.base.user.User))
2023-11-28T22:11:57.733-05:00 DEBUG 27472 --- [           main] org.hibernate.SQL                        : 
    select
        u1_0.id,
        u1_0.password,
        u1_0.username 
    from
        users u1_0 
    where
        u1_0.username=?
2023-11-28T22:11:57.735-05:00 DEBUG 27472 --- [           main] org.hibernate.orm.results                : Extracted JDBC value [0] - [985df12b-4c66-4234-b0a1-83edf02bb771]
2023-11-28T22:11:57.735-05:00 DEBUG 27472 --- [           main] o.hibernate.orm.results.loading.entity   : (EntityResultInitializer) Hydrated EntityKey (com.cash_flow_app.apicashflow.entities_repositories_and_services.base.user.User(35202153502500)): 985df12b-4c66-4234-b0a1-83edf02bb771
2023-11-28T22:11:57.735-05:00 DEBUG 27472 --- [           main] o.h.o.r.l.o.h.o.r.loading.collection     : (DelayedCollectionInitializer) Current row collection key : com.cash_flow_app.apicashflow.entities_repositories_and_services.base.user.User(35202153502500).accounts#985df12b-4c66-4234-b0a1-83edf02bb771
2023-11-28T22:11:57.735-05:00 DEBUG 27472 --- [           main] o.h.o.r.l.o.h.o.r.loading.collection     : (DelayedCollectionInitializer) Current row collection key : com.cash_flow_app.apicashflow.entities_repositories_and_services.base.user.User(35202153502500).authorities#985df12b-4c66-4234-b0a1-83edf02bb771
2023-11-28T22:11:57.735-05:00 DEBUG 27472 --- [           main] org.hibernate.orm.results.loading        : Calling top-level assembler (0 / 1) : org.hibernate.sql.results.graph.entity.internal.EntityAssembler@66f18fa
2023-11-28T22:11:57.735-05:00 DEBUG 27472 --- [           main] o.s.orm.jpa.JpaTransactionManager        : Found thread-bound EntityManager [SessionImpl(916933656<open>)] for JPA transaction
2023-11-28T22:11:57.735-05:00 DEBUG 27472 --- [           main] o.s.orm.jpa.JpaTransactionManager        : Participating in existing transaction
2023-11-28T22:11:57.735-05:00 DEBUG 27472 --- [           main] o.h.j.internal.PersistenceUnitUtilImpl   : jakarta.persistence.PersistenceUnitUtil.getIdentifier is only intended to work with enhanced entities (although Hibernate also adapts this support to its proxies); however the passed entity was not enhanced (nor a proxy).. may not be able to read identifier
2023-11-28T22:11:57.735-05:00 DEBUG 27472 --- [           main] o.h.e.i.AbstractSaveEventListener        : Generated identifier: 86a2f217-7f77-46f7-80af-02d4f6f0a79c, using strategy: org.hibernate.id.UUIDGenerator
2023-11-28T22:11:57.736-05:00 DEBUG 27472 --- [           main] o.s.w.s.m.m.a.HttpEntityMethodProcessor  : Using 'application/json', given [*/*] and supported [application/json, application/*+json]
2023-11-28T22:11:57.736-05:00 DEBUG 27472 --- [           main] o.s.w.s.m.m.a.HttpEntityMethodProcessor  : Writing [AccountDto(id=86a2f217-7f77-46f7-80af-02d4f6f0a79c, description=descripcion de cuenta, users=[usuari (truncated)...]
2023-11-28T22:11:57.736-05:00 DEBUG 27472 --- [           main] o.s.t.web.servlet.TestDispatcherServlet  : Completed 200 OK
2023-11-28T22:11:57.737-05:00 DEBUG 27472 --- [           main] o.s.test.util.ReflectionTestUtils        : Invoking method 'getFilters' on target object [FilterChainProxy[Filter Chains: [DefaultSecurityFilterChain [RequestMatcher=any request, Filters=[org.springframework.security.web.session.DisableEncodeUrlFilter@120e3ebb, org.springframework.security.web.session.ForceEagerSessionCreationFilter@753f1c3e, org.springframework.security.web.context.request.async.WebAsyncManagerIntegrationFilter@5e9af5d4, org.springframework.security.web.context.SecurityContextHolderFilter@1d18e5ad, org.springframework.security.web.header.HeaderWriterFilter@73b68d98, org.springframework.web.filter.CorsFilter@7863e6b2, org.springframework.security.web.authentication.logout.LogoutFilter@1e5a8278, JWTAuthorizationFilter(loginService=com.cash_flow_app.apicashflow.entities_repositories_and_services.base.security.LoginService@508b9c16), com.cash_flow_app.apicashflow.entities_repositories_and_services.base.security.JWTAuthenticationFilter@6fd2b939, org.springframework.security.web.savedrequest.RequestCacheAwareFilter@11def039, org.springframework.security.web.servletapi.SecurityContextHolderAwareRequestFilter@564375d7, org.springframework.security.web.authentication.AnonymousAuthenticationFilter@c4aa99e, org.springframework.security.web.session.SessionManagementFilter@69af6978, org.springframework.security.web.access.ExceptionTranslationFilter@4469046b, org.springframework.security.web.access.intercept.AuthorizationFilter@588d2e90]]]]] or target class [null] with arguments {org.springframework.mock.web.MockHttpServletRequest@2cf5cc43}
2023-11-28T22:11:57.737-05:00 DEBUG 27472 --- [           main] o.s.test.util.ReflectionTestUtils        : Invoking method 'getFilters' on target object [FilterChainProxy[Filter Chains: [DefaultSecurityFilterChain [RequestMatcher=any request, Filters=[org.springframework.security.web.session.DisableEncodeUrlFilter@120e3ebb, org.springframework.security.web.session.ForceEagerSessionCreationFilter@753f1c3e, org.springframework.security.web.context.request.async.WebAsyncManagerIntegrationFilter@5e9af5d4, org.springframework.security.web.context.SecurityContextHolderFilter@1d18e5ad, org.springframework.security.web.header.HeaderWriterFilter@73b68d98, org.springframework.web.filter.CorsFilter@7863e6b2, org.springframework.security.web.authentication.logout.LogoutFilter@1e5a8278, JWTAuthorizationFilter(loginService=com.cash_flow_app.apicashflow.entities_repositories_and_services.base.security.LoginService@508b9c16), com.cash_flow_app.apicashflow.entities_repositories_and_services.base.security.JWTAuthenticationFilter@6fd2b939, org.springframework.security.web.savedrequest.RequestCacheAwareFilter@11def039, org.springframework.security.web.servletapi.SecurityContextHolderAwareRequestFilter@564375d7, org.springframework.security.web.authentication.AnonymousAuthenticationFilter@c4aa99e, org.springframework.security.web.session.SessionManagementFilter@69af6978, org.springframework.security.web.access.ExceptionTranslationFilter@4469046b, org.springframework.security.web.access.intercept.AuthorizationFilter@588d2e90]]]]] or target class [null] with arguments {org.springframework.mock.web.MockHttpServletRequest@2cf5cc43}
2023-11-28T22:11:57.737-05:00 DEBUG 27472 --- [           main] o.s.test.util.ReflectionTestUtils        : Invoking method 'getFilters' on target object [FilterChainProxy[Filter Chains: [DefaultSecurityFilterChain [RequestMatcher=any request, Filters=[org.springframework.security.web.session.DisableEncodeUrlFilter@120e3ebb, org.springframework.security.web.session.ForceEagerSessionCreationFilter@753f1c3e, org.springframework.security.web.context.request.async.WebAsyncManagerIntegrationFilter@5e9af5d4, org.springframework.security.web.context.SecurityContextHolderFilter@1d18e5ad, org.springframework.security.web.header.HeaderWriterFilter@73b68d98, org.springframework.web.filter.CorsFilter@7863e6b2, org.springframework.security.web.authentication.logout.LogoutFilter@1e5a8278, JWTAuthorizationFilter(loginService=com.cash_flow_app.apicashflow.entities_repositories_and_services.base.security.LoginService@508b9c16), com.cash_flow_app.apicashflow.entities_repositories_and_services.base.security.JWTAuthenticationFilter@6fd2b939, org.springframework.security.web.savedrequest.RequestCacheAwareFilter@11def039, org.springframework.security.web.servletapi.SecurityContextHolderAwareRequestFilter@564375d7, org.springframework.security.web.authentication.AnonymousAuthenticationFilter@c4aa99e, org.springframework.security.web.session.SessionManagementFilter@69af6978, org.springframework.security.web.access.ExceptionTranslationFilter@4469046b, org.springframework.security.web.access.intercept.AuthorizationFilter@588d2e90]]]]] or target class [null] with arguments {org.springframework.mock.web.MockHttpServletRequest@2cf5cc43}
2023-11-28T22:11:57.737-05:00 DEBUG 27472 --- [           main] o.s.security.web.FilterChainProxy        : Securing POST /api/v1/income_expense/create
2023-11-28T22:11:57.737-05:00 DEBUG 27472 --- [           main] .s.s.w.s.ForceEagerSessionCreationFilter : Created session eagerly
2023-11-28T22:11:57.738-05:00 DEBUG 27472 --- [           main] org.hibernate.orm.sql.ast.create         : Created new SQL alias : u1_0
2023-11-28T22:11:57.738-05:00 DEBUG 27472 --- [           main] org.hibernate.orm.sql.ast.create         : Registration of TableGroup [StandardTableGroup(com.cash_flow_app.apicashflow.entities_repositories_and_services.base.user.User(35202153502500))] with identifierForTableGroup [com.cash_flow_app.apicashflow.entities_repositories_and_services.base.user.User] for NavigablePath [com.cash_flow_app.apicashflow.entities_repositories_and_services.base.user.User] 
2023-11-28T22:11:57.738-05:00 DEBUG 27472 --- [           main] o.h.q.sqm.sql.BaseSqmToSqlAstConverter   : Determining mapping-model type for SqmParameter : org.hibernate.query.sqm.tree.expression.SqmJpaCriteriaParameterWrapper@3335713
2023-11-28T22:11:57.738-05:00 DEBUG 27472 --- [           main] o.h.q.sqm.sql.BaseSqmToSqlAstConverter   : Determining mapping-model type for SqmPath : SqmBasicValuedSimplePath(com.cash_flow_app.apicashflow.entities_repositories_and_services.base.user.User(35202153502500).username) 
2023-11-28T22:11:57.738-05:00 DEBUG 27472 --- [           main] org.hibernate.orm.results.graph.AST      : DomainResult Graph:
 \-EntityResultImpl [com.cash_flow_app.apicashflow.entities_repositories_and_services.base.user.User(35202153502500)]
 |  +-SelectEagerCollectionFetch [com.cash_flow_app.apicashflow.entities_repositories_and_services.base.user.User(35202153502500).accounts]
 |  +-SelectEagerCollectionFetch [com.cash_flow_app.apicashflow.entities_repositories_and_services.base.user.User(35202153502500).authorities]
 |  +-BasicFetch [com.cash_flow_app.apicashflow.entities_repositories_and_services.base.user.User(35202153502500).password]
 |  \-BasicFetch [com.cash_flow_app.apicashflow.entities_repositories_and_services.base.user.User(35202153502500).username]

2023-11-28T22:11:57.738-05:00 DEBUG 27472 --- [           main] org.hibernate.orm.sql.ast.tree           : SQL AST Tree:
    SelectStatement {
      FromClause {
        StandardTableGroup (u1 : com.cash_flow_app.apicashflow.entities_repositories_and_services.base.user.User(35202153502500)) {
          primaryTableReference : users as u1_0
        }
      }
    }

2023-11-28T22:11:57.738-05:00 DEBUG 27472 --- [           main] o.h.e.i.AbstractFlushingEventListener    : Processing flush-time cascades
2023-11-28T22:11:57.738-05:00 DEBUG 27472 --- [           main] o.h.e.i.AbstractFlushingEventListener    : Dirty checking collections
2023-11-28T22:11:57.738-05:00 DEBUG 27472 --- [           main] o.hibernate.engine.internal.Collections  : Collection found: [com.cash_flow_app.apicashflow.entities_repositories_and_services.base.user.User.accounts#985df12b-4c66-4234-b0a1-83edf02bb771], was: [<unreferenced>] (initialized)
2023-11-28T22:11:57.738-05:00 DEBUG 27472 --- [           main] o.hibernate.engine.internal.Collections  : Collection found: [com.cash_flow_app.apicashflow.entities_repositories_and_services.base.user.User.authorities#985df12b-4c66-4234-b0a1-83edf02bb771], was: [com.cash_flow_app.apicashflow.entities_repositories_and_services.base.user.User.authorities#985df12b-4c66-4234-b0a1-83edf02bb771] (initialized)
2023-11-28T22:11:57.738-05:00 DEBUG 27472 --- [           main] o.hibernate.engine.internal.Collections  : Collection found: [com.cash_flow_app.apicashflow.entities_repositories_and_services.base.account.Account.users#86a2f217-7f77-46f7-80af-02d4f6f0a79c], was: [<unreferenced>] (initialized)
2023-11-28T22:11:57.738-05:00 DEBUG 27472 --- [           main] o.hibernate.engine.internal.Collections  : Collection dereferenced: [com.cash_flow_app.apicashflow.entities_repositories_and_services.base.user.User.accounts#985df12b-4c66-4234-b0a1-83edf02bb771]
2023-11-28T22:11:57.738-05:00 DEBUG 27472 --- [           main] o.h.e.i.AbstractFlushingEventListener    : Flushed: 1 insertions, 1 updates, 0 deletions to 13 objects
2023-11-28T22:11:57.738-05:00 DEBUG 27472 --- [           main] o.h.e.i.AbstractFlushingEventListener    : Flushed: 2 (re)creations, 0 updates, 1 removals to 4 collections
2023-11-28T22:11:57.738-05:00 DEBUG 27472 --- [           main] o.hibernate.internal.util.EntityPrinter  : Listing entities:
2023-11-28T22:11:57.738-05:00 DEBUG 27472 --- [           main] o.hibernate.internal.util.EntityPrinter  : com.cash_flow_app.apicashflow.entities_repositories_and_services.base.authority.Authority{endpoint=User, permission=CREATE, id=f4f135be-a2b5-48d1-a9d0-2b14e82cc373}
2023-11-28T22:11:57.738-05:00 DEBUG 27472 --- [           main] o.hibernate.internal.util.EntityPrinter  : com.cash_flow_app.apicashflow.entities_repositories_and_services.base.authority.Authority{endpoint=User, permission=READ, id=35481739-2447-454f-8ec3-daf467bb2ae5}
2023-11-28T22:11:57.738-05:00 DEBUG 27472 --- [           main] o.hibernate.internal.util.EntityPrinter  : com.cash_flow_app.apicashflow.entities_repositories_and_services.base.authority.Authority{endpoint=IncomeExpense, permission=CREATE, id=4de61a19-9cab-469d-856c-169a503a3f70}
2023-11-28T22:11:57.738-05:00 DEBUG 27472 --- [           main] o.hibernate.internal.util.EntityPrinter  : com.cash_flow_app.apicashflow.entities_repositories_and_services.base.authority.Authority{endpoint=IncomeExpense, permission=DELETE, id=51c645c0-dc8a-45f9-88d1-533e63701dbe}
2023-11-28T22:11:57.738-05:00 DEBUG 27472 --- [           main] o.hibernate.internal.util.EntityPrinter  : com.cash_flow_app.apicashflow.entities_repositories_and_services.base.authority.Authority{endpoint=ScheduledAccount, permission=READ, id=fed8cd26-d658-4965-b57c-1be9bb9eb61c}
2023-11-28T22:11:57.738-05:00 DEBUG 27472 --- [           main] o.hibernate.internal.util.EntityPrinter  : com.cash_flow_app.apicashflow.entities_repositories_and_services.base.authority.Authority{endpoint=ScheduledAccount, permission=CREATE, id=bd7f10f2-85c9-49d0-9a90-f83a87d9cdae}
2023-11-28T22:11:57.738-05:00 DEBUG 27472 --- [           main] o.hibernate.internal.util.EntityPrinter  : com.cash_flow_app.apicashflow.entities_repositories_and_services.base.user.User{password=$2a$10$1vncrC1WFTAjr1evr2mKGedZKMkvLy5LnS/rvS0uAow9IBVOEmQ9y, id=985df12b-4c66-4234-b0a1-83edf02bb771, accounts=[com.cash_flow_app.apicashflow.entities_repositories_and_services.base.account.Account#86a2f217-7f77-46f7-80af-02d4f6f0a79c, com.cash_flow_app.apicashflow.entities_repositories_and_services.base.account.Account#86a2f217-7f77-46f7-80af-02d4f6f0a79c], authorities=[com.cash_flow_app.apicashflow.entities_repositories_and_services.base.authority.Authority#9aaf7d40-45f6-4ab6-90a9-a23f4c1b5f2f, com.cash_flow_app.apicashflow.entities_repositories_and_services.base.authority.Authority#b14a62f4-d04f-422a-a2a3-1f80e2635352, com.cash_flow_app.apicashflow.entities_repositories_and_services.base.authority.Authority#363894b3-8bdc-4764-ad13-d91f872e1a95, com.cash_flow_app.apicashflow.entities_repositories_and_services.base.authority.Authority#f4f135be-a2b5-48d1-a9d0-2b14e82cc373, com.cash_flow_app.apicashflow.entities_repositories_and_services.base.authority.Authority#35481739-2447-454f-8ec3-daf467bb2ae5, com.cash_flow_app.apicashflow.entities_repositories_and_services.base.authority.Authority#4de61a19-9cab-469d-856c-169a503a3f70, com.cash_flow_app.apicashflow.entities_repositories_and_services.base.authority.Authority#af9e383e-4459-4719-802e-94a22944b4b7, com.cash_flow_app.apicashflow.entities_repositories_and_services.base.authority.Authority#51c645c0-dc8a-45f9-88d1-533e63701dbe, com.cash_flow_app.apicashflow.entities_repositories_and_services.base.authority.Authority#bd7f10f2-85c9-49d0-9a90-f83a87d9cdae, com.cash_flow_app.apicashflow.entities_repositories_and_services.base.authority.Authority#fed8cd26-d658-4965-b57c-1be9bb9eb61c, com.cash_flow_app.apicashflow.entities_repositories_and_services.base.authority.Authority#76cfdeb6-c100-4ed8-bb40-d15e53690430], username=usuario_test}
2023-11-28T22:11:57.738-05:00 DEBUG 27472 --- [           main] o.hibernate.internal.util.EntityPrinter  : com.cash_flow_app.apicashflow.entities_repositories_and_services.base.authority.Authority{endpoint=IncomeExpense, permission=READ, id=af9e383e-4459-4719-802e-94a22944b4b7}
2023-11-28T22:11:57.738-05:00 DEBUG 27472 --- [           main] o.hibernate.internal.util.EntityPrinter  : com.cash_flow_app.apicashflow.entities_repositories_and_services.base.authority.Authority{endpoint=Account, permission=DELETE, id=363894b3-8bdc-4764-ad13-d91f872e1a95}
2023-11-28T22:11:57.738-05:00 DEBUG 27472 --- [           main] o.hibernate.internal.util.EntityPrinter  : com.cash_flow_app.apicashflow.entities_repositories_and_services.base.authority.Authority{endpoint=ScheduledAccount, permission=DELETE, id=76cfdeb6-c100-4ed8-bb40-d15e53690430}
2023-11-28T22:11:57.738-05:00 DEBUG 27472 --- [           main] o.hibernate.internal.util.EntityPrinter  : com.cash_flow_app.apicashflow.entities_repositories_and_services.base.authority.Authority{endpoint=Account, permission=CREATE, id=9aaf7d40-45f6-4ab6-90a9-a23f4c1b5f2f}
2023-11-28T22:11:57.738-05:00 DEBUG 27472 --- [           main] o.hibernate.internal.util.EntityPrinter  : com.cash_flow_app.apicashflow.entities_repositories_and_services.base.account.Account{incomes_expenses=null, description=descripcion de cuenta, id=86a2f217-7f77-46f7-80af-02d4f6f0a79c, users=[com.cash_flow_app.apicashflow.entities_repositories_and_services.base.user.User#985df12b-4c66-4234-b0a1-83edf02bb771, com.cash_flow_app.apicashflow.entities_repositories_and_services.base.user.User#985df12b-4c66-4234-b0a1-83edf02bb771]}
2023-11-28T22:11:57.738-05:00 DEBUG 27472 --- [           main] o.hibernate.internal.util.EntityPrinter  : com.cash_flow_app.apicashflow.entities_repositories_and_services.base.authority.Authority{endpoint=Account, permission=READ, id=b14a62f4-d04f-422a-a2a3-1f80e2635352}
2023-11-28T22:11:57.738-05:00 DEBUG 27472 --- [           main] org.hibernate.engine.spi.ActionQueue     : Changes must be flushed to space: users
2023-11-28T22:11:57.739-05:00 DEBUG 27472 --- [           main] org.hibernate.SQL                        : 
    insert 
    into
        accounts
        (description, id) 
    values
        (?, ?)
2023-11-28T22:11:57.739-05:00 DEBUG 27472 --- [           main] o.h.p.c.AbstractCollectionPersister      : Inserting collection: [com.cash_flow_app.apicashflow.entities_repositories_and_services.base.user.User.accounts#985df12b-4c66-4234-b0a1-83edf02bb771]
2023-11-28T22:11:57.739-05:00 DEBUG 27472 --- [           main] org.hibernate.SQL                        : 
    insert 
    into
        user_account
        (user_id, account_id) 
    values
        (?, ?)
2023-11-28T22:11:57.739-05:00 DEBUG 27472 --- [           main] org.hibernate.SQL                        : 
    insert 
    into
        user_account
        (user_id, account_id) 
    values
        (?, ?)
2023-11-28T22:11:57.740-05:00 DEBUG 27472 --- [           main] o.h.engine.jdbc.spi.SqlExceptionHelper   : could not execute statement [n/a]

org.postgresql.util.PSQLException: ERROR: duplicate key value violates unique constraint "user_account_pkey"
  Detail: Key (user_id, account_id)=(985df12b-4c66-4234-b0a1-83edf02bb771, 86a2f217-7f77-46f7-80af-02d4f6f0a79c) already exists.
	at org.postgresql.core.v3.QueryExecutorImpl.receiveErrorResponse(QueryExecutorImpl.java:2676) ~[postgresql-42.5.4.jar:42.5.4]
	at org.postgresql.core.v3.QueryExecutorImpl.processResults(QueryExecutorImpl.java:2366) ~[postgresql-42.5.4.jar:42.5.4]
	at org.postgresql.core.v3.QueryExecutorImpl.execute(QueryExecutorImpl.java:356) ~[postgresql-42.5.4.jar:42.5.4]
	at org.postgresql.jdbc.PgStatement.executeInternal(PgStatement.java:496) ~[postgresql-42.5.4.jar:42.5.4]
	at org.postgresql.jdbc.PgStatement.execute(PgStatement.java:413) ~[postgresql-42.5.4.jar:42.5.4]
	at org.postgresql.jdbc.PgPreparedStatement.executeWithFlags(PgPreparedStatement.java:190) ~[postgresql-42.5.4.jar:42.5.4]
	at org.postgresql.jdbc.PgPreparedStatement.executeUpdate(PgPreparedStatement.java:152) ~[postgresql-42.5.4.jar:42.5.4]
	at com.zaxxer.hikari.pool.ProxyPreparedStatement.executeUpdate(ProxyPreparedStatement.java:61) ~[HikariCP-5.0.1.jar:na]
	at com.zaxxer.hikari.pool.HikariProxyPreparedStatement.executeUpdate(HikariProxyPreparedStatement.java) ~[HikariCP-5.0.1.jar:na]
	at org.hibernate.engine.jdbc.internal.ResultSetReturnImpl.executeUpdate(ResultSetReturnImpl.java:197) ~[hibernate-core-6.1.7.Final.jar:6.1.7.Final]
	at org.hibernate.engine.jdbc.batch.internal.NonBatchingBatch.addToBatch(NonBatchingBatch.java:39) ~[hibernate-core-6.1.7.Final.jar:6.1.7.Final]
	at org.hibernate.persister.collection.AbstractCollectionPersister.recreate(AbstractCollectionPersister.java:1478) ~[hibernate-core-6.1.7.Final.jar:6.1.7.Final]
	at org.hibernate.action.internal.CollectionRecreateAction.execute(CollectionRecreateAction.java:47) ~[hibernate-core-6.1.7.Final.jar:6.1.7.Final]
	at org.hibernate.engine.spi.ActionQueue.executeActions(ActionQueue.java:612) ~[hibernate-core-6.1.7.Final.jar:6.1.7.Final]
	at org.hibernate.engine.spi.ActionQueue.lambda$executeActions$1(ActionQueue.java:483) ~[hibernate-core-6.1.7.Final.jar:6.1.7.Final]
	at java.base/java.util.LinkedHashMap.forEach(LinkedHashMap.java:729) ~[na:na]
	at org.hibernate.engine.spi.ActionQueue.executeActions(ActionQueue.java:480) ~[hibernate-core-6.1.7.Final.jar:6.1.7.Final]
	at org.hibernate.event.internal.AbstractFlushingEventListener.performExecutions(AbstractFlushingEventListener.java:329) ~[hibernate-core-6.1.7.Final.jar:6.1.7.Final]
	at org.hibernate.event.internal.DefaultAutoFlushEventListener.onAutoFlush(DefaultAutoFlushEventListener.java:55) ~[hibernate-core-6.1.7.Final.jar:6.1.7.Final]
	at org.hibernate.event.service.internal.EventListenerGroupImpl.fireEventOnEachListener(EventListenerGroupImpl.java:107) ~[hibernate-core-6.1.7.Final.jar:6.1.7.Final]
	at org.hibernate.internal.SessionImpl.autoFlushIfRequired(SessionImpl.java:1388) ~[hibernate-core-6.1.7.Final.jar:6.1.7.Final]
	at org.hibernate.query.sqm.internal.ConcreteSqmSelectQueryPlan.lambda$new$0(ConcreteSqmSelectQueryPlan.java:111) ~[hibernate-core-6.1.7.Final.jar:6.1.7.Final]
	at org.hibernate.query.sqm.internal.ConcreteSqmSelectQueryPlan.withCacheableSqmInterpretation(ConcreteSqmSelectQueryPlan.java:335) ~[hibernate-core-6.1.7.Final.jar:6.1.7.Final]
	at org.hibernate.query.sqm.internal.ConcreteSqmSelectQueryPlan.performList(ConcreteSqmSelectQueryPlan.java:276) ~[hibernate-core-6.1.7.Final.jar:6.1.7.Final]
	at org.hibernate.query.sqm.internal.QuerySqmImpl.doList(QuerySqmImpl.java:571) ~[hibernate-core-6.1.7.Final.jar:6.1.7.Final]
	at org.hibernate.query.spi.AbstractSelectionQuery.list(AbstractSelectionQuery.java:363) ~[hibernate-core-6.1.7.Final.jar:6.1.7.Final]
	at org.hibernate.query.sqm.internal.QuerySqmImpl.list(QuerySqmImpl.java:1073) ~[hibernate-core-6.1.7.Final.jar:6.1.7.Final]
	at org.hibernate.query.spi.AbstractSelectionQuery.getSingleResult(AbstractSelectionQuery.java:457) ~[hibernate-core-6.1.7.Final.jar:6.1.7.Final]
	at org.hibernate.query.sqm.internal.QuerySqmImpl.getSingleResult(QuerySqmImpl.java:1103) ~[hibernate-core-6.1.7.Final.jar:6.1.7.Final]
	at org.springframework.data.jpa.repository.query.JpaQueryExecution$SingleEntityExecution.doExecute(JpaQueryExecution.java:193) ~[spring-data-jpa-3.0.5.jar:3.0.5]
	at org.springframework.data.jpa.repository.query.JpaQueryExecution.execute(JpaQueryExecution.java:90) ~[spring-data-jpa-3.0.5.jar:3.0.5]
	at org.springframework.data.jpa.repository.query.AbstractJpaQuery.doExecute(AbstractJpaQuery.java:148) ~[spring-data-jpa-3.0.5.jar:3.0.5]
	at org.springframework.data.jpa.repository.query.AbstractJpaQuery.execute(AbstractJpaQuery.java:136) ~[spring-data-jpa-3.0.5.jar:3.0.5]
	at org.springframework.data.repository.core.support.RepositoryMethodInvoker.doInvoke(RepositoryMethodInvoker.java:136) ~[spring-data-commons-3.0.5.jar:3.0.5]
	at org.springframework.data.repository.core.support.RepositoryMethodInvoker.invoke(RepositoryMethodInvoker.java:120) ~[spring-data-commons-3.0.5.jar:3.0.5]
	at org.springframework.data.repository.core.support.QueryExecutorMethodInterceptor.doInvoke(QueryExecutorMethodInterceptor.java:164) ~[spring-data-commons-3.0.5.jar:3.0.5]
	at org.springframework.data.repository.core.support.QueryExecutorMethodInterceptor.invoke(QueryExecutorMethodInterceptor.java:143) ~[spring-data-commons-3.0.5.jar:3.0.5]
	at org.springframework.aop.framework.ReflectiveMethodInvocation.proceed(ReflectiveMethodInvocation.java:184) ~[spring-aop-6.0.8.jar:6.0.8]
	at org.springframework.data.projection.DefaultMethodInvokingMethodInterceptor.invoke(DefaultMethodInvokingMethodInterceptor.java:77) ~[spring-data-commons-3.0.5.jar:3.0.5]
	at org.springframework.aop.framework.ReflectiveMethodInvocation.proceed(ReflectiveMethodInvocation.java:184) ~[spring-aop-6.0.8.jar:6.0.8]
	at org.springframework.transaction.interceptor.TransactionInterceptor$1.proceedWithInvocation(TransactionInterceptor.java:123) ~[spring-tx-6.0.8.jar:6.0.8]
	at org.springframework.transaction.interceptor.TransactionAspectSupport.invokeWithinTransaction(TransactionAspectSupport.java:391) ~[spring-tx-6.0.8.jar:6.0.8]
	at org.springframework.transaction.interceptor.TransactionInterceptor.invoke(TransactionInterceptor.java:119) ~[spring-tx-6.0.8.jar:6.0.8]
	at org.springframework.aop.framework.ReflectiveMethodInvocation.proceed(ReflectiveMethodInvocation.java:184) ~[spring-aop-6.0.8.jar:6.0.8]
	at org.springframework.dao.support.PersistenceExceptionTranslationInterceptor.invoke(PersistenceExceptionTranslationInterceptor.java:137) ~[spring-tx-6.0.8.jar:6.0.8]
	at org.springframework.aop.framework.ReflectiveMethodInvocation.proceed(ReflectiveMethodInvocation.java:184) ~[spring-aop-6.0.8.jar:6.0.8]
	at org.springframework.data.jpa.repository.support.CrudMethodMetadataPostProcessor$CrudMethodMetadataPopulatingMethodInterceptor.invoke(CrudMethodMetadataPostProcessor.java:134) ~[spring-data-jpa-3.0.5.jar:3.0.5]
	at org.springframework.aop.framework.ReflectiveMethodInvocation.proceed(ReflectiveMethodInvocation.java:184) ~[spring-aop-6.0.8.jar:6.0.8]
	at org.springframework.aop.interceptor.ExposeInvocationInterceptor.invoke(ExposeInvocationInterceptor.java:97) ~[spring-aop-6.0.8.jar:6.0.8]
	at org.springframework.aop.framework.ReflectiveMethodInvocation.proceed(ReflectiveMethodInvocation.java:184) ~[spring-aop-6.0.8.jar:6.0.8]
	at org.springframework.aop.framework.JdkDynamicAopProxy.invoke(JdkDynamicAopProxy.java:223) ~[spring-aop-6.0.8.jar:6.0.8]
	at jdk.proxy2/jdk.proxy2.$Proxy148.findByUsername(Unknown Source) ~[na:na]
	at com.cash_flow_app.apicashflow.entities_repositories_and_services.base.user.UserService.findByUsername(UserService.java:56) ~[classes/:na]
	at com.cash_flow_app.apicashflow.entities_repositories_and_services.base.security.LoginService.loadUserByUsername(LoginService.java:18) ~[classes/:na]
	at com.cash_flow_app.apicashflow.utils.TokenUtils.getAuthentication(TokenUtils.java:40) ~[classes/:na]
	at com.cash_flow_app.apicashflow.entities_repositories_and_services.base.security.JWTAuthorizationFilter.doFilterInternal(JWTAuthorizationFilter.java:27) ~[classes/:na]
	at org.springframework.web.filter.OncePerRequestFilter.doFilter(OncePerRequestFilter.java:116) ~[spring-web-6.0.8.jar:6.0.8]
	at org.springframework.security.web.ObservationFilterChainDecorator$ObservationFilter.wrapFilter(ObservationFilterChainDecorator.java:185) ~[spring-security-web-6.0.3.jar:6.0.3]
	at org.springframework.security.web.ObservationFilterChainDecorator$ObservationFilter.doFilter(ObservationFilterChainDecorator.java:172) ~[spring-security-web-6.0.3.jar:6.0.3]
	at org.springframework.security.web.ObservationFilterChainDecorator$VirtualFilterChain.doFilter(ObservationFilterChainDecorator.java:133) ~[spring-security-web-6.0.3.jar:6.0.3]
	at org.springframework.security.web.authentication.logout.LogoutFilter.doFilter(LogoutFilter.java:107) ~[spring-security-web-6.0.3.jar:6.0.3]
	at org.springframework.security.web.authentication.logout.LogoutFilter.doFilter(LogoutFilter.java:93) ~[spring-security-web-6.0.3.jar:6.0.3]
	at org.springframework.security.web.ObservationFilterChainDecorator$ObservationFilter.wrapFilter(ObservationFilterChainDecorator.java:185) ~[spring-security-web-6.0.3.jar:6.0.3]
	at org.springframework.security.web.ObservationFilterChainDecorator$ObservationFilter.doFilter(ObservationFilterChainDecorator.java:172) ~[spring-security-web-6.0.3.jar:6.0.3]
	at org.springframework.security.web.ObservationFilterChainDecorator$VirtualFilterChain.doFilter(ObservationFilterChainDecorator.java:133) ~[spring-security-web-6.0.3.jar:6.0.3]
	at org.springframework.web.filter.CorsFilter.doFilterInternal(CorsFilter.java:91) ~[spring-web-6.0.8.jar:6.0.8]
	at org.springframework.web.filter.OncePerRequestFilter.doFilter(OncePerRequestFilter.java:116) ~[spring-web-6.0.8.jar:6.0.8]
	at org.springframework.security.web.ObservationFilterChainDecorator$ObservationFilter.wrapFilter(ObservationFilterChainDecorator.java:185) ~[spring-security-web-6.0.3.jar:6.0.3]
	at org.springframework.security.web.ObservationFilterChainDecorator$ObservationFilter.doFilter(ObservationFilterChainDecorator.java:172) ~[spring-security-web-6.0.3.jar:6.0.3]
	at org.springframework.security.web.ObservationFilterChainDecorator$VirtualFilterChain.doFilter(ObservationFilterChainDecorator.java:133) ~[spring-security-web-6.0.3.jar:6.0.3]
	at org.springframework.security.web.header.HeaderWriterFilter.doHeadersAfter(HeaderWriterFilter.java:90) ~[spring-security-web-6.0.3.jar:6.0.3]
	at org.springframework.security.web.header.HeaderWriterFilter.doFilterInternal(HeaderWriterFilter.java:75) ~[spring-security-web-6.0.3.jar:6.0.3]
	at org.springframework.web.filter.OncePerRequestFilter.doFilter(OncePerRequestFilter.java:116) ~[spring-web-6.0.8.jar:6.0.8]
	at org.springframework.security.web.ObservationFilterChainDecorator$ObservationFilter.wrapFilter(ObservationFilterChainDecorator.java:185) ~[spring-security-web-6.0.3.jar:6.0.3]
	at org.springframework.security.web.ObservationFilterChainDecorator$ObservationFilter.doFilter(ObservationFilterChainDecorator.java:172) ~[spring-security-web-6.0.3.jar:6.0.3]
	at org.springframework.security.web.ObservationFilterChainDecorator$VirtualFilterChain.doFilter(ObservationFilterChainDecorator.java:133) ~[spring-security-web-6.0.3.jar:6.0.3]
	at org.springframework.security.web.context.SecurityContextHolderFilter.doFilter(SecurityContextHolderFilter.java:82) ~[spring-security-web-6.0.3.jar:6.0.3]
	at org.springframework.security.web.context.SecurityContextHolderFilter.doFilter(SecurityContextHolderFilter.java:69) ~[spring-security-web-6.0.3.jar:6.0.3]
	at org.springframework.security.web.ObservationFilterChainDecorator$ObservationFilter.wrapFilter(ObservationFilterChainDecorator.java:185) ~[spring-security-web-6.0.3.jar:6.0.3]
	at org.springframework.security.web.ObservationFilterChainDecorator$ObservationFilter.doFilter(ObservationFilterChainDecorator.java:172) ~[spring-security-web-6.0.3.jar:6.0.3]
	at org.springframework.security.web.ObservationFilterChainDecorator$VirtualFilterChain.doFilter(ObservationFilterChainDecorator.java:133) ~[spring-security-web-6.0.3.jar:6.0.3]
	at org.springframework.security.web.context.request.async.WebAsyncManagerIntegrationFilter.doFilterInternal(WebAsyncManagerIntegrationFilter.java:62) ~[spring-security-web-6.0.3.jar:6.0.3]
	at org.springframework.web.filter.OncePerRequestFilter.doFilter(OncePerRequestFilter.java:116) ~[spring-web-6.0.8.jar:6.0.8]
	at org.springframework.security.web.ObservationFilterChainDecorator$ObservationFilter.wrapFilter(ObservationFilterChainDecorator.java:185) ~[spring-security-web-6.0.3.jar:6.0.3]
	at org.springframework.security.web.ObservationFilterChainDecorator$ObservationFilter.doFilter(ObservationFilterChainDecorator.java:172) ~[spring-security-web-6.0.3.jar:6.0.3]
	at org.springframework.security.web.ObservationFilterChainDecorator$VirtualFilterChain.doFilter(ObservationFilterChainDecorator.java:133) ~[spring-security-web-6.0.3.jar:6.0.3]
	at org.springframework.security.web.session.ForceEagerSessionCreationFilter.doFilterInternal(ForceEagerSessionCreationFilter.java:45) ~[spring-security-web-6.0.3.jar:6.0.3]
	at org.springframework.web.filter.OncePerRequestFilter.doFilter(OncePerRequestFilter.java:116) ~[spring-web-6.0.8.jar:6.0.8]
	at org.springframework.security.web.ObservationFilterChainDecorator$ObservationFilter.wrapFilter(ObservationFilterChainDecorator.java:185) ~[spring-security-web-6.0.3.jar:6.0.3]
	at org.springframework.security.web.ObservationFilterChainDecorator$ObservationFilter.doFilter(ObservationFilterChainDecorator.java:172) ~[spring-security-web-6.0.3.jar:6.0.3]
	at org.springframework.security.web.ObservationFilterChainDecorator$VirtualFilterChain.doFilter(ObservationFilterChainDecorator.java:133) ~[spring-security-web-6.0.3.jar:6.0.3]
	at org.springframework.security.web.session.DisableEncodeUrlFilter.doFilterInternal(DisableEncodeUrlFilter.java:42) ~[spring-security-web-6.0.3.jar:6.0.3]
	at org.springframework.web.filter.OncePerRequestFilter.doFilter(OncePerRequestFilter.java:116) ~[spring-web-6.0.8.jar:6.0.8]
	at org.springframework.security.web.ObservationFilterChainDecorator$ObservationFilter.wrapFilter(ObservationFilterChainDecorator.java:185) ~[spring-security-web-6.0.3.jar:6.0.3]
	at org.springframework.security.web.ObservationFilterChainDecorator$AroundFilterObservation$SimpleAroundFilterObservation.lambda$wrap$0(ObservationFilterChainDecorator.java:268) ~[spring-security-web-6.0.3.jar:6.0.3]
	at org.springframework.security.web.ObservationFilterChainDecorator$ObservationFilter.doFilter(ObservationFilterChainDecorator.java:169) ~[spring-security-web-6.0.3.jar:6.0.3]
	at org.springframework.security.web.ObservationFilterChainDecorator$VirtualFilterChain.doFilter(ObservationFilterChainDecorator.java:133) ~[spring-security-web-6.0.3.jar:6.0.3]
	at org.springframework.security.web.FilterChainProxy.doFilterInternal(FilterChainProxy.java:233) ~[spring-security-web-6.0.3.jar:6.0.3]
	at org.springframework.security.web.FilterChainProxy.doFilter(FilterChainProxy.java:191) ~[spring-security-web-6.0.3.jar:6.0.3]
	at org.springframework.web.filter.DelegatingFilterProxy.invokeDelegate(DelegatingFilterProxy.java:352) ~[spring-web-6.0.8.jar:6.0.8]
	at org.springframework.web.filter.DelegatingFilterProxy.doFilter(DelegatingFilterProxy.java:268) ~[spring-web-6.0.8.jar:6.0.8]
	at org.springframework.mock.web.MockFilterChain.doFilter(MockFilterChain.java:132) ~[spring-test-6.0.8.jar:6.0.8]
	at org.springframework.web.filter.RequestContextFilter.doFilterInternal(RequestContextFilter.java:100) ~[spring-web-6.0.8.jar:6.0.8]
	at org.springframework.web.filter.OncePerRequestFilter.doFilter(OncePerRequestFilter.java:116) ~[spring-web-6.0.8.jar:6.0.8]
	at org.springframework.mock.web.MockFilterChain.doFilter(MockFilterChain.java:132) ~[spring-test-6.0.8.jar:6.0.8]
	at org.springframework.web.filter.FormContentFilter.doFilterInternal(FormContentFilter.java:93) ~[spring-web-6.0.8.jar:6.0.8]
	at org.springframework.web.filter.OncePerRequestFilter.doFilter(OncePerRequestFilter.java:116) ~[spring-web-6.0.8.jar:6.0.8]
	at org.springframework.mock.web.MockFilterChain.doFilter(MockFilterChain.java:132) ~[spring-test-6.0.8.jar:6.0.8]
	at org.springframework.web.filter.ServerHttpObservationFilter.doFilterInternal(ServerHttpObservationFilter.java:109) ~[spring-web-6.0.8.jar:6.0.8]
	at org.springframework.web.filter.OncePerRequestFilter.doFilter(OncePerRequestFilter.java:116) ~[spring-web-6.0.8.jar:6.0.8]
	at org.springframework.mock.web.MockFilterChain.doFilter(MockFilterChain.java:132) ~[spring-test-6.0.8.jar:6.0.8]
	at org.springframework.web.filter.CharacterEncodingFilter.doFilterInternal(CharacterEncodingFilter.java:201) ~[spring-web-6.0.8.jar:6.0.8]
	at org.springframework.web.filter.OncePerRequestFilter.doFilter(OncePerRequestFilter.java:116) ~[spring-web-6.0.8.jar:6.0.8]
	at org.springframework.mock.web.MockFilterChain.doFilter(MockFilterChain.java:132) ~[spring-test-6.0.8.jar:6.0.8]
	at org.springframework.test.web.servlet.MockMvc.perform(MockMvc.java:201) ~[spring-test-6.0.8.jar:6.0.8]
	at com.cash_flow_app.apicashflow.controller.ScheduledAccountControllerTest.createIncomeExpenseResult(ScheduledAccountControllerTest.java:297) ~[test-classes/:na]
	at com.cash_flow_app.apicashflow.controller.ScheduledAccountControllerTest.getScheduledAccount(ScheduledAccountControllerTest.java:186) ~[test-classes/:na]
	at java.base/jdk.internal.reflect.DirectMethodHandleAccessor.invoke(DirectMethodHandleAccessor.java:104) ~[na:na]
	at java.base/java.lang.reflect.Method.invoke(Method.java:578) ~[na:na]
	at org.junit.platform.commons.util.ReflectionUtils.invokeMethod(ReflectionUtils.java:727) ~[junit-platform-commons-1.9.2.jar:1.9.2]
	at org.junit.jupiter.engine.execution.MethodInvocation.proceed(MethodInvocation.java:60) ~[junit-jupiter-engine-5.9.2.jar:5.9.2]
	at org.junit.jupiter.engine.execution.InvocationInterceptorChain$ValidatingInvocation.proceed(InvocationInterceptorChain.java:131) ~[junit-jupiter-engine-5.9.2.jar:5.9.2]
	at org.junit.jupiter.engine.extension.TimeoutExtension.intercept(TimeoutExtension.java:156) ~[junit-jupiter-engine-5.9.2.jar:5.9.2]
	at org.junit.jupiter.engine.extension.TimeoutExtension.interceptTestableMethod(TimeoutExtension.java:147) ~[junit-jupiter-engine-5.9.2.jar:5.9.2]
	at org.junit.jupiter.engine.extension.TimeoutExtension.interceptTestMethod(TimeoutExtension.java:86) ~[junit-jupiter-engine-5.9.2.jar:5.9.2]
	at org.junit.jupiter.engine.execution.InterceptingExecutableInvoker$ReflectiveInterceptorCall.lambda$ofVoidMethod$0(InterceptingExecutableInvoker.java:103) ~[junit-jupiter-engine-5.9.2.jar:5.9.2]
	at org.junit.jupiter.engine.execution.InterceptingExecutableInvoker.lambda$invoke$0(InterceptingExecutableInvoker.java:93) ~[junit-jupiter-engine-5.9.2.jar:5.9.2]
	at org.junit.jupiter.engine.execution.InvocationInterceptorChain$InterceptedInvocation.proceed(InvocationInterceptorChain.java:106) ~[junit-jupiter-engine-5.9.2.jar:5.9.2]
	at org.junit.jupiter.engine.execution.InvocationInterceptorChain.proceed(InvocationInterceptorChain.java:64) ~[junit-jupiter-engine-5.9.2.jar:5.9.2]
	at org.junit.jupiter.engine.execution.InvocationInterceptorChain.chainAndInvoke(InvocationInterceptorChain.java:45) ~[junit-jupiter-engine-5.9.2.jar:5.9.2]
	at org.junit.jupiter.engine.execution.InvocationInterceptorChain.invoke(InvocationInterceptorChain.java:37) ~[junit-jupiter-engine-5.9.2.jar:5.9.2]
	at org.junit.jupiter.engine.execution.InterceptingExecutableInvoker.invoke(InterceptingExecutableInvoker.java:92) ~[junit-jupiter-engine-5.9.2.jar:5.9.2]
	at org.junit.jupiter.engine.execution.InterceptingExecutableInvoker.invoke(InterceptingExecutableInvoker.java:86) ~[junit-jupiter-engine-5.9.2.jar:5.9.2]
	at org.junit.jupiter.engine.descriptor.TestMethodTestDescriptor.lambda$invokeTestMethod$7(TestMethodTestDescriptor.java:217) ~[junit-jupiter-engine-5.9.2.jar:5.9.2]
	at org.junit.platform.engine.support.hierarchical.ThrowableCollector.execute(ThrowableCollector.java:73) ~[junit-platform-engine-1.9.2.jar:1.9.2]
	at org.junit.jupiter.engine.descriptor.TestMethodTestDescriptor.invokeTestMethod(TestMethodTestDescriptor.java:213) ~[junit-jupiter-engine-5.9.2.jar:5.9.2]
	at org.junit.jupiter.engine.descriptor.TestMethodTestDescriptor.execute(TestMethodTestDescriptor.java:138) ~[junit-jupiter-engine-5.9.2.jar:5.9.2]
	at org.junit.jupiter.engine.descriptor.TestMethodTestDescriptor.execute(TestMethodTestDescriptor.java:68) ~[junit-jupiter-engine-5.9.2.jar:5.9.2]
	at org.junit.platform.engine.support.hierarchical.NodeTestTask.lambda$executeRecursively$6(NodeTestTask.java:151) ~[junit-platform-engine-1.9.2.jar:1.9.2]
	at org.junit.platform.engine.support.hierarchical.ThrowableCollector.execute(ThrowableCollector.java:73) ~[junit-platform-engine-1.9.2.jar:1.9.2]
	at org.junit.platform.engine.support.hierarchical.NodeTestTask.lambda$executeRecursively$8(NodeTestTask.java:141) ~[junit-platform-engine-1.9.2.jar:1.9.2]
	at org.junit.platform.engine.support.hierarchical.Node.around(Node.java:137) ~[junit-platform-engine-1.9.2.jar:1.9.2]
	at org.junit.platform.engine.support.hierarchical.NodeTestTask.lambda$executeRecursively$9(NodeTestTask.java:139) ~[junit-platform-engine-1.9.2.jar:1.9.2]
	at org.junit.platform.engine.support.hierarchical.ThrowableCollector.execute(ThrowableCollector.java:73) ~[junit-platform-engine-1.9.2.jar:1.9.2]
	at org.junit.platform.engine.support.hierarchical.NodeTestTask.executeRecursively(NodeTestTask.java:138) ~[junit-platform-engine-1.9.2.jar:1.9.2]
	at org.junit.platform.engine.support.hierarchical.NodeTestTask.execute(NodeTestTask.java:95) ~[junit-platform-engine-1.9.2.jar:1.9.2]
	at java.base/java.util.ArrayList.forEach(ArrayList.java:1511) ~[na:na]
	at org.junit.platform.engine.support.hierarchical.SameThreadHierarchicalTestExecutorService.invokeAll(SameThreadHierarchicalTestExecutorService.java:41) ~[junit-platform-engine-1.9.2.jar:1.9.2]
	at org.junit.platform.engine.support.hierarchical.NodeTestTask.lambda$executeRecursively$6(NodeTestTask.java:155) ~[junit-platform-engine-1.9.2.jar:1.9.2]
	at org.junit.platform.engine.support.hierarchical.ThrowableCollector.execute(ThrowableCollector.java:73) ~[junit-platform-engine-1.9.2.jar:1.9.2]
	at org.junit.platform.engine.support.hierarchical.NodeTestTask.lambda$executeRecursively$8(NodeTestTask.java:141) ~[junit-platform-engine-1.9.2.jar:1.9.2]
	at org.junit.platform.engine.support.hierarchical.Node.around(Node.java:137) ~[junit-platform-engine-1.9.2.jar:1.9.2]
	at org.junit.platform.engine.support.hierarchical.NodeTestTask.lambda$executeRecursively$9(NodeTestTask.java:139) ~[junit-platform-engine-1.9.2.jar:1.9.2]
	at org.junit.platform.engine.support.hierarchical.ThrowableCollector.execute(ThrowableCollector.java:73) ~[junit-platform-engine-1.9.2.jar:1.9.2]
	at org.junit.platform.engine.support.hierarchical.NodeTestTask.executeRecursively(NodeTestTask.java:138) ~[junit-platform-engine-1.9.2.jar:1.9.2]
	at org.junit.platform.engine.support.hierarchical.NodeTestTask.execute(NodeTestTask.java:95) ~[junit-platform-engine-1.9.2.jar:1.9.2]
	at java.base/java.util.ArrayList.forEach(ArrayList.java:1511) ~[na:na]
	at org.junit.platform.engine.support.hierarchical.SameThreadHierarchicalTestExecutorService.invokeAll(SameThreadHierarchicalTestExecutorService.java:41) ~[junit-platform-engine-1.9.2.jar:1.9.2]
	at org.junit.platform.engine.support.hierarchical.NodeTestTask.lambda$executeRecursively$6(NodeTestTask.java:155) ~[junit-platform-engine-1.9.2.jar:1.9.2]
	at org.junit.platform.engine.support.hierarchical.ThrowableCollector.execute(ThrowableCollector.java:73) ~[junit-platform-engine-1.9.2.jar:1.9.2]
	at org.junit.platform.engine.support.hierarchical.NodeTestTask.lambda$executeRecursively$8(NodeTestTask.java:141) ~[junit-platform-engine-1.9.2.jar:1.9.2]
	at org.junit.platform.engine.support.hierarchical.Node.around(Node.java:137) ~[junit-platform-engine-1.9.2.jar:1.9.2]
	at org.junit.platform.engine.support.hierarchical.NodeTestTask.lambda$executeRecursively$9(NodeTestTask.java:139) ~[junit-platform-engine-1.9.2.jar:1.9.2]
	at org.junit.platform.engine.support.hierarchical.ThrowableCollector.execute(ThrowableCollector.java:73) ~[junit-platform-engine-1.9.2.jar:1.9.2]
	at org.junit.platform.engine.support.hierarchical.NodeTestTask.executeRecursively(NodeTestTask.java:138) ~[junit-platform-engine-1.9.2.jar:1.9.2]
	at org.junit.platform.engine.support.hierarchical.NodeTestTask.execute(NodeTestTask.java:95) ~[junit-platform-engine-1.9.2.jar:1.9.2]
	at org.junit.platform.engine.support.hierarchical.SameThreadHierarchicalTestExecutorService.submit(SameThreadHierarchicalTestExecutorService.java:35) ~[junit-platform-engine-1.9.2.jar:1.9.2]
	at org.junit.platform.engine.support.hierarchical.HierarchicalTestExecutor.execute(HierarchicalTestExecutor.java:57) ~[junit-platform-engine-1.9.2.jar:1.9.2]
	at org.junit.platform.engine.support.hierarchical.HierarchicalTestEngine.execute(HierarchicalTestEngine.java:54) ~[junit-platform-engine-1.9.2.jar:1.9.2]
	at org.junit.platform.launcher.core.DefaultLauncher.execute(DefaultLauncher.java:220) ~[junit-platform-launcher-1.3.1.jar:1.3.1]
	at org.junit.platform.launcher.core.DefaultLauncher.lambda$execute$6(DefaultLauncher.java:188) ~[junit-platform-launcher-1.3.1.jar:1.3.1]
	at org.junit.platform.launcher.core.DefaultLauncher.withInterceptedStreams(DefaultLauncher.java:202) ~[junit-platform-launcher-1.3.1.jar:1.3.1]
	at org.junit.platform.launcher.core.DefaultLauncher.execute(DefaultLauncher.java:181) ~[junit-platform-launcher-1.3.1.jar:1.3.1]
	at org.junit.platform.launcher.core.DefaultLauncher.execute(DefaultLauncher.java:128) ~[junit-platform-launcher-1.3.1.jar:1.3.1]
	at org.apache.maven.surefire.junitplatform.JUnitPlatformProvider.invokeAllTests(JUnitPlatformProvider.java:150) ~[surefire-junit-platform-2.22.2.jar:2.22.2]
	at org.apache.maven.surefire.junitplatform.JUnitPlatformProvider.invoke(JUnitPlatformProvider.java:124) ~[surefire-junit-platform-2.22.2.jar:2.22.2]
	at org.apache.maven.surefire.booter.ForkedBooter.invokeProviderInSameClassLoader(ForkedBooter.java:384) ~[surefire-booter-2.22.2.jar:2.22.2]
	at org.apache.maven.surefire.booter.ForkedBooter.runSuitesInProcess(ForkedBooter.java:345) ~[surefire-booter-2.22.2.jar:2.22.2]
	at org.apache.maven.surefire.booter.ForkedBooter.execute(ForkedBooter.java:126) ~[surefire-booter-2.22.2.jar:2.22.2]
	at org.apache.maven.surefire.booter.ForkedBooter.main(ForkedBooter.java:418) ~[surefire-booter-2.22.2.jar:2.22.2]

2023-11-28T22:11:57.741-05:00  WARN 27472 --- [           main] o.h.engine.jdbc.spi.SqlExceptionHelper   : SQL Error: 0, SQLState: 23505
2023-11-28T22:11:57.741-05:00 ERROR 27472 --- [           main] o.h.engine.jdbc.spi.SqlExceptionHelper   : ERROR: duplicate key value violates unique constraint "user_account_pkey"
  Detail: Key (user_id, account_id)=(985df12b-4c66-4234-b0a1-83edf02bb771, 86a2f217-7f77-46f7-80af-02d4f6f0a79c) already exists.
2023-11-28T22:11:57.741-05:00  INFO 27472 --- [           main] o.h.e.j.b.internal.AbstractBatchImpl     : HHH000010: On release of batch it still contained JDBC statements
2023-11-28T22:11:57.741-05:00 DEBUG 27472 --- [           main] cResourceLocalTransactionCoordinatorImpl : JDBC transaction marked for rollback-only (exception provided for stack trace)

java.lang.Exception: exception just for purpose of providing stack trace
	at org.hibernate.resource.transaction.backend.jdbc.internal.JdbcResourceLocalTransactionCoordinatorImpl$TransactionDriverControlImpl.markRollbackOnly(JdbcResourceLocalTransactionCoordinatorImpl.java:324) ~[hibernate-core-6.1.7.Final.jar:6.1.7.Final]
	at org.hibernate.engine.transaction.internal.TransactionImpl.markRollbackOnly(TransactionImpl.java:203) ~[hibernate-core-6.1.7.Final.jar:6.1.7.Final]
	at org.hibernate.internal.AbstractSharedSessionContract.markForRollbackOnly(AbstractSharedSessionContract.java:434) ~[hibernate-core-6.1.7.Final.jar:6.1.7.Final]
	at org.hibernate.internal.ExceptionConverterImpl.handlePersistenceException(ExceptionConverterImpl.java:291) ~[hibernate-core-6.1.7.Final.jar:6.1.7.Final]
	at org.hibernate.internal.ExceptionConverterImpl.convert(ExceptionConverterImpl.java:168) ~[hibernate-core-6.1.7.Final.jar:6.1.7.Final]
	at org.hibernate.query.spi.AbstractSelectionQuery.list(AbstractSelectionQuery.java:374) ~[hibernate-core-6.1.7.Final.jar:6.1.7.Final]
	at org.hibernate.query.sqm.internal.QuerySqmImpl.list(QuerySqmImpl.java:1073) ~[hibernate-core-6.1.7.Final.jar:6.1.7.Final]
	at org.hibernate.query.spi.AbstractSelectionQuery.getSingleResult(AbstractSelectionQuery.java:457) ~[hibernate-core-6.1.7.Final.jar:6.1.7.Final]
	at org.hibernate.query.sqm.internal.QuerySqmImpl.getSingleResult(QuerySqmImpl.java:1103) ~[hibernate-core-6.1.7.Final.jar:6.1.7.Final]
	at org.springframework.data.jpa.repository.query.JpaQueryExecution$SingleEntityExecution.doExecute(JpaQueryExecution.java:193) ~[spring-data-jpa-3.0.5.jar:3.0.5]
	at org.springframework.data.jpa.repository.query.JpaQueryExecution.execute(JpaQueryExecution.java:90) ~[spring-data-jpa-3.0.5.jar:3.0.5]
	at org.springframework.data.jpa.repository.query.AbstractJpaQuery.doExecute(AbstractJpaQuery.java:148) ~[spring-data-jpa-3.0.5.jar:3.0.5]
	at org.springframework.data.jpa.repository.query.AbstractJpaQuery.execute(AbstractJpaQuery.java:136) ~[spring-data-jpa-3.0.5.jar:3.0.5]
	at org.springframework.data.repository.core.support.RepositoryMethodInvoker.doInvoke(RepositoryMethodInvoker.java:136) ~[spring-data-commons-3.0.5.jar:3.0.5]
	at org.springframework.data.repository.core.support.RepositoryMethodInvoker.invoke(RepositoryMethodInvoker.java:120) ~[spring-data-commons-3.0.5.jar:3.0.5]
	at org.springframework.data.repository.core.support.QueryExecutorMethodInterceptor.doInvoke(QueryExecutorMethodInterceptor.java:164) ~[spring-data-commons-3.0.5.jar:3.0.5]
	at org.springframework.data.repository.core.support.QueryExecutorMethodInterceptor.invoke(QueryExecutorMethodInterceptor.java:143) ~[spring-data-commons-3.0.5.jar:3.0.5]
	at org.springframework.aop.framework.ReflectiveMethodInvocation.proceed(ReflectiveMethodInvocation.java:184) ~[spring-aop-6.0.8.jar:6.0.8]
	at org.springframework.data.projection.DefaultMethodInvokingMethodInterceptor.invoke(DefaultMethodInvokingMethodInterceptor.java:77) ~[spring-data-commons-3.0.5.jar:3.0.5]
	at org.springframework.aop.framework.ReflectiveMethodInvocation.proceed(ReflectiveMethodInvocation.java:184) ~[spring-aop-6.0.8.jar:6.0.8]
	at org.springframework.transaction.interceptor.TransactionInterceptor$1.proceedWithInvocation(TransactionInterceptor.java:123) ~[spring-tx-6.0.8.jar:6.0.8]
	at org.springframework.transaction.interceptor.TransactionAspectSupport.invokeWithinTransaction(TransactionAspectSupport.java:391) ~[spring-tx-6.0.8.jar:6.0.8]
	at org.springframework.transaction.interceptor.TransactionInterceptor.invoke(TransactionInterceptor.java:119) ~[spring-tx-6.0.8.jar:6.0.8]
	at org.springframework.aop.framework.ReflectiveMethodInvocation.proceed(ReflectiveMethodInvocation.java:184) ~[spring-aop-6.0.8.jar:6.0.8]
	at org.springframework.dao.support.PersistenceExceptionTranslationInterceptor.invoke(PersistenceExceptionTranslationInterceptor.java:137) ~[spring-tx-6.0.8.jar:6.0.8]
	at org.springframework.aop.framework.ReflectiveMethodInvocation.proceed(ReflectiveMethodInvocation.java:184) ~[spring-aop-6.0.8.jar:6.0.8]
	at org.springframework.data.jpa.repository.support.CrudMethodMetadataPostProcessor$CrudMethodMetadataPopulatingMethodInterceptor.invoke(CrudMethodMetadataPostProcessor.java:134) ~[spring-data-jpa-3.0.5.jar:3.0.5]
	at org.springframework.aop.framework.ReflectiveMethodInvocation.proceed(ReflectiveMethodInvocation.java:184) ~[spring-aop-6.0.8.jar:6.0.8]
	at org.springframework.aop.interceptor.ExposeInvocationInterceptor.invoke(ExposeInvocationInterceptor.java:97) ~[spring-aop-6.0.8.jar:6.0.8]
	at org.springframework.aop.framework.ReflectiveMethodInvocation.proceed(ReflectiveMethodInvocation.java:184) ~[spring-aop-6.0.8.jar:6.0.8]
	at org.springframework.aop.framework.JdkDynamicAopProxy.invoke(JdkDynamicAopProxy.java:223) ~[spring-aop-6.0.8.jar:6.0.8]
	at jdk.proxy2/jdk.proxy2.$Proxy148.findByUsername(Unknown Source) ~[na:na]
	at com.cash_flow_app.apicashflow.entities_repositories_and_services.base.user.UserService.findByUsername(UserService.java:56) ~[classes/:na]
	at com.cash_flow_app.apicashflow.entities_repositories_and_services.base.security.LoginService.loadUserByUsername(LoginService.java:18) ~[classes/:na]
	at com.cash_flow_app.apicashflow.utils.TokenUtils.getAuthentication(TokenUtils.java:40) ~[classes/:na]
	at com.cash_flow_app.apicashflow.entities_repositories_and_services.base.security.JWTAuthorizationFilter.doFilterInternal(JWTAuthorizationFilter.java:27) ~[classes/:na]
	at org.springframework.web.filter.OncePerRequestFilter.doFilter(OncePerRequestFilter.java:116) ~[spring-web-6.0.8.jar:6.0.8]
	at org.springframework.security.web.ObservationFilterChainDecorator$ObservationFilter.wrapFilter(ObservationFilterChainDecorator.java:185) ~[spring-security-web-6.0.3.jar:6.0.3]
	at org.springframework.security.web.ObservationFilterChainDecorator$ObservationFilter.doFilter(ObservationFilterChainDecorator.java:172) ~[spring-security-web-6.0.3.jar:6.0.3]
	at org.springframework.security.web.ObservationFilterChainDecorator$VirtualFilterChain.doFilter(ObservationFilterChainDecorator.java:133) ~[spring-security-web-6.0.3.jar:6.0.3]
	at org.springframework.security.web.authentication.logout.LogoutFilter.doFilter(LogoutFilter.java:107) ~[spring-security-web-6.0.3.jar:6.0.3]
	at org.springframework.security.web.authentication.logout.LogoutFilter.doFilter(LogoutFilter.java:93) ~[spring-security-web-6.0.3.jar:6.0.3]
	at org.springframework.security.web.ObservationFilterChainDecorator$ObservationFilter.wrapFilter(ObservationFilterChainDecorator.java:185) ~[spring-security-web-6.0.3.jar:6.0.3]
	at org.springframework.security.web.ObservationFilterChainDecorator$ObservationFilter.doFilter(ObservationFilterChainDecorator.java:172) ~[spring-security-web-6.0.3.jar:6.0.3]
	at org.springframework.security.web.ObservationFilterChainDecorator$VirtualFilterChain.doFilter(ObservationFilterChainDecorator.java:133) ~[spring-security-web-6.0.3.jar:6.0.3]
	at org.springframework.web.filter.CorsFilter.doFilterInternal(CorsFilter.java:91) ~[spring-web-6.0.8.jar:6.0.8]
	at org.springframework.web.filter.OncePerRequestFilter.doFilter(OncePerRequestFilter.java:116) ~[spring-web-6.0.8.jar:6.0.8]
	at org.springframework.security.web.ObservationFilterChainDecorator$ObservationFilter.wrapFilter(ObservationFilterChainDecorator.java:185) ~[spring-security-web-6.0.3.jar:6.0.3]
	at org.springframework.security.web.ObservationFilterChainDecorator$ObservationFilter.doFilter(ObservationFilterChainDecorator.java:172) ~[spring-security-web-6.0.3.jar:6.0.3]
	at org.springframework.security.web.ObservationFilterChainDecorator$VirtualFilterChain.doFilter(ObservationFilterChainDecorator.java:133) ~[spring-security-web-6.0.3.jar:6.0.3]
	at org.springframework.security.web.header.HeaderWriterFilter.doHeadersAfter(HeaderWriterFilter.java:90) ~[spring-security-web-6.0.3.jar:6.0.3]
	at org.springframework.security.web.header.HeaderWriterFilter.doFilterInternal(HeaderWriterFilter.java:75) ~[spring-security-web-6.0.3.jar:6.0.3]
	at org.springframework.web.filter.OncePerRequestFilter.doFilter(OncePerRequestFilter.java:116) ~[spring-web-6.0.8.jar:6.0.8]
	at org.springframework.security.web.ObservationFilterChainDecorator$ObservationFilter.wrapFilter(ObservationFilterChainDecorator.java:185) ~[spring-security-web-6.0.3.jar:6.0.3]
	at org.springframework.security.web.ObservationFilterChainDecorator$ObservationFilter.doFilter(ObservationFilterChainDecorator.java:172) ~[spring-security-web-6.0.3.jar:6.0.3]
	at org.springframework.security.web.ObservationFilterChainDecorator$VirtualFilterChain.doFilter(ObservationFilterChainDecorator.java:133) ~[spring-security-web-6.0.3.jar:6.0.3]
	at org.springframework.security.web.context.SecurityContextHolderFilter.doFilter(SecurityContextHolderFilter.java:82) ~[spring-security-web-6.0.3.jar:6.0.3]
	at org.springframework.security.web.context.SecurityContextHolderFilter.doFilter(SecurityContextHolderFilter.java:69) ~[spring-security-web-6.0.3.jar:6.0.3]
	at org.springframework.security.web.ObservationFilterChainDecorator$ObservationFilter.wrapFilter(ObservationFilterChainDecorator.java:185) ~[spring-security-web-6.0.3.jar:6.0.3]
	at org.springframework.security.web.ObservationFilterChainDecorator$ObservationFilter.doFilter(ObservationFilterChainDecorator.java:172) ~[spring-security-web-6.0.3.jar:6.0.3]
	at org.springframework.security.web.ObservationFilterChainDecorator$VirtualFilterChain.doFilter(ObservationFilterChainDecorator.java:133) ~[spring-security-web-6.0.3.jar:6.0.3]
	at org.springframework.security.web.context.request.async.WebAsyncManagerIntegrationFilter.doFilterInternal(WebAsyncManagerIntegrationFilter.java:62) ~[spring-security-web-6.0.3.jar:6.0.3]
	at org.springframework.web.filter.OncePerRequestFilter.doFilter(OncePerRequestFilter.java:116) ~[spring-web-6.0.8.jar:6.0.8]
	at org.springframework.security.web.ObservationFilterChainDecorator$ObservationFilter.wrapFilter(ObservationFilterChainDecorator.java:185) ~[spring-security-web-6.0.3.jar:6.0.3]
	at org.springframework.security.web.ObservationFilterChainDecorator$ObservationFilter.doFilter(ObservationFilterChainDecorator.java:172) ~[spring-security-web-6.0.3.jar:6.0.3]
	at org.springframework.security.web.ObservationFilterChainDecorator$VirtualFilterChain.doFilter(ObservationFilterChainDecorator.java:133) ~[spring-security-web-6.0.3.jar:6.0.3]
	at org.springframework.security.web.session.ForceEagerSessionCreationFilter.doFilterInternal(ForceEagerSessionCreationFilter.java:45) ~[spring-security-web-6.0.3.jar:6.0.3]
	at org.springframework.web.filter.OncePerRequestFilter.doFilter(OncePerRequestFilter.java:116) ~[spring-web-6.0.8.jar:6.0.8]
	at org.springframework.security.web.ObservationFilterChainDecorator$ObservationFilter.wrapFilter(ObservationFilterChainDecorator.java:185) ~[spring-security-web-6.0.3.jar:6.0.3]
	at org.springframework.security.web.ObservationFilterChainDecorator$ObservationFilter.doFilter(ObservationFilterChainDecorator.java:172) ~[spring-security-web-6.0.3.jar:6.0.3]
	at org.springframework.security.web.ObservationFilterChainDecorator$VirtualFilterChain.doFilter(ObservationFilterChainDecorator.java:133) ~[spring-security-web-6.0.3.jar:6.0.3]
	at org.springframework.security.web.session.DisableEncodeUrlFilter.doFilterInternal(DisableEncodeUrlFilter.java:42) ~[spring-security-web-6.0.3.jar:6.0.3]
	at org.springframework.web.filter.OncePerRequestFilter.doFilter(OncePerRequestFilter.java:116) ~[spring-web-6.0.8.jar:6.0.8]
	at org.springframework.security.web.ObservationFilterChainDecorator$ObservationFilter.wrapFilter(ObservationFilterChainDecorator.java:185) ~[spring-security-web-6.0.3.jar:6.0.3]
	at org.springframework.security.web.ObservationFilterChainDecorator$AroundFilterObservation$SimpleAroundFilterObservation.lambda$wrap$0(ObservationFilterChainDecorator.java:268) ~[spring-security-web-6.0.3.jar:6.0.3]
	at org.springframework.security.web.ObservationFilterChainDecorator$ObservationFilter.doFilter(ObservationFilterChainDecorator.java:169) ~[spring-security-web-6.0.3.jar:6.0.3]
	at org.springframework.security.web.ObservationFilterChainDecorator$VirtualFilterChain.doFilter(ObservationFilterChainDecorator.java:133) ~[spring-security-web-6.0.3.jar:6.0.3]
	at org.springframework.security.web.FilterChainProxy.doFilterInternal(FilterChainProxy.java:233) ~[spring-security-web-6.0.3.jar:6.0.3]
	at org.springframework.security.web.FilterChainProxy.doFilter(FilterChainProxy.java:191) ~[spring-security-web-6.0.3.jar:6.0.3]
	at org.springframework.web.filter.DelegatingFilterProxy.invokeDelegate(DelegatingFilterProxy.java:352) ~[spring-web-6.0.8.jar:6.0.8]
	at org.springframework.web.filter.DelegatingFilterProxy.doFilter(DelegatingFilterProxy.java:268) ~[spring-web-6.0.8.jar:6.0.8]
	at org.springframework.mock.web.MockFilterChain.doFilter(MockFilterChain.java:132) ~[spring-test-6.0.8.jar:6.0.8]
	at org.springframework.web.filter.RequestContextFilter.doFilterInternal(RequestContextFilter.java:100) ~[spring-web-6.0.8.jar:6.0.8]
	at org.springframework.web.filter.OncePerRequestFilter.doFilter(OncePerRequestFilter.java:116) ~[spring-web-6.0.8.jar:6.0.8]
	at org.springframework.mock.web.MockFilterChain.doFilter(MockFilterChain.java:132) ~[spring-test-6.0.8.jar:6.0.8]
	at org.springframework.web.filter.FormContentFilter.doFilterInternal(FormContentFilter.java:93) ~[spring-web-6.0.8.jar:6.0.8]
	at org.springframework.web.filter.OncePerRequestFilter.doFilter(OncePerRequestFilter.java:116) ~[spring-web-6.0.8.jar:6.0.8]
	at org.springframework.mock.web.MockFilterChain.doFilter(MockFilterChain.java:132) ~[spring-test-6.0.8.jar:6.0.8]
	at org.springframework.web.filter.ServerHttpObservationFilter.doFilterInternal(ServerHttpObservationFilter.java:109) ~[spring-web-6.0.8.jar:6.0.8]
	at org.springframework.web.filter.OncePerRequestFilter.doFilter(OncePerRequestFilter.java:116) ~[spring-web-6.0.8.jar:6.0.8]
	at org.springframework.mock.web.MockFilterChain.doFilter(MockFilterChain.java:132) ~[spring-test-6.0.8.jar:6.0.8]
	at org.springframework.web.filter.CharacterEncodingFilter.doFilterInternal(CharacterEncodingFilter.java:201) ~[spring-web-6.0.8.jar:6.0.8]
	at org.springframework.web.filter.OncePerRequestFilter.doFilter(OncePerRequestFilter.java:116) ~[spring-web-6.0.8.jar:6.0.8]
	at org.springframework.mock.web.MockFilterChain.doFilter(MockFilterChain.java:132) ~[spring-test-6.0.8.jar:6.0.8]
	at org.springframework.test.web.servlet.MockMvc.perform(MockMvc.java:201) ~[spring-test-6.0.8.jar:6.0.8]
	at com.cash_flow_app.apicashflow.controller.ScheduledAccountControllerTest.createIncomeExpenseResult(ScheduledAccountControllerTest.java:297) ~[test-classes/:na]
	at com.cash_flow_app.apicashflow.controller.ScheduledAccountControllerTest.getScheduledAccount(ScheduledAccountControllerTest.java:186) ~[test-classes/:na]
	at java.base/jdk.internal.reflect.DirectMethodHandleAccessor.invoke(DirectMethodHandleAccessor.java:104) ~[na:na]
	at java.base/java.lang.reflect.Method.invoke(Method.java:578) ~[na:na]
	at org.junit.platform.commons.util.ReflectionUtils.invokeMethod(ReflectionUtils.java:727) ~[junit-platform-commons-1.9.2.jar:1.9.2]
	at org.junit.jupiter.engine.execution.MethodInvocation.proceed(MethodInvocation.java:60) ~[junit-jupiter-engine-5.9.2.jar:5.9.2]
	at org.junit.jupiter.engine.execution.InvocationInterceptorChain$ValidatingInvocation.proceed(InvocationInterceptorChain.java:131) ~[junit-jupiter-engine-5.9.2.jar:5.9.2]
	at org.junit.jupiter.engine.extension.TimeoutExtension.intercept(TimeoutExtension.java:156) ~[junit-jupiter-engine-5.9.2.jar:5.9.2]
	at org.junit.jupiter.engine.extension.TimeoutExtension.interceptTestableMethod(TimeoutExtension.java:147) ~[junit-jupiter-engine-5.9.2.jar:5.9.2]
	at org.junit.jupiter.engine.extension.TimeoutExtension.interceptTestMethod(TimeoutExtension.java:86) ~[junit-jupiter-engine-5.9.2.jar:5.9.2]
	at org.junit.jupiter.engine.execution.InterceptingExecutableInvoker$ReflectiveInterceptorCall.lambda$ofVoidMethod$0(InterceptingExecutableInvoker.java:103) ~[junit-jupiter-engine-5.9.2.jar:5.9.2]
	at org.junit.jupiter.engine.execution.InterceptingExecutableInvoker.lambda$invoke$0(InterceptingExecutableInvoker.java:93) ~[junit-jupiter-engine-5.9.2.jar:5.9.2]
	at org.junit.jupiter.engine.execution.InvocationInterceptorChain$InterceptedInvocation.proceed(InvocationInterceptorChain.java:106) ~[junit-jupiter-engine-5.9.2.jar:5.9.2]
	at org.junit.jupiter.engine.execution.InvocationInterceptorChain.proceed(InvocationInterceptorChain.java:64) ~[junit-jupiter-engine-5.9.2.jar:5.9.2]
	at org.junit.jupiter.engine.execution.InvocationInterceptorChain.chainAndInvoke(InvocationInterceptorChain.java:45) ~[junit-jupiter-engine-5.9.2.jar:5.9.2]
	at org.junit.jupiter.engine.execution.InvocationInterceptorChain.invoke(InvocationInterceptorChain.java:37) ~[junit-jupiter-engine-5.9.2.jar:5.9.2]
	at org.junit.jupiter.engine.execution.InterceptingExecutableInvoker.invoke(InterceptingExecutableInvoker.java:92) ~[junit-jupiter-engine-5.9.2.jar:5.9.2]
	at org.junit.jupiter.engine.execution.InterceptingExecutableInvoker.invoke(InterceptingExecutableInvoker.java:86) ~[junit-jupiter-engine-5.9.2.jar:5.9.2]
	at org.junit.jupiter.engine.descriptor.TestMethodTestDescriptor.lambda$invokeTestMethod$7(TestMethodTestDescriptor.java:217) ~[junit-jupiter-engine-5.9.2.jar:5.9.2]
	at org.junit.platform.engine.support.hierarchical.ThrowableCollector.execute(ThrowableCollector.java:73) ~[junit-platform-engine-1.9.2.jar:1.9.2]
	at org.junit.jupiter.engine.descriptor.TestMethodTestDescriptor.invokeTestMethod(TestMethodTestDescriptor.java:213) ~[junit-jupiter-engine-5.9.2.jar:5.9.2]
	at org.junit.jupiter.engine.descriptor.TestMethodTestDescriptor.execute(TestMethodTestDescriptor.java:138) ~[junit-jupiter-engine-5.9.2.jar:5.9.2]
	at org.junit.jupiter.engine.descriptor.TestMethodTestDescriptor.execute(TestMethodTestDescriptor.java:68) ~[junit-jupiter-engine-5.9.2.jar:5.9.2]
	at org.junit.platform.engine.support.hierarchical.NodeTestTask.lambda$executeRecursively$6(NodeTestTask.java:151) ~[junit-platform-engine-1.9.2.jar:1.9.2]
	at org.junit.platform.engine.support.hierarchical.ThrowableCollector.execute(ThrowableCollector.java:73) ~[junit-platform-engine-1.9.2.jar:1.9.2]
	at org.junit.platform.engine.support.hierarchical.NodeTestTask.lambda$executeRecursively$8(NodeTestTask.java:141) ~[junit-platform-engine-1.9.2.jar:1.9.2]
	at org.junit.platform.engine.support.hierarchical.Node.around(Node.java:137) ~[junit-platform-engine-1.9.2.jar:1.9.2]
	at org.junit.platform.engine.support.hierarchical.NodeTestTask.lambda$executeRecursively$9(NodeTestTask.java:139) ~[junit-platform-engine-1.9.2.jar:1.9.2]
	at org.junit.platform.engine.support.hierarchical.ThrowableCollector.execute(ThrowableCollector.java:73) ~[junit-platform-engine-1.9.2.jar:1.9.2]
	at org.junit.platform.engine.support.hierarchical.NodeTestTask.executeRecursively(NodeTestTask.java:138) ~[junit-platform-engine-1.9.2.jar:1.9.2]
	at org.junit.platform.engine.support.hierarchical.NodeTestTask.execute(NodeTestTask.java:95) ~[junit-platform-engine-1.9.2.jar:1.9.2]
	at java.base/java.util.ArrayList.forEach(ArrayList.java:1511) ~[na:na]
	at org.junit.platform.engine.support.hierarchical.SameThreadHierarchicalTestExecutorService.invokeAll(SameThreadHierarchicalTestExecutorService.java:41) ~[junit-platform-engine-1.9.2.jar:1.9.2]
	at org.junit.platform.engine.support.hierarchical.NodeTestTask.lambda$executeRecursively$6(NodeTestTask.java:155) ~[junit-platform-engine-1.9.2.jar:1.9.2]
	at org.junit.platform.engine.support.hierarchical.ThrowableCollector.execute(ThrowableCollector.java:73) ~[junit-platform-engine-1.9.2.jar:1.9.2]
	at org.junit.platform.engine.support.hierarchical.NodeTestTask.lambda$executeRecursively$8(NodeTestTask.java:141) ~[junit-platform-engine-1.9.2.jar:1.9.2]
	at org.junit.platform.engine.support.hierarchical.Node.around(Node.java:137) ~[junit-platform-engine-1.9.2.jar:1.9.2]
	at org.junit.platform.engine.support.hierarchical.NodeTestTask.lambda$executeRecursively$9(NodeTestTask.java:139) ~[junit-platform-engine-1.9.2.jar:1.9.2]
	at org.junit.platform.engine.support.hierarchical.ThrowableCollector.execute(ThrowableCollector.java:73) ~[junit-platform-engine-1.9.2.jar:1.9.2]
	at org.junit.platform.engine.support.hierarchical.NodeTestTask.executeRecursively(NodeTestTask.java:138) ~[junit-platform-engine-1.9.2.jar:1.9.2]
	at org.junit.platform.engine.support.hierarchical.NodeTestTask.execute(NodeTestTask.java:95) ~[junit-platform-engine-1.9.2.jar:1.9.2]
	at java.base/java.util.ArrayList.forEach(ArrayList.java:1511) ~[na:na]
	at org.junit.platform.engine.support.hierarchical.SameThreadHierarchicalTestExecutorService.invokeAll(SameThreadHierarchicalTestExecutorService.java:41) ~[junit-platform-engine-1.9.2.jar:1.9.2]
	at org.junit.platform.engine.support.hierarchical.NodeTestTask.lambda$executeRecursively$6(NodeTestTask.java:155) ~[junit-platform-engine-1.9.2.jar:1.9.2]
	at org.junit.platform.engine.support.hierarchical.ThrowableCollector.execute(ThrowableCollector.java:73) ~[junit-platform-engine-1.9.2.jar:1.9.2]
	at org.junit.platform.engine.support.hierarchical.NodeTestTask.lambda$executeRecursively$8(NodeTestTask.java:141) ~[junit-platform-engine-1.9.2.jar:1.9.2]
	at org.junit.platform.engine.support.hierarchical.Node.around(Node.java:137) ~[junit-platform-engine-1.9.2.jar:1.9.2]
	at org.junit.platform.engine.support.hierarchical.NodeTestTask.lambda$executeRecursively$9(NodeTestTask.java:139) ~[junit-platform-engine-1.9.2.jar:1.9.2]
	at org.junit.platform.engine.support.hierarchical.ThrowableCollector.execute(ThrowableCollector.java:73) ~[junit-platform-engine-1.9.2.jar:1.9.2]
	at org.junit.platform.engine.support.hierarchical.NodeTestTask.executeRecursively(NodeTestTask.java:138) ~[junit-platform-engine-1.9.2.jar:1.9.2]
	at org.junit.platform.engine.support.hierarchical.NodeTestTask.execute(NodeTestTask.java:95) ~[junit-platform-engine-1.9.2.jar:1.9.2]
	at org.junit.platform.engine.support.hierarchical.SameThreadHierarchicalTestExecutorService.submit(SameThreadHierarchicalTestExecutorService.java:35) ~[junit-platform-engine-1.9.2.jar:1.9.2]
	at org.junit.platform.engine.support.hierarchical.HierarchicalTestExecutor.execute(HierarchicalTestExecutor.java:57) ~[junit-platform-engine-1.9.2.jar:1.9.2]
	at org.junit.platform.engine.support.hierarchical.HierarchicalTestEngine.execute(HierarchicalTestEngine.java:54) ~[junit-platform-engine-1.9.2.jar:1.9.2]
	at org.junit.platform.launcher.core.DefaultLauncher.execute(DefaultLauncher.java:220) ~[junit-platform-launcher-1.3.1.jar:1.3.1]
	at org.junit.platform.launcher.core.DefaultLauncher.lambda$execute$6(DefaultLauncher.java:188) ~[junit-platform-launcher-1.3.1.jar:1.3.1]
	at org.junit.platform.launcher.core.DefaultLauncher.withInterceptedStreams(DefaultLauncher.java:202) ~[junit-platform-launcher-1.3.1.jar:1.3.1]
	at org.junit.platform.launcher.core.DefaultLauncher.execute(DefaultLauncher.java:181) ~[junit-platform-launcher-1.3.1.jar:1.3.1]
	at org.junit.platform.launcher.core.DefaultLauncher.execute(DefaultLauncher.java:128) ~[junit-platform-launcher-1.3.1.jar:1.3.1]
	at org.apache.maven.surefire.junitplatform.JUnitPlatformProvider.invokeAllTests(JUnitPlatformProvider.java:150) ~[surefire-junit-platform-2.22.2.jar:2.22.2]
	at org.apache.maven.surefire.junitplatform.JUnitPlatformProvider.invoke(JUnitPlatformProvider.java:124) ~[surefire-junit-platform-2.22.2.jar:2.22.2]
	at org.apache.maven.surefire.booter.ForkedBooter.invokeProviderInSameClassLoader(ForkedBooter.java:384) ~[surefire-booter-2.22.2.jar:2.22.2]
	at org.apache.maven.surefire.booter.ForkedBooter.runSuitesInProcess(ForkedBooter.java:345) ~[surefire-booter-2.22.2.jar:2.22.2]
	at org.apache.maven.surefire.booter.ForkedBooter.execute(ForkedBooter.java:126) ~[surefire-booter-2.22.2.jar:2.22.2]
	at org.apache.maven.surefire.booter.ForkedBooter.main(ForkedBooter.java:418) ~[surefire-booter-2.22.2.jar:2.22.2]

2023-11-28T22:11:57.742-05:00 DEBUG 27472 --- [           main] org.springframework.test.context.cache   : Spring test ApplicationContext cache statistics: [DefaultContextCache@8caffbd size = 3, maxSize = 32, parentContextCount = 0, hitCount = 320, missCount = 3]
2023-11-28T22:11:57.742-05:00 DEBUG 27472 --- [           main] org.springframework.test.context.cache   : Spring test ApplicationContext cache statistics: [DefaultContextCache@8caffbd size = 3, maxSize = 32, parentContextCount = 0, hitCount = 321, missCount = 3]
2023-11-28T22:11:57.742-05:00 DEBUG 27472 --- [           main] org.springframework.test.context.cache   : Spring test ApplicationContext cache statistics: [DefaultContextCache@8caffbd size = 3, maxSize = 32, parentContextCount = 0, hitCount = 322, missCount = 3]

MockHttpServletRequest:
      HTTP Method = POST
      Request URI = /api/v1/user/signup
       Parameters = {_csrf=[kYU3ZeEZDDg-NmbNn9EgM6Ni7mPOzoZY3RWKjlSH_wEIY3eX9LcDUdV_aQsTUgD-qPwUVZVVw1v8_-N163Dr7WC1yDQ5UkD1]}
          Headers = [Content-Type:"application/json;charset=UTF-8", Content-Length:"306"]
             Body = {"username":"usuario_test","password":"123456","authorities":[{"endpoint":"Account","actions":["CREATE","READ","DELETE"]},{"endpoint":"User","actions":["CREATE","READ"]},{"endpoint":"IncomeExpense","actions":["CREATE","READ","DELETE"]},{"endpoint":"ScheduledAccount","actions":["CREATE","READ","DELETE"]}]}
    Session Attrs = {}

Handler:
             Type = com.cash_flow_app.apicashflow.controller.UserController
           Method = com.cash_flow_app.apicashflow.controller.UserController#signup(UserDto)

Async:
    Async started = false
     Async result = null

Resolved Exception:
             Type = null

ModelAndView:
        View name = null
             View = null
            Model = null

FlashMap:
       Attributes = null

MockHttpServletResponse:
           Status = 200
    Error message = null
          Headers = [Vary:"Origin", "Access-Control-Request-Method", "Access-Control-Request-Headers", Content-Type:"application/json", X-Content-Type-Options:"nosniff", X-XSS-Protection:"0", Cache-Control:"no-cache, no-store, max-age=0, must-revalidate", Pragma:"no-cache", Expires:"0", X-Frame-Options:"DENY"]
     Content type = application/json
             Body = {"username":"usuario_test","password":null,"token_auth":"eyJhbGciOiJIUzUxMiJ9.eyJzdWIiOiJ1c3VhcmlvX3Rlc3QiLCJleHAiOjE3MDM4MTk1MTd9.AnW1_ycsUW2YBgpJlL4qwryaFClzLF4JuHigFRqWW1ek9QjvLskfAyKnAXHJyZYaOvXFa9PAVKQ-ygMS76Nvdw","authorities":[{"endpoint":"Account","actions":["CREATE","READ","DELETE"]},{"endpoint":"User","actions":["CREATE","READ"]},{"endpoint":"IncomeExpense","actions":["CREATE","READ","DELETE"]},{"endpoint":"ScheduledAccount","actions":["CREATE","READ","DELETE"]}]}
    Forwarded URL = null
   Redirected URL = null
          Cookies = []

MockHttpServletRequest:
      HTTP Method = POST
      Request URI = /api/v1/user/login
       Parameters = {_csrf=[O7BeCoKSpGHM8pRd03sqiMbcl9C6NG7fap73ZghI_enAyqURDIg6bLSikFXhwvBo4FYeuvPuurLZAVryW_rHB25wzIqj_ZZz]}
          Headers = [Content-Type:"application/json;charset=UTF-8", Content-Length:"52"]
             Body = { "username": "usuario_test", "password": "123456" }
    Session Attrs = {}

Handler:
             Type = null

Async:
    Async started = false
     Async result = null

Resolved Exception:
             Type = null

ModelAndView:
        View name = null
             View = null
            Model = null

FlashMap:
       Attributes = null

MockHttpServletResponse:
           Status = 200
    Error message = null
          Headers = [Vary:"Origin", "Access-Control-Request-Method", "Access-Control-Request-Headers", Authorization:"Bearer eyJhbGciOiJIUzUxMiJ9.eyJzdWIiOiJ1c3VhcmlvX3Rlc3QiLCJleHAiOjE3MDM4MTk1MTd9.AnW1_ycsUW2YBgpJlL4qwryaFClzLF4JuHigFRqWW1ek9QjvLskfAyKnAXHJyZYaOvXFa9PAVKQ-ygMS76Nvdw", Access-Control-Expose-Headers:"Authorization", X-Content-Type-Options:"nosniff", X-XSS-Protection:"0", Cache-Control:"no-cache, no-store, max-age=0, must-revalidate", Pragma:"no-cache", Expires:"0", X-Frame-Options:"DENY"]
     Content type = null
             Body = 
    Forwarded URL = null
   Redirected URL = null
          Cookies = []

MockHttpServletRequest:
      HTTP Method = POST
      Request URI = /api/v1/account/create
       Parameters = {_csrf=[HB2SDvl3MpPT-4-iiUImMfYK8izb8YkcRhVxn3dMDyOIBIeteXvzN8pOBqf-mO7Du28SVZRs3xTik-gxdnFG_BF-axS8N7Oc]}
          Headers = [Content-Type:"application/json;charset=UTF-8", Authorization:"Bearer eyJhbGciOiJIUzUxMiJ9.eyJzdWIiOiJ1c3VhcmlvX3Rlc3QiLCJleHAiOjE3MDM4MTk1MTd9.AnW1_ycsUW2YBgpJlL4qwryaFClzLF4JuHigFRqWW1ek9QjvLskfAyKnAXHJyZYaOvXFa9PAVKQ-ygMS76Nvdw", Content-Length:"74"]
             Body = {"id":null,"description":"descripcion de cuenta","users":["usuario_test"]}
    Session Attrs = {SPRING_SECURITY_CONTEXT=SecurityContextImpl [Authentication=UsernamePasswordAuthenticationToken [Principal=usuario_test, Credentials=[PROTECTED], Authenticated=true, Details=null, Granted Authorities=[ENDPOINT_ACCOUNT_PERMISSION_CREATE, ENDPOINT_ACCOUNT_PERMISSION_READ, ENDPOINT_ACCOUNT_PERMISSION_DELETE, ENDPOINT_USER_PERMISSION_CREATE, ENDPOINT_USER_PERMISSION_READ, ENDPOINT_INCOMEEXPENSE_PERMISSION_CREATE, ENDPOINT_INCOMEEXPENSE_PERMISSION_READ, ENDPOINT_INCOMEEXPENSE_PERMISSION_DELETE, ENDPOINT_SCHEDULEDACCOUNT_PERMISSION_CREATE, ENDPOINT_SCHEDULEDACCOUNT_PERMISSION_READ, ENDPOINT_SCHEDULEDACCOUNT_PERMISSION_DELETE]]]}

Handler:
             Type = com.cash_flow_app.apicashflow.controller.AccountController
           Method = com.cash_flow_app.apicashflow.controller.AccountController#create(AccountDto)

Async:
    Async started = false
     Async result = null

Resolved Exception:
             Type = null

ModelAndView:
        View name = null
             View = null
            Model = null

FlashMap:
       Attributes = null

MockHttpServletResponse:
           Status = 200
    Error message = null
          Headers = [Vary:"Origin", "Access-Control-Request-Method", "Access-Control-Request-Headers", Content-Type:"application/json", X-Content-Type-Options:"nosniff", X-XSS-Protection:"0", Cache-Control:"no-cache, no-store, max-age=0, must-revalidate", Pragma:"no-cache", Expires:"0", X-Frame-Options:"DENY"]
     Content type = application/json
             Body = {"id":"86a2f217-7f77-46f7-80af-02d4f6f0a79c","description":"descripcion de cuenta","users":["usuario_test","usuario_test"]}
    Forwarded URL = null
   Redirected URL = null
          Cookies = []
2023-11-28T22:11:57.742-05:00 DEBUG 27472 --- [           main] org.springframework.test.context.cache   : Spring test ApplicationContext cache statistics: [DefaultContextCache@8caffbd size = 3, maxSize = 32, parentContextCount = 0, hitCount = 323, missCount = 3]
2023-11-28T22:11:57.742-05:00 DEBUG 27472 --- [           main] org.springframework.test.context.cache   : Spring test ApplicationContext cache statistics: [DefaultContextCache@8caffbd size = 3, maxSize = 32, parentContextCount = 0, hitCount = 324, missCount = 3]
2023-11-28T22:11:57.742-05:00 DEBUG 27472 --- [           main] org.springframework.test.context.cache   : Spring test ApplicationContext cache statistics: [DefaultContextCache@8caffbd size = 3, maxSize = 32, parentContextCount = 0, hitCount = 325, missCount = 3]
2023-11-28T22:11:57.742-05:00 DEBUG 27472 --- [           main] org.springframework.test.context.cache   : Spring test ApplicationContext cache statistics: [DefaultContextCache@8caffbd size = 3, maxSize = 32, parentContextCount = 0, hitCount = 326, missCount = 3]
2023-11-28T22:11:57.742-05:00 DEBUG 27472 --- [           main] o.s.orm.jpa.JpaTransactionManager        : Initiating transaction rollback
2023-11-28T22:11:57.742-05:00 DEBUG 27472 --- [           main] o.s.orm.jpa.JpaTransactionManager        : Rolling back JPA transaction on EntityManager [SessionImpl(916933656<open>)]
2023-11-28T22:11:57.742-05:00 DEBUG 27472 --- [           main] o.h.e.t.internal.TransactionImpl         : rolling back
2023-11-28T22:11:57.743-05:00 DEBUG 27472 --- [           main] org.postgresql.jdbc.PgConnection         :   setAutoCommit = true
2023-11-28T22:11:57.743-05:00 DEBUG 27472 --- [           main] o.s.orm.jpa.JpaTransactionManager        : Closing JPA EntityManager [SessionImpl(916933656<open>)] after transaction
2023-11-28T22:11:57.743-05:00 DEBUG 27472 --- [           main] o.h.e.jdbc.internal.JdbcCoordinatorImpl  : HHH000420: Closing un-released batch
2023-11-28T22:11:57.743-05:00 DEBUG 27472 --- [           main] o.s.t.c.transaction.TransactionContext   : Rolled back transaction (1) for test class [com.cash_flow_app.apicashflow.controller.ScheduledAccountControllerTest]; test method [getScheduledAccount]
2023-11-28T22:11:57.743-05:00 DEBUG 27472 --- [           main] tractDirtiesContextTestExecutionListener : After test method: class [ScheduledAccountControllerTest], method [getScheduledAccount], class annotated with @DirtiesContext [false] with mode [null], method annotated with @DirtiesContext [false] with mode [null]
2023-11-28T22:11:57.743-05:00 DEBUG 27472 --- [           main] o.s.t.c.w.ServletTestExecutionListener   : Resetting RequestContextHolder for test class com.cash_flow_app.apicashflow.controller.ScheduledAccountControllerTest
]]></system-out>
  </testcase>
  <testcase name="deleteScheduledAccount" classname="com.cash_flow_app.apicashflow.controller.ScheduledAccountControllerTest" time="0.19">
    <error message="could not execute statement; SQL [n/a]; constraint [user_account_pkey]" type="org.springframework.dao.DataIntegrityViolationException">org.springframework.dao.DataIntegrityViolationException: could not execute statement; SQL [n/a]; constraint [user_account_pkey]
	at com.cash_flow_app.apicashflow.controller.ScheduledAccountControllerTest.createIncomeExpenseResult(ScheduledAccountControllerTest.java:297)
	at com.cash_flow_app.apicashflow.controller.ScheduledAccountControllerTest.deleteScheduledAccount(ScheduledAccountControllerTest.java:250)
Caused by: org.hibernate.exception.ConstraintViolationException: could not execute statement
	at com.cash_flow_app.apicashflow.controller.ScheduledAccountControllerTest.createIncomeExpenseResult(ScheduledAccountControllerTest.java:297)
	at com.cash_flow_app.apicashflow.controller.ScheduledAccountControllerTest.deleteScheduledAccount(ScheduledAccountControllerTest.java:250)
Caused by: org.postgresql.util.PSQLException: 
ERROR: duplicate key value violates unique constraint "user_account_pkey"
  Detail: Key (user_id, account_id)=(209cb903-6af1-47a5-af6b-0abb9cd87779, 44b0fe97-97d2-4c01-9254-29e6f9967328) already exists.
	at com.cash_flow_app.apicashflow.controller.ScheduledAccountControllerTest.createIncomeExpenseResult(ScheduledAccountControllerTest.java:297)
	at com.cash_flow_app.apicashflow.controller.ScheduledAccountControllerTest.deleteScheduledAccount(ScheduledAccountControllerTest.java:250)
</error>
    <system-out><![CDATA[2023-11-28T22:11:57.743-05:00 DEBUG 27472 --- [           main] org.springframework.test.context.cache   : Spring test ApplicationContext cache statistics: [DefaultContextCache@8caffbd size = 3, maxSize = 32, parentContextCount = 0, hitCount = 327, missCount = 3]
2023-11-28T22:11:57.743-05:00 DEBUG 27472 --- [           main] o.s.t.c.w.ServletTestExecutionListener   : Setting up MockHttpServletRequest, MockHttpServletResponse, ServletWebRequest, and RequestContextHolder for test class com.cash_flow_app.apicashflow.controller.ScheduledAccountControllerTest
2023-11-28T22:11:57.743-05:00 DEBUG 27472 --- [           main] DependencyInjectionTestExecutionListener : Performing dependency injection for test class com.cash_flow_app.apicashflow.controller.ScheduledAccountControllerTest
2023-11-28T22:11:57.743-05:00 DEBUG 27472 --- [           main] org.springframework.test.context.cache   : Spring test ApplicationContext cache statistics: [DefaultContextCache@8caffbd size = 3, maxSize = 32, parentContextCount = 0, hitCount = 328, missCount = 3]
2023-11-28T22:11:57.743-05:00 DEBUG 27472 --- [           main] org.springframework.test.context.cache   : Spring test ApplicationContext cache statistics: [DefaultContextCache@8caffbd size = 3, maxSize = 32, parentContextCount = 0, hitCount = 329, missCount = 3]
2023-11-28T22:11:57.744-05:00 DEBUG 27472 --- [           main] tractDirtiesContextTestExecutionListener : Before test method: class [ScheduledAccountControllerTest], method [deleteScheduledAccount], class annotated with @DirtiesContext [false] with mode [null], method annotated with @DirtiesContext [false] with mode [null]
2023-11-28T22:11:57.744-05:00 DEBUG 27472 --- [           main] t.c.t.TransactionalTestExecutionListener : Explicit transaction definition [PROPAGATION_REQUIRED,ISOLATION_DEFAULT] found for test class [com.cash_flow_app.apicashflow.controller.ScheduledAccountControllerTest] and test method [deleteScheduledAccount]
2023-11-28T22:11:57.744-05:00 DEBUG 27472 --- [           main] org.springframework.test.context.cache   : Spring test ApplicationContext cache statistics: [DefaultContextCache@8caffbd size = 3, maxSize = 32, parentContextCount = 0, hitCount = 330, missCount = 3]
2023-11-28T22:11:57.744-05:00 DEBUG 27472 --- [           main] t.c.t.TransactionalTestExecutionListener : No method-level @Rollback override: using default rollback [true] for test method [void com.cash_flow_app.apicashflow.controller.ScheduledAccountControllerTest.deleteScheduledAccount() throws java.lang.Exception]
2023-11-28T22:11:57.744-05:00 DEBUG 27472 --- [           main] o.s.orm.jpa.JpaTransactionManager        : Creating new transaction with name [com.cash_flow_app.apicashflow.controller.ScheduledAccountControllerTest.deleteScheduledAccount]: PROPAGATION_REQUIRED,ISOLATION_DEFAULT
2023-11-28T22:11:57.744-05:00 DEBUG 27472 --- [           main] o.s.orm.jpa.JpaTransactionManager        : Opened new EntityManager [SessionImpl(526672117<open>)] for JPA transaction
2023-11-28T22:11:57.744-05:00 DEBUG 27472 --- [           main] o.h.e.t.internal.TransactionImpl         : On TransactionImpl creation, JpaCompliance#isJpaTransactionComplianceEnabled == false
2023-11-28T22:11:57.744-05:00 DEBUG 27472 --- [           main] o.h.e.t.internal.TransactionImpl         : begin
2023-11-28T22:11:57.744-05:00 DEBUG 27472 --- [           main] org.postgresql.jdbc.PgConnection         :   setAutoCommit = false
2023-11-28T22:11:57.744-05:00 DEBUG 27472 --- [           main] o.s.orm.jpa.JpaTransactionManager        : Exposing JPA transaction as JDBC [org.springframework.orm.jpa.vendor.HibernateJpaDialect$HibernateConnectionHandle@3f51fcf5]
2023-11-28T22:11:57.744-05:00 DEBUG 27472 --- [           main] o.s.t.c.transaction.TransactionContext   : Began transaction (1) for test class [com.cash_flow_app.apicashflow.controller.ScheduledAccountControllerTest]; test method [deleteScheduledAccount]; transaction manager [org.springframework.orm.jpa.JpaTransactionManager@6448679f]; rollback [true]
2023-11-28T22:11:57.744-05:00 DEBUG 27472 --- [           main] org.springframework.test.context.cache   : Spring test ApplicationContext cache statistics: [DefaultContextCache@8caffbd size = 3, maxSize = 32, parentContextCount = 0, hitCount = 331, missCount = 3]
2023-11-28T22:11:57.744-05:00 DEBUG 27472 --- [           main] org.springframework.test.context.cache   : Spring test ApplicationContext cache statistics: [DefaultContextCache@8caffbd size = 3, maxSize = 32, parentContextCount = 0, hitCount = 332, missCount = 3]
2023-11-28T22:11:57.744-05:00 DEBUG 27472 --- [           main] o.s.test.util.ReflectionTestUtils        : Invoking method 'getFilters' on target object [FilterChainProxy[Filter Chains: [DefaultSecurityFilterChain [RequestMatcher=any request, Filters=[org.springframework.security.web.session.DisableEncodeUrlFilter@120e3ebb, org.springframework.security.web.session.ForceEagerSessionCreationFilter@753f1c3e, org.springframework.security.web.context.request.async.WebAsyncManagerIntegrationFilter@5e9af5d4, org.springframework.security.web.context.SecurityContextHolderFilter@1d18e5ad, org.springframework.security.web.header.HeaderWriterFilter@73b68d98, org.springframework.web.filter.CorsFilter@7863e6b2, org.springframework.security.web.authentication.logout.LogoutFilter@1e5a8278, JWTAuthorizationFilter(loginService=com.cash_flow_app.apicashflow.entities_repositories_and_services.base.security.LoginService@508b9c16), com.cash_flow_app.apicashflow.entities_repositories_and_services.base.security.JWTAuthenticationFilter@6fd2b939, org.springframework.security.web.savedrequest.RequestCacheAwareFilter@11def039, org.springframework.security.web.servletapi.SecurityContextHolderAwareRequestFilter@564375d7, org.springframework.security.web.authentication.AnonymousAuthenticationFilter@c4aa99e, org.springframework.security.web.session.SessionManagementFilter@69af6978, org.springframework.security.web.access.ExceptionTranslationFilter@4469046b, org.springframework.security.web.access.intercept.AuthorizationFilter@588d2e90]]]]] or target class [null] with arguments {org.springframework.mock.web.MockHttpServletRequest@3e6b4f51}
2023-11-28T22:11:57.745-05:00 DEBUG 27472 --- [           main] o.s.test.util.ReflectionTestUtils        : Invoking method 'getFilters' on target object [FilterChainProxy[Filter Chains: [DefaultSecurityFilterChain [RequestMatcher=any request, Filters=[org.springframework.security.web.session.DisableEncodeUrlFilter@120e3ebb, org.springframework.security.web.session.ForceEagerSessionCreationFilter@753f1c3e, org.springframework.security.web.context.request.async.WebAsyncManagerIntegrationFilter@5e9af5d4, org.springframework.security.web.context.SecurityContextHolderFilter@1d18e5ad, org.springframework.security.web.header.HeaderWriterFilter@73b68d98, org.springframework.web.filter.CorsFilter@7863e6b2, org.springframework.security.web.authentication.logout.LogoutFilter@1e5a8278, JWTAuthorizationFilter(loginService=com.cash_flow_app.apicashflow.entities_repositories_and_services.base.security.LoginService@508b9c16), com.cash_flow_app.apicashflow.entities_repositories_and_services.base.security.JWTAuthenticationFilter@6fd2b939, org.springframework.security.web.savedrequest.RequestCacheAwareFilter@11def039, org.springframework.security.web.servletapi.SecurityContextHolderAwareRequestFilter@564375d7, org.springframework.security.web.authentication.AnonymousAuthenticationFilter@c4aa99e, org.springframework.security.web.session.SessionManagementFilter@69af6978, org.springframework.security.web.access.ExceptionTranslationFilter@4469046b, org.springframework.security.web.access.intercept.AuthorizationFilter@588d2e90]]]]] or target class [null] with arguments {org.springframework.mock.web.MockHttpServletRequest@3e6b4f51}
2023-11-28T22:11:57.745-05:00 DEBUG 27472 --- [           main] o.s.test.util.ReflectionTestUtils        : Invoking method 'getFilters' on target object [FilterChainProxy[Filter Chains: [DefaultSecurityFilterChain [RequestMatcher=any request, Filters=[org.springframework.security.web.session.DisableEncodeUrlFilter@120e3ebb, org.springframework.security.web.session.ForceEagerSessionCreationFilter@753f1c3e, org.springframework.security.web.context.request.async.WebAsyncManagerIntegrationFilter@5e9af5d4, org.springframework.security.web.context.SecurityContextHolderFilter@1d18e5ad, org.springframework.security.web.header.HeaderWriterFilter@73b68d98, org.springframework.web.filter.CorsFilter@7863e6b2, org.springframework.security.web.authentication.logout.LogoutFilter@1e5a8278, JWTAuthorizationFilter(loginService=com.cash_flow_app.apicashflow.entities_repositories_and_services.base.security.LoginService@508b9c16), com.cash_flow_app.apicashflow.entities_repositories_and_services.base.security.JWTAuthenticationFilter@6fd2b939, org.springframework.security.web.savedrequest.RequestCacheAwareFilter@11def039, org.springframework.security.web.servletapi.SecurityContextHolderAwareRequestFilter@564375d7, org.springframework.security.web.authentication.AnonymousAuthenticationFilter@c4aa99e, org.springframework.security.web.session.SessionManagementFilter@69af6978, org.springframework.security.web.access.ExceptionTranslationFilter@4469046b, org.springframework.security.web.access.intercept.AuthorizationFilter@588d2e90]]]]] or target class [null] with arguments {org.springframework.mock.web.MockHttpServletRequest@3e6b4f51}
2023-11-28T22:11:57.745-05:00 DEBUG 27472 --- [           main] o.s.security.web.FilterChainProxy        : Securing POST /api/v1/user/signup
2023-11-28T22:11:57.745-05:00 DEBUG 27472 --- [           main] .s.s.w.s.ForceEagerSessionCreationFilter : Created session eagerly
2023-11-28T22:11:57.745-05:00 DEBUG 27472 --- [           main] o.s.s.w.a.AnonymousAuthenticationFilter  : Set SecurityContextHolder to anonymous SecurityContext
2023-11-28T22:11:57.745-05:00 DEBUG 27472 --- [           main] s.w.s.m.m.a.RequestMappingHandlerMapping : Mapped to com.cash_flow_app.apicashflow.controller.UserController#signup(UserDto)
2023-11-28T22:11:57.745-05:00 DEBUG 27472 --- [           main] s.w.s.m.m.a.RequestMappingHandlerMapping : Mapped to com.cash_flow_app.apicashflow.controller.UserController#signup(UserDto)
2023-11-28T22:11:57.745-05:00 DEBUG 27472 --- [           main] s.w.s.m.m.a.RequestMappingHandlerMapping : Mapped to com.cash_flow_app.apicashflow.controller.UserController#signup(UserDto)
2023-11-28T22:11:57.745-05:00 DEBUG 27472 --- [           main] s.w.s.m.m.a.RequestMappingHandlerMapping : Mapped to com.cash_flow_app.apicashflow.controller.UserController#signup(UserDto)
2023-11-28T22:11:57.745-05:00 DEBUG 27472 --- [           main] s.w.s.m.m.a.RequestMappingHandlerMapping : Mapped to com.cash_flow_app.apicashflow.controller.UserController#signup(UserDto)
2023-11-28T22:11:57.745-05:00 DEBUG 27472 --- [           main] s.w.s.m.m.a.RequestMappingHandlerMapping : Mapped to com.cash_flow_app.apicashflow.controller.UserController#signup(UserDto)
2023-11-28T22:11:57.745-05:00 DEBUG 27472 --- [           main] s.w.s.m.m.a.RequestMappingHandlerMapping : Mapped to com.cash_flow_app.apicashflow.controller.UserController#signup(UserDto)
2023-11-28T22:11:57.746-05:00 DEBUG 27472 --- [           main] o.s.security.web.FilterChainProxy        : Secured POST /api/v1/user/signup
2023-11-28T22:11:57.746-05:00 DEBUG 27472 --- [           main] o.s.t.web.servlet.TestDispatcherServlet  : POST "/api/v1/user/signup", parameters={masked}
2023-11-28T22:11:57.746-05:00 DEBUG 27472 --- [           main] s.w.s.m.m.a.RequestMappingHandlerMapping : Mapped to com.cash_flow_app.apicashflow.controller.UserController#signup(UserDto)
2023-11-28T22:11:57.746-05:00 DEBUG 27472 --- [           main] m.m.a.RequestResponseBodyMethodProcessor : Read "application/json;charset=UTF-8" to [UserDto(username=usuario_test, password=123456, authorities=[{endpoint=Account, actions=[CREATE, REA (truncated)...]
2023-11-28T22:11:57.746-05:00 DEBUG 27472 --- [           main] org.hibernate.orm.sql.ast.create         : Created new SQL alias : a1_0
2023-11-28T22:11:57.746-05:00 DEBUG 27472 --- [           main] org.hibernate.orm.sql.ast.create         : Registration of TableGroup [StandardTableGroup(com.cash_flow_app.apicashflow.entities_repositories_and_services.base.authority.Authority(35202161494041))] with identifierForTableGroup [com.cash_flow_app.apicashflow.entities_repositories_and_services.base.authority.Authority] for NavigablePath [com.cash_flow_app.apicashflow.entities_repositories_and_services.base.authority.Authority] 
2023-11-28T22:11:57.746-05:00 DEBUG 27472 --- [           main] o.h.q.sqm.sql.BaseSqmToSqlAstConverter   : Determining mapping-model type for SqmParameter : org.hibernate.query.sqm.tree.expression.SqmJpaCriteriaParameterWrapper@3ca07d9
2023-11-28T22:11:57.746-05:00 DEBUG 27472 --- [           main] o.h.q.sqm.sql.BaseSqmToSqlAstConverter   : Determining mapping-model type for SqmPath : SqmBasicValuedSimplePath(com.cash_flow_app.apicashflow.entities_repositories_and_services.base.authority.Authority(35202161494041).permission) 
2023-11-28T22:11:57.746-05:00 DEBUG 27472 --- [           main] o.h.q.sqm.sql.BaseSqmToSqlAstConverter   : Determining mapping-model type for SqmParameter : org.hibernate.query.sqm.tree.expression.SqmJpaCriteriaParameterWrapper@3f95bc9d
2023-11-28T22:11:57.746-05:00 DEBUG 27472 --- [           main] o.h.q.sqm.sql.BaseSqmToSqlAstConverter   : Determining mapping-model type for SqmPath : SqmBasicValuedSimplePath(com.cash_flow_app.apicashflow.entities_repositories_and_services.base.authority.Authority(35202161494041).endpoint) 
2023-11-28T22:11:57.746-05:00 DEBUG 27472 --- [           main] org.hibernate.orm.results.graph.AST      : DomainResult Graph:
 \-EntityResultImpl [com.cash_flow_app.apicashflow.entities_repositories_and_services.base.authority.Authority(35202161494041)]
 |  +-BasicFetch [com.cash_flow_app.apicashflow.entities_repositories_and_services.base.authority.Authority(35202161494041).endpoint]
 |  \-BasicFetch [com.cash_flow_app.apicashflow.entities_repositories_and_services.base.authority.Authority(35202161494041).permission]

2023-11-28T22:11:57.746-05:00 DEBUG 27472 --- [           main] org.hibernate.orm.sql.ast.tree           : SQL AST Tree:
    SelectStatement {
      FromClause {
        StandardTableGroup (a1 : com.cash_flow_app.apicashflow.entities_repositories_and_services.base.authority.Authority(35202161494041)) {
          primaryTableReference : authorities as a1_0
        }
      }
    }

2023-11-28T22:11:57.746-05:00 DEBUG 27472 --- [           main] org.hibernate.orm.sql.exec               : Skipping reading Query result cache data: cache-enabled = false, cache-mode = NORMAL
2023-11-28T22:11:57.746-05:00 DEBUG 27472 --- [           main] org.hibernate.orm.results                : Initializer list
2023-11-28T22:11:57.746-05:00 DEBUG 27472 --- [           main] org.hibernate.orm.results                :     com.cash_flow_app.apicashflow.entities_repositories_and_services.base.authority.Authority(35202161494041) -> EntityResultInitializer(com.cash_flow_app.apicashflow.entities_repositories_and_services.base.authority.Authority(35202161494041))@715295233 (SingleTableEntityPersister(com.cash_flow_app.apicashflow.entities_repositories_and_services.base.authority.Authority))
2023-11-28T22:11:57.746-05:00 DEBUG 27472 --- [           main] org.hibernate.SQL                        : 
    select
        a1_0.id,
        a1_0.endpoint,
        a1_0.permission 
    from
        authorities a1_0 
    where
        a1_0.permission=? 
        and a1_0.endpoint=?
2023-11-28T22:11:57.747-05:00 DEBUG 27472 --- [           main] org.hibernate.orm.results                : Extracted JDBC value [0] - [9aaf7d40-45f6-4ab6-90a9-a23f4c1b5f2f]
2023-11-28T22:11:57.747-05:00 DEBUG 27472 --- [           main] o.hibernate.orm.results.loading.entity   : (EntityResultInitializer) Hydrated EntityKey (com.cash_flow_app.apicashflow.entities_repositories_and_services.base.authority.Authority(35202161494041)): 9aaf7d40-45f6-4ab6-90a9-a23f4c1b5f2f
2023-11-28T22:11:57.747-05:00 DEBUG 27472 --- [           main] o.hibernate.orm.results.loading.entity   : (EntityResultInitializer) Created new entity instance [com.cash_flow_app.apicashflow.entities_repositories_and_services.base.authority.Authority(35202161494041)#9aaf7d40-45f6-4ab6-90a9-a23f4c1b5f2f] : com.cash_flow_app.apicashflow.entities_repositories_and_services.base.authority.Authority@55940257
2023-11-28T22:11:57.747-05:00 DEBUG 27472 --- [           main] org.hibernate.orm.results                : Extracted JDBC value [1] - [Account]
2023-11-28T22:11:57.747-05:00 DEBUG 27472 --- [           main] org.hibernate.orm.results                : Extracted JDBC value [2] - [CREATE]
2023-11-28T22:11:57.747-05:00 DEBUG 27472 --- [           main] o.hibernate.orm.results.loading.entity   : (EntityResultInitializer) Done materializing entityInstance : com.cash_flow_app.apicashflow.entities_repositories_and_services.base.authority.Authority(35202161494041)#9aaf7d40-45f6-4ab6-90a9-a23f4c1b5f2f
2023-11-28T22:11:57.747-05:00 DEBUG 27472 --- [           main] org.hibernate.orm.results.loading        : Calling top-level assembler (0 / 1) : org.hibernate.sql.results.graph.entity.internal.EntityAssembler@6bd87866
2023-11-28T22:11:57.747-05:00 DEBUG 27472 --- [           main] org.hibernate.orm.sql.ast.create         : Created new SQL alias : a1_0
2023-11-28T22:11:57.747-05:00 DEBUG 27472 --- [           main] org.hibernate.orm.sql.ast.create         : Registration of TableGroup [StandardTableGroup(com.cash_flow_app.apicashflow.entities_repositories_and_services.base.authority.Authority(35202161494041))] with identifierForTableGroup [com.cash_flow_app.apicashflow.entities_repositories_and_services.base.authority.Authority] for NavigablePath [com.cash_flow_app.apicashflow.entities_repositories_and_services.base.authority.Authority] 
2023-11-28T22:11:57.747-05:00 DEBUG 27472 --- [           main] o.h.q.sqm.sql.BaseSqmToSqlAstConverter   : Determining mapping-model type for SqmParameter : org.hibernate.query.sqm.tree.expression.SqmJpaCriteriaParameterWrapper@307b954
2023-11-28T22:11:57.747-05:00 DEBUG 27472 --- [           main] o.h.q.sqm.sql.BaseSqmToSqlAstConverter   : Determining mapping-model type for SqmPath : SqmBasicValuedSimplePath(com.cash_flow_app.apicashflow.entities_repositories_and_services.base.authority.Authority(35202161494041).permission) 
2023-11-28T22:11:57.747-05:00 DEBUG 27472 --- [           main] o.h.q.sqm.sql.BaseSqmToSqlAstConverter   : Determining mapping-model type for SqmParameter : org.hibernate.query.sqm.tree.expression.SqmJpaCriteriaParameterWrapper@52fd6b76
2023-11-28T22:11:57.747-05:00 DEBUG 27472 --- [           main] o.h.q.sqm.sql.BaseSqmToSqlAstConverter   : Determining mapping-model type for SqmPath : SqmBasicValuedSimplePath(com.cash_flow_app.apicashflow.entities_repositories_and_services.base.authority.Authority(35202161494041).endpoint) 
2023-11-28T22:11:57.747-05:00 DEBUG 27472 --- [           main] org.hibernate.orm.results.graph.AST      : DomainResult Graph:
 \-EntityResultImpl [com.cash_flow_app.apicashflow.entities_repositories_and_services.base.authority.Authority(35202161494041)]
 |  +-BasicFetch [com.cash_flow_app.apicashflow.entities_repositories_and_services.base.authority.Authority(35202161494041).endpoint]
 |  \-BasicFetch [com.cash_flow_app.apicashflow.entities_repositories_and_services.base.authority.Authority(35202161494041).permission]

2023-11-28T22:11:57.747-05:00 DEBUG 27472 --- [           main] org.hibernate.orm.sql.ast.tree           : SQL AST Tree:
    SelectStatement {
      FromClause {
        StandardTableGroup (a1 : com.cash_flow_app.apicashflow.entities_repositories_and_services.base.authority.Authority(35202161494041)) {
          primaryTableReference : authorities as a1_0
        }
      }
    }

2023-11-28T22:11:57.747-05:00 DEBUG 27472 --- [           main] o.h.e.i.AbstractFlushingEventListener    : Processing flush-time cascades
2023-11-28T22:11:57.747-05:00 DEBUG 27472 --- [           main] o.h.e.i.AbstractFlushingEventListener    : Dirty checking collections
2023-11-28T22:11:57.747-05:00 DEBUG 27472 --- [           main] o.h.e.i.AbstractFlushingEventListener    : Flushed: 0 insertions, 0 updates, 0 deletions to 1 objects
2023-11-28T22:11:57.747-05:00 DEBUG 27472 --- [           main] o.h.e.i.AbstractFlushingEventListener    : Flushed: 0 (re)creations, 0 updates, 0 removals to 0 collections
2023-11-28T22:11:57.747-05:00 DEBUG 27472 --- [           main] o.hibernate.internal.util.EntityPrinter  : Listing entities:
2023-11-28T22:11:57.747-05:00 DEBUG 27472 --- [           main] o.hibernate.internal.util.EntityPrinter  : com.cash_flow_app.apicashflow.entities_repositories_and_services.base.authority.Authority{endpoint=Account, permission=CREATE, id=9aaf7d40-45f6-4ab6-90a9-a23f4c1b5f2f}
2023-11-28T22:11:57.747-05:00 DEBUG 27472 --- [           main] org.hibernate.orm.sql.exec               : Skipping reading Query result cache data: cache-enabled = false, cache-mode = NORMAL
2023-11-28T22:11:57.747-05:00 DEBUG 27472 --- [           main] org.hibernate.orm.results                : Initializer list
2023-11-28T22:11:57.747-05:00 DEBUG 27472 --- [           main] org.hibernate.orm.results                :     com.cash_flow_app.apicashflow.entities_repositories_and_services.base.authority.Authority(35202161494041) -> EntityResultInitializer(com.cash_flow_app.apicashflow.entities_repositories_and_services.base.authority.Authority(35202161494041))@147960869 (SingleTableEntityPersister(com.cash_flow_app.apicashflow.entities_repositories_and_services.base.authority.Authority))
2023-11-28T22:11:57.747-05:00 DEBUG 27472 --- [           main] org.hibernate.SQL                        : 
    select
        a1_0.id,
        a1_0.endpoint,
        a1_0.permission 
    from
        authorities a1_0 
    where
        a1_0.permission=? 
        and a1_0.endpoint=?
2023-11-28T22:11:57.748-05:00 DEBUG 27472 --- [           main] org.hibernate.orm.results                : Extracted JDBC value [0] - [b14a62f4-d04f-422a-a2a3-1f80e2635352]
2023-11-28T22:11:57.748-05:00 DEBUG 27472 --- [           main] o.hibernate.orm.results.loading.entity   : (EntityResultInitializer) Hydrated EntityKey (com.cash_flow_app.apicashflow.entities_repositories_and_services.base.authority.Authority(35202161494041)): b14a62f4-d04f-422a-a2a3-1f80e2635352
2023-11-28T22:11:57.748-05:00 DEBUG 27472 --- [           main] o.hibernate.orm.results.loading.entity   : (EntityResultInitializer) Created new entity instance [com.cash_flow_app.apicashflow.entities_repositories_and_services.base.authority.Authority(35202161494041)#b14a62f4-d04f-422a-a2a3-1f80e2635352] : com.cash_flow_app.apicashflow.entities_repositories_and_services.base.authority.Authority@7d9a7fd8
2023-11-28T22:11:57.748-05:00 DEBUG 27472 --- [           main] org.hibernate.orm.results                : Extracted JDBC value [1] - [Account]
2023-11-28T22:11:57.748-05:00 DEBUG 27472 --- [           main] org.hibernate.orm.results                : Extracted JDBC value [2] - [READ]
2023-11-28T22:11:57.748-05:00 DEBUG 27472 --- [           main] o.hibernate.orm.results.loading.entity   : (EntityResultInitializer) Done materializing entityInstance : com.cash_flow_app.apicashflow.entities_repositories_and_services.base.authority.Authority(35202161494041)#b14a62f4-d04f-422a-a2a3-1f80e2635352
2023-11-28T22:11:57.748-05:00 DEBUG 27472 --- [           main] org.hibernate.orm.results.loading        : Calling top-level assembler (0 / 1) : org.hibernate.sql.results.graph.entity.internal.EntityAssembler@786f8cd2
2023-11-28T22:11:57.748-05:00 DEBUG 27472 --- [           main] org.hibernate.orm.sql.ast.create         : Created new SQL alias : a1_0
2023-11-28T22:11:57.748-05:00 DEBUG 27472 --- [           main] org.hibernate.orm.sql.ast.create         : Registration of TableGroup [StandardTableGroup(com.cash_flow_app.apicashflow.entities_repositories_and_services.base.authority.Authority(35202161494041))] with identifierForTableGroup [com.cash_flow_app.apicashflow.entities_repositories_and_services.base.authority.Authority] for NavigablePath [com.cash_flow_app.apicashflow.entities_repositories_and_services.base.authority.Authority] 
2023-11-28T22:11:57.748-05:00 DEBUG 27472 --- [           main] o.h.q.sqm.sql.BaseSqmToSqlAstConverter   : Determining mapping-model type for SqmParameter : org.hibernate.query.sqm.tree.expression.SqmJpaCriteriaParameterWrapper@4b3abc1
2023-11-28T22:11:57.748-05:00 DEBUG 27472 --- [           main] o.h.q.sqm.sql.BaseSqmToSqlAstConverter   : Determining mapping-model type for SqmPath : SqmBasicValuedSimplePath(com.cash_flow_app.apicashflow.entities_repositories_and_services.base.authority.Authority(35202161494041).permission) 
2023-11-28T22:11:57.748-05:00 DEBUG 27472 --- [           main] o.h.q.sqm.sql.BaseSqmToSqlAstConverter   : Determining mapping-model type for SqmParameter : org.hibernate.query.sqm.tree.expression.SqmJpaCriteriaParameterWrapper@4a742630
2023-11-28T22:11:57.748-05:00 DEBUG 27472 --- [           main] o.h.q.sqm.sql.BaseSqmToSqlAstConverter   : Determining mapping-model type for SqmPath : SqmBasicValuedSimplePath(com.cash_flow_app.apicashflow.entities_repositories_and_services.base.authority.Authority(35202161494041).endpoint) 
2023-11-28T22:11:57.748-05:00 DEBUG 27472 --- [           main] org.hibernate.orm.results.graph.AST      : DomainResult Graph:
 \-EntityResultImpl [com.cash_flow_app.apicashflow.entities_repositories_and_services.base.authority.Authority(35202161494041)]
 |  +-BasicFetch [com.cash_flow_app.apicashflow.entities_repositories_and_services.base.authority.Authority(35202161494041).endpoint]
 |  \-BasicFetch [com.cash_flow_app.apicashflow.entities_repositories_and_services.base.authority.Authority(35202161494041).permission]

2023-11-28T22:11:57.748-05:00 DEBUG 27472 --- [           main] org.hibernate.orm.sql.ast.tree           : SQL AST Tree:
    SelectStatement {
      FromClause {
        StandardTableGroup (a1 : com.cash_flow_app.apicashflow.entities_repositories_and_services.base.authority.Authority(35202161494041)) {
          primaryTableReference : authorities as a1_0
        }
      }
    }

2023-11-28T22:11:57.748-05:00 DEBUG 27472 --- [           main] o.h.e.i.AbstractFlushingEventListener    : Processing flush-time cascades
2023-11-28T22:11:57.748-05:00 DEBUG 27472 --- [           main] o.h.e.i.AbstractFlushingEventListener    : Dirty checking collections
2023-11-28T22:11:57.748-05:00 DEBUG 27472 --- [           main] o.h.e.i.AbstractFlushingEventListener    : Flushed: 0 insertions, 0 updates, 0 deletions to 2 objects
2023-11-28T22:11:57.748-05:00 DEBUG 27472 --- [           main] o.h.e.i.AbstractFlushingEventListener    : Flushed: 0 (re)creations, 0 updates, 0 removals to 0 collections
2023-11-28T22:11:57.748-05:00 DEBUG 27472 --- [           main] o.hibernate.internal.util.EntityPrinter  : Listing entities:
2023-11-28T22:11:57.748-05:00 DEBUG 27472 --- [           main] o.hibernate.internal.util.EntityPrinter  : com.cash_flow_app.apicashflow.entities_repositories_and_services.base.authority.Authority{endpoint=Account, permission=CREATE, id=9aaf7d40-45f6-4ab6-90a9-a23f4c1b5f2f}
2023-11-28T22:11:57.748-05:00 DEBUG 27472 --- [           main] o.hibernate.internal.util.EntityPrinter  : com.cash_flow_app.apicashflow.entities_repositories_and_services.base.authority.Authority{endpoint=Account, permission=READ, id=b14a62f4-d04f-422a-a2a3-1f80e2635352}
2023-11-28T22:11:57.748-05:00 DEBUG 27472 --- [           main] org.hibernate.orm.sql.exec               : Skipping reading Query result cache data: cache-enabled = false, cache-mode = NORMAL
2023-11-28T22:11:57.748-05:00 DEBUG 27472 --- [           main] org.hibernate.orm.results                : Initializer list
2023-11-28T22:11:57.748-05:00 DEBUG 27472 --- [           main] org.hibernate.orm.results                :     com.cash_flow_app.apicashflow.entities_repositories_and_services.base.authority.Authority(35202161494041) -> EntityResultInitializer(com.cash_flow_app.apicashflow.entities_repositories_and_services.base.authority.Authority(35202161494041))@308892554 (SingleTableEntityPersister(com.cash_flow_app.apicashflow.entities_repositories_and_services.base.authority.Authority))
2023-11-28T22:11:57.748-05:00 DEBUG 27472 --- [           main] org.hibernate.SQL                        : 
    select
        a1_0.id,
        a1_0.endpoint,
        a1_0.permission 
    from
        authorities a1_0 
    where
        a1_0.permission=? 
        and a1_0.endpoint=?
2023-11-28T22:11:57.748-05:00 DEBUG 27472 --- [           main] org.hibernate.orm.results                : Extracted JDBC value [0] - [363894b3-8bdc-4764-ad13-d91f872e1a95]
2023-11-28T22:11:57.748-05:00 DEBUG 27472 --- [           main] o.hibernate.orm.results.loading.entity   : (EntityResultInitializer) Hydrated EntityKey (com.cash_flow_app.apicashflow.entities_repositories_and_services.base.authority.Authority(35202161494041)): 363894b3-8bdc-4764-ad13-d91f872e1a95
2023-11-28T22:11:57.748-05:00 DEBUG 27472 --- [           main] o.hibernate.orm.results.loading.entity   : (EntityResultInitializer) Created new entity instance [com.cash_flow_app.apicashflow.entities_repositories_and_services.base.authority.Authority(35202161494041)#363894b3-8bdc-4764-ad13-d91f872e1a95] : com.cash_flow_app.apicashflow.entities_repositories_and_services.base.authority.Authority@3ab8f900
2023-11-28T22:11:57.749-05:00 DEBUG 27472 --- [           main] org.hibernate.orm.results                : Extracted JDBC value [1] - [Account]
2023-11-28T22:11:57.749-05:00 DEBUG 27472 --- [           main] org.hibernate.orm.results                : Extracted JDBC value [2] - [DELETE]
2023-11-28T22:11:57.749-05:00 DEBUG 27472 --- [           main] o.hibernate.orm.results.loading.entity   : (EntityResultInitializer) Done materializing entityInstance : com.cash_flow_app.apicashflow.entities_repositories_and_services.base.authority.Authority(35202161494041)#363894b3-8bdc-4764-ad13-d91f872e1a95
2023-11-28T22:11:57.749-05:00 DEBUG 27472 --- [           main] org.hibernate.orm.results.loading        : Calling top-level assembler (0 / 1) : org.hibernate.sql.results.graph.entity.internal.EntityAssembler@621508de
2023-11-28T22:11:57.749-05:00 DEBUG 27472 --- [           main] org.hibernate.orm.sql.ast.create         : Created new SQL alias : a1_0
2023-11-28T22:11:57.749-05:00 DEBUG 27472 --- [           main] org.hibernate.orm.sql.ast.create         : Registration of TableGroup [StandardTableGroup(com.cash_flow_app.apicashflow.entities_repositories_and_services.base.authority.Authority(35202161494041))] with identifierForTableGroup [com.cash_flow_app.apicashflow.entities_repositories_and_services.base.authority.Authority] for NavigablePath [com.cash_flow_app.apicashflow.entities_repositories_and_services.base.authority.Authority] 
2023-11-28T22:11:57.749-05:00 DEBUG 27472 --- [           main] o.h.q.sqm.sql.BaseSqmToSqlAstConverter   : Determining mapping-model type for SqmParameter : org.hibernate.query.sqm.tree.expression.SqmJpaCriteriaParameterWrapper@404c8c9d
2023-11-28T22:11:57.749-05:00 DEBUG 27472 --- [           main] o.h.q.sqm.sql.BaseSqmToSqlAstConverter   : Determining mapping-model type for SqmPath : SqmBasicValuedSimplePath(com.cash_flow_app.apicashflow.entities_repositories_and_services.base.authority.Authority(35202161494041).permission) 
2023-11-28T22:11:57.749-05:00 DEBUG 27472 --- [           main] o.h.q.sqm.sql.BaseSqmToSqlAstConverter   : Determining mapping-model type for SqmParameter : org.hibernate.query.sqm.tree.expression.SqmJpaCriteriaParameterWrapper@2cdd3638
2023-11-28T22:11:57.749-05:00 DEBUG 27472 --- [           main] o.h.q.sqm.sql.BaseSqmToSqlAstConverter   : Determining mapping-model type for SqmPath : SqmBasicValuedSimplePath(com.cash_flow_app.apicashflow.entities_repositories_and_services.base.authority.Authority(35202161494041).endpoint) 
2023-11-28T22:11:57.749-05:00 DEBUG 27472 --- [           main] org.hibernate.orm.results.graph.AST      : DomainResult Graph:
 \-EntityResultImpl [com.cash_flow_app.apicashflow.entities_repositories_and_services.base.authority.Authority(35202161494041)]
 |  +-BasicFetch [com.cash_flow_app.apicashflow.entities_repositories_and_services.base.authority.Authority(35202161494041).endpoint]
 |  \-BasicFetch [com.cash_flow_app.apicashflow.entities_repositories_and_services.base.authority.Authority(35202161494041).permission]

2023-11-28T22:11:57.749-05:00 DEBUG 27472 --- [           main] org.hibernate.orm.sql.ast.tree           : SQL AST Tree:
    SelectStatement {
      FromClause {
        StandardTableGroup (a1 : com.cash_flow_app.apicashflow.entities_repositories_and_services.base.authority.Authority(35202161494041)) {
          primaryTableReference : authorities as a1_0
        }
      }
    }

2023-11-28T22:11:57.749-05:00 DEBUG 27472 --- [           main] o.h.e.i.AbstractFlushingEventListener    : Processing flush-time cascades
2023-11-28T22:11:57.749-05:00 DEBUG 27472 --- [           main] o.h.e.i.AbstractFlushingEventListener    : Dirty checking collections
2023-11-28T22:11:57.749-05:00 DEBUG 27472 --- [           main] o.h.e.i.AbstractFlushingEventListener    : Flushed: 0 insertions, 0 updates, 0 deletions to 3 objects
2023-11-28T22:11:57.749-05:00 DEBUG 27472 --- [           main] o.h.e.i.AbstractFlushingEventListener    : Flushed: 0 (re)creations, 0 updates, 0 removals to 0 collections
2023-11-28T22:11:57.749-05:00 DEBUG 27472 --- [           main] o.hibernate.internal.util.EntityPrinter  : Listing entities:
2023-11-28T22:11:57.749-05:00 DEBUG 27472 --- [           main] o.hibernate.internal.util.EntityPrinter  : com.cash_flow_app.apicashflow.entities_repositories_and_services.base.authority.Authority{endpoint=Account, permission=DELETE, id=363894b3-8bdc-4764-ad13-d91f872e1a95}
2023-11-28T22:11:57.749-05:00 DEBUG 27472 --- [           main] o.hibernate.internal.util.EntityPrinter  : com.cash_flow_app.apicashflow.entities_repositories_and_services.base.authority.Authority{endpoint=Account, permission=CREATE, id=9aaf7d40-45f6-4ab6-90a9-a23f4c1b5f2f}
2023-11-28T22:11:57.749-05:00 DEBUG 27472 --- [           main] o.hibernate.internal.util.EntityPrinter  : com.cash_flow_app.apicashflow.entities_repositories_and_services.base.authority.Authority{endpoint=Account, permission=READ, id=b14a62f4-d04f-422a-a2a3-1f80e2635352}
2023-11-28T22:11:57.749-05:00 DEBUG 27472 --- [           main] org.hibernate.orm.sql.exec               : Skipping reading Query result cache data: cache-enabled = false, cache-mode = NORMAL
2023-11-28T22:11:57.749-05:00 DEBUG 27472 --- [           main] org.hibernate.orm.results                : Initializer list
2023-11-28T22:11:57.749-05:00 DEBUG 27472 --- [           main] org.hibernate.orm.results                :     com.cash_flow_app.apicashflow.entities_repositories_and_services.base.authority.Authority(35202161494041) -> EntityResultInitializer(com.cash_flow_app.apicashflow.entities_repositories_and_services.base.authority.Authority(35202161494041))@2053954016 (SingleTableEntityPersister(com.cash_flow_app.apicashflow.entities_repositories_and_services.base.authority.Authority))
2023-11-28T22:11:57.749-05:00 DEBUG 27472 --- [           main] org.hibernate.SQL                        : 
    select
        a1_0.id,
        a1_0.endpoint,
        a1_0.permission 
    from
        authorities a1_0 
    where
        a1_0.permission=? 
        and a1_0.endpoint=?
2023-11-28T22:11:57.749-05:00 DEBUG 27472 --- [           main] org.hibernate.orm.results                : Extracted JDBC value [0] - [f4f135be-a2b5-48d1-a9d0-2b14e82cc373]
2023-11-28T22:11:57.749-05:00 DEBUG 27472 --- [           main] o.hibernate.orm.results.loading.entity   : (EntityResultInitializer) Hydrated EntityKey (com.cash_flow_app.apicashflow.entities_repositories_and_services.base.authority.Authority(35202161494041)): f4f135be-a2b5-48d1-a9d0-2b14e82cc373
2023-11-28T22:11:57.749-05:00 DEBUG 27472 --- [           main] o.hibernate.orm.results.loading.entity   : (EntityResultInitializer) Created new entity instance [com.cash_flow_app.apicashflow.entities_repositories_and_services.base.authority.Authority(35202161494041)#f4f135be-a2b5-48d1-a9d0-2b14e82cc373] : com.cash_flow_app.apicashflow.entities_repositories_and_services.base.authority.Authority@688c1b2a
2023-11-28T22:11:57.749-05:00 DEBUG 27472 --- [           main] org.hibernate.orm.results                : Extracted JDBC value [1] - [User]
2023-11-28T22:11:57.749-05:00 DEBUG 27472 --- [           main] org.hibernate.orm.results                : Extracted JDBC value [2] - [CREATE]
2023-11-28T22:11:57.749-05:00 DEBUG 27472 --- [           main] o.hibernate.orm.results.loading.entity   : (EntityResultInitializer) Done materializing entityInstance : com.cash_flow_app.apicashflow.entities_repositories_and_services.base.authority.Authority(35202161494041)#f4f135be-a2b5-48d1-a9d0-2b14e82cc373
2023-11-28T22:11:57.749-05:00 DEBUG 27472 --- [           main] org.hibernate.orm.results.loading        : Calling top-level assembler (0 / 1) : org.hibernate.sql.results.graph.entity.internal.EntityAssembler@74b37c02
2023-11-28T22:11:57.750-05:00 DEBUG 27472 --- [           main] org.hibernate.orm.sql.ast.create         : Created new SQL alias : a1_0
2023-11-28T22:11:57.750-05:00 DEBUG 27472 --- [           main] org.hibernate.orm.sql.ast.create         : Registration of TableGroup [StandardTableGroup(com.cash_flow_app.apicashflow.entities_repositories_and_services.base.authority.Authority(35202161494041))] with identifierForTableGroup [com.cash_flow_app.apicashflow.entities_repositories_and_services.base.authority.Authority] for NavigablePath [com.cash_flow_app.apicashflow.entities_repositories_and_services.base.authority.Authority] 
2023-11-28T22:11:57.750-05:00 DEBUG 27472 --- [           main] o.h.q.sqm.sql.BaseSqmToSqlAstConverter   : Determining mapping-model type for SqmParameter : org.hibernate.query.sqm.tree.expression.SqmJpaCriteriaParameterWrapper@b027acf
2023-11-28T22:11:57.750-05:00 DEBUG 27472 --- [           main] o.h.q.sqm.sql.BaseSqmToSqlAstConverter   : Determining mapping-model type for SqmPath : SqmBasicValuedSimplePath(com.cash_flow_app.apicashflow.entities_repositories_and_services.base.authority.Authority(35202161494041).permission) 
2023-11-28T22:11:57.750-05:00 DEBUG 27472 --- [           main] o.h.q.sqm.sql.BaseSqmToSqlAstConverter   : Determining mapping-model type for SqmParameter : org.hibernate.query.sqm.tree.expression.SqmJpaCriteriaParameterWrapper@26c8b723
2023-11-28T22:11:57.750-05:00 DEBUG 27472 --- [           main] o.h.q.sqm.sql.BaseSqmToSqlAstConverter   : Determining mapping-model type for SqmPath : SqmBasicValuedSimplePath(com.cash_flow_app.apicashflow.entities_repositories_and_services.base.authority.Authority(35202161494041).endpoint) 
2023-11-28T22:11:57.750-05:00 DEBUG 27472 --- [           main] org.hibernate.orm.results.graph.AST      : DomainResult Graph:
 \-EntityResultImpl [com.cash_flow_app.apicashflow.entities_repositories_and_services.base.authority.Authority(35202161494041)]
 |  +-BasicFetch [com.cash_flow_app.apicashflow.entities_repositories_and_services.base.authority.Authority(35202161494041).endpoint]
 |  \-BasicFetch [com.cash_flow_app.apicashflow.entities_repositories_and_services.base.authority.Authority(35202161494041).permission]

2023-11-28T22:11:57.750-05:00 DEBUG 27472 --- [           main] org.hibernate.orm.sql.ast.tree           : SQL AST Tree:
    SelectStatement {
      FromClause {
        StandardTableGroup (a1 : com.cash_flow_app.apicashflow.entities_repositories_and_services.base.authority.Authority(35202161494041)) {
          primaryTableReference : authorities as a1_0
        }
      }
    }

2023-11-28T22:11:57.750-05:00 DEBUG 27472 --- [           main] o.h.e.i.AbstractFlushingEventListener    : Processing flush-time cascades
2023-11-28T22:11:57.750-05:00 DEBUG 27472 --- [           main] o.h.e.i.AbstractFlushingEventListener    : Dirty checking collections
2023-11-28T22:11:57.750-05:00 DEBUG 27472 --- [           main] o.h.e.i.AbstractFlushingEventListener    : Flushed: 0 insertions, 0 updates, 0 deletions to 4 objects
2023-11-28T22:11:57.750-05:00 DEBUG 27472 --- [           main] o.h.e.i.AbstractFlushingEventListener    : Flushed: 0 (re)creations, 0 updates, 0 removals to 0 collections
2023-11-28T22:11:57.750-05:00 DEBUG 27472 --- [           main] o.hibernate.internal.util.EntityPrinter  : Listing entities:
2023-11-28T22:11:57.750-05:00 DEBUG 27472 --- [           main] o.hibernate.internal.util.EntityPrinter  : com.cash_flow_app.apicashflow.entities_repositories_and_services.base.authority.Authority{endpoint=User, permission=CREATE, id=f4f135be-a2b5-48d1-a9d0-2b14e82cc373}
2023-11-28T22:11:57.750-05:00 DEBUG 27472 --- [           main] o.hibernate.internal.util.EntityPrinter  : com.cash_flow_app.apicashflow.entities_repositories_and_services.base.authority.Authority{endpoint=Account, permission=DELETE, id=363894b3-8bdc-4764-ad13-d91f872e1a95}
2023-11-28T22:11:57.750-05:00 DEBUG 27472 --- [           main] o.hibernate.internal.util.EntityPrinter  : com.cash_flow_app.apicashflow.entities_repositories_and_services.base.authority.Authority{endpoint=Account, permission=CREATE, id=9aaf7d40-45f6-4ab6-90a9-a23f4c1b5f2f}
2023-11-28T22:11:57.750-05:00 DEBUG 27472 --- [           main] o.hibernate.internal.util.EntityPrinter  : com.cash_flow_app.apicashflow.entities_repositories_and_services.base.authority.Authority{endpoint=Account, permission=READ, id=b14a62f4-d04f-422a-a2a3-1f80e2635352}
2023-11-28T22:11:57.750-05:00 DEBUG 27472 --- [           main] org.hibernate.orm.sql.exec               : Skipping reading Query result cache data: cache-enabled = false, cache-mode = NORMAL
2023-11-28T22:11:57.750-05:00 DEBUG 27472 --- [           main] org.hibernate.orm.results                : Initializer list
2023-11-28T22:11:57.750-05:00 DEBUG 27472 --- [           main] org.hibernate.orm.results                :     com.cash_flow_app.apicashflow.entities_repositories_and_services.base.authority.Authority(35202161494041) -> EntityResultInitializer(com.cash_flow_app.apicashflow.entities_repositories_and_services.base.authority.Authority(35202161494041))@980913263 (SingleTableEntityPersister(com.cash_flow_app.apicashflow.entities_repositories_and_services.base.authority.Authority))
2023-11-28T22:11:57.750-05:00 DEBUG 27472 --- [           main] org.hibernate.SQL                        : 
    select
        a1_0.id,
        a1_0.endpoint,
        a1_0.permission 
    from
        authorities a1_0 
    where
        a1_0.permission=? 
        and a1_0.endpoint=?
2023-11-28T22:11:57.750-05:00 DEBUG 27472 --- [           main] org.hibernate.orm.results                : Extracted JDBC value [0] - [35481739-2447-454f-8ec3-daf467bb2ae5]
2023-11-28T22:11:57.750-05:00 DEBUG 27472 --- [           main] o.hibernate.orm.results.loading.entity   : (EntityResultInitializer) Hydrated EntityKey (com.cash_flow_app.apicashflow.entities_repositories_and_services.base.authority.Authority(35202161494041)): 35481739-2447-454f-8ec3-daf467bb2ae5
2023-11-28T22:11:57.750-05:00 DEBUG 27472 --- [           main] o.hibernate.orm.results.loading.entity   : (EntityResultInitializer) Created new entity instance [com.cash_flow_app.apicashflow.entities_repositories_and_services.base.authority.Authority(35202161494041)#35481739-2447-454f-8ec3-daf467bb2ae5] : com.cash_flow_app.apicashflow.entities_repositories_and_services.base.authority.Authority@4748a39a
2023-11-28T22:11:57.750-05:00 DEBUG 27472 --- [           main] org.hibernate.orm.results                : Extracted JDBC value [1] - [User]
2023-11-28T22:11:57.750-05:00 DEBUG 27472 --- [           main] org.hibernate.orm.results                : Extracted JDBC value [2] - [READ]
2023-11-28T22:11:57.750-05:00 DEBUG 27472 --- [           main] o.hibernate.orm.results.loading.entity   : (EntityResultInitializer) Done materializing entityInstance : com.cash_flow_app.apicashflow.entities_repositories_and_services.base.authority.Authority(35202161494041)#35481739-2447-454f-8ec3-daf467bb2ae5
2023-11-28T22:11:57.750-05:00 DEBUG 27472 --- [           main] org.hibernate.orm.results.loading        : Calling top-level assembler (0 / 1) : org.hibernate.sql.results.graph.entity.internal.EntityAssembler@41da4be8
2023-11-28T22:11:57.750-05:00 DEBUG 27472 --- [           main] org.hibernate.orm.sql.ast.create         : Created new SQL alias : a1_0
2023-11-28T22:11:57.750-05:00 DEBUG 27472 --- [           main] org.hibernate.orm.sql.ast.create         : Registration of TableGroup [StandardTableGroup(com.cash_flow_app.apicashflow.entities_repositories_and_services.base.authority.Authority(35202161494041))] with identifierForTableGroup [com.cash_flow_app.apicashflow.entities_repositories_and_services.base.authority.Authority] for NavigablePath [com.cash_flow_app.apicashflow.entities_repositories_and_services.base.authority.Authority] 
2023-11-28T22:11:57.750-05:00 DEBUG 27472 --- [           main] o.h.q.sqm.sql.BaseSqmToSqlAstConverter   : Determining mapping-model type for SqmParameter : org.hibernate.query.sqm.tree.expression.SqmJpaCriteriaParameterWrapper@14bc9fe3
2023-11-28T22:11:57.750-05:00 DEBUG 27472 --- [           main] o.h.q.sqm.sql.BaseSqmToSqlAstConverter   : Determining mapping-model type for SqmPath : SqmBasicValuedSimplePath(com.cash_flow_app.apicashflow.entities_repositories_and_services.base.authority.Authority(35202161494041).permission) 
2023-11-28T22:11:57.750-05:00 DEBUG 27472 --- [           main] o.h.q.sqm.sql.BaseSqmToSqlAstConverter   : Determining mapping-model type for SqmParameter : org.hibernate.query.sqm.tree.expression.SqmJpaCriteriaParameterWrapper@21e67d8d
2023-11-28T22:11:57.750-05:00 DEBUG 27472 --- [           main] o.h.q.sqm.sql.BaseSqmToSqlAstConverter   : Determining mapping-model type for SqmPath : SqmBasicValuedSimplePath(com.cash_flow_app.apicashflow.entities_repositories_and_services.base.authority.Authority(35202161494041).endpoint) 
2023-11-28T22:11:57.750-05:00 DEBUG 27472 --- [           main] org.hibernate.orm.results.graph.AST      : DomainResult Graph:
 \-EntityResultImpl [com.cash_flow_app.apicashflow.entities_repositories_and_services.base.authority.Authority(35202161494041)]
 |  +-BasicFetch [com.cash_flow_app.apicashflow.entities_repositories_and_services.base.authority.Authority(35202161494041).endpoint]
 |  \-BasicFetch [com.cash_flow_app.apicashflow.entities_repositories_and_services.base.authority.Authority(35202161494041).permission]

2023-11-28T22:11:57.750-05:00 DEBUG 27472 --- [           main] org.hibernate.orm.sql.ast.tree           : SQL AST Tree:
    SelectStatement {
      FromClause {
        StandardTableGroup (a1 : com.cash_flow_app.apicashflow.entities_repositories_and_services.base.authority.Authority(35202161494041)) {
          primaryTableReference : authorities as a1_0
        }
      }
    }

2023-11-28T22:11:57.751-05:00 DEBUG 27472 --- [           main] o.h.e.i.AbstractFlushingEventListener    : Processing flush-time cascades
2023-11-28T22:11:57.751-05:00 DEBUG 27472 --- [           main] o.h.e.i.AbstractFlushingEventListener    : Dirty checking collections
2023-11-28T22:11:57.751-05:00 DEBUG 27472 --- [           main] o.h.e.i.AbstractFlushingEventListener    : Flushed: 0 insertions, 0 updates, 0 deletions to 5 objects
2023-11-28T22:11:57.751-05:00 DEBUG 27472 --- [           main] o.h.e.i.AbstractFlushingEventListener    : Flushed: 0 (re)creations, 0 updates, 0 removals to 0 collections
2023-11-28T22:11:57.751-05:00 DEBUG 27472 --- [           main] o.hibernate.internal.util.EntityPrinter  : Listing entities:
2023-11-28T22:11:57.751-05:00 DEBUG 27472 --- [           main] o.hibernate.internal.util.EntityPrinter  : com.cash_flow_app.apicashflow.entities_repositories_and_services.base.authority.Authority{endpoint=User, permission=CREATE, id=f4f135be-a2b5-48d1-a9d0-2b14e82cc373}
2023-11-28T22:11:57.751-05:00 DEBUG 27472 --- [           main] o.hibernate.internal.util.EntityPrinter  : com.cash_flow_app.apicashflow.entities_repositories_and_services.base.authority.Authority{endpoint=User, permission=READ, id=35481739-2447-454f-8ec3-daf467bb2ae5}
2023-11-28T22:11:57.751-05:00 DEBUG 27472 --- [           main] o.hibernate.internal.util.EntityPrinter  : com.cash_flow_app.apicashflow.entities_repositories_and_services.base.authority.Authority{endpoint=Account, permission=DELETE, id=363894b3-8bdc-4764-ad13-d91f872e1a95}
2023-11-28T22:11:57.751-05:00 DEBUG 27472 --- [           main] o.hibernate.internal.util.EntityPrinter  : com.cash_flow_app.apicashflow.entities_repositories_and_services.base.authority.Authority{endpoint=Account, permission=CREATE, id=9aaf7d40-45f6-4ab6-90a9-a23f4c1b5f2f}
2023-11-28T22:11:57.751-05:00 DEBUG 27472 --- [           main] o.hibernate.internal.util.EntityPrinter  : com.cash_flow_app.apicashflow.entities_repositories_and_services.base.authority.Authority{endpoint=Account, permission=READ, id=b14a62f4-d04f-422a-a2a3-1f80e2635352}
2023-11-28T22:11:57.751-05:00 DEBUG 27472 --- [           main] org.hibernate.orm.sql.exec               : Skipping reading Query result cache data: cache-enabled = false, cache-mode = NORMAL
2023-11-28T22:11:57.751-05:00 DEBUG 27472 --- [           main] org.hibernate.orm.results                : Initializer list
2023-11-28T22:11:57.751-05:00 DEBUG 27472 --- [           main] org.hibernate.orm.results                :     com.cash_flow_app.apicashflow.entities_repositories_and_services.base.authority.Authority(35202161494041) -> EntityResultInitializer(com.cash_flow_app.apicashflow.entities_repositories_and_services.base.authority.Authority(35202161494041))@1376583991 (SingleTableEntityPersister(com.cash_flow_app.apicashflow.entities_repositories_and_services.base.authority.Authority))
2023-11-28T22:11:57.751-05:00 DEBUG 27472 --- [           main] org.hibernate.SQL                        : 
    select
        a1_0.id,
        a1_0.endpoint,
        a1_0.permission 
    from
        authorities a1_0 
    where
        a1_0.permission=? 
        and a1_0.endpoint=?
2023-11-28T22:11:57.751-05:00 DEBUG 27472 --- [           main] org.hibernate.orm.results                : Extracted JDBC value [0] - [4de61a19-9cab-469d-856c-169a503a3f70]
2023-11-28T22:11:57.751-05:00 DEBUG 27472 --- [           main] o.hibernate.orm.results.loading.entity   : (EntityResultInitializer) Hydrated EntityKey (com.cash_flow_app.apicashflow.entities_repositories_and_services.base.authority.Authority(35202161494041)): 4de61a19-9cab-469d-856c-169a503a3f70
2023-11-28T22:11:57.751-05:00 DEBUG 27472 --- [           main] o.hibernate.orm.results.loading.entity   : (EntityResultInitializer) Created new entity instance [com.cash_flow_app.apicashflow.entities_repositories_and_services.base.authority.Authority(35202161494041)#4de61a19-9cab-469d-856c-169a503a3f70] : com.cash_flow_app.apicashflow.entities_repositories_and_services.base.authority.Authority@1d2035c2
2023-11-28T22:11:57.751-05:00 DEBUG 27472 --- [           main] org.hibernate.orm.results                : Extracted JDBC value [1] - [IncomeExpense]
2023-11-28T22:11:57.751-05:00 DEBUG 27472 --- [           main] org.hibernate.orm.results                : Extracted JDBC value [2] - [CREATE]
2023-11-28T22:11:57.751-05:00 DEBUG 27472 --- [           main] o.hibernate.orm.results.loading.entity   : (EntityResultInitializer) Done materializing entityInstance : com.cash_flow_app.apicashflow.entities_repositories_and_services.base.authority.Authority(35202161494041)#4de61a19-9cab-469d-856c-169a503a3f70
2023-11-28T22:11:57.751-05:00 DEBUG 27472 --- [           main] org.hibernate.orm.results.loading        : Calling top-level assembler (0 / 1) : org.hibernate.sql.results.graph.entity.internal.EntityAssembler@271e8be8
2023-11-28T22:11:57.751-05:00 DEBUG 27472 --- [           main] org.hibernate.orm.sql.ast.create         : Created new SQL alias : a1_0
2023-11-28T22:11:57.751-05:00 DEBUG 27472 --- [           main] org.hibernate.orm.sql.ast.create         : Registration of TableGroup [StandardTableGroup(com.cash_flow_app.apicashflow.entities_repositories_and_services.base.authority.Authority(35202161494041))] with identifierForTableGroup [com.cash_flow_app.apicashflow.entities_repositories_and_services.base.authority.Authority] for NavigablePath [com.cash_flow_app.apicashflow.entities_repositories_and_services.base.authority.Authority] 
2023-11-28T22:11:57.751-05:00 DEBUG 27472 --- [           main] o.h.q.sqm.sql.BaseSqmToSqlAstConverter   : Determining mapping-model type for SqmParameter : org.hibernate.query.sqm.tree.expression.SqmJpaCriteriaParameterWrapper@22c88bec
2023-11-28T22:11:57.751-05:00 DEBUG 27472 --- [           main] o.h.q.sqm.sql.BaseSqmToSqlAstConverter   : Determining mapping-model type for SqmPath : SqmBasicValuedSimplePath(com.cash_flow_app.apicashflow.entities_repositories_and_services.base.authority.Authority(35202161494041).permission) 
2023-11-28T22:11:57.751-05:00 DEBUG 27472 --- [           main] o.h.q.sqm.sql.BaseSqmToSqlAstConverter   : Determining mapping-model type for SqmParameter : org.hibernate.query.sqm.tree.expression.SqmJpaCriteriaParameterWrapper@10bf4f1c
2023-11-28T22:11:57.751-05:00 DEBUG 27472 --- [           main] o.h.q.sqm.sql.BaseSqmToSqlAstConverter   : Determining mapping-model type for SqmPath : SqmBasicValuedSimplePath(com.cash_flow_app.apicashflow.entities_repositories_and_services.base.authority.Authority(35202161494041).endpoint) 
2023-11-28T22:11:57.751-05:00 DEBUG 27472 --- [           main] org.hibernate.orm.results.graph.AST      : DomainResult Graph:
 \-EntityResultImpl [com.cash_flow_app.apicashflow.entities_repositories_and_services.base.authority.Authority(35202161494041)]
 |  +-BasicFetch [com.cash_flow_app.apicashflow.entities_repositories_and_services.base.authority.Authority(35202161494041).endpoint]
 |  \-BasicFetch [com.cash_flow_app.apicashflow.entities_repositories_and_services.base.authority.Authority(35202161494041).permission]

2023-11-28T22:11:57.751-05:00 DEBUG 27472 --- [           main] org.hibernate.orm.sql.ast.tree           : SQL AST Tree:
    SelectStatement {
      FromClause {
        StandardTableGroup (a1 : com.cash_flow_app.apicashflow.entities_repositories_and_services.base.authority.Authority(35202161494041)) {
          primaryTableReference : authorities as a1_0
        }
      }
    }

2023-11-28T22:11:57.751-05:00 DEBUG 27472 --- [           main] o.h.e.i.AbstractFlushingEventListener    : Processing flush-time cascades
2023-11-28T22:11:57.751-05:00 DEBUG 27472 --- [           main] o.h.e.i.AbstractFlushingEventListener    : Dirty checking collections
2023-11-28T22:11:57.751-05:00 DEBUG 27472 --- [           main] o.h.e.i.AbstractFlushingEventListener    : Flushed: 0 insertions, 0 updates, 0 deletions to 6 objects
2023-11-28T22:11:57.751-05:00 DEBUG 27472 --- [           main] o.h.e.i.AbstractFlushingEventListener    : Flushed: 0 (re)creations, 0 updates, 0 removals to 0 collections
2023-11-28T22:11:57.751-05:00 DEBUG 27472 --- [           main] o.hibernate.internal.util.EntityPrinter  : Listing entities:
2023-11-28T22:11:57.751-05:00 DEBUG 27472 --- [           main] o.hibernate.internal.util.EntityPrinter  : com.cash_flow_app.apicashflow.entities_repositories_and_services.base.authority.Authority{endpoint=User, permission=CREATE, id=f4f135be-a2b5-48d1-a9d0-2b14e82cc373}
2023-11-28T22:11:57.751-05:00 DEBUG 27472 --- [           main] o.hibernate.internal.util.EntityPrinter  : com.cash_flow_app.apicashflow.entities_repositories_and_services.base.authority.Authority{endpoint=User, permission=READ, id=35481739-2447-454f-8ec3-daf467bb2ae5}
2023-11-28T22:11:57.751-05:00 DEBUG 27472 --- [           main] o.hibernate.internal.util.EntityPrinter  : com.cash_flow_app.apicashflow.entities_repositories_and_services.base.authority.Authority{endpoint=IncomeExpense, permission=CREATE, id=4de61a19-9cab-469d-856c-169a503a3f70}
2023-11-28T22:11:57.751-05:00 DEBUG 27472 --- [           main] o.hibernate.internal.util.EntityPrinter  : com.cash_flow_app.apicashflow.entities_repositories_and_services.base.authority.Authority{endpoint=Account, permission=DELETE, id=363894b3-8bdc-4764-ad13-d91f872e1a95}
2023-11-28T22:11:57.751-05:00 DEBUG 27472 --- [           main] o.hibernate.internal.util.EntityPrinter  : com.cash_flow_app.apicashflow.entities_repositories_and_services.base.authority.Authority{endpoint=Account, permission=CREATE, id=9aaf7d40-45f6-4ab6-90a9-a23f4c1b5f2f}
2023-11-28T22:11:57.751-05:00 DEBUG 27472 --- [           main] o.hibernate.internal.util.EntityPrinter  : com.cash_flow_app.apicashflow.entities_repositories_and_services.base.authority.Authority{endpoint=Account, permission=READ, id=b14a62f4-d04f-422a-a2a3-1f80e2635352}
2023-11-28T22:11:57.751-05:00 DEBUG 27472 --- [           main] org.hibernate.orm.sql.exec               : Skipping reading Query result cache data: cache-enabled = false, cache-mode = NORMAL
2023-11-28T22:11:57.751-05:00 DEBUG 27472 --- [           main] org.hibernate.orm.results                : Initializer list
2023-11-28T22:11:57.751-05:00 DEBUG 27472 --- [           main] org.hibernate.orm.results                :     com.cash_flow_app.apicashflow.entities_repositories_and_services.base.authority.Authority(35202161494041) -> EntityResultInitializer(com.cash_flow_app.apicashflow.entities_repositories_and_services.base.authority.Authority(35202161494041))@1407411504 (SingleTableEntityPersister(com.cash_flow_app.apicashflow.entities_repositories_and_services.base.authority.Authority))
2023-11-28T22:11:57.751-05:00 DEBUG 27472 --- [           main] org.hibernate.SQL                        : 
    select
        a1_0.id,
        a1_0.endpoint,
        a1_0.permission 
    from
        authorities a1_0 
    where
        a1_0.permission=? 
        and a1_0.endpoint=?
2023-11-28T22:11:57.751-05:00 DEBUG 27472 --- [           main] org.hibernate.orm.results                : Extracted JDBC value [0] - [af9e383e-4459-4719-802e-94a22944b4b7]
2023-11-28T22:11:57.751-05:00 DEBUG 27472 --- [           main] o.hibernate.orm.results.loading.entity   : (EntityResultInitializer) Hydrated EntityKey (com.cash_flow_app.apicashflow.entities_repositories_and_services.base.authority.Authority(35202161494041)): af9e383e-4459-4719-802e-94a22944b4b7
2023-11-28T22:11:57.751-05:00 DEBUG 27472 --- [           main] o.hibernate.orm.results.loading.entity   : (EntityResultInitializer) Created new entity instance [com.cash_flow_app.apicashflow.entities_repositories_and_services.base.authority.Authority(35202161494041)#af9e383e-4459-4719-802e-94a22944b4b7] : com.cash_flow_app.apicashflow.entities_repositories_and_services.base.authority.Authority@5db94eaf
2023-11-28T22:11:57.751-05:00 DEBUG 27472 --- [           main] org.hibernate.orm.results                : Extracted JDBC value [1] - [IncomeExpense]
2023-11-28T22:11:57.752-05:00 DEBUG 27472 --- [           main] org.hibernate.orm.results                : Extracted JDBC value [2] - [READ]
2023-11-28T22:11:57.752-05:00 DEBUG 27472 --- [           main] o.hibernate.orm.results.loading.entity   : (EntityResultInitializer) Done materializing entityInstance : com.cash_flow_app.apicashflow.entities_repositories_and_services.base.authority.Authority(35202161494041)#af9e383e-4459-4719-802e-94a22944b4b7
2023-11-28T22:11:57.752-05:00 DEBUG 27472 --- [           main] org.hibernate.orm.results.loading        : Calling top-level assembler (0 / 1) : org.hibernate.sql.results.graph.entity.internal.EntityAssembler@15bb7acd
2023-11-28T22:11:57.752-05:00 DEBUG 27472 --- [           main] org.hibernate.orm.sql.ast.create         : Created new SQL alias : a1_0
2023-11-28T22:11:57.752-05:00 DEBUG 27472 --- [           main] org.hibernate.orm.sql.ast.create         : Registration of TableGroup [StandardTableGroup(com.cash_flow_app.apicashflow.entities_repositories_and_services.base.authority.Authority(35202161494041))] with identifierForTableGroup [com.cash_flow_app.apicashflow.entities_repositories_and_services.base.authority.Authority] for NavigablePath [com.cash_flow_app.apicashflow.entities_repositories_and_services.base.authority.Authority] 
2023-11-28T22:11:57.752-05:00 DEBUG 27472 --- [           main] o.h.q.sqm.sql.BaseSqmToSqlAstConverter   : Determining mapping-model type for SqmParameter : org.hibernate.query.sqm.tree.expression.SqmJpaCriteriaParameterWrapper@725f288f
2023-11-28T22:11:57.752-05:00 DEBUG 27472 --- [           main] o.h.q.sqm.sql.BaseSqmToSqlAstConverter   : Determining mapping-model type for SqmPath : SqmBasicValuedSimplePath(com.cash_flow_app.apicashflow.entities_repositories_and_services.base.authority.Authority(35202161494041).permission) 
2023-11-28T22:11:57.752-05:00 DEBUG 27472 --- [           main] o.h.q.sqm.sql.BaseSqmToSqlAstConverter   : Determining mapping-model type for SqmParameter : org.hibernate.query.sqm.tree.expression.SqmJpaCriteriaParameterWrapper@3e12aa8b
2023-11-28T22:11:57.752-05:00 DEBUG 27472 --- [           main] o.h.q.sqm.sql.BaseSqmToSqlAstConverter   : Determining mapping-model type for SqmPath : SqmBasicValuedSimplePath(com.cash_flow_app.apicashflow.entities_repositories_and_services.base.authority.Authority(35202161494041).endpoint) 
2023-11-28T22:11:57.752-05:00 DEBUG 27472 --- [           main] org.hibernate.orm.results.graph.AST      : DomainResult Graph:
 \-EntityResultImpl [com.cash_flow_app.apicashflow.entities_repositories_and_services.base.authority.Authority(35202161494041)]
 |  +-BasicFetch [com.cash_flow_app.apicashflow.entities_repositories_and_services.base.authority.Authority(35202161494041).endpoint]
 |  \-BasicFetch [com.cash_flow_app.apicashflow.entities_repositories_and_services.base.authority.Authority(35202161494041).permission]

2023-11-28T22:11:57.752-05:00 DEBUG 27472 --- [           main] org.hibernate.orm.sql.ast.tree           : SQL AST Tree:
    SelectStatement {
      FromClause {
        StandardTableGroup (a1 : com.cash_flow_app.apicashflow.entities_repositories_and_services.base.authority.Authority(35202161494041)) {
          primaryTableReference : authorities as a1_0
        }
      }
    }

2023-11-28T22:11:57.752-05:00 DEBUG 27472 --- [           main] o.h.e.i.AbstractFlushingEventListener    : Processing flush-time cascades
2023-11-28T22:11:57.752-05:00 DEBUG 27472 --- [           main] o.h.e.i.AbstractFlushingEventListener    : Dirty checking collections
2023-11-28T22:11:57.752-05:00 DEBUG 27472 --- [           main] o.h.e.i.AbstractFlushingEventListener    : Flushed: 0 insertions, 0 updates, 0 deletions to 7 objects
2023-11-28T22:11:57.752-05:00 DEBUG 27472 --- [           main] o.h.e.i.AbstractFlushingEventListener    : Flushed: 0 (re)creations, 0 updates, 0 removals to 0 collections
2023-11-28T22:11:57.752-05:00 DEBUG 27472 --- [           main] o.hibernate.internal.util.EntityPrinter  : Listing entities:
2023-11-28T22:11:57.752-05:00 DEBUG 27472 --- [           main] o.hibernate.internal.util.EntityPrinter  : com.cash_flow_app.apicashflow.entities_repositories_and_services.base.authority.Authority{endpoint=User, permission=CREATE, id=f4f135be-a2b5-48d1-a9d0-2b14e82cc373}
2023-11-28T22:11:57.752-05:00 DEBUG 27472 --- [           main] o.hibernate.internal.util.EntityPrinter  : com.cash_flow_app.apicashflow.entities_repositories_and_services.base.authority.Authority{endpoint=User, permission=READ, id=35481739-2447-454f-8ec3-daf467bb2ae5}
2023-11-28T22:11:57.752-05:00 DEBUG 27472 --- [           main] o.hibernate.internal.util.EntityPrinter  : com.cash_flow_app.apicashflow.entities_repositories_and_services.base.authority.Authority{endpoint=IncomeExpense, permission=CREATE, id=4de61a19-9cab-469d-856c-169a503a3f70}
2023-11-28T22:11:57.752-05:00 DEBUG 27472 --- [           main] o.hibernate.internal.util.EntityPrinter  : com.cash_flow_app.apicashflow.entities_repositories_and_services.base.authority.Authority{endpoint=Account, permission=DELETE, id=363894b3-8bdc-4764-ad13-d91f872e1a95}
2023-11-28T22:11:57.752-05:00 DEBUG 27472 --- [           main] o.hibernate.internal.util.EntityPrinter  : com.cash_flow_app.apicashflow.entities_repositories_and_services.base.authority.Authority{endpoint=Account, permission=CREATE, id=9aaf7d40-45f6-4ab6-90a9-a23f4c1b5f2f}
2023-11-28T22:11:57.752-05:00 DEBUG 27472 --- [           main] o.hibernate.internal.util.EntityPrinter  : com.cash_flow_app.apicashflow.entities_repositories_and_services.base.authority.Authority{endpoint=Account, permission=READ, id=b14a62f4-d04f-422a-a2a3-1f80e2635352}
2023-11-28T22:11:57.752-05:00 DEBUG 27472 --- [           main] o.hibernate.internal.util.EntityPrinter  : com.cash_flow_app.apicashflow.entities_repositories_and_services.base.authority.Authority{endpoint=IncomeExpense, permission=READ, id=af9e383e-4459-4719-802e-94a22944b4b7}
2023-11-28T22:11:57.752-05:00 DEBUG 27472 --- [           main] org.hibernate.orm.sql.exec               : Skipping reading Query result cache data: cache-enabled = false, cache-mode = NORMAL
2023-11-28T22:11:57.752-05:00 DEBUG 27472 --- [           main] org.hibernate.orm.results                : Initializer list
2023-11-28T22:11:57.752-05:00 DEBUG 27472 --- [           main] org.hibernate.orm.results                :     com.cash_flow_app.apicashflow.entities_repositories_and_services.base.authority.Authority(35202161494041) -> EntityResultInitializer(com.cash_flow_app.apicashflow.entities_repositories_and_services.base.authority.Authority(35202161494041))@1201128418 (SingleTableEntityPersister(com.cash_flow_app.apicashflow.entities_repositories_and_services.base.authority.Authority))
2023-11-28T22:11:57.752-05:00 DEBUG 27472 --- [           main] org.hibernate.SQL                        : 
    select
        a1_0.id,
        a1_0.endpoint,
        a1_0.permission 
    from
        authorities a1_0 
    where
        a1_0.permission=? 
        and a1_0.endpoint=?
2023-11-28T22:11:57.752-05:00 DEBUG 27472 --- [           main] org.hibernate.orm.results                : Extracted JDBC value [0] - [51c645c0-dc8a-45f9-88d1-533e63701dbe]
2023-11-28T22:11:57.752-05:00 DEBUG 27472 --- [           main] o.hibernate.orm.results.loading.entity   : (EntityResultInitializer) Hydrated EntityKey (com.cash_flow_app.apicashflow.entities_repositories_and_services.base.authority.Authority(35202161494041)): 51c645c0-dc8a-45f9-88d1-533e63701dbe
2023-11-28T22:11:57.752-05:00 DEBUG 27472 --- [           main] o.hibernate.orm.results.loading.entity   : (EntityResultInitializer) Created new entity instance [com.cash_flow_app.apicashflow.entities_repositories_and_services.base.authority.Authority(35202161494041)#51c645c0-dc8a-45f9-88d1-533e63701dbe] : com.cash_flow_app.apicashflow.entities_repositories_and_services.base.authority.Authority@2d239324
2023-11-28T22:11:57.752-05:00 DEBUG 27472 --- [           main] org.hibernate.orm.results                : Extracted JDBC value [1] - [IncomeExpense]
2023-11-28T22:11:57.752-05:00 DEBUG 27472 --- [           main] org.hibernate.orm.results                : Extracted JDBC value [2] - [DELETE]
2023-11-28T22:11:57.752-05:00 DEBUG 27472 --- [           main] o.hibernate.orm.results.loading.entity   : (EntityResultInitializer) Done materializing entityInstance : com.cash_flow_app.apicashflow.entities_repositories_and_services.base.authority.Authority(35202161494041)#51c645c0-dc8a-45f9-88d1-533e63701dbe
2023-11-28T22:11:57.752-05:00 DEBUG 27472 --- [           main] org.hibernate.orm.results.loading        : Calling top-level assembler (0 / 1) : org.hibernate.sql.results.graph.entity.internal.EntityAssembler@54d2cdb1
2023-11-28T22:11:57.752-05:00 DEBUG 27472 --- [           main] org.hibernate.orm.sql.ast.create         : Created new SQL alias : a1_0
2023-11-28T22:11:57.752-05:00 DEBUG 27472 --- [           main] org.hibernate.orm.sql.ast.create         : Registration of TableGroup [StandardTableGroup(com.cash_flow_app.apicashflow.entities_repositories_and_services.base.authority.Authority(35202161494041))] with identifierForTableGroup [com.cash_flow_app.apicashflow.entities_repositories_and_services.base.authority.Authority] for NavigablePath [com.cash_flow_app.apicashflow.entities_repositories_and_services.base.authority.Authority] 
2023-11-28T22:11:57.752-05:00 DEBUG 27472 --- [           main] o.h.q.sqm.sql.BaseSqmToSqlAstConverter   : Determining mapping-model type for SqmParameter : org.hibernate.query.sqm.tree.expression.SqmJpaCriteriaParameterWrapper@6f32cfff
2023-11-28T22:11:57.752-05:00 DEBUG 27472 --- [           main] o.h.q.sqm.sql.BaseSqmToSqlAstConverter   : Determining mapping-model type for SqmPath : SqmBasicValuedSimplePath(com.cash_flow_app.apicashflow.entities_repositories_and_services.base.authority.Authority(35202161494041).permission) 
2023-11-28T22:11:57.752-05:00 DEBUG 27472 --- [           main] o.h.q.sqm.sql.BaseSqmToSqlAstConverter   : Determining mapping-model type for SqmParameter : org.hibernate.query.sqm.tree.expression.SqmJpaCriteriaParameterWrapper@4eac6cb4
2023-11-28T22:11:57.753-05:00 DEBUG 27472 --- [           main] o.h.q.sqm.sql.BaseSqmToSqlAstConverter   : Determining mapping-model type for SqmPath : SqmBasicValuedSimplePath(com.cash_flow_app.apicashflow.entities_repositories_and_services.base.authority.Authority(35202161494041).endpoint) 
2023-11-28T22:11:57.753-05:00 DEBUG 27472 --- [           main] org.hibernate.orm.results.graph.AST      : DomainResult Graph:
 \-EntityResultImpl [com.cash_flow_app.apicashflow.entities_repositories_and_services.base.authority.Authority(35202161494041)]
 |  +-BasicFetch [com.cash_flow_app.apicashflow.entities_repositories_and_services.base.authority.Authority(35202161494041).endpoint]
 |  \-BasicFetch [com.cash_flow_app.apicashflow.entities_repositories_and_services.base.authority.Authority(35202161494041).permission]

2023-11-28T22:11:57.753-05:00 DEBUG 27472 --- [           main] org.hibernate.orm.sql.ast.tree           : SQL AST Tree:
    SelectStatement {
      FromClause {
        StandardTableGroup (a1 : com.cash_flow_app.apicashflow.entities_repositories_and_services.base.authority.Authority(35202161494041)) {
          primaryTableReference : authorities as a1_0
        }
      }
    }

2023-11-28T22:11:57.753-05:00 DEBUG 27472 --- [           main] o.h.e.i.AbstractFlushingEventListener    : Processing flush-time cascades
2023-11-28T22:11:57.753-05:00 DEBUG 27472 --- [           main] o.h.e.i.AbstractFlushingEventListener    : Dirty checking collections
2023-11-28T22:11:57.753-05:00 DEBUG 27472 --- [           main] o.h.e.i.AbstractFlushingEventListener    : Flushed: 0 insertions, 0 updates, 0 deletions to 8 objects
2023-11-28T22:11:57.753-05:00 DEBUG 27472 --- [           main] o.h.e.i.AbstractFlushingEventListener    : Flushed: 0 (re)creations, 0 updates, 0 removals to 0 collections
2023-11-28T22:11:57.753-05:00 DEBUG 27472 --- [           main] o.hibernate.internal.util.EntityPrinter  : Listing entities:
2023-11-28T22:11:57.753-05:00 DEBUG 27472 --- [           main] o.hibernate.internal.util.EntityPrinter  : com.cash_flow_app.apicashflow.entities_repositories_and_services.base.authority.Authority{endpoint=User, permission=CREATE, id=f4f135be-a2b5-48d1-a9d0-2b14e82cc373}
2023-11-28T22:11:57.753-05:00 DEBUG 27472 --- [           main] o.hibernate.internal.util.EntityPrinter  : com.cash_flow_app.apicashflow.entities_repositories_and_services.base.authority.Authority{endpoint=User, permission=READ, id=35481739-2447-454f-8ec3-daf467bb2ae5}
2023-11-28T22:11:57.753-05:00 DEBUG 27472 --- [           main] o.hibernate.internal.util.EntityPrinter  : com.cash_flow_app.apicashflow.entities_repositories_and_services.base.authority.Authority{endpoint=IncomeExpense, permission=CREATE, id=4de61a19-9cab-469d-856c-169a503a3f70}
2023-11-28T22:11:57.753-05:00 DEBUG 27472 --- [           main] o.hibernate.internal.util.EntityPrinter  : com.cash_flow_app.apicashflow.entities_repositories_and_services.base.authority.Authority{endpoint=Account, permission=DELETE, id=363894b3-8bdc-4764-ad13-d91f872e1a95}
2023-11-28T22:11:57.753-05:00 DEBUG 27472 --- [           main] o.hibernate.internal.util.EntityPrinter  : com.cash_flow_app.apicashflow.entities_repositories_and_services.base.authority.Authority{endpoint=IncomeExpense, permission=DELETE, id=51c645c0-dc8a-45f9-88d1-533e63701dbe}
2023-11-28T22:11:57.753-05:00 DEBUG 27472 --- [           main] o.hibernate.internal.util.EntityPrinter  : com.cash_flow_app.apicashflow.entities_repositories_and_services.base.authority.Authority{endpoint=Account, permission=CREATE, id=9aaf7d40-45f6-4ab6-90a9-a23f4c1b5f2f}
2023-11-28T22:11:57.753-05:00 DEBUG 27472 --- [           main] o.hibernate.internal.util.EntityPrinter  : com.cash_flow_app.apicashflow.entities_repositories_and_services.base.authority.Authority{endpoint=Account, permission=READ, id=b14a62f4-d04f-422a-a2a3-1f80e2635352}
2023-11-28T22:11:57.753-05:00 DEBUG 27472 --- [           main] o.hibernate.internal.util.EntityPrinter  : com.cash_flow_app.apicashflow.entities_repositories_and_services.base.authority.Authority{endpoint=IncomeExpense, permission=READ, id=af9e383e-4459-4719-802e-94a22944b4b7}
2023-11-28T22:11:57.753-05:00 DEBUG 27472 --- [           main] org.hibernate.orm.sql.exec               : Skipping reading Query result cache data: cache-enabled = false, cache-mode = NORMAL
2023-11-28T22:11:57.753-05:00 DEBUG 27472 --- [           main] org.hibernate.orm.results                : Initializer list
2023-11-28T22:11:57.753-05:00 DEBUG 27472 --- [           main] org.hibernate.orm.results                :     com.cash_flow_app.apicashflow.entities_repositories_and_services.base.authority.Authority(35202161494041) -> EntityResultInitializer(com.cash_flow_app.apicashflow.entities_repositories_and_services.base.authority.Authority(35202161494041))@1770715488 (SingleTableEntityPersister(com.cash_flow_app.apicashflow.entities_repositories_and_services.base.authority.Authority))
2023-11-28T22:11:57.753-05:00 DEBUG 27472 --- [           main] org.hibernate.SQL                        : 
    select
        a1_0.id,
        a1_0.endpoint,
        a1_0.permission 
    from
        authorities a1_0 
    where
        a1_0.permission=? 
        and a1_0.endpoint=?
2023-11-28T22:11:57.753-05:00 DEBUG 27472 --- [           main] org.hibernate.orm.results                : Extracted JDBC value [0] - [bd7f10f2-85c9-49d0-9a90-f83a87d9cdae]
2023-11-28T22:11:57.753-05:00 DEBUG 27472 --- [           main] o.hibernate.orm.results.loading.entity   : (EntityResultInitializer) Hydrated EntityKey (com.cash_flow_app.apicashflow.entities_repositories_and_services.base.authority.Authority(35202161494041)): bd7f10f2-85c9-49d0-9a90-f83a87d9cdae
2023-11-28T22:11:57.753-05:00 DEBUG 27472 --- [           main] o.hibernate.orm.results.loading.entity   : (EntityResultInitializer) Created new entity instance [com.cash_flow_app.apicashflow.entities_repositories_and_services.base.authority.Authority(35202161494041)#bd7f10f2-85c9-49d0-9a90-f83a87d9cdae] : com.cash_flow_app.apicashflow.entities_repositories_and_services.base.authority.Authority@778bdf42
2023-11-28T22:11:57.753-05:00 DEBUG 27472 --- [           main] org.hibernate.orm.results                : Extracted JDBC value [1] - [ScheduledAccount]
2023-11-28T22:11:57.753-05:00 DEBUG 27472 --- [           main] org.hibernate.orm.results                : Extracted JDBC value [2] - [CREATE]
2023-11-28T22:11:57.753-05:00 DEBUG 27472 --- [           main] o.hibernate.orm.results.loading.entity   : (EntityResultInitializer) Done materializing entityInstance : com.cash_flow_app.apicashflow.entities_repositories_and_services.base.authority.Authority(35202161494041)#bd7f10f2-85c9-49d0-9a90-f83a87d9cdae
2023-11-28T22:11:57.753-05:00 DEBUG 27472 --- [           main] org.hibernate.orm.results.loading        : Calling top-level assembler (0 / 1) : org.hibernate.sql.results.graph.entity.internal.EntityAssembler@49f4792a
2023-11-28T22:11:57.753-05:00 DEBUG 27472 --- [           main] org.hibernate.orm.sql.ast.create         : Created new SQL alias : a1_0
2023-11-28T22:11:57.753-05:00 DEBUG 27472 --- [           main] org.hibernate.orm.sql.ast.create         : Registration of TableGroup [StandardTableGroup(com.cash_flow_app.apicashflow.entities_repositories_and_services.base.authority.Authority(35202161494041))] with identifierForTableGroup [com.cash_flow_app.apicashflow.entities_repositories_and_services.base.authority.Authority] for NavigablePath [com.cash_flow_app.apicashflow.entities_repositories_and_services.base.authority.Authority] 
2023-11-28T22:11:57.753-05:00 DEBUG 27472 --- [           main] o.h.q.sqm.sql.BaseSqmToSqlAstConverter   : Determining mapping-model type for SqmParameter : org.hibernate.query.sqm.tree.expression.SqmJpaCriteriaParameterWrapper@13638ddf
2023-11-28T22:11:57.753-05:00 DEBUG 27472 --- [           main] o.h.q.sqm.sql.BaseSqmToSqlAstConverter   : Determining mapping-model type for SqmPath : SqmBasicValuedSimplePath(com.cash_flow_app.apicashflow.entities_repositories_and_services.base.authority.Authority(35202161494041).permission) 
2023-11-28T22:11:57.753-05:00 DEBUG 27472 --- [           main] o.h.q.sqm.sql.BaseSqmToSqlAstConverter   : Determining mapping-model type for SqmParameter : org.hibernate.query.sqm.tree.expression.SqmJpaCriteriaParameterWrapper@41cf885f
2023-11-28T22:11:57.753-05:00 DEBUG 27472 --- [           main] o.h.q.sqm.sql.BaseSqmToSqlAstConverter   : Determining mapping-model type for SqmPath : SqmBasicValuedSimplePath(com.cash_flow_app.apicashflow.entities_repositories_and_services.base.authority.Authority(35202161494041).endpoint) 
2023-11-28T22:11:57.753-05:00 DEBUG 27472 --- [           main] org.hibernate.orm.results.graph.AST      : DomainResult Graph:
 \-EntityResultImpl [com.cash_flow_app.apicashflow.entities_repositories_and_services.base.authority.Authority(35202161494041)]
 |  +-BasicFetch [com.cash_flow_app.apicashflow.entities_repositories_and_services.base.authority.Authority(35202161494041).endpoint]
 |  \-BasicFetch [com.cash_flow_app.apicashflow.entities_repositories_and_services.base.authority.Authority(35202161494041).permission]

2023-11-28T22:11:57.754-05:00 DEBUG 27472 --- [           main] org.hibernate.orm.sql.ast.tree           : SQL AST Tree:
    SelectStatement {
      FromClause {
        StandardTableGroup (a1 : com.cash_flow_app.apicashflow.entities_repositories_and_services.base.authority.Authority(35202161494041)) {
          primaryTableReference : authorities as a1_0
        }
      }
    }

2023-11-28T22:11:57.754-05:00 DEBUG 27472 --- [           main] o.h.e.i.AbstractFlushingEventListener    : Processing flush-time cascades
2023-11-28T22:11:57.754-05:00 DEBUG 27472 --- [           main] o.h.e.i.AbstractFlushingEventListener    : Dirty checking collections
2023-11-28T22:11:57.754-05:00 DEBUG 27472 --- [           main] o.h.e.i.AbstractFlushingEventListener    : Flushed: 0 insertions, 0 updates, 0 deletions to 9 objects
2023-11-28T22:11:57.754-05:00 DEBUG 27472 --- [           main] o.h.e.i.AbstractFlushingEventListener    : Flushed: 0 (re)creations, 0 updates, 0 removals to 0 collections
2023-11-28T22:11:57.754-05:00 DEBUG 27472 --- [           main] o.hibernate.internal.util.EntityPrinter  : Listing entities:
2023-11-28T22:11:57.754-05:00 DEBUG 27472 --- [           main] o.hibernate.internal.util.EntityPrinter  : com.cash_flow_app.apicashflow.entities_repositories_and_services.base.authority.Authority{endpoint=User, permission=CREATE, id=f4f135be-a2b5-48d1-a9d0-2b14e82cc373}
2023-11-28T22:11:57.754-05:00 DEBUG 27472 --- [           main] o.hibernate.internal.util.EntityPrinter  : com.cash_flow_app.apicashflow.entities_repositories_and_services.base.authority.Authority{endpoint=User, permission=READ, id=35481739-2447-454f-8ec3-daf467bb2ae5}
2023-11-28T22:11:57.754-05:00 DEBUG 27472 --- [           main] o.hibernate.internal.util.EntityPrinter  : com.cash_flow_app.apicashflow.entities_repositories_and_services.base.authority.Authority{endpoint=IncomeExpense, permission=CREATE, id=4de61a19-9cab-469d-856c-169a503a3f70}
2023-11-28T22:11:57.754-05:00 DEBUG 27472 --- [           main] o.hibernate.internal.util.EntityPrinter  : com.cash_flow_app.apicashflow.entities_repositories_and_services.base.authority.Authority{endpoint=Account, permission=DELETE, id=363894b3-8bdc-4764-ad13-d91f872e1a95}
2023-11-28T22:11:57.754-05:00 DEBUG 27472 --- [           main] o.hibernate.internal.util.EntityPrinter  : com.cash_flow_app.apicashflow.entities_repositories_and_services.base.authority.Authority{endpoint=IncomeExpense, permission=DELETE, id=51c645c0-dc8a-45f9-88d1-533e63701dbe}
2023-11-28T22:11:57.754-05:00 DEBUG 27472 --- [           main] o.hibernate.internal.util.EntityPrinter  : com.cash_flow_app.apicashflow.entities_repositories_and_services.base.authority.Authority{endpoint=ScheduledAccount, permission=CREATE, id=bd7f10f2-85c9-49d0-9a90-f83a87d9cdae}
2023-11-28T22:11:57.754-05:00 DEBUG 27472 --- [           main] o.hibernate.internal.util.EntityPrinter  : com.cash_flow_app.apicashflow.entities_repositories_and_services.base.authority.Authority{endpoint=Account, permission=CREATE, id=9aaf7d40-45f6-4ab6-90a9-a23f4c1b5f2f}
2023-11-28T22:11:57.754-05:00 DEBUG 27472 --- [           main] o.hibernate.internal.util.EntityPrinter  : com.cash_flow_app.apicashflow.entities_repositories_and_services.base.authority.Authority{endpoint=Account, permission=READ, id=b14a62f4-d04f-422a-a2a3-1f80e2635352}
2023-11-28T22:11:57.754-05:00 DEBUG 27472 --- [           main] o.hibernate.internal.util.EntityPrinter  : com.cash_flow_app.apicashflow.entities_repositories_and_services.base.authority.Authority{endpoint=IncomeExpense, permission=READ, id=af9e383e-4459-4719-802e-94a22944b4b7}
2023-11-28T22:11:57.754-05:00 DEBUG 27472 --- [           main] org.hibernate.orm.sql.exec               : Skipping reading Query result cache data: cache-enabled = false, cache-mode = NORMAL
2023-11-28T22:11:57.754-05:00 DEBUG 27472 --- [           main] org.hibernate.orm.results                : Initializer list
2023-11-28T22:11:57.754-05:00 DEBUG 27472 --- [           main] org.hibernate.orm.results                :     com.cash_flow_app.apicashflow.entities_repositories_and_services.base.authority.Authority(35202161494041) -> EntityResultInitializer(com.cash_flow_app.apicashflow.entities_repositories_and_services.base.authority.Authority(35202161494041))@812823439 (SingleTableEntityPersister(com.cash_flow_app.apicashflow.entities_repositories_and_services.base.authority.Authority))
2023-11-28T22:11:57.754-05:00 DEBUG 27472 --- [           main] org.hibernate.SQL                        : 
    select
        a1_0.id,
        a1_0.endpoint,
        a1_0.permission 
    from
        authorities a1_0 
    where
        a1_0.permission=? 
        and a1_0.endpoint=?
2023-11-28T22:11:57.754-05:00 DEBUG 27472 --- [           main] org.hibernate.orm.results                : Extracted JDBC value [0] - [fed8cd26-d658-4965-b57c-1be9bb9eb61c]
2023-11-28T22:11:57.754-05:00 DEBUG 27472 --- [           main] o.hibernate.orm.results.loading.entity   : (EntityResultInitializer) Hydrated EntityKey (com.cash_flow_app.apicashflow.entities_repositories_and_services.base.authority.Authority(35202161494041)): fed8cd26-d658-4965-b57c-1be9bb9eb61c
2023-11-28T22:11:57.755-05:00 DEBUG 27472 --- [           main] o.hibernate.orm.results.loading.entity   : (EntityResultInitializer) Created new entity instance [com.cash_flow_app.apicashflow.entities_repositories_and_services.base.authority.Authority(35202161494041)#fed8cd26-d658-4965-b57c-1be9bb9eb61c] : com.cash_flow_app.apicashflow.entities_repositories_and_services.base.authority.Authority@58d1340e
2023-11-28T22:11:57.755-05:00 DEBUG 27472 --- [           main] org.hibernate.orm.results                : Extracted JDBC value [1] - [ScheduledAccount]
2023-11-28T22:11:57.755-05:00 DEBUG 27472 --- [           main] org.hibernate.orm.results                : Extracted JDBC value [2] - [READ]
2023-11-28T22:11:57.755-05:00 DEBUG 27472 --- [           main] o.hibernate.orm.results.loading.entity   : (EntityResultInitializer) Done materializing entityInstance : com.cash_flow_app.apicashflow.entities_repositories_and_services.base.authority.Authority(35202161494041)#fed8cd26-d658-4965-b57c-1be9bb9eb61c
2023-11-28T22:11:57.755-05:00 DEBUG 27472 --- [           main] org.hibernate.orm.results.loading        : Calling top-level assembler (0 / 1) : org.hibernate.sql.results.graph.entity.internal.EntityAssembler@24f6375b
2023-11-28T22:11:57.755-05:00 DEBUG 27472 --- [           main] org.hibernate.orm.sql.ast.create         : Created new SQL alias : a1_0
2023-11-28T22:11:57.755-05:00 DEBUG 27472 --- [           main] org.hibernate.orm.sql.ast.create         : Registration of TableGroup [StandardTableGroup(com.cash_flow_app.apicashflow.entities_repositories_and_services.base.authority.Authority(35202161494041))] with identifierForTableGroup [com.cash_flow_app.apicashflow.entities_repositories_and_services.base.authority.Authority] for NavigablePath [com.cash_flow_app.apicashflow.entities_repositories_and_services.base.authority.Authority] 
2023-11-28T22:11:57.755-05:00 DEBUG 27472 --- [           main] o.h.q.sqm.sql.BaseSqmToSqlAstConverter   : Determining mapping-model type for SqmParameter : org.hibernate.query.sqm.tree.expression.SqmJpaCriteriaParameterWrapper@3f6f5e03
2023-11-28T22:11:57.755-05:00 DEBUG 27472 --- [           main] o.h.q.sqm.sql.BaseSqmToSqlAstConverter   : Determining mapping-model type for SqmPath : SqmBasicValuedSimplePath(com.cash_flow_app.apicashflow.entities_repositories_and_services.base.authority.Authority(35202161494041).permission) 
2023-11-28T22:11:57.755-05:00 DEBUG 27472 --- [           main] o.h.q.sqm.sql.BaseSqmToSqlAstConverter   : Determining mapping-model type for SqmParameter : org.hibernate.query.sqm.tree.expression.SqmJpaCriteriaParameterWrapper@122ff251
2023-11-28T22:11:57.755-05:00 DEBUG 27472 --- [           main] o.h.q.sqm.sql.BaseSqmToSqlAstConverter   : Determining mapping-model type for SqmPath : SqmBasicValuedSimplePath(com.cash_flow_app.apicashflow.entities_repositories_and_services.base.authority.Authority(35202161494041).endpoint) 
2023-11-28T22:11:57.755-05:00 DEBUG 27472 --- [           main] org.hibernate.orm.results.graph.AST      : DomainResult Graph:
 \-EntityResultImpl [com.cash_flow_app.apicashflow.entities_repositories_and_services.base.authority.Authority(35202161494041)]
 |  +-BasicFetch [com.cash_flow_app.apicashflow.entities_repositories_and_services.base.authority.Authority(35202161494041).endpoint]
 |  \-BasicFetch [com.cash_flow_app.apicashflow.entities_repositories_and_services.base.authority.Authority(35202161494041).permission]

2023-11-28T22:11:57.755-05:00 DEBUG 27472 --- [           main] org.hibernate.orm.sql.ast.tree           : SQL AST Tree:
    SelectStatement {
      FromClause {
        StandardTableGroup (a1 : com.cash_flow_app.apicashflow.entities_repositories_and_services.base.authority.Authority(35202161494041)) {
          primaryTableReference : authorities as a1_0
        }
      }
    }

2023-11-28T22:11:57.755-05:00 DEBUG 27472 --- [           main] o.h.e.i.AbstractFlushingEventListener    : Processing flush-time cascades
2023-11-28T22:11:57.755-05:00 DEBUG 27472 --- [           main] o.h.e.i.AbstractFlushingEventListener    : Dirty checking collections
2023-11-28T22:11:57.755-05:00 DEBUG 27472 --- [           main] o.h.e.i.AbstractFlushingEventListener    : Flushed: 0 insertions, 0 updates, 0 deletions to 10 objects
2023-11-28T22:11:57.755-05:00 DEBUG 27472 --- [           main] o.h.e.i.AbstractFlushingEventListener    : Flushed: 0 (re)creations, 0 updates, 0 removals to 0 collections
2023-11-28T22:11:57.755-05:00 DEBUG 27472 --- [           main] o.hibernate.internal.util.EntityPrinter  : Listing entities:
2023-11-28T22:11:57.755-05:00 DEBUG 27472 --- [           main] o.hibernate.internal.util.EntityPrinter  : com.cash_flow_app.apicashflow.entities_repositories_and_services.base.authority.Authority{endpoint=User, permission=CREATE, id=f4f135be-a2b5-48d1-a9d0-2b14e82cc373}
2023-11-28T22:11:57.755-05:00 DEBUG 27472 --- [           main] o.hibernate.internal.util.EntityPrinter  : com.cash_flow_app.apicashflow.entities_repositories_and_services.base.authority.Authority{endpoint=User, permission=READ, id=35481739-2447-454f-8ec3-daf467bb2ae5}
2023-11-28T22:11:57.755-05:00 DEBUG 27472 --- [           main] o.hibernate.internal.util.EntityPrinter  : com.cash_flow_app.apicashflow.entities_repositories_and_services.base.authority.Authority{endpoint=IncomeExpense, permission=CREATE, id=4de61a19-9cab-469d-856c-169a503a3f70}
2023-11-28T22:11:57.755-05:00 DEBUG 27472 --- [           main] o.hibernate.internal.util.EntityPrinter  : com.cash_flow_app.apicashflow.entities_repositories_and_services.base.authority.Authority{endpoint=Account, permission=DELETE, id=363894b3-8bdc-4764-ad13-d91f872e1a95}
2023-11-28T22:11:57.755-05:00 DEBUG 27472 --- [           main] o.hibernate.internal.util.EntityPrinter  : com.cash_flow_app.apicashflow.entities_repositories_and_services.base.authority.Authority{endpoint=IncomeExpense, permission=DELETE, id=51c645c0-dc8a-45f9-88d1-533e63701dbe}
2023-11-28T22:11:57.755-05:00 DEBUG 27472 --- [           main] o.hibernate.internal.util.EntityPrinter  : com.cash_flow_app.apicashflow.entities_repositories_and_services.base.authority.Authority{endpoint=ScheduledAccount, permission=READ, id=fed8cd26-d658-4965-b57c-1be9bb9eb61c}
2023-11-28T22:11:57.755-05:00 DEBUG 27472 --- [           main] o.hibernate.internal.util.EntityPrinter  : com.cash_flow_app.apicashflow.entities_repositories_and_services.base.authority.Authority{endpoint=ScheduledAccount, permission=CREATE, id=bd7f10f2-85c9-49d0-9a90-f83a87d9cdae}
2023-11-28T22:11:57.755-05:00 DEBUG 27472 --- [           main] o.hibernate.internal.util.EntityPrinter  : com.cash_flow_app.apicashflow.entities_repositories_and_services.base.authority.Authority{endpoint=Account, permission=CREATE, id=9aaf7d40-45f6-4ab6-90a9-a23f4c1b5f2f}
2023-11-28T22:11:57.755-05:00 DEBUG 27472 --- [           main] o.hibernate.internal.util.EntityPrinter  : com.cash_flow_app.apicashflow.entities_repositories_and_services.base.authority.Authority{endpoint=Account, permission=READ, id=b14a62f4-d04f-422a-a2a3-1f80e2635352}
2023-11-28T22:11:57.755-05:00 DEBUG 27472 --- [           main] o.hibernate.internal.util.EntityPrinter  : com.cash_flow_app.apicashflow.entities_repositories_and_services.base.authority.Authority{endpoint=IncomeExpense, permission=READ, id=af9e383e-4459-4719-802e-94a22944b4b7}
2023-11-28T22:11:57.755-05:00 DEBUG 27472 --- [           main] org.hibernate.orm.sql.exec               : Skipping reading Query result cache data: cache-enabled = false, cache-mode = NORMAL
2023-11-28T22:11:57.755-05:00 DEBUG 27472 --- [           main] org.hibernate.orm.results                : Initializer list
2023-11-28T22:11:57.755-05:00 DEBUG 27472 --- [           main] org.hibernate.orm.results                :     com.cash_flow_app.apicashflow.entities_repositories_and_services.base.authority.Authority(35202161494041) -> EntityResultInitializer(com.cash_flow_app.apicashflow.entities_repositories_and_services.base.authority.Authority(35202161494041))@2128377950 (SingleTableEntityPersister(com.cash_flow_app.apicashflow.entities_repositories_and_services.base.authority.Authority))
2023-11-28T22:11:57.755-05:00 DEBUG 27472 --- [           main] org.hibernate.SQL                        : 
    select
        a1_0.id,
        a1_0.endpoint,
        a1_0.permission 
    from
        authorities a1_0 
    where
        a1_0.permission=? 
        and a1_0.endpoint=?
2023-11-28T22:11:57.756-05:00 DEBUG 27472 --- [           main] org.hibernate.orm.results                : Extracted JDBC value [0] - [76cfdeb6-c100-4ed8-bb40-d15e53690430]
2023-11-28T22:11:57.756-05:00 DEBUG 27472 --- [           main] o.hibernate.orm.results.loading.entity   : (EntityResultInitializer) Hydrated EntityKey (com.cash_flow_app.apicashflow.entities_repositories_and_services.base.authority.Authority(35202161494041)): 76cfdeb6-c100-4ed8-bb40-d15e53690430
2023-11-28T22:11:57.756-05:00 DEBUG 27472 --- [           main] o.hibernate.orm.results.loading.entity   : (EntityResultInitializer) Created new entity instance [com.cash_flow_app.apicashflow.entities_repositories_and_services.base.authority.Authority(35202161494041)#76cfdeb6-c100-4ed8-bb40-d15e53690430] : com.cash_flow_app.apicashflow.entities_repositories_and_services.base.authority.Authority@50118662
2023-11-28T22:11:57.756-05:00 DEBUG 27472 --- [           main] org.hibernate.orm.results                : Extracted JDBC value [1] - [ScheduledAccount]
2023-11-28T22:11:57.756-05:00 DEBUG 27472 --- [           main] org.hibernate.orm.results                : Extracted JDBC value [2] - [DELETE]
2023-11-28T22:11:57.756-05:00 DEBUG 27472 --- [           main] o.hibernate.orm.results.loading.entity   : (EntityResultInitializer) Done materializing entityInstance : com.cash_flow_app.apicashflow.entities_repositories_and_services.base.authority.Authority(35202161494041)#76cfdeb6-c100-4ed8-bb40-d15e53690430
2023-11-28T22:11:57.756-05:00 DEBUG 27472 --- [           main] org.hibernate.orm.results.loading        : Calling top-level assembler (0 / 1) : org.hibernate.sql.results.graph.entity.internal.EntityAssembler@4d121ab6
2023-11-28T22:11:57.831-05:00 DEBUG 27472 --- [           main] o.s.orm.jpa.JpaTransactionManager        : Found thread-bound EntityManager [SessionImpl(526672117<open>)] for JPA transaction
2023-11-28T22:11:57.831-05:00 DEBUG 27472 --- [           main] o.s.orm.jpa.JpaTransactionManager        : Participating in existing transaction
2023-11-28T22:11:57.832-05:00 DEBUG 27472 --- [           main] o.h.j.internal.PersistenceUnitUtilImpl   : jakarta.persistence.PersistenceUnitUtil.getIdentifier is only intended to work with enhanced entities (although Hibernate also adapts this support to its proxies); however the passed entity was not enhanced (nor a proxy).. may not be able to read identifier
2023-11-28T22:11:57.832-05:00 DEBUG 27472 --- [           main] o.h.e.i.AbstractSaveEventListener        : Generated identifier: 209cb903-6af1-47a5-af6b-0abb9cd87779, using strategy: org.hibernate.id.UUIDGenerator
2023-11-28T22:11:57.833-05:00 DEBUG 27472 --- [           main] o.s.w.s.m.m.a.HttpEntityMethodProcessor  : Using 'application/json', given [*/*] and supported [application/json, application/*+json]
2023-11-28T22:11:57.833-05:00 DEBUG 27472 --- [           main] o.s.w.s.m.m.a.HttpEntityMethodProcessor  : Writing [UserResponseDto(username=usuario_test, password=null, token_auth=eyJhbGciOiJIUzUxMiJ9.eyJzdWIiOiJ1c3 (truncated)...]
2023-11-28T22:11:57.833-05:00 DEBUG 27472 --- [           main] o.s.t.web.servlet.TestDispatcherServlet  : Completed 200 OK
2023-11-28T22:11:57.834-05:00 DEBUG 27472 --- [           main] o.s.test.util.ReflectionTestUtils        : Invoking method 'getFilters' on target object [FilterChainProxy[Filter Chains: [DefaultSecurityFilterChain [RequestMatcher=any request, Filters=[org.springframework.security.web.session.DisableEncodeUrlFilter@120e3ebb, org.springframework.security.web.session.ForceEagerSessionCreationFilter@753f1c3e, org.springframework.security.web.context.request.async.WebAsyncManagerIntegrationFilter@5e9af5d4, org.springframework.security.web.context.SecurityContextHolderFilter@1d18e5ad, org.springframework.security.web.header.HeaderWriterFilter@73b68d98, org.springframework.web.filter.CorsFilter@7863e6b2, org.springframework.security.web.authentication.logout.LogoutFilter@1e5a8278, JWTAuthorizationFilter(loginService=com.cash_flow_app.apicashflow.entities_repositories_and_services.base.security.LoginService@508b9c16), com.cash_flow_app.apicashflow.entities_repositories_and_services.base.security.JWTAuthenticationFilter@6fd2b939, org.springframework.security.web.savedrequest.RequestCacheAwareFilter@11def039, org.springframework.security.web.servletapi.SecurityContextHolderAwareRequestFilter@564375d7, org.springframework.security.web.authentication.AnonymousAuthenticationFilter@c4aa99e, org.springframework.security.web.session.SessionManagementFilter@69af6978, org.springframework.security.web.access.ExceptionTranslationFilter@4469046b, org.springframework.security.web.access.intercept.AuthorizationFilter@588d2e90]]]]] or target class [null] with arguments {org.springframework.mock.web.MockHttpServletRequest@199efc58}
2023-11-28T22:11:57.834-05:00 DEBUG 27472 --- [           main] o.s.test.util.ReflectionTestUtils        : Invoking method 'getFilters' on target object [FilterChainProxy[Filter Chains: [DefaultSecurityFilterChain [RequestMatcher=any request, Filters=[org.springframework.security.web.session.DisableEncodeUrlFilter@120e3ebb, org.springframework.security.web.session.ForceEagerSessionCreationFilter@753f1c3e, org.springframework.security.web.context.request.async.WebAsyncManagerIntegrationFilter@5e9af5d4, org.springframework.security.web.context.SecurityContextHolderFilter@1d18e5ad, org.springframework.security.web.header.HeaderWriterFilter@73b68d98, org.springframework.web.filter.CorsFilter@7863e6b2, org.springframework.security.web.authentication.logout.LogoutFilter@1e5a8278, JWTAuthorizationFilter(loginService=com.cash_flow_app.apicashflow.entities_repositories_and_services.base.security.LoginService@508b9c16), com.cash_flow_app.apicashflow.entities_repositories_and_services.base.security.JWTAuthenticationFilter@6fd2b939, org.springframework.security.web.savedrequest.RequestCacheAwareFilter@11def039, org.springframework.security.web.servletapi.SecurityContextHolderAwareRequestFilter@564375d7, org.springframework.security.web.authentication.AnonymousAuthenticationFilter@c4aa99e, org.springframework.security.web.session.SessionManagementFilter@69af6978, org.springframework.security.web.access.ExceptionTranslationFilter@4469046b, org.springframework.security.web.access.intercept.AuthorizationFilter@588d2e90]]]]] or target class [null] with arguments {org.springframework.mock.web.MockHttpServletRequest@199efc58}
2023-11-28T22:11:57.834-05:00 DEBUG 27472 --- [           main] o.s.test.util.ReflectionTestUtils        : Invoking method 'getFilters' on target object [FilterChainProxy[Filter Chains: [DefaultSecurityFilterChain [RequestMatcher=any request, Filters=[org.springframework.security.web.session.DisableEncodeUrlFilter@120e3ebb, org.springframework.security.web.session.ForceEagerSessionCreationFilter@753f1c3e, org.springframework.security.web.context.request.async.WebAsyncManagerIntegrationFilter@5e9af5d4, org.springframework.security.web.context.SecurityContextHolderFilter@1d18e5ad, org.springframework.security.web.header.HeaderWriterFilter@73b68d98, org.springframework.web.filter.CorsFilter@7863e6b2, org.springframework.security.web.authentication.logout.LogoutFilter@1e5a8278, JWTAuthorizationFilter(loginService=com.cash_flow_app.apicashflow.entities_repositories_and_services.base.security.LoginService@508b9c16), com.cash_flow_app.apicashflow.entities_repositories_and_services.base.security.JWTAuthenticationFilter@6fd2b939, org.springframework.security.web.savedrequest.RequestCacheAwareFilter@11def039, org.springframework.security.web.servletapi.SecurityContextHolderAwareRequestFilter@564375d7, org.springframework.security.web.authentication.AnonymousAuthenticationFilter@c4aa99e, org.springframework.security.web.session.SessionManagementFilter@69af6978, org.springframework.security.web.access.ExceptionTranslationFilter@4469046b, org.springframework.security.web.access.intercept.AuthorizationFilter@588d2e90]]]]] or target class [null] with arguments {org.springframework.mock.web.MockHttpServletRequest@199efc58}
2023-11-28T22:11:57.834-05:00 DEBUG 27472 --- [           main] o.s.security.web.FilterChainProxy        : Securing POST /api/v1/user/login
2023-11-28T22:11:57.834-05:00 DEBUG 27472 --- [           main] .s.s.w.s.ForceEagerSessionCreationFilter : Created session eagerly
2023-11-28T22:11:57.835-05:00 DEBUG 27472 --- [           main] org.hibernate.orm.sql.ast.create         : Created new SQL alias : u1_0
2023-11-28T22:11:57.835-05:00 DEBUG 27472 --- [           main] org.hibernate.orm.sql.ast.create         : Registration of TableGroup [StandardTableGroup(com.cash_flow_app.apicashflow.entities_repositories_and_services.base.user.User(35202153502500))] with identifierForTableGroup [com.cash_flow_app.apicashflow.entities_repositories_and_services.base.user.User] for NavigablePath [com.cash_flow_app.apicashflow.entities_repositories_and_services.base.user.User] 
2023-11-28T22:11:57.835-05:00 DEBUG 27472 --- [           main] o.h.q.sqm.sql.BaseSqmToSqlAstConverter   : Determining mapping-model type for SqmParameter : org.hibernate.query.sqm.tree.expression.SqmJpaCriteriaParameterWrapper@3b310465
2023-11-28T22:11:57.835-05:00 DEBUG 27472 --- [           main] o.h.q.sqm.sql.BaseSqmToSqlAstConverter   : Determining mapping-model type for SqmPath : SqmBasicValuedSimplePath(com.cash_flow_app.apicashflow.entities_repositories_and_services.base.user.User(35202153502500).username) 
2023-11-28T22:11:57.835-05:00 DEBUG 27472 --- [           main] org.hibernate.orm.results.graph.AST      : DomainResult Graph:
 \-EntityResultImpl [com.cash_flow_app.apicashflow.entities_repositories_and_services.base.user.User(35202153502500)]
 |  +-SelectEagerCollectionFetch [com.cash_flow_app.apicashflow.entities_repositories_and_services.base.user.User(35202153502500).accounts]
 |  +-SelectEagerCollectionFetch [com.cash_flow_app.apicashflow.entities_repositories_and_services.base.user.User(35202153502500).authorities]
 |  +-BasicFetch [com.cash_flow_app.apicashflow.entities_repositories_and_services.base.user.User(35202153502500).password]
 |  \-BasicFetch [com.cash_flow_app.apicashflow.entities_repositories_and_services.base.user.User(35202153502500).username]

2023-11-28T22:11:57.835-05:00 DEBUG 27472 --- [           main] org.hibernate.orm.sql.ast.tree           : SQL AST Tree:
    SelectStatement {
      FromClause {
        StandardTableGroup (u1 : com.cash_flow_app.apicashflow.entities_repositories_and_services.base.user.User(35202153502500)) {
          primaryTableReference : users as u1_0
        }
      }
    }

2023-11-28T22:11:57.835-05:00 DEBUG 27472 --- [           main] o.h.e.i.AbstractFlushingEventListener    : Processing flush-time cascades
2023-11-28T22:11:57.835-05:00 DEBUG 27472 --- [           main] o.h.e.i.AbstractFlushingEventListener    : Dirty checking collections
2023-11-28T22:11:57.835-05:00 DEBUG 27472 --- [           main] o.hibernate.engine.internal.Collections  : Collection found: [com.cash_flow_app.apicashflow.entities_repositories_and_services.base.user.User.authorities#209cb903-6af1-47a5-af6b-0abb9cd87779], was: [<unreferenced>] (initialized)
2023-11-28T22:11:57.835-05:00 DEBUG 27472 --- [           main] o.h.e.i.AbstractFlushingEventListener    : Flushed: 1 insertions, 0 updates, 0 deletions to 12 objects
2023-11-28T22:11:57.835-05:00 DEBUG 27472 --- [           main] o.h.e.i.AbstractFlushingEventListener    : Flushed: 1 (re)creations, 0 updates, 0 removals to 1 collections
2023-11-28T22:11:57.835-05:00 DEBUG 27472 --- [           main] o.hibernate.internal.util.EntityPrinter  : Listing entities:
2023-11-28T22:11:57.835-05:00 DEBUG 27472 --- [           main] o.hibernate.internal.util.EntityPrinter  : com.cash_flow_app.apicashflow.entities_repositories_and_services.base.authority.Authority{endpoint=User, permission=CREATE, id=f4f135be-a2b5-48d1-a9d0-2b14e82cc373}
2023-11-28T22:11:57.835-05:00 DEBUG 27472 --- [           main] o.hibernate.internal.util.EntityPrinter  : com.cash_flow_app.apicashflow.entities_repositories_and_services.base.authority.Authority{endpoint=User, permission=READ, id=35481739-2447-454f-8ec3-daf467bb2ae5}
2023-11-28T22:11:57.835-05:00 DEBUG 27472 --- [           main] o.hibernate.internal.util.EntityPrinter  : com.cash_flow_app.apicashflow.entities_repositories_and_services.base.authority.Authority{endpoint=IncomeExpense, permission=CREATE, id=4de61a19-9cab-469d-856c-169a503a3f70}
2023-11-28T22:11:57.835-05:00 DEBUG 27472 --- [           main] o.hibernate.internal.util.EntityPrinter  : com.cash_flow_app.apicashflow.entities_repositories_and_services.base.authority.Authority{endpoint=Account, permission=DELETE, id=363894b3-8bdc-4764-ad13-d91f872e1a95}
2023-11-28T22:11:57.835-05:00 DEBUG 27472 --- [           main] o.hibernate.internal.util.EntityPrinter  : com.cash_flow_app.apicashflow.entities_repositories_and_services.base.authority.Authority{endpoint=IncomeExpense, permission=DELETE, id=51c645c0-dc8a-45f9-88d1-533e63701dbe}
2023-11-28T22:11:57.835-05:00 DEBUG 27472 --- [           main] o.hibernate.internal.util.EntityPrinter  : com.cash_flow_app.apicashflow.entities_repositories_and_services.base.authority.Authority{endpoint=ScheduledAccount, permission=READ, id=fed8cd26-d658-4965-b57c-1be9bb9eb61c}
2023-11-28T22:11:57.835-05:00 DEBUG 27472 --- [           main] o.hibernate.internal.util.EntityPrinter  : com.cash_flow_app.apicashflow.entities_repositories_and_services.base.authority.Authority{endpoint=ScheduledAccount, permission=DELETE, id=76cfdeb6-c100-4ed8-bb40-d15e53690430}
2023-11-28T22:11:57.835-05:00 DEBUG 27472 --- [           main] o.hibernate.internal.util.EntityPrinter  : com.cash_flow_app.apicashflow.entities_repositories_and_services.base.authority.Authority{endpoint=ScheduledAccount, permission=CREATE, id=bd7f10f2-85c9-49d0-9a90-f83a87d9cdae}
2023-11-28T22:11:57.835-05:00 DEBUG 27472 --- [           main] o.hibernate.internal.util.EntityPrinter  : com.cash_flow_app.apicashflow.entities_repositories_and_services.base.authority.Authority{endpoint=Account, permission=CREATE, id=9aaf7d40-45f6-4ab6-90a9-a23f4c1b5f2f}
2023-11-28T22:11:57.835-05:00 DEBUG 27472 --- [           main] o.hibernate.internal.util.EntityPrinter  : com.cash_flow_app.apicashflow.entities_repositories_and_services.base.authority.Authority{endpoint=Account, permission=READ, id=b14a62f4-d04f-422a-a2a3-1f80e2635352}
2023-11-28T22:11:57.836-05:00 DEBUG 27472 --- [           main] o.hibernate.internal.util.EntityPrinter  : com.cash_flow_app.apicashflow.entities_repositories_and_services.base.user.User{password=$2a$10$CxEr/WerlVI9IlML6jn9LeWF9A4AzB5rCOC7wzSRC63OF.36a23Nq, id=209cb903-6af1-47a5-af6b-0abb9cd87779, accounts=null, authorities=[com.cash_flow_app.apicashflow.entities_repositories_and_services.base.authority.Authority#9aaf7d40-45f6-4ab6-90a9-a23f4c1b5f2f, com.cash_flow_app.apicashflow.entities_repositories_and_services.base.authority.Authority#b14a62f4-d04f-422a-a2a3-1f80e2635352, com.cash_flow_app.apicashflow.entities_repositories_and_services.base.authority.Authority#363894b3-8bdc-4764-ad13-d91f872e1a95, com.cash_flow_app.apicashflow.entities_repositories_and_services.base.authority.Authority#f4f135be-a2b5-48d1-a9d0-2b14e82cc373, com.cash_flow_app.apicashflow.entities_repositories_and_services.base.authority.Authority#35481739-2447-454f-8ec3-daf467bb2ae5, com.cash_flow_app.apicashflow.entities_repositories_and_services.base.authority.Authority#4de61a19-9cab-469d-856c-169a503a3f70, com.cash_flow_app.apicashflow.entities_repositories_and_services.base.authority.Authority#af9e383e-4459-4719-802e-94a22944b4b7, com.cash_flow_app.apicashflow.entities_repositories_and_services.base.authority.Authority#51c645c0-dc8a-45f9-88d1-533e63701dbe, com.cash_flow_app.apicashflow.entities_repositories_and_services.base.authority.Authority#bd7f10f2-85c9-49d0-9a90-f83a87d9cdae, com.cash_flow_app.apicashflow.entities_repositories_and_services.base.authority.Authority#fed8cd26-d658-4965-b57c-1be9bb9eb61c, com.cash_flow_app.apicashflow.entities_repositories_and_services.base.authority.Authority#76cfdeb6-c100-4ed8-bb40-d15e53690430], username=usuario_test}
2023-11-28T22:11:57.836-05:00 DEBUG 27472 --- [           main] o.hibernate.internal.util.EntityPrinter  : com.cash_flow_app.apicashflow.entities_repositories_and_services.base.authority.Authority{endpoint=IncomeExpense, permission=READ, id=af9e383e-4459-4719-802e-94a22944b4b7}
2023-11-28T22:11:57.836-05:00 DEBUG 27472 --- [           main] org.hibernate.engine.spi.ActionQueue     : Changes must be flushed to space: users
2023-11-28T22:11:57.836-05:00 DEBUG 27472 --- [           main] org.hibernate.SQL                        : 
    insert 
    into
        users
        (password, username, id) 
    values
        (?, ?, ?)
2023-11-28T22:11:57.837-05:00 DEBUG 27472 --- [           main] o.h.p.c.AbstractCollectionPersister      : Inserting collection: [com.cash_flow_app.apicashflow.entities_repositories_and_services.base.user.User.authorities#209cb903-6af1-47a5-af6b-0abb9cd87779]
2023-11-28T22:11:57.837-05:00 DEBUG 27472 --- [           main] org.hibernate.SQL                        : 
    insert 
    into
        user_authority
        (user_id, authority_id) 
    values
        (?, ?)
2023-11-28T22:11:57.838-05:00 DEBUG 27472 --- [           main] org.hibernate.SQL                        : 
    insert 
    into
        user_authority
        (user_id, authority_id) 
    values
        (?, ?)
2023-11-28T22:11:57.838-05:00 DEBUG 27472 --- [           main] org.hibernate.SQL                        : 
    insert 
    into
        user_authority
        (user_id, authority_id) 
    values
        (?, ?)
2023-11-28T22:11:57.838-05:00 DEBUG 27472 --- [           main] org.hibernate.SQL                        : 
    insert 
    into
        user_authority
        (user_id, authority_id) 
    values
        (?, ?)
2023-11-28T22:11:57.838-05:00 DEBUG 27472 --- [           main] org.hibernate.SQL                        : 
    insert 
    into
        user_authority
        (user_id, authority_id) 
    values
        (?, ?)
2023-11-28T22:11:57.839-05:00 DEBUG 27472 --- [           main] org.hibernate.SQL                        : 
    insert 
    into
        user_authority
        (user_id, authority_id) 
    values
        (?, ?)
2023-11-28T22:11:57.839-05:00 DEBUG 27472 --- [           main] org.hibernate.SQL                        : 
    insert 
    into
        user_authority
        (user_id, authority_id) 
    values
        (?, ?)
2023-11-28T22:11:57.840-05:00 DEBUG 27472 --- [           main] org.hibernate.SQL                        : 
    insert 
    into
        user_authority
        (user_id, authority_id) 
    values
        (?, ?)
2023-11-28T22:11:57.841-05:00 DEBUG 27472 --- [           main] org.hibernate.SQL                        : 
    insert 
    into
        user_authority
        (user_id, authority_id) 
    values
        (?, ?)
2023-11-28T22:11:57.841-05:00 DEBUG 27472 --- [           main] org.hibernate.SQL                        : 
    insert 
    into
        user_authority
        (user_id, authority_id) 
    values
        (?, ?)
2023-11-28T22:11:57.844-05:00 DEBUG 27472 --- [           main] org.hibernate.SQL                        : 
    insert 
    into
        user_authority
        (user_id, authority_id) 
    values
        (?, ?)
2023-11-28T22:11:57.845-05:00 DEBUG 27472 --- [           main] o.h.p.c.AbstractCollectionPersister      : Done inserting collection: 11 rows inserted
2023-11-28T22:11:57.845-05:00 DEBUG 27472 --- [           main] org.hibernate.orm.sql.exec               : Skipping reading Query result cache data: cache-enabled = false, cache-mode = NORMAL
2023-11-28T22:11:57.845-05:00 DEBUG 27472 --- [           main] org.hibernate.orm.results                : Initializer list
2023-11-28T22:11:57.845-05:00 DEBUG 27472 --- [           main] org.hibernate.orm.results                :     com.cash_flow_app.apicashflow.entities_repositories_and_services.base.user.User(35202153502500).accounts -> SelectEagerCollectionInitializer(com.cash_flow_app.apicashflow.entities_repositories_and_services.base.user.User(35202153502500).accounts)@2132549109 (PluralAttribute(com.cash_flow_app.apicashflow.entities_repositories_and_services.base.user.User.accounts))
2023-11-28T22:11:57.845-05:00 DEBUG 27472 --- [           main] org.hibernate.orm.results                :     com.cash_flow_app.apicashflow.entities_repositories_and_services.base.user.User(35202153502500).authorities -> SelectEagerCollectionInitializer(com.cash_flow_app.apicashflow.entities_repositories_and_services.base.user.User(35202153502500).authorities)@194373178 (PluralAttribute(com.cash_flow_app.apicashflow.entities_repositories_and_services.base.user.User.authorities))
2023-11-28T22:11:57.845-05:00 DEBUG 27472 --- [           main] org.hibernate.orm.results                :     com.cash_flow_app.apicashflow.entities_repositories_and_services.base.user.User(35202153502500) -> EntityResultInitializer(com.cash_flow_app.apicashflow.entities_repositories_and_services.base.user.User(35202153502500))@711880974 (SingleTableEntityPersister(com.cash_flow_app.apicashflow.entities_repositories_and_services.base.user.User))
2023-11-28T22:11:57.845-05:00 DEBUG 27472 --- [           main] org.hibernate.SQL                        : 
    select
        u1_0.id,
        u1_0.password,
        u1_0.username 
    from
        users u1_0 
    where
        u1_0.username=?
2023-11-28T22:11:57.845-05:00 DEBUG 27472 --- [           main] org.hibernate.orm.results                : Extracted JDBC value [0] - [209cb903-6af1-47a5-af6b-0abb9cd87779]
2023-11-28T22:11:57.845-05:00 DEBUG 27472 --- [           main] o.hibernate.orm.results.loading.entity   : (EntityResultInitializer) Hydrated EntityKey (com.cash_flow_app.apicashflow.entities_repositories_and_services.base.user.User(35202153502500)): 209cb903-6af1-47a5-af6b-0abb9cd87779
2023-11-28T22:11:57.845-05:00 DEBUG 27472 --- [           main] o.h.o.r.l.o.h.o.r.loading.collection     : (DelayedCollectionInitializer) Current row collection key : com.cash_flow_app.apicashflow.entities_repositories_and_services.base.user.User(35202153502500).accounts#209cb903-6af1-47a5-af6b-0abb9cd87779
2023-11-28T22:11:57.845-05:00 DEBUG 27472 --- [           main] o.h.o.r.l.o.h.o.r.loading.collection     : (DelayedCollectionInitializer) Current row collection key : com.cash_flow_app.apicashflow.entities_repositories_and_services.base.user.User(35202153502500).authorities#209cb903-6af1-47a5-af6b-0abb9cd87779
2023-11-28T22:11:57.845-05:00 DEBUG 27472 --- [           main] org.hibernate.orm.results.loading        : Calling top-level assembler (0 / 1) : org.hibernate.sql.results.graph.entity.internal.EntityAssembler@28fb3476
2023-11-28T22:11:57.845-05:00 DEBUG 27472 --- [           main] org.hibernate.orm.results.graph.AST      : DomainResult Graph:
 \-CollectionDomainResult [com.cash_flow_app.apicashflow.entities_repositories_and_services.base.user.User.accounts]

2023-11-28T22:11:57.845-05:00 DEBUG 27472 --- [           main] org.hibernate.orm.sql.ast.tree           : SQL AST Tree:
    SelectStatement {
      FromClause {
        CollectionTableGroup (a1 : com.cash_flow_app.apicashflow.entities_repositories_and_services.base.user.User.accounts) {
          primaryTableReference : user_account as a1_0
          NestedTableGroupJoins {
             join LazyTableGroup (a1 : com.cash_flow_app.apicashflow.entities_repositories_and_services.base.user.User.accounts.{element}) {
              primaryTableReference : accounts as a1_1
            }
          }
        }
      }
    }

2023-11-28T22:11:57.845-05:00 DEBUG 27472 --- [           main] org.hibernate.orm.sql.exec               : Skipping reading Query result cache data: cache-enabled = false, cache-mode = IGNORE
2023-11-28T22:11:57.845-05:00 DEBUG 27472 --- [           main] org.hibernate.orm.results                : Initializer list
2023-11-28T22:11:57.845-05:00 DEBUG 27472 --- [           main] org.hibernate.orm.results                :     com.cash_flow_app.apicashflow.entities_repositories_and_services.base.user.User.accounts.{element}.incomes_expenses -> SelectEagerCollectionInitializer(com.cash_flow_app.apicashflow.entities_repositories_and_services.base.user.User.accounts.{element}.incomes_expenses)@579781779 (PluralAttribute(com.cash_flow_app.apicashflow.entities_repositories_and_services.base.account.Account.incomes_expenses))
2023-11-28T22:11:57.845-05:00 DEBUG 27472 --- [           main] org.hibernate.orm.results                :     com.cash_flow_app.apicashflow.entities_repositories_and_services.base.user.User.accounts.{element}.users -> SelectEagerCollectionInitializer(com.cash_flow_app.apicashflow.entities_repositories_and_services.base.user.User.accounts.{element}.users)@1435649610 (PluralAttribute(com.cash_flow_app.apicashflow.entities_repositories_and_services.base.account.Account.users))
2023-11-28T22:11:57.845-05:00 DEBUG 27472 --- [           main] org.hibernate.orm.results                :     com.cash_flow_app.apicashflow.entities_repositories_and_services.base.user.User.accounts.{element} -> EntityJoinedFetchInitializer(com.cash_flow_app.apicashflow.entities_repositories_and_services.base.user.User.accounts.{element})@40581100 (EntityCollectionPart(NavigableRole[com.cash_flow_app.apicashflow.entities_repositories_and_services.base.user.User.accounts#{element}])@624685600)
2023-11-28T22:11:57.845-05:00 DEBUG 27472 --- [           main] org.hibernate.orm.results                :     com.cash_flow_app.apicashflow.entities_repositories_and_services.base.user.User.accounts -> BagInitializer(com.cash_flow_app.apicashflow.entities_repositories_and_services.base.user.User.accounts)@1933765459 (PluralAttribute(com.cash_flow_app.apicashflow.entities_repositories_and_services.base.user.User.accounts))
2023-11-28T22:11:57.845-05:00 DEBUG 27472 --- [           main] org.hibernate.SQL                        : 
    select
        a1_0.user_id,
        a1_1.id,
        a1_1.description 
    from
        user_account a1_0 
    join
        accounts a1_1 
            on a1_1.id=a1_0.account_id 
    where
        a1_0.user_id=?
2023-11-28T22:11:57.846-05:00 DEBUG 27472 --- [           main] o.h.sql.results.internal.ResultsHelper   : Collection fully initialized: [com.cash_flow_app.apicashflow.entities_repositories_and_services.base.user.User.accounts#209cb903-6af1-47a5-af6b-0abb9cd87779]
2023-11-28T22:11:57.920-05:00 DEBUG 27472 --- [           main] o.s.s.a.dao.DaoAuthenticationProvider    : Authenticated user

MockHttpServletRequest:
      HTTP Method = POST
      Request URI = /api/v1/user/login
       Parameters = {_csrf=[O9X3Clzn-Tr7gJjmoCH0TJIGA411o31bvb-rnaEVc678sA45COTFaD-FzF7W5q3XlgzAKPA0Lu8Txht2hIaSrpJwEZzJ0Wha]}
          Headers = [Content-Type:"application/json;charset=UTF-8", Content-Length:"52"]
             Body = { "username": "usuario_test", "password": "123456" }
    Session Attrs = {}

Handler:
             Type = null

Async:
    Async started = false
     Async result = null

Resolved Exception:
             Type = null

ModelAndView:
        View name = null
             View = null
            Model = null

FlashMap:
       Attributes = null

MockHttpServletResponse:
           Status = 200
    Error message = null
          Headers = [Vary:"Origin", "Access-Control-Request-Method", "Access-Control-Request-Headers", Authorization:"Bearer eyJhbGciOiJIUzUxMiJ9.eyJzdWIiOiJ1c3VhcmlvX3Rlc3QiLCJleHAiOjE3MDM4MTk1MTd9.AnW1_ycsUW2YBgpJlL4qwryaFClzLF4JuHigFRqWW1ek9QjvLskfAyKnAXHJyZYaOvXFa9PAVKQ-ygMS76Nvdw", Access-Control-Expose-Headers:"Authorization", X-Content-Type-Options:"nosniff", X-XSS-Protection:"0", Cache-Control:"no-cache, no-store, max-age=0, must-revalidate", Pragma:"no-cache", Expires:"0", X-Frame-Options:"DENY"]
     Content type = null
             Body = 
    Forwarded URL = null
   Redirected URL = null
          Cookies = []
2023-11-28T22:11:57.922-05:00 DEBUG 27472 --- [           main] org.springframework.test.context.cache   : Spring test ApplicationContext cache statistics: [DefaultContextCache@8caffbd size = 3, maxSize = 32, parentContextCount = 0, hitCount = 333, missCount = 3]
2023-11-28T22:11:57.922-05:00 DEBUG 27472 --- [           main] o.s.test.util.ReflectionTestUtils        : Invoking method 'getFilters' on target object [FilterChainProxy[Filter Chains: [DefaultSecurityFilterChain [RequestMatcher=any request, Filters=[org.springframework.security.web.session.DisableEncodeUrlFilter@120e3ebb, org.springframework.security.web.session.ForceEagerSessionCreationFilter@753f1c3e, org.springframework.security.web.context.request.async.WebAsyncManagerIntegrationFilter@5e9af5d4, org.springframework.security.web.context.SecurityContextHolderFilter@1d18e5ad, org.springframework.security.web.header.HeaderWriterFilter@73b68d98, org.springframework.web.filter.CorsFilter@7863e6b2, org.springframework.security.web.authentication.logout.LogoutFilter@1e5a8278, JWTAuthorizationFilter(loginService=com.cash_flow_app.apicashflow.entities_repositories_and_services.base.security.LoginService@508b9c16), com.cash_flow_app.apicashflow.entities_repositories_and_services.base.security.JWTAuthenticationFilter@6fd2b939, org.springframework.security.web.savedrequest.RequestCacheAwareFilter@11def039, org.springframework.security.web.servletapi.SecurityContextHolderAwareRequestFilter@564375d7, org.springframework.security.web.authentication.AnonymousAuthenticationFilter@c4aa99e, org.springframework.security.web.session.SessionManagementFilter@69af6978, org.springframework.security.web.access.ExceptionTranslationFilter@4469046b, org.springframework.security.web.access.intercept.AuthorizationFilter@588d2e90]]]]] or target class [null] with arguments {org.springframework.mock.web.MockHttpServletRequest@223973a9}
2023-11-28T22:11:57.922-05:00 DEBUG 27472 --- [           main] o.s.test.util.ReflectionTestUtils        : Invoking method 'getFilters' on target object [FilterChainProxy[Filter Chains: [DefaultSecurityFilterChain [RequestMatcher=any request, Filters=[org.springframework.security.web.session.DisableEncodeUrlFilter@120e3ebb, org.springframework.security.web.session.ForceEagerSessionCreationFilter@753f1c3e, org.springframework.security.web.context.request.async.WebAsyncManagerIntegrationFilter@5e9af5d4, org.springframework.security.web.context.SecurityContextHolderFilter@1d18e5ad, org.springframework.security.web.header.HeaderWriterFilter@73b68d98, org.springframework.web.filter.CorsFilter@7863e6b2, org.springframework.security.web.authentication.logout.LogoutFilter@1e5a8278, JWTAuthorizationFilter(loginService=com.cash_flow_app.apicashflow.entities_repositories_and_services.base.security.LoginService@508b9c16), com.cash_flow_app.apicashflow.entities_repositories_and_services.base.security.JWTAuthenticationFilter@6fd2b939, org.springframework.security.web.savedrequest.RequestCacheAwareFilter@11def039, org.springframework.security.web.servletapi.SecurityContextHolderAwareRequestFilter@564375d7, org.springframework.security.web.authentication.AnonymousAuthenticationFilter@c4aa99e, org.springframework.security.web.session.SessionManagementFilter@69af6978, org.springframework.security.web.access.ExceptionTranslationFilter@4469046b, org.springframework.security.web.access.intercept.AuthorizationFilter@588d2e90]]]]] or target class [null] with arguments {org.springframework.mock.web.MockHttpServletRequest@223973a9}
2023-11-28T22:11:57.922-05:00 DEBUG 27472 --- [           main] o.s.test.util.ReflectionTestUtils        : Invoking method 'getFilters' on target object [FilterChainProxy[Filter Chains: [DefaultSecurityFilterChain [RequestMatcher=any request, Filters=[org.springframework.security.web.session.DisableEncodeUrlFilter@120e3ebb, org.springframework.security.web.session.ForceEagerSessionCreationFilter@753f1c3e, org.springframework.security.web.context.request.async.WebAsyncManagerIntegrationFilter@5e9af5d4, org.springframework.security.web.context.SecurityContextHolderFilter@1d18e5ad, org.springframework.security.web.header.HeaderWriterFilter@73b68d98, org.springframework.web.filter.CorsFilter@7863e6b2, org.springframework.security.web.authentication.logout.LogoutFilter@1e5a8278, JWTAuthorizationFilter(loginService=com.cash_flow_app.apicashflow.entities_repositories_and_services.base.security.LoginService@508b9c16), com.cash_flow_app.apicashflow.entities_repositories_and_services.base.security.JWTAuthenticationFilter@6fd2b939, org.springframework.security.web.savedrequest.RequestCacheAwareFilter@11def039, org.springframework.security.web.servletapi.SecurityContextHolderAwareRequestFilter@564375d7, org.springframework.security.web.authentication.AnonymousAuthenticationFilter@c4aa99e, org.springframework.security.web.session.SessionManagementFilter@69af6978, org.springframework.security.web.access.ExceptionTranslationFilter@4469046b, org.springframework.security.web.access.intercept.AuthorizationFilter@588d2e90]]]]] or target class [null] with arguments {org.springframework.mock.web.MockHttpServletRequest@223973a9}
2023-11-28T22:11:57.922-05:00 DEBUG 27472 --- [           main] o.s.security.web.FilterChainProxy        : Securing POST /api/v1/account/create
2023-11-28T22:11:57.922-05:00 DEBUG 27472 --- [           main] .s.s.w.s.ForceEagerSessionCreationFilter : Created session eagerly
2023-11-28T22:11:57.923-05:00 DEBUG 27472 --- [           main] org.hibernate.orm.sql.ast.create         : Created new SQL alias : u1_0
2023-11-28T22:11:57.923-05:00 DEBUG 27472 --- [           main] org.hibernate.orm.sql.ast.create         : Registration of TableGroup [StandardTableGroup(com.cash_flow_app.apicashflow.entities_repositories_and_services.base.user.User(35202153502500))] with identifierForTableGroup [com.cash_flow_app.apicashflow.entities_repositories_and_services.base.user.User] for NavigablePath [com.cash_flow_app.apicashflow.entities_repositories_and_services.base.user.User] 
2023-11-28T22:11:57.923-05:00 DEBUG 27472 --- [           main] o.h.q.sqm.sql.BaseSqmToSqlAstConverter   : Determining mapping-model type for SqmParameter : org.hibernate.query.sqm.tree.expression.SqmJpaCriteriaParameterWrapper@2591343
2023-11-28T22:11:57.923-05:00 DEBUG 27472 --- [           main] o.h.q.sqm.sql.BaseSqmToSqlAstConverter   : Determining mapping-model type for SqmPath : SqmBasicValuedSimplePath(com.cash_flow_app.apicashflow.entities_repositories_and_services.base.user.User(35202153502500).username) 
2023-11-28T22:11:57.923-05:00 DEBUG 27472 --- [           main] org.hibernate.orm.results.graph.AST      : DomainResult Graph:
 \-EntityResultImpl [com.cash_flow_app.apicashflow.entities_repositories_and_services.base.user.User(35202153502500)]
 |  +-SelectEagerCollectionFetch [com.cash_flow_app.apicashflow.entities_repositories_and_services.base.user.User(35202153502500).accounts]
 |  +-SelectEagerCollectionFetch [com.cash_flow_app.apicashflow.entities_repositories_and_services.base.user.User(35202153502500).authorities]
 |  +-BasicFetch [com.cash_flow_app.apicashflow.entities_repositories_and_services.base.user.User(35202153502500).password]
 |  \-BasicFetch [com.cash_flow_app.apicashflow.entities_repositories_and_services.base.user.User(35202153502500).username]

2023-11-28T22:11:57.923-05:00 DEBUG 27472 --- [           main] org.hibernate.orm.sql.ast.tree           : SQL AST Tree:
    SelectStatement {
      FromClause {
        StandardTableGroup (u1 : com.cash_flow_app.apicashflow.entities_repositories_and_services.base.user.User(35202153502500)) {
          primaryTableReference : users as u1_0
        }
      }
    }

2023-11-28T22:11:57.923-05:00 DEBUG 27472 --- [           main] o.h.e.i.AbstractFlushingEventListener    : Processing flush-time cascades
2023-11-28T22:11:57.923-05:00 DEBUG 27472 --- [           main] o.h.e.i.AbstractFlushingEventListener    : Dirty checking collections
2023-11-28T22:11:57.923-05:00 DEBUG 27472 --- [           main] o.hibernate.engine.internal.Collections  : Collection found: [com.cash_flow_app.apicashflow.entities_repositories_and_services.base.user.User.authorities#209cb903-6af1-47a5-af6b-0abb9cd87779], was: [com.cash_flow_app.apicashflow.entities_repositories_and_services.base.user.User.authorities#209cb903-6af1-47a5-af6b-0abb9cd87779] (initialized)
2023-11-28T22:11:57.923-05:00 DEBUG 27472 --- [           main] o.hibernate.engine.internal.Collections  : Collection dereferenced: [com.cash_flow_app.apicashflow.entities_repositories_and_services.base.user.User.accounts#209cb903-6af1-47a5-af6b-0abb9cd87779]
2023-11-28T22:11:57.924-05:00 DEBUG 27472 --- [           main] o.h.e.i.AbstractFlushingEventListener    : Flushed: 0 insertions, 0 updates, 0 deletions to 12 objects
2023-11-28T22:11:57.924-05:00 DEBUG 27472 --- [           main] o.h.e.i.AbstractFlushingEventListener    : Flushed: 0 (re)creations, 0 updates, 1 removals to 2 collections
2023-11-28T22:11:57.924-05:00 DEBUG 27472 --- [           main] o.hibernate.internal.util.EntityPrinter  : Listing entities:
2023-11-28T22:11:57.924-05:00 DEBUG 27472 --- [           main] o.hibernate.internal.util.EntityPrinter  : com.cash_flow_app.apicashflow.entities_repositories_and_services.base.authority.Authority{endpoint=User, permission=CREATE, id=f4f135be-a2b5-48d1-a9d0-2b14e82cc373}
2023-11-28T22:11:57.924-05:00 DEBUG 27472 --- [           main] o.hibernate.internal.util.EntityPrinter  : com.cash_flow_app.apicashflow.entities_repositories_and_services.base.authority.Authority{endpoint=User, permission=READ, id=35481739-2447-454f-8ec3-daf467bb2ae5}
2023-11-28T22:11:57.924-05:00 DEBUG 27472 --- [           main] o.hibernate.internal.util.EntityPrinter  : com.cash_flow_app.apicashflow.entities_repositories_and_services.base.authority.Authority{endpoint=IncomeExpense, permission=CREATE, id=4de61a19-9cab-469d-856c-169a503a3f70}
2023-11-28T22:11:57.924-05:00 DEBUG 27472 --- [           main] o.hibernate.internal.util.EntityPrinter  : com.cash_flow_app.apicashflow.entities_repositories_and_services.base.authority.Authority{endpoint=Account, permission=DELETE, id=363894b3-8bdc-4764-ad13-d91f872e1a95}
2023-11-28T22:11:57.924-05:00 DEBUG 27472 --- [           main] o.hibernate.internal.util.EntityPrinter  : com.cash_flow_app.apicashflow.entities_repositories_and_services.base.authority.Authority{endpoint=IncomeExpense, permission=DELETE, id=51c645c0-dc8a-45f9-88d1-533e63701dbe}
2023-11-28T22:11:57.924-05:00 DEBUG 27472 --- [           main] o.hibernate.internal.util.EntityPrinter  : com.cash_flow_app.apicashflow.entities_repositories_and_services.base.authority.Authority{endpoint=ScheduledAccount, permission=READ, id=fed8cd26-d658-4965-b57c-1be9bb9eb61c}
2023-11-28T22:11:57.924-05:00 DEBUG 27472 --- [           main] o.hibernate.internal.util.EntityPrinter  : com.cash_flow_app.apicashflow.entities_repositories_and_services.base.authority.Authority{endpoint=ScheduledAccount, permission=DELETE, id=76cfdeb6-c100-4ed8-bb40-d15e53690430}
2023-11-28T22:11:57.924-05:00 DEBUG 27472 --- [           main] o.hibernate.internal.util.EntityPrinter  : com.cash_flow_app.apicashflow.entities_repositories_and_services.base.authority.Authority{endpoint=ScheduledAccount, permission=CREATE, id=bd7f10f2-85c9-49d0-9a90-f83a87d9cdae}
2023-11-28T22:11:57.924-05:00 DEBUG 27472 --- [           main] o.hibernate.internal.util.EntityPrinter  : com.cash_flow_app.apicashflow.entities_repositories_and_services.base.authority.Authority{endpoint=Account, permission=CREATE, id=9aaf7d40-45f6-4ab6-90a9-a23f4c1b5f2f}
2023-11-28T22:11:57.924-05:00 DEBUG 27472 --- [           main] o.hibernate.internal.util.EntityPrinter  : com.cash_flow_app.apicashflow.entities_repositories_and_services.base.authority.Authority{endpoint=Account, permission=READ, id=b14a62f4-d04f-422a-a2a3-1f80e2635352}
2023-11-28T22:11:57.924-05:00 DEBUG 27472 --- [           main] o.hibernate.internal.util.EntityPrinter  : com.cash_flow_app.apicashflow.entities_repositories_and_services.base.user.User{password=$2a$10$CxEr/WerlVI9IlML6jn9LeWF9A4AzB5rCOC7wzSRC63OF.36a23Nq, id=209cb903-6af1-47a5-af6b-0abb9cd87779, accounts=null, authorities=[com.cash_flow_app.apicashflow.entities_repositories_and_services.base.authority.Authority#9aaf7d40-45f6-4ab6-90a9-a23f4c1b5f2f, com.cash_flow_app.apicashflow.entities_repositories_and_services.base.authority.Authority#b14a62f4-d04f-422a-a2a3-1f80e2635352, com.cash_flow_app.apicashflow.entities_repositories_and_services.base.authority.Authority#363894b3-8bdc-4764-ad13-d91f872e1a95, com.cash_flow_app.apicashflow.entities_repositories_and_services.base.authority.Authority#f4f135be-a2b5-48d1-a9d0-2b14e82cc373, com.cash_flow_app.apicashflow.entities_repositories_and_services.base.authority.Authority#35481739-2447-454f-8ec3-daf467bb2ae5, com.cash_flow_app.apicashflow.entities_repositories_and_services.base.authority.Authority#4de61a19-9cab-469d-856c-169a503a3f70, com.cash_flow_app.apicashflow.entities_repositories_and_services.base.authority.Authority#af9e383e-4459-4719-802e-94a22944b4b7, com.cash_flow_app.apicashflow.entities_repositories_and_services.base.authority.Authority#51c645c0-dc8a-45f9-88d1-533e63701dbe, com.cash_flow_app.apicashflow.entities_repositories_and_services.base.authority.Authority#bd7f10f2-85c9-49d0-9a90-f83a87d9cdae, com.cash_flow_app.apicashflow.entities_repositories_and_services.base.authority.Authority#fed8cd26-d658-4965-b57c-1be9bb9eb61c, com.cash_flow_app.apicashflow.entities_repositories_and_services.base.authority.Authority#76cfdeb6-c100-4ed8-bb40-d15e53690430], username=usuario_test}
2023-11-28T22:11:57.924-05:00 DEBUG 27472 --- [           main] o.hibernate.internal.util.EntityPrinter  : com.cash_flow_app.apicashflow.entities_repositories_and_services.base.authority.Authority{endpoint=IncomeExpense, permission=READ, id=af9e383e-4459-4719-802e-94a22944b4b7}
2023-11-28T22:11:57.924-05:00 DEBUG 27472 --- [           main] org.hibernate.orm.sql.exec               : Skipping reading Query result cache data: cache-enabled = false, cache-mode = NORMAL
2023-11-28T22:11:57.924-05:00 DEBUG 27472 --- [           main] org.hibernate.orm.results                : Initializer list
2023-11-28T22:11:57.924-05:00 DEBUG 27472 --- [           main] org.hibernate.orm.results                :     com.cash_flow_app.apicashflow.entities_repositories_and_services.base.user.User(35202153502500).accounts -> SelectEagerCollectionInitializer(com.cash_flow_app.apicashflow.entities_repositories_and_services.base.user.User(35202153502500).accounts)@2045435399 (PluralAttribute(com.cash_flow_app.apicashflow.entities_repositories_and_services.base.user.User.accounts))
2023-11-28T22:11:57.924-05:00 DEBUG 27472 --- [           main] org.hibernate.orm.results                :     com.cash_flow_app.apicashflow.entities_repositories_and_services.base.user.User(35202153502500).authorities -> SelectEagerCollectionInitializer(com.cash_flow_app.apicashflow.entities_repositories_and_services.base.user.User(35202153502500).authorities)@870521202 (PluralAttribute(com.cash_flow_app.apicashflow.entities_repositories_and_services.base.user.User.authorities))
2023-11-28T22:11:57.924-05:00 DEBUG 27472 --- [           main] org.hibernate.orm.results                :     com.cash_flow_app.apicashflow.entities_repositories_and_services.base.user.User(35202153502500) -> EntityResultInitializer(com.cash_flow_app.apicashflow.entities_repositories_and_services.base.user.User(35202153502500))@1732667062 (SingleTableEntityPersister(com.cash_flow_app.apicashflow.entities_repositories_and_services.base.user.User))
2023-11-28T22:11:57.924-05:00 DEBUG 27472 --- [           main] org.hibernate.SQL                        : 
    select
        u1_0.id,
        u1_0.password,
        u1_0.username 
    from
        users u1_0 
    where
        u1_0.username=?
2023-11-28T22:11:57.924-05:00 DEBUG 27472 --- [           main] org.hibernate.orm.results                : Extracted JDBC value [0] - [209cb903-6af1-47a5-af6b-0abb9cd87779]
2023-11-28T22:11:57.924-05:00 DEBUG 27472 --- [           main] o.hibernate.orm.results.loading.entity   : (EntityResultInitializer) Hydrated EntityKey (com.cash_flow_app.apicashflow.entities_repositories_and_services.base.user.User(35202153502500)): 209cb903-6af1-47a5-af6b-0abb9cd87779
2023-11-28T22:11:57.924-05:00 DEBUG 27472 --- [           main] o.h.o.r.l.o.h.o.r.loading.collection     : (DelayedCollectionInitializer) Current row collection key : com.cash_flow_app.apicashflow.entities_repositories_and_services.base.user.User(35202153502500).accounts#209cb903-6af1-47a5-af6b-0abb9cd87779
2023-11-28T22:11:57.924-05:00 DEBUG 27472 --- [           main] o.h.o.r.l.o.h.o.r.loading.collection     : (DelayedCollectionInitializer) Current row collection key : com.cash_flow_app.apicashflow.entities_repositories_and_services.base.user.User(35202153502500).authorities#209cb903-6af1-47a5-af6b-0abb9cd87779
2023-11-28T22:11:57.924-05:00 DEBUG 27472 --- [           main] org.hibernate.orm.results.loading        : Calling top-level assembler (0 / 1) : org.hibernate.sql.results.graph.entity.internal.EntityAssembler@bff5b50
2023-11-28T22:11:57.924-05:00 DEBUG 27472 --- [           main] .s.ChangeSessionIdAuthenticationStrategy : Changed session id from 42
2023-11-28T22:11:57.924-05:00 DEBUG 27472 --- [           main] w.c.HttpSessionSecurityContextRepository : Stored SecurityContextImpl [Authentication=UsernamePasswordAuthenticationToken [Principal=usuario_test, Credentials=[PROTECTED], Authenticated=true, Details=null, Granted Authorities=[ENDPOINT_ACCOUNT_PERMISSION_CREATE, ENDPOINT_ACCOUNT_PERMISSION_READ, ENDPOINT_ACCOUNT_PERMISSION_DELETE, ENDPOINT_USER_PERMISSION_CREATE, ENDPOINT_USER_PERMISSION_READ, ENDPOINT_INCOMEEXPENSE_PERMISSION_CREATE, ENDPOINT_INCOMEEXPENSE_PERMISSION_READ, ENDPOINT_INCOMEEXPENSE_PERMISSION_DELETE, ENDPOINT_SCHEDULEDACCOUNT_PERMISSION_CREATE, ENDPOINT_SCHEDULEDACCOUNT_PERMISSION_READ, ENDPOINT_SCHEDULEDACCOUNT_PERMISSION_DELETE]]] to HttpSession [org.springframework.mock.web.MockHttpSession@5f58ff4f]
2023-11-28T22:11:57.925-05:00 DEBUG 27472 --- [           main] s.w.s.m.m.a.RequestMappingHandlerMapping : Mapped to com.cash_flow_app.apicashflow.controller.AccountController#create(AccountDto)
2023-11-28T22:11:57.925-05:00 DEBUG 27472 --- [           main] o.s.security.web.FilterChainProxy        : Secured POST /api/v1/account/create
2023-11-28T22:11:57.925-05:00 DEBUG 27472 --- [           main] o.s.t.web.servlet.TestDispatcherServlet  : POST "/api/v1/account/create", parameters={masked}
2023-11-28T22:11:57.925-05:00 DEBUG 27472 --- [           main] s.w.s.m.m.a.RequestMappingHandlerMapping : Mapped to com.cash_flow_app.apicashflow.controller.AccountController#create(AccountDto)
2023-11-28T22:11:57.925-05:00 DEBUG 27472 --- [           main] m.m.a.RequestResponseBodyMethodProcessor : Read "application/json;charset=UTF-8" to [AccountDto(id=null, description=descripcion de cuenta, users=[usuario_test])]
2023-11-28T22:11:57.925-05:00 DEBUG 27472 --- [           main] o.s.orm.jpa.JpaTransactionManager        : Found thread-bound EntityManager [SessionImpl(526672117<open>)] for JPA transaction
2023-11-28T22:11:57.925-05:00 DEBUG 27472 --- [           main] o.s.orm.jpa.JpaTransactionManager        : Participating in existing transaction
2023-11-28T22:11:57.926-05:00 DEBUG 27472 --- [           main] org.hibernate.orm.sql.ast.create         : Created new SQL alias : u1_0
2023-11-28T22:11:57.926-05:00 DEBUG 27472 --- [           main] org.hibernate.orm.sql.ast.create         : Registration of TableGroup [StandardTableGroup(com.cash_flow_app.apicashflow.entities_repositories_and_services.base.user.User(35202153502500))] with identifierForTableGroup [com.cash_flow_app.apicashflow.entities_repositories_and_services.base.user.User] for NavigablePath [com.cash_flow_app.apicashflow.entities_repositories_and_services.base.user.User] 
2023-11-28T22:11:57.926-05:00 DEBUG 27472 --- [           main] o.h.q.sqm.sql.BaseSqmToSqlAstConverter   : Determining mapping-model type for SqmParameter : org.hibernate.query.sqm.tree.expression.SqmJpaCriteriaParameterWrapper@18cbd36b
2023-11-28T22:11:57.926-05:00 DEBUG 27472 --- [           main] o.h.q.sqm.sql.BaseSqmToSqlAstConverter   : Determining mapping-model type for SqmPath : SqmBasicValuedSimplePath(com.cash_flow_app.apicashflow.entities_repositories_and_services.base.user.User(35202153502500).username) 
2023-11-28T22:11:57.926-05:00 DEBUG 27472 --- [           main] org.hibernate.orm.results.graph.AST      : DomainResult Graph:
 \-EntityResultImpl [com.cash_flow_app.apicashflow.entities_repositories_and_services.base.user.User(35202153502500)]
 |  +-SelectEagerCollectionFetch [com.cash_flow_app.apicashflow.entities_repositories_and_services.base.user.User(35202153502500).accounts]
 |  +-SelectEagerCollectionFetch [com.cash_flow_app.apicashflow.entities_repositories_and_services.base.user.User(35202153502500).authorities]
 |  +-BasicFetch [com.cash_flow_app.apicashflow.entities_repositories_and_services.base.user.User(35202153502500).password]
 |  \-BasicFetch [com.cash_flow_app.apicashflow.entities_repositories_and_services.base.user.User(35202153502500).username]

2023-11-28T22:11:57.926-05:00 DEBUG 27472 --- [           main] org.hibernate.orm.sql.ast.tree           : SQL AST Tree:
    SelectStatement {
      FromClause {
        StandardTableGroup (u1 : com.cash_flow_app.apicashflow.entities_repositories_and_services.base.user.User(35202153502500)) {
          primaryTableReference : users as u1_0
        }
      }
    }

2023-11-28T22:11:57.926-05:00 DEBUG 27472 --- [           main] o.h.e.i.AbstractFlushingEventListener    : Processing flush-time cascades
2023-11-28T22:11:57.926-05:00 DEBUG 27472 --- [           main] o.h.e.i.AbstractFlushingEventListener    : Dirty checking collections
2023-11-28T22:11:57.926-05:00 DEBUG 27472 --- [           main] o.hibernate.engine.internal.Collections  : Collection found: [com.cash_flow_app.apicashflow.entities_repositories_and_services.base.user.User.authorities#209cb903-6af1-47a5-af6b-0abb9cd87779], was: [com.cash_flow_app.apicashflow.entities_repositories_and_services.base.user.User.authorities#209cb903-6af1-47a5-af6b-0abb9cd87779] (initialized)
2023-11-28T22:11:57.926-05:00 DEBUG 27472 --- [           main] o.hibernate.engine.internal.Collections  : Collection dereferenced: [com.cash_flow_app.apicashflow.entities_repositories_and_services.base.user.User.accounts#209cb903-6af1-47a5-af6b-0abb9cd87779]
2023-11-28T22:11:57.926-05:00 DEBUG 27472 --- [           main] o.h.e.i.AbstractFlushingEventListener    : Flushed: 0 insertions, 0 updates, 0 deletions to 12 objects
2023-11-28T22:11:57.926-05:00 DEBUG 27472 --- [           main] o.h.e.i.AbstractFlushingEventListener    : Flushed: 0 (re)creations, 0 updates, 1 removals to 2 collections
2023-11-28T22:11:57.926-05:00 DEBUG 27472 --- [           main] o.hibernate.internal.util.EntityPrinter  : Listing entities:
2023-11-28T22:11:57.926-05:00 DEBUG 27472 --- [           main] o.hibernate.internal.util.EntityPrinter  : com.cash_flow_app.apicashflow.entities_repositories_and_services.base.authority.Authority{endpoint=User, permission=CREATE, id=f4f135be-a2b5-48d1-a9d0-2b14e82cc373}
2023-11-28T22:11:57.926-05:00 DEBUG 27472 --- [           main] o.hibernate.internal.util.EntityPrinter  : com.cash_flow_app.apicashflow.entities_repositories_and_services.base.authority.Authority{endpoint=User, permission=READ, id=35481739-2447-454f-8ec3-daf467bb2ae5}
2023-11-28T22:11:57.926-05:00 DEBUG 27472 --- [           main] o.hibernate.internal.util.EntityPrinter  : com.cash_flow_app.apicashflow.entities_repositories_and_services.base.authority.Authority{endpoint=IncomeExpense, permission=CREATE, id=4de61a19-9cab-469d-856c-169a503a3f70}
2023-11-28T22:11:57.926-05:00 DEBUG 27472 --- [           main] o.hibernate.internal.util.EntityPrinter  : com.cash_flow_app.apicashflow.entities_repositories_and_services.base.authority.Authority{endpoint=Account, permission=DELETE, id=363894b3-8bdc-4764-ad13-d91f872e1a95}
2023-11-28T22:11:57.926-05:00 DEBUG 27472 --- [           main] o.hibernate.internal.util.EntityPrinter  : com.cash_flow_app.apicashflow.entities_repositories_and_services.base.authority.Authority{endpoint=IncomeExpense, permission=DELETE, id=51c645c0-dc8a-45f9-88d1-533e63701dbe}
2023-11-28T22:11:57.926-05:00 DEBUG 27472 --- [           main] o.hibernate.internal.util.EntityPrinter  : com.cash_flow_app.apicashflow.entities_repositories_and_services.base.authority.Authority{endpoint=ScheduledAccount, permission=READ, id=fed8cd26-d658-4965-b57c-1be9bb9eb61c}
2023-11-28T22:11:57.926-05:00 DEBUG 27472 --- [           main] o.hibernate.internal.util.EntityPrinter  : com.cash_flow_app.apicashflow.entities_repositories_and_services.base.authority.Authority{endpoint=ScheduledAccount, permission=DELETE, id=76cfdeb6-c100-4ed8-bb40-d15e53690430}
2023-11-28T22:11:57.926-05:00 DEBUG 27472 --- [           main] o.hibernate.internal.util.EntityPrinter  : com.cash_flow_app.apicashflow.entities_repositories_and_services.base.authority.Authority{endpoint=ScheduledAccount, permission=CREATE, id=bd7f10f2-85c9-49d0-9a90-f83a87d9cdae}
2023-11-28T22:11:57.926-05:00 DEBUG 27472 --- [           main] o.hibernate.internal.util.EntityPrinter  : com.cash_flow_app.apicashflow.entities_repositories_and_services.base.authority.Authority{endpoint=Account, permission=CREATE, id=9aaf7d40-45f6-4ab6-90a9-a23f4c1b5f2f}
2023-11-28T22:11:57.926-05:00 DEBUG 27472 --- [           main] o.hibernate.internal.util.EntityPrinter  : com.cash_flow_app.apicashflow.entities_repositories_and_services.base.authority.Authority{endpoint=Account, permission=READ, id=b14a62f4-d04f-422a-a2a3-1f80e2635352}
2023-11-28T22:11:57.926-05:00 DEBUG 27472 --- [           main] o.hibernate.internal.util.EntityPrinter  : com.cash_flow_app.apicashflow.entities_repositories_and_services.base.user.User{password=$2a$10$CxEr/WerlVI9IlML6jn9LeWF9A4AzB5rCOC7wzSRC63OF.36a23Nq, id=209cb903-6af1-47a5-af6b-0abb9cd87779, accounts=null, authorities=[com.cash_flow_app.apicashflow.entities_repositories_and_services.base.authority.Authority#9aaf7d40-45f6-4ab6-90a9-a23f4c1b5f2f, com.cash_flow_app.apicashflow.entities_repositories_and_services.base.authority.Authority#b14a62f4-d04f-422a-a2a3-1f80e2635352, com.cash_flow_app.apicashflow.entities_repositories_and_services.base.authority.Authority#363894b3-8bdc-4764-ad13-d91f872e1a95, com.cash_flow_app.apicashflow.entities_repositories_and_services.base.authority.Authority#f4f135be-a2b5-48d1-a9d0-2b14e82cc373, com.cash_flow_app.apicashflow.entities_repositories_and_services.base.authority.Authority#35481739-2447-454f-8ec3-daf467bb2ae5, com.cash_flow_app.apicashflow.entities_repositories_and_services.base.authority.Authority#4de61a19-9cab-469d-856c-169a503a3f70, com.cash_flow_app.apicashflow.entities_repositories_and_services.base.authority.Authority#af9e383e-4459-4719-802e-94a22944b4b7, com.cash_flow_app.apicashflow.entities_repositories_and_services.base.authority.Authority#51c645c0-dc8a-45f9-88d1-533e63701dbe, com.cash_flow_app.apicashflow.entities_repositories_and_services.base.authority.Authority#bd7f10f2-85c9-49d0-9a90-f83a87d9cdae, com.cash_flow_app.apicashflow.entities_repositories_and_services.base.authority.Authority#fed8cd26-d658-4965-b57c-1be9bb9eb61c, com.cash_flow_app.apicashflow.entities_repositories_and_services.base.authority.Authority#76cfdeb6-c100-4ed8-bb40-d15e53690430], username=usuario_test}
2023-11-28T22:11:57.926-05:00 DEBUG 27472 --- [           main] o.hibernate.internal.util.EntityPrinter  : com.cash_flow_app.apicashflow.entities_repositories_and_services.base.authority.Authority{endpoint=IncomeExpense, permission=READ, id=af9e383e-4459-4719-802e-94a22944b4b7}
2023-11-28T22:11:57.926-05:00 DEBUG 27472 --- [           main] org.hibernate.orm.sql.exec               : Skipping reading Query result cache data: cache-enabled = false, cache-mode = NORMAL
2023-11-28T22:11:57.926-05:00 DEBUG 27472 --- [           main] org.hibernate.orm.results                : Initializer list
2023-11-28T22:11:57.926-05:00 DEBUG 27472 --- [           main] org.hibernate.orm.results                :     com.cash_flow_app.apicashflow.entities_repositories_and_services.base.user.User(35202153502500).accounts -> SelectEagerCollectionInitializer(com.cash_flow_app.apicashflow.entities_repositories_and_services.base.user.User(35202153502500).accounts)@921424481 (PluralAttribute(com.cash_flow_app.apicashflow.entities_repositories_and_services.base.user.User.accounts))
2023-11-28T22:11:57.926-05:00 DEBUG 27472 --- [           main] org.hibernate.orm.results                :     com.cash_flow_app.apicashflow.entities_repositories_and_services.base.user.User(35202153502500).authorities -> SelectEagerCollectionInitializer(com.cash_flow_app.apicashflow.entities_repositories_and_services.base.user.User(35202153502500).authorities)@1895636828 (PluralAttribute(com.cash_flow_app.apicashflow.entities_repositories_and_services.base.user.User.authorities))
2023-11-28T22:11:57.926-05:00 DEBUG 27472 --- [           main] org.hibernate.orm.results                :     com.cash_flow_app.apicashflow.entities_repositories_and_services.base.user.User(35202153502500) -> EntityResultInitializer(com.cash_flow_app.apicashflow.entities_repositories_and_services.base.user.User(35202153502500))@129493900 (SingleTableEntityPersister(com.cash_flow_app.apicashflow.entities_repositories_and_services.base.user.User))
2023-11-28T22:11:57.926-05:00 DEBUG 27472 --- [           main] org.hibernate.SQL                        : 
    select
        u1_0.id,
        u1_0.password,
        u1_0.username 
    from
        users u1_0 
    where
        u1_0.username=?
2023-11-28T22:11:57.926-05:00 DEBUG 27472 --- [           main] org.hibernate.orm.results                : Extracted JDBC value [0] - [209cb903-6af1-47a5-af6b-0abb9cd87779]
2023-11-28T22:11:57.926-05:00 DEBUG 27472 --- [           main] o.hibernate.orm.results.loading.entity   : (EntityResultInitializer) Hydrated EntityKey (com.cash_flow_app.apicashflow.entities_repositories_and_services.base.user.User(35202153502500)): 209cb903-6af1-47a5-af6b-0abb9cd87779
2023-11-28T22:11:57.926-05:00 DEBUG 27472 --- [           main] o.h.o.r.l.o.h.o.r.loading.collection     : (DelayedCollectionInitializer) Current row collection key : com.cash_flow_app.apicashflow.entities_repositories_and_services.base.user.User(35202153502500).accounts#209cb903-6af1-47a5-af6b-0abb9cd87779
2023-11-28T22:11:57.926-05:00 DEBUG 27472 --- [           main] o.h.o.r.l.o.h.o.r.loading.collection     : (DelayedCollectionInitializer) Current row collection key : com.cash_flow_app.apicashflow.entities_repositories_and_services.base.user.User(35202153502500).authorities#209cb903-6af1-47a5-af6b-0abb9cd87779
2023-11-28T22:11:57.926-05:00 DEBUG 27472 --- [           main] org.hibernate.orm.results.loading        : Calling top-level assembler (0 / 1) : org.hibernate.sql.results.graph.entity.internal.EntityAssembler@565b04e9
2023-11-28T22:11:57.927-05:00 DEBUG 27472 --- [           main] org.hibernate.orm.sql.ast.create         : Created new SQL alias : u1_0
2023-11-28T22:11:57.927-05:00 DEBUG 27472 --- [           main] org.hibernate.orm.sql.ast.create         : Registration of TableGroup [StandardTableGroup(com.cash_flow_app.apicashflow.entities_repositories_and_services.base.user.User(35202153502500))] with identifierForTableGroup [com.cash_flow_app.apicashflow.entities_repositories_and_services.base.user.User] for NavigablePath [com.cash_flow_app.apicashflow.entities_repositories_and_services.base.user.User] 
2023-11-28T22:11:57.927-05:00 DEBUG 27472 --- [           main] o.h.q.sqm.sql.BaseSqmToSqlAstConverter   : Determining mapping-model type for SqmParameter : org.hibernate.query.sqm.tree.expression.SqmJpaCriteriaParameterWrapper@6e886e25
2023-11-28T22:11:57.927-05:00 DEBUG 27472 --- [           main] o.h.q.sqm.sql.BaseSqmToSqlAstConverter   : Determining mapping-model type for SqmPath : SqmBasicValuedSimplePath(com.cash_flow_app.apicashflow.entities_repositories_and_services.base.user.User(35202153502500).username) 
2023-11-28T22:11:57.927-05:00 DEBUG 27472 --- [           main] org.hibernate.orm.results.graph.AST      : DomainResult Graph:
 \-EntityResultImpl [com.cash_flow_app.apicashflow.entities_repositories_and_services.base.user.User(35202153502500)]
 |  +-SelectEagerCollectionFetch [com.cash_flow_app.apicashflow.entities_repositories_and_services.base.user.User(35202153502500).accounts]
 |  +-SelectEagerCollectionFetch [com.cash_flow_app.apicashflow.entities_repositories_and_services.base.user.User(35202153502500).authorities]
 |  +-BasicFetch [com.cash_flow_app.apicashflow.entities_repositories_and_services.base.user.User(35202153502500).password]
 |  \-BasicFetch [com.cash_flow_app.apicashflow.entities_repositories_and_services.base.user.User(35202153502500).username]

2023-11-28T22:11:57.927-05:00 DEBUG 27472 --- [           main] org.hibernate.orm.sql.ast.tree           : SQL AST Tree:
    SelectStatement {
      FromClause {
        StandardTableGroup (u1 : com.cash_flow_app.apicashflow.entities_repositories_and_services.base.user.User(35202153502500)) {
          primaryTableReference : users as u1_0
        }
      }
    }

2023-11-28T22:11:57.927-05:00 DEBUG 27472 --- [           main] o.h.e.i.AbstractFlushingEventListener    : Processing flush-time cascades
2023-11-28T22:11:57.927-05:00 DEBUG 27472 --- [           main] o.h.e.i.AbstractFlushingEventListener    : Dirty checking collections
2023-11-28T22:11:57.927-05:00 DEBUG 27472 --- [           main] o.hibernate.engine.internal.Collections  : Collection found: [com.cash_flow_app.apicashflow.entities_repositories_and_services.base.user.User.authorities#209cb903-6af1-47a5-af6b-0abb9cd87779], was: [com.cash_flow_app.apicashflow.entities_repositories_and_services.base.user.User.authorities#209cb903-6af1-47a5-af6b-0abb9cd87779] (initialized)
2023-11-28T22:11:57.927-05:00 DEBUG 27472 --- [           main] o.hibernate.engine.internal.Collections  : Collection dereferenced: [com.cash_flow_app.apicashflow.entities_repositories_and_services.base.user.User.accounts#209cb903-6af1-47a5-af6b-0abb9cd87779]
2023-11-28T22:11:57.927-05:00 DEBUG 27472 --- [           main] o.h.e.i.AbstractFlushingEventListener    : Flushed: 0 insertions, 0 updates, 0 deletions to 12 objects
2023-11-28T22:11:57.927-05:00 DEBUG 27472 --- [           main] o.h.e.i.AbstractFlushingEventListener    : Flushed: 0 (re)creations, 0 updates, 1 removals to 2 collections
2023-11-28T22:11:57.927-05:00 DEBUG 27472 --- [           main] o.hibernate.internal.util.EntityPrinter  : Listing entities:
2023-11-28T22:11:57.927-05:00 DEBUG 27472 --- [           main] o.hibernate.internal.util.EntityPrinter  : com.cash_flow_app.apicashflow.entities_repositories_and_services.base.authority.Authority{endpoint=User, permission=CREATE, id=f4f135be-a2b5-48d1-a9d0-2b14e82cc373}
2023-11-28T22:11:57.927-05:00 DEBUG 27472 --- [           main] o.hibernate.internal.util.EntityPrinter  : com.cash_flow_app.apicashflow.entities_repositories_and_services.base.authority.Authority{endpoint=User, permission=READ, id=35481739-2447-454f-8ec3-daf467bb2ae5}
2023-11-28T22:11:57.927-05:00 DEBUG 27472 --- [           main] o.hibernate.internal.util.EntityPrinter  : com.cash_flow_app.apicashflow.entities_repositories_and_services.base.authority.Authority{endpoint=IncomeExpense, permission=CREATE, id=4de61a19-9cab-469d-856c-169a503a3f70}
2023-11-28T22:11:57.927-05:00 DEBUG 27472 --- [           main] o.hibernate.internal.util.EntityPrinter  : com.cash_flow_app.apicashflow.entities_repositories_and_services.base.authority.Authority{endpoint=Account, permission=DELETE, id=363894b3-8bdc-4764-ad13-d91f872e1a95}
2023-11-28T22:11:57.927-05:00 DEBUG 27472 --- [           main] o.hibernate.internal.util.EntityPrinter  : com.cash_flow_app.apicashflow.entities_repositories_and_services.base.authority.Authority{endpoint=IncomeExpense, permission=DELETE, id=51c645c0-dc8a-45f9-88d1-533e63701dbe}
2023-11-28T22:11:57.927-05:00 DEBUG 27472 --- [           main] o.hibernate.internal.util.EntityPrinter  : com.cash_flow_app.apicashflow.entities_repositories_and_services.base.authority.Authority{endpoint=ScheduledAccount, permission=READ, id=fed8cd26-d658-4965-b57c-1be9bb9eb61c}
2023-11-28T22:11:57.927-05:00 DEBUG 27472 --- [           main] o.hibernate.internal.util.EntityPrinter  : com.cash_flow_app.apicashflow.entities_repositories_and_services.base.authority.Authority{endpoint=ScheduledAccount, permission=DELETE, id=76cfdeb6-c100-4ed8-bb40-d15e53690430}
2023-11-28T22:11:57.927-05:00 DEBUG 27472 --- [           main] o.hibernate.internal.util.EntityPrinter  : com.cash_flow_app.apicashflow.entities_repositories_and_services.base.authority.Authority{endpoint=ScheduledAccount, permission=CREATE, id=bd7f10f2-85c9-49d0-9a90-f83a87d9cdae}
2023-11-28T22:11:57.927-05:00 DEBUG 27472 --- [           main] o.hibernate.internal.util.EntityPrinter  : com.cash_flow_app.apicashflow.entities_repositories_and_services.base.authority.Authority{endpoint=Account, permission=CREATE, id=9aaf7d40-45f6-4ab6-90a9-a23f4c1b5f2f}
2023-11-28T22:11:57.927-05:00 DEBUG 27472 --- [           main] o.hibernate.internal.util.EntityPrinter  : com.cash_flow_app.apicashflow.entities_repositories_and_services.base.authority.Authority{endpoint=Account, permission=READ, id=b14a62f4-d04f-422a-a2a3-1f80e2635352}
2023-11-28T22:11:57.927-05:00 DEBUG 27472 --- [           main] o.hibernate.internal.util.EntityPrinter  : com.cash_flow_app.apicashflow.entities_repositories_and_services.base.user.User{password=$2a$10$CxEr/WerlVI9IlML6jn9LeWF9A4AzB5rCOC7wzSRC63OF.36a23Nq, id=209cb903-6af1-47a5-af6b-0abb9cd87779, accounts=null, authorities=[com.cash_flow_app.apicashflow.entities_repositories_and_services.base.authority.Authority#9aaf7d40-45f6-4ab6-90a9-a23f4c1b5f2f, com.cash_flow_app.apicashflow.entities_repositories_and_services.base.authority.Authority#b14a62f4-d04f-422a-a2a3-1f80e2635352, com.cash_flow_app.apicashflow.entities_repositories_and_services.base.authority.Authority#363894b3-8bdc-4764-ad13-d91f872e1a95, com.cash_flow_app.apicashflow.entities_repositories_and_services.base.authority.Authority#f4f135be-a2b5-48d1-a9d0-2b14e82cc373, com.cash_flow_app.apicashflow.entities_repositories_and_services.base.authority.Authority#35481739-2447-454f-8ec3-daf467bb2ae5, com.cash_flow_app.apicashflow.entities_repositories_and_services.base.authority.Authority#4de61a19-9cab-469d-856c-169a503a3f70, com.cash_flow_app.apicashflow.entities_repositories_and_services.base.authority.Authority#af9e383e-4459-4719-802e-94a22944b4b7, com.cash_flow_app.apicashflow.entities_repositories_and_services.base.authority.Authority#51c645c0-dc8a-45f9-88d1-533e63701dbe, com.cash_flow_app.apicashflow.entities_repositories_and_services.base.authority.Authority#bd7f10f2-85c9-49d0-9a90-f83a87d9cdae, com.cash_flow_app.apicashflow.entities_repositories_and_services.base.authority.Authority#fed8cd26-d658-4965-b57c-1be9bb9eb61c, com.cash_flow_app.apicashflow.entities_repositories_and_services.base.authority.Authority#76cfdeb6-c100-4ed8-bb40-d15e53690430], username=usuario_test}
2023-11-28T22:11:57.927-05:00 DEBUG 27472 --- [           main] o.hibernate.internal.util.EntityPrinter  : com.cash_flow_app.apicashflow.entities_repositories_and_services.base.authority.Authority{endpoint=IncomeExpense, permission=READ, id=af9e383e-4459-4719-802e-94a22944b4b7}
2023-11-28T22:11:57.927-05:00 DEBUG 27472 --- [           main] org.hibernate.orm.sql.exec               : Skipping reading Query result cache data: cache-enabled = false, cache-mode = NORMAL
2023-11-28T22:11:57.927-05:00 DEBUG 27472 --- [           main] org.hibernate.orm.results                : Initializer list
2023-11-28T22:11:57.927-05:00 DEBUG 27472 --- [           main] org.hibernate.orm.results                :     com.cash_flow_app.apicashflow.entities_repositories_and_services.base.user.User(35202153502500).accounts -> SelectEagerCollectionInitializer(com.cash_flow_app.apicashflow.entities_repositories_and_services.base.user.User(35202153502500).accounts)@221561790 (PluralAttribute(com.cash_flow_app.apicashflow.entities_repositories_and_services.base.user.User.accounts))
2023-11-28T22:11:57.927-05:00 DEBUG 27472 --- [           main] org.hibernate.orm.results                :     com.cash_flow_app.apicashflow.entities_repositories_and_services.base.user.User(35202153502500).authorities -> SelectEagerCollectionInitializer(com.cash_flow_app.apicashflow.entities_repositories_and_services.base.user.User(35202153502500).authorities)@551579003 (PluralAttribute(com.cash_flow_app.apicashflow.entities_repositories_and_services.base.user.User.authorities))
2023-11-28T22:11:57.927-05:00 DEBUG 27472 --- [           main] org.hibernate.orm.results                :     com.cash_flow_app.apicashflow.entities_repositories_and_services.base.user.User(35202153502500) -> EntityResultInitializer(com.cash_flow_app.apicashflow.entities_repositories_and_services.base.user.User(35202153502500))@1969764280 (SingleTableEntityPersister(com.cash_flow_app.apicashflow.entities_repositories_and_services.base.user.User))
2023-11-28T22:11:57.927-05:00 DEBUG 27472 --- [           main] org.hibernate.SQL                        : 
    select
        u1_0.id,
        u1_0.password,
        u1_0.username 
    from
        users u1_0 
    where
        u1_0.username=?
2023-11-28T22:11:57.927-05:00 DEBUG 27472 --- [           main] org.hibernate.orm.results                : Extracted JDBC value [0] - [209cb903-6af1-47a5-af6b-0abb9cd87779]
2023-11-28T22:11:57.927-05:00 DEBUG 27472 --- [           main] o.hibernate.orm.results.loading.entity   : (EntityResultInitializer) Hydrated EntityKey (com.cash_flow_app.apicashflow.entities_repositories_and_services.base.user.User(35202153502500)): 209cb903-6af1-47a5-af6b-0abb9cd87779
2023-11-28T22:11:57.927-05:00 DEBUG 27472 --- [           main] o.h.o.r.l.o.h.o.r.loading.collection     : (DelayedCollectionInitializer) Current row collection key : com.cash_flow_app.apicashflow.entities_repositories_and_services.base.user.User(35202153502500).accounts#209cb903-6af1-47a5-af6b-0abb9cd87779
2023-11-28T22:11:57.927-05:00 DEBUG 27472 --- [           main] o.h.o.r.l.o.h.o.r.loading.collection     : (DelayedCollectionInitializer) Current row collection key : com.cash_flow_app.apicashflow.entities_repositories_and_services.base.user.User(35202153502500).authorities#209cb903-6af1-47a5-af6b-0abb9cd87779
2023-11-28T22:11:57.927-05:00 DEBUG 27472 --- [           main] org.hibernate.orm.results.loading        : Calling top-level assembler (0 / 1) : org.hibernate.sql.results.graph.entity.internal.EntityAssembler@492bbebe
2023-11-28T22:11:57.927-05:00 DEBUG 27472 --- [           main] o.s.orm.jpa.JpaTransactionManager        : Found thread-bound EntityManager [SessionImpl(526672117<open>)] for JPA transaction
2023-11-28T22:11:57.927-05:00 DEBUG 27472 --- [           main] o.s.orm.jpa.JpaTransactionManager        : Participating in existing transaction
2023-11-28T22:11:57.927-05:00 DEBUG 27472 --- [           main] o.h.j.internal.PersistenceUnitUtilImpl   : jakarta.persistence.PersistenceUnitUtil.getIdentifier is only intended to work with enhanced entities (although Hibernate also adapts this support to its proxies); however the passed entity was not enhanced (nor a proxy).. may not be able to read identifier
2023-11-28T22:11:57.928-05:00 DEBUG 27472 --- [           main] o.h.e.i.AbstractSaveEventListener        : Generated identifier: 44b0fe97-97d2-4c01-9254-29e6f9967328, using strategy: org.hibernate.id.UUIDGenerator
2023-11-28T22:11:57.928-05:00 DEBUG 27472 --- [           main] o.s.w.s.m.m.a.HttpEntityMethodProcessor  : Using 'application/json', given [*/*] and supported [application/json, application/*+json]
2023-11-28T22:11:57.928-05:00 DEBUG 27472 --- [           main] o.s.w.s.m.m.a.HttpEntityMethodProcessor  : Writing [AccountDto(id=44b0fe97-97d2-4c01-9254-29e6f9967328, description=descripcion de cuenta, users=[usuari (truncated)...]
2023-11-28T22:11:57.928-05:00 DEBUG 27472 --- [           main] o.s.t.web.servlet.TestDispatcherServlet  : Completed 200 OK
2023-11-28T22:11:57.929-05:00 DEBUG 27472 --- [           main] o.s.test.util.ReflectionTestUtils        : Invoking method 'getFilters' on target object [FilterChainProxy[Filter Chains: [DefaultSecurityFilterChain [RequestMatcher=any request, Filters=[org.springframework.security.web.session.DisableEncodeUrlFilter@120e3ebb, org.springframework.security.web.session.ForceEagerSessionCreationFilter@753f1c3e, org.springframework.security.web.context.request.async.WebAsyncManagerIntegrationFilter@5e9af5d4, org.springframework.security.web.context.SecurityContextHolderFilter@1d18e5ad, org.springframework.security.web.header.HeaderWriterFilter@73b68d98, org.springframework.web.filter.CorsFilter@7863e6b2, org.springframework.security.web.authentication.logout.LogoutFilter@1e5a8278, JWTAuthorizationFilter(loginService=com.cash_flow_app.apicashflow.entities_repositories_and_services.base.security.LoginService@508b9c16), com.cash_flow_app.apicashflow.entities_repositories_and_services.base.security.JWTAuthenticationFilter@6fd2b939, org.springframework.security.web.savedrequest.RequestCacheAwareFilter@11def039, org.springframework.security.web.servletapi.SecurityContextHolderAwareRequestFilter@564375d7, org.springframework.security.web.authentication.AnonymousAuthenticationFilter@c4aa99e, org.springframework.security.web.session.SessionManagementFilter@69af6978, org.springframework.security.web.access.ExceptionTranslationFilter@4469046b, org.springframework.security.web.access.intercept.AuthorizationFilter@588d2e90]]]]] or target class [null] with arguments {org.springframework.mock.web.MockHttpServletRequest@4666f1b5}
2023-11-28T22:11:57.929-05:00 DEBUG 27472 --- [           main] o.s.test.util.ReflectionTestUtils        : Invoking method 'getFilters' on target object [FilterChainProxy[Filter Chains: [DefaultSecurityFilterChain [RequestMatcher=any request, Filters=[org.springframework.security.web.session.DisableEncodeUrlFilter@120e3ebb, org.springframework.security.web.session.ForceEagerSessionCreationFilter@753f1c3e, org.springframework.security.web.context.request.async.WebAsyncManagerIntegrationFilter@5e9af5d4, org.springframework.security.web.context.SecurityContextHolderFilter@1d18e5ad, org.springframework.security.web.header.HeaderWriterFilter@73b68d98, org.springframework.web.filter.CorsFilter@7863e6b2, org.springframework.security.web.authentication.logout.LogoutFilter@1e5a8278, JWTAuthorizationFilter(loginService=com.cash_flow_app.apicashflow.entities_repositories_and_services.base.security.LoginService@508b9c16), com.cash_flow_app.apicashflow.entities_repositories_and_services.base.security.JWTAuthenticationFilter@6fd2b939, org.springframework.security.web.savedrequest.RequestCacheAwareFilter@11def039, org.springframework.security.web.servletapi.SecurityContextHolderAwareRequestFilter@564375d7, org.springframework.security.web.authentication.AnonymousAuthenticationFilter@c4aa99e, org.springframework.security.web.session.SessionManagementFilter@69af6978, org.springframework.security.web.access.ExceptionTranslationFilter@4469046b, org.springframework.security.web.access.intercept.AuthorizationFilter@588d2e90]]]]] or target class [null] with arguments {org.springframework.mock.web.MockHttpServletRequest@4666f1b5}
2023-11-28T22:11:57.929-05:00 DEBUG 27472 --- [           main] o.s.test.util.ReflectionTestUtils        : Invoking method 'getFilters' on target object [FilterChainProxy[Filter Chains: [DefaultSecurityFilterChain [RequestMatcher=any request, Filters=[org.springframework.security.web.session.DisableEncodeUrlFilter@120e3ebb, org.springframework.security.web.session.ForceEagerSessionCreationFilter@753f1c3e, org.springframework.security.web.context.request.async.WebAsyncManagerIntegrationFilter@5e9af5d4, org.springframework.security.web.context.SecurityContextHolderFilter@1d18e5ad, org.springframework.security.web.header.HeaderWriterFilter@73b68d98, org.springframework.web.filter.CorsFilter@7863e6b2, org.springframework.security.web.authentication.logout.LogoutFilter@1e5a8278, JWTAuthorizationFilter(loginService=com.cash_flow_app.apicashflow.entities_repositories_and_services.base.security.LoginService@508b9c16), com.cash_flow_app.apicashflow.entities_repositories_and_services.base.security.JWTAuthenticationFilter@6fd2b939, org.springframework.security.web.savedrequest.RequestCacheAwareFilter@11def039, org.springframework.security.web.servletapi.SecurityContextHolderAwareRequestFilter@564375d7, org.springframework.security.web.authentication.AnonymousAuthenticationFilter@c4aa99e, org.springframework.security.web.session.SessionManagementFilter@69af6978, org.springframework.security.web.access.ExceptionTranslationFilter@4469046b, org.springframework.security.web.access.intercept.AuthorizationFilter@588d2e90]]]]] or target class [null] with arguments {org.springframework.mock.web.MockHttpServletRequest@4666f1b5}
2023-11-28T22:11:57.929-05:00 DEBUG 27472 --- [           main] o.s.security.web.FilterChainProxy        : Securing POST /api/v1/income_expense/create
2023-11-28T22:11:57.929-05:00 DEBUG 27472 --- [           main] .s.s.w.s.ForceEagerSessionCreationFilter : Created session eagerly
2023-11-28T22:11:57.930-05:00 DEBUG 27472 --- [           main] org.hibernate.orm.sql.ast.create         : Created new SQL alias : u1_0
2023-11-28T22:11:57.930-05:00 DEBUG 27472 --- [           main] org.hibernate.orm.sql.ast.create         : Registration of TableGroup [StandardTableGroup(com.cash_flow_app.apicashflow.entities_repositories_and_services.base.user.User(35202153502500))] with identifierForTableGroup [com.cash_flow_app.apicashflow.entities_repositories_and_services.base.user.User] for NavigablePath [com.cash_flow_app.apicashflow.entities_repositories_and_services.base.user.User] 
2023-11-28T22:11:57.930-05:00 DEBUG 27472 --- [           main] o.h.q.sqm.sql.BaseSqmToSqlAstConverter   : Determining mapping-model type for SqmParameter : org.hibernate.query.sqm.tree.expression.SqmJpaCriteriaParameterWrapper@5ffac740
2023-11-28T22:11:57.930-05:00 DEBUG 27472 --- [           main] o.h.q.sqm.sql.BaseSqmToSqlAstConverter   : Determining mapping-model type for SqmPath : SqmBasicValuedSimplePath(com.cash_flow_app.apicashflow.entities_repositories_and_services.base.user.User(35202153502500).username) 
2023-11-28T22:11:57.930-05:00 DEBUG 27472 --- [           main] org.hibernate.orm.results.graph.AST      : DomainResult Graph:
 \-EntityResultImpl [com.cash_flow_app.apicashflow.entities_repositories_and_services.base.user.User(35202153502500)]
 |  +-SelectEagerCollectionFetch [com.cash_flow_app.apicashflow.entities_repositories_and_services.base.user.User(35202153502500).accounts]
 |  +-SelectEagerCollectionFetch [com.cash_flow_app.apicashflow.entities_repositories_and_services.base.user.User(35202153502500).authorities]
 |  +-BasicFetch [com.cash_flow_app.apicashflow.entities_repositories_and_services.base.user.User(35202153502500).password]
 |  \-BasicFetch [com.cash_flow_app.apicashflow.entities_repositories_and_services.base.user.User(35202153502500).username]

2023-11-28T22:11:57.930-05:00 DEBUG 27472 --- [           main] org.hibernate.orm.sql.ast.tree           : SQL AST Tree:
    SelectStatement {
      FromClause {
        StandardTableGroup (u1 : com.cash_flow_app.apicashflow.entities_repositories_and_services.base.user.User(35202153502500)) {
          primaryTableReference : users as u1_0
        }
      }
    }

2023-11-28T22:11:57.930-05:00 DEBUG 27472 --- [           main] o.h.e.i.AbstractFlushingEventListener    : Processing flush-time cascades
2023-11-28T22:11:57.930-05:00 DEBUG 27472 --- [           main] o.h.e.i.AbstractFlushingEventListener    : Dirty checking collections
2023-11-28T22:11:57.930-05:00 DEBUG 27472 --- [           main] o.hibernate.engine.internal.Collections  : Collection found: [com.cash_flow_app.apicashflow.entities_repositories_and_services.base.user.User.accounts#209cb903-6af1-47a5-af6b-0abb9cd87779], was: [<unreferenced>] (initialized)
2023-11-28T22:11:57.930-05:00 DEBUG 27472 --- [           main] o.hibernate.engine.internal.Collections  : Collection found: [com.cash_flow_app.apicashflow.entities_repositories_and_services.base.user.User.authorities#209cb903-6af1-47a5-af6b-0abb9cd87779], was: [com.cash_flow_app.apicashflow.entities_repositories_and_services.base.user.User.authorities#209cb903-6af1-47a5-af6b-0abb9cd87779] (initialized)
2023-11-28T22:11:57.930-05:00 DEBUG 27472 --- [           main] o.hibernate.engine.internal.Collections  : Collection found: [com.cash_flow_app.apicashflow.entities_repositories_and_services.base.account.Account.users#44b0fe97-97d2-4c01-9254-29e6f9967328], was: [<unreferenced>] (initialized)
2023-11-28T22:11:57.930-05:00 DEBUG 27472 --- [           main] o.hibernate.engine.internal.Collections  : Collection dereferenced: [com.cash_flow_app.apicashflow.entities_repositories_and_services.base.user.User.accounts#209cb903-6af1-47a5-af6b-0abb9cd87779]
2023-11-28T22:11:57.931-05:00 DEBUG 27472 --- [           main] o.h.e.i.AbstractFlushingEventListener    : Flushed: 1 insertions, 1 updates, 0 deletions to 13 objects
2023-11-28T22:11:57.931-05:00 DEBUG 27472 --- [           main] o.h.e.i.AbstractFlushingEventListener    : Flushed: 2 (re)creations, 0 updates, 1 removals to 4 collections
2023-11-28T22:11:57.931-05:00 DEBUG 27472 --- [           main] o.hibernate.internal.util.EntityPrinter  : Listing entities:
2023-11-28T22:11:57.931-05:00 DEBUG 27472 --- [           main] o.hibernate.internal.util.EntityPrinter  : com.cash_flow_app.apicashflow.entities_repositories_and_services.base.authority.Authority{endpoint=User, permission=CREATE, id=f4f135be-a2b5-48d1-a9d0-2b14e82cc373}
2023-11-28T22:11:57.931-05:00 DEBUG 27472 --- [           main] o.hibernate.internal.util.EntityPrinter  : com.cash_flow_app.apicashflow.entities_repositories_and_services.base.authority.Authority{endpoint=User, permission=READ, id=35481739-2447-454f-8ec3-daf467bb2ae5}
2023-11-28T22:11:57.931-05:00 DEBUG 27472 --- [           main] o.hibernate.internal.util.EntityPrinter  : com.cash_flow_app.apicashflow.entities_repositories_and_services.base.authority.Authority{endpoint=IncomeExpense, permission=CREATE, id=4de61a19-9cab-469d-856c-169a503a3f70}
2023-11-28T22:11:57.931-05:00 DEBUG 27472 --- [           main] o.hibernate.internal.util.EntityPrinter  : com.cash_flow_app.apicashflow.entities_repositories_and_services.base.authority.Authority{endpoint=IncomeExpense, permission=DELETE, id=51c645c0-dc8a-45f9-88d1-533e63701dbe}
2023-11-28T22:11:57.931-05:00 DEBUG 27472 --- [           main] o.hibernate.internal.util.EntityPrinter  : com.cash_flow_app.apicashflow.entities_repositories_and_services.base.authority.Authority{endpoint=ScheduledAccount, permission=READ, id=fed8cd26-d658-4965-b57c-1be9bb9eb61c}
2023-11-28T22:11:57.931-05:00 DEBUG 27472 --- [           main] o.hibernate.internal.util.EntityPrinter  : com.cash_flow_app.apicashflow.entities_repositories_and_services.base.authority.Authority{endpoint=ScheduledAccount, permission=CREATE, id=bd7f10f2-85c9-49d0-9a90-f83a87d9cdae}
2023-11-28T22:11:57.931-05:00 DEBUG 27472 --- [           main] o.hibernate.internal.util.EntityPrinter  : com.cash_flow_app.apicashflow.entities_repositories_and_services.base.authority.Authority{endpoint=IncomeExpense, permission=READ, id=af9e383e-4459-4719-802e-94a22944b4b7}
2023-11-28T22:11:57.931-05:00 DEBUG 27472 --- [           main] o.hibernate.internal.util.EntityPrinter  : com.cash_flow_app.apicashflow.entities_repositories_and_services.base.account.Account{incomes_expenses=null, description=descripcion de cuenta, id=44b0fe97-97d2-4c01-9254-29e6f9967328, users=[com.cash_flow_app.apicashflow.entities_repositories_and_services.base.user.User#209cb903-6af1-47a5-af6b-0abb9cd87779, com.cash_flow_app.apicashflow.entities_repositories_and_services.base.user.User#209cb903-6af1-47a5-af6b-0abb9cd87779]}
2023-11-28T22:11:57.931-05:00 DEBUG 27472 --- [           main] o.hibernate.internal.util.EntityPrinter  : com.cash_flow_app.apicashflow.entities_repositories_and_services.base.authority.Authority{endpoint=Account, permission=DELETE, id=363894b3-8bdc-4764-ad13-d91f872e1a95}
2023-11-28T22:11:57.931-05:00 DEBUG 27472 --- [           main] o.hibernate.internal.util.EntityPrinter  : com.cash_flow_app.apicashflow.entities_repositories_and_services.base.authority.Authority{endpoint=ScheduledAccount, permission=DELETE, id=76cfdeb6-c100-4ed8-bb40-d15e53690430}
2023-11-28T22:11:57.931-05:00 DEBUG 27472 --- [           main] o.hibernate.internal.util.EntityPrinter  : com.cash_flow_app.apicashflow.entities_repositories_and_services.base.authority.Authority{endpoint=Account, permission=CREATE, id=9aaf7d40-45f6-4ab6-90a9-a23f4c1b5f2f}
2023-11-28T22:11:57.931-05:00 DEBUG 27472 --- [           main] o.hibernate.internal.util.EntityPrinter  : com.cash_flow_app.apicashflow.entities_repositories_and_services.base.authority.Authority{endpoint=Account, permission=READ, id=b14a62f4-d04f-422a-a2a3-1f80e2635352}
2023-11-28T22:11:57.931-05:00 DEBUG 27472 --- [           main] o.hibernate.internal.util.EntityPrinter  : com.cash_flow_app.apicashflow.entities_repositories_and_services.base.user.User{password=$2a$10$CxEr/WerlVI9IlML6jn9LeWF9A4AzB5rCOC7wzSRC63OF.36a23Nq, id=209cb903-6af1-47a5-af6b-0abb9cd87779, accounts=[com.cash_flow_app.apicashflow.entities_repositories_and_services.base.account.Account#44b0fe97-97d2-4c01-9254-29e6f9967328, com.cash_flow_app.apicashflow.entities_repositories_and_services.base.account.Account#44b0fe97-97d2-4c01-9254-29e6f9967328], authorities=[com.cash_flow_app.apicashflow.entities_repositories_and_services.base.authority.Authority#9aaf7d40-45f6-4ab6-90a9-a23f4c1b5f2f, com.cash_flow_app.apicashflow.entities_repositories_and_services.base.authority.Authority#b14a62f4-d04f-422a-a2a3-1f80e2635352, com.cash_flow_app.apicashflow.entities_repositories_and_services.base.authority.Authority#363894b3-8bdc-4764-ad13-d91f872e1a95, com.cash_flow_app.apicashflow.entities_repositories_and_services.base.authority.Authority#f4f135be-a2b5-48d1-a9d0-2b14e82cc373, com.cash_flow_app.apicashflow.entities_repositories_and_services.base.authority.Authority#35481739-2447-454f-8ec3-daf467bb2ae5, com.cash_flow_app.apicashflow.entities_repositories_and_services.base.authority.Authority#4de61a19-9cab-469d-856c-169a503a3f70, com.cash_flow_app.apicashflow.entities_repositories_and_services.base.authority.Authority#af9e383e-4459-4719-802e-94a22944b4b7, com.cash_flow_app.apicashflow.entities_repositories_and_services.base.authority.Authority#51c645c0-dc8a-45f9-88d1-533e63701dbe, com.cash_flow_app.apicashflow.entities_repositories_and_services.base.authority.Authority#bd7f10f2-85c9-49d0-9a90-f83a87d9cdae, com.cash_flow_app.apicashflow.entities_repositories_and_services.base.authority.Authority#fed8cd26-d658-4965-b57c-1be9bb9eb61c, com.cash_flow_app.apicashflow.entities_repositories_and_services.base.authority.Authority#76cfdeb6-c100-4ed8-bb40-d15e53690430], username=usuario_test}
2023-11-28T22:11:57.931-05:00 DEBUG 27472 --- [           main] org.hibernate.engine.spi.ActionQueue     : Changes must be flushed to space: users
2023-11-28T22:11:57.931-05:00 DEBUG 27472 --- [           main] org.hibernate.SQL                        : 
    insert 
    into
        accounts
        (description, id) 
    values
        (?, ?)
2023-11-28T22:11:57.931-05:00 DEBUG 27472 --- [           main] o.h.p.c.AbstractCollectionPersister      : Inserting collection: [com.cash_flow_app.apicashflow.entities_repositories_and_services.base.user.User.accounts#209cb903-6af1-47a5-af6b-0abb9cd87779]
2023-11-28T22:11:57.931-05:00 DEBUG 27472 --- [           main] org.hibernate.SQL                        : 
    insert 
    into
        user_account
        (user_id, account_id) 
    values
        (?, ?)
2023-11-28T22:11:57.931-05:00 DEBUG 27472 --- [           main] org.hibernate.SQL                        : 
    insert 
    into
        user_account
        (user_id, account_id) 
    values
        (?, ?)
2023-11-28T22:11:57.931-05:00 DEBUG 27472 --- [           main] o.h.engine.jdbc.spi.SqlExceptionHelper   : could not execute statement [n/a]

org.postgresql.util.PSQLException: ERROR: duplicate key value violates unique constraint "user_account_pkey"
  Detail: Key (user_id, account_id)=(209cb903-6af1-47a5-af6b-0abb9cd87779, 44b0fe97-97d2-4c01-9254-29e6f9967328) already exists.
	at org.postgresql.core.v3.QueryExecutorImpl.receiveErrorResponse(QueryExecutorImpl.java:2676) ~[postgresql-42.5.4.jar:42.5.4]
	at org.postgresql.core.v3.QueryExecutorImpl.processResults(QueryExecutorImpl.java:2366) ~[postgresql-42.5.4.jar:42.5.4]
	at org.postgresql.core.v3.QueryExecutorImpl.execute(QueryExecutorImpl.java:356) ~[postgresql-42.5.4.jar:42.5.4]
	at org.postgresql.jdbc.PgStatement.executeInternal(PgStatement.java:496) ~[postgresql-42.5.4.jar:42.5.4]
	at org.postgresql.jdbc.PgStatement.execute(PgStatement.java:413) ~[postgresql-42.5.4.jar:42.5.4]
	at org.postgresql.jdbc.PgPreparedStatement.executeWithFlags(PgPreparedStatement.java:190) ~[postgresql-42.5.4.jar:42.5.4]
	at org.postgresql.jdbc.PgPreparedStatement.executeUpdate(PgPreparedStatement.java:152) ~[postgresql-42.5.4.jar:42.5.4]
	at com.zaxxer.hikari.pool.ProxyPreparedStatement.executeUpdate(ProxyPreparedStatement.java:61) ~[HikariCP-5.0.1.jar:na]
	at com.zaxxer.hikari.pool.HikariProxyPreparedStatement.executeUpdate(HikariProxyPreparedStatement.java) ~[HikariCP-5.0.1.jar:na]
	at org.hibernate.engine.jdbc.internal.ResultSetReturnImpl.executeUpdate(ResultSetReturnImpl.java:197) ~[hibernate-core-6.1.7.Final.jar:6.1.7.Final]
	at org.hibernate.engine.jdbc.batch.internal.NonBatchingBatch.addToBatch(NonBatchingBatch.java:39) ~[hibernate-core-6.1.7.Final.jar:6.1.7.Final]
	at org.hibernate.persister.collection.AbstractCollectionPersister.recreate(AbstractCollectionPersister.java:1478) ~[hibernate-core-6.1.7.Final.jar:6.1.7.Final]
	at org.hibernate.action.internal.CollectionRecreateAction.execute(CollectionRecreateAction.java:47) ~[hibernate-core-6.1.7.Final.jar:6.1.7.Final]
	at org.hibernate.engine.spi.ActionQueue.executeActions(ActionQueue.java:612) ~[hibernate-core-6.1.7.Final.jar:6.1.7.Final]
	at org.hibernate.engine.spi.ActionQueue.lambda$executeActions$1(ActionQueue.java:483) ~[hibernate-core-6.1.7.Final.jar:6.1.7.Final]
	at java.base/java.util.LinkedHashMap.forEach(LinkedHashMap.java:729) ~[na:na]
	at org.hibernate.engine.spi.ActionQueue.executeActions(ActionQueue.java:480) ~[hibernate-core-6.1.7.Final.jar:6.1.7.Final]
	at org.hibernate.event.internal.AbstractFlushingEventListener.performExecutions(AbstractFlushingEventListener.java:329) ~[hibernate-core-6.1.7.Final.jar:6.1.7.Final]
	at org.hibernate.event.internal.DefaultAutoFlushEventListener.onAutoFlush(DefaultAutoFlushEventListener.java:55) ~[hibernate-core-6.1.7.Final.jar:6.1.7.Final]
	at org.hibernate.event.service.internal.EventListenerGroupImpl.fireEventOnEachListener(EventListenerGroupImpl.java:107) ~[hibernate-core-6.1.7.Final.jar:6.1.7.Final]
	at org.hibernate.internal.SessionImpl.autoFlushIfRequired(SessionImpl.java:1388) ~[hibernate-core-6.1.7.Final.jar:6.1.7.Final]
	at org.hibernate.query.sqm.internal.ConcreteSqmSelectQueryPlan.lambda$new$0(ConcreteSqmSelectQueryPlan.java:111) ~[hibernate-core-6.1.7.Final.jar:6.1.7.Final]
	at org.hibernate.query.sqm.internal.ConcreteSqmSelectQueryPlan.withCacheableSqmInterpretation(ConcreteSqmSelectQueryPlan.java:335) ~[hibernate-core-6.1.7.Final.jar:6.1.7.Final]
	at org.hibernate.query.sqm.internal.ConcreteSqmSelectQueryPlan.performList(ConcreteSqmSelectQueryPlan.java:276) ~[hibernate-core-6.1.7.Final.jar:6.1.7.Final]
	at org.hibernate.query.sqm.internal.QuerySqmImpl.doList(QuerySqmImpl.java:571) ~[hibernate-core-6.1.7.Final.jar:6.1.7.Final]
	at org.hibernate.query.spi.AbstractSelectionQuery.list(AbstractSelectionQuery.java:363) ~[hibernate-core-6.1.7.Final.jar:6.1.7.Final]
	at org.hibernate.query.sqm.internal.QuerySqmImpl.list(QuerySqmImpl.java:1073) ~[hibernate-core-6.1.7.Final.jar:6.1.7.Final]
	at org.hibernate.query.spi.AbstractSelectionQuery.getSingleResult(AbstractSelectionQuery.java:457) ~[hibernate-core-6.1.7.Final.jar:6.1.7.Final]
	at org.hibernate.query.sqm.internal.QuerySqmImpl.getSingleResult(QuerySqmImpl.java:1103) ~[hibernate-core-6.1.7.Final.jar:6.1.7.Final]
	at org.springframework.data.jpa.repository.query.JpaQueryExecution$SingleEntityExecution.doExecute(JpaQueryExecution.java:193) ~[spring-data-jpa-3.0.5.jar:3.0.5]
	at org.springframework.data.jpa.repository.query.JpaQueryExecution.execute(JpaQueryExecution.java:90) ~[spring-data-jpa-3.0.5.jar:3.0.5]
	at org.springframework.data.jpa.repository.query.AbstractJpaQuery.doExecute(AbstractJpaQuery.java:148) ~[spring-data-jpa-3.0.5.jar:3.0.5]
	at org.springframework.data.jpa.repository.query.AbstractJpaQuery.execute(AbstractJpaQuery.java:136) ~[spring-data-jpa-3.0.5.jar:3.0.5]
	at org.springframework.data.repository.core.support.RepositoryMethodInvoker.doInvoke(RepositoryMethodInvoker.java:136) ~[spring-data-commons-3.0.5.jar:3.0.5]
	at org.springframework.data.repository.core.support.RepositoryMethodInvoker.invoke(RepositoryMethodInvoker.java:120) ~[spring-data-commons-3.0.5.jar:3.0.5]
	at org.springframework.data.repository.core.support.QueryExecutorMethodInterceptor.doInvoke(QueryExecutorMethodInterceptor.java:164) ~[spring-data-commons-3.0.5.jar:3.0.5]
	at org.springframework.data.repository.core.support.QueryExecutorMethodInterceptor.invoke(QueryExecutorMethodInterceptor.java:143) ~[spring-data-commons-3.0.5.jar:3.0.5]
	at org.springframework.aop.framework.ReflectiveMethodInvocation.proceed(ReflectiveMethodInvocation.java:184) ~[spring-aop-6.0.8.jar:6.0.8]
	at org.springframework.data.projection.DefaultMethodInvokingMethodInterceptor.invoke(DefaultMethodInvokingMethodInterceptor.java:77) ~[spring-data-commons-3.0.5.jar:3.0.5]
	at org.springframework.aop.framework.ReflectiveMethodInvocation.proceed(ReflectiveMethodInvocation.java:184) ~[spring-aop-6.0.8.jar:6.0.8]
	at org.springframework.transaction.interceptor.TransactionInterceptor$1.proceedWithInvocation(TransactionInterceptor.java:123) ~[spring-tx-6.0.8.jar:6.0.8]
	at org.springframework.transaction.interceptor.TransactionAspectSupport.invokeWithinTransaction(TransactionAspectSupport.java:391) ~[spring-tx-6.0.8.jar:6.0.8]
	at org.springframework.transaction.interceptor.TransactionInterceptor.invoke(TransactionInterceptor.java:119) ~[spring-tx-6.0.8.jar:6.0.8]
	at org.springframework.aop.framework.ReflectiveMethodInvocation.proceed(ReflectiveMethodInvocation.java:184) ~[spring-aop-6.0.8.jar:6.0.8]
	at org.springframework.dao.support.PersistenceExceptionTranslationInterceptor.invoke(PersistenceExceptionTranslationInterceptor.java:137) ~[spring-tx-6.0.8.jar:6.0.8]
	at org.springframework.aop.framework.ReflectiveMethodInvocation.proceed(ReflectiveMethodInvocation.java:184) ~[spring-aop-6.0.8.jar:6.0.8]
	at org.springframework.data.jpa.repository.support.CrudMethodMetadataPostProcessor$CrudMethodMetadataPopulatingMethodInterceptor.invoke(CrudMethodMetadataPostProcessor.java:134) ~[spring-data-jpa-3.0.5.jar:3.0.5]
	at org.springframework.aop.framework.ReflectiveMethodInvocation.proceed(ReflectiveMethodInvocation.java:184) ~[spring-aop-6.0.8.jar:6.0.8]
	at org.springframework.aop.interceptor.ExposeInvocationInterceptor.invoke(ExposeInvocationInterceptor.java:97) ~[spring-aop-6.0.8.jar:6.0.8]
	at org.springframework.aop.framework.ReflectiveMethodInvocation.proceed(ReflectiveMethodInvocation.java:184) ~[spring-aop-6.0.8.jar:6.0.8]
	at org.springframework.aop.framework.JdkDynamicAopProxy.invoke(JdkDynamicAopProxy.java:223) ~[spring-aop-6.0.8.jar:6.0.8]
	at jdk.proxy2/jdk.proxy2.$Proxy148.findByUsername(Unknown Source) ~[na:na]
	at com.cash_flow_app.apicashflow.entities_repositories_and_services.base.user.UserService.findByUsername(UserService.java:56) ~[classes/:na]
	at com.cash_flow_app.apicashflow.entities_repositories_and_services.base.security.LoginService.loadUserByUsername(LoginService.java:18) ~[classes/:na]
	at com.cash_flow_app.apicashflow.utils.TokenUtils.getAuthentication(TokenUtils.java:40) ~[classes/:na]
	at com.cash_flow_app.apicashflow.entities_repositories_and_services.base.security.JWTAuthorizationFilter.doFilterInternal(JWTAuthorizationFilter.java:27) ~[classes/:na]
	at org.springframework.web.filter.OncePerRequestFilter.doFilter(OncePerRequestFilter.java:116) ~[spring-web-6.0.8.jar:6.0.8]
	at org.springframework.security.web.ObservationFilterChainDecorator$ObservationFilter.wrapFilter(ObservationFilterChainDecorator.java:185) ~[spring-security-web-6.0.3.jar:6.0.3]
	at org.springframework.security.web.ObservationFilterChainDecorator$ObservationFilter.doFilter(ObservationFilterChainDecorator.java:172) ~[spring-security-web-6.0.3.jar:6.0.3]
	at org.springframework.security.web.ObservationFilterChainDecorator$VirtualFilterChain.doFilter(ObservationFilterChainDecorator.java:133) ~[spring-security-web-6.0.3.jar:6.0.3]
	at org.springframework.security.web.authentication.logout.LogoutFilter.doFilter(LogoutFilter.java:107) ~[spring-security-web-6.0.3.jar:6.0.3]
	at org.springframework.security.web.authentication.logout.LogoutFilter.doFilter(LogoutFilter.java:93) ~[spring-security-web-6.0.3.jar:6.0.3]
	at org.springframework.security.web.ObservationFilterChainDecorator$ObservationFilter.wrapFilter(ObservationFilterChainDecorator.java:185) ~[spring-security-web-6.0.3.jar:6.0.3]
	at org.springframework.security.web.ObservationFilterChainDecorator$ObservationFilter.doFilter(ObservationFilterChainDecorator.java:172) ~[spring-security-web-6.0.3.jar:6.0.3]
	at org.springframework.security.web.ObservationFilterChainDecorator$VirtualFilterChain.doFilter(ObservationFilterChainDecorator.java:133) ~[spring-security-web-6.0.3.jar:6.0.3]
	at org.springframework.web.filter.CorsFilter.doFilterInternal(CorsFilter.java:91) ~[spring-web-6.0.8.jar:6.0.8]
	at org.springframework.web.filter.OncePerRequestFilter.doFilter(OncePerRequestFilter.java:116) ~[spring-web-6.0.8.jar:6.0.8]
	at org.springframework.security.web.ObservationFilterChainDecorator$ObservationFilter.wrapFilter(ObservationFilterChainDecorator.java:185) ~[spring-security-web-6.0.3.jar:6.0.3]
	at org.springframework.security.web.ObservationFilterChainDecorator$ObservationFilter.doFilter(ObservationFilterChainDecorator.java:172) ~[spring-security-web-6.0.3.jar:6.0.3]
	at org.springframework.security.web.ObservationFilterChainDecorator$VirtualFilterChain.doFilter(ObservationFilterChainDecorator.java:133) ~[spring-security-web-6.0.3.jar:6.0.3]
	at org.springframework.security.web.header.HeaderWriterFilter.doHeadersAfter(HeaderWriterFilter.java:90) ~[spring-security-web-6.0.3.jar:6.0.3]
	at org.springframework.security.web.header.HeaderWriterFilter.doFilterInternal(HeaderWriterFilter.java:75) ~[spring-security-web-6.0.3.jar:6.0.3]
	at org.springframework.web.filter.OncePerRequestFilter.doFilter(OncePerRequestFilter.java:116) ~[spring-web-6.0.8.jar:6.0.8]
	at org.springframework.security.web.ObservationFilterChainDecorator$ObservationFilter.wrapFilter(ObservationFilterChainDecorator.java:185) ~[spring-security-web-6.0.3.jar:6.0.3]
	at org.springframework.security.web.ObservationFilterChainDecorator$ObservationFilter.doFilter(ObservationFilterChainDecorator.java:172) ~[spring-security-web-6.0.3.jar:6.0.3]
	at org.springframework.security.web.ObservationFilterChainDecorator$VirtualFilterChain.doFilter(ObservationFilterChainDecorator.java:133) ~[spring-security-web-6.0.3.jar:6.0.3]
	at org.springframework.security.web.context.SecurityContextHolderFilter.doFilter(SecurityContextHolderFilter.java:82) ~[spring-security-web-6.0.3.jar:6.0.3]
	at org.springframework.security.web.context.SecurityContextHolderFilter.doFilter(SecurityContextHolderFilter.java:69) ~[spring-security-web-6.0.3.jar:6.0.3]
	at org.springframework.security.web.ObservationFilterChainDecorator$ObservationFilter.wrapFilter(ObservationFilterChainDecorator.java:185) ~[spring-security-web-6.0.3.jar:6.0.3]
	at org.springframework.security.web.ObservationFilterChainDecorator$ObservationFilter.doFilter(ObservationFilterChainDecorator.java:172) ~[spring-security-web-6.0.3.jar:6.0.3]
	at org.springframework.security.web.ObservationFilterChainDecorator$VirtualFilterChain.doFilter(ObservationFilterChainDecorator.java:133) ~[spring-security-web-6.0.3.jar:6.0.3]
	at org.springframework.security.web.context.request.async.WebAsyncManagerIntegrationFilter.doFilterInternal(WebAsyncManagerIntegrationFilter.java:62) ~[spring-security-web-6.0.3.jar:6.0.3]
	at org.springframework.web.filter.OncePerRequestFilter.doFilter(OncePerRequestFilter.java:116) ~[spring-web-6.0.8.jar:6.0.8]
	at org.springframework.security.web.ObservationFilterChainDecorator$ObservationFilter.wrapFilter(ObservationFilterChainDecorator.java:185) ~[spring-security-web-6.0.3.jar:6.0.3]
	at org.springframework.security.web.ObservationFilterChainDecorator$ObservationFilter.doFilter(ObservationFilterChainDecorator.java:172) ~[spring-security-web-6.0.3.jar:6.0.3]
	at org.springframework.security.web.ObservationFilterChainDecorator$VirtualFilterChain.doFilter(ObservationFilterChainDecorator.java:133) ~[spring-security-web-6.0.3.jar:6.0.3]
	at org.springframework.security.web.session.ForceEagerSessionCreationFilter.doFilterInternal(ForceEagerSessionCreationFilter.java:45) ~[spring-security-web-6.0.3.jar:6.0.3]
	at org.springframework.web.filter.OncePerRequestFilter.doFilter(OncePerRequestFilter.java:116) ~[spring-web-6.0.8.jar:6.0.8]
	at org.springframework.security.web.ObservationFilterChainDecorator$ObservationFilter.wrapFilter(ObservationFilterChainDecorator.java:185) ~[spring-security-web-6.0.3.jar:6.0.3]
	at org.springframework.security.web.ObservationFilterChainDecorator$ObservationFilter.doFilter(ObservationFilterChainDecorator.java:172) ~[spring-security-web-6.0.3.jar:6.0.3]
	at org.springframework.security.web.ObservationFilterChainDecorator$VirtualFilterChain.doFilter(ObservationFilterChainDecorator.java:133) ~[spring-security-web-6.0.3.jar:6.0.3]
	at org.springframework.security.web.session.DisableEncodeUrlFilter.doFilterInternal(DisableEncodeUrlFilter.java:42) ~[spring-security-web-6.0.3.jar:6.0.3]
	at org.springframework.web.filter.OncePerRequestFilter.doFilter(OncePerRequestFilter.java:116) ~[spring-web-6.0.8.jar:6.0.8]
	at org.springframework.security.web.ObservationFilterChainDecorator$ObservationFilter.wrapFilter(ObservationFilterChainDecorator.java:185) ~[spring-security-web-6.0.3.jar:6.0.3]
	at org.springframework.security.web.ObservationFilterChainDecorator$AroundFilterObservation$SimpleAroundFilterObservation.lambda$wrap$0(ObservationFilterChainDecorator.java:268) ~[spring-security-web-6.0.3.jar:6.0.3]
	at org.springframework.security.web.ObservationFilterChainDecorator$ObservationFilter.doFilter(ObservationFilterChainDecorator.java:169) ~[spring-security-web-6.0.3.jar:6.0.3]
	at org.springframework.security.web.ObservationFilterChainDecorator$VirtualFilterChain.doFilter(ObservationFilterChainDecorator.java:133) ~[spring-security-web-6.0.3.jar:6.0.3]
	at org.springframework.security.web.FilterChainProxy.doFilterInternal(FilterChainProxy.java:233) ~[spring-security-web-6.0.3.jar:6.0.3]
	at org.springframework.security.web.FilterChainProxy.doFilter(FilterChainProxy.java:191) ~[spring-security-web-6.0.3.jar:6.0.3]
	at org.springframework.web.filter.DelegatingFilterProxy.invokeDelegate(DelegatingFilterProxy.java:352) ~[spring-web-6.0.8.jar:6.0.8]
	at org.springframework.web.filter.DelegatingFilterProxy.doFilter(DelegatingFilterProxy.java:268) ~[spring-web-6.0.8.jar:6.0.8]
	at org.springframework.mock.web.MockFilterChain.doFilter(MockFilterChain.java:132) ~[spring-test-6.0.8.jar:6.0.8]
	at org.springframework.web.filter.RequestContextFilter.doFilterInternal(RequestContextFilter.java:100) ~[spring-web-6.0.8.jar:6.0.8]
	at org.springframework.web.filter.OncePerRequestFilter.doFilter(OncePerRequestFilter.java:116) ~[spring-web-6.0.8.jar:6.0.8]
	at org.springframework.mock.web.MockFilterChain.doFilter(MockFilterChain.java:132) ~[spring-test-6.0.8.jar:6.0.8]
	at org.springframework.web.filter.FormContentFilter.doFilterInternal(FormContentFilter.java:93) ~[spring-web-6.0.8.jar:6.0.8]
	at org.springframework.web.filter.OncePerRequestFilter.doFilter(OncePerRequestFilter.java:116) ~[spring-web-6.0.8.jar:6.0.8]
	at org.springframework.mock.web.MockFilterChain.doFilter(MockFilterChain.java:132) ~[spring-test-6.0.8.jar:6.0.8]
	at org.springframework.web.filter.ServerHttpObservationFilter.doFilterInternal(ServerHttpObservationFilter.java:109) ~[spring-web-6.0.8.jar:6.0.8]
	at org.springframework.web.filter.OncePerRequestFilter.doFilter(OncePerRequestFilter.java:116) ~[spring-web-6.0.8.jar:6.0.8]
	at org.springframework.mock.web.MockFilterChain.doFilter(MockFilterChain.java:132) ~[spring-test-6.0.8.jar:6.0.8]
	at org.springframework.web.filter.CharacterEncodingFilter.doFilterInternal(CharacterEncodingFilter.java:201) ~[spring-web-6.0.8.jar:6.0.8]
	at org.springframework.web.filter.OncePerRequestFilter.doFilter(OncePerRequestFilter.java:116) ~[spring-web-6.0.8.jar:6.0.8]
	at org.springframework.mock.web.MockFilterChain.doFilter(MockFilterChain.java:132) ~[spring-test-6.0.8.jar:6.0.8]
	at org.springframework.test.web.servlet.MockMvc.perform(MockMvc.java:201) ~[spring-test-6.0.8.jar:6.0.8]
	at com.cash_flow_app.apicashflow.controller.ScheduledAccountControllerTest.createIncomeExpenseResult(ScheduledAccountControllerTest.java:297) ~[test-classes/:na]
	at com.cash_flow_app.apicashflow.controller.ScheduledAccountControllerTest.deleteScheduledAccount(ScheduledAccountControllerTest.java:250) ~[test-classes/:na]
	at java.base/jdk.internal.reflect.DirectMethodHandleAccessor.invoke(DirectMethodHandleAccessor.java:104) ~[na:na]
	at java.base/java.lang.reflect.Method.invoke(Method.java:578) ~[na:na]
	at org.junit.platform.commons.util.ReflectionUtils.invokeMethod(ReflectionUtils.java:727) ~[junit-platform-commons-1.9.2.jar:1.9.2]
	at org.junit.jupiter.engine.execution.MethodInvocation.proceed(MethodInvocation.java:60) ~[junit-jupiter-engine-5.9.2.jar:5.9.2]
	at org.junit.jupiter.engine.execution.InvocationInterceptorChain$ValidatingInvocation.proceed(InvocationInterceptorChain.java:131) ~[junit-jupiter-engine-5.9.2.jar:5.9.2]
	at org.junit.jupiter.engine.extension.TimeoutExtension.intercept(TimeoutExtension.java:156) ~[junit-jupiter-engine-5.9.2.jar:5.9.2]
	at org.junit.jupiter.engine.extension.TimeoutExtension.interceptTestableMethod(TimeoutExtension.java:147) ~[junit-jupiter-engine-5.9.2.jar:5.9.2]
	at org.junit.jupiter.engine.extension.TimeoutExtension.interceptTestMethod(TimeoutExtension.java:86) ~[junit-jupiter-engine-5.9.2.jar:5.9.2]
	at org.junit.jupiter.engine.execution.InterceptingExecutableInvoker$ReflectiveInterceptorCall.lambda$ofVoidMethod$0(InterceptingExecutableInvoker.java:103) ~[junit-jupiter-engine-5.9.2.jar:5.9.2]
	at org.junit.jupiter.engine.execution.InterceptingExecutableInvoker.lambda$invoke$0(InterceptingExecutableInvoker.java:93) ~[junit-jupiter-engine-5.9.2.jar:5.9.2]
	at org.junit.jupiter.engine.execution.InvocationInterceptorChain$InterceptedInvocation.proceed(InvocationInterceptorChain.java:106) ~[junit-jupiter-engine-5.9.2.jar:5.9.2]
	at org.junit.jupiter.engine.execution.InvocationInterceptorChain.proceed(InvocationInterceptorChain.java:64) ~[junit-jupiter-engine-5.9.2.jar:5.9.2]
	at org.junit.jupiter.engine.execution.InvocationInterceptorChain.chainAndInvoke(InvocationInterceptorChain.java:45) ~[junit-jupiter-engine-5.9.2.jar:5.9.2]
	at org.junit.jupiter.engine.execution.InvocationInterceptorChain.invoke(InvocationInterceptorChain.java:37) ~[junit-jupiter-engine-5.9.2.jar:5.9.2]
	at org.junit.jupiter.engine.execution.InterceptingExecutableInvoker.invoke(InterceptingExecutableInvoker.java:92) ~[junit-jupiter-engine-5.9.2.jar:5.9.2]
	at org.junit.jupiter.engine.execution.InterceptingExecutableInvoker.invoke(InterceptingExecutableInvoker.java:86) ~[junit-jupiter-engine-5.9.2.jar:5.9.2]
	at org.junit.jupiter.engine.descriptor.TestMethodTestDescriptor.lambda$invokeTestMethod$7(TestMethodTestDescriptor.java:217) ~[junit-jupiter-engine-5.9.2.jar:5.9.2]
	at org.junit.platform.engine.support.hierarchical.ThrowableCollector.execute(ThrowableCollector.java:73) ~[junit-platform-engine-1.9.2.jar:1.9.2]
	at org.junit.jupiter.engine.descriptor.TestMethodTestDescriptor.invokeTestMethod(TestMethodTestDescriptor.java:213) ~[junit-jupiter-engine-5.9.2.jar:5.9.2]
	at org.junit.jupiter.engine.descriptor.TestMethodTestDescriptor.execute(TestMethodTestDescriptor.java:138) ~[junit-jupiter-engine-5.9.2.jar:5.9.2]
	at org.junit.jupiter.engine.descriptor.TestMethodTestDescriptor.execute(TestMethodTestDescriptor.java:68) ~[junit-jupiter-engine-5.9.2.jar:5.9.2]
	at org.junit.platform.engine.support.hierarchical.NodeTestTask.lambda$executeRecursively$6(NodeTestTask.java:151) ~[junit-platform-engine-1.9.2.jar:1.9.2]
	at org.junit.platform.engine.support.hierarchical.ThrowableCollector.execute(ThrowableCollector.java:73) ~[junit-platform-engine-1.9.2.jar:1.9.2]
	at org.junit.platform.engine.support.hierarchical.NodeTestTask.lambda$executeRecursively$8(NodeTestTask.java:141) ~[junit-platform-engine-1.9.2.jar:1.9.2]
	at org.junit.platform.engine.support.hierarchical.Node.around(Node.java:137) ~[junit-platform-engine-1.9.2.jar:1.9.2]
	at org.junit.platform.engine.support.hierarchical.NodeTestTask.lambda$executeRecursively$9(NodeTestTask.java:139) ~[junit-platform-engine-1.9.2.jar:1.9.2]
	at org.junit.platform.engine.support.hierarchical.ThrowableCollector.execute(ThrowableCollector.java:73) ~[junit-platform-engine-1.9.2.jar:1.9.2]
	at org.junit.platform.engine.support.hierarchical.NodeTestTask.executeRecursively(NodeTestTask.java:138) ~[junit-platform-engine-1.9.2.jar:1.9.2]
	at org.junit.platform.engine.support.hierarchical.NodeTestTask.execute(NodeTestTask.java:95) ~[junit-platform-engine-1.9.2.jar:1.9.2]
	at java.base/java.util.ArrayList.forEach(ArrayList.java:1511) ~[na:na]
	at org.junit.platform.engine.support.hierarchical.SameThreadHierarchicalTestExecutorService.invokeAll(SameThreadHierarchicalTestExecutorService.java:41) ~[junit-platform-engine-1.9.2.jar:1.9.2]
	at org.junit.platform.engine.support.hierarchical.NodeTestTask.lambda$executeRecursively$6(NodeTestTask.java:155) ~[junit-platform-engine-1.9.2.jar:1.9.2]
	at org.junit.platform.engine.support.hierarchical.ThrowableCollector.execute(ThrowableCollector.java:73) ~[junit-platform-engine-1.9.2.jar:1.9.2]
	at org.junit.platform.engine.support.hierarchical.NodeTestTask.lambda$executeRecursively$8(NodeTestTask.java:141) ~[junit-platform-engine-1.9.2.jar:1.9.2]
	at org.junit.platform.engine.support.hierarchical.Node.around(Node.java:137) ~[junit-platform-engine-1.9.2.jar:1.9.2]
	at org.junit.platform.engine.support.hierarchical.NodeTestTask.lambda$executeRecursively$9(NodeTestTask.java:139) ~[junit-platform-engine-1.9.2.jar:1.9.2]
	at org.junit.platform.engine.support.hierarchical.ThrowableCollector.execute(ThrowableCollector.java:73) ~[junit-platform-engine-1.9.2.jar:1.9.2]
	at org.junit.platform.engine.support.hierarchical.NodeTestTask.executeRecursively(NodeTestTask.java:138) ~[junit-platform-engine-1.9.2.jar:1.9.2]
	at org.junit.platform.engine.support.hierarchical.NodeTestTask.execute(NodeTestTask.java:95) ~[junit-platform-engine-1.9.2.jar:1.9.2]
	at java.base/java.util.ArrayList.forEach(ArrayList.java:1511) ~[na:na]
	at org.junit.platform.engine.support.hierarchical.SameThreadHierarchicalTestExecutorService.invokeAll(SameThreadHierarchicalTestExecutorService.java:41) ~[junit-platform-engine-1.9.2.jar:1.9.2]
	at org.junit.platform.engine.support.hierarchical.NodeTestTask.lambda$executeRecursively$6(NodeTestTask.java:155) ~[junit-platform-engine-1.9.2.jar:1.9.2]
	at org.junit.platform.engine.support.hierarchical.ThrowableCollector.execute(ThrowableCollector.java:73) ~[junit-platform-engine-1.9.2.jar:1.9.2]
	at org.junit.platform.engine.support.hierarchical.NodeTestTask.lambda$executeRecursively$8(NodeTestTask.java:141) ~[junit-platform-engine-1.9.2.jar:1.9.2]
	at org.junit.platform.engine.support.hierarchical.Node.around(Node.java:137) ~[junit-platform-engine-1.9.2.jar:1.9.2]
	at org.junit.platform.engine.support.hierarchical.NodeTestTask.lambda$executeRecursively$9(NodeTestTask.java:139) ~[junit-platform-engine-1.9.2.jar:1.9.2]
	at org.junit.platform.engine.support.hierarchical.ThrowableCollector.execute(ThrowableCollector.java:73) ~[junit-platform-engine-1.9.2.jar:1.9.2]
	at org.junit.platform.engine.support.hierarchical.NodeTestTask.executeRecursively(NodeTestTask.java:138) ~[junit-platform-engine-1.9.2.jar:1.9.2]
	at org.junit.platform.engine.support.hierarchical.NodeTestTask.execute(NodeTestTask.java:95) ~[junit-platform-engine-1.9.2.jar:1.9.2]
	at org.junit.platform.engine.support.hierarchical.SameThreadHierarchicalTestExecutorService.submit(SameThreadHierarchicalTestExecutorService.java:35) ~[junit-platform-engine-1.9.2.jar:1.9.2]
	at org.junit.platform.engine.support.hierarchical.HierarchicalTestExecutor.execute(HierarchicalTestExecutor.java:57) ~[junit-platform-engine-1.9.2.jar:1.9.2]
	at org.junit.platform.engine.support.hierarchical.HierarchicalTestEngine.execute(HierarchicalTestEngine.java:54) ~[junit-platform-engine-1.9.2.jar:1.9.2]
	at org.junit.platform.launcher.core.DefaultLauncher.execute(DefaultLauncher.java:220) ~[junit-platform-launcher-1.3.1.jar:1.3.1]
	at org.junit.platform.launcher.core.DefaultLauncher.lambda$execute$6(DefaultLauncher.java:188) ~[junit-platform-launcher-1.3.1.jar:1.3.1]
	at org.junit.platform.launcher.core.DefaultLauncher.withInterceptedStreams(DefaultLauncher.java:202) ~[junit-platform-launcher-1.3.1.jar:1.3.1]
	at org.junit.platform.launcher.core.DefaultLauncher.execute(DefaultLauncher.java:181) ~[junit-platform-launcher-1.3.1.jar:1.3.1]
	at org.junit.platform.launcher.core.DefaultLauncher.execute(DefaultLauncher.java:128) ~[junit-platform-launcher-1.3.1.jar:1.3.1]
	at org.apache.maven.surefire.junitplatform.JUnitPlatformProvider.invokeAllTests(JUnitPlatformProvider.java:150) ~[surefire-junit-platform-2.22.2.jar:2.22.2]
	at org.apache.maven.surefire.junitplatform.JUnitPlatformProvider.invoke(JUnitPlatformProvider.java:124) ~[surefire-junit-platform-2.22.2.jar:2.22.2]
	at org.apache.maven.surefire.booter.ForkedBooter.invokeProviderInSameClassLoader(ForkedBooter.java:384) ~[surefire-booter-2.22.2.jar:2.22.2]
	at org.apache.maven.surefire.booter.ForkedBooter.runSuitesInProcess(ForkedBooter.java:345) ~[surefire-booter-2.22.2.jar:2.22.2]
	at org.apache.maven.surefire.booter.ForkedBooter.execute(ForkedBooter.java:126) ~[surefire-booter-2.22.2.jar:2.22.2]
	at org.apache.maven.surefire.booter.ForkedBooter.main(ForkedBooter.java:418) ~[surefire-booter-2.22.2.jar:2.22.2]

2023-11-28T22:11:57.932-05:00  WARN 27472 --- [           main] o.h.engine.jdbc.spi.SqlExceptionHelper   : SQL Error: 0, SQLState: 23505
2023-11-28T22:11:57.932-05:00 ERROR 27472 --- [           main] o.h.engine.jdbc.spi.SqlExceptionHelper   : ERROR: duplicate key value violates unique constraint "user_account_pkey"
  Detail: Key (user_id, account_id)=(209cb903-6af1-47a5-af6b-0abb9cd87779, 44b0fe97-97d2-4c01-9254-29e6f9967328) already exists.
2023-11-28T22:11:57.932-05:00  INFO 27472 --- [           main] o.h.e.j.b.internal.AbstractBatchImpl     : HHH000010: On release of batch it still contained JDBC statements
2023-11-28T22:11:57.932-05:00 DEBUG 27472 --- [           main] cResourceLocalTransactionCoordinatorImpl : JDBC transaction marked for rollback-only (exception provided for stack trace)

java.lang.Exception: exception just for purpose of providing stack trace
	at org.hibernate.resource.transaction.backend.jdbc.internal.JdbcResourceLocalTransactionCoordinatorImpl$TransactionDriverControlImpl.markRollbackOnly(JdbcResourceLocalTransactionCoordinatorImpl.java:324) ~[hibernate-core-6.1.7.Final.jar:6.1.7.Final]
	at org.hibernate.engine.transaction.internal.TransactionImpl.markRollbackOnly(TransactionImpl.java:203) ~[hibernate-core-6.1.7.Final.jar:6.1.7.Final]
	at org.hibernate.internal.AbstractSharedSessionContract.markForRollbackOnly(AbstractSharedSessionContract.java:434) ~[hibernate-core-6.1.7.Final.jar:6.1.7.Final]
	at org.hibernate.internal.ExceptionConverterImpl.handlePersistenceException(ExceptionConverterImpl.java:291) ~[hibernate-core-6.1.7.Final.jar:6.1.7.Final]
	at org.hibernate.internal.ExceptionConverterImpl.convert(ExceptionConverterImpl.java:168) ~[hibernate-core-6.1.7.Final.jar:6.1.7.Final]
	at org.hibernate.query.spi.AbstractSelectionQuery.list(AbstractSelectionQuery.java:374) ~[hibernate-core-6.1.7.Final.jar:6.1.7.Final]
	at org.hibernate.query.sqm.internal.QuerySqmImpl.list(QuerySqmImpl.java:1073) ~[hibernate-core-6.1.7.Final.jar:6.1.7.Final]
	at org.hibernate.query.spi.AbstractSelectionQuery.getSingleResult(AbstractSelectionQuery.java:457) ~[hibernate-core-6.1.7.Final.jar:6.1.7.Final]
	at org.hibernate.query.sqm.internal.QuerySqmImpl.getSingleResult(QuerySqmImpl.java:1103) ~[hibernate-core-6.1.7.Final.jar:6.1.7.Final]
	at org.springframework.data.jpa.repository.query.JpaQueryExecution$SingleEntityExecution.doExecute(JpaQueryExecution.java:193) ~[spring-data-jpa-3.0.5.jar:3.0.5]
	at org.springframework.data.jpa.repository.query.JpaQueryExecution.execute(JpaQueryExecution.java:90) ~[spring-data-jpa-3.0.5.jar:3.0.5]
	at org.springframework.data.jpa.repository.query.AbstractJpaQuery.doExecute(AbstractJpaQuery.java:148) ~[spring-data-jpa-3.0.5.jar:3.0.5]
	at org.springframework.data.jpa.repository.query.AbstractJpaQuery.execute(AbstractJpaQuery.java:136) ~[spring-data-jpa-3.0.5.jar:3.0.5]
	at org.springframework.data.repository.core.support.RepositoryMethodInvoker.doInvoke(RepositoryMethodInvoker.java:136) ~[spring-data-commons-3.0.5.jar:3.0.5]
	at org.springframework.data.repository.core.support.RepositoryMethodInvoker.invoke(RepositoryMethodInvoker.java:120) ~[spring-data-commons-3.0.5.jar:3.0.5]
	at org.springframework.data.repository.core.support.QueryExecutorMethodInterceptor.doInvoke(QueryExecutorMethodInterceptor.java:164) ~[spring-data-commons-3.0.5.jar:3.0.5]
	at org.springframework.data.repository.core.support.QueryExecutorMethodInterceptor.invoke(QueryExecutorMethodInterceptor.java:143) ~[spring-data-commons-3.0.5.jar:3.0.5]
	at org.springframework.aop.framework.ReflectiveMethodInvocation.proceed(ReflectiveMethodInvocation.java:184) ~[spring-aop-6.0.8.jar:6.0.8]
	at org.springframework.data.projection.DefaultMethodInvokingMethodInterceptor.invoke(DefaultMethodInvokingMethodInterceptor.java:77) ~[spring-data-commons-3.0.5.jar:3.0.5]
	at org.springframework.aop.framework.ReflectiveMethodInvocation.proceed(ReflectiveMethodInvocation.java:184) ~[spring-aop-6.0.8.jar:6.0.8]
	at org.springframework.transaction.interceptor.TransactionInterceptor$1.proceedWithInvocation(TransactionInterceptor.java:123) ~[spring-tx-6.0.8.jar:6.0.8]
	at org.springframework.transaction.interceptor.TransactionAspectSupport.invokeWithinTransaction(TransactionAspectSupport.java:391) ~[spring-tx-6.0.8.jar:6.0.8]
	at org.springframework.transaction.interceptor.TransactionInterceptor.invoke(TransactionInterceptor.java:119) ~[spring-tx-6.0.8.jar:6.0.8]
	at org.springframework.aop.framework.ReflectiveMethodInvocation.proceed(ReflectiveMethodInvocation.java:184) ~[spring-aop-6.0.8.jar:6.0.8]
	at org.springframework.dao.support.PersistenceExceptionTranslationInterceptor.invoke(PersistenceExceptionTranslationInterceptor.java:137) ~[spring-tx-6.0.8.jar:6.0.8]
	at org.springframework.aop.framework.ReflectiveMethodInvocation.proceed(ReflectiveMethodInvocation.java:184) ~[spring-aop-6.0.8.jar:6.0.8]
	at org.springframework.data.jpa.repository.support.CrudMethodMetadataPostProcessor$CrudMethodMetadataPopulatingMethodInterceptor.invoke(CrudMethodMetadataPostProcessor.java:134) ~[spring-data-jpa-3.0.5.jar:3.0.5]
	at org.springframework.aop.framework.ReflectiveMethodInvocation.proceed(ReflectiveMethodInvocation.java:184) ~[spring-aop-6.0.8.jar:6.0.8]
	at org.springframework.aop.interceptor.ExposeInvocationInterceptor.invoke(ExposeInvocationInterceptor.java:97) ~[spring-aop-6.0.8.jar:6.0.8]
	at org.springframework.aop.framework.ReflectiveMethodInvocation.proceed(ReflectiveMethodInvocation.java:184) ~[spring-aop-6.0.8.jar:6.0.8]
	at org.springframework.aop.framework.JdkDynamicAopProxy.invoke(JdkDynamicAopProxy.java:223) ~[spring-aop-6.0.8.jar:6.0.8]
	at jdk.proxy2/jdk.proxy2.$Proxy148.findByUsername(Unknown Source) ~[na:na]
	at com.cash_flow_app.apicashflow.entities_repositories_and_services.base.user.UserService.findByUsername(UserService.java:56) ~[classes/:na]
	at com.cash_flow_app.apicashflow.entities_repositories_and_services.base.security.LoginService.loadUserByUsername(LoginService.java:18) ~[classes/:na]
	at com.cash_flow_app.apicashflow.utils.TokenUtils.getAuthentication(TokenUtils.java:40) ~[classes/:na]
	at com.cash_flow_app.apicashflow.entities_repositories_and_services.base.security.JWTAuthorizationFilter.doFilterInternal(JWTAuthorizationFilter.java:27) ~[classes/:na]
	at org.springframework.web.filter.OncePerRequestFilter.doFilter(OncePerRequestFilter.java:116) ~[spring-web-6.0.8.jar:6.0.8]
	at org.springframework.security.web.ObservationFilterChainDecorator$ObservationFilter.wrapFilter(ObservationFilterChainDecorator.java:185) ~[spring-security-web-6.0.3.jar:6.0.3]
	at org.springframework.security.web.ObservationFilterChainDecorator$ObservationFilter.doFilter(ObservationFilterChainDecorator.java:172) ~[spring-security-web-6.0.3.jar:6.0.3]
	at org.springframework.security.web.ObservationFilterChainDecorator$VirtualFilterChain.doFilter(ObservationFilterChainDecorator.java:133) ~[spring-security-web-6.0.3.jar:6.0.3]
	at org.springframework.security.web.authentication.logout.LogoutFilter.doFilter(LogoutFilter.java:107) ~[spring-security-web-6.0.3.jar:6.0.3]
	at org.springframework.security.web.authentication.logout.LogoutFilter.doFilter(LogoutFilter.java:93) ~[spring-security-web-6.0.3.jar:6.0.3]
	at org.springframework.security.web.ObservationFilterChainDecorator$ObservationFilter.wrapFilter(ObservationFilterChainDecorator.java:185) ~[spring-security-web-6.0.3.jar:6.0.3]
	at org.springframework.security.web.ObservationFilterChainDecorator$ObservationFilter.doFilter(ObservationFilterChainDecorator.java:172) ~[spring-security-web-6.0.3.jar:6.0.3]
	at org.springframework.security.web.ObservationFilterChainDecorator$VirtualFilterChain.doFilter(ObservationFilterChainDecorator.java:133) ~[spring-security-web-6.0.3.jar:6.0.3]
	at org.springframework.web.filter.CorsFilter.doFilterInternal(CorsFilter.java:91) ~[spring-web-6.0.8.jar:6.0.8]
	at org.springframework.web.filter.OncePerRequestFilter.doFilter(OncePerRequestFilter.java:116) ~[spring-web-6.0.8.jar:6.0.8]
	at org.springframework.security.web.ObservationFilterChainDecorator$ObservationFilter.wrapFilter(ObservationFilterChainDecorator.java:185) ~[spring-security-web-6.0.3.jar:6.0.3]
	at org.springframework.security.web.ObservationFilterChainDecorator$ObservationFilter.doFilter(ObservationFilterChainDecorator.java:172) ~[spring-security-web-6.0.3.jar:6.0.3]
	at org.springframework.security.web.ObservationFilterChainDecorator$VirtualFilterChain.doFilter(ObservationFilterChainDecorator.java:133) ~[spring-security-web-6.0.3.jar:6.0.3]
	at org.springframework.security.web.header.HeaderWriterFilter.doHeadersAfter(HeaderWriterFilter.java:90) ~[spring-security-web-6.0.3.jar:6.0.3]
	at org.springframework.security.web.header.HeaderWriterFilter.doFilterInternal(HeaderWriterFilter.java:75) ~[spring-security-web-6.0.3.jar:6.0.3]
	at org.springframework.web.filter.OncePerRequestFilter.doFilter(OncePerRequestFilter.java:116) ~[spring-web-6.0.8.jar:6.0.8]
	at org.springframework.security.web.ObservationFilterChainDecorator$ObservationFilter.wrapFilter(ObservationFilterChainDecorator.java:185) ~[spring-security-web-6.0.3.jar:6.0.3]
	at org.springframework.security.web.ObservationFilterChainDecorator$ObservationFilter.doFilter(ObservationFilterChainDecorator.java:172) ~[spring-security-web-6.0.3.jar:6.0.3]
	at org.springframework.security.web.ObservationFilterChainDecorator$VirtualFilterChain.doFilter(ObservationFilterChainDecorator.java:133) ~[spring-security-web-6.0.3.jar:6.0.3]
	at org.springframework.security.web.context.SecurityContextHolderFilter.doFilter(SecurityContextHolderFilter.java:82) ~[spring-security-web-6.0.3.jar:6.0.3]
	at org.springframework.security.web.context.SecurityContextHolderFilter.doFilter(SecurityContextHolderFilter.java:69) ~[spring-security-web-6.0.3.jar:6.0.3]
	at org.springframework.security.web.ObservationFilterChainDecorator$ObservationFilter.wrapFilter(ObservationFilterChainDecorator.java:185) ~[spring-security-web-6.0.3.jar:6.0.3]
	at org.springframework.security.web.ObservationFilterChainDecorator$ObservationFilter.doFilter(ObservationFilterChainDecorator.java:172) ~[spring-security-web-6.0.3.jar:6.0.3]
	at org.springframework.security.web.ObservationFilterChainDecorator$VirtualFilterChain.doFilter(ObservationFilterChainDecorator.java:133) ~[spring-security-web-6.0.3.jar:6.0.3]
	at org.springframework.security.web.context.request.async.WebAsyncManagerIntegrationFilter.doFilterInternal(WebAsyncManagerIntegrationFilter.java:62) ~[spring-security-web-6.0.3.jar:6.0.3]
	at org.springframework.web.filter.OncePerRequestFilter.doFilter(OncePerRequestFilter.java:116) ~[spring-web-6.0.8.jar:6.0.8]
	at org.springframework.security.web.ObservationFilterChainDecorator$ObservationFilter.wrapFilter(ObservationFilterChainDecorator.java:185) ~[spring-security-web-6.0.3.jar:6.0.3]
	at org.springframework.security.web.ObservationFilterChainDecorator$ObservationFilter.doFilter(ObservationFilterChainDecorator.java:172) ~[spring-security-web-6.0.3.jar:6.0.3]
	at org.springframework.security.web.ObservationFilterChainDecorator$VirtualFilterChain.doFilter(ObservationFilterChainDecorator.java:133) ~[spring-security-web-6.0.3.jar:6.0.3]
	at org.springframework.security.web.session.ForceEagerSessionCreationFilter.doFilterInternal(ForceEagerSessionCreationFilter.java:45) ~[spring-security-web-6.0.3.jar:6.0.3]
	at org.springframework.web.filter.OncePerRequestFilter.doFilter(OncePerRequestFilter.java:116) ~[spring-web-6.0.8.jar:6.0.8]
	at org.springframework.security.web.ObservationFilterChainDecorator$ObservationFilter.wrapFilter(ObservationFilterChainDecorator.java:185) ~[spring-security-web-6.0.3.jar:6.0.3]
	at org.springframework.security.web.ObservationFilterChainDecorator$ObservationFilter.doFilter(ObservationFilterChainDecorator.java:172) ~[spring-security-web-6.0.3.jar:6.0.3]
	at org.springframework.security.web.ObservationFilterChainDecorator$VirtualFilterChain.doFilter(ObservationFilterChainDecorator.java:133) ~[spring-security-web-6.0.3.jar:6.0.3]
	at org.springframework.security.web.session.DisableEncodeUrlFilter.doFilterInternal(DisableEncodeUrlFilter.java:42) ~[spring-security-web-6.0.3.jar:6.0.3]
	at org.springframework.web.filter.OncePerRequestFilter.doFilter(OncePerRequestFilter.java:116) ~[spring-web-6.0.8.jar:6.0.8]
	at org.springframework.security.web.ObservationFilterChainDecorator$ObservationFilter.wrapFilter(ObservationFilterChainDecorator.java:185) ~[spring-security-web-6.0.3.jar:6.0.3]
	at org.springframework.security.web.ObservationFilterChainDecorator$AroundFilterObservation$SimpleAroundFilterObservation.lambda$wrap$0(ObservationFilterChainDecorator.java:268) ~[spring-security-web-6.0.3.jar:6.0.3]
	at org.springframework.security.web.ObservationFilterChainDecorator$ObservationFilter.doFilter(ObservationFilterChainDecorator.java:169) ~[spring-security-web-6.0.3.jar:6.0.3]
	at org.springframework.security.web.ObservationFilterChainDecorator$VirtualFilterChain.doFilter(ObservationFilterChainDecorator.java:133) ~[spring-security-web-6.0.3.jar:6.0.3]
	at org.springframework.security.web.FilterChainProxy.doFilterInternal(FilterChainProxy.java:233) ~[spring-security-web-6.0.3.jar:6.0.3]
	at org.springframework.security.web.FilterChainProxy.doFilter(FilterChainProxy.java:191) ~[spring-security-web-6.0.3.jar:6.0.3]
	at org.springframework.web.filter.DelegatingFilterProxy.invokeDelegate(DelegatingFilterProxy.java:352) ~[spring-web-6.0.8.jar:6.0.8]
	at org.springframework.web.filter.DelegatingFilterProxy.doFilter(DelegatingFilterProxy.java:268) ~[spring-web-6.0.8.jar:6.0.8]
	at org.springframework.mock.web.MockFilterChain.doFilter(MockFilterChain.java:132) ~[spring-test-6.0.8.jar:6.0.8]
	at org.springframework.web.filter.RequestContextFilter.doFilterInternal(RequestContextFilter.java:100) ~[spring-web-6.0.8.jar:6.0.8]
	at org.springframework.web.filter.OncePerRequestFilter.doFilter(OncePerRequestFilter.java:116) ~[spring-web-6.0.8.jar:6.0.8]
	at org.springframework.mock.web.MockFilterChain.doFilter(MockFilterChain.java:132) ~[spring-test-6.0.8.jar:6.0.8]
	at org.springframework.web.filter.FormContentFilter.doFilterInternal(FormContentFilter.java:93) ~[spring-web-6.0.8.jar:6.0.8]
	at org.springframework.web.filter.OncePerRequestFilter.doFilter(OncePerRequestFilter.java:116) ~[spring-web-6.0.8.jar:6.0.8]
	at org.springframework.mock.web.MockFilterChain.doFilter(MockFilterChain.java:132) ~[spring-test-6.0.8.jar:6.0.8]
	at org.springframework.web.filter.ServerHttpObservationFilter.doFilterInternal(ServerHttpObservationFilter.java:109) ~[spring-web-6.0.8.jar:6.0.8]
	at org.springframework.web.filter.OncePerRequestFilter.doFilter(OncePerRequestFilter.java:116) ~[spring-web-6.0.8.jar:6.0.8]
	at org.springframework.mock.web.MockFilterChain.doFilter(MockFilterChain.java:132) ~[spring-test-6.0.8.jar:6.0.8]
	at org.springframework.web.filter.CharacterEncodingFilter.doFilterInternal(CharacterEncodingFilter.java:201) ~[spring-web-6.0.8.jar:6.0.8]
	at org.springframework.web.filter.OncePerRequestFilter.doFilter(OncePerRequestFilter.java:116) ~[spring-web-6.0.8.jar:6.0.8]
	at org.springframework.mock.web.MockFilterChain.doFilter(MockFilterChain.java:132) ~[spring-test-6.0.8.jar:6.0.8]
	at org.springframework.test.web.servlet.MockMvc.perform(MockMvc.java:201) ~[spring-test-6.0.8.jar:6.0.8]
	at com.cash_flow_app.apicashflow.controller.ScheduledAccountControllerTest.createIncomeExpenseResult(ScheduledAccountControllerTest.java:297) ~[test-classes/:na]
	at com.cash_flow_app.apicashflow.controller.ScheduledAccountControllerTest.deleteScheduledAccount(ScheduledAccountControllerTest.java:250) ~[test-classes/:na]
	at java.base/jdk.internal.reflect.DirectMethodHandleAccessor.invoke(DirectMethodHandleAccessor.java:104) ~[na:na]
	at java.base/java.lang.reflect.Method.invoke(Method.java:578) ~[na:na]
	at org.junit.platform.commons.util.ReflectionUtils.invokeMethod(ReflectionUtils.java:727) ~[junit-platform-commons-1.9.2.jar:1.9.2]
	at org.junit.jupiter.engine.execution.MethodInvocation.proceed(MethodInvocation.java:60) ~[junit-jupiter-engine-5.9.2.jar:5.9.2]
	at org.junit.jupiter.engine.execution.InvocationInterceptorChain$ValidatingInvocation.proceed(InvocationInterceptorChain.java:131) ~[junit-jupiter-engine-5.9.2.jar:5.9.2]
	at org.junit.jupiter.engine.extension.TimeoutExtension.intercept(TimeoutExtension.java:156) ~[junit-jupiter-engine-5.9.2.jar:5.9.2]
	at org.junit.jupiter.engine.extension.TimeoutExtension.interceptTestableMethod(TimeoutExtension.java:147) ~[junit-jupiter-engine-5.9.2.jar:5.9.2]
	at org.junit.jupiter.engine.extension.TimeoutExtension.interceptTestMethod(TimeoutExtension.java:86) ~[junit-jupiter-engine-5.9.2.jar:5.9.2]
	at org.junit.jupiter.engine.execution.InterceptingExecutableInvoker$ReflectiveInterceptorCall.lambda$ofVoidMethod$0(InterceptingExecutableInvoker.java:103) ~[junit-jupiter-engine-5.9.2.jar:5.9.2]
	at org.junit.jupiter.engine.execution.InterceptingExecutableInvoker.lambda$invoke$0(InterceptingExecutableInvoker.java:93) ~[junit-jupiter-engine-5.9.2.jar:5.9.2]
	at org.junit.jupiter.engine.execution.InvocationInterceptorChain$InterceptedInvocation.proceed(InvocationInterceptorChain.java:106) ~[junit-jupiter-engine-5.9.2.jar:5.9.2]
	at org.junit.jupiter.engine.execution.InvocationInterceptorChain.proceed(InvocationInterceptorChain.java:64) ~[junit-jupiter-engine-5.9.2.jar:5.9.2]
	at org.junit.jupiter.engine.execution.InvocationInterceptorChain.chainAndInvoke(InvocationInterceptorChain.java:45) ~[junit-jupiter-engine-5.9.2.jar:5.9.2]
	at org.junit.jupiter.engine.execution.InvocationInterceptorChain.invoke(InvocationInterceptorChain.java:37) ~[junit-jupiter-engine-5.9.2.jar:5.9.2]
	at org.junit.jupiter.engine.execution.InterceptingExecutableInvoker.invoke(InterceptingExecutableInvoker.java:92) ~[junit-jupiter-engine-5.9.2.jar:5.9.2]
	at org.junit.jupiter.engine.execution.InterceptingExecutableInvoker.invoke(InterceptingExecutableInvoker.java:86) ~[junit-jupiter-engine-5.9.2.jar:5.9.2]
	at org.junit.jupiter.engine.descriptor.TestMethodTestDescriptor.lambda$invokeTestMethod$7(TestMethodTestDescriptor.java:217) ~[junit-jupiter-engine-5.9.2.jar:5.9.2]
	at org.junit.platform.engine.support.hierarchical.ThrowableCollector.execute(ThrowableCollector.java:73) ~[junit-platform-engine-1.9.2.jar:1.9.2]
	at org.junit.jupiter.engine.descriptor.TestMethodTestDescriptor.invokeTestMethod(TestMethodTestDescriptor.java:213) ~[junit-jupiter-engine-5.9.2.jar:5.9.2]
	at org.junit.jupiter.engine.descriptor.TestMethodTestDescriptor.execute(TestMethodTestDescriptor.java:138) ~[junit-jupiter-engine-5.9.2.jar:5.9.2]
	at org.junit.jupiter.engine.descriptor.TestMethodTestDescriptor.execute(TestMethodTestDescriptor.java:68) ~[junit-jupiter-engine-5.9.2.jar:5.9.2]
	at org.junit.platform.engine.support.hierarchical.NodeTestTask.lambda$executeRecursively$6(NodeTestTask.java:151) ~[junit-platform-engine-1.9.2.jar:1.9.2]
	at org.junit.platform.engine.support.hierarchical.ThrowableCollector.execute(ThrowableCollector.java:73) ~[junit-platform-engine-1.9.2.jar:1.9.2]
	at org.junit.platform.engine.support.hierarchical.NodeTestTask.lambda$executeRecursively$8(NodeTestTask.java:141) ~[junit-platform-engine-1.9.2.jar:1.9.2]
	at org.junit.platform.engine.support.hierarchical.Node.around(Node.java:137) ~[junit-platform-engine-1.9.2.jar:1.9.2]
	at org.junit.platform.engine.support.hierarchical.NodeTestTask.lambda$executeRecursively$9(NodeTestTask.java:139) ~[junit-platform-engine-1.9.2.jar:1.9.2]
	at org.junit.platform.engine.support.hierarchical.ThrowableCollector.execute(ThrowableCollector.java:73) ~[junit-platform-engine-1.9.2.jar:1.9.2]
	at org.junit.platform.engine.support.hierarchical.NodeTestTask.executeRecursively(NodeTestTask.java:138) ~[junit-platform-engine-1.9.2.jar:1.9.2]
	at org.junit.platform.engine.support.hierarchical.NodeTestTask.execute(NodeTestTask.java:95) ~[junit-platform-engine-1.9.2.jar:1.9.2]
	at java.base/java.util.ArrayList.forEach(ArrayList.java:1511) ~[na:na]
	at org.junit.platform.engine.support.hierarchical.SameThreadHierarchicalTestExecutorService.invokeAll(SameThreadHierarchicalTestExecutorService.java:41) ~[junit-platform-engine-1.9.2.jar:1.9.2]
	at org.junit.platform.engine.support.hierarchical.NodeTestTask.lambda$executeRecursively$6(NodeTestTask.java:155) ~[junit-platform-engine-1.9.2.jar:1.9.2]
	at org.junit.platform.engine.support.hierarchical.ThrowableCollector.execute(ThrowableCollector.java:73) ~[junit-platform-engine-1.9.2.jar:1.9.2]
	at org.junit.platform.engine.support.hierarchical.NodeTestTask.lambda$executeRecursively$8(NodeTestTask.java:141) ~[junit-platform-engine-1.9.2.jar:1.9.2]
	at org.junit.platform.engine.support.hierarchical.Node.around(Node.java:137) ~[junit-platform-engine-1.9.2.jar:1.9.2]
	at org.junit.platform.engine.support.hierarchical.NodeTestTask.lambda$executeRecursively$9(NodeTestTask.java:139) ~[junit-platform-engine-1.9.2.jar:1.9.2]
	at org.junit.platform.engine.support.hierarchical.ThrowableCollector.execute(ThrowableCollector.java:73) ~[junit-platform-engine-1.9.2.jar:1.9.2]
	at org.junit.platform.engine.support.hierarchical.NodeTestTask.executeRecursively(NodeTestTask.java:138) ~[junit-platform-engine-1.9.2.jar:1.9.2]
	at org.junit.platform.engine.support.hierarchical.NodeTestTask.execute(NodeTestTask.java:95) ~[junit-platform-engine-1.9.2.jar:1.9.2]
	at java.base/java.util.ArrayList.forEach(ArrayList.java:1511) ~[na:na]
	at org.junit.platform.engine.support.hierarchical.SameThreadHierarchicalTestExecutorService.invokeAll(SameThreadHierarchicalTestExecutorService.java:41) ~[junit-platform-engine-1.9.2.jar:1.9.2]
	at org.junit.platform.engine.support.hierarchical.NodeTestTask.lambda$executeRecursively$6(NodeTestTask.java:155) ~[junit-platform-engine-1.9.2.jar:1.9.2]
	at org.junit.platform.engine.support.hierarchical.ThrowableCollector.execute(ThrowableCollector.java:73) ~[junit-platform-engine-1.9.2.jar:1.9.2]
	at org.junit.platform.engine.support.hierarchical.NodeTestTask.lambda$executeRecursively$8(NodeTestTask.java:141) ~[junit-platform-engine-1.9.2.jar:1.9.2]
	at org.junit.platform.engine.support.hierarchical.Node.around(Node.java:137) ~[junit-platform-engine-1.9.2.jar:1.9.2]
	at org.junit.platform.engine.support.hierarchical.NodeTestTask.lambda$executeRecursively$9(NodeTestTask.java:139) ~[junit-platform-engine-1.9.2.jar:1.9.2]
	at org.junit.platform.engine.support.hierarchical.ThrowableCollector.execute(ThrowableCollector.java:73) ~[junit-platform-engine-1.9.2.jar:1.9.2]
	at org.junit.platform.engine.support.hierarchical.NodeTestTask.executeRecursively(NodeTestTask.java:138) ~[junit-platform-engine-1.9.2.jar:1.9.2]
	at org.junit.platform.engine.support.hierarchical.NodeTestTask.execute(NodeTestTask.java:95) ~[junit-platform-engine-1.9.2.jar:1.9.2]
	at org.junit.platform.engine.support.hierarchical.SameThreadHierarchicalTestExecutorService.submit(SameThreadHierarchicalTestExecutorService.java:35) ~[junit-platform-engine-1.9.2.jar:1.9.2]
	at org.junit.platform.engine.support.hierarchical.HierarchicalTestExecutor.execute(HierarchicalTestExecutor.java:57) ~[junit-platform-engine-1.9.2.jar:1.9.2]
	at org.junit.platform.engine.support.hierarchical.HierarchicalTestEngine.execute(HierarchicalTestEngine.java:54) ~[junit-platform-engine-1.9.2.jar:1.9.2]
	at org.junit.platform.launcher.core.DefaultLauncher.execute(DefaultLauncher.java:220) ~[junit-platform-launcher-1.3.1.jar:1.3.1]
	at org.junit.platform.launcher.core.DefaultLauncher.lambda$execute$6(DefaultLauncher.java:188) ~[junit-platform-launcher-1.3.1.jar:1.3.1]
	at org.junit.platform.launcher.core.DefaultLauncher.withInterceptedStreams(DefaultLauncher.java:202) ~[junit-platform-launcher-1.3.1.jar:1.3.1]
	at org.junit.platform.launcher.core.DefaultLauncher.execute(DefaultLauncher.java:181) ~[junit-platform-launcher-1.3.1.jar:1.3.1]
	at org.junit.platform.launcher.core.DefaultLauncher.execute(DefaultLauncher.java:128) ~[junit-platform-launcher-1.3.1.jar:1.3.1]
	at org.apache.maven.surefire.junitplatform.JUnitPlatformProvider.invokeAllTests(JUnitPlatformProvider.java:150) ~[surefire-junit-platform-2.22.2.jar:2.22.2]
	at org.apache.maven.surefire.junitplatform.JUnitPlatformProvider.invoke(JUnitPlatformProvider.java:124) ~[surefire-junit-platform-2.22.2.jar:2.22.2]
	at org.apache.maven.surefire.booter.ForkedBooter.invokeProviderInSameClassLoader(ForkedBooter.java:384) ~[surefire-booter-2.22.2.jar:2.22.2]
	at org.apache.maven.surefire.booter.ForkedBooter.runSuitesInProcess(ForkedBooter.java:345) ~[surefire-booter-2.22.2.jar:2.22.2]
	at org.apache.maven.surefire.booter.ForkedBooter.execute(ForkedBooter.java:126) ~[surefire-booter-2.22.2.jar:2.22.2]
	at org.apache.maven.surefire.booter.ForkedBooter.main(ForkedBooter.java:418) ~[surefire-booter-2.22.2.jar:2.22.2]

2023-11-28T22:11:57.933-05:00 DEBUG 27472 --- [           main] org.springframework.test.context.cache   : Spring test ApplicationContext cache statistics: [DefaultContextCache@8caffbd size = 3, maxSize = 32, parentContextCount = 0, hitCount = 334, missCount = 3]
2023-11-28T22:11:57.933-05:00 DEBUG 27472 --- [           main] org.springframework.test.context.cache   : Spring test ApplicationContext cache statistics: [DefaultContextCache@8caffbd size = 3, maxSize = 32, parentContextCount = 0, hitCount = 335, missCount = 3]
2023-11-28T22:11:57.933-05:00 DEBUG 27472 --- [           main] org.springframework.test.context.cache   : Spring test ApplicationContext cache statistics: [DefaultContextCache@8caffbd size = 3, maxSize = 32, parentContextCount = 0, hitCount = 336, missCount = 3]

MockHttpServletRequest:
      HTTP Method = POST
      Request URI = /api/v1/user/signup
       Parameters = {_csrf=[mWhKkwEjPn-CN99DWuBv42CNjsei5ePJ0MK2AIS9YJSqv4Q9-FB-9jkRDB2vBbshbc1b2lfro6WSh9Lk4PuGNuaNU_abjL0M]}
          Headers = [Content-Type:"application/json;charset=UTF-8", Content-Length:"306"]
             Body = {"username":"usuario_test","password":"123456","authorities":[{"endpoint":"Account","actions":["CREATE","READ","DELETE"]},{"endpoint":"User","actions":["CREATE","READ"]},{"endpoint":"IncomeExpense","actions":["CREATE","READ","DELETE"]},{"endpoint":"ScheduledAccount","actions":["CREATE","READ","DELETE"]}]}
    Session Attrs = {}

Handler:
             Type = com.cash_flow_app.apicashflow.controller.UserController
           Method = com.cash_flow_app.apicashflow.controller.UserController#signup(UserDto)

Async:
    Async started = false
     Async result = null

Resolved Exception:
             Type = null

ModelAndView:
        View name = null
             View = null
            Model = null

FlashMap:
       Attributes = null

MockHttpServletResponse:
           Status = 200
    Error message = null
          Headers = [Vary:"Origin", "Access-Control-Request-Method", "Access-Control-Request-Headers", Content-Type:"application/json", X-Content-Type-Options:"nosniff", X-XSS-Protection:"0", Cache-Control:"no-cache, no-store, max-age=0, must-revalidate", Pragma:"no-cache", Expires:"0", X-Frame-Options:"DENY"]
     Content type = application/json
             Body = {"username":"usuario_test","password":null,"token_auth":"eyJhbGciOiJIUzUxMiJ9.eyJzdWIiOiJ1c3VhcmlvX3Rlc3QiLCJleHAiOjE3MDM4MTk1MTd9.AnW1_ycsUW2YBgpJlL4qwryaFClzLF4JuHigFRqWW1ek9QjvLskfAyKnAXHJyZYaOvXFa9PAVKQ-ygMS76Nvdw","authorities":[{"endpoint":"Account","actions":["CREATE","READ","DELETE"]},{"endpoint":"User","actions":["CREATE","READ"]},{"endpoint":"IncomeExpense","actions":["CREATE","READ","DELETE"]},{"endpoint":"ScheduledAccount","actions":["CREATE","READ","DELETE"]}]}
    Forwarded URL = null
   Redirected URL = null
          Cookies = []

MockHttpServletRequest:
      HTTP Method = POST
      Request URI = /api/v1/user/login
       Parameters = {_csrf=[O9X3Clzn-Tr7gJjmoCH0TJIGA411o31bvb-rnaEVc678sA45COTFaD-FzF7W5q3XlgzAKPA0Lu8Txht2hIaSrpJwEZzJ0Wha]}
          Headers = [Content-Type:"application/json;charset=UTF-8", Content-Length:"52"]
             Body = { "username": "usuario_test", "password": "123456" }
    Session Attrs = {}

Handler:
             Type = null

Async:
    Async started = false
     Async result = null

Resolved Exception:
             Type = null

ModelAndView:
        View name = null
             View = null
            Model = null

FlashMap:
       Attributes = null

MockHttpServletResponse:
           Status = 200
    Error message = null
          Headers = [Vary:"Origin", "Access-Control-Request-Method", "Access-Control-Request-Headers", Authorization:"Bearer eyJhbGciOiJIUzUxMiJ9.eyJzdWIiOiJ1c3VhcmlvX3Rlc3QiLCJleHAiOjE3MDM4MTk1MTd9.AnW1_ycsUW2YBgpJlL4qwryaFClzLF4JuHigFRqWW1ek9QjvLskfAyKnAXHJyZYaOvXFa9PAVKQ-ygMS76Nvdw", Access-Control-Expose-Headers:"Authorization", X-Content-Type-Options:"nosniff", X-XSS-Protection:"0", Cache-Control:"no-cache, no-store, max-age=0, must-revalidate", Pragma:"no-cache", Expires:"0", X-Frame-Options:"DENY"]
     Content type = null
             Body = 
    Forwarded URL = null
   Redirected URL = null
          Cookies = []

MockHttpServletRequest:
      HTTP Method = POST
      Request URI = /api/v1/account/create
       Parameters = {_csrf=[jl8bCePIvd59EjVtNI-OMxqBQJNe93uLnYnbN1cJCo3-x0_ZumspOdf5j-5QdFMPDaK6VSO0bapuwEqm-bnqA25rbLuapnnq]}
          Headers = [Content-Type:"application/json;charset=UTF-8", Authorization:"Bearer eyJhbGciOiJIUzUxMiJ9.eyJzdWIiOiJ1c3VhcmlvX3Rlc3QiLCJleHAiOjE3MDM4MTk1MTd9.AnW1_ycsUW2YBgpJlL4qwryaFClzLF4JuHigFRqWW1ek9QjvLskfAyKnAXHJyZYaOvXFa9PAVKQ-ygMS76Nvdw", Content-Length:"74"]
             Body = {"id":null,"description":"descripcion de cuenta","users":["usuario_test"]}
    Session Attrs = {SPRING_SECURITY_CONTEXT=SecurityContextImpl [Authentication=UsernamePasswordAuthenticationToken [Principal=usuario_test, Credentials=[PROTECTED], Authenticated=true, Details=null, Granted Authorities=[ENDPOINT_ACCOUNT_PERMISSION_CREATE, ENDPOINT_ACCOUNT_PERMISSION_READ, ENDPOINT_ACCOUNT_PERMISSION_DELETE, ENDPOINT_USER_PERMISSION_CREATE, ENDPOINT_USER_PERMISSION_READ, ENDPOINT_INCOMEEXPENSE_PERMISSION_CREATE, ENDPOINT_INCOMEEXPENSE_PERMISSION_READ, ENDPOINT_INCOMEEXPENSE_PERMISSION_DELETE, ENDPOINT_SCHEDULEDACCOUNT_PERMISSION_CREATE, ENDPOINT_SCHEDULEDACCOUNT_PERMISSION_READ, ENDPOINT_SCHEDULEDACCOUNT_PERMISSION_DELETE]]]}

Handler:
             Type = com.cash_flow_app.apicashflow.controller.AccountController
           Method = com.cash_flow_app.apicashflow.controller.AccountController#create(AccountDto)

Async:
    Async started = false
     Async result = null

Resolved Exception:
             Type = null

ModelAndView:
        View name = null
             View = null
            Model = null

FlashMap:
       Attributes = null

MockHttpServletResponse:
           Status = 200
    Error message = null
          Headers = [Vary:"Origin", "Access-Control-Request-Method", "Access-Control-Request-Headers", Content-Type:"application/json", X-Content-Type-Options:"nosniff", X-XSS-Protection:"0", Cache-Control:"no-cache, no-store, max-age=0, must-revalidate", Pragma:"no-cache", Expires:"0", X-Frame-Options:"DENY"]
     Content type = application/json
             Body = {"id":"44b0fe97-97d2-4c01-9254-29e6f9967328","description":"descripcion de cuenta","users":["usuario_test","usuario_test"]}
    Forwarded URL = null
   Redirected URL = null
          Cookies = []
2023-11-28T22:11:57.933-05:00 DEBUG 27472 --- [           main] org.springframework.test.context.cache   : Spring test ApplicationContext cache statistics: [DefaultContextCache@8caffbd size = 3, maxSize = 32, parentContextCount = 0, hitCount = 337, missCount = 3]
2023-11-28T22:11:57.933-05:00 DEBUG 27472 --- [           main] org.springframework.test.context.cache   : Spring test ApplicationContext cache statistics: [DefaultContextCache@8caffbd size = 3, maxSize = 32, parentContextCount = 0, hitCount = 338, missCount = 3]
2023-11-28T22:11:57.933-05:00 DEBUG 27472 --- [           main] org.springframework.test.context.cache   : Spring test ApplicationContext cache statistics: [DefaultContextCache@8caffbd size = 3, maxSize = 32, parentContextCount = 0, hitCount = 339, missCount = 3]
2023-11-28T22:11:57.933-05:00 DEBUG 27472 --- [           main] org.springframework.test.context.cache   : Spring test ApplicationContext cache statistics: [DefaultContextCache@8caffbd size = 3, maxSize = 32, parentContextCount = 0, hitCount = 340, missCount = 3]
2023-11-28T22:11:57.934-05:00 DEBUG 27472 --- [           main] o.s.orm.jpa.JpaTransactionManager        : Initiating transaction rollback
2023-11-28T22:11:57.934-05:00 DEBUG 27472 --- [           main] o.s.orm.jpa.JpaTransactionManager        : Rolling back JPA transaction on EntityManager [SessionImpl(526672117<open>)]
2023-11-28T22:11:57.934-05:00 DEBUG 27472 --- [           main] o.h.e.t.internal.TransactionImpl         : rolling back
2023-11-28T22:11:57.934-05:00 DEBUG 27472 --- [           main] org.postgresql.jdbc.PgConnection         :   setAutoCommit = true
2023-11-28T22:11:57.934-05:00 DEBUG 27472 --- [           main] o.s.orm.jpa.JpaTransactionManager        : Closing JPA EntityManager [SessionImpl(526672117<open>)] after transaction
2023-11-28T22:11:57.934-05:00 DEBUG 27472 --- [           main] o.h.e.jdbc.internal.JdbcCoordinatorImpl  : HHH000420: Closing un-released batch
2023-11-28T22:11:57.934-05:00 DEBUG 27472 --- [           main] o.s.t.c.transaction.TransactionContext   : Rolled back transaction (1) for test class [com.cash_flow_app.apicashflow.controller.ScheduledAccountControllerTest]; test method [deleteScheduledAccount]
2023-11-28T22:11:57.934-05:00 DEBUG 27472 --- [           main] tractDirtiesContextTestExecutionListener : After test method: class [ScheduledAccountControllerTest], method [deleteScheduledAccount], class annotated with @DirtiesContext [false] with mode [null], method annotated with @DirtiesContext [false] with mode [null]
2023-11-28T22:11:57.934-05:00 DEBUG 27472 --- [           main] o.s.t.c.w.ServletTestExecutionListener   : Resetting RequestContextHolder for test class com.cash_flow_app.apicashflow.controller.ScheduledAccountControllerTest
]]></system-out>
  </testcase>
  <testcase name="getScheduledAccountByIncomeExpenseId" classname="com.cash_flow_app.apicashflow.controller.ScheduledAccountControllerTest" time="0.185">
    <error message="could not execute statement; SQL [n/a]; constraint [user_account_pkey]" type="org.springframework.dao.DataIntegrityViolationException">org.springframework.dao.DataIntegrityViolationException: could not execute statement; SQL [n/a]; constraint [user_account_pkey]
	at com.cash_flow_app.apicashflow.controller.ScheduledAccountControllerTest.createIncomeExpenseResult(ScheduledAccountControllerTest.java:297)
	at com.cash_flow_app.apicashflow.controller.ScheduledAccountControllerTest.getScheduledAccountByIncomeExpenseId(ScheduledAccountControllerTest.java:218)
Caused by: org.hibernate.exception.ConstraintViolationException: could not execute statement
	at com.cash_flow_app.apicashflow.controller.ScheduledAccountControllerTest.createIncomeExpenseResult(ScheduledAccountControllerTest.java:297)
	at com.cash_flow_app.apicashflow.controller.ScheduledAccountControllerTest.getScheduledAccountByIncomeExpenseId(ScheduledAccountControllerTest.java:218)
Caused by: org.postgresql.util.PSQLException: 
ERROR: duplicate key value violates unique constraint "user_account_pkey"
  Detail: Key (user_id, account_id)=(8f10c50d-448c-4bcb-922b-3de7474080c9, beee558b-a78d-485d-947d-0798087ea344) already exists.
	at com.cash_flow_app.apicashflow.controller.ScheduledAccountControllerTest.createIncomeExpenseResult(ScheduledAccountControllerTest.java:297)
	at com.cash_flow_app.apicashflow.controller.ScheduledAccountControllerTest.getScheduledAccountByIncomeExpenseId(ScheduledAccountControllerTest.java:218)
</error>
    <system-out><![CDATA[2023-11-28T22:11:57.934-05:00 DEBUG 27472 --- [           main] org.springframework.test.context.cache   : Spring test ApplicationContext cache statistics: [DefaultContextCache@8caffbd size = 3, maxSize = 32, parentContextCount = 0, hitCount = 341, missCount = 3]
2023-11-28T22:11:57.934-05:00 DEBUG 27472 --- [           main] o.s.t.c.w.ServletTestExecutionListener   : Setting up MockHttpServletRequest, MockHttpServletResponse, ServletWebRequest, and RequestContextHolder for test class com.cash_flow_app.apicashflow.controller.ScheduledAccountControllerTest
2023-11-28T22:11:57.934-05:00 DEBUG 27472 --- [           main] DependencyInjectionTestExecutionListener : Performing dependency injection for test class com.cash_flow_app.apicashflow.controller.ScheduledAccountControllerTest
2023-11-28T22:11:57.934-05:00 DEBUG 27472 --- [           main] org.springframework.test.context.cache   : Spring test ApplicationContext cache statistics: [DefaultContextCache@8caffbd size = 3, maxSize = 32, parentContextCount = 0, hitCount = 342, missCount = 3]
2023-11-28T22:11:57.935-05:00 DEBUG 27472 --- [           main] org.springframework.test.context.cache   : Spring test ApplicationContext cache statistics: [DefaultContextCache@8caffbd size = 3, maxSize = 32, parentContextCount = 0, hitCount = 343, missCount = 3]
2023-11-28T22:11:57.935-05:00 DEBUG 27472 --- [           main] tractDirtiesContextTestExecutionListener : Before test method: class [ScheduledAccountControllerTest], method [getScheduledAccountByIncomeExpenseId], class annotated with @DirtiesContext [false] with mode [null], method annotated with @DirtiesContext [false] with mode [null]
2023-11-28T22:11:57.935-05:00 DEBUG 27472 --- [           main] t.c.t.TransactionalTestExecutionListener : Explicit transaction definition [PROPAGATION_REQUIRED,ISOLATION_DEFAULT] found for test class [com.cash_flow_app.apicashflow.controller.ScheduledAccountControllerTest] and test method [getScheduledAccountByIncomeExpenseId]
2023-11-28T22:11:57.935-05:00 DEBUG 27472 --- [           main] org.springframework.test.context.cache   : Spring test ApplicationContext cache statistics: [DefaultContextCache@8caffbd size = 3, maxSize = 32, parentContextCount = 0, hitCount = 344, missCount = 3]
2023-11-28T22:11:57.935-05:00 DEBUG 27472 --- [           main] t.c.t.TransactionalTestExecutionListener : No method-level @Rollback override: using default rollback [true] for test method [void com.cash_flow_app.apicashflow.controller.ScheduledAccountControllerTest.getScheduledAccountByIncomeExpenseId() throws java.lang.Exception]
2023-11-28T22:11:57.935-05:00 DEBUG 27472 --- [           main] o.s.orm.jpa.JpaTransactionManager        : Creating new transaction with name [com.cash_flow_app.apicashflow.controller.ScheduledAccountControllerTest.getScheduledAccountByIncomeExpenseId]: PROPAGATION_REQUIRED,ISOLATION_DEFAULT
2023-11-28T22:11:57.935-05:00 DEBUG 27472 --- [           main] o.s.orm.jpa.JpaTransactionManager        : Opened new EntityManager [SessionImpl(1339114893<open>)] for JPA transaction
2023-11-28T22:11:57.935-05:00 DEBUG 27472 --- [           main] o.h.e.t.internal.TransactionImpl         : On TransactionImpl creation, JpaCompliance#isJpaTransactionComplianceEnabled == false
2023-11-28T22:11:57.935-05:00 DEBUG 27472 --- [           main] o.h.e.t.internal.TransactionImpl         : begin
2023-11-28T22:11:57.935-05:00 DEBUG 27472 --- [           main] org.postgresql.jdbc.PgConnection         :   setAutoCommit = false
2023-11-28T22:11:57.935-05:00 DEBUG 27472 --- [           main] o.s.orm.jpa.JpaTransactionManager        : Exposing JPA transaction as JDBC [org.springframework.orm.jpa.vendor.HibernateJpaDialect$HibernateConnectionHandle@5d6850f7]
2023-11-28T22:11:57.935-05:00 DEBUG 27472 --- [           main] o.s.t.c.transaction.TransactionContext   : Began transaction (1) for test class [com.cash_flow_app.apicashflow.controller.ScheduledAccountControllerTest]; test method [getScheduledAccountByIncomeExpenseId]; transaction manager [org.springframework.orm.jpa.JpaTransactionManager@6448679f]; rollback [true]
2023-11-28T22:11:57.935-05:00 DEBUG 27472 --- [           main] org.springframework.test.context.cache   : Spring test ApplicationContext cache statistics: [DefaultContextCache@8caffbd size = 3, maxSize = 32, parentContextCount = 0, hitCount = 345, missCount = 3]
2023-11-28T22:11:57.935-05:00 DEBUG 27472 --- [           main] org.springframework.test.context.cache   : Spring test ApplicationContext cache statistics: [DefaultContextCache@8caffbd size = 3, maxSize = 32, parentContextCount = 0, hitCount = 346, missCount = 3]
2023-11-28T22:11:57.936-05:00 DEBUG 27472 --- [           main] o.s.test.util.ReflectionTestUtils        : Invoking method 'getFilters' on target object [FilterChainProxy[Filter Chains: [DefaultSecurityFilterChain [RequestMatcher=any request, Filters=[org.springframework.security.web.session.DisableEncodeUrlFilter@120e3ebb, org.springframework.security.web.session.ForceEagerSessionCreationFilter@753f1c3e, org.springframework.security.web.context.request.async.WebAsyncManagerIntegrationFilter@5e9af5d4, org.springframework.security.web.context.SecurityContextHolderFilter@1d18e5ad, org.springframework.security.web.header.HeaderWriterFilter@73b68d98, org.springframework.web.filter.CorsFilter@7863e6b2, org.springframework.security.web.authentication.logout.LogoutFilter@1e5a8278, JWTAuthorizationFilter(loginService=com.cash_flow_app.apicashflow.entities_repositories_and_services.base.security.LoginService@508b9c16), com.cash_flow_app.apicashflow.entities_repositories_and_services.base.security.JWTAuthenticationFilter@6fd2b939, org.springframework.security.web.savedrequest.RequestCacheAwareFilter@11def039, org.springframework.security.web.servletapi.SecurityContextHolderAwareRequestFilter@564375d7, org.springframework.security.web.authentication.AnonymousAuthenticationFilter@c4aa99e, org.springframework.security.web.session.SessionManagementFilter@69af6978, org.springframework.security.web.access.ExceptionTranslationFilter@4469046b, org.springframework.security.web.access.intercept.AuthorizationFilter@588d2e90]]]]] or target class [null] with arguments {org.springframework.mock.web.MockHttpServletRequest@3b8bbfab}
2023-11-28T22:11:57.936-05:00 DEBUG 27472 --- [           main] o.s.test.util.ReflectionTestUtils        : Invoking method 'getFilters' on target object [FilterChainProxy[Filter Chains: [DefaultSecurityFilterChain [RequestMatcher=any request, Filters=[org.springframework.security.web.session.DisableEncodeUrlFilter@120e3ebb, org.springframework.security.web.session.ForceEagerSessionCreationFilter@753f1c3e, org.springframework.security.web.context.request.async.WebAsyncManagerIntegrationFilter@5e9af5d4, org.springframework.security.web.context.SecurityContextHolderFilter@1d18e5ad, org.springframework.security.web.header.HeaderWriterFilter@73b68d98, org.springframework.web.filter.CorsFilter@7863e6b2, org.springframework.security.web.authentication.logout.LogoutFilter@1e5a8278, JWTAuthorizationFilter(loginService=com.cash_flow_app.apicashflow.entities_repositories_and_services.base.security.LoginService@508b9c16), com.cash_flow_app.apicashflow.entities_repositories_and_services.base.security.JWTAuthenticationFilter@6fd2b939, org.springframework.security.web.savedrequest.RequestCacheAwareFilter@11def039, org.springframework.security.web.servletapi.SecurityContextHolderAwareRequestFilter@564375d7, org.springframework.security.web.authentication.AnonymousAuthenticationFilter@c4aa99e, org.springframework.security.web.session.SessionManagementFilter@69af6978, org.springframework.security.web.access.ExceptionTranslationFilter@4469046b, org.springframework.security.web.access.intercept.AuthorizationFilter@588d2e90]]]]] or target class [null] with arguments {org.springframework.mock.web.MockHttpServletRequest@3b8bbfab}
2023-11-28T22:11:57.936-05:00 DEBUG 27472 --- [           main] o.s.test.util.ReflectionTestUtils        : Invoking method 'getFilters' on target object [FilterChainProxy[Filter Chains: [DefaultSecurityFilterChain [RequestMatcher=any request, Filters=[org.springframework.security.web.session.DisableEncodeUrlFilter@120e3ebb, org.springframework.security.web.session.ForceEagerSessionCreationFilter@753f1c3e, org.springframework.security.web.context.request.async.WebAsyncManagerIntegrationFilter@5e9af5d4, org.springframework.security.web.context.SecurityContextHolderFilter@1d18e5ad, org.springframework.security.web.header.HeaderWriterFilter@73b68d98, org.springframework.web.filter.CorsFilter@7863e6b2, org.springframework.security.web.authentication.logout.LogoutFilter@1e5a8278, JWTAuthorizationFilter(loginService=com.cash_flow_app.apicashflow.entities_repositories_and_services.base.security.LoginService@508b9c16), com.cash_flow_app.apicashflow.entities_repositories_and_services.base.security.JWTAuthenticationFilter@6fd2b939, org.springframework.security.web.savedrequest.RequestCacheAwareFilter@11def039, org.springframework.security.web.servletapi.SecurityContextHolderAwareRequestFilter@564375d7, org.springframework.security.web.authentication.AnonymousAuthenticationFilter@c4aa99e, org.springframework.security.web.session.SessionManagementFilter@69af6978, org.springframework.security.web.access.ExceptionTranslationFilter@4469046b, org.springframework.security.web.access.intercept.AuthorizationFilter@588d2e90]]]]] or target class [null] with arguments {org.springframework.mock.web.MockHttpServletRequest@3b8bbfab}
2023-11-28T22:11:57.936-05:00 DEBUG 27472 --- [           main] o.s.security.web.FilterChainProxy        : Securing POST /api/v1/user/signup
2023-11-28T22:11:57.936-05:00 DEBUG 27472 --- [           main] .s.s.w.s.ForceEagerSessionCreationFilter : Created session eagerly
2023-11-28T22:11:57.936-05:00 DEBUG 27472 --- [           main] o.s.s.w.a.AnonymousAuthenticationFilter  : Set SecurityContextHolder to anonymous SecurityContext
2023-11-28T22:11:57.936-05:00 DEBUG 27472 --- [           main] s.w.s.m.m.a.RequestMappingHandlerMapping : Mapped to com.cash_flow_app.apicashflow.controller.UserController#signup(UserDto)
2023-11-28T22:11:57.936-05:00 DEBUG 27472 --- [           main] s.w.s.m.m.a.RequestMappingHandlerMapping : Mapped to com.cash_flow_app.apicashflow.controller.UserController#signup(UserDto)
2023-11-28T22:11:57.936-05:00 DEBUG 27472 --- [           main] s.w.s.m.m.a.RequestMappingHandlerMapping : Mapped to com.cash_flow_app.apicashflow.controller.UserController#signup(UserDto)
2023-11-28T22:11:57.936-05:00 DEBUG 27472 --- [           main] s.w.s.m.m.a.RequestMappingHandlerMapping : Mapped to com.cash_flow_app.apicashflow.controller.UserController#signup(UserDto)
2023-11-28T22:11:57.936-05:00 DEBUG 27472 --- [           main] s.w.s.m.m.a.RequestMappingHandlerMapping : Mapped to com.cash_flow_app.apicashflow.controller.UserController#signup(UserDto)
2023-11-28T22:11:57.936-05:00 DEBUG 27472 --- [           main] s.w.s.m.m.a.RequestMappingHandlerMapping : Mapped to com.cash_flow_app.apicashflow.controller.UserController#signup(UserDto)
2023-11-28T22:11:57.936-05:00 DEBUG 27472 --- [           main] s.w.s.m.m.a.RequestMappingHandlerMapping : Mapped to com.cash_flow_app.apicashflow.controller.UserController#signup(UserDto)
2023-11-28T22:11:57.936-05:00 DEBUG 27472 --- [           main] o.s.security.web.FilterChainProxy        : Secured POST /api/v1/user/signup
2023-11-28T22:11:57.936-05:00 DEBUG 27472 --- [           main] o.s.t.web.servlet.TestDispatcherServlet  : POST "/api/v1/user/signup", parameters={masked}
2023-11-28T22:11:57.936-05:00 DEBUG 27472 --- [           main] s.w.s.m.m.a.RequestMappingHandlerMapping : Mapped to com.cash_flow_app.apicashflow.controller.UserController#signup(UserDto)
2023-11-28T22:11:57.937-05:00 DEBUG 27472 --- [           main] m.m.a.RequestResponseBodyMethodProcessor : Read "application/json;charset=UTF-8" to [UserDto(username=usuario_test, password=123456, authorities=[{endpoint=Account, actions=[CREATE, REA (truncated)...]
2023-11-28T22:11:57.937-05:00 DEBUG 27472 --- [           main] org.hibernate.orm.sql.ast.create         : Created new SQL alias : a1_0
2023-11-28T22:11:57.937-05:00 DEBUG 27472 --- [           main] org.hibernate.orm.sql.ast.create         : Registration of TableGroup [StandardTableGroup(com.cash_flow_app.apicashflow.entities_repositories_and_services.base.authority.Authority(35202161494041))] with identifierForTableGroup [com.cash_flow_app.apicashflow.entities_repositories_and_services.base.authority.Authority] for NavigablePath [com.cash_flow_app.apicashflow.entities_repositories_and_services.base.authority.Authority] 
2023-11-28T22:11:57.937-05:00 DEBUG 27472 --- [           main] o.h.q.sqm.sql.BaseSqmToSqlAstConverter   : Determining mapping-model type for SqmParameter : org.hibernate.query.sqm.tree.expression.SqmJpaCriteriaParameterWrapper@3dbb7f60
2023-11-28T22:11:57.937-05:00 DEBUG 27472 --- [           main] o.h.q.sqm.sql.BaseSqmToSqlAstConverter   : Determining mapping-model type for SqmPath : SqmBasicValuedSimplePath(com.cash_flow_app.apicashflow.entities_repositories_and_services.base.authority.Authority(35202161494041).permission) 
2023-11-28T22:11:57.937-05:00 DEBUG 27472 --- [           main] o.h.q.sqm.sql.BaseSqmToSqlAstConverter   : Determining mapping-model type for SqmParameter : org.hibernate.query.sqm.tree.expression.SqmJpaCriteriaParameterWrapper@7803a877
2023-11-28T22:11:57.937-05:00 DEBUG 27472 --- [           main] o.h.q.sqm.sql.BaseSqmToSqlAstConverter   : Determining mapping-model type for SqmPath : SqmBasicValuedSimplePath(com.cash_flow_app.apicashflow.entities_repositories_and_services.base.authority.Authority(35202161494041).endpoint) 
2023-11-28T22:11:57.937-05:00 DEBUG 27472 --- [           main] org.hibernate.orm.results.graph.AST      : DomainResult Graph:
 \-EntityResultImpl [com.cash_flow_app.apicashflow.entities_repositories_and_services.base.authority.Authority(35202161494041)]
 |  +-BasicFetch [com.cash_flow_app.apicashflow.entities_repositories_and_services.base.authority.Authority(35202161494041).endpoint]
 |  \-BasicFetch [com.cash_flow_app.apicashflow.entities_repositories_and_services.base.authority.Authority(35202161494041).permission]

2023-11-28T22:11:57.937-05:00 DEBUG 27472 --- [           main] org.hibernate.orm.sql.ast.tree           : SQL AST Tree:
    SelectStatement {
      FromClause {
        StandardTableGroup (a1 : com.cash_flow_app.apicashflow.entities_repositories_and_services.base.authority.Authority(35202161494041)) {
          primaryTableReference : authorities as a1_0
        }
      }
    }

2023-11-28T22:11:57.937-05:00 DEBUG 27472 --- [           main] org.hibernate.orm.sql.exec               : Skipping reading Query result cache data: cache-enabled = false, cache-mode = NORMAL
2023-11-28T22:11:57.937-05:00 DEBUG 27472 --- [           main] org.hibernate.orm.results                : Initializer list
2023-11-28T22:11:57.937-05:00 DEBUG 27472 --- [           main] org.hibernate.orm.results                :     com.cash_flow_app.apicashflow.entities_repositories_and_services.base.authority.Authority(35202161494041) -> EntityResultInitializer(com.cash_flow_app.apicashflow.entities_repositories_and_services.base.authority.Authority(35202161494041))@39865974 (SingleTableEntityPersister(com.cash_flow_app.apicashflow.entities_repositories_and_services.base.authority.Authority))
2023-11-28T22:11:57.937-05:00 DEBUG 27472 --- [           main] org.hibernate.SQL                        : 
    select
        a1_0.id,
        a1_0.endpoint,
        a1_0.permission 
    from
        authorities a1_0 
    where
        a1_0.permission=? 
        and a1_0.endpoint=?
2023-11-28T22:11:57.938-05:00 DEBUG 27472 --- [           main] org.hibernate.orm.results                : Extracted JDBC value [0] - [9aaf7d40-45f6-4ab6-90a9-a23f4c1b5f2f]
2023-11-28T22:11:57.938-05:00 DEBUG 27472 --- [           main] o.hibernate.orm.results.loading.entity   : (EntityResultInitializer) Hydrated EntityKey (com.cash_flow_app.apicashflow.entities_repositories_and_services.base.authority.Authority(35202161494041)): 9aaf7d40-45f6-4ab6-90a9-a23f4c1b5f2f
2023-11-28T22:11:57.938-05:00 DEBUG 27472 --- [           main] o.hibernate.orm.results.loading.entity   : (EntityResultInitializer) Created new entity instance [com.cash_flow_app.apicashflow.entities_repositories_and_services.base.authority.Authority(35202161494041)#9aaf7d40-45f6-4ab6-90a9-a23f4c1b5f2f] : com.cash_flow_app.apicashflow.entities_repositories_and_services.base.authority.Authority@2fe235b4
2023-11-28T22:11:57.938-05:00 DEBUG 27472 --- [           main] org.hibernate.orm.results                : Extracted JDBC value [1] - [Account]
2023-11-28T22:11:57.938-05:00 DEBUG 27472 --- [           main] org.hibernate.orm.results                : Extracted JDBC value [2] - [CREATE]
2023-11-28T22:11:57.938-05:00 DEBUG 27472 --- [           main] o.hibernate.orm.results.loading.entity   : (EntityResultInitializer) Done materializing entityInstance : com.cash_flow_app.apicashflow.entities_repositories_and_services.base.authority.Authority(35202161494041)#9aaf7d40-45f6-4ab6-90a9-a23f4c1b5f2f
2023-11-28T22:11:57.938-05:00 DEBUG 27472 --- [           main] org.hibernate.orm.results.loading        : Calling top-level assembler (0 / 1) : org.hibernate.sql.results.graph.entity.internal.EntityAssembler@2f71cdc0
2023-11-28T22:11:57.938-05:00 DEBUG 27472 --- [           main] org.hibernate.orm.sql.ast.create         : Created new SQL alias : a1_0
2023-11-28T22:11:57.938-05:00 DEBUG 27472 --- [           main] org.hibernate.orm.sql.ast.create         : Registration of TableGroup [StandardTableGroup(com.cash_flow_app.apicashflow.entities_repositories_and_services.base.authority.Authority(35202161494041))] with identifierForTableGroup [com.cash_flow_app.apicashflow.entities_repositories_and_services.base.authority.Authority] for NavigablePath [com.cash_flow_app.apicashflow.entities_repositories_and_services.base.authority.Authority] 
2023-11-28T22:11:57.938-05:00 DEBUG 27472 --- [           main] o.h.q.sqm.sql.BaseSqmToSqlAstConverter   : Determining mapping-model type for SqmParameter : org.hibernate.query.sqm.tree.expression.SqmJpaCriteriaParameterWrapper@5440942
2023-11-28T22:11:57.938-05:00 DEBUG 27472 --- [           main] o.h.q.sqm.sql.BaseSqmToSqlAstConverter   : Determining mapping-model type for SqmPath : SqmBasicValuedSimplePath(com.cash_flow_app.apicashflow.entities_repositories_and_services.base.authority.Authority(35202161494041).permission) 
2023-11-28T22:11:57.938-05:00 DEBUG 27472 --- [           main] o.h.q.sqm.sql.BaseSqmToSqlAstConverter   : Determining mapping-model type for SqmParameter : org.hibernate.query.sqm.tree.expression.SqmJpaCriteriaParameterWrapper@18aa9b83
2023-11-28T22:11:57.938-05:00 DEBUG 27472 --- [           main] o.h.q.sqm.sql.BaseSqmToSqlAstConverter   : Determining mapping-model type for SqmPath : SqmBasicValuedSimplePath(com.cash_flow_app.apicashflow.entities_repositories_and_services.base.authority.Authority(35202161494041).endpoint) 
2023-11-28T22:11:57.938-05:00 DEBUG 27472 --- [           main] org.hibernate.orm.results.graph.AST      : DomainResult Graph:
 \-EntityResultImpl [com.cash_flow_app.apicashflow.entities_repositories_and_services.base.authority.Authority(35202161494041)]
 |  +-BasicFetch [com.cash_flow_app.apicashflow.entities_repositories_and_services.base.authority.Authority(35202161494041).endpoint]
 |  \-BasicFetch [com.cash_flow_app.apicashflow.entities_repositories_and_services.base.authority.Authority(35202161494041).permission]

2023-11-28T22:11:57.938-05:00 DEBUG 27472 --- [           main] org.hibernate.orm.sql.ast.tree           : SQL AST Tree:
    SelectStatement {
      FromClause {
        StandardTableGroup (a1 : com.cash_flow_app.apicashflow.entities_repositories_and_services.base.authority.Authority(35202161494041)) {
          primaryTableReference : authorities as a1_0
        }
      }
    }

2023-11-28T22:11:57.938-05:00 DEBUG 27472 --- [           main] o.h.e.i.AbstractFlushingEventListener    : Processing flush-time cascades
2023-11-28T22:11:57.938-05:00 DEBUG 27472 --- [           main] o.h.e.i.AbstractFlushingEventListener    : Dirty checking collections
2023-11-28T22:11:57.938-05:00 DEBUG 27472 --- [           main] o.h.e.i.AbstractFlushingEventListener    : Flushed: 0 insertions, 0 updates, 0 deletions to 1 objects
2023-11-28T22:11:57.938-05:00 DEBUG 27472 --- [           main] o.h.e.i.AbstractFlushingEventListener    : Flushed: 0 (re)creations, 0 updates, 0 removals to 0 collections
2023-11-28T22:11:57.938-05:00 DEBUG 27472 --- [           main] o.hibernate.internal.util.EntityPrinter  : Listing entities:
2023-11-28T22:11:57.938-05:00 DEBUG 27472 --- [           main] o.hibernate.internal.util.EntityPrinter  : com.cash_flow_app.apicashflow.entities_repositories_and_services.base.authority.Authority{endpoint=Account, permission=CREATE, id=9aaf7d40-45f6-4ab6-90a9-a23f4c1b5f2f}
2023-11-28T22:11:57.938-05:00 DEBUG 27472 --- [           main] org.hibernate.orm.sql.exec               : Skipping reading Query result cache data: cache-enabled = false, cache-mode = NORMAL
2023-11-28T22:11:57.938-05:00 DEBUG 27472 --- [           main] org.hibernate.orm.results                : Initializer list
2023-11-28T22:11:57.938-05:00 DEBUG 27472 --- [           main] org.hibernate.orm.results                :     com.cash_flow_app.apicashflow.entities_repositories_and_services.base.authority.Authority(35202161494041) -> EntityResultInitializer(com.cash_flow_app.apicashflow.entities_repositories_and_services.base.authority.Authority(35202161494041))@1853121167 (SingleTableEntityPersister(com.cash_flow_app.apicashflow.entities_repositories_and_services.base.authority.Authority))
2023-11-28T22:11:57.938-05:00 DEBUG 27472 --- [           main] org.hibernate.SQL                        : 
    select
        a1_0.id,
        a1_0.endpoint,
        a1_0.permission 
    from
        authorities a1_0 
    where
        a1_0.permission=? 
        and a1_0.endpoint=?
2023-11-28T22:11:57.938-05:00 DEBUG 27472 --- [           main] org.hibernate.orm.results                : Extracted JDBC value [0] - [b14a62f4-d04f-422a-a2a3-1f80e2635352]
2023-11-28T22:11:57.938-05:00 DEBUG 27472 --- [           main] o.hibernate.orm.results.loading.entity   : (EntityResultInitializer) Hydrated EntityKey (com.cash_flow_app.apicashflow.entities_repositories_and_services.base.authority.Authority(35202161494041)): b14a62f4-d04f-422a-a2a3-1f80e2635352
2023-11-28T22:11:57.938-05:00 DEBUG 27472 --- [           main] o.hibernate.orm.results.loading.entity   : (EntityResultInitializer) Created new entity instance [com.cash_flow_app.apicashflow.entities_repositories_and_services.base.authority.Authority(35202161494041)#b14a62f4-d04f-422a-a2a3-1f80e2635352] : com.cash_flow_app.apicashflow.entities_repositories_and_services.base.authority.Authority@6f2d77e9
2023-11-28T22:11:57.938-05:00 DEBUG 27472 --- [           main] org.hibernate.orm.results                : Extracted JDBC value [1] - [Account]
2023-11-28T22:11:57.938-05:00 DEBUG 27472 --- [           main] org.hibernate.orm.results                : Extracted JDBC value [2] - [READ]
2023-11-28T22:11:57.939-05:00 DEBUG 27472 --- [           main] o.hibernate.orm.results.loading.entity   : (EntityResultInitializer) Done materializing entityInstance : com.cash_flow_app.apicashflow.entities_repositories_and_services.base.authority.Authority(35202161494041)#b14a62f4-d04f-422a-a2a3-1f80e2635352
2023-11-28T22:11:57.939-05:00 DEBUG 27472 --- [           main] org.hibernate.orm.results.loading        : Calling top-level assembler (0 / 1) : org.hibernate.sql.results.graph.entity.internal.EntityAssembler@67e9d8cb
2023-11-28T22:11:57.939-05:00 DEBUG 27472 --- [           main] org.hibernate.orm.sql.ast.create         : Created new SQL alias : a1_0
2023-11-28T22:11:57.939-05:00 DEBUG 27472 --- [           main] org.hibernate.orm.sql.ast.create         : Registration of TableGroup [StandardTableGroup(com.cash_flow_app.apicashflow.entities_repositories_and_services.base.authority.Authority(35202161494041))] with identifierForTableGroup [com.cash_flow_app.apicashflow.entities_repositories_and_services.base.authority.Authority] for NavigablePath [com.cash_flow_app.apicashflow.entities_repositories_and_services.base.authority.Authority] 
2023-11-28T22:11:57.939-05:00 DEBUG 27472 --- [           main] o.h.q.sqm.sql.BaseSqmToSqlAstConverter   : Determining mapping-model type for SqmParameter : org.hibernate.query.sqm.tree.expression.SqmJpaCriteriaParameterWrapper@63ff69e0
2023-11-28T22:11:57.939-05:00 DEBUG 27472 --- [           main] o.h.q.sqm.sql.BaseSqmToSqlAstConverter   : Determining mapping-model type for SqmPath : SqmBasicValuedSimplePath(com.cash_flow_app.apicashflow.entities_repositories_and_services.base.authority.Authority(35202161494041).permission) 
2023-11-28T22:11:57.939-05:00 DEBUG 27472 --- [           main] o.h.q.sqm.sql.BaseSqmToSqlAstConverter   : Determining mapping-model type for SqmParameter : org.hibernate.query.sqm.tree.expression.SqmJpaCriteriaParameterWrapper@41d9b9de
2023-11-28T22:11:57.939-05:00 DEBUG 27472 --- [           main] o.h.q.sqm.sql.BaseSqmToSqlAstConverter   : Determining mapping-model type for SqmPath : SqmBasicValuedSimplePath(com.cash_flow_app.apicashflow.entities_repositories_and_services.base.authority.Authority(35202161494041).endpoint) 
2023-11-28T22:11:57.939-05:00 DEBUG 27472 --- [           main] org.hibernate.orm.results.graph.AST      : DomainResult Graph:
 \-EntityResultImpl [com.cash_flow_app.apicashflow.entities_repositories_and_services.base.authority.Authority(35202161494041)]
 |  +-BasicFetch [com.cash_flow_app.apicashflow.entities_repositories_and_services.base.authority.Authority(35202161494041).endpoint]
 |  \-BasicFetch [com.cash_flow_app.apicashflow.entities_repositories_and_services.base.authority.Authority(35202161494041).permission]

2023-11-28T22:11:57.939-05:00 DEBUG 27472 --- [           main] org.hibernate.orm.sql.ast.tree           : SQL AST Tree:
    SelectStatement {
      FromClause {
        StandardTableGroup (a1 : com.cash_flow_app.apicashflow.entities_repositories_and_services.base.authority.Authority(35202161494041)) {
          primaryTableReference : authorities as a1_0
        }
      }
    }

2023-11-28T22:11:57.939-05:00 DEBUG 27472 --- [           main] o.h.e.i.AbstractFlushingEventListener    : Processing flush-time cascades
2023-11-28T22:11:57.939-05:00 DEBUG 27472 --- [           main] o.h.e.i.AbstractFlushingEventListener    : Dirty checking collections
2023-11-28T22:11:57.939-05:00 DEBUG 27472 --- [           main] o.h.e.i.AbstractFlushingEventListener    : Flushed: 0 insertions, 0 updates, 0 deletions to 2 objects
2023-11-28T22:11:57.939-05:00 DEBUG 27472 --- [           main] o.h.e.i.AbstractFlushingEventListener    : Flushed: 0 (re)creations, 0 updates, 0 removals to 0 collections
2023-11-28T22:11:57.939-05:00 DEBUG 27472 --- [           main] o.hibernate.internal.util.EntityPrinter  : Listing entities:
2023-11-28T22:11:57.939-05:00 DEBUG 27472 --- [           main] o.hibernate.internal.util.EntityPrinter  : com.cash_flow_app.apicashflow.entities_repositories_and_services.base.authority.Authority{endpoint=Account, permission=CREATE, id=9aaf7d40-45f6-4ab6-90a9-a23f4c1b5f2f}
2023-11-28T22:11:57.939-05:00 DEBUG 27472 --- [           main] o.hibernate.internal.util.EntityPrinter  : com.cash_flow_app.apicashflow.entities_repositories_and_services.base.authority.Authority{endpoint=Account, permission=READ, id=b14a62f4-d04f-422a-a2a3-1f80e2635352}
2023-11-28T22:11:57.939-05:00 DEBUG 27472 --- [           main] org.hibernate.orm.sql.exec               : Skipping reading Query result cache data: cache-enabled = false, cache-mode = NORMAL
2023-11-28T22:11:57.939-05:00 DEBUG 27472 --- [           main] org.hibernate.orm.results                : Initializer list
2023-11-28T22:11:57.939-05:00 DEBUG 27472 --- [           main] org.hibernate.orm.results                :     com.cash_flow_app.apicashflow.entities_repositories_and_services.base.authority.Authority(35202161494041) -> EntityResultInitializer(com.cash_flow_app.apicashflow.entities_repositories_and_services.base.authority.Authority(35202161494041))@196012105 (SingleTableEntityPersister(com.cash_flow_app.apicashflow.entities_repositories_and_services.base.authority.Authority))
2023-11-28T22:11:57.939-05:00 DEBUG 27472 --- [           main] org.hibernate.SQL                        : 
    select
        a1_0.id,
        a1_0.endpoint,
        a1_0.permission 
    from
        authorities a1_0 
    where
        a1_0.permission=? 
        and a1_0.endpoint=?
2023-11-28T22:11:57.942-05:00 DEBUG 27472 --- [           main] org.hibernate.orm.results                : Extracted JDBC value [0] - [363894b3-8bdc-4764-ad13-d91f872e1a95]
2023-11-28T22:11:57.942-05:00 DEBUG 27472 --- [           main] o.hibernate.orm.results.loading.entity   : (EntityResultInitializer) Hydrated EntityKey (com.cash_flow_app.apicashflow.entities_repositories_and_services.base.authority.Authority(35202161494041)): 363894b3-8bdc-4764-ad13-d91f872e1a95
2023-11-28T22:11:57.942-05:00 DEBUG 27472 --- [           main] o.hibernate.orm.results.loading.entity   : (EntityResultInitializer) Created new entity instance [com.cash_flow_app.apicashflow.entities_repositories_and_services.base.authority.Authority(35202161494041)#363894b3-8bdc-4764-ad13-d91f872e1a95] : com.cash_flow_app.apicashflow.entities_repositories_and_services.base.authority.Authority@3dd6a612
2023-11-28T22:11:57.942-05:00 DEBUG 27472 --- [           main] org.hibernate.orm.results                : Extracted JDBC value [1] - [Account]
2023-11-28T22:11:57.942-05:00 DEBUG 27472 --- [           main] org.hibernate.orm.results                : Extracted JDBC value [2] - [DELETE]
2023-11-28T22:11:57.942-05:00 DEBUG 27472 --- [           main] o.hibernate.orm.results.loading.entity   : (EntityResultInitializer) Done materializing entityInstance : com.cash_flow_app.apicashflow.entities_repositories_and_services.base.authority.Authority(35202161494041)#363894b3-8bdc-4764-ad13-d91f872e1a95
2023-11-28T22:11:57.942-05:00 DEBUG 27472 --- [           main] org.hibernate.orm.results.loading        : Calling top-level assembler (0 / 1) : org.hibernate.sql.results.graph.entity.internal.EntityAssembler@41c6fd41
2023-11-28T22:11:57.942-05:00 DEBUG 27472 --- [           main] org.hibernate.orm.sql.ast.create         : Created new SQL alias : a1_0
2023-11-28T22:11:57.942-05:00 DEBUG 27472 --- [           main] org.hibernate.orm.sql.ast.create         : Registration of TableGroup [StandardTableGroup(com.cash_flow_app.apicashflow.entities_repositories_and_services.base.authority.Authority(35202161494041))] with identifierForTableGroup [com.cash_flow_app.apicashflow.entities_repositories_and_services.base.authority.Authority] for NavigablePath [com.cash_flow_app.apicashflow.entities_repositories_and_services.base.authority.Authority] 
2023-11-28T22:11:57.942-05:00 DEBUG 27472 --- [           main] o.h.q.sqm.sql.BaseSqmToSqlAstConverter   : Determining mapping-model type for SqmParameter : org.hibernate.query.sqm.tree.expression.SqmJpaCriteriaParameterWrapper@38071cdb
2023-11-28T22:11:57.942-05:00 DEBUG 27472 --- [           main] o.h.q.sqm.sql.BaseSqmToSqlAstConverter   : Determining mapping-model type for SqmPath : SqmBasicValuedSimplePath(com.cash_flow_app.apicashflow.entities_repositories_and_services.base.authority.Authority(35202161494041).permission) 
2023-11-28T22:11:57.942-05:00 DEBUG 27472 --- [           main] o.h.q.sqm.sql.BaseSqmToSqlAstConverter   : Determining mapping-model type for SqmParameter : org.hibernate.query.sqm.tree.expression.SqmJpaCriteriaParameterWrapper@6d9f0836
2023-11-28T22:11:57.942-05:00 DEBUG 27472 --- [           main] o.h.q.sqm.sql.BaseSqmToSqlAstConverter   : Determining mapping-model type for SqmPath : SqmBasicValuedSimplePath(com.cash_flow_app.apicashflow.entities_repositories_and_services.base.authority.Authority(35202161494041).endpoint) 
2023-11-28T22:11:57.942-05:00 DEBUG 27472 --- [           main] org.hibernate.orm.results.graph.AST      : DomainResult Graph:
 \-EntityResultImpl [com.cash_flow_app.apicashflow.entities_repositories_and_services.base.authority.Authority(35202161494041)]
 |  +-BasicFetch [com.cash_flow_app.apicashflow.entities_repositories_and_services.base.authority.Authority(35202161494041).endpoint]
 |  \-BasicFetch [com.cash_flow_app.apicashflow.entities_repositories_and_services.base.authority.Authority(35202161494041).permission]

2023-11-28T22:11:57.942-05:00 DEBUG 27472 --- [           main] org.hibernate.orm.sql.ast.tree           : SQL AST Tree:
    SelectStatement {
      FromClause {
        StandardTableGroup (a1 : com.cash_flow_app.apicashflow.entities_repositories_and_services.base.authority.Authority(35202161494041)) {
          primaryTableReference : authorities as a1_0
        }
      }
    }

2023-11-28T22:11:57.942-05:00 DEBUG 27472 --- [           main] o.h.e.i.AbstractFlushingEventListener    : Processing flush-time cascades
2023-11-28T22:11:57.942-05:00 DEBUG 27472 --- [           main] o.h.e.i.AbstractFlushingEventListener    : Dirty checking collections
2023-11-28T22:11:57.942-05:00 DEBUG 27472 --- [           main] o.h.e.i.AbstractFlushingEventListener    : Flushed: 0 insertions, 0 updates, 0 deletions to 3 objects
2023-11-28T22:11:57.942-05:00 DEBUG 27472 --- [           main] o.h.e.i.AbstractFlushingEventListener    : Flushed: 0 (re)creations, 0 updates, 0 removals to 0 collections
2023-11-28T22:11:57.942-05:00 DEBUG 27472 --- [           main] o.hibernate.internal.util.EntityPrinter  : Listing entities:
2023-11-28T22:11:57.942-05:00 DEBUG 27472 --- [           main] o.hibernate.internal.util.EntityPrinter  : com.cash_flow_app.apicashflow.entities_repositories_and_services.base.authority.Authority{endpoint=Account, permission=DELETE, id=363894b3-8bdc-4764-ad13-d91f872e1a95}
2023-11-28T22:11:57.942-05:00 DEBUG 27472 --- [           main] o.hibernate.internal.util.EntityPrinter  : com.cash_flow_app.apicashflow.entities_repositories_and_services.base.authority.Authority{endpoint=Account, permission=CREATE, id=9aaf7d40-45f6-4ab6-90a9-a23f4c1b5f2f}
2023-11-28T22:11:57.942-05:00 DEBUG 27472 --- [           main] o.hibernate.internal.util.EntityPrinter  : com.cash_flow_app.apicashflow.entities_repositories_and_services.base.authority.Authority{endpoint=Account, permission=READ, id=b14a62f4-d04f-422a-a2a3-1f80e2635352}
2023-11-28T22:11:57.942-05:00 DEBUG 27472 --- [           main] org.hibernate.orm.sql.exec               : Skipping reading Query result cache data: cache-enabled = false, cache-mode = NORMAL
2023-11-28T22:11:57.942-05:00 DEBUG 27472 --- [           main] org.hibernate.orm.results                : Initializer list
2023-11-28T22:11:57.942-05:00 DEBUG 27472 --- [           main] org.hibernate.orm.results                :     com.cash_flow_app.apicashflow.entities_repositories_and_services.base.authority.Authority(35202161494041) -> EntityResultInitializer(com.cash_flow_app.apicashflow.entities_repositories_and_services.base.authority.Authority(35202161494041))@100750118 (SingleTableEntityPersister(com.cash_flow_app.apicashflow.entities_repositories_and_services.base.authority.Authority))
2023-11-28T22:11:57.942-05:00 DEBUG 27472 --- [           main] org.hibernate.SQL                        : 
    select
        a1_0.id,
        a1_0.endpoint,
        a1_0.permission 
    from
        authorities a1_0 
    where
        a1_0.permission=? 
        and a1_0.endpoint=?
2023-11-28T22:11:57.943-05:00 DEBUG 27472 --- [           main] org.hibernate.orm.results                : Extracted JDBC value [0] - [f4f135be-a2b5-48d1-a9d0-2b14e82cc373]
2023-11-28T22:11:57.943-05:00 DEBUG 27472 --- [           main] o.hibernate.orm.results.loading.entity   : (EntityResultInitializer) Hydrated EntityKey (com.cash_flow_app.apicashflow.entities_repositories_and_services.base.authority.Authority(35202161494041)): f4f135be-a2b5-48d1-a9d0-2b14e82cc373
2023-11-28T22:11:57.943-05:00 DEBUG 27472 --- [           main] o.hibernate.orm.results.loading.entity   : (EntityResultInitializer) Created new entity instance [com.cash_flow_app.apicashflow.entities_repositories_and_services.base.authority.Authority(35202161494041)#f4f135be-a2b5-48d1-a9d0-2b14e82cc373] : com.cash_flow_app.apicashflow.entities_repositories_and_services.base.authority.Authority@64e5f67b
2023-11-28T22:11:57.943-05:00 DEBUG 27472 --- [           main] org.hibernate.orm.results                : Extracted JDBC value [1] - [User]
2023-11-28T22:11:57.943-05:00 DEBUG 27472 --- [           main] org.hibernate.orm.results                : Extracted JDBC value [2] - [CREATE]
2023-11-28T22:11:57.943-05:00 DEBUG 27472 --- [           main] o.hibernate.orm.results.loading.entity   : (EntityResultInitializer) Done materializing entityInstance : com.cash_flow_app.apicashflow.entities_repositories_and_services.base.authority.Authority(35202161494041)#f4f135be-a2b5-48d1-a9d0-2b14e82cc373
2023-11-28T22:11:57.943-05:00 DEBUG 27472 --- [           main] org.hibernate.orm.results.loading        : Calling top-level assembler (0 / 1) : org.hibernate.sql.results.graph.entity.internal.EntityAssembler@687101a2
2023-11-28T22:11:57.943-05:00 DEBUG 27472 --- [           main] org.hibernate.orm.sql.ast.create         : Created new SQL alias : a1_0
2023-11-28T22:11:57.943-05:00 DEBUG 27472 --- [           main] org.hibernate.orm.sql.ast.create         : Registration of TableGroup [StandardTableGroup(com.cash_flow_app.apicashflow.entities_repositories_and_services.base.authority.Authority(35202161494041))] with identifierForTableGroup [com.cash_flow_app.apicashflow.entities_repositories_and_services.base.authority.Authority] for NavigablePath [com.cash_flow_app.apicashflow.entities_repositories_and_services.base.authority.Authority] 
2023-11-28T22:11:57.943-05:00 DEBUG 27472 --- [           main] o.h.q.sqm.sql.BaseSqmToSqlAstConverter   : Determining mapping-model type for SqmParameter : org.hibernate.query.sqm.tree.expression.SqmJpaCriteriaParameterWrapper@378c2cb4
2023-11-28T22:11:57.943-05:00 DEBUG 27472 --- [           main] o.h.q.sqm.sql.BaseSqmToSqlAstConverter   : Determining mapping-model type for SqmPath : SqmBasicValuedSimplePath(com.cash_flow_app.apicashflow.entities_repositories_and_services.base.authority.Authority(35202161494041).permission) 
2023-11-28T22:11:57.943-05:00 DEBUG 27472 --- [           main] o.h.q.sqm.sql.BaseSqmToSqlAstConverter   : Determining mapping-model type for SqmParameter : org.hibernate.query.sqm.tree.expression.SqmJpaCriteriaParameterWrapper@c2ef25b
2023-11-28T22:11:57.943-05:00 DEBUG 27472 --- [           main] o.h.q.sqm.sql.BaseSqmToSqlAstConverter   : Determining mapping-model type for SqmPath : SqmBasicValuedSimplePath(com.cash_flow_app.apicashflow.entities_repositories_and_services.base.authority.Authority(35202161494041).endpoint) 
2023-11-28T22:11:57.943-05:00 DEBUG 27472 --- [           main] org.hibernate.orm.results.graph.AST      : DomainResult Graph:
 \-EntityResultImpl [com.cash_flow_app.apicashflow.entities_repositories_and_services.base.authority.Authority(35202161494041)]
 |  +-BasicFetch [com.cash_flow_app.apicashflow.entities_repositories_and_services.base.authority.Authority(35202161494041).endpoint]
 |  \-BasicFetch [com.cash_flow_app.apicashflow.entities_repositories_and_services.base.authority.Authority(35202161494041).permission]

2023-11-28T22:11:57.943-05:00 DEBUG 27472 --- [           main] org.hibernate.orm.sql.ast.tree           : SQL AST Tree:
    SelectStatement {
      FromClause {
        StandardTableGroup (a1 : com.cash_flow_app.apicashflow.entities_repositories_and_services.base.authority.Authority(35202161494041)) {
          primaryTableReference : authorities as a1_0
        }
      }
    }

2023-11-28T22:11:57.943-05:00 DEBUG 27472 --- [           main] o.h.e.i.AbstractFlushingEventListener    : Processing flush-time cascades
2023-11-28T22:11:57.943-05:00 DEBUG 27472 --- [           main] o.h.e.i.AbstractFlushingEventListener    : Dirty checking collections
2023-11-28T22:11:57.944-05:00 DEBUG 27472 --- [           main] o.h.e.i.AbstractFlushingEventListener    : Flushed: 0 insertions, 0 updates, 0 deletions to 4 objects
2023-11-28T22:11:57.944-05:00 DEBUG 27472 --- [           main] o.h.e.i.AbstractFlushingEventListener    : Flushed: 0 (re)creations, 0 updates, 0 removals to 0 collections
2023-11-28T22:11:57.944-05:00 DEBUG 27472 --- [           main] o.hibernate.internal.util.EntityPrinter  : Listing entities:
2023-11-28T22:11:57.944-05:00 DEBUG 27472 --- [           main] o.hibernate.internal.util.EntityPrinter  : com.cash_flow_app.apicashflow.entities_repositories_and_services.base.authority.Authority{endpoint=User, permission=CREATE, id=f4f135be-a2b5-48d1-a9d0-2b14e82cc373}
2023-11-28T22:11:57.944-05:00 DEBUG 27472 --- [           main] o.hibernate.internal.util.EntityPrinter  : com.cash_flow_app.apicashflow.entities_repositories_and_services.base.authority.Authority{endpoint=Account, permission=DELETE, id=363894b3-8bdc-4764-ad13-d91f872e1a95}
2023-11-28T22:11:57.944-05:00 DEBUG 27472 --- [           main] o.hibernate.internal.util.EntityPrinter  : com.cash_flow_app.apicashflow.entities_repositories_and_services.base.authority.Authority{endpoint=Account, permission=CREATE, id=9aaf7d40-45f6-4ab6-90a9-a23f4c1b5f2f}
2023-11-28T22:11:57.944-05:00 DEBUG 27472 --- [           main] o.hibernate.internal.util.EntityPrinter  : com.cash_flow_app.apicashflow.entities_repositories_and_services.base.authority.Authority{endpoint=Account, permission=READ, id=b14a62f4-d04f-422a-a2a3-1f80e2635352}
2023-11-28T22:11:57.944-05:00 DEBUG 27472 --- [           main] org.hibernate.orm.sql.exec               : Skipping reading Query result cache data: cache-enabled = false, cache-mode = NORMAL
2023-11-28T22:11:57.944-05:00 DEBUG 27472 --- [           main] org.hibernate.orm.results                : Initializer list
2023-11-28T22:11:57.944-05:00 DEBUG 27472 --- [           main] org.hibernate.orm.results                :     com.cash_flow_app.apicashflow.entities_repositories_and_services.base.authority.Authority(35202161494041) -> EntityResultInitializer(com.cash_flow_app.apicashflow.entities_repositories_and_services.base.authority.Authority(35202161494041))@181868352 (SingleTableEntityPersister(com.cash_flow_app.apicashflow.entities_repositories_and_services.base.authority.Authority))
2023-11-28T22:11:57.944-05:00 DEBUG 27472 --- [           main] org.hibernate.SQL                        : 
    select
        a1_0.id,
        a1_0.endpoint,
        a1_0.permission 
    from
        authorities a1_0 
    where
        a1_0.permission=? 
        and a1_0.endpoint=?
2023-11-28T22:11:57.944-05:00 DEBUG 27472 --- [           main] org.hibernate.orm.results                : Extracted JDBC value [0] - [35481739-2447-454f-8ec3-daf467bb2ae5]
2023-11-28T22:11:57.944-05:00 DEBUG 27472 --- [           main] o.hibernate.orm.results.loading.entity   : (EntityResultInitializer) Hydrated EntityKey (com.cash_flow_app.apicashflow.entities_repositories_and_services.base.authority.Authority(35202161494041)): 35481739-2447-454f-8ec3-daf467bb2ae5
2023-11-28T22:11:57.944-05:00 DEBUG 27472 --- [           main] o.hibernate.orm.results.loading.entity   : (EntityResultInitializer) Created new entity instance [com.cash_flow_app.apicashflow.entities_repositories_and_services.base.authority.Authority(35202161494041)#35481739-2447-454f-8ec3-daf467bb2ae5] : com.cash_flow_app.apicashflow.entities_repositories_and_services.base.authority.Authority@7cff8996
2023-11-28T22:11:57.944-05:00 DEBUG 27472 --- [           main] org.hibernate.orm.results                : Extracted JDBC value [1] - [User]
2023-11-28T22:11:57.944-05:00 DEBUG 27472 --- [           main] org.hibernate.orm.results                : Extracted JDBC value [2] - [READ]
2023-11-28T22:11:57.944-05:00 DEBUG 27472 --- [           main] o.hibernate.orm.results.loading.entity   : (EntityResultInitializer) Done materializing entityInstance : com.cash_flow_app.apicashflow.entities_repositories_and_services.base.authority.Authority(35202161494041)#35481739-2447-454f-8ec3-daf467bb2ae5
2023-11-28T22:11:57.944-05:00 DEBUG 27472 --- [           main] org.hibernate.orm.results.loading        : Calling top-level assembler (0 / 1) : org.hibernate.sql.results.graph.entity.internal.EntityAssembler@4ea0ec5e
2023-11-28T22:11:57.944-05:00 DEBUG 27472 --- [           main] org.hibernate.orm.sql.ast.create         : Created new SQL alias : a1_0
2023-11-28T22:11:57.944-05:00 DEBUG 27472 --- [           main] org.hibernate.orm.sql.ast.create         : Registration of TableGroup [StandardTableGroup(com.cash_flow_app.apicashflow.entities_repositories_and_services.base.authority.Authority(35202161494041))] with identifierForTableGroup [com.cash_flow_app.apicashflow.entities_repositories_and_services.base.authority.Authority] for NavigablePath [com.cash_flow_app.apicashflow.entities_repositories_and_services.base.authority.Authority] 
2023-11-28T22:11:57.944-05:00 DEBUG 27472 --- [           main] o.h.q.sqm.sql.BaseSqmToSqlAstConverter   : Determining mapping-model type for SqmParameter : org.hibernate.query.sqm.tree.expression.SqmJpaCriteriaParameterWrapper@25dee62
2023-11-28T22:11:57.944-05:00 DEBUG 27472 --- [           main] o.h.q.sqm.sql.BaseSqmToSqlAstConverter   : Determining mapping-model type for SqmPath : SqmBasicValuedSimplePath(com.cash_flow_app.apicashflow.entities_repositories_and_services.base.authority.Authority(35202161494041).permission) 
2023-11-28T22:11:57.944-05:00 DEBUG 27472 --- [           main] o.h.q.sqm.sql.BaseSqmToSqlAstConverter   : Determining mapping-model type for SqmParameter : org.hibernate.query.sqm.tree.expression.SqmJpaCriteriaParameterWrapper@18182680
2023-11-28T22:11:57.944-05:00 DEBUG 27472 --- [           main] o.h.q.sqm.sql.BaseSqmToSqlAstConverter   : Determining mapping-model type for SqmPath : SqmBasicValuedSimplePath(com.cash_flow_app.apicashflow.entities_repositories_and_services.base.authority.Authority(35202161494041).endpoint) 
2023-11-28T22:11:57.944-05:00 DEBUG 27472 --- [           main] org.hibernate.orm.results.graph.AST      : DomainResult Graph:
 \-EntityResultImpl [com.cash_flow_app.apicashflow.entities_repositories_and_services.base.authority.Authority(35202161494041)]
 |  +-BasicFetch [com.cash_flow_app.apicashflow.entities_repositories_and_services.base.authority.Authority(35202161494041).endpoint]
 |  \-BasicFetch [com.cash_flow_app.apicashflow.entities_repositories_and_services.base.authority.Authority(35202161494041).permission]

2023-11-28T22:11:57.944-05:00 DEBUG 27472 --- [           main] org.hibernate.orm.sql.ast.tree           : SQL AST Tree:
    SelectStatement {
      FromClause {
        StandardTableGroup (a1 : com.cash_flow_app.apicashflow.entities_repositories_and_services.base.authority.Authority(35202161494041)) {
          primaryTableReference : authorities as a1_0
        }
      }
    }

2023-11-28T22:11:57.944-05:00 DEBUG 27472 --- [           main] o.h.e.i.AbstractFlushingEventListener    : Processing flush-time cascades
2023-11-28T22:11:57.944-05:00 DEBUG 27472 --- [           main] o.h.e.i.AbstractFlushingEventListener    : Dirty checking collections
2023-11-28T22:11:57.944-05:00 DEBUG 27472 --- [           main] o.h.e.i.AbstractFlushingEventListener    : Flushed: 0 insertions, 0 updates, 0 deletions to 5 objects
2023-11-28T22:11:57.944-05:00 DEBUG 27472 --- [           main] o.h.e.i.AbstractFlushingEventListener    : Flushed: 0 (re)creations, 0 updates, 0 removals to 0 collections
2023-11-28T22:11:57.944-05:00 DEBUG 27472 --- [           main] o.hibernate.internal.util.EntityPrinter  : Listing entities:
2023-11-28T22:11:57.944-05:00 DEBUG 27472 --- [           main] o.hibernate.internal.util.EntityPrinter  : com.cash_flow_app.apicashflow.entities_repositories_and_services.base.authority.Authority{endpoint=User, permission=CREATE, id=f4f135be-a2b5-48d1-a9d0-2b14e82cc373}
2023-11-28T22:11:57.944-05:00 DEBUG 27472 --- [           main] o.hibernate.internal.util.EntityPrinter  : com.cash_flow_app.apicashflow.entities_repositories_and_services.base.authority.Authority{endpoint=User, permission=READ, id=35481739-2447-454f-8ec3-daf467bb2ae5}
2023-11-28T22:11:57.944-05:00 DEBUG 27472 --- [           main] o.hibernate.internal.util.EntityPrinter  : com.cash_flow_app.apicashflow.entities_repositories_and_services.base.authority.Authority{endpoint=Account, permission=DELETE, id=363894b3-8bdc-4764-ad13-d91f872e1a95}
2023-11-28T22:11:57.944-05:00 DEBUG 27472 --- [           main] o.hibernate.internal.util.EntityPrinter  : com.cash_flow_app.apicashflow.entities_repositories_and_services.base.authority.Authority{endpoint=Account, permission=CREATE, id=9aaf7d40-45f6-4ab6-90a9-a23f4c1b5f2f}
2023-11-28T22:11:57.944-05:00 DEBUG 27472 --- [           main] o.hibernate.internal.util.EntityPrinter  : com.cash_flow_app.apicashflow.entities_repositories_and_services.base.authority.Authority{endpoint=Account, permission=READ, id=b14a62f4-d04f-422a-a2a3-1f80e2635352}
2023-11-28T22:11:57.944-05:00 DEBUG 27472 --- [           main] org.hibernate.orm.sql.exec               : Skipping reading Query result cache data: cache-enabled = false, cache-mode = NORMAL
2023-11-28T22:11:57.944-05:00 DEBUG 27472 --- [           main] org.hibernate.orm.results                : Initializer list
2023-11-28T22:11:57.944-05:00 DEBUG 27472 --- [           main] org.hibernate.orm.results                :     com.cash_flow_app.apicashflow.entities_repositories_and_services.base.authority.Authority(35202161494041) -> EntityResultInitializer(com.cash_flow_app.apicashflow.entities_repositories_and_services.base.authority.Authority(35202161494041))@1695983081 (SingleTableEntityPersister(com.cash_flow_app.apicashflow.entities_repositories_and_services.base.authority.Authority))
2023-11-28T22:11:57.944-05:00 DEBUG 27472 --- [           main] org.hibernate.SQL                        : 
    select
        a1_0.id,
        a1_0.endpoint,
        a1_0.permission 
    from
        authorities a1_0 
    where
        a1_0.permission=? 
        and a1_0.endpoint=?
2023-11-28T22:11:57.944-05:00 DEBUG 27472 --- [           main] org.hibernate.orm.results                : Extracted JDBC value [0] - [4de61a19-9cab-469d-856c-169a503a3f70]
2023-11-28T22:11:57.945-05:00 DEBUG 27472 --- [           main] o.hibernate.orm.results.loading.entity   : (EntityResultInitializer) Hydrated EntityKey (com.cash_flow_app.apicashflow.entities_repositories_and_services.base.authority.Authority(35202161494041)): 4de61a19-9cab-469d-856c-169a503a3f70
2023-11-28T22:11:57.945-05:00 DEBUG 27472 --- [           main] o.hibernate.orm.results.loading.entity   : (EntityResultInitializer) Created new entity instance [com.cash_flow_app.apicashflow.entities_repositories_and_services.base.authority.Authority(35202161494041)#4de61a19-9cab-469d-856c-169a503a3f70] : com.cash_flow_app.apicashflow.entities_repositories_and_services.base.authority.Authority@53e432d6
2023-11-28T22:11:57.945-05:00 DEBUG 27472 --- [           main] org.hibernate.orm.results                : Extracted JDBC value [1] - [IncomeExpense]
2023-11-28T22:11:57.945-05:00 DEBUG 27472 --- [           main] org.hibernate.orm.results                : Extracted JDBC value [2] - [CREATE]
2023-11-28T22:11:57.945-05:00 DEBUG 27472 --- [           main] o.hibernate.orm.results.loading.entity   : (EntityResultInitializer) Done materializing entityInstance : com.cash_flow_app.apicashflow.entities_repositories_and_services.base.authority.Authority(35202161494041)#4de61a19-9cab-469d-856c-169a503a3f70
2023-11-28T22:11:57.945-05:00 DEBUG 27472 --- [           main] org.hibernate.orm.results.loading        : Calling top-level assembler (0 / 1) : org.hibernate.sql.results.graph.entity.internal.EntityAssembler@30decae
2023-11-28T22:11:57.945-05:00 DEBUG 27472 --- [           main] org.hibernate.orm.sql.ast.create         : Created new SQL alias : a1_0
2023-11-28T22:11:57.945-05:00 DEBUG 27472 --- [           main] org.hibernate.orm.sql.ast.create         : Registration of TableGroup [StandardTableGroup(com.cash_flow_app.apicashflow.entities_repositories_and_services.base.authority.Authority(35202161494041))] with identifierForTableGroup [com.cash_flow_app.apicashflow.entities_repositories_and_services.base.authority.Authority] for NavigablePath [com.cash_flow_app.apicashflow.entities_repositories_and_services.base.authority.Authority] 
2023-11-28T22:11:57.945-05:00 DEBUG 27472 --- [           main] o.h.q.sqm.sql.BaseSqmToSqlAstConverter   : Determining mapping-model type for SqmParameter : org.hibernate.query.sqm.tree.expression.SqmJpaCriteriaParameterWrapper@2e042c93
2023-11-28T22:11:57.945-05:00 DEBUG 27472 --- [           main] o.h.q.sqm.sql.BaseSqmToSqlAstConverter   : Determining mapping-model type for SqmPath : SqmBasicValuedSimplePath(com.cash_flow_app.apicashflow.entities_repositories_and_services.base.authority.Authority(35202161494041).permission) 
2023-11-28T22:11:57.945-05:00 DEBUG 27472 --- [           main] o.h.q.sqm.sql.BaseSqmToSqlAstConverter   : Determining mapping-model type for SqmParameter : org.hibernate.query.sqm.tree.expression.SqmJpaCriteriaParameterWrapper@5ddc735b
2023-11-28T22:11:57.945-05:00 DEBUG 27472 --- [           main] o.h.q.sqm.sql.BaseSqmToSqlAstConverter   : Determining mapping-model type for SqmPath : SqmBasicValuedSimplePath(com.cash_flow_app.apicashflow.entities_repositories_and_services.base.authority.Authority(35202161494041).endpoint) 
2023-11-28T22:11:57.945-05:00 DEBUG 27472 --- [           main] org.hibernate.orm.results.graph.AST      : DomainResult Graph:
 \-EntityResultImpl [com.cash_flow_app.apicashflow.entities_repositories_and_services.base.authority.Authority(35202161494041)]
 |  +-BasicFetch [com.cash_flow_app.apicashflow.entities_repositories_and_services.base.authority.Authority(35202161494041).endpoint]
 |  \-BasicFetch [com.cash_flow_app.apicashflow.entities_repositories_and_services.base.authority.Authority(35202161494041).permission]

2023-11-28T22:11:57.945-05:00 DEBUG 27472 --- [           main] org.hibernate.orm.sql.ast.tree           : SQL AST Tree:
    SelectStatement {
      FromClause {
        StandardTableGroup (a1 : com.cash_flow_app.apicashflow.entities_repositories_and_services.base.authority.Authority(35202161494041)) {
          primaryTableReference : authorities as a1_0
        }
      }
    }

2023-11-28T22:11:57.945-05:00 DEBUG 27472 --- [           main] o.h.e.i.AbstractFlushingEventListener    : Processing flush-time cascades
2023-11-28T22:11:57.945-05:00 DEBUG 27472 --- [           main] o.h.e.i.AbstractFlushingEventListener    : Dirty checking collections
2023-11-28T22:11:57.945-05:00 DEBUG 27472 --- [           main] o.h.e.i.AbstractFlushingEventListener    : Flushed: 0 insertions, 0 updates, 0 deletions to 6 objects
2023-11-28T22:11:57.945-05:00 DEBUG 27472 --- [           main] o.h.e.i.AbstractFlushingEventListener    : Flushed: 0 (re)creations, 0 updates, 0 removals to 0 collections
2023-11-28T22:11:57.945-05:00 DEBUG 27472 --- [           main] o.hibernate.internal.util.EntityPrinter  : Listing entities:
2023-11-28T22:11:57.945-05:00 DEBUG 27472 --- [           main] o.hibernate.internal.util.EntityPrinter  : com.cash_flow_app.apicashflow.entities_repositories_and_services.base.authority.Authority{endpoint=User, permission=CREATE, id=f4f135be-a2b5-48d1-a9d0-2b14e82cc373}
2023-11-28T22:11:57.945-05:00 DEBUG 27472 --- [           main] o.hibernate.internal.util.EntityPrinter  : com.cash_flow_app.apicashflow.entities_repositories_and_services.base.authority.Authority{endpoint=User, permission=READ, id=35481739-2447-454f-8ec3-daf467bb2ae5}
2023-11-28T22:11:57.945-05:00 DEBUG 27472 --- [           main] o.hibernate.internal.util.EntityPrinter  : com.cash_flow_app.apicashflow.entities_repositories_and_services.base.authority.Authority{endpoint=IncomeExpense, permission=CREATE, id=4de61a19-9cab-469d-856c-169a503a3f70}
2023-11-28T22:11:57.945-05:00 DEBUG 27472 --- [           main] o.hibernate.internal.util.EntityPrinter  : com.cash_flow_app.apicashflow.entities_repositories_and_services.base.authority.Authority{endpoint=Account, permission=DELETE, id=363894b3-8bdc-4764-ad13-d91f872e1a95}
2023-11-28T22:11:57.945-05:00 DEBUG 27472 --- [           main] o.hibernate.internal.util.EntityPrinter  : com.cash_flow_app.apicashflow.entities_repositories_and_services.base.authority.Authority{endpoint=Account, permission=CREATE, id=9aaf7d40-45f6-4ab6-90a9-a23f4c1b5f2f}
2023-11-28T22:11:57.945-05:00 DEBUG 27472 --- [           main] o.hibernate.internal.util.EntityPrinter  : com.cash_flow_app.apicashflow.entities_repositories_and_services.base.authority.Authority{endpoint=Account, permission=READ, id=b14a62f4-d04f-422a-a2a3-1f80e2635352}
2023-11-28T22:11:57.945-05:00 DEBUG 27472 --- [           main] org.hibernate.orm.sql.exec               : Skipping reading Query result cache data: cache-enabled = false, cache-mode = NORMAL
2023-11-28T22:11:57.945-05:00 DEBUG 27472 --- [           main] org.hibernate.orm.results                : Initializer list
2023-11-28T22:11:57.945-05:00 DEBUG 27472 --- [           main] org.hibernate.orm.results                :     com.cash_flow_app.apicashflow.entities_repositories_and_services.base.authority.Authority(35202161494041) -> EntityResultInitializer(com.cash_flow_app.apicashflow.entities_repositories_and_services.base.authority.Authority(35202161494041))@1917800791 (SingleTableEntityPersister(com.cash_flow_app.apicashflow.entities_repositories_and_services.base.authority.Authority))
2023-11-28T22:11:57.945-05:00 DEBUG 27472 --- [           main] org.hibernate.SQL                        : 
    select
        a1_0.id,
        a1_0.endpoint,
        a1_0.permission 
    from
        authorities a1_0 
    where
        a1_0.permission=? 
        and a1_0.endpoint=?
2023-11-28T22:11:57.945-05:00 DEBUG 27472 --- [           main] org.hibernate.orm.results                : Extracted JDBC value [0] - [af9e383e-4459-4719-802e-94a22944b4b7]
2023-11-28T22:11:57.945-05:00 DEBUG 27472 --- [           main] o.hibernate.orm.results.loading.entity   : (EntityResultInitializer) Hydrated EntityKey (com.cash_flow_app.apicashflow.entities_repositories_and_services.base.authority.Authority(35202161494041)): af9e383e-4459-4719-802e-94a22944b4b7
2023-11-28T22:11:57.945-05:00 DEBUG 27472 --- [           main] o.hibernate.orm.results.loading.entity   : (EntityResultInitializer) Created new entity instance [com.cash_flow_app.apicashflow.entities_repositories_and_services.base.authority.Authority(35202161494041)#af9e383e-4459-4719-802e-94a22944b4b7] : com.cash_flow_app.apicashflow.entities_repositories_and_services.base.authority.Authority@4861df70
2023-11-28T22:11:57.945-05:00 DEBUG 27472 --- [           main] org.hibernate.orm.results                : Extracted JDBC value [1] - [IncomeExpense]
2023-11-28T22:11:57.945-05:00 DEBUG 27472 --- [           main] org.hibernate.orm.results                : Extracted JDBC value [2] - [READ]
2023-11-28T22:11:57.945-05:00 DEBUG 27472 --- [           main] o.hibernate.orm.results.loading.entity   : (EntityResultInitializer) Done materializing entityInstance : com.cash_flow_app.apicashflow.entities_repositories_and_services.base.authority.Authority(35202161494041)#af9e383e-4459-4719-802e-94a22944b4b7
2023-11-28T22:11:57.945-05:00 DEBUG 27472 --- [           main] org.hibernate.orm.results.loading        : Calling top-level assembler (0 / 1) : org.hibernate.sql.results.graph.entity.internal.EntityAssembler@402ceac2
2023-11-28T22:11:57.945-05:00 DEBUG 27472 --- [           main] org.hibernate.orm.sql.ast.create         : Created new SQL alias : a1_0
2023-11-28T22:11:57.945-05:00 DEBUG 27472 --- [           main] org.hibernate.orm.sql.ast.create         : Registration of TableGroup [StandardTableGroup(com.cash_flow_app.apicashflow.entities_repositories_and_services.base.authority.Authority(35202161494041))] with identifierForTableGroup [com.cash_flow_app.apicashflow.entities_repositories_and_services.base.authority.Authority] for NavigablePath [com.cash_flow_app.apicashflow.entities_repositories_and_services.base.authority.Authority] 
2023-11-28T22:11:57.945-05:00 DEBUG 27472 --- [           main] o.h.q.sqm.sql.BaseSqmToSqlAstConverter   : Determining mapping-model type for SqmParameter : org.hibernate.query.sqm.tree.expression.SqmJpaCriteriaParameterWrapper@1613e5ab
2023-11-28T22:11:57.946-05:00 DEBUG 27472 --- [           main] o.h.q.sqm.sql.BaseSqmToSqlAstConverter   : Determining mapping-model type for SqmPath : SqmBasicValuedSimplePath(com.cash_flow_app.apicashflow.entities_repositories_and_services.base.authority.Authority(35202161494041).permission) 
2023-11-28T22:11:57.946-05:00 DEBUG 27472 --- [           main] o.h.q.sqm.sql.BaseSqmToSqlAstConverter   : Determining mapping-model type for SqmParameter : org.hibernate.query.sqm.tree.expression.SqmJpaCriteriaParameterWrapper@580930b7
2023-11-28T22:11:57.946-05:00 DEBUG 27472 --- [           main] o.h.q.sqm.sql.BaseSqmToSqlAstConverter   : Determining mapping-model type for SqmPath : SqmBasicValuedSimplePath(com.cash_flow_app.apicashflow.entities_repositories_and_services.base.authority.Authority(35202161494041).endpoint) 
2023-11-28T22:11:57.946-05:00 DEBUG 27472 --- [           main] org.hibernate.orm.results.graph.AST      : DomainResult Graph:
 \-EntityResultImpl [com.cash_flow_app.apicashflow.entities_repositories_and_services.base.authority.Authority(35202161494041)]
 |  +-BasicFetch [com.cash_flow_app.apicashflow.entities_repositories_and_services.base.authority.Authority(35202161494041).endpoint]
 |  \-BasicFetch [com.cash_flow_app.apicashflow.entities_repositories_and_services.base.authority.Authority(35202161494041).permission]

2023-11-28T22:11:57.946-05:00 DEBUG 27472 --- [           main] org.hibernate.orm.sql.ast.tree           : SQL AST Tree:
    SelectStatement {
      FromClause {
        StandardTableGroup (a1 : com.cash_flow_app.apicashflow.entities_repositories_and_services.base.authority.Authority(35202161494041)) {
          primaryTableReference : authorities as a1_0
        }
      }
    }

2023-11-28T22:11:57.946-05:00 DEBUG 27472 --- [           main] o.h.e.i.AbstractFlushingEventListener    : Processing flush-time cascades
2023-11-28T22:11:57.946-05:00 DEBUG 27472 --- [           main] o.h.e.i.AbstractFlushingEventListener    : Dirty checking collections
2023-11-28T22:11:57.946-05:00 DEBUG 27472 --- [           main] o.h.e.i.AbstractFlushingEventListener    : Flushed: 0 insertions, 0 updates, 0 deletions to 7 objects
2023-11-28T22:11:57.946-05:00 DEBUG 27472 --- [           main] o.h.e.i.AbstractFlushingEventListener    : Flushed: 0 (re)creations, 0 updates, 0 removals to 0 collections
2023-11-28T22:11:57.946-05:00 DEBUG 27472 --- [           main] o.hibernate.internal.util.EntityPrinter  : Listing entities:
2023-11-28T22:11:57.946-05:00 DEBUG 27472 --- [           main] o.hibernate.internal.util.EntityPrinter  : com.cash_flow_app.apicashflow.entities_repositories_and_services.base.authority.Authority{endpoint=User, permission=CREATE, id=f4f135be-a2b5-48d1-a9d0-2b14e82cc373}
2023-11-28T22:11:57.946-05:00 DEBUG 27472 --- [           main] o.hibernate.internal.util.EntityPrinter  : com.cash_flow_app.apicashflow.entities_repositories_and_services.base.authority.Authority{endpoint=User, permission=READ, id=35481739-2447-454f-8ec3-daf467bb2ae5}
2023-11-28T22:11:57.946-05:00 DEBUG 27472 --- [           main] o.hibernate.internal.util.EntityPrinter  : com.cash_flow_app.apicashflow.entities_repositories_and_services.base.authority.Authority{endpoint=IncomeExpense, permission=CREATE, id=4de61a19-9cab-469d-856c-169a503a3f70}
2023-11-28T22:11:57.946-05:00 DEBUG 27472 --- [           main] o.hibernate.internal.util.EntityPrinter  : com.cash_flow_app.apicashflow.entities_repositories_and_services.base.authority.Authority{endpoint=Account, permission=DELETE, id=363894b3-8bdc-4764-ad13-d91f872e1a95}
2023-11-28T22:11:57.946-05:00 DEBUG 27472 --- [           main] o.hibernate.internal.util.EntityPrinter  : com.cash_flow_app.apicashflow.entities_repositories_and_services.base.authority.Authority{endpoint=Account, permission=CREATE, id=9aaf7d40-45f6-4ab6-90a9-a23f4c1b5f2f}
2023-11-28T22:11:57.946-05:00 DEBUG 27472 --- [           main] o.hibernate.internal.util.EntityPrinter  : com.cash_flow_app.apicashflow.entities_repositories_and_services.base.authority.Authority{endpoint=Account, permission=READ, id=b14a62f4-d04f-422a-a2a3-1f80e2635352}
2023-11-28T22:11:57.946-05:00 DEBUG 27472 --- [           main] o.hibernate.internal.util.EntityPrinter  : com.cash_flow_app.apicashflow.entities_repositories_and_services.base.authority.Authority{endpoint=IncomeExpense, permission=READ, id=af9e383e-4459-4719-802e-94a22944b4b7}
2023-11-28T22:11:57.946-05:00 DEBUG 27472 --- [           main] org.hibernate.orm.sql.exec               : Skipping reading Query result cache data: cache-enabled = false, cache-mode = NORMAL
2023-11-28T22:11:57.946-05:00 DEBUG 27472 --- [           main] org.hibernate.orm.results                : Initializer list
2023-11-28T22:11:57.946-05:00 DEBUG 27472 --- [           main] org.hibernate.orm.results                :     com.cash_flow_app.apicashflow.entities_repositories_and_services.base.authority.Authority(35202161494041) -> EntityResultInitializer(com.cash_flow_app.apicashflow.entities_repositories_and_services.base.authority.Authority(35202161494041))@555936612 (SingleTableEntityPersister(com.cash_flow_app.apicashflow.entities_repositories_and_services.base.authority.Authority))
2023-11-28T22:11:57.946-05:00 DEBUG 27472 --- [           main] org.hibernate.SQL                        : 
    select
        a1_0.id,
        a1_0.endpoint,
        a1_0.permission 
    from
        authorities a1_0 
    where
        a1_0.permission=? 
        and a1_0.endpoint=?
2023-11-28T22:11:57.946-05:00 DEBUG 27472 --- [           main] org.hibernate.orm.results                : Extracted JDBC value [0] - [51c645c0-dc8a-45f9-88d1-533e63701dbe]
2023-11-28T22:11:57.946-05:00 DEBUG 27472 --- [           main] o.hibernate.orm.results.loading.entity   : (EntityResultInitializer) Hydrated EntityKey (com.cash_flow_app.apicashflow.entities_repositories_and_services.base.authority.Authority(35202161494041)): 51c645c0-dc8a-45f9-88d1-533e63701dbe
2023-11-28T22:11:57.946-05:00 DEBUG 27472 --- [           main] o.hibernate.orm.results.loading.entity   : (EntityResultInitializer) Created new entity instance [com.cash_flow_app.apicashflow.entities_repositories_and_services.base.authority.Authority(35202161494041)#51c645c0-dc8a-45f9-88d1-533e63701dbe] : com.cash_flow_app.apicashflow.entities_repositories_and_services.base.authority.Authority@2511ddb7
2023-11-28T22:11:57.946-05:00 DEBUG 27472 --- [           main] org.hibernate.orm.results                : Extracted JDBC value [1] - [IncomeExpense]
2023-11-28T22:11:57.946-05:00 DEBUG 27472 --- [           main] org.hibernate.orm.results                : Extracted JDBC value [2] - [DELETE]
2023-11-28T22:11:57.946-05:00 DEBUG 27472 --- [           main] o.hibernate.orm.results.loading.entity   : (EntityResultInitializer) Done materializing entityInstance : com.cash_flow_app.apicashflow.entities_repositories_and_services.base.authority.Authority(35202161494041)#51c645c0-dc8a-45f9-88d1-533e63701dbe
2023-11-28T22:11:57.946-05:00 DEBUG 27472 --- [           main] org.hibernate.orm.results.loading        : Calling top-level assembler (0 / 1) : org.hibernate.sql.results.graph.entity.internal.EntityAssembler@13de7bba
2023-11-28T22:11:57.946-05:00 DEBUG 27472 --- [           main] org.hibernate.orm.sql.ast.create         : Created new SQL alias : a1_0
2023-11-28T22:11:57.946-05:00 DEBUG 27472 --- [           main] org.hibernate.orm.sql.ast.create         : Registration of TableGroup [StandardTableGroup(com.cash_flow_app.apicashflow.entities_repositories_and_services.base.authority.Authority(35202161494041))] with identifierForTableGroup [com.cash_flow_app.apicashflow.entities_repositories_and_services.base.authority.Authority] for NavigablePath [com.cash_flow_app.apicashflow.entities_repositories_and_services.base.authority.Authority] 
2023-11-28T22:11:57.946-05:00 DEBUG 27472 --- [           main] o.h.q.sqm.sql.BaseSqmToSqlAstConverter   : Determining mapping-model type for SqmParameter : org.hibernate.query.sqm.tree.expression.SqmJpaCriteriaParameterWrapper@142c0c3e
2023-11-28T22:11:57.946-05:00 DEBUG 27472 --- [           main] o.h.q.sqm.sql.BaseSqmToSqlAstConverter   : Determining mapping-model type for SqmPath : SqmBasicValuedSimplePath(com.cash_flow_app.apicashflow.entities_repositories_and_services.base.authority.Authority(35202161494041).permission) 
2023-11-28T22:11:57.946-05:00 DEBUG 27472 --- [           main] o.h.q.sqm.sql.BaseSqmToSqlAstConverter   : Determining mapping-model type for SqmParameter : org.hibernate.query.sqm.tree.expression.SqmJpaCriteriaParameterWrapper@23d5c418
2023-11-28T22:11:57.946-05:00 DEBUG 27472 --- [           main] o.h.q.sqm.sql.BaseSqmToSqlAstConverter   : Determining mapping-model type for SqmPath : SqmBasicValuedSimplePath(com.cash_flow_app.apicashflow.entities_repositories_and_services.base.authority.Authority(35202161494041).endpoint) 
2023-11-28T22:11:57.946-05:00 DEBUG 27472 --- [           main] org.hibernate.orm.results.graph.AST      : DomainResult Graph:
 \-EntityResultImpl [com.cash_flow_app.apicashflow.entities_repositories_and_services.base.authority.Authority(35202161494041)]
 |  +-BasicFetch [com.cash_flow_app.apicashflow.entities_repositories_and_services.base.authority.Authority(35202161494041).endpoint]
 |  \-BasicFetch [com.cash_flow_app.apicashflow.entities_repositories_and_services.base.authority.Authority(35202161494041).permission]

2023-11-28T22:11:57.946-05:00 DEBUG 27472 --- [           main] org.hibernate.orm.sql.ast.tree           : SQL AST Tree:
    SelectStatement {
      FromClause {
        StandardTableGroup (a1 : com.cash_flow_app.apicashflow.entities_repositories_and_services.base.authority.Authority(35202161494041)) {
          primaryTableReference : authorities as a1_0
        }
      }
    }

2023-11-28T22:11:57.946-05:00 DEBUG 27472 --- [           main] o.h.e.i.AbstractFlushingEventListener    : Processing flush-time cascades
2023-11-28T22:11:57.946-05:00 DEBUG 27472 --- [           main] o.h.e.i.AbstractFlushingEventListener    : Dirty checking collections
2023-11-28T22:11:57.946-05:00 DEBUG 27472 --- [           main] o.h.e.i.AbstractFlushingEventListener    : Flushed: 0 insertions, 0 updates, 0 deletions to 8 objects
2023-11-28T22:11:57.946-05:00 DEBUG 27472 --- [           main] o.h.e.i.AbstractFlushingEventListener    : Flushed: 0 (re)creations, 0 updates, 0 removals to 0 collections
2023-11-28T22:11:57.946-05:00 DEBUG 27472 --- [           main] o.hibernate.internal.util.EntityPrinter  : Listing entities:
2023-11-28T22:11:57.946-05:00 DEBUG 27472 --- [           main] o.hibernate.internal.util.EntityPrinter  : com.cash_flow_app.apicashflow.entities_repositories_and_services.base.authority.Authority{endpoint=User, permission=CREATE, id=f4f135be-a2b5-48d1-a9d0-2b14e82cc373}
2023-11-28T22:11:57.946-05:00 DEBUG 27472 --- [           main] o.hibernate.internal.util.EntityPrinter  : com.cash_flow_app.apicashflow.entities_repositories_and_services.base.authority.Authority{endpoint=User, permission=READ, id=35481739-2447-454f-8ec3-daf467bb2ae5}
2023-11-28T22:11:57.946-05:00 DEBUG 27472 --- [           main] o.hibernate.internal.util.EntityPrinter  : com.cash_flow_app.apicashflow.entities_repositories_and_services.base.authority.Authority{endpoint=IncomeExpense, permission=CREATE, id=4de61a19-9cab-469d-856c-169a503a3f70}
2023-11-28T22:11:57.946-05:00 DEBUG 27472 --- [           main] o.hibernate.internal.util.EntityPrinter  : com.cash_flow_app.apicashflow.entities_repositories_and_services.base.authority.Authority{endpoint=Account, permission=DELETE, id=363894b3-8bdc-4764-ad13-d91f872e1a95}
2023-11-28T22:11:57.946-05:00 DEBUG 27472 --- [           main] o.hibernate.internal.util.EntityPrinter  : com.cash_flow_app.apicashflow.entities_repositories_and_services.base.authority.Authority{endpoint=IncomeExpense, permission=DELETE, id=51c645c0-dc8a-45f9-88d1-533e63701dbe}
2023-11-28T22:11:57.946-05:00 DEBUG 27472 --- [           main] o.hibernate.internal.util.EntityPrinter  : com.cash_flow_app.apicashflow.entities_repositories_and_services.base.authority.Authority{endpoint=Account, permission=CREATE, id=9aaf7d40-45f6-4ab6-90a9-a23f4c1b5f2f}
2023-11-28T22:11:57.946-05:00 DEBUG 27472 --- [           main] o.hibernate.internal.util.EntityPrinter  : com.cash_flow_app.apicashflow.entities_repositories_and_services.base.authority.Authority{endpoint=Account, permission=READ, id=b14a62f4-d04f-422a-a2a3-1f80e2635352}
2023-11-28T22:11:57.946-05:00 DEBUG 27472 --- [           main] o.hibernate.internal.util.EntityPrinter  : com.cash_flow_app.apicashflow.entities_repositories_and_services.base.authority.Authority{endpoint=IncomeExpense, permission=READ, id=af9e383e-4459-4719-802e-94a22944b4b7}
2023-11-28T22:11:57.946-05:00 DEBUG 27472 --- [           main] org.hibernate.orm.sql.exec               : Skipping reading Query result cache data: cache-enabled = false, cache-mode = NORMAL
2023-11-28T22:11:57.946-05:00 DEBUG 27472 --- [           main] org.hibernate.orm.results                : Initializer list
2023-11-28T22:11:57.946-05:00 DEBUG 27472 --- [           main] org.hibernate.orm.results                :     com.cash_flow_app.apicashflow.entities_repositories_and_services.base.authority.Authority(35202161494041) -> EntityResultInitializer(com.cash_flow_app.apicashflow.entities_repositories_and_services.base.authority.Authority(35202161494041))@295743208 (SingleTableEntityPersister(com.cash_flow_app.apicashflow.entities_repositories_and_services.base.authority.Authority))
2023-11-28T22:11:57.946-05:00 DEBUG 27472 --- [           main] org.hibernate.SQL                        : 
    select
        a1_0.id,
        a1_0.endpoint,
        a1_0.permission 
    from
        authorities a1_0 
    where
        a1_0.permission=? 
        and a1_0.endpoint=?
2023-11-28T22:11:57.947-05:00 DEBUG 27472 --- [           main] org.hibernate.orm.results                : Extracted JDBC value [0] - [bd7f10f2-85c9-49d0-9a90-f83a87d9cdae]
2023-11-28T22:11:57.947-05:00 DEBUG 27472 --- [           main] o.hibernate.orm.results.loading.entity   : (EntityResultInitializer) Hydrated EntityKey (com.cash_flow_app.apicashflow.entities_repositories_and_services.base.authority.Authority(35202161494041)): bd7f10f2-85c9-49d0-9a90-f83a87d9cdae
2023-11-28T22:11:57.947-05:00 DEBUG 27472 --- [           main] o.hibernate.orm.results.loading.entity   : (EntityResultInitializer) Created new entity instance [com.cash_flow_app.apicashflow.entities_repositories_and_services.base.authority.Authority(35202161494041)#bd7f10f2-85c9-49d0-9a90-f83a87d9cdae] : com.cash_flow_app.apicashflow.entities_repositories_and_services.base.authority.Authority@321325d7
2023-11-28T22:11:57.947-05:00 DEBUG 27472 --- [           main] org.hibernate.orm.results                : Extracted JDBC value [1] - [ScheduledAccount]
2023-11-28T22:11:57.947-05:00 DEBUG 27472 --- [           main] org.hibernate.orm.results                : Extracted JDBC value [2] - [CREATE]
2023-11-28T22:11:57.947-05:00 DEBUG 27472 --- [           main] o.hibernate.orm.results.loading.entity   : (EntityResultInitializer) Done materializing entityInstance : com.cash_flow_app.apicashflow.entities_repositories_and_services.base.authority.Authority(35202161494041)#bd7f10f2-85c9-49d0-9a90-f83a87d9cdae
2023-11-28T22:11:57.947-05:00 DEBUG 27472 --- [           main] org.hibernate.orm.results.loading        : Calling top-level assembler (0 / 1) : org.hibernate.sql.results.graph.entity.internal.EntityAssembler@26501a93
2023-11-28T22:11:57.947-05:00 DEBUG 27472 --- [           main] org.hibernate.orm.sql.ast.create         : Created new SQL alias : a1_0
2023-11-28T22:11:57.947-05:00 DEBUG 27472 --- [           main] org.hibernate.orm.sql.ast.create         : Registration of TableGroup [StandardTableGroup(com.cash_flow_app.apicashflow.entities_repositories_and_services.base.authority.Authority(35202161494041))] with identifierForTableGroup [com.cash_flow_app.apicashflow.entities_repositories_and_services.base.authority.Authority] for NavigablePath [com.cash_flow_app.apicashflow.entities_repositories_and_services.base.authority.Authority] 
2023-11-28T22:11:57.947-05:00 DEBUG 27472 --- [           main] o.h.q.sqm.sql.BaseSqmToSqlAstConverter   : Determining mapping-model type for SqmParameter : org.hibernate.query.sqm.tree.expression.SqmJpaCriteriaParameterWrapper@5dc1c1c1
2023-11-28T22:11:57.947-05:00 DEBUG 27472 --- [           main] o.h.q.sqm.sql.BaseSqmToSqlAstConverter   : Determining mapping-model type for SqmPath : SqmBasicValuedSimplePath(com.cash_flow_app.apicashflow.entities_repositories_and_services.base.authority.Authority(35202161494041).permission) 
2023-11-28T22:11:57.947-05:00 DEBUG 27472 --- [           main] o.h.q.sqm.sql.BaseSqmToSqlAstConverter   : Determining mapping-model type for SqmParameter : org.hibernate.query.sqm.tree.expression.SqmJpaCriteriaParameterWrapper@76577a33
2023-11-28T22:11:57.947-05:00 DEBUG 27472 --- [           main] o.h.q.sqm.sql.BaseSqmToSqlAstConverter   : Determining mapping-model type for SqmPath : SqmBasicValuedSimplePath(com.cash_flow_app.apicashflow.entities_repositories_and_services.base.authority.Authority(35202161494041).endpoint) 
2023-11-28T22:11:57.947-05:00 DEBUG 27472 --- [           main] org.hibernate.orm.results.graph.AST      : DomainResult Graph:
 \-EntityResultImpl [com.cash_flow_app.apicashflow.entities_repositories_and_services.base.authority.Authority(35202161494041)]
 |  +-BasicFetch [com.cash_flow_app.apicashflow.entities_repositories_and_services.base.authority.Authority(35202161494041).endpoint]
 |  \-BasicFetch [com.cash_flow_app.apicashflow.entities_repositories_and_services.base.authority.Authority(35202161494041).permission]

2023-11-28T22:11:57.947-05:00 DEBUG 27472 --- [           main] org.hibernate.orm.sql.ast.tree           : SQL AST Tree:
    SelectStatement {
      FromClause {
        StandardTableGroup (a1 : com.cash_flow_app.apicashflow.entities_repositories_and_services.base.authority.Authority(35202161494041)) {
          primaryTableReference : authorities as a1_0
        }
      }
    }

2023-11-28T22:11:57.947-05:00 DEBUG 27472 --- [           main] o.h.e.i.AbstractFlushingEventListener    : Processing flush-time cascades
2023-11-28T22:11:57.947-05:00 DEBUG 27472 --- [           main] o.h.e.i.AbstractFlushingEventListener    : Dirty checking collections
2023-11-28T22:11:57.947-05:00 DEBUG 27472 --- [           main] o.h.e.i.AbstractFlushingEventListener    : Flushed: 0 insertions, 0 updates, 0 deletions to 9 objects
2023-11-28T22:11:57.947-05:00 DEBUG 27472 --- [           main] o.h.e.i.AbstractFlushingEventListener    : Flushed: 0 (re)creations, 0 updates, 0 removals to 0 collections
2023-11-28T22:11:57.947-05:00 DEBUG 27472 --- [           main] o.hibernate.internal.util.EntityPrinter  : Listing entities:
2023-11-28T22:11:57.947-05:00 DEBUG 27472 --- [           main] o.hibernate.internal.util.EntityPrinter  : com.cash_flow_app.apicashflow.entities_repositories_and_services.base.authority.Authority{endpoint=User, permission=CREATE, id=f4f135be-a2b5-48d1-a9d0-2b14e82cc373}
2023-11-28T22:11:57.947-05:00 DEBUG 27472 --- [           main] o.hibernate.internal.util.EntityPrinter  : com.cash_flow_app.apicashflow.entities_repositories_and_services.base.authority.Authority{endpoint=User, permission=READ, id=35481739-2447-454f-8ec3-daf467bb2ae5}
2023-11-28T22:11:57.947-05:00 DEBUG 27472 --- [           main] o.hibernate.internal.util.EntityPrinter  : com.cash_flow_app.apicashflow.entities_repositories_and_services.base.authority.Authority{endpoint=IncomeExpense, permission=CREATE, id=4de61a19-9cab-469d-856c-169a503a3f70}
2023-11-28T22:11:57.947-05:00 DEBUG 27472 --- [           main] o.hibernate.internal.util.EntityPrinter  : com.cash_flow_app.apicashflow.entities_repositories_and_services.base.authority.Authority{endpoint=Account, permission=DELETE, id=363894b3-8bdc-4764-ad13-d91f872e1a95}
2023-11-28T22:11:57.947-05:00 DEBUG 27472 --- [           main] o.hibernate.internal.util.EntityPrinter  : com.cash_flow_app.apicashflow.entities_repositories_and_services.base.authority.Authority{endpoint=IncomeExpense, permission=DELETE, id=51c645c0-dc8a-45f9-88d1-533e63701dbe}
2023-11-28T22:11:57.947-05:00 DEBUG 27472 --- [           main] o.hibernate.internal.util.EntityPrinter  : com.cash_flow_app.apicashflow.entities_repositories_and_services.base.authority.Authority{endpoint=ScheduledAccount, permission=CREATE, id=bd7f10f2-85c9-49d0-9a90-f83a87d9cdae}
2023-11-28T22:11:57.947-05:00 DEBUG 27472 --- [           main] o.hibernate.internal.util.EntityPrinter  : com.cash_flow_app.apicashflow.entities_repositories_and_services.base.authority.Authority{endpoint=Account, permission=CREATE, id=9aaf7d40-45f6-4ab6-90a9-a23f4c1b5f2f}
2023-11-28T22:11:57.947-05:00 DEBUG 27472 --- [           main] o.hibernate.internal.util.EntityPrinter  : com.cash_flow_app.apicashflow.entities_repositories_and_services.base.authority.Authority{endpoint=Account, permission=READ, id=b14a62f4-d04f-422a-a2a3-1f80e2635352}
2023-11-28T22:11:57.947-05:00 DEBUG 27472 --- [           main] o.hibernate.internal.util.EntityPrinter  : com.cash_flow_app.apicashflow.entities_repositories_and_services.base.authority.Authority{endpoint=IncomeExpense, permission=READ, id=af9e383e-4459-4719-802e-94a22944b4b7}
2023-11-28T22:11:57.947-05:00 DEBUG 27472 --- [           main] org.hibernate.orm.sql.exec               : Skipping reading Query result cache data: cache-enabled = false, cache-mode = NORMAL
2023-11-28T22:11:57.947-05:00 DEBUG 27472 --- [           main] org.hibernate.orm.results                : Initializer list
2023-11-28T22:11:57.947-05:00 DEBUG 27472 --- [           main] org.hibernate.orm.results                :     com.cash_flow_app.apicashflow.entities_repositories_and_services.base.authority.Authority(35202161494041) -> EntityResultInitializer(com.cash_flow_app.apicashflow.entities_repositories_and_services.base.authority.Authority(35202161494041))@1602648430 (SingleTableEntityPersister(com.cash_flow_app.apicashflow.entities_repositories_and_services.base.authority.Authority))
2023-11-28T22:11:57.947-05:00 DEBUG 27472 --- [           main] org.hibernate.SQL                        : 
    select
        a1_0.id,
        a1_0.endpoint,
        a1_0.permission 
    from
        authorities a1_0 
    where
        a1_0.permission=? 
        and a1_0.endpoint=?
2023-11-28T22:11:57.947-05:00 DEBUG 27472 --- [           main] org.hibernate.orm.results                : Extracted JDBC value [0] - [fed8cd26-d658-4965-b57c-1be9bb9eb61c]
2023-11-28T22:11:57.947-05:00 DEBUG 27472 --- [           main] o.hibernate.orm.results.loading.entity   : (EntityResultInitializer) Hydrated EntityKey (com.cash_flow_app.apicashflow.entities_repositories_and_services.base.authority.Authority(35202161494041)): fed8cd26-d658-4965-b57c-1be9bb9eb61c
2023-11-28T22:11:57.947-05:00 DEBUG 27472 --- [           main] o.hibernate.orm.results.loading.entity   : (EntityResultInitializer) Created new entity instance [com.cash_flow_app.apicashflow.entities_repositories_and_services.base.authority.Authority(35202161494041)#fed8cd26-d658-4965-b57c-1be9bb9eb61c] : com.cash_flow_app.apicashflow.entities_repositories_and_services.base.authority.Authority@17c158ca
2023-11-28T22:11:57.947-05:00 DEBUG 27472 --- [           main] org.hibernate.orm.results                : Extracted JDBC value [1] - [ScheduledAccount]
2023-11-28T22:11:57.947-05:00 DEBUG 27472 --- [           main] org.hibernate.orm.results                : Extracted JDBC value [2] - [READ]
2023-11-28T22:11:57.947-05:00 DEBUG 27472 --- [           main] o.hibernate.orm.results.loading.entity   : (EntityResultInitializer) Done materializing entityInstance : com.cash_flow_app.apicashflow.entities_repositories_and_services.base.authority.Authority(35202161494041)#fed8cd26-d658-4965-b57c-1be9bb9eb61c
2023-11-28T22:11:57.947-05:00 DEBUG 27472 --- [           main] org.hibernate.orm.results.loading        : Calling top-level assembler (0 / 1) : org.hibernate.sql.results.graph.entity.internal.EntityAssembler@7b601e55
2023-11-28T22:11:57.948-05:00 DEBUG 27472 --- [           main] org.hibernate.orm.sql.ast.create         : Created new SQL alias : a1_0
2023-11-28T22:11:57.948-05:00 DEBUG 27472 --- [           main] org.hibernate.orm.sql.ast.create         : Registration of TableGroup [StandardTableGroup(com.cash_flow_app.apicashflow.entities_repositories_and_services.base.authority.Authority(35202161494041))] with identifierForTableGroup [com.cash_flow_app.apicashflow.entities_repositories_and_services.base.authority.Authority] for NavigablePath [com.cash_flow_app.apicashflow.entities_repositories_and_services.base.authority.Authority] 
2023-11-28T22:11:57.948-05:00 DEBUG 27472 --- [           main] o.h.q.sqm.sql.BaseSqmToSqlAstConverter   : Determining mapping-model type for SqmParameter : org.hibernate.query.sqm.tree.expression.SqmJpaCriteriaParameterWrapper@26309e6f
2023-11-28T22:11:57.948-05:00 DEBUG 27472 --- [           main] o.h.q.sqm.sql.BaseSqmToSqlAstConverter   : Determining mapping-model type for SqmPath : SqmBasicValuedSimplePath(com.cash_flow_app.apicashflow.entities_repositories_and_services.base.authority.Authority(35202161494041).permission) 
2023-11-28T22:11:57.948-05:00 DEBUG 27472 --- [           main] o.h.q.sqm.sql.BaseSqmToSqlAstConverter   : Determining mapping-model type for SqmParameter : org.hibernate.query.sqm.tree.expression.SqmJpaCriteriaParameterWrapper@1db8ec3
2023-11-28T22:11:57.948-05:00 DEBUG 27472 --- [           main] o.h.q.sqm.sql.BaseSqmToSqlAstConverter   : Determining mapping-model type for SqmPath : SqmBasicValuedSimplePath(com.cash_flow_app.apicashflow.entities_repositories_and_services.base.authority.Authority(35202161494041).endpoint) 
2023-11-28T22:11:57.948-05:00 DEBUG 27472 --- [           main] org.hibernate.orm.results.graph.AST      : DomainResult Graph:
 \-EntityResultImpl [com.cash_flow_app.apicashflow.entities_repositories_and_services.base.authority.Authority(35202161494041)]
 |  +-BasicFetch [com.cash_flow_app.apicashflow.entities_repositories_and_services.base.authority.Authority(35202161494041).endpoint]
 |  \-BasicFetch [com.cash_flow_app.apicashflow.entities_repositories_and_services.base.authority.Authority(35202161494041).permission]

2023-11-28T22:11:57.948-05:00 DEBUG 27472 --- [           main] org.hibernate.orm.sql.ast.tree           : SQL AST Tree:
    SelectStatement {
      FromClause {
        StandardTableGroup (a1 : com.cash_flow_app.apicashflow.entities_repositories_and_services.base.authority.Authority(35202161494041)) {
          primaryTableReference : authorities as a1_0
        }
      }
    }

2023-11-28T22:11:57.948-05:00 DEBUG 27472 --- [           main] o.h.e.i.AbstractFlushingEventListener    : Processing flush-time cascades
2023-11-28T22:11:57.948-05:00 DEBUG 27472 --- [           main] o.h.e.i.AbstractFlushingEventListener    : Dirty checking collections
2023-11-28T22:11:57.948-05:00 DEBUG 27472 --- [           main] o.h.e.i.AbstractFlushingEventListener    : Flushed: 0 insertions, 0 updates, 0 deletions to 10 objects
2023-11-28T22:11:57.948-05:00 DEBUG 27472 --- [           main] o.h.e.i.AbstractFlushingEventListener    : Flushed: 0 (re)creations, 0 updates, 0 removals to 0 collections
2023-11-28T22:11:57.948-05:00 DEBUG 27472 --- [           main] o.hibernate.internal.util.EntityPrinter  : Listing entities:
2023-11-28T22:11:57.948-05:00 DEBUG 27472 --- [           main] o.hibernate.internal.util.EntityPrinter  : com.cash_flow_app.apicashflow.entities_repositories_and_services.base.authority.Authority{endpoint=User, permission=CREATE, id=f4f135be-a2b5-48d1-a9d0-2b14e82cc373}
2023-11-28T22:11:57.948-05:00 DEBUG 27472 --- [           main] o.hibernate.internal.util.EntityPrinter  : com.cash_flow_app.apicashflow.entities_repositories_and_services.base.authority.Authority{endpoint=User, permission=READ, id=35481739-2447-454f-8ec3-daf467bb2ae5}
2023-11-28T22:11:57.948-05:00 DEBUG 27472 --- [           main] o.hibernate.internal.util.EntityPrinter  : com.cash_flow_app.apicashflow.entities_repositories_and_services.base.authority.Authority{endpoint=IncomeExpense, permission=CREATE, id=4de61a19-9cab-469d-856c-169a503a3f70}
2023-11-28T22:11:57.948-05:00 DEBUG 27472 --- [           main] o.hibernate.internal.util.EntityPrinter  : com.cash_flow_app.apicashflow.entities_repositories_and_services.base.authority.Authority{endpoint=Account, permission=DELETE, id=363894b3-8bdc-4764-ad13-d91f872e1a95}
2023-11-28T22:11:57.948-05:00 DEBUG 27472 --- [           main] o.hibernate.internal.util.EntityPrinter  : com.cash_flow_app.apicashflow.entities_repositories_and_services.base.authority.Authority{endpoint=IncomeExpense, permission=DELETE, id=51c645c0-dc8a-45f9-88d1-533e63701dbe}
2023-11-28T22:11:57.948-05:00 DEBUG 27472 --- [           main] o.hibernate.internal.util.EntityPrinter  : com.cash_flow_app.apicashflow.entities_repositories_and_services.base.authority.Authority{endpoint=ScheduledAccount, permission=READ, id=fed8cd26-d658-4965-b57c-1be9bb9eb61c}
2023-11-28T22:11:57.948-05:00 DEBUG 27472 --- [           main] o.hibernate.internal.util.EntityPrinter  : com.cash_flow_app.apicashflow.entities_repositories_and_services.base.authority.Authority{endpoint=ScheduledAccount, permission=CREATE, id=bd7f10f2-85c9-49d0-9a90-f83a87d9cdae}
2023-11-28T22:11:57.948-05:00 DEBUG 27472 --- [           main] o.hibernate.internal.util.EntityPrinter  : com.cash_flow_app.apicashflow.entities_repositories_and_services.base.authority.Authority{endpoint=Account, permission=CREATE, id=9aaf7d40-45f6-4ab6-90a9-a23f4c1b5f2f}
2023-11-28T22:11:57.948-05:00 DEBUG 27472 --- [           main] o.hibernate.internal.util.EntityPrinter  : com.cash_flow_app.apicashflow.entities_repositories_and_services.base.authority.Authority{endpoint=Account, permission=READ, id=b14a62f4-d04f-422a-a2a3-1f80e2635352}
2023-11-28T22:11:57.948-05:00 DEBUG 27472 --- [           main] o.hibernate.internal.util.EntityPrinter  : com.cash_flow_app.apicashflow.entities_repositories_and_services.base.authority.Authority{endpoint=IncomeExpense, permission=READ, id=af9e383e-4459-4719-802e-94a22944b4b7}
2023-11-28T22:11:57.948-05:00 DEBUG 27472 --- [           main] org.hibernate.orm.sql.exec               : Skipping reading Query result cache data: cache-enabled = false, cache-mode = NORMAL
2023-11-28T22:11:57.948-05:00 DEBUG 27472 --- [           main] org.hibernate.orm.results                : Initializer list
2023-11-28T22:11:57.948-05:00 DEBUG 27472 --- [           main] org.hibernate.orm.results                :     com.cash_flow_app.apicashflow.entities_repositories_and_services.base.authority.Authority(35202161494041) -> EntityResultInitializer(com.cash_flow_app.apicashflow.entities_repositories_and_services.base.authority.Authority(35202161494041))@414821585 (SingleTableEntityPersister(com.cash_flow_app.apicashflow.entities_repositories_and_services.base.authority.Authority))
2023-11-28T22:11:57.948-05:00 DEBUG 27472 --- [           main] org.hibernate.SQL                        : 
    select
        a1_0.id,
        a1_0.endpoint,
        a1_0.permission 
    from
        authorities a1_0 
    where
        a1_0.permission=? 
        and a1_0.endpoint=?
2023-11-28T22:11:57.948-05:00 DEBUG 27472 --- [           main] org.hibernate.orm.results                : Extracted JDBC value [0] - [76cfdeb6-c100-4ed8-bb40-d15e53690430]
2023-11-28T22:11:57.948-05:00 DEBUG 27472 --- [           main] o.hibernate.orm.results.loading.entity   : (EntityResultInitializer) Hydrated EntityKey (com.cash_flow_app.apicashflow.entities_repositories_and_services.base.authority.Authority(35202161494041)): 76cfdeb6-c100-4ed8-bb40-d15e53690430
2023-11-28T22:11:57.948-05:00 DEBUG 27472 --- [           main] o.hibernate.orm.results.loading.entity   : (EntityResultInitializer) Created new entity instance [com.cash_flow_app.apicashflow.entities_repositories_and_services.base.authority.Authority(35202161494041)#76cfdeb6-c100-4ed8-bb40-d15e53690430] : com.cash_flow_app.apicashflow.entities_repositories_and_services.base.authority.Authority@2360414f
2023-11-28T22:11:57.948-05:00 DEBUG 27472 --- [           main] org.hibernate.orm.results                : Extracted JDBC value [1] - [ScheduledAccount]
2023-11-28T22:11:57.948-05:00 DEBUG 27472 --- [           main] org.hibernate.orm.results                : Extracted JDBC value [2] - [DELETE]
2023-11-28T22:11:57.948-05:00 DEBUG 27472 --- [           main] o.hibernate.orm.results.loading.entity   : (EntityResultInitializer) Done materializing entityInstance : com.cash_flow_app.apicashflow.entities_repositories_and_services.base.authority.Authority(35202161494041)#76cfdeb6-c100-4ed8-bb40-d15e53690430
2023-11-28T22:11:57.948-05:00 DEBUG 27472 --- [           main] org.hibernate.orm.results.loading        : Calling top-level assembler (0 / 1) : org.hibernate.sql.results.graph.entity.internal.EntityAssembler@76eabed6
2023-11-28T22:11:58.024-05:00 DEBUG 27472 --- [           main] o.s.orm.jpa.JpaTransactionManager        : Found thread-bound EntityManager [SessionImpl(1339114893<open>)] for JPA transaction
2023-11-28T22:11:58.024-05:00 DEBUG 27472 --- [           main] o.s.orm.jpa.JpaTransactionManager        : Participating in existing transaction
2023-11-28T22:11:58.024-05:00 DEBUG 27472 --- [           main] o.h.j.internal.PersistenceUnitUtilImpl   : jakarta.persistence.PersistenceUnitUtil.getIdentifier is only intended to work with enhanced entities (although Hibernate also adapts this support to its proxies); however the passed entity was not enhanced (nor a proxy).. may not be able to read identifier
2023-11-28T22:11:58.024-05:00 DEBUG 27472 --- [           main] o.h.e.i.AbstractSaveEventListener        : Generated identifier: 8f10c50d-448c-4bcb-922b-3de7474080c9, using strategy: org.hibernate.id.UUIDGenerator
2023-11-28T22:11:58.025-05:00 DEBUG 27472 --- [           main] o.s.w.s.m.m.a.HttpEntityMethodProcessor  : Using 'application/json', given [*/*] and supported [application/json, application/*+json]
2023-11-28T22:11:58.025-05:00 DEBUG 27472 --- [           main] o.s.w.s.m.m.a.HttpEntityMethodProcessor  : Writing [UserResponseDto(username=usuario_test, password=null, token_auth=eyJhbGciOiJIUzUxMiJ9.eyJzdWIiOiJ1c3 (truncated)...]
2023-11-28T22:11:58.025-05:00 DEBUG 27472 --- [           main] o.s.t.web.servlet.TestDispatcherServlet  : Completed 200 OK
2023-11-28T22:11:58.026-05:00 DEBUG 27472 --- [           main] o.s.test.util.ReflectionTestUtils        : Invoking method 'getFilters' on target object [FilterChainProxy[Filter Chains: [DefaultSecurityFilterChain [RequestMatcher=any request, Filters=[org.springframework.security.web.session.DisableEncodeUrlFilter@120e3ebb, org.springframework.security.web.session.ForceEagerSessionCreationFilter@753f1c3e, org.springframework.security.web.context.request.async.WebAsyncManagerIntegrationFilter@5e9af5d4, org.springframework.security.web.context.SecurityContextHolderFilter@1d18e5ad, org.springframework.security.web.header.HeaderWriterFilter@73b68d98, org.springframework.web.filter.CorsFilter@7863e6b2, org.springframework.security.web.authentication.logout.LogoutFilter@1e5a8278, JWTAuthorizationFilter(loginService=com.cash_flow_app.apicashflow.entities_repositories_and_services.base.security.LoginService@508b9c16), com.cash_flow_app.apicashflow.entities_repositories_and_services.base.security.JWTAuthenticationFilter@6fd2b939, org.springframework.security.web.savedrequest.RequestCacheAwareFilter@11def039, org.springframework.security.web.servletapi.SecurityContextHolderAwareRequestFilter@564375d7, org.springframework.security.web.authentication.AnonymousAuthenticationFilter@c4aa99e, org.springframework.security.web.session.SessionManagementFilter@69af6978, org.springframework.security.web.access.ExceptionTranslationFilter@4469046b, org.springframework.security.web.access.intercept.AuthorizationFilter@588d2e90]]]]] or target class [null] with arguments {org.springframework.mock.web.MockHttpServletRequest@279063c7}
2023-11-28T22:11:58.026-05:00 DEBUG 27472 --- [           main] o.s.test.util.ReflectionTestUtils        : Invoking method 'getFilters' on target object [FilterChainProxy[Filter Chains: [DefaultSecurityFilterChain [RequestMatcher=any request, Filters=[org.springframework.security.web.session.DisableEncodeUrlFilter@120e3ebb, org.springframework.security.web.session.ForceEagerSessionCreationFilter@753f1c3e, org.springframework.security.web.context.request.async.WebAsyncManagerIntegrationFilter@5e9af5d4, org.springframework.security.web.context.SecurityContextHolderFilter@1d18e5ad, org.springframework.security.web.header.HeaderWriterFilter@73b68d98, org.springframework.web.filter.CorsFilter@7863e6b2, org.springframework.security.web.authentication.logout.LogoutFilter@1e5a8278, JWTAuthorizationFilter(loginService=com.cash_flow_app.apicashflow.entities_repositories_and_services.base.security.LoginService@508b9c16), com.cash_flow_app.apicashflow.entities_repositories_and_services.base.security.JWTAuthenticationFilter@6fd2b939, org.springframework.security.web.savedrequest.RequestCacheAwareFilter@11def039, org.springframework.security.web.servletapi.SecurityContextHolderAwareRequestFilter@564375d7, org.springframework.security.web.authentication.AnonymousAuthenticationFilter@c4aa99e, org.springframework.security.web.session.SessionManagementFilter@69af6978, org.springframework.security.web.access.ExceptionTranslationFilter@4469046b, org.springframework.security.web.access.intercept.AuthorizationFilter@588d2e90]]]]] or target class [null] with arguments {org.springframework.mock.web.MockHttpServletRequest@279063c7}
2023-11-28T22:11:58.026-05:00 DEBUG 27472 --- [           main] o.s.test.util.ReflectionTestUtils        : Invoking method 'getFilters' on target object [FilterChainProxy[Filter Chains: [DefaultSecurityFilterChain [RequestMatcher=any request, Filters=[org.springframework.security.web.session.DisableEncodeUrlFilter@120e3ebb, org.springframework.security.web.session.ForceEagerSessionCreationFilter@753f1c3e, org.springframework.security.web.context.request.async.WebAsyncManagerIntegrationFilter@5e9af5d4, org.springframework.security.web.context.SecurityContextHolderFilter@1d18e5ad, org.springframework.security.web.header.HeaderWriterFilter@73b68d98, org.springframework.web.filter.CorsFilter@7863e6b2, org.springframework.security.web.authentication.logout.LogoutFilter@1e5a8278, JWTAuthorizationFilter(loginService=com.cash_flow_app.apicashflow.entities_repositories_and_services.base.security.LoginService@508b9c16), com.cash_flow_app.apicashflow.entities_repositories_and_services.base.security.JWTAuthenticationFilter@6fd2b939, org.springframework.security.web.savedrequest.RequestCacheAwareFilter@11def039, org.springframework.security.web.servletapi.SecurityContextHolderAwareRequestFilter@564375d7, org.springframework.security.web.authentication.AnonymousAuthenticationFilter@c4aa99e, org.springframework.security.web.session.SessionManagementFilter@69af6978, org.springframework.security.web.access.ExceptionTranslationFilter@4469046b, org.springframework.security.web.access.intercept.AuthorizationFilter@588d2e90]]]]] or target class [null] with arguments {org.springframework.mock.web.MockHttpServletRequest@279063c7}
2023-11-28T22:11:58.027-05:00 DEBUG 27472 --- [           main] o.s.security.web.FilterChainProxy        : Securing POST /api/v1/user/login
2023-11-28T22:11:58.027-05:00 DEBUG 27472 --- [           main] .s.s.w.s.ForceEagerSessionCreationFilter : Created session eagerly
2023-11-28T22:11:58.027-05:00 DEBUG 27472 --- [           main] org.hibernate.orm.sql.ast.create         : Created new SQL alias : u1_0
2023-11-28T22:11:58.027-05:00 DEBUG 27472 --- [           main] org.hibernate.orm.sql.ast.create         : Registration of TableGroup [StandardTableGroup(com.cash_flow_app.apicashflow.entities_repositories_and_services.base.user.User(35202153502500))] with identifierForTableGroup [com.cash_flow_app.apicashflow.entities_repositories_and_services.base.user.User] for NavigablePath [com.cash_flow_app.apicashflow.entities_repositories_and_services.base.user.User] 
2023-11-28T22:11:58.028-05:00 DEBUG 27472 --- [           main] o.h.q.sqm.sql.BaseSqmToSqlAstConverter   : Determining mapping-model type for SqmParameter : org.hibernate.query.sqm.tree.expression.SqmJpaCriteriaParameterWrapper@784df46e
2023-11-28T22:11:58.028-05:00 DEBUG 27472 --- [           main] o.h.q.sqm.sql.BaseSqmToSqlAstConverter   : Determining mapping-model type for SqmPath : SqmBasicValuedSimplePath(com.cash_flow_app.apicashflow.entities_repositories_and_services.base.user.User(35202153502500).username) 
2023-11-28T22:11:58.028-05:00 DEBUG 27472 --- [           main] org.hibernate.orm.results.graph.AST      : DomainResult Graph:
 \-EntityResultImpl [com.cash_flow_app.apicashflow.entities_repositories_and_services.base.user.User(35202153502500)]
 |  +-SelectEagerCollectionFetch [com.cash_flow_app.apicashflow.entities_repositories_and_services.base.user.User(35202153502500).accounts]
 |  +-SelectEagerCollectionFetch [com.cash_flow_app.apicashflow.entities_repositories_and_services.base.user.User(35202153502500).authorities]
 |  +-BasicFetch [com.cash_flow_app.apicashflow.entities_repositories_and_services.base.user.User(35202153502500).password]
 |  \-BasicFetch [com.cash_flow_app.apicashflow.entities_repositories_and_services.base.user.User(35202153502500).username]

2023-11-28T22:11:58.028-05:00 DEBUG 27472 --- [           main] org.hibernate.orm.sql.ast.tree           : SQL AST Tree:
    SelectStatement {
      FromClause {
        StandardTableGroup (u1 : com.cash_flow_app.apicashflow.entities_repositories_and_services.base.user.User(35202153502500)) {
          primaryTableReference : users as u1_0
        }
      }
    }

2023-11-28T22:11:58.028-05:00 DEBUG 27472 --- [           main] o.h.e.i.AbstractFlushingEventListener    : Processing flush-time cascades
2023-11-28T22:11:58.028-05:00 DEBUG 27472 --- [           main] o.h.e.i.AbstractFlushingEventListener    : Dirty checking collections
2023-11-28T22:11:58.028-05:00 DEBUG 27472 --- [           main] o.hibernate.engine.internal.Collections  : Collection found: [com.cash_flow_app.apicashflow.entities_repositories_and_services.base.user.User.authorities#8f10c50d-448c-4bcb-922b-3de7474080c9], was: [<unreferenced>] (initialized)
2023-11-28T22:11:58.028-05:00 DEBUG 27472 --- [           main] o.h.e.i.AbstractFlushingEventListener    : Flushed: 1 insertions, 0 updates, 0 deletions to 12 objects
2023-11-28T22:11:58.028-05:00 DEBUG 27472 --- [           main] o.h.e.i.AbstractFlushingEventListener    : Flushed: 1 (re)creations, 0 updates, 0 removals to 1 collections
2023-11-28T22:11:58.028-05:00 DEBUG 27472 --- [           main] o.hibernate.internal.util.EntityPrinter  : Listing entities:
2023-11-28T22:11:58.028-05:00 DEBUG 27472 --- [           main] o.hibernate.internal.util.EntityPrinter  : com.cash_flow_app.apicashflow.entities_repositories_and_services.base.authority.Authority{endpoint=User, permission=CREATE, id=f4f135be-a2b5-48d1-a9d0-2b14e82cc373}
2023-11-28T22:11:58.028-05:00 DEBUG 27472 --- [           main] o.hibernate.internal.util.EntityPrinter  : com.cash_flow_app.apicashflow.entities_repositories_and_services.base.authority.Authority{endpoint=User, permission=READ, id=35481739-2447-454f-8ec3-daf467bb2ae5}
2023-11-28T22:11:58.028-05:00 DEBUG 27472 --- [           main] o.hibernate.internal.util.EntityPrinter  : com.cash_flow_app.apicashflow.entities_repositories_and_services.base.authority.Authority{endpoint=IncomeExpense, permission=CREATE, id=4de61a19-9cab-469d-856c-169a503a3f70}
2023-11-28T22:11:58.028-05:00 DEBUG 27472 --- [           main] o.hibernate.internal.util.EntityPrinter  : com.cash_flow_app.apicashflow.entities_repositories_and_services.base.authority.Authority{endpoint=Account, permission=DELETE, id=363894b3-8bdc-4764-ad13-d91f872e1a95}
2023-11-28T22:11:58.028-05:00 DEBUG 27472 --- [           main] o.hibernate.internal.util.EntityPrinter  : com.cash_flow_app.apicashflow.entities_repositories_and_services.base.authority.Authority{endpoint=IncomeExpense, permission=DELETE, id=51c645c0-dc8a-45f9-88d1-533e63701dbe}
2023-11-28T22:11:58.028-05:00 DEBUG 27472 --- [           main] o.hibernate.internal.util.EntityPrinter  : com.cash_flow_app.apicashflow.entities_repositories_and_services.base.authority.Authority{endpoint=ScheduledAccount, permission=READ, id=fed8cd26-d658-4965-b57c-1be9bb9eb61c}
2023-11-28T22:11:58.028-05:00 DEBUG 27472 --- [           main] o.hibernate.internal.util.EntityPrinter  : com.cash_flow_app.apicashflow.entities_repositories_and_services.base.authority.Authority{endpoint=ScheduledAccount, permission=DELETE, id=76cfdeb6-c100-4ed8-bb40-d15e53690430}
2023-11-28T22:11:58.028-05:00 DEBUG 27472 --- [           main] o.hibernate.internal.util.EntityPrinter  : com.cash_flow_app.apicashflow.entities_repositories_and_services.base.authority.Authority{endpoint=ScheduledAccount, permission=CREATE, id=bd7f10f2-85c9-49d0-9a90-f83a87d9cdae}
2023-11-28T22:11:58.028-05:00 DEBUG 27472 --- [           main] o.hibernate.internal.util.EntityPrinter  : com.cash_flow_app.apicashflow.entities_repositories_and_services.base.user.User{password=$2a$10$MNmVdb/j8HaKhT58kpYTL..ZzfKKWIp1mLLp0g1Nh.ugBtfx/oFbm, id=8f10c50d-448c-4bcb-922b-3de7474080c9, accounts=null, authorities=[com.cash_flow_app.apicashflow.entities_repositories_and_services.base.authority.Authority#9aaf7d40-45f6-4ab6-90a9-a23f4c1b5f2f, com.cash_flow_app.apicashflow.entities_repositories_and_services.base.authority.Authority#b14a62f4-d04f-422a-a2a3-1f80e2635352, com.cash_flow_app.apicashflow.entities_repositories_and_services.base.authority.Authority#363894b3-8bdc-4764-ad13-d91f872e1a95, com.cash_flow_app.apicashflow.entities_repositories_and_services.base.authority.Authority#f4f135be-a2b5-48d1-a9d0-2b14e82cc373, com.cash_flow_app.apicashflow.entities_repositories_and_services.base.authority.Authority#35481739-2447-454f-8ec3-daf467bb2ae5, com.cash_flow_app.apicashflow.entities_repositories_and_services.base.authority.Authority#4de61a19-9cab-469d-856c-169a503a3f70, com.cash_flow_app.apicashflow.entities_repositories_and_services.base.authority.Authority#af9e383e-4459-4719-802e-94a22944b4b7, com.cash_flow_app.apicashflow.entities_repositories_and_services.base.authority.Authority#51c645c0-dc8a-45f9-88d1-533e63701dbe, com.cash_flow_app.apicashflow.entities_repositories_and_services.base.authority.Authority#bd7f10f2-85c9-49d0-9a90-f83a87d9cdae, com.cash_flow_app.apicashflow.entities_repositories_and_services.base.authority.Authority#fed8cd26-d658-4965-b57c-1be9bb9eb61c, com.cash_flow_app.apicashflow.entities_repositories_and_services.base.authority.Authority#76cfdeb6-c100-4ed8-bb40-d15e53690430], username=usuario_test}
2023-11-28T22:11:58.028-05:00 DEBUG 27472 --- [           main] o.hibernate.internal.util.EntityPrinter  : com.cash_flow_app.apicashflow.entities_repositories_and_services.base.authority.Authority{endpoint=Account, permission=CREATE, id=9aaf7d40-45f6-4ab6-90a9-a23f4c1b5f2f}
2023-11-28T22:11:58.028-05:00 DEBUG 27472 --- [           main] o.hibernate.internal.util.EntityPrinter  : com.cash_flow_app.apicashflow.entities_repositories_and_services.base.authority.Authority{endpoint=Account, permission=READ, id=b14a62f4-d04f-422a-a2a3-1f80e2635352}
2023-11-28T22:11:58.028-05:00 DEBUG 27472 --- [           main] o.hibernate.internal.util.EntityPrinter  : com.cash_flow_app.apicashflow.entities_repositories_and_services.base.authority.Authority{endpoint=IncomeExpense, permission=READ, id=af9e383e-4459-4719-802e-94a22944b4b7}
2023-11-28T22:11:58.028-05:00 DEBUG 27472 --- [           main] org.hibernate.engine.spi.ActionQueue     : Changes must be flushed to space: users
2023-11-28T22:11:58.028-05:00 DEBUG 27472 --- [           main] org.hibernate.SQL                        : 
    insert 
    into
        users
        (password, username, id) 
    values
        (?, ?, ?)
2023-11-28T22:11:58.029-05:00 DEBUG 27472 --- [           main] o.h.p.c.AbstractCollectionPersister      : Inserting collection: [com.cash_flow_app.apicashflow.entities_repositories_and_services.base.user.User.authorities#8f10c50d-448c-4bcb-922b-3de7474080c9]
2023-11-28T22:11:58.029-05:00 DEBUG 27472 --- [           main] org.hibernate.SQL                        : 
    insert 
    into
        user_authority
        (user_id, authority_id) 
    values
        (?, ?)
2023-11-28T22:11:58.029-05:00 DEBUG 27472 --- [           main] org.hibernate.SQL                        : 
    insert 
    into
        user_authority
        (user_id, authority_id) 
    values
        (?, ?)
2023-11-28T22:11:58.029-05:00 DEBUG 27472 --- [           main] org.hibernate.SQL                        : 
    insert 
    into
        user_authority
        (user_id, authority_id) 
    values
        (?, ?)
2023-11-28T22:11:58.029-05:00 DEBUG 27472 --- [           main] org.hibernate.SQL                        : 
    insert 
    into
        user_authority
        (user_id, authority_id) 
    values
        (?, ?)
2023-11-28T22:11:58.029-05:00 DEBUG 27472 --- [           main] org.hibernate.SQL                        : 
    insert 
    into
        user_authority
        (user_id, authority_id) 
    values
        (?, ?)
2023-11-28T22:11:58.029-05:00 DEBUG 27472 --- [           main] org.hibernate.SQL                        : 
    insert 
    into
        user_authority
        (user_id, authority_id) 
    values
        (?, ?)
2023-11-28T22:11:58.030-05:00 DEBUG 27472 --- [           main] org.hibernate.SQL                        : 
    insert 
    into
        user_authority
        (user_id, authority_id) 
    values
        (?, ?)
2023-11-28T22:11:58.030-05:00 DEBUG 27472 --- [           main] org.hibernate.SQL                        : 
    insert 
    into
        user_authority
        (user_id, authority_id) 
    values
        (?, ?)
2023-11-28T22:11:58.030-05:00 DEBUG 27472 --- [           main] org.hibernate.SQL                        : 
    insert 
    into
        user_authority
        (user_id, authority_id) 
    values
        (?, ?)
2023-11-28T22:11:58.030-05:00 DEBUG 27472 --- [           main] org.hibernate.SQL                        : 
    insert 
    into
        user_authority
        (user_id, authority_id) 
    values
        (?, ?)
2023-11-28T22:11:58.030-05:00 DEBUG 27472 --- [           main] org.hibernate.SQL                        : 
    insert 
    into
        user_authority
        (user_id, authority_id) 
    values
        (?, ?)
2023-11-28T22:11:58.031-05:00 DEBUG 27472 --- [           main] o.h.p.c.AbstractCollectionPersister      : Done inserting collection: 11 rows inserted
2023-11-28T22:11:58.031-05:00 DEBUG 27472 --- [           main] org.hibernate.orm.sql.exec               : Skipping reading Query result cache data: cache-enabled = false, cache-mode = NORMAL
2023-11-28T22:11:58.031-05:00 DEBUG 27472 --- [           main] org.hibernate.orm.results                : Initializer list
2023-11-28T22:11:58.031-05:00 DEBUG 27472 --- [           main] org.hibernate.orm.results                :     com.cash_flow_app.apicashflow.entities_repositories_and_services.base.user.User(35202153502500).accounts -> SelectEagerCollectionInitializer(com.cash_flow_app.apicashflow.entities_repositories_and_services.base.user.User(35202153502500).accounts)@387948332 (PluralAttribute(com.cash_flow_app.apicashflow.entities_repositories_and_services.base.user.User.accounts))
2023-11-28T22:11:58.031-05:00 DEBUG 27472 --- [           main] org.hibernate.orm.results                :     com.cash_flow_app.apicashflow.entities_repositories_and_services.base.user.User(35202153502500).authorities -> SelectEagerCollectionInitializer(com.cash_flow_app.apicashflow.entities_repositories_and_services.base.user.User(35202153502500).authorities)@1952011706 (PluralAttribute(com.cash_flow_app.apicashflow.entities_repositories_and_services.base.user.User.authorities))
2023-11-28T22:11:58.031-05:00 DEBUG 27472 --- [           main] org.hibernate.orm.results                :     com.cash_flow_app.apicashflow.entities_repositories_and_services.base.user.User(35202153502500) -> EntityResultInitializer(com.cash_flow_app.apicashflow.entities_repositories_and_services.base.user.User(35202153502500))@166690776 (SingleTableEntityPersister(com.cash_flow_app.apicashflow.entities_repositories_and_services.base.user.User))
2023-11-28T22:11:58.031-05:00 DEBUG 27472 --- [           main] org.hibernate.SQL                        : 
    select
        u1_0.id,
        u1_0.password,
        u1_0.username 
    from
        users u1_0 
    where
        u1_0.username=?
2023-11-28T22:11:58.031-05:00 DEBUG 27472 --- [           main] org.hibernate.orm.results                : Extracted JDBC value [0] - [8f10c50d-448c-4bcb-922b-3de7474080c9]
2023-11-28T22:11:58.031-05:00 DEBUG 27472 --- [           main] o.hibernate.orm.results.loading.entity   : (EntityResultInitializer) Hydrated EntityKey (com.cash_flow_app.apicashflow.entities_repositories_and_services.base.user.User(35202153502500)): 8f10c50d-448c-4bcb-922b-3de7474080c9
2023-11-28T22:11:58.031-05:00 DEBUG 27472 --- [           main] o.h.o.r.l.o.h.o.r.loading.collection     : (DelayedCollectionInitializer) Current row collection key : com.cash_flow_app.apicashflow.entities_repositories_and_services.base.user.User(35202153502500).accounts#8f10c50d-448c-4bcb-922b-3de7474080c9
2023-11-28T22:11:58.031-05:00 DEBUG 27472 --- [           main] o.h.o.r.l.o.h.o.r.loading.collection     : (DelayedCollectionInitializer) Current row collection key : com.cash_flow_app.apicashflow.entities_repositories_and_services.base.user.User(35202153502500).authorities#8f10c50d-448c-4bcb-922b-3de7474080c9
2023-11-28T22:11:58.031-05:00 DEBUG 27472 --- [           main] org.hibernate.orm.results.loading        : Calling top-level assembler (0 / 1) : org.hibernate.sql.results.graph.entity.internal.EntityAssembler@65a124a
2023-11-28T22:11:58.031-05:00 DEBUG 27472 --- [           main] org.hibernate.orm.results.graph.AST      : DomainResult Graph:
 \-CollectionDomainResult [com.cash_flow_app.apicashflow.entities_repositories_and_services.base.user.User.accounts]

2023-11-28T22:11:58.031-05:00 DEBUG 27472 --- [           main] org.hibernate.orm.sql.ast.tree           : SQL AST Tree:
    SelectStatement {
      FromClause {
        CollectionTableGroup (a1 : com.cash_flow_app.apicashflow.entities_repositories_and_services.base.user.User.accounts) {
          primaryTableReference : user_account as a1_0
          NestedTableGroupJoins {
             join LazyTableGroup (a1 : com.cash_flow_app.apicashflow.entities_repositories_and_services.base.user.User.accounts.{element}) {
              primaryTableReference : accounts as a1_1
            }
          }
        }
      }
    }

2023-11-28T22:11:58.031-05:00 DEBUG 27472 --- [           main] org.hibernate.orm.sql.exec               : Skipping reading Query result cache data: cache-enabled = false, cache-mode = IGNORE
2023-11-28T22:11:58.031-05:00 DEBUG 27472 --- [           main] org.hibernate.orm.results                : Initializer list
2023-11-28T22:11:58.031-05:00 DEBUG 27472 --- [           main] org.hibernate.orm.results                :     com.cash_flow_app.apicashflow.entities_repositories_and_services.base.user.User.accounts.{element}.incomes_expenses -> SelectEagerCollectionInitializer(com.cash_flow_app.apicashflow.entities_repositories_and_services.base.user.User.accounts.{element}.incomes_expenses)@1363851993 (PluralAttribute(com.cash_flow_app.apicashflow.entities_repositories_and_services.base.account.Account.incomes_expenses))
2023-11-28T22:11:58.031-05:00 DEBUG 27472 --- [           main] org.hibernate.orm.results                :     com.cash_flow_app.apicashflow.entities_repositories_and_services.base.user.User.accounts.{element}.users -> SelectEagerCollectionInitializer(com.cash_flow_app.apicashflow.entities_repositories_and_services.base.user.User.accounts.{element}.users)@87791529 (PluralAttribute(com.cash_flow_app.apicashflow.entities_repositories_and_services.base.account.Account.users))
2023-11-28T22:11:58.031-05:00 DEBUG 27472 --- [           main] org.hibernate.orm.results                :     com.cash_flow_app.apicashflow.entities_repositories_and_services.base.user.User.accounts.{element} -> EntityJoinedFetchInitializer(com.cash_flow_app.apicashflow.entities_repositories_and_services.base.user.User.accounts.{element})@1009703238 (EntityCollectionPart(NavigableRole[com.cash_flow_app.apicashflow.entities_repositories_and_services.base.user.User.accounts#{element}])@624685600)
2023-11-28T22:11:58.031-05:00 DEBUG 27472 --- [           main] org.hibernate.orm.results                :     com.cash_flow_app.apicashflow.entities_repositories_and_services.base.user.User.accounts -> BagInitializer(com.cash_flow_app.apicashflow.entities_repositories_and_services.base.user.User.accounts)@1781548235 (PluralAttribute(com.cash_flow_app.apicashflow.entities_repositories_and_services.base.user.User.accounts))
2023-11-28T22:11:58.031-05:00 DEBUG 27472 --- [           main] org.hibernate.SQL                        : 
    select
        a1_0.user_id,
        a1_1.id,
        a1_1.description 
    from
        user_account a1_0 
    join
        accounts a1_1 
            on a1_1.id=a1_0.account_id 
    where
        a1_0.user_id=?
2023-11-28T22:11:58.032-05:00 DEBUG 27472 --- [           main] o.h.sql.results.internal.ResultsHelper   : Collection fully initialized: [com.cash_flow_app.apicashflow.entities_repositories_and_services.base.user.User.accounts#8f10c50d-448c-4bcb-922b-3de7474080c9]
2023-11-28T22:11:58.106-05:00 DEBUG 27472 --- [           main] o.s.s.a.dao.DaoAuthenticationProvider    : Authenticated user

MockHttpServletRequest:
      HTTP Method = POST
      Request URI = /api/v1/user/login
       Parameters = {_csrf=[AA8XRzNMRCbAHVu8O5LDzIAUN0Av5752o9JNTwP6SN5gAigFY2sgdwQtJx7tKGyKA7_3-7MlGnhN3ohbm-t6LWHCLrhVNBo1]}
          Headers = [Content-Type:"application/json;charset=UTF-8", Content-Length:"52"]
             Body = { "username": "usuario_test", "password": "123456" }
    Session Attrs = {}

Handler:
             Type = null

Async:
    Async started = false
     Async result = null

Resolved Exception:
             Type = null

ModelAndView:
        View name = null
             View = null
            Model = null

FlashMap:
       Attributes = null

MockHttpServletResponse:
           Status = 200
    Error message = null
          Headers = [Vary:"Origin", "Access-Control-Request-Method", "Access-Control-Request-Headers", Authorization:"Bearer eyJhbGciOiJIUzUxMiJ9.eyJzdWIiOiJ1c3VhcmlvX3Rlc3QiLCJleHAiOjE3MDM4MTk1MTh9._RjmE35ZWwlgi-J6GUPzAIK95KKwCYwqRJzwkTW-pOWpMEaBJNZ2mk9w8ZBH48tP7shOXrP38_jru9Eshz1Dsg", Access-Control-Expose-Headers:"Authorization", X-Content-Type-Options:"nosniff", X-XSS-Protection:"0", Cache-Control:"no-cache, no-store, max-age=0, must-revalidate", Pragma:"no-cache", Expires:"0", X-Frame-Options:"DENY"]
     Content type = null
             Body = 
    Forwarded URL = null
   Redirected URL = null
          Cookies = []
2023-11-28T22:11:58.107-05:00 DEBUG 27472 --- [           main] org.springframework.test.context.cache   : Spring test ApplicationContext cache statistics: [DefaultContextCache@8caffbd size = 3, maxSize = 32, parentContextCount = 0, hitCount = 347, missCount = 3]
2023-11-28T22:11:58.108-05:00 DEBUG 27472 --- [           main] o.s.test.util.ReflectionTestUtils        : Invoking method 'getFilters' on target object [FilterChainProxy[Filter Chains: [DefaultSecurityFilterChain [RequestMatcher=any request, Filters=[org.springframework.security.web.session.DisableEncodeUrlFilter@120e3ebb, org.springframework.security.web.session.ForceEagerSessionCreationFilter@753f1c3e, org.springframework.security.web.context.request.async.WebAsyncManagerIntegrationFilter@5e9af5d4, org.springframework.security.web.context.SecurityContextHolderFilter@1d18e5ad, org.springframework.security.web.header.HeaderWriterFilter@73b68d98, org.springframework.web.filter.CorsFilter@7863e6b2, org.springframework.security.web.authentication.logout.LogoutFilter@1e5a8278, JWTAuthorizationFilter(loginService=com.cash_flow_app.apicashflow.entities_repositories_and_services.base.security.LoginService@508b9c16), com.cash_flow_app.apicashflow.entities_repositories_and_services.base.security.JWTAuthenticationFilter@6fd2b939, org.springframework.security.web.savedrequest.RequestCacheAwareFilter@11def039, org.springframework.security.web.servletapi.SecurityContextHolderAwareRequestFilter@564375d7, org.springframework.security.web.authentication.AnonymousAuthenticationFilter@c4aa99e, org.springframework.security.web.session.SessionManagementFilter@69af6978, org.springframework.security.web.access.ExceptionTranslationFilter@4469046b, org.springframework.security.web.access.intercept.AuthorizationFilter@588d2e90]]]]] or target class [null] with arguments {org.springframework.mock.web.MockHttpServletRequest@2eb3e87c}
2023-11-28T22:11:58.108-05:00 DEBUG 27472 --- [           main] o.s.test.util.ReflectionTestUtils        : Invoking method 'getFilters' on target object [FilterChainProxy[Filter Chains: [DefaultSecurityFilterChain [RequestMatcher=any request, Filters=[org.springframework.security.web.session.DisableEncodeUrlFilter@120e3ebb, org.springframework.security.web.session.ForceEagerSessionCreationFilter@753f1c3e, org.springframework.security.web.context.request.async.WebAsyncManagerIntegrationFilter@5e9af5d4, org.springframework.security.web.context.SecurityContextHolderFilter@1d18e5ad, org.springframework.security.web.header.HeaderWriterFilter@73b68d98, org.springframework.web.filter.CorsFilter@7863e6b2, org.springframework.security.web.authentication.logout.LogoutFilter@1e5a8278, JWTAuthorizationFilter(loginService=com.cash_flow_app.apicashflow.entities_repositories_and_services.base.security.LoginService@508b9c16), com.cash_flow_app.apicashflow.entities_repositories_and_services.base.security.JWTAuthenticationFilter@6fd2b939, org.springframework.security.web.savedrequest.RequestCacheAwareFilter@11def039, org.springframework.security.web.servletapi.SecurityContextHolderAwareRequestFilter@564375d7, org.springframework.security.web.authentication.AnonymousAuthenticationFilter@c4aa99e, org.springframework.security.web.session.SessionManagementFilter@69af6978, org.springframework.security.web.access.ExceptionTranslationFilter@4469046b, org.springframework.security.web.access.intercept.AuthorizationFilter@588d2e90]]]]] or target class [null] with arguments {org.springframework.mock.web.MockHttpServletRequest@2eb3e87c}
2023-11-28T22:11:58.108-05:00 DEBUG 27472 --- [           main] o.s.test.util.ReflectionTestUtils        : Invoking method 'getFilters' on target object [FilterChainProxy[Filter Chains: [DefaultSecurityFilterChain [RequestMatcher=any request, Filters=[org.springframework.security.web.session.DisableEncodeUrlFilter@120e3ebb, org.springframework.security.web.session.ForceEagerSessionCreationFilter@753f1c3e, org.springframework.security.web.context.request.async.WebAsyncManagerIntegrationFilter@5e9af5d4, org.springframework.security.web.context.SecurityContextHolderFilter@1d18e5ad, org.springframework.security.web.header.HeaderWriterFilter@73b68d98, org.springframework.web.filter.CorsFilter@7863e6b2, org.springframework.security.web.authentication.logout.LogoutFilter@1e5a8278, JWTAuthorizationFilter(loginService=com.cash_flow_app.apicashflow.entities_repositories_and_services.base.security.LoginService@508b9c16), com.cash_flow_app.apicashflow.entities_repositories_and_services.base.security.JWTAuthenticationFilter@6fd2b939, org.springframework.security.web.savedrequest.RequestCacheAwareFilter@11def039, org.springframework.security.web.servletapi.SecurityContextHolderAwareRequestFilter@564375d7, org.springframework.security.web.authentication.AnonymousAuthenticationFilter@c4aa99e, org.springframework.security.web.session.SessionManagementFilter@69af6978, org.springframework.security.web.access.ExceptionTranslationFilter@4469046b, org.springframework.security.web.access.intercept.AuthorizationFilter@588d2e90]]]]] or target class [null] with arguments {org.springframework.mock.web.MockHttpServletRequest@2eb3e87c}
2023-11-28T22:11:58.108-05:00 DEBUG 27472 --- [           main] o.s.security.web.FilterChainProxy        : Securing POST /api/v1/account/create
2023-11-28T22:11:58.108-05:00 DEBUG 27472 --- [           main] .s.s.w.s.ForceEagerSessionCreationFilter : Created session eagerly
2023-11-28T22:11:58.109-05:00 DEBUG 27472 --- [           main] org.hibernate.orm.sql.ast.create         : Created new SQL alias : u1_0
2023-11-28T22:11:58.109-05:00 DEBUG 27472 --- [           main] org.hibernate.orm.sql.ast.create         : Registration of TableGroup [StandardTableGroup(com.cash_flow_app.apicashflow.entities_repositories_and_services.base.user.User(35202153502500))] with identifierForTableGroup [com.cash_flow_app.apicashflow.entities_repositories_and_services.base.user.User] for NavigablePath [com.cash_flow_app.apicashflow.entities_repositories_and_services.base.user.User] 
2023-11-28T22:11:58.109-05:00 DEBUG 27472 --- [           main] o.h.q.sqm.sql.BaseSqmToSqlAstConverter   : Determining mapping-model type for SqmParameter : org.hibernate.query.sqm.tree.expression.SqmJpaCriteriaParameterWrapper@286e2387
2023-11-28T22:11:58.109-05:00 DEBUG 27472 --- [           main] o.h.q.sqm.sql.BaseSqmToSqlAstConverter   : Determining mapping-model type for SqmPath : SqmBasicValuedSimplePath(com.cash_flow_app.apicashflow.entities_repositories_and_services.base.user.User(35202153502500).username) 
2023-11-28T22:11:58.109-05:00 DEBUG 27472 --- [           main] org.hibernate.orm.results.graph.AST      : DomainResult Graph:
 \-EntityResultImpl [com.cash_flow_app.apicashflow.entities_repositories_and_services.base.user.User(35202153502500)]
 |  +-SelectEagerCollectionFetch [com.cash_flow_app.apicashflow.entities_repositories_and_services.base.user.User(35202153502500).accounts]
 |  +-SelectEagerCollectionFetch [com.cash_flow_app.apicashflow.entities_repositories_and_services.base.user.User(35202153502500).authorities]
 |  +-BasicFetch [com.cash_flow_app.apicashflow.entities_repositories_and_services.base.user.User(35202153502500).password]
 |  \-BasicFetch [com.cash_flow_app.apicashflow.entities_repositories_and_services.base.user.User(35202153502500).username]

2023-11-28T22:11:58.109-05:00 DEBUG 27472 --- [           main] org.hibernate.orm.sql.ast.tree           : SQL AST Tree:
    SelectStatement {
      FromClause {
        StandardTableGroup (u1 : com.cash_flow_app.apicashflow.entities_repositories_and_services.base.user.User(35202153502500)) {
          primaryTableReference : users as u1_0
        }
      }
    }

2023-11-28T22:11:58.109-05:00 DEBUG 27472 --- [           main] o.h.e.i.AbstractFlushingEventListener    : Processing flush-time cascades
2023-11-28T22:11:58.109-05:00 DEBUG 27472 --- [           main] o.h.e.i.AbstractFlushingEventListener    : Dirty checking collections
2023-11-28T22:11:58.109-05:00 DEBUG 27472 --- [           main] o.hibernate.engine.internal.Collections  : Collection found: [com.cash_flow_app.apicashflow.entities_repositories_and_services.base.user.User.authorities#8f10c50d-448c-4bcb-922b-3de7474080c9], was: [com.cash_flow_app.apicashflow.entities_repositories_and_services.base.user.User.authorities#8f10c50d-448c-4bcb-922b-3de7474080c9] (initialized)
2023-11-28T22:11:58.109-05:00 DEBUG 27472 --- [           main] o.hibernate.engine.internal.Collections  : Collection dereferenced: [com.cash_flow_app.apicashflow.entities_repositories_and_services.base.user.User.accounts#8f10c50d-448c-4bcb-922b-3de7474080c9]
2023-11-28T22:11:58.109-05:00 DEBUG 27472 --- [           main] o.h.e.i.AbstractFlushingEventListener    : Flushed: 0 insertions, 0 updates, 0 deletions to 12 objects
2023-11-28T22:11:58.109-05:00 DEBUG 27472 --- [           main] o.h.e.i.AbstractFlushingEventListener    : Flushed: 0 (re)creations, 0 updates, 1 removals to 2 collections
2023-11-28T22:11:58.109-05:00 DEBUG 27472 --- [           main] o.hibernate.internal.util.EntityPrinter  : Listing entities:
2023-11-28T22:11:58.109-05:00 DEBUG 27472 --- [           main] o.hibernate.internal.util.EntityPrinter  : com.cash_flow_app.apicashflow.entities_repositories_and_services.base.authority.Authority{endpoint=User, permission=CREATE, id=f4f135be-a2b5-48d1-a9d0-2b14e82cc373}
2023-11-28T22:11:58.109-05:00 DEBUG 27472 --- [           main] o.hibernate.internal.util.EntityPrinter  : com.cash_flow_app.apicashflow.entities_repositories_and_services.base.authority.Authority{endpoint=User, permission=READ, id=35481739-2447-454f-8ec3-daf467bb2ae5}
2023-11-28T22:11:58.109-05:00 DEBUG 27472 --- [           main] o.hibernate.internal.util.EntityPrinter  : com.cash_flow_app.apicashflow.entities_repositories_and_services.base.authority.Authority{endpoint=IncomeExpense, permission=CREATE, id=4de61a19-9cab-469d-856c-169a503a3f70}
2023-11-28T22:11:58.109-05:00 DEBUG 27472 --- [           main] o.hibernate.internal.util.EntityPrinter  : com.cash_flow_app.apicashflow.entities_repositories_and_services.base.authority.Authority{endpoint=Account, permission=DELETE, id=363894b3-8bdc-4764-ad13-d91f872e1a95}
2023-11-28T22:11:58.109-05:00 DEBUG 27472 --- [           main] o.hibernate.internal.util.EntityPrinter  : com.cash_flow_app.apicashflow.entities_repositories_and_services.base.authority.Authority{endpoint=IncomeExpense, permission=DELETE, id=51c645c0-dc8a-45f9-88d1-533e63701dbe}
2023-11-28T22:11:58.109-05:00 DEBUG 27472 --- [           main] o.hibernate.internal.util.EntityPrinter  : com.cash_flow_app.apicashflow.entities_repositories_and_services.base.authority.Authority{endpoint=ScheduledAccount, permission=READ, id=fed8cd26-d658-4965-b57c-1be9bb9eb61c}
2023-11-28T22:11:58.109-05:00 DEBUG 27472 --- [           main] o.hibernate.internal.util.EntityPrinter  : com.cash_flow_app.apicashflow.entities_repositories_and_services.base.authority.Authority{endpoint=ScheduledAccount, permission=DELETE, id=76cfdeb6-c100-4ed8-bb40-d15e53690430}
2023-11-28T22:11:58.109-05:00 DEBUG 27472 --- [           main] o.hibernate.internal.util.EntityPrinter  : com.cash_flow_app.apicashflow.entities_repositories_and_services.base.authority.Authority{endpoint=ScheduledAccount, permission=CREATE, id=bd7f10f2-85c9-49d0-9a90-f83a87d9cdae}
2023-11-28T22:11:58.109-05:00 DEBUG 27472 --- [           main] o.hibernate.internal.util.EntityPrinter  : com.cash_flow_app.apicashflow.entities_repositories_and_services.base.user.User{password=$2a$10$MNmVdb/j8HaKhT58kpYTL..ZzfKKWIp1mLLp0g1Nh.ugBtfx/oFbm, id=8f10c50d-448c-4bcb-922b-3de7474080c9, accounts=null, authorities=[com.cash_flow_app.apicashflow.entities_repositories_and_services.base.authority.Authority#9aaf7d40-45f6-4ab6-90a9-a23f4c1b5f2f, com.cash_flow_app.apicashflow.entities_repositories_and_services.base.authority.Authority#b14a62f4-d04f-422a-a2a3-1f80e2635352, com.cash_flow_app.apicashflow.entities_repositories_and_services.base.authority.Authority#363894b3-8bdc-4764-ad13-d91f872e1a95, com.cash_flow_app.apicashflow.entities_repositories_and_services.base.authority.Authority#f4f135be-a2b5-48d1-a9d0-2b14e82cc373, com.cash_flow_app.apicashflow.entities_repositories_and_services.base.authority.Authority#35481739-2447-454f-8ec3-daf467bb2ae5, com.cash_flow_app.apicashflow.entities_repositories_and_services.base.authority.Authority#4de61a19-9cab-469d-856c-169a503a3f70, com.cash_flow_app.apicashflow.entities_repositories_and_services.base.authority.Authority#af9e383e-4459-4719-802e-94a22944b4b7, com.cash_flow_app.apicashflow.entities_repositories_and_services.base.authority.Authority#51c645c0-dc8a-45f9-88d1-533e63701dbe, com.cash_flow_app.apicashflow.entities_repositories_and_services.base.authority.Authority#bd7f10f2-85c9-49d0-9a90-f83a87d9cdae, com.cash_flow_app.apicashflow.entities_repositories_and_services.base.authority.Authority#fed8cd26-d658-4965-b57c-1be9bb9eb61c, com.cash_flow_app.apicashflow.entities_repositories_and_services.base.authority.Authority#76cfdeb6-c100-4ed8-bb40-d15e53690430], username=usuario_test}
2023-11-28T22:11:58.109-05:00 DEBUG 27472 --- [           main] o.hibernate.internal.util.EntityPrinter  : com.cash_flow_app.apicashflow.entities_repositories_and_services.base.authority.Authority{endpoint=Account, permission=CREATE, id=9aaf7d40-45f6-4ab6-90a9-a23f4c1b5f2f}
2023-11-28T22:11:58.109-05:00 DEBUG 27472 --- [           main] o.hibernate.internal.util.EntityPrinter  : com.cash_flow_app.apicashflow.entities_repositories_and_services.base.authority.Authority{endpoint=Account, permission=READ, id=b14a62f4-d04f-422a-a2a3-1f80e2635352}
2023-11-28T22:11:58.109-05:00 DEBUG 27472 --- [           main] o.hibernate.internal.util.EntityPrinter  : com.cash_flow_app.apicashflow.entities_repositories_and_services.base.authority.Authority{endpoint=IncomeExpense, permission=READ, id=af9e383e-4459-4719-802e-94a22944b4b7}
2023-11-28T22:11:58.110-05:00 DEBUG 27472 --- [           main] org.hibernate.orm.sql.exec               : Skipping reading Query result cache data: cache-enabled = false, cache-mode = NORMAL
2023-11-28T22:11:58.110-05:00 DEBUG 27472 --- [           main] org.hibernate.orm.results                : Initializer list
2023-11-28T22:11:58.110-05:00 DEBUG 27472 --- [           main] org.hibernate.orm.results                :     com.cash_flow_app.apicashflow.entities_repositories_and_services.base.user.User(35202153502500).accounts -> SelectEagerCollectionInitializer(com.cash_flow_app.apicashflow.entities_repositories_and_services.base.user.User(35202153502500).accounts)@36417781 (PluralAttribute(com.cash_flow_app.apicashflow.entities_repositories_and_services.base.user.User.accounts))
2023-11-28T22:11:58.110-05:00 DEBUG 27472 --- [           main] org.hibernate.orm.results                :     com.cash_flow_app.apicashflow.entities_repositories_and_services.base.user.User(35202153502500).authorities -> SelectEagerCollectionInitializer(com.cash_flow_app.apicashflow.entities_repositories_and_services.base.user.User(35202153502500).authorities)@1526782252 (PluralAttribute(com.cash_flow_app.apicashflow.entities_repositories_and_services.base.user.User.authorities))
2023-11-28T22:11:58.110-05:00 DEBUG 27472 --- [           main] org.hibernate.orm.results                :     com.cash_flow_app.apicashflow.entities_repositories_and_services.base.user.User(35202153502500) -> EntityResultInitializer(com.cash_flow_app.apicashflow.entities_repositories_and_services.base.user.User(35202153502500))@586119384 (SingleTableEntityPersister(com.cash_flow_app.apicashflow.entities_repositories_and_services.base.user.User))
2023-11-28T22:11:58.110-05:00 DEBUG 27472 --- [           main] org.hibernate.SQL                        : 
    select
        u1_0.id,
        u1_0.password,
        u1_0.username 
    from
        users u1_0 
    where
        u1_0.username=?
2023-11-28T22:11:58.110-05:00 DEBUG 27472 --- [           main] org.hibernate.orm.results                : Extracted JDBC value [0] - [8f10c50d-448c-4bcb-922b-3de7474080c9]
2023-11-28T22:11:58.110-05:00 DEBUG 27472 --- [           main] o.hibernate.orm.results.loading.entity   : (EntityResultInitializer) Hydrated EntityKey (com.cash_flow_app.apicashflow.entities_repositories_and_services.base.user.User(35202153502500)): 8f10c50d-448c-4bcb-922b-3de7474080c9
2023-11-28T22:11:58.110-05:00 DEBUG 27472 --- [           main] o.h.o.r.l.o.h.o.r.loading.collection     : (DelayedCollectionInitializer) Current row collection key : com.cash_flow_app.apicashflow.entities_repositories_and_services.base.user.User(35202153502500).accounts#8f10c50d-448c-4bcb-922b-3de7474080c9
2023-11-28T22:11:58.110-05:00 DEBUG 27472 --- [           main] o.h.o.r.l.o.h.o.r.loading.collection     : (DelayedCollectionInitializer) Current row collection key : com.cash_flow_app.apicashflow.entities_repositories_and_services.base.user.User(35202153502500).authorities#8f10c50d-448c-4bcb-922b-3de7474080c9
2023-11-28T22:11:58.110-05:00 DEBUG 27472 --- [           main] org.hibernate.orm.results.loading        : Calling top-level assembler (0 / 1) : org.hibernate.sql.results.graph.entity.internal.EntityAssembler@5e9affdc
2023-11-28T22:11:58.110-05:00 DEBUG 27472 --- [           main] .s.ChangeSessionIdAuthenticationStrategy : Changed session id from 47
2023-11-28T22:11:58.110-05:00 DEBUG 27472 --- [           main] w.c.HttpSessionSecurityContextRepository : Stored SecurityContextImpl [Authentication=UsernamePasswordAuthenticationToken [Principal=usuario_test, Credentials=[PROTECTED], Authenticated=true, Details=null, Granted Authorities=[ENDPOINT_ACCOUNT_PERMISSION_CREATE, ENDPOINT_ACCOUNT_PERMISSION_READ, ENDPOINT_ACCOUNT_PERMISSION_DELETE, ENDPOINT_USER_PERMISSION_CREATE, ENDPOINT_USER_PERMISSION_READ, ENDPOINT_INCOMEEXPENSE_PERMISSION_CREATE, ENDPOINT_INCOMEEXPENSE_PERMISSION_READ, ENDPOINT_INCOMEEXPENSE_PERMISSION_DELETE, ENDPOINT_SCHEDULEDACCOUNT_PERMISSION_CREATE, ENDPOINT_SCHEDULEDACCOUNT_PERMISSION_READ, ENDPOINT_SCHEDULEDACCOUNT_PERMISSION_DELETE]]] to HttpSession [org.springframework.mock.web.MockHttpSession@76a756f]
2023-11-28T22:11:58.111-05:00 DEBUG 27472 --- [           main] s.w.s.m.m.a.RequestMappingHandlerMapping : Mapped to com.cash_flow_app.apicashflow.controller.AccountController#create(AccountDto)
2023-11-28T22:11:58.111-05:00 DEBUG 27472 --- [           main] o.s.security.web.FilterChainProxy        : Secured POST /api/v1/account/create
2023-11-28T22:11:58.111-05:00 DEBUG 27472 --- [           main] o.s.t.web.servlet.TestDispatcherServlet  : POST "/api/v1/account/create", parameters={masked}
2023-11-28T22:11:58.111-05:00 DEBUG 27472 --- [           main] s.w.s.m.m.a.RequestMappingHandlerMapping : Mapped to com.cash_flow_app.apicashflow.controller.AccountController#create(AccountDto)
2023-11-28T22:11:58.111-05:00 DEBUG 27472 --- [           main] m.m.a.RequestResponseBodyMethodProcessor : Read "application/json;charset=UTF-8" to [AccountDto(id=null, description=descripcion de cuenta, users=[usuario_test])]
2023-11-28T22:11:58.111-05:00 DEBUG 27472 --- [           main] o.s.orm.jpa.JpaTransactionManager        : Found thread-bound EntityManager [SessionImpl(1339114893<open>)] for JPA transaction
2023-11-28T22:11:58.111-05:00 DEBUG 27472 --- [           main] o.s.orm.jpa.JpaTransactionManager        : Participating in existing transaction
2023-11-28T22:11:58.111-05:00 DEBUG 27472 --- [           main] org.hibernate.orm.sql.ast.create         : Created new SQL alias : u1_0
2023-11-28T22:11:58.111-05:00 DEBUG 27472 --- [           main] org.hibernate.orm.sql.ast.create         : Registration of TableGroup [StandardTableGroup(com.cash_flow_app.apicashflow.entities_repositories_and_services.base.user.User(35202153502500))] with identifierForTableGroup [com.cash_flow_app.apicashflow.entities_repositories_and_services.base.user.User] for NavigablePath [com.cash_flow_app.apicashflow.entities_repositories_and_services.base.user.User] 
2023-11-28T22:11:58.111-05:00 DEBUG 27472 --- [           main] o.h.q.sqm.sql.BaseSqmToSqlAstConverter   : Determining mapping-model type for SqmParameter : org.hibernate.query.sqm.tree.expression.SqmJpaCriteriaParameterWrapper@3220ea38
2023-11-28T22:11:58.111-05:00 DEBUG 27472 --- [           main] o.h.q.sqm.sql.BaseSqmToSqlAstConverter   : Determining mapping-model type for SqmPath : SqmBasicValuedSimplePath(com.cash_flow_app.apicashflow.entities_repositories_and_services.base.user.User(35202153502500).username) 
2023-11-28T22:11:58.111-05:00 DEBUG 27472 --- [           main] org.hibernate.orm.results.graph.AST      : DomainResult Graph:
 \-EntityResultImpl [com.cash_flow_app.apicashflow.entities_repositories_and_services.base.user.User(35202153502500)]
 |  +-SelectEagerCollectionFetch [com.cash_flow_app.apicashflow.entities_repositories_and_services.base.user.User(35202153502500).accounts]
 |  +-SelectEagerCollectionFetch [com.cash_flow_app.apicashflow.entities_repositories_and_services.base.user.User(35202153502500).authorities]
 |  +-BasicFetch [com.cash_flow_app.apicashflow.entities_repositories_and_services.base.user.User(35202153502500).password]
 |  \-BasicFetch [com.cash_flow_app.apicashflow.entities_repositories_and_services.base.user.User(35202153502500).username]

2023-11-28T22:11:58.111-05:00 DEBUG 27472 --- [           main] org.hibernate.orm.sql.ast.tree           : SQL AST Tree:
    SelectStatement {
      FromClause {
        StandardTableGroup (u1 : com.cash_flow_app.apicashflow.entities_repositories_and_services.base.user.User(35202153502500)) {
          primaryTableReference : users as u1_0
        }
      }
    }

2023-11-28T22:11:58.112-05:00 DEBUG 27472 --- [           main] o.h.e.i.AbstractFlushingEventListener    : Processing flush-time cascades
2023-11-28T22:11:58.112-05:00 DEBUG 27472 --- [           main] o.h.e.i.AbstractFlushingEventListener    : Dirty checking collections
2023-11-28T22:11:58.112-05:00 DEBUG 27472 --- [           main] o.hibernate.engine.internal.Collections  : Collection found: [com.cash_flow_app.apicashflow.entities_repositories_and_services.base.user.User.authorities#8f10c50d-448c-4bcb-922b-3de7474080c9], was: [com.cash_flow_app.apicashflow.entities_repositories_and_services.base.user.User.authorities#8f10c50d-448c-4bcb-922b-3de7474080c9] (initialized)
2023-11-28T22:11:58.112-05:00 DEBUG 27472 --- [           main] o.hibernate.engine.internal.Collections  : Collection dereferenced: [com.cash_flow_app.apicashflow.entities_repositories_and_services.base.user.User.accounts#8f10c50d-448c-4bcb-922b-3de7474080c9]
2023-11-28T22:11:58.112-05:00 DEBUG 27472 --- [           main] o.h.e.i.AbstractFlushingEventListener    : Flushed: 0 insertions, 0 updates, 0 deletions to 12 objects
2023-11-28T22:11:58.112-05:00 DEBUG 27472 --- [           main] o.h.e.i.AbstractFlushingEventListener    : Flushed: 0 (re)creations, 0 updates, 1 removals to 2 collections
2023-11-28T22:11:58.112-05:00 DEBUG 27472 --- [           main] o.hibernate.internal.util.EntityPrinter  : Listing entities:
2023-11-28T22:11:58.112-05:00 DEBUG 27472 --- [           main] o.hibernate.internal.util.EntityPrinter  : com.cash_flow_app.apicashflow.entities_repositories_and_services.base.authority.Authority{endpoint=User, permission=CREATE, id=f4f135be-a2b5-48d1-a9d0-2b14e82cc373}
2023-11-28T22:11:58.112-05:00 DEBUG 27472 --- [           main] o.hibernate.internal.util.EntityPrinter  : com.cash_flow_app.apicashflow.entities_repositories_and_services.base.authority.Authority{endpoint=User, permission=READ, id=35481739-2447-454f-8ec3-daf467bb2ae5}
2023-11-28T22:11:58.112-05:00 DEBUG 27472 --- [           main] o.hibernate.internal.util.EntityPrinter  : com.cash_flow_app.apicashflow.entities_repositories_and_services.base.authority.Authority{endpoint=IncomeExpense, permission=CREATE, id=4de61a19-9cab-469d-856c-169a503a3f70}
2023-11-28T22:11:58.112-05:00 DEBUG 27472 --- [           main] o.hibernate.internal.util.EntityPrinter  : com.cash_flow_app.apicashflow.entities_repositories_and_services.base.authority.Authority{endpoint=Account, permission=DELETE, id=363894b3-8bdc-4764-ad13-d91f872e1a95}
2023-11-28T22:11:58.112-05:00 DEBUG 27472 --- [           main] o.hibernate.internal.util.EntityPrinter  : com.cash_flow_app.apicashflow.entities_repositories_and_services.base.authority.Authority{endpoint=IncomeExpense, permission=DELETE, id=51c645c0-dc8a-45f9-88d1-533e63701dbe}
2023-11-28T22:11:58.112-05:00 DEBUG 27472 --- [           main] o.hibernate.internal.util.EntityPrinter  : com.cash_flow_app.apicashflow.entities_repositories_and_services.base.authority.Authority{endpoint=ScheduledAccount, permission=READ, id=fed8cd26-d658-4965-b57c-1be9bb9eb61c}
2023-11-28T22:11:58.112-05:00 DEBUG 27472 --- [           main] o.hibernate.internal.util.EntityPrinter  : com.cash_flow_app.apicashflow.entities_repositories_and_services.base.authority.Authority{endpoint=ScheduledAccount, permission=DELETE, id=76cfdeb6-c100-4ed8-bb40-d15e53690430}
2023-11-28T22:11:58.112-05:00 DEBUG 27472 --- [           main] o.hibernate.internal.util.EntityPrinter  : com.cash_flow_app.apicashflow.entities_repositories_and_services.base.authority.Authority{endpoint=ScheduledAccount, permission=CREATE, id=bd7f10f2-85c9-49d0-9a90-f83a87d9cdae}
2023-11-28T22:11:58.112-05:00 DEBUG 27472 --- [           main] o.hibernate.internal.util.EntityPrinter  : com.cash_flow_app.apicashflow.entities_repositories_and_services.base.user.User{password=$2a$10$MNmVdb/j8HaKhT58kpYTL..ZzfKKWIp1mLLp0g1Nh.ugBtfx/oFbm, id=8f10c50d-448c-4bcb-922b-3de7474080c9, accounts=null, authorities=[com.cash_flow_app.apicashflow.entities_repositories_and_services.base.authority.Authority#9aaf7d40-45f6-4ab6-90a9-a23f4c1b5f2f, com.cash_flow_app.apicashflow.entities_repositories_and_services.base.authority.Authority#b14a62f4-d04f-422a-a2a3-1f80e2635352, com.cash_flow_app.apicashflow.entities_repositories_and_services.base.authority.Authority#363894b3-8bdc-4764-ad13-d91f872e1a95, com.cash_flow_app.apicashflow.entities_repositories_and_services.base.authority.Authority#f4f135be-a2b5-48d1-a9d0-2b14e82cc373, com.cash_flow_app.apicashflow.entities_repositories_and_services.base.authority.Authority#35481739-2447-454f-8ec3-daf467bb2ae5, com.cash_flow_app.apicashflow.entities_repositories_and_services.base.authority.Authority#4de61a19-9cab-469d-856c-169a503a3f70, com.cash_flow_app.apicashflow.entities_repositories_and_services.base.authority.Authority#af9e383e-4459-4719-802e-94a22944b4b7, com.cash_flow_app.apicashflow.entities_repositories_and_services.base.authority.Authority#51c645c0-dc8a-45f9-88d1-533e63701dbe, com.cash_flow_app.apicashflow.entities_repositories_and_services.base.authority.Authority#bd7f10f2-85c9-49d0-9a90-f83a87d9cdae, com.cash_flow_app.apicashflow.entities_repositories_and_services.base.authority.Authority#fed8cd26-d658-4965-b57c-1be9bb9eb61c, com.cash_flow_app.apicashflow.entities_repositories_and_services.base.authority.Authority#76cfdeb6-c100-4ed8-bb40-d15e53690430], username=usuario_test}
2023-11-28T22:11:58.112-05:00 DEBUG 27472 --- [           main] o.hibernate.internal.util.EntityPrinter  : com.cash_flow_app.apicashflow.entities_repositories_and_services.base.authority.Authority{endpoint=Account, permission=CREATE, id=9aaf7d40-45f6-4ab6-90a9-a23f4c1b5f2f}
2023-11-28T22:11:58.112-05:00 DEBUG 27472 --- [           main] o.hibernate.internal.util.EntityPrinter  : com.cash_flow_app.apicashflow.entities_repositories_and_services.base.authority.Authority{endpoint=Account, permission=READ, id=b14a62f4-d04f-422a-a2a3-1f80e2635352}
2023-11-28T22:11:58.112-05:00 DEBUG 27472 --- [           main] o.hibernate.internal.util.EntityPrinter  : com.cash_flow_app.apicashflow.entities_repositories_and_services.base.authority.Authority{endpoint=IncomeExpense, permission=READ, id=af9e383e-4459-4719-802e-94a22944b4b7}
2023-11-28T22:11:58.112-05:00 DEBUG 27472 --- [           main] org.hibernate.orm.sql.exec               : Skipping reading Query result cache data: cache-enabled = false, cache-mode = NORMAL
2023-11-28T22:11:58.112-05:00 DEBUG 27472 --- [           main] org.hibernate.orm.results                : Initializer list
2023-11-28T22:11:58.112-05:00 DEBUG 27472 --- [           main] org.hibernate.orm.results                :     com.cash_flow_app.apicashflow.entities_repositories_and_services.base.user.User(35202153502500).accounts -> SelectEagerCollectionInitializer(com.cash_flow_app.apicashflow.entities_repositories_and_services.base.user.User(35202153502500).accounts)@416838151 (PluralAttribute(com.cash_flow_app.apicashflow.entities_repositories_and_services.base.user.User.accounts))
2023-11-28T22:11:58.112-05:00 DEBUG 27472 --- [           main] org.hibernate.orm.results                :     com.cash_flow_app.apicashflow.entities_repositories_and_services.base.user.User(35202153502500).authorities -> SelectEagerCollectionInitializer(com.cash_flow_app.apicashflow.entities_repositories_and_services.base.user.User(35202153502500).authorities)@765213198 (PluralAttribute(com.cash_flow_app.apicashflow.entities_repositories_and_services.base.user.User.authorities))
2023-11-28T22:11:58.112-05:00 DEBUG 27472 --- [           main] org.hibernate.orm.results                :     com.cash_flow_app.apicashflow.entities_repositories_and_services.base.user.User(35202153502500) -> EntityResultInitializer(com.cash_flow_app.apicashflow.entities_repositories_and_services.base.user.User(35202153502500))@1851504554 (SingleTableEntityPersister(com.cash_flow_app.apicashflow.entities_repositories_and_services.base.user.User))
2023-11-28T22:11:58.112-05:00 DEBUG 27472 --- [           main] org.hibernate.SQL                        : 
    select
        u1_0.id,
        u1_0.password,
        u1_0.username 
    from
        users u1_0 
    where
        u1_0.username=?
2023-11-28T22:11:58.112-05:00 DEBUG 27472 --- [           main] org.hibernate.orm.results                : Extracted JDBC value [0] - [8f10c50d-448c-4bcb-922b-3de7474080c9]
2023-11-28T22:11:58.112-05:00 DEBUG 27472 --- [           main] o.hibernate.orm.results.loading.entity   : (EntityResultInitializer) Hydrated EntityKey (com.cash_flow_app.apicashflow.entities_repositories_and_services.base.user.User(35202153502500)): 8f10c50d-448c-4bcb-922b-3de7474080c9
2023-11-28T22:11:58.112-05:00 DEBUG 27472 --- [           main] o.h.o.r.l.o.h.o.r.loading.collection     : (DelayedCollectionInitializer) Current row collection key : com.cash_flow_app.apicashflow.entities_repositories_and_services.base.user.User(35202153502500).accounts#8f10c50d-448c-4bcb-922b-3de7474080c9
2023-11-28T22:11:58.112-05:00 DEBUG 27472 --- [           main] o.h.o.r.l.o.h.o.r.loading.collection     : (DelayedCollectionInitializer) Current row collection key : com.cash_flow_app.apicashflow.entities_repositories_and_services.base.user.User(35202153502500).authorities#8f10c50d-448c-4bcb-922b-3de7474080c9
2023-11-28T22:11:58.112-05:00 DEBUG 27472 --- [           main] org.hibernate.orm.results.loading        : Calling top-level assembler (0 / 1) : org.hibernate.sql.results.graph.entity.internal.EntityAssembler@589b0021
2023-11-28T22:11:58.112-05:00 DEBUG 27472 --- [           main] org.hibernate.orm.sql.ast.create         : Created new SQL alias : u1_0
2023-11-28T22:11:58.112-05:00 DEBUG 27472 --- [           main] org.hibernate.orm.sql.ast.create         : Registration of TableGroup [StandardTableGroup(com.cash_flow_app.apicashflow.entities_repositories_and_services.base.user.User(35202153502500))] with identifierForTableGroup [com.cash_flow_app.apicashflow.entities_repositories_and_services.base.user.User] for NavigablePath [com.cash_flow_app.apicashflow.entities_repositories_and_services.base.user.User] 
2023-11-28T22:11:58.112-05:00 DEBUG 27472 --- [           main] o.h.q.sqm.sql.BaseSqmToSqlAstConverter   : Determining mapping-model type for SqmParameter : org.hibernate.query.sqm.tree.expression.SqmJpaCriteriaParameterWrapper@6bce1a7f
2023-11-28T22:11:58.112-05:00 DEBUG 27472 --- [           main] o.h.q.sqm.sql.BaseSqmToSqlAstConverter   : Determining mapping-model type for SqmPath : SqmBasicValuedSimplePath(com.cash_flow_app.apicashflow.entities_repositories_and_services.base.user.User(35202153502500).username) 
2023-11-28T22:11:58.112-05:00 DEBUG 27472 --- [           main] org.hibernate.orm.results.graph.AST      : DomainResult Graph:
 \-EntityResultImpl [com.cash_flow_app.apicashflow.entities_repositories_and_services.base.user.User(35202153502500)]
 |  +-SelectEagerCollectionFetch [com.cash_flow_app.apicashflow.entities_repositories_and_services.base.user.User(35202153502500).accounts]
 |  +-SelectEagerCollectionFetch [com.cash_flow_app.apicashflow.entities_repositories_and_services.base.user.User(35202153502500).authorities]
 |  +-BasicFetch [com.cash_flow_app.apicashflow.entities_repositories_and_services.base.user.User(35202153502500).password]
 |  \-BasicFetch [com.cash_flow_app.apicashflow.entities_repositories_and_services.base.user.User(35202153502500).username]

2023-11-28T22:11:58.112-05:00 DEBUG 27472 --- [           main] org.hibernate.orm.sql.ast.tree           : SQL AST Tree:
    SelectStatement {
      FromClause {
        StandardTableGroup (u1 : com.cash_flow_app.apicashflow.entities_repositories_and_services.base.user.User(35202153502500)) {
          primaryTableReference : users as u1_0
        }
      }
    }

2023-11-28T22:11:58.112-05:00 DEBUG 27472 --- [           main] o.h.e.i.AbstractFlushingEventListener    : Processing flush-time cascades
2023-11-28T22:11:58.113-05:00 DEBUG 27472 --- [           main] o.h.e.i.AbstractFlushingEventListener    : Dirty checking collections
2023-11-28T22:11:58.113-05:00 DEBUG 27472 --- [           main] o.hibernate.engine.internal.Collections  : Collection found: [com.cash_flow_app.apicashflow.entities_repositories_and_services.base.user.User.authorities#8f10c50d-448c-4bcb-922b-3de7474080c9], was: [com.cash_flow_app.apicashflow.entities_repositories_and_services.base.user.User.authorities#8f10c50d-448c-4bcb-922b-3de7474080c9] (initialized)
2023-11-28T22:11:58.113-05:00 DEBUG 27472 --- [           main] o.hibernate.engine.internal.Collections  : Collection dereferenced: [com.cash_flow_app.apicashflow.entities_repositories_and_services.base.user.User.accounts#8f10c50d-448c-4bcb-922b-3de7474080c9]
2023-11-28T22:11:58.113-05:00 DEBUG 27472 --- [           main] o.h.e.i.AbstractFlushingEventListener    : Flushed: 0 insertions, 0 updates, 0 deletions to 12 objects
2023-11-28T22:11:58.113-05:00 DEBUG 27472 --- [           main] o.h.e.i.AbstractFlushingEventListener    : Flushed: 0 (re)creations, 0 updates, 1 removals to 2 collections
2023-11-28T22:11:58.113-05:00 DEBUG 27472 --- [           main] o.hibernate.internal.util.EntityPrinter  : Listing entities:
2023-11-28T22:11:58.113-05:00 DEBUG 27472 --- [           main] o.hibernate.internal.util.EntityPrinter  : com.cash_flow_app.apicashflow.entities_repositories_and_services.base.authority.Authority{endpoint=User, permission=CREATE, id=f4f135be-a2b5-48d1-a9d0-2b14e82cc373}
2023-11-28T22:11:58.113-05:00 DEBUG 27472 --- [           main] o.hibernate.internal.util.EntityPrinter  : com.cash_flow_app.apicashflow.entities_repositories_and_services.base.authority.Authority{endpoint=User, permission=READ, id=35481739-2447-454f-8ec3-daf467bb2ae5}
2023-11-28T22:11:58.113-05:00 DEBUG 27472 --- [           main] o.hibernate.internal.util.EntityPrinter  : com.cash_flow_app.apicashflow.entities_repositories_and_services.base.authority.Authority{endpoint=IncomeExpense, permission=CREATE, id=4de61a19-9cab-469d-856c-169a503a3f70}
2023-11-28T22:11:58.113-05:00 DEBUG 27472 --- [           main] o.hibernate.internal.util.EntityPrinter  : com.cash_flow_app.apicashflow.entities_repositories_and_services.base.authority.Authority{endpoint=Account, permission=DELETE, id=363894b3-8bdc-4764-ad13-d91f872e1a95}
2023-11-28T22:11:58.113-05:00 DEBUG 27472 --- [           main] o.hibernate.internal.util.EntityPrinter  : com.cash_flow_app.apicashflow.entities_repositories_and_services.base.authority.Authority{endpoint=IncomeExpense, permission=DELETE, id=51c645c0-dc8a-45f9-88d1-533e63701dbe}
2023-11-28T22:11:58.113-05:00 DEBUG 27472 --- [           main] o.hibernate.internal.util.EntityPrinter  : com.cash_flow_app.apicashflow.entities_repositories_and_services.base.authority.Authority{endpoint=ScheduledAccount, permission=READ, id=fed8cd26-d658-4965-b57c-1be9bb9eb61c}
2023-11-28T22:11:58.113-05:00 DEBUG 27472 --- [           main] o.hibernate.internal.util.EntityPrinter  : com.cash_flow_app.apicashflow.entities_repositories_and_services.base.authority.Authority{endpoint=ScheduledAccount, permission=DELETE, id=76cfdeb6-c100-4ed8-bb40-d15e53690430}
2023-11-28T22:11:58.113-05:00 DEBUG 27472 --- [           main] o.hibernate.internal.util.EntityPrinter  : com.cash_flow_app.apicashflow.entities_repositories_and_services.base.authority.Authority{endpoint=ScheduledAccount, permission=CREATE, id=bd7f10f2-85c9-49d0-9a90-f83a87d9cdae}
2023-11-28T22:11:58.113-05:00 DEBUG 27472 --- [           main] o.hibernate.internal.util.EntityPrinter  : com.cash_flow_app.apicashflow.entities_repositories_and_services.base.user.User{password=$2a$10$MNmVdb/j8HaKhT58kpYTL..ZzfKKWIp1mLLp0g1Nh.ugBtfx/oFbm, id=8f10c50d-448c-4bcb-922b-3de7474080c9, accounts=null, authorities=[com.cash_flow_app.apicashflow.entities_repositories_and_services.base.authority.Authority#9aaf7d40-45f6-4ab6-90a9-a23f4c1b5f2f, com.cash_flow_app.apicashflow.entities_repositories_and_services.base.authority.Authority#b14a62f4-d04f-422a-a2a3-1f80e2635352, com.cash_flow_app.apicashflow.entities_repositories_and_services.base.authority.Authority#363894b3-8bdc-4764-ad13-d91f872e1a95, com.cash_flow_app.apicashflow.entities_repositories_and_services.base.authority.Authority#f4f135be-a2b5-48d1-a9d0-2b14e82cc373, com.cash_flow_app.apicashflow.entities_repositories_and_services.base.authority.Authority#35481739-2447-454f-8ec3-daf467bb2ae5, com.cash_flow_app.apicashflow.entities_repositories_and_services.base.authority.Authority#4de61a19-9cab-469d-856c-169a503a3f70, com.cash_flow_app.apicashflow.entities_repositories_and_services.base.authority.Authority#af9e383e-4459-4719-802e-94a22944b4b7, com.cash_flow_app.apicashflow.entities_repositories_and_services.base.authority.Authority#51c645c0-dc8a-45f9-88d1-533e63701dbe, com.cash_flow_app.apicashflow.entities_repositories_and_services.base.authority.Authority#bd7f10f2-85c9-49d0-9a90-f83a87d9cdae, com.cash_flow_app.apicashflow.entities_repositories_and_services.base.authority.Authority#fed8cd26-d658-4965-b57c-1be9bb9eb61c, com.cash_flow_app.apicashflow.entities_repositories_and_services.base.authority.Authority#76cfdeb6-c100-4ed8-bb40-d15e53690430], username=usuario_test}
2023-11-28T22:11:58.113-05:00 DEBUG 27472 --- [           main] o.hibernate.internal.util.EntityPrinter  : com.cash_flow_app.apicashflow.entities_repositories_and_services.base.authority.Authority{endpoint=Account, permission=CREATE, id=9aaf7d40-45f6-4ab6-90a9-a23f4c1b5f2f}
2023-11-28T22:11:58.113-05:00 DEBUG 27472 --- [           main] o.hibernate.internal.util.EntityPrinter  : com.cash_flow_app.apicashflow.entities_repositories_and_services.base.authority.Authority{endpoint=Account, permission=READ, id=b14a62f4-d04f-422a-a2a3-1f80e2635352}
2023-11-28T22:11:58.113-05:00 DEBUG 27472 --- [           main] o.hibernate.internal.util.EntityPrinter  : com.cash_flow_app.apicashflow.entities_repositories_and_services.base.authority.Authority{endpoint=IncomeExpense, permission=READ, id=af9e383e-4459-4719-802e-94a22944b4b7}
2023-11-28T22:11:58.113-05:00 DEBUG 27472 --- [           main] org.hibernate.orm.sql.exec               : Skipping reading Query result cache data: cache-enabled = false, cache-mode = NORMAL
2023-11-28T22:11:58.113-05:00 DEBUG 27472 --- [           main] org.hibernate.orm.results                : Initializer list
2023-11-28T22:11:58.113-05:00 DEBUG 27472 --- [           main] org.hibernate.orm.results                :     com.cash_flow_app.apicashflow.entities_repositories_and_services.base.user.User(35202153502500).accounts -> SelectEagerCollectionInitializer(com.cash_flow_app.apicashflow.entities_repositories_and_services.base.user.User(35202153502500).accounts)@676968934 (PluralAttribute(com.cash_flow_app.apicashflow.entities_repositories_and_services.base.user.User.accounts))
2023-11-28T22:11:58.113-05:00 DEBUG 27472 --- [           main] org.hibernate.orm.results                :     com.cash_flow_app.apicashflow.entities_repositories_and_services.base.user.User(35202153502500).authorities -> SelectEagerCollectionInitializer(com.cash_flow_app.apicashflow.entities_repositories_and_services.base.user.User(35202153502500).authorities)@861885296 (PluralAttribute(com.cash_flow_app.apicashflow.entities_repositories_and_services.base.user.User.authorities))
2023-11-28T22:11:58.113-05:00 DEBUG 27472 --- [           main] org.hibernate.orm.results                :     com.cash_flow_app.apicashflow.entities_repositories_and_services.base.user.User(35202153502500) -> EntityResultInitializer(com.cash_flow_app.apicashflow.entities_repositories_and_services.base.user.User(35202153502500))@1246037034 (SingleTableEntityPersister(com.cash_flow_app.apicashflow.entities_repositories_and_services.base.user.User))
2023-11-28T22:11:58.113-05:00 DEBUG 27472 --- [           main] org.hibernate.SQL                        : 
    select
        u1_0.id,
        u1_0.password,
        u1_0.username 
    from
        users u1_0 
    where
        u1_0.username=?
2023-11-28T22:11:58.113-05:00 DEBUG 27472 --- [           main] org.hibernate.orm.results                : Extracted JDBC value [0] - [8f10c50d-448c-4bcb-922b-3de7474080c9]
2023-11-28T22:11:58.113-05:00 DEBUG 27472 --- [           main] o.hibernate.orm.results.loading.entity   : (EntityResultInitializer) Hydrated EntityKey (com.cash_flow_app.apicashflow.entities_repositories_and_services.base.user.User(35202153502500)): 8f10c50d-448c-4bcb-922b-3de7474080c9
2023-11-28T22:11:58.113-05:00 DEBUG 27472 --- [           main] o.h.o.r.l.o.h.o.r.loading.collection     : (DelayedCollectionInitializer) Current row collection key : com.cash_flow_app.apicashflow.entities_repositories_and_services.base.user.User(35202153502500).accounts#8f10c50d-448c-4bcb-922b-3de7474080c9
2023-11-28T22:11:58.113-05:00 DEBUG 27472 --- [           main] o.h.o.r.l.o.h.o.r.loading.collection     : (DelayedCollectionInitializer) Current row collection key : com.cash_flow_app.apicashflow.entities_repositories_and_services.base.user.User(35202153502500).authorities#8f10c50d-448c-4bcb-922b-3de7474080c9
2023-11-28T22:11:58.113-05:00 DEBUG 27472 --- [           main] org.hibernate.orm.results.loading        : Calling top-level assembler (0 / 1) : org.hibernate.sql.results.graph.entity.internal.EntityAssembler@57bfaa41
2023-11-28T22:11:58.113-05:00 DEBUG 27472 --- [           main] o.s.orm.jpa.JpaTransactionManager        : Found thread-bound EntityManager [SessionImpl(1339114893<open>)] for JPA transaction
2023-11-28T22:11:58.113-05:00 DEBUG 27472 --- [           main] o.s.orm.jpa.JpaTransactionManager        : Participating in existing transaction
2023-11-28T22:11:58.113-05:00 DEBUG 27472 --- [           main] o.h.j.internal.PersistenceUnitUtilImpl   : jakarta.persistence.PersistenceUnitUtil.getIdentifier is only intended to work with enhanced entities (although Hibernate also adapts this support to its proxies); however the passed entity was not enhanced (nor a proxy).. may not be able to read identifier
2023-11-28T22:11:58.113-05:00 DEBUG 27472 --- [           main] o.h.e.i.AbstractSaveEventListener        : Generated identifier: beee558b-a78d-485d-947d-0798087ea344, using strategy: org.hibernate.id.UUIDGenerator
2023-11-28T22:11:58.113-05:00 DEBUG 27472 --- [           main] o.s.w.s.m.m.a.HttpEntityMethodProcessor  : Using 'application/json', given [*/*] and supported [application/json, application/*+json]
2023-11-28T22:11:58.113-05:00 DEBUG 27472 --- [           main] o.s.w.s.m.m.a.HttpEntityMethodProcessor  : Writing [AccountDto(id=beee558b-a78d-485d-947d-0798087ea344, description=descripcion de cuenta, users=[usuari (truncated)...]
2023-11-28T22:11:58.114-05:00 DEBUG 27472 --- [           main] o.s.t.web.servlet.TestDispatcherServlet  : Completed 200 OK
2023-11-28T22:11:58.115-05:00 DEBUG 27472 --- [           main] o.s.test.util.ReflectionTestUtils        : Invoking method 'getFilters' on target object [FilterChainProxy[Filter Chains: [DefaultSecurityFilterChain [RequestMatcher=any request, Filters=[org.springframework.security.web.session.DisableEncodeUrlFilter@120e3ebb, org.springframework.security.web.session.ForceEagerSessionCreationFilter@753f1c3e, org.springframework.security.web.context.request.async.WebAsyncManagerIntegrationFilter@5e9af5d4, org.springframework.security.web.context.SecurityContextHolderFilter@1d18e5ad, org.springframework.security.web.header.HeaderWriterFilter@73b68d98, org.springframework.web.filter.CorsFilter@7863e6b2, org.springframework.security.web.authentication.logout.LogoutFilter@1e5a8278, JWTAuthorizationFilter(loginService=com.cash_flow_app.apicashflow.entities_repositories_and_services.base.security.LoginService@508b9c16), com.cash_flow_app.apicashflow.entities_repositories_and_services.base.security.JWTAuthenticationFilter@6fd2b939, org.springframework.security.web.savedrequest.RequestCacheAwareFilter@11def039, org.springframework.security.web.servletapi.SecurityContextHolderAwareRequestFilter@564375d7, org.springframework.security.web.authentication.AnonymousAuthenticationFilter@c4aa99e, org.springframework.security.web.session.SessionManagementFilter@69af6978, org.springframework.security.web.access.ExceptionTranslationFilter@4469046b, org.springframework.security.web.access.intercept.AuthorizationFilter@588d2e90]]]]] or target class [null] with arguments {org.springframework.mock.web.MockHttpServletRequest@48b745af}
2023-11-28T22:11:58.115-05:00 DEBUG 27472 --- [           main] o.s.test.util.ReflectionTestUtils        : Invoking method 'getFilters' on target object [FilterChainProxy[Filter Chains: [DefaultSecurityFilterChain [RequestMatcher=any request, Filters=[org.springframework.security.web.session.DisableEncodeUrlFilter@120e3ebb, org.springframework.security.web.session.ForceEagerSessionCreationFilter@753f1c3e, org.springframework.security.web.context.request.async.WebAsyncManagerIntegrationFilter@5e9af5d4, org.springframework.security.web.context.SecurityContextHolderFilter@1d18e5ad, org.springframework.security.web.header.HeaderWriterFilter@73b68d98, org.springframework.web.filter.CorsFilter@7863e6b2, org.springframework.security.web.authentication.logout.LogoutFilter@1e5a8278, JWTAuthorizationFilter(loginService=com.cash_flow_app.apicashflow.entities_repositories_and_services.base.security.LoginService@508b9c16), com.cash_flow_app.apicashflow.entities_repositories_and_services.base.security.JWTAuthenticationFilter@6fd2b939, org.springframework.security.web.savedrequest.RequestCacheAwareFilter@11def039, org.springframework.security.web.servletapi.SecurityContextHolderAwareRequestFilter@564375d7, org.springframework.security.web.authentication.AnonymousAuthenticationFilter@c4aa99e, org.springframework.security.web.session.SessionManagementFilter@69af6978, org.springframework.security.web.access.ExceptionTranslationFilter@4469046b, org.springframework.security.web.access.intercept.AuthorizationFilter@588d2e90]]]]] or target class [null] with arguments {org.springframework.mock.web.MockHttpServletRequest@48b745af}
2023-11-28T22:11:58.115-05:00 DEBUG 27472 --- [           main] o.s.test.util.ReflectionTestUtils        : Invoking method 'getFilters' on target object [FilterChainProxy[Filter Chains: [DefaultSecurityFilterChain [RequestMatcher=any request, Filters=[org.springframework.security.web.session.DisableEncodeUrlFilter@120e3ebb, org.springframework.security.web.session.ForceEagerSessionCreationFilter@753f1c3e, org.springframework.security.web.context.request.async.WebAsyncManagerIntegrationFilter@5e9af5d4, org.springframework.security.web.context.SecurityContextHolderFilter@1d18e5ad, org.springframework.security.web.header.HeaderWriterFilter@73b68d98, org.springframework.web.filter.CorsFilter@7863e6b2, org.springframework.security.web.authentication.logout.LogoutFilter@1e5a8278, JWTAuthorizationFilter(loginService=com.cash_flow_app.apicashflow.entities_repositories_and_services.base.security.LoginService@508b9c16), com.cash_flow_app.apicashflow.entities_repositories_and_services.base.security.JWTAuthenticationFilter@6fd2b939, org.springframework.security.web.savedrequest.RequestCacheAwareFilter@11def039, org.springframework.security.web.servletapi.SecurityContextHolderAwareRequestFilter@564375d7, org.springframework.security.web.authentication.AnonymousAuthenticationFilter@c4aa99e, org.springframework.security.web.session.SessionManagementFilter@69af6978, org.springframework.security.web.access.ExceptionTranslationFilter@4469046b, org.springframework.security.web.access.intercept.AuthorizationFilter@588d2e90]]]]] or target class [null] with arguments {org.springframework.mock.web.MockHttpServletRequest@48b745af}
2023-11-28T22:11:58.115-05:00 DEBUG 27472 --- [           main] o.s.security.web.FilterChainProxy        : Securing POST /api/v1/income_expense/create
2023-11-28T22:11:58.115-05:00 DEBUG 27472 --- [           main] .s.s.w.s.ForceEagerSessionCreationFilter : Created session eagerly
2023-11-28T22:11:58.116-05:00 DEBUG 27472 --- [           main] org.hibernate.orm.sql.ast.create         : Created new SQL alias : u1_0
2023-11-28T22:11:58.116-05:00 DEBUG 27472 --- [           main] org.hibernate.orm.sql.ast.create         : Registration of TableGroup [StandardTableGroup(com.cash_flow_app.apicashflow.entities_repositories_and_services.base.user.User(35202153502500))] with identifierForTableGroup [com.cash_flow_app.apicashflow.entities_repositories_and_services.base.user.User] for NavigablePath [com.cash_flow_app.apicashflow.entities_repositories_and_services.base.user.User] 
2023-11-28T22:11:58.116-05:00 DEBUG 27472 --- [           main] o.h.q.sqm.sql.BaseSqmToSqlAstConverter   : Determining mapping-model type for SqmParameter : org.hibernate.query.sqm.tree.expression.SqmJpaCriteriaParameterWrapper@3b1e2d5d
2023-11-28T22:11:58.116-05:00 DEBUG 27472 --- [           main] o.h.q.sqm.sql.BaseSqmToSqlAstConverter   : Determining mapping-model type for SqmPath : SqmBasicValuedSimplePath(com.cash_flow_app.apicashflow.entities_repositories_and_services.base.user.User(35202153502500).username) 
2023-11-28T22:11:58.116-05:00 DEBUG 27472 --- [           main] org.hibernate.orm.results.graph.AST      : DomainResult Graph:
 \-EntityResultImpl [com.cash_flow_app.apicashflow.entities_repositories_and_services.base.user.User(35202153502500)]
 |  +-SelectEagerCollectionFetch [com.cash_flow_app.apicashflow.entities_repositories_and_services.base.user.User(35202153502500).accounts]
 |  +-SelectEagerCollectionFetch [com.cash_flow_app.apicashflow.entities_repositories_and_services.base.user.User(35202153502500).authorities]
 |  +-BasicFetch [com.cash_flow_app.apicashflow.entities_repositories_and_services.base.user.User(35202153502500).password]
 |  \-BasicFetch [com.cash_flow_app.apicashflow.entities_repositories_and_services.base.user.User(35202153502500).username]

2023-11-28T22:11:58.116-05:00 DEBUG 27472 --- [           main] org.hibernate.orm.sql.ast.tree           : SQL AST Tree:
    SelectStatement {
      FromClause {
        StandardTableGroup (u1 : com.cash_flow_app.apicashflow.entities_repositories_and_services.base.user.User(35202153502500)) {
          primaryTableReference : users as u1_0
        }
      }
    }

2023-11-28T22:11:58.116-05:00 DEBUG 27472 --- [           main] o.h.e.i.AbstractFlushingEventListener    : Processing flush-time cascades
2023-11-28T22:11:58.116-05:00 DEBUG 27472 --- [           main] o.h.e.i.AbstractFlushingEventListener    : Dirty checking collections
2023-11-28T22:11:58.116-05:00 DEBUG 27472 --- [           main] o.hibernate.engine.internal.Collections  : Collection found: [com.cash_flow_app.apicashflow.entities_repositories_and_services.base.user.User.accounts#8f10c50d-448c-4bcb-922b-3de7474080c9], was: [<unreferenced>] (initialized)
2023-11-28T22:11:58.116-05:00 DEBUG 27472 --- [           main] o.hibernate.engine.internal.Collections  : Collection found: [com.cash_flow_app.apicashflow.entities_repositories_and_services.base.user.User.authorities#8f10c50d-448c-4bcb-922b-3de7474080c9], was: [com.cash_flow_app.apicashflow.entities_repositories_and_services.base.user.User.authorities#8f10c50d-448c-4bcb-922b-3de7474080c9] (initialized)
2023-11-28T22:11:58.116-05:00 DEBUG 27472 --- [           main] o.hibernate.engine.internal.Collections  : Collection found: [com.cash_flow_app.apicashflow.entities_repositories_and_services.base.account.Account.users#beee558b-a78d-485d-947d-0798087ea344], was: [<unreferenced>] (initialized)
2023-11-28T22:11:58.116-05:00 DEBUG 27472 --- [           main] o.hibernate.engine.internal.Collections  : Collection dereferenced: [com.cash_flow_app.apicashflow.entities_repositories_and_services.base.user.User.accounts#8f10c50d-448c-4bcb-922b-3de7474080c9]
2023-11-28T22:11:58.116-05:00 DEBUG 27472 --- [           main] o.h.e.i.AbstractFlushingEventListener    : Flushed: 1 insertions, 1 updates, 0 deletions to 13 objects
2023-11-28T22:11:58.116-05:00 DEBUG 27472 --- [           main] o.h.e.i.AbstractFlushingEventListener    : Flushed: 2 (re)creations, 0 updates, 1 removals to 4 collections
2023-11-28T22:11:58.116-05:00 DEBUG 27472 --- [           main] o.hibernate.internal.util.EntityPrinter  : Listing entities:
2023-11-28T22:11:58.116-05:00 DEBUG 27472 --- [           main] o.hibernate.internal.util.EntityPrinter  : com.cash_flow_app.apicashflow.entities_repositories_and_services.base.authority.Authority{endpoint=User, permission=CREATE, id=f4f135be-a2b5-48d1-a9d0-2b14e82cc373}
2023-11-28T22:11:58.116-05:00 DEBUG 27472 --- [           main] o.hibernate.internal.util.EntityPrinter  : com.cash_flow_app.apicashflow.entities_repositories_and_services.base.authority.Authority{endpoint=User, permission=READ, id=35481739-2447-454f-8ec3-daf467bb2ae5}
2023-11-28T22:11:58.116-05:00 DEBUG 27472 --- [           main] o.hibernate.internal.util.EntityPrinter  : com.cash_flow_app.apicashflow.entities_repositories_and_services.base.account.Account{incomes_expenses=null, description=descripcion de cuenta, id=beee558b-a78d-485d-947d-0798087ea344, users=[com.cash_flow_app.apicashflow.entities_repositories_and_services.base.user.User#8f10c50d-448c-4bcb-922b-3de7474080c9, com.cash_flow_app.apicashflow.entities_repositories_and_services.base.user.User#8f10c50d-448c-4bcb-922b-3de7474080c9]}
2023-11-28T22:11:58.116-05:00 DEBUG 27472 --- [           main] o.hibernate.internal.util.EntityPrinter  : com.cash_flow_app.apicashflow.entities_repositories_and_services.base.authority.Authority{endpoint=IncomeExpense, permission=CREATE, id=4de61a19-9cab-469d-856c-169a503a3f70}
2023-11-28T22:11:58.116-05:00 DEBUG 27472 --- [           main] o.hibernate.internal.util.EntityPrinter  : com.cash_flow_app.apicashflow.entities_repositories_and_services.base.authority.Authority{endpoint=IncomeExpense, permission=DELETE, id=51c645c0-dc8a-45f9-88d1-533e63701dbe}
2023-11-28T22:11:58.116-05:00 DEBUG 27472 --- [           main] o.hibernate.internal.util.EntityPrinter  : com.cash_flow_app.apicashflow.entities_repositories_and_services.base.authority.Authority{endpoint=ScheduledAccount, permission=READ, id=fed8cd26-d658-4965-b57c-1be9bb9eb61c}
2023-11-28T22:11:58.116-05:00 DEBUG 27472 --- [           main] o.hibernate.internal.util.EntityPrinter  : com.cash_flow_app.apicashflow.entities_repositories_and_services.base.authority.Authority{endpoint=ScheduledAccount, permission=CREATE, id=bd7f10f2-85c9-49d0-9a90-f83a87d9cdae}
2023-11-28T22:11:58.116-05:00 DEBUG 27472 --- [           main] o.hibernate.internal.util.EntityPrinter  : com.cash_flow_app.apicashflow.entities_repositories_and_services.base.authority.Authority{endpoint=IncomeExpense, permission=READ, id=af9e383e-4459-4719-802e-94a22944b4b7}
2023-11-28T22:11:58.116-05:00 DEBUG 27472 --- [           main] o.hibernate.internal.util.EntityPrinter  : com.cash_flow_app.apicashflow.entities_repositories_and_services.base.authority.Authority{endpoint=Account, permission=DELETE, id=363894b3-8bdc-4764-ad13-d91f872e1a95}
2023-11-28T22:11:58.116-05:00 DEBUG 27472 --- [           main] o.hibernate.internal.util.EntityPrinter  : com.cash_flow_app.apicashflow.entities_repositories_and_services.base.authority.Authority{endpoint=ScheduledAccount, permission=DELETE, id=76cfdeb6-c100-4ed8-bb40-d15e53690430}
2023-11-28T22:11:58.116-05:00 DEBUG 27472 --- [           main] o.hibernate.internal.util.EntityPrinter  : com.cash_flow_app.apicashflow.entities_repositories_and_services.base.user.User{password=$2a$10$MNmVdb/j8HaKhT58kpYTL..ZzfKKWIp1mLLp0g1Nh.ugBtfx/oFbm, id=8f10c50d-448c-4bcb-922b-3de7474080c9, accounts=[com.cash_flow_app.apicashflow.entities_repositories_and_services.base.account.Account#beee558b-a78d-485d-947d-0798087ea344, com.cash_flow_app.apicashflow.entities_repositories_and_services.base.account.Account#beee558b-a78d-485d-947d-0798087ea344], authorities=[com.cash_flow_app.apicashflow.entities_repositories_and_services.base.authority.Authority#9aaf7d40-45f6-4ab6-90a9-a23f4c1b5f2f, com.cash_flow_app.apicashflow.entities_repositories_and_services.base.authority.Authority#b14a62f4-d04f-422a-a2a3-1f80e2635352, com.cash_flow_app.apicashflow.entities_repositories_and_services.base.authority.Authority#363894b3-8bdc-4764-ad13-d91f872e1a95, com.cash_flow_app.apicashflow.entities_repositories_and_services.base.authority.Authority#f4f135be-a2b5-48d1-a9d0-2b14e82cc373, com.cash_flow_app.apicashflow.entities_repositories_and_services.base.authority.Authority#35481739-2447-454f-8ec3-daf467bb2ae5, com.cash_flow_app.apicashflow.entities_repositories_and_services.base.authority.Authority#4de61a19-9cab-469d-856c-169a503a3f70, com.cash_flow_app.apicashflow.entities_repositories_and_services.base.authority.Authority#af9e383e-4459-4719-802e-94a22944b4b7, com.cash_flow_app.apicashflow.entities_repositories_and_services.base.authority.Authority#51c645c0-dc8a-45f9-88d1-533e63701dbe, com.cash_flow_app.apicashflow.entities_repositories_and_services.base.authority.Authority#bd7f10f2-85c9-49d0-9a90-f83a87d9cdae, com.cash_flow_app.apicashflow.entities_repositories_and_services.base.authority.Authority#fed8cd26-d658-4965-b57c-1be9bb9eb61c, com.cash_flow_app.apicashflow.entities_repositories_and_services.base.authority.Authority#76cfdeb6-c100-4ed8-bb40-d15e53690430], username=usuario_test}
2023-11-28T22:11:58.116-05:00 DEBUG 27472 --- [           main] o.hibernate.internal.util.EntityPrinter  : com.cash_flow_app.apicashflow.entities_repositories_and_services.base.authority.Authority{endpoint=Account, permission=CREATE, id=9aaf7d40-45f6-4ab6-90a9-a23f4c1b5f2f}
2023-11-28T22:11:58.116-05:00 DEBUG 27472 --- [           main] o.hibernate.internal.util.EntityPrinter  : com.cash_flow_app.apicashflow.entities_repositories_and_services.base.authority.Authority{endpoint=Account, permission=READ, id=b14a62f4-d04f-422a-a2a3-1f80e2635352}
2023-11-28T22:11:58.116-05:00 DEBUG 27472 --- [           main] org.hibernate.engine.spi.ActionQueue     : Changes must be flushed to space: users
2023-11-28T22:11:58.116-05:00 DEBUG 27472 --- [           main] org.hibernate.SQL                        : 
    insert 
    into
        accounts
        (description, id) 
    values
        (?, ?)
2023-11-28T22:11:58.117-05:00 DEBUG 27472 --- [           main] o.h.p.c.AbstractCollectionPersister      : Inserting collection: [com.cash_flow_app.apicashflow.entities_repositories_and_services.base.user.User.accounts#8f10c50d-448c-4bcb-922b-3de7474080c9]
2023-11-28T22:11:58.117-05:00 DEBUG 27472 --- [           main] org.hibernate.SQL                        : 
    insert 
    into
        user_account
        (user_id, account_id) 
    values
        (?, ?)
2023-11-28T22:11:58.117-05:00 DEBUG 27472 --- [           main] org.hibernate.SQL                        : 
    insert 
    into
        user_account
        (user_id, account_id) 
    values
        (?, ?)
2023-11-28T22:11:58.117-05:00 DEBUG 27472 --- [           main] o.h.engine.jdbc.spi.SqlExceptionHelper   : could not execute statement [n/a]

org.postgresql.util.PSQLException: ERROR: duplicate key value violates unique constraint "user_account_pkey"
  Detail: Key (user_id, account_id)=(8f10c50d-448c-4bcb-922b-3de7474080c9, beee558b-a78d-485d-947d-0798087ea344) already exists.
	at org.postgresql.core.v3.QueryExecutorImpl.receiveErrorResponse(QueryExecutorImpl.java:2676) ~[postgresql-42.5.4.jar:42.5.4]
	at org.postgresql.core.v3.QueryExecutorImpl.processResults(QueryExecutorImpl.java:2366) ~[postgresql-42.5.4.jar:42.5.4]
	at org.postgresql.core.v3.QueryExecutorImpl.execute(QueryExecutorImpl.java:356) ~[postgresql-42.5.4.jar:42.5.4]
	at org.postgresql.jdbc.PgStatement.executeInternal(PgStatement.java:496) ~[postgresql-42.5.4.jar:42.5.4]
	at org.postgresql.jdbc.PgStatement.execute(PgStatement.java:413) ~[postgresql-42.5.4.jar:42.5.4]
	at org.postgresql.jdbc.PgPreparedStatement.executeWithFlags(PgPreparedStatement.java:190) ~[postgresql-42.5.4.jar:42.5.4]
	at org.postgresql.jdbc.PgPreparedStatement.executeUpdate(PgPreparedStatement.java:152) ~[postgresql-42.5.4.jar:42.5.4]
	at com.zaxxer.hikari.pool.ProxyPreparedStatement.executeUpdate(ProxyPreparedStatement.java:61) ~[HikariCP-5.0.1.jar:na]
	at com.zaxxer.hikari.pool.HikariProxyPreparedStatement.executeUpdate(HikariProxyPreparedStatement.java) ~[HikariCP-5.0.1.jar:na]
	at org.hibernate.engine.jdbc.internal.ResultSetReturnImpl.executeUpdate(ResultSetReturnImpl.java:197) ~[hibernate-core-6.1.7.Final.jar:6.1.7.Final]
	at org.hibernate.engine.jdbc.batch.internal.NonBatchingBatch.addToBatch(NonBatchingBatch.java:39) ~[hibernate-core-6.1.7.Final.jar:6.1.7.Final]
	at org.hibernate.persister.collection.AbstractCollectionPersister.recreate(AbstractCollectionPersister.java:1478) ~[hibernate-core-6.1.7.Final.jar:6.1.7.Final]
	at org.hibernate.action.internal.CollectionRecreateAction.execute(CollectionRecreateAction.java:47) ~[hibernate-core-6.1.7.Final.jar:6.1.7.Final]
	at org.hibernate.engine.spi.ActionQueue.executeActions(ActionQueue.java:612) ~[hibernate-core-6.1.7.Final.jar:6.1.7.Final]
	at org.hibernate.engine.spi.ActionQueue.lambda$executeActions$1(ActionQueue.java:483) ~[hibernate-core-6.1.7.Final.jar:6.1.7.Final]
	at java.base/java.util.LinkedHashMap.forEach(LinkedHashMap.java:729) ~[na:na]
	at org.hibernate.engine.spi.ActionQueue.executeActions(ActionQueue.java:480) ~[hibernate-core-6.1.7.Final.jar:6.1.7.Final]
	at org.hibernate.event.internal.AbstractFlushingEventListener.performExecutions(AbstractFlushingEventListener.java:329) ~[hibernate-core-6.1.7.Final.jar:6.1.7.Final]
	at org.hibernate.event.internal.DefaultAutoFlushEventListener.onAutoFlush(DefaultAutoFlushEventListener.java:55) ~[hibernate-core-6.1.7.Final.jar:6.1.7.Final]
	at org.hibernate.event.service.internal.EventListenerGroupImpl.fireEventOnEachListener(EventListenerGroupImpl.java:107) ~[hibernate-core-6.1.7.Final.jar:6.1.7.Final]
	at org.hibernate.internal.SessionImpl.autoFlushIfRequired(SessionImpl.java:1388) ~[hibernate-core-6.1.7.Final.jar:6.1.7.Final]
	at org.hibernate.query.sqm.internal.ConcreteSqmSelectQueryPlan.lambda$new$0(ConcreteSqmSelectQueryPlan.java:111) ~[hibernate-core-6.1.7.Final.jar:6.1.7.Final]
	at org.hibernate.query.sqm.internal.ConcreteSqmSelectQueryPlan.withCacheableSqmInterpretation(ConcreteSqmSelectQueryPlan.java:335) ~[hibernate-core-6.1.7.Final.jar:6.1.7.Final]
	at org.hibernate.query.sqm.internal.ConcreteSqmSelectQueryPlan.performList(ConcreteSqmSelectQueryPlan.java:276) ~[hibernate-core-6.1.7.Final.jar:6.1.7.Final]
	at org.hibernate.query.sqm.internal.QuerySqmImpl.doList(QuerySqmImpl.java:571) ~[hibernate-core-6.1.7.Final.jar:6.1.7.Final]
	at org.hibernate.query.spi.AbstractSelectionQuery.list(AbstractSelectionQuery.java:363) ~[hibernate-core-6.1.7.Final.jar:6.1.7.Final]
	at org.hibernate.query.sqm.internal.QuerySqmImpl.list(QuerySqmImpl.java:1073) ~[hibernate-core-6.1.7.Final.jar:6.1.7.Final]
	at org.hibernate.query.spi.AbstractSelectionQuery.getSingleResult(AbstractSelectionQuery.java:457) ~[hibernate-core-6.1.7.Final.jar:6.1.7.Final]
	at org.hibernate.query.sqm.internal.QuerySqmImpl.getSingleResult(QuerySqmImpl.java:1103) ~[hibernate-core-6.1.7.Final.jar:6.1.7.Final]
	at org.springframework.data.jpa.repository.query.JpaQueryExecution$SingleEntityExecution.doExecute(JpaQueryExecution.java:193) ~[spring-data-jpa-3.0.5.jar:3.0.5]
	at org.springframework.data.jpa.repository.query.JpaQueryExecution.execute(JpaQueryExecution.java:90) ~[spring-data-jpa-3.0.5.jar:3.0.5]
	at org.springframework.data.jpa.repository.query.AbstractJpaQuery.doExecute(AbstractJpaQuery.java:148) ~[spring-data-jpa-3.0.5.jar:3.0.5]
	at org.springframework.data.jpa.repository.query.AbstractJpaQuery.execute(AbstractJpaQuery.java:136) ~[spring-data-jpa-3.0.5.jar:3.0.5]
	at org.springframework.data.repository.core.support.RepositoryMethodInvoker.doInvoke(RepositoryMethodInvoker.java:136) ~[spring-data-commons-3.0.5.jar:3.0.5]
	at org.springframework.data.repository.core.support.RepositoryMethodInvoker.invoke(RepositoryMethodInvoker.java:120) ~[spring-data-commons-3.0.5.jar:3.0.5]
	at org.springframework.data.repository.core.support.QueryExecutorMethodInterceptor.doInvoke(QueryExecutorMethodInterceptor.java:164) ~[spring-data-commons-3.0.5.jar:3.0.5]
	at org.springframework.data.repository.core.support.QueryExecutorMethodInterceptor.invoke(QueryExecutorMethodInterceptor.java:143) ~[spring-data-commons-3.0.5.jar:3.0.5]
	at org.springframework.aop.framework.ReflectiveMethodInvocation.proceed(ReflectiveMethodInvocation.java:184) ~[spring-aop-6.0.8.jar:6.0.8]
	at org.springframework.data.projection.DefaultMethodInvokingMethodInterceptor.invoke(DefaultMethodInvokingMethodInterceptor.java:77) ~[spring-data-commons-3.0.5.jar:3.0.5]
	at org.springframework.aop.framework.ReflectiveMethodInvocation.proceed(ReflectiveMethodInvocation.java:184) ~[spring-aop-6.0.8.jar:6.0.8]
	at org.springframework.transaction.interceptor.TransactionInterceptor$1.proceedWithInvocation(TransactionInterceptor.java:123) ~[spring-tx-6.0.8.jar:6.0.8]
	at org.springframework.transaction.interceptor.TransactionAspectSupport.invokeWithinTransaction(TransactionAspectSupport.java:391) ~[spring-tx-6.0.8.jar:6.0.8]
	at org.springframework.transaction.interceptor.TransactionInterceptor.invoke(TransactionInterceptor.java:119) ~[spring-tx-6.0.8.jar:6.0.8]
	at org.springframework.aop.framework.ReflectiveMethodInvocation.proceed(ReflectiveMethodInvocation.java:184) ~[spring-aop-6.0.8.jar:6.0.8]
	at org.springframework.dao.support.PersistenceExceptionTranslationInterceptor.invoke(PersistenceExceptionTranslationInterceptor.java:137) ~[spring-tx-6.0.8.jar:6.0.8]
	at org.springframework.aop.framework.ReflectiveMethodInvocation.proceed(ReflectiveMethodInvocation.java:184) ~[spring-aop-6.0.8.jar:6.0.8]
	at org.springframework.data.jpa.repository.support.CrudMethodMetadataPostProcessor$CrudMethodMetadataPopulatingMethodInterceptor.invoke(CrudMethodMetadataPostProcessor.java:134) ~[spring-data-jpa-3.0.5.jar:3.0.5]
	at org.springframework.aop.framework.ReflectiveMethodInvocation.proceed(ReflectiveMethodInvocation.java:184) ~[spring-aop-6.0.8.jar:6.0.8]
	at org.springframework.aop.interceptor.ExposeInvocationInterceptor.invoke(ExposeInvocationInterceptor.java:97) ~[spring-aop-6.0.8.jar:6.0.8]
	at org.springframework.aop.framework.ReflectiveMethodInvocation.proceed(ReflectiveMethodInvocation.java:184) ~[spring-aop-6.0.8.jar:6.0.8]
	at org.springframework.aop.framework.JdkDynamicAopProxy.invoke(JdkDynamicAopProxy.java:223) ~[spring-aop-6.0.8.jar:6.0.8]
	at jdk.proxy2/jdk.proxy2.$Proxy148.findByUsername(Unknown Source) ~[na:na]
	at com.cash_flow_app.apicashflow.entities_repositories_and_services.base.user.UserService.findByUsername(UserService.java:56) ~[classes/:na]
	at com.cash_flow_app.apicashflow.entities_repositories_and_services.base.security.LoginService.loadUserByUsername(LoginService.java:18) ~[classes/:na]
	at com.cash_flow_app.apicashflow.utils.TokenUtils.getAuthentication(TokenUtils.java:40) ~[classes/:na]
	at com.cash_flow_app.apicashflow.entities_repositories_and_services.base.security.JWTAuthorizationFilter.doFilterInternal(JWTAuthorizationFilter.java:27) ~[classes/:na]
	at org.springframework.web.filter.OncePerRequestFilter.doFilter(OncePerRequestFilter.java:116) ~[spring-web-6.0.8.jar:6.0.8]
	at org.springframework.security.web.ObservationFilterChainDecorator$ObservationFilter.wrapFilter(ObservationFilterChainDecorator.java:185) ~[spring-security-web-6.0.3.jar:6.0.3]
	at org.springframework.security.web.ObservationFilterChainDecorator$ObservationFilter.doFilter(ObservationFilterChainDecorator.java:172) ~[spring-security-web-6.0.3.jar:6.0.3]
	at org.springframework.security.web.ObservationFilterChainDecorator$VirtualFilterChain.doFilter(ObservationFilterChainDecorator.java:133) ~[spring-security-web-6.0.3.jar:6.0.3]
	at org.springframework.security.web.authentication.logout.LogoutFilter.doFilter(LogoutFilter.java:107) ~[spring-security-web-6.0.3.jar:6.0.3]
	at org.springframework.security.web.authentication.logout.LogoutFilter.doFilter(LogoutFilter.java:93) ~[spring-security-web-6.0.3.jar:6.0.3]
	at org.springframework.security.web.ObservationFilterChainDecorator$ObservationFilter.wrapFilter(ObservationFilterChainDecorator.java:185) ~[spring-security-web-6.0.3.jar:6.0.3]
	at org.springframework.security.web.ObservationFilterChainDecorator$ObservationFilter.doFilter(ObservationFilterChainDecorator.java:172) ~[spring-security-web-6.0.3.jar:6.0.3]
	at org.springframework.security.web.ObservationFilterChainDecorator$VirtualFilterChain.doFilter(ObservationFilterChainDecorator.java:133) ~[spring-security-web-6.0.3.jar:6.0.3]
	at org.springframework.web.filter.CorsFilter.doFilterInternal(CorsFilter.java:91) ~[spring-web-6.0.8.jar:6.0.8]
	at org.springframework.web.filter.OncePerRequestFilter.doFilter(OncePerRequestFilter.java:116) ~[spring-web-6.0.8.jar:6.0.8]
	at org.springframework.security.web.ObservationFilterChainDecorator$ObservationFilter.wrapFilter(ObservationFilterChainDecorator.java:185) ~[spring-security-web-6.0.3.jar:6.0.3]
	at org.springframework.security.web.ObservationFilterChainDecorator$ObservationFilter.doFilter(ObservationFilterChainDecorator.java:172) ~[spring-security-web-6.0.3.jar:6.0.3]
	at org.springframework.security.web.ObservationFilterChainDecorator$VirtualFilterChain.doFilter(ObservationFilterChainDecorator.java:133) ~[spring-security-web-6.0.3.jar:6.0.3]
	at org.springframework.security.web.header.HeaderWriterFilter.doHeadersAfter(HeaderWriterFilter.java:90) ~[spring-security-web-6.0.3.jar:6.0.3]
	at org.springframework.security.web.header.HeaderWriterFilter.doFilterInternal(HeaderWriterFilter.java:75) ~[spring-security-web-6.0.3.jar:6.0.3]
	at org.springframework.web.filter.OncePerRequestFilter.doFilter(OncePerRequestFilter.java:116) ~[spring-web-6.0.8.jar:6.0.8]
	at org.springframework.security.web.ObservationFilterChainDecorator$ObservationFilter.wrapFilter(ObservationFilterChainDecorator.java:185) ~[spring-security-web-6.0.3.jar:6.0.3]
	at org.springframework.security.web.ObservationFilterChainDecorator$ObservationFilter.doFilter(ObservationFilterChainDecorator.java:172) ~[spring-security-web-6.0.3.jar:6.0.3]
	at org.springframework.security.web.ObservationFilterChainDecorator$VirtualFilterChain.doFilter(ObservationFilterChainDecorator.java:133) ~[spring-security-web-6.0.3.jar:6.0.3]
	at org.springframework.security.web.context.SecurityContextHolderFilter.doFilter(SecurityContextHolderFilter.java:82) ~[spring-security-web-6.0.3.jar:6.0.3]
	at org.springframework.security.web.context.SecurityContextHolderFilter.doFilter(SecurityContextHolderFilter.java:69) ~[spring-security-web-6.0.3.jar:6.0.3]
	at org.springframework.security.web.ObservationFilterChainDecorator$ObservationFilter.wrapFilter(ObservationFilterChainDecorator.java:185) ~[spring-security-web-6.0.3.jar:6.0.3]
	at org.springframework.security.web.ObservationFilterChainDecorator$ObservationFilter.doFilter(ObservationFilterChainDecorator.java:172) ~[spring-security-web-6.0.3.jar:6.0.3]
	at org.springframework.security.web.ObservationFilterChainDecorator$VirtualFilterChain.doFilter(ObservationFilterChainDecorator.java:133) ~[spring-security-web-6.0.3.jar:6.0.3]
	at org.springframework.security.web.context.request.async.WebAsyncManagerIntegrationFilter.doFilterInternal(WebAsyncManagerIntegrationFilter.java:62) ~[spring-security-web-6.0.3.jar:6.0.3]
	at org.springframework.web.filter.OncePerRequestFilter.doFilter(OncePerRequestFilter.java:116) ~[spring-web-6.0.8.jar:6.0.8]
	at org.springframework.security.web.ObservationFilterChainDecorator$ObservationFilter.wrapFilter(ObservationFilterChainDecorator.java:185) ~[spring-security-web-6.0.3.jar:6.0.3]
	at org.springframework.security.web.ObservationFilterChainDecorator$ObservationFilter.doFilter(ObservationFilterChainDecorator.java:172) ~[spring-security-web-6.0.3.jar:6.0.3]
	at org.springframework.security.web.ObservationFilterChainDecorator$VirtualFilterChain.doFilter(ObservationFilterChainDecorator.java:133) ~[spring-security-web-6.0.3.jar:6.0.3]
	at org.springframework.security.web.session.ForceEagerSessionCreationFilter.doFilterInternal(ForceEagerSessionCreationFilter.java:45) ~[spring-security-web-6.0.3.jar:6.0.3]
	at org.springframework.web.filter.OncePerRequestFilter.doFilter(OncePerRequestFilter.java:116) ~[spring-web-6.0.8.jar:6.0.8]
	at org.springframework.security.web.ObservationFilterChainDecorator$ObservationFilter.wrapFilter(ObservationFilterChainDecorator.java:185) ~[spring-security-web-6.0.3.jar:6.0.3]
	at org.springframework.security.web.ObservationFilterChainDecorator$ObservationFilter.doFilter(ObservationFilterChainDecorator.java:172) ~[spring-security-web-6.0.3.jar:6.0.3]
	at org.springframework.security.web.ObservationFilterChainDecorator$VirtualFilterChain.doFilter(ObservationFilterChainDecorator.java:133) ~[spring-security-web-6.0.3.jar:6.0.3]
	at org.springframework.security.web.session.DisableEncodeUrlFilter.doFilterInternal(DisableEncodeUrlFilter.java:42) ~[spring-security-web-6.0.3.jar:6.0.3]
	at org.springframework.web.filter.OncePerRequestFilter.doFilter(OncePerRequestFilter.java:116) ~[spring-web-6.0.8.jar:6.0.8]
	at org.springframework.security.web.ObservationFilterChainDecorator$ObservationFilter.wrapFilter(ObservationFilterChainDecorator.java:185) ~[spring-security-web-6.0.3.jar:6.0.3]
	at org.springframework.security.web.ObservationFilterChainDecorator$AroundFilterObservation$SimpleAroundFilterObservation.lambda$wrap$0(ObservationFilterChainDecorator.java:268) ~[spring-security-web-6.0.3.jar:6.0.3]
	at org.springframework.security.web.ObservationFilterChainDecorator$ObservationFilter.doFilter(ObservationFilterChainDecorator.java:169) ~[spring-security-web-6.0.3.jar:6.0.3]
	at org.springframework.security.web.ObservationFilterChainDecorator$VirtualFilterChain.doFilter(ObservationFilterChainDecorator.java:133) ~[spring-security-web-6.0.3.jar:6.0.3]
	at org.springframework.security.web.FilterChainProxy.doFilterInternal(FilterChainProxy.java:233) ~[spring-security-web-6.0.3.jar:6.0.3]
	at org.springframework.security.web.FilterChainProxy.doFilter(FilterChainProxy.java:191) ~[spring-security-web-6.0.3.jar:6.0.3]
	at org.springframework.web.filter.DelegatingFilterProxy.invokeDelegate(DelegatingFilterProxy.java:352) ~[spring-web-6.0.8.jar:6.0.8]
	at org.springframework.web.filter.DelegatingFilterProxy.doFilter(DelegatingFilterProxy.java:268) ~[spring-web-6.0.8.jar:6.0.8]
	at org.springframework.mock.web.MockFilterChain.doFilter(MockFilterChain.java:132) ~[spring-test-6.0.8.jar:6.0.8]
	at org.springframework.web.filter.RequestContextFilter.doFilterInternal(RequestContextFilter.java:100) ~[spring-web-6.0.8.jar:6.0.8]
	at org.springframework.web.filter.OncePerRequestFilter.doFilter(OncePerRequestFilter.java:116) ~[spring-web-6.0.8.jar:6.0.8]
	at org.springframework.mock.web.MockFilterChain.doFilter(MockFilterChain.java:132) ~[spring-test-6.0.8.jar:6.0.8]
	at org.springframework.web.filter.FormContentFilter.doFilterInternal(FormContentFilter.java:93) ~[spring-web-6.0.8.jar:6.0.8]
	at org.springframework.web.filter.OncePerRequestFilter.doFilter(OncePerRequestFilter.java:116) ~[spring-web-6.0.8.jar:6.0.8]
	at org.springframework.mock.web.MockFilterChain.doFilter(MockFilterChain.java:132) ~[spring-test-6.0.8.jar:6.0.8]
	at org.springframework.web.filter.ServerHttpObservationFilter.doFilterInternal(ServerHttpObservationFilter.java:109) ~[spring-web-6.0.8.jar:6.0.8]
	at org.springframework.web.filter.OncePerRequestFilter.doFilter(OncePerRequestFilter.java:116) ~[spring-web-6.0.8.jar:6.0.8]
	at org.springframework.mock.web.MockFilterChain.doFilter(MockFilterChain.java:132) ~[spring-test-6.0.8.jar:6.0.8]
	at org.springframework.web.filter.CharacterEncodingFilter.doFilterInternal(CharacterEncodingFilter.java:201) ~[spring-web-6.0.8.jar:6.0.8]
	at org.springframework.web.filter.OncePerRequestFilter.doFilter(OncePerRequestFilter.java:116) ~[spring-web-6.0.8.jar:6.0.8]
	at org.springframework.mock.web.MockFilterChain.doFilter(MockFilterChain.java:132) ~[spring-test-6.0.8.jar:6.0.8]
	at org.springframework.test.web.servlet.MockMvc.perform(MockMvc.java:201) ~[spring-test-6.0.8.jar:6.0.8]
	at com.cash_flow_app.apicashflow.controller.ScheduledAccountControllerTest.createIncomeExpenseResult(ScheduledAccountControllerTest.java:297) ~[test-classes/:na]
	at com.cash_flow_app.apicashflow.controller.ScheduledAccountControllerTest.getScheduledAccountByIncomeExpenseId(ScheduledAccountControllerTest.java:218) ~[test-classes/:na]
	at java.base/jdk.internal.reflect.DirectMethodHandleAccessor.invoke(DirectMethodHandleAccessor.java:104) ~[na:na]
	at java.base/java.lang.reflect.Method.invoke(Method.java:578) ~[na:na]
	at org.junit.platform.commons.util.ReflectionUtils.invokeMethod(ReflectionUtils.java:727) ~[junit-platform-commons-1.9.2.jar:1.9.2]
	at org.junit.jupiter.engine.execution.MethodInvocation.proceed(MethodInvocation.java:60) ~[junit-jupiter-engine-5.9.2.jar:5.9.2]
	at org.junit.jupiter.engine.execution.InvocationInterceptorChain$ValidatingInvocation.proceed(InvocationInterceptorChain.java:131) ~[junit-jupiter-engine-5.9.2.jar:5.9.2]
	at org.junit.jupiter.engine.extension.TimeoutExtension.intercept(TimeoutExtension.java:156) ~[junit-jupiter-engine-5.9.2.jar:5.9.2]
	at org.junit.jupiter.engine.extension.TimeoutExtension.interceptTestableMethod(TimeoutExtension.java:147) ~[junit-jupiter-engine-5.9.2.jar:5.9.2]
	at org.junit.jupiter.engine.extension.TimeoutExtension.interceptTestMethod(TimeoutExtension.java:86) ~[junit-jupiter-engine-5.9.2.jar:5.9.2]
	at org.junit.jupiter.engine.execution.InterceptingExecutableInvoker$ReflectiveInterceptorCall.lambda$ofVoidMethod$0(InterceptingExecutableInvoker.java:103) ~[junit-jupiter-engine-5.9.2.jar:5.9.2]
	at org.junit.jupiter.engine.execution.InterceptingExecutableInvoker.lambda$invoke$0(InterceptingExecutableInvoker.java:93) ~[junit-jupiter-engine-5.9.2.jar:5.9.2]
	at org.junit.jupiter.engine.execution.InvocationInterceptorChain$InterceptedInvocation.proceed(InvocationInterceptorChain.java:106) ~[junit-jupiter-engine-5.9.2.jar:5.9.2]
	at org.junit.jupiter.engine.execution.InvocationInterceptorChain.proceed(InvocationInterceptorChain.java:64) ~[junit-jupiter-engine-5.9.2.jar:5.9.2]
	at org.junit.jupiter.engine.execution.InvocationInterceptorChain.chainAndInvoke(InvocationInterceptorChain.java:45) ~[junit-jupiter-engine-5.9.2.jar:5.9.2]
	at org.junit.jupiter.engine.execution.InvocationInterceptorChain.invoke(InvocationInterceptorChain.java:37) ~[junit-jupiter-engine-5.9.2.jar:5.9.2]
	at org.junit.jupiter.engine.execution.InterceptingExecutableInvoker.invoke(InterceptingExecutableInvoker.java:92) ~[junit-jupiter-engine-5.9.2.jar:5.9.2]
	at org.junit.jupiter.engine.execution.InterceptingExecutableInvoker.invoke(InterceptingExecutableInvoker.java:86) ~[junit-jupiter-engine-5.9.2.jar:5.9.2]
	at org.junit.jupiter.engine.descriptor.TestMethodTestDescriptor.lambda$invokeTestMethod$7(TestMethodTestDescriptor.java:217) ~[junit-jupiter-engine-5.9.2.jar:5.9.2]
	at org.junit.platform.engine.support.hierarchical.ThrowableCollector.execute(ThrowableCollector.java:73) ~[junit-platform-engine-1.9.2.jar:1.9.2]
	at org.junit.jupiter.engine.descriptor.TestMethodTestDescriptor.invokeTestMethod(TestMethodTestDescriptor.java:213) ~[junit-jupiter-engine-5.9.2.jar:5.9.2]
	at org.junit.jupiter.engine.descriptor.TestMethodTestDescriptor.execute(TestMethodTestDescriptor.java:138) ~[junit-jupiter-engine-5.9.2.jar:5.9.2]
	at org.junit.jupiter.engine.descriptor.TestMethodTestDescriptor.execute(TestMethodTestDescriptor.java:68) ~[junit-jupiter-engine-5.9.2.jar:5.9.2]
	at org.junit.platform.engine.support.hierarchical.NodeTestTask.lambda$executeRecursively$6(NodeTestTask.java:151) ~[junit-platform-engine-1.9.2.jar:1.9.2]
	at org.junit.platform.engine.support.hierarchical.ThrowableCollector.execute(ThrowableCollector.java:73) ~[junit-platform-engine-1.9.2.jar:1.9.2]
	at org.junit.platform.engine.support.hierarchical.NodeTestTask.lambda$executeRecursively$8(NodeTestTask.java:141) ~[junit-platform-engine-1.9.2.jar:1.9.2]
	at org.junit.platform.engine.support.hierarchical.Node.around(Node.java:137) ~[junit-platform-engine-1.9.2.jar:1.9.2]
	at org.junit.platform.engine.support.hierarchical.NodeTestTask.lambda$executeRecursively$9(NodeTestTask.java:139) ~[junit-platform-engine-1.9.2.jar:1.9.2]
	at org.junit.platform.engine.support.hierarchical.ThrowableCollector.execute(ThrowableCollector.java:73) ~[junit-platform-engine-1.9.2.jar:1.9.2]
	at org.junit.platform.engine.support.hierarchical.NodeTestTask.executeRecursively(NodeTestTask.java:138) ~[junit-platform-engine-1.9.2.jar:1.9.2]
	at org.junit.platform.engine.support.hierarchical.NodeTestTask.execute(NodeTestTask.java:95) ~[junit-platform-engine-1.9.2.jar:1.9.2]
	at java.base/java.util.ArrayList.forEach(ArrayList.java:1511) ~[na:na]
	at org.junit.platform.engine.support.hierarchical.SameThreadHierarchicalTestExecutorService.invokeAll(SameThreadHierarchicalTestExecutorService.java:41) ~[junit-platform-engine-1.9.2.jar:1.9.2]
	at org.junit.platform.engine.support.hierarchical.NodeTestTask.lambda$executeRecursively$6(NodeTestTask.java:155) ~[junit-platform-engine-1.9.2.jar:1.9.2]
	at org.junit.platform.engine.support.hierarchical.ThrowableCollector.execute(ThrowableCollector.java:73) ~[junit-platform-engine-1.9.2.jar:1.9.2]
	at org.junit.platform.engine.support.hierarchical.NodeTestTask.lambda$executeRecursively$8(NodeTestTask.java:141) ~[junit-platform-engine-1.9.2.jar:1.9.2]
	at org.junit.platform.engine.support.hierarchical.Node.around(Node.java:137) ~[junit-platform-engine-1.9.2.jar:1.9.2]
	at org.junit.platform.engine.support.hierarchical.NodeTestTask.lambda$executeRecursively$9(NodeTestTask.java:139) ~[junit-platform-engine-1.9.2.jar:1.9.2]
	at org.junit.platform.engine.support.hierarchical.ThrowableCollector.execute(ThrowableCollector.java:73) ~[junit-platform-engine-1.9.2.jar:1.9.2]
	at org.junit.platform.engine.support.hierarchical.NodeTestTask.executeRecursively(NodeTestTask.java:138) ~[junit-platform-engine-1.9.2.jar:1.9.2]
	at org.junit.platform.engine.support.hierarchical.NodeTestTask.execute(NodeTestTask.java:95) ~[junit-platform-engine-1.9.2.jar:1.9.2]
	at java.base/java.util.ArrayList.forEach(ArrayList.java:1511) ~[na:na]
	at org.junit.platform.engine.support.hierarchical.SameThreadHierarchicalTestExecutorService.invokeAll(SameThreadHierarchicalTestExecutorService.java:41) ~[junit-platform-engine-1.9.2.jar:1.9.2]
	at org.junit.platform.engine.support.hierarchical.NodeTestTask.lambda$executeRecursively$6(NodeTestTask.java:155) ~[junit-platform-engine-1.9.2.jar:1.9.2]
	at org.junit.platform.engine.support.hierarchical.ThrowableCollector.execute(ThrowableCollector.java:73) ~[junit-platform-engine-1.9.2.jar:1.9.2]
	at org.junit.platform.engine.support.hierarchical.NodeTestTask.lambda$executeRecursively$8(NodeTestTask.java:141) ~[junit-platform-engine-1.9.2.jar:1.9.2]
	at org.junit.platform.engine.support.hierarchical.Node.around(Node.java:137) ~[junit-platform-engine-1.9.2.jar:1.9.2]
	at org.junit.platform.engine.support.hierarchical.NodeTestTask.lambda$executeRecursively$9(NodeTestTask.java:139) ~[junit-platform-engine-1.9.2.jar:1.9.2]
	at org.junit.platform.engine.support.hierarchical.ThrowableCollector.execute(ThrowableCollector.java:73) ~[junit-platform-engine-1.9.2.jar:1.9.2]
	at org.junit.platform.engine.support.hierarchical.NodeTestTask.executeRecursively(NodeTestTask.java:138) ~[junit-platform-engine-1.9.2.jar:1.9.2]
	at org.junit.platform.engine.support.hierarchical.NodeTestTask.execute(NodeTestTask.java:95) ~[junit-platform-engine-1.9.2.jar:1.9.2]
	at org.junit.platform.engine.support.hierarchical.SameThreadHierarchicalTestExecutorService.submit(SameThreadHierarchicalTestExecutorService.java:35) ~[junit-platform-engine-1.9.2.jar:1.9.2]
	at org.junit.platform.engine.support.hierarchical.HierarchicalTestExecutor.execute(HierarchicalTestExecutor.java:57) ~[junit-platform-engine-1.9.2.jar:1.9.2]
	at org.junit.platform.engine.support.hierarchical.HierarchicalTestEngine.execute(HierarchicalTestEngine.java:54) ~[junit-platform-engine-1.9.2.jar:1.9.2]
	at org.junit.platform.launcher.core.DefaultLauncher.execute(DefaultLauncher.java:220) ~[junit-platform-launcher-1.3.1.jar:1.3.1]
	at org.junit.platform.launcher.core.DefaultLauncher.lambda$execute$6(DefaultLauncher.java:188) ~[junit-platform-launcher-1.3.1.jar:1.3.1]
	at org.junit.platform.launcher.core.DefaultLauncher.withInterceptedStreams(DefaultLauncher.java:202) ~[junit-platform-launcher-1.3.1.jar:1.3.1]
	at org.junit.platform.launcher.core.DefaultLauncher.execute(DefaultLauncher.java:181) ~[junit-platform-launcher-1.3.1.jar:1.3.1]
	at org.junit.platform.launcher.core.DefaultLauncher.execute(DefaultLauncher.java:128) ~[junit-platform-launcher-1.3.1.jar:1.3.1]
	at org.apache.maven.surefire.junitplatform.JUnitPlatformProvider.invokeAllTests(JUnitPlatformProvider.java:150) ~[surefire-junit-platform-2.22.2.jar:2.22.2]
	at org.apache.maven.surefire.junitplatform.JUnitPlatformProvider.invoke(JUnitPlatformProvider.java:124) ~[surefire-junit-platform-2.22.2.jar:2.22.2]
	at org.apache.maven.surefire.booter.ForkedBooter.invokeProviderInSameClassLoader(ForkedBooter.java:384) ~[surefire-booter-2.22.2.jar:2.22.2]
	at org.apache.maven.surefire.booter.ForkedBooter.runSuitesInProcess(ForkedBooter.java:345) ~[surefire-booter-2.22.2.jar:2.22.2]
	at org.apache.maven.surefire.booter.ForkedBooter.execute(ForkedBooter.java:126) ~[surefire-booter-2.22.2.jar:2.22.2]
	at org.apache.maven.surefire.booter.ForkedBooter.main(ForkedBooter.java:418) ~[surefire-booter-2.22.2.jar:2.22.2]

2023-11-28T22:11:58.118-05:00  WARN 27472 --- [           main] o.h.engine.jdbc.spi.SqlExceptionHelper   : SQL Error: 0, SQLState: 23505
2023-11-28T22:11:58.118-05:00 ERROR 27472 --- [           main] o.h.engine.jdbc.spi.SqlExceptionHelper   : ERROR: duplicate key value violates unique constraint "user_account_pkey"
  Detail: Key (user_id, account_id)=(8f10c50d-448c-4bcb-922b-3de7474080c9, beee558b-a78d-485d-947d-0798087ea344) already exists.
2023-11-28T22:11:58.118-05:00  INFO 27472 --- [           main] o.h.e.j.b.internal.AbstractBatchImpl     : HHH000010: On release of batch it still contained JDBC statements
2023-11-28T22:11:58.118-05:00 DEBUG 27472 --- [           main] cResourceLocalTransactionCoordinatorImpl : JDBC transaction marked for rollback-only (exception provided for stack trace)

java.lang.Exception: exception just for purpose of providing stack trace
	at org.hibernate.resource.transaction.backend.jdbc.internal.JdbcResourceLocalTransactionCoordinatorImpl$TransactionDriverControlImpl.markRollbackOnly(JdbcResourceLocalTransactionCoordinatorImpl.java:324) ~[hibernate-core-6.1.7.Final.jar:6.1.7.Final]
	at org.hibernate.engine.transaction.internal.TransactionImpl.markRollbackOnly(TransactionImpl.java:203) ~[hibernate-core-6.1.7.Final.jar:6.1.7.Final]
	at org.hibernate.internal.AbstractSharedSessionContract.markForRollbackOnly(AbstractSharedSessionContract.java:434) ~[hibernate-core-6.1.7.Final.jar:6.1.7.Final]
	at org.hibernate.internal.ExceptionConverterImpl.handlePersistenceException(ExceptionConverterImpl.java:291) ~[hibernate-core-6.1.7.Final.jar:6.1.7.Final]
	at org.hibernate.internal.ExceptionConverterImpl.convert(ExceptionConverterImpl.java:168) ~[hibernate-core-6.1.7.Final.jar:6.1.7.Final]
	at org.hibernate.query.spi.AbstractSelectionQuery.list(AbstractSelectionQuery.java:374) ~[hibernate-core-6.1.7.Final.jar:6.1.7.Final]
	at org.hibernate.query.sqm.internal.QuerySqmImpl.list(QuerySqmImpl.java:1073) ~[hibernate-core-6.1.7.Final.jar:6.1.7.Final]
	at org.hibernate.query.spi.AbstractSelectionQuery.getSingleResult(AbstractSelectionQuery.java:457) ~[hibernate-core-6.1.7.Final.jar:6.1.7.Final]
	at org.hibernate.query.sqm.internal.QuerySqmImpl.getSingleResult(QuerySqmImpl.java:1103) ~[hibernate-core-6.1.7.Final.jar:6.1.7.Final]
	at org.springframework.data.jpa.repository.query.JpaQueryExecution$SingleEntityExecution.doExecute(JpaQueryExecution.java:193) ~[spring-data-jpa-3.0.5.jar:3.0.5]
	at org.springframework.data.jpa.repository.query.JpaQueryExecution.execute(JpaQueryExecution.java:90) ~[spring-data-jpa-3.0.5.jar:3.0.5]
	at org.springframework.data.jpa.repository.query.AbstractJpaQuery.doExecute(AbstractJpaQuery.java:148) ~[spring-data-jpa-3.0.5.jar:3.0.5]
	at org.springframework.data.jpa.repository.query.AbstractJpaQuery.execute(AbstractJpaQuery.java:136) ~[spring-data-jpa-3.0.5.jar:3.0.5]
	at org.springframework.data.repository.core.support.RepositoryMethodInvoker.doInvoke(RepositoryMethodInvoker.java:136) ~[spring-data-commons-3.0.5.jar:3.0.5]
	at org.springframework.data.repository.core.support.RepositoryMethodInvoker.invoke(RepositoryMethodInvoker.java:120) ~[spring-data-commons-3.0.5.jar:3.0.5]
	at org.springframework.data.repository.core.support.QueryExecutorMethodInterceptor.doInvoke(QueryExecutorMethodInterceptor.java:164) ~[spring-data-commons-3.0.5.jar:3.0.5]
	at org.springframework.data.repository.core.support.QueryExecutorMethodInterceptor.invoke(QueryExecutorMethodInterceptor.java:143) ~[spring-data-commons-3.0.5.jar:3.0.5]
	at org.springframework.aop.framework.ReflectiveMethodInvocation.proceed(ReflectiveMethodInvocation.java:184) ~[spring-aop-6.0.8.jar:6.0.8]
	at org.springframework.data.projection.DefaultMethodInvokingMethodInterceptor.invoke(DefaultMethodInvokingMethodInterceptor.java:77) ~[spring-data-commons-3.0.5.jar:3.0.5]
	at org.springframework.aop.framework.ReflectiveMethodInvocation.proceed(ReflectiveMethodInvocation.java:184) ~[spring-aop-6.0.8.jar:6.0.8]
	at org.springframework.transaction.interceptor.TransactionInterceptor$1.proceedWithInvocation(TransactionInterceptor.java:123) ~[spring-tx-6.0.8.jar:6.0.8]
	at org.springframework.transaction.interceptor.TransactionAspectSupport.invokeWithinTransaction(TransactionAspectSupport.java:391) ~[spring-tx-6.0.8.jar:6.0.8]
	at org.springframework.transaction.interceptor.TransactionInterceptor.invoke(TransactionInterceptor.java:119) ~[spring-tx-6.0.8.jar:6.0.8]
	at org.springframework.aop.framework.ReflectiveMethodInvocation.proceed(ReflectiveMethodInvocation.java:184) ~[spring-aop-6.0.8.jar:6.0.8]
	at org.springframework.dao.support.PersistenceExceptionTranslationInterceptor.invoke(PersistenceExceptionTranslationInterceptor.java:137) ~[spring-tx-6.0.8.jar:6.0.8]
	at org.springframework.aop.framework.ReflectiveMethodInvocation.proceed(ReflectiveMethodInvocation.java:184) ~[spring-aop-6.0.8.jar:6.0.8]
	at org.springframework.data.jpa.repository.support.CrudMethodMetadataPostProcessor$CrudMethodMetadataPopulatingMethodInterceptor.invoke(CrudMethodMetadataPostProcessor.java:134) ~[spring-data-jpa-3.0.5.jar:3.0.5]
	at org.springframework.aop.framework.ReflectiveMethodInvocation.proceed(ReflectiveMethodInvocation.java:184) ~[spring-aop-6.0.8.jar:6.0.8]
	at org.springframework.aop.interceptor.ExposeInvocationInterceptor.invoke(ExposeInvocationInterceptor.java:97) ~[spring-aop-6.0.8.jar:6.0.8]
	at org.springframework.aop.framework.ReflectiveMethodInvocation.proceed(ReflectiveMethodInvocation.java:184) ~[spring-aop-6.0.8.jar:6.0.8]
	at org.springframework.aop.framework.JdkDynamicAopProxy.invoke(JdkDynamicAopProxy.java:223) ~[spring-aop-6.0.8.jar:6.0.8]
	at jdk.proxy2/jdk.proxy2.$Proxy148.findByUsername(Unknown Source) ~[na:na]
	at com.cash_flow_app.apicashflow.entities_repositories_and_services.base.user.UserService.findByUsername(UserService.java:56) ~[classes/:na]
	at com.cash_flow_app.apicashflow.entities_repositories_and_services.base.security.LoginService.loadUserByUsername(LoginService.java:18) ~[classes/:na]
	at com.cash_flow_app.apicashflow.utils.TokenUtils.getAuthentication(TokenUtils.java:40) ~[classes/:na]
	at com.cash_flow_app.apicashflow.entities_repositories_and_services.base.security.JWTAuthorizationFilter.doFilterInternal(JWTAuthorizationFilter.java:27) ~[classes/:na]
	at org.springframework.web.filter.OncePerRequestFilter.doFilter(OncePerRequestFilter.java:116) ~[spring-web-6.0.8.jar:6.0.8]
	at org.springframework.security.web.ObservationFilterChainDecorator$ObservationFilter.wrapFilter(ObservationFilterChainDecorator.java:185) ~[spring-security-web-6.0.3.jar:6.0.3]
	at org.springframework.security.web.ObservationFilterChainDecorator$ObservationFilter.doFilter(ObservationFilterChainDecorator.java:172) ~[spring-security-web-6.0.3.jar:6.0.3]
	at org.springframework.security.web.ObservationFilterChainDecorator$VirtualFilterChain.doFilter(ObservationFilterChainDecorator.java:133) ~[spring-security-web-6.0.3.jar:6.0.3]
	at org.springframework.security.web.authentication.logout.LogoutFilter.doFilter(LogoutFilter.java:107) ~[spring-security-web-6.0.3.jar:6.0.3]
	at org.springframework.security.web.authentication.logout.LogoutFilter.doFilter(LogoutFilter.java:93) ~[spring-security-web-6.0.3.jar:6.0.3]
	at org.springframework.security.web.ObservationFilterChainDecorator$ObservationFilter.wrapFilter(ObservationFilterChainDecorator.java:185) ~[spring-security-web-6.0.3.jar:6.0.3]
	at org.springframework.security.web.ObservationFilterChainDecorator$ObservationFilter.doFilter(ObservationFilterChainDecorator.java:172) ~[spring-security-web-6.0.3.jar:6.0.3]
	at org.springframework.security.web.ObservationFilterChainDecorator$VirtualFilterChain.doFilter(ObservationFilterChainDecorator.java:133) ~[spring-security-web-6.0.3.jar:6.0.3]
	at org.springframework.web.filter.CorsFilter.doFilterInternal(CorsFilter.java:91) ~[spring-web-6.0.8.jar:6.0.8]
	at org.springframework.web.filter.OncePerRequestFilter.doFilter(OncePerRequestFilter.java:116) ~[spring-web-6.0.8.jar:6.0.8]
	at org.springframework.security.web.ObservationFilterChainDecorator$ObservationFilter.wrapFilter(ObservationFilterChainDecorator.java:185) ~[spring-security-web-6.0.3.jar:6.0.3]
	at org.springframework.security.web.ObservationFilterChainDecorator$ObservationFilter.doFilter(ObservationFilterChainDecorator.java:172) ~[spring-security-web-6.0.3.jar:6.0.3]
	at org.springframework.security.web.ObservationFilterChainDecorator$VirtualFilterChain.doFilter(ObservationFilterChainDecorator.java:133) ~[spring-security-web-6.0.3.jar:6.0.3]
	at org.springframework.security.web.header.HeaderWriterFilter.doHeadersAfter(HeaderWriterFilter.java:90) ~[spring-security-web-6.0.3.jar:6.0.3]
	at org.springframework.security.web.header.HeaderWriterFilter.doFilterInternal(HeaderWriterFilter.java:75) ~[spring-security-web-6.0.3.jar:6.0.3]
	at org.springframework.web.filter.OncePerRequestFilter.doFilter(OncePerRequestFilter.java:116) ~[spring-web-6.0.8.jar:6.0.8]
	at org.springframework.security.web.ObservationFilterChainDecorator$ObservationFilter.wrapFilter(ObservationFilterChainDecorator.java:185) ~[spring-security-web-6.0.3.jar:6.0.3]
	at org.springframework.security.web.ObservationFilterChainDecorator$ObservationFilter.doFilter(ObservationFilterChainDecorator.java:172) ~[spring-security-web-6.0.3.jar:6.0.3]
	at org.springframework.security.web.ObservationFilterChainDecorator$VirtualFilterChain.doFilter(ObservationFilterChainDecorator.java:133) ~[spring-security-web-6.0.3.jar:6.0.3]
	at org.springframework.security.web.context.SecurityContextHolderFilter.doFilter(SecurityContextHolderFilter.java:82) ~[spring-security-web-6.0.3.jar:6.0.3]
	at org.springframework.security.web.context.SecurityContextHolderFilter.doFilter(SecurityContextHolderFilter.java:69) ~[spring-security-web-6.0.3.jar:6.0.3]
	at org.springframework.security.web.ObservationFilterChainDecorator$ObservationFilter.wrapFilter(ObservationFilterChainDecorator.java:185) ~[spring-security-web-6.0.3.jar:6.0.3]
	at org.springframework.security.web.ObservationFilterChainDecorator$ObservationFilter.doFilter(ObservationFilterChainDecorator.java:172) ~[spring-security-web-6.0.3.jar:6.0.3]
	at org.springframework.security.web.ObservationFilterChainDecorator$VirtualFilterChain.doFilter(ObservationFilterChainDecorator.java:133) ~[spring-security-web-6.0.3.jar:6.0.3]
	at org.springframework.security.web.context.request.async.WebAsyncManagerIntegrationFilter.doFilterInternal(WebAsyncManagerIntegrationFilter.java:62) ~[spring-security-web-6.0.3.jar:6.0.3]
	at org.springframework.web.filter.OncePerRequestFilter.doFilter(OncePerRequestFilter.java:116) ~[spring-web-6.0.8.jar:6.0.8]
	at org.springframework.security.web.ObservationFilterChainDecorator$ObservationFilter.wrapFilter(ObservationFilterChainDecorator.java:185) ~[spring-security-web-6.0.3.jar:6.0.3]
	at org.springframework.security.web.ObservationFilterChainDecorator$ObservationFilter.doFilter(ObservationFilterChainDecorator.java:172) ~[spring-security-web-6.0.3.jar:6.0.3]
	at org.springframework.security.web.ObservationFilterChainDecorator$VirtualFilterChain.doFilter(ObservationFilterChainDecorator.java:133) ~[spring-security-web-6.0.3.jar:6.0.3]
	at org.springframework.security.web.session.ForceEagerSessionCreationFilter.doFilterInternal(ForceEagerSessionCreationFilter.java:45) ~[spring-security-web-6.0.3.jar:6.0.3]
	at org.springframework.web.filter.OncePerRequestFilter.doFilter(OncePerRequestFilter.java:116) ~[spring-web-6.0.8.jar:6.0.8]
	at org.springframework.security.web.ObservationFilterChainDecorator$ObservationFilter.wrapFilter(ObservationFilterChainDecorator.java:185) ~[spring-security-web-6.0.3.jar:6.0.3]
	at org.springframework.security.web.ObservationFilterChainDecorator$ObservationFilter.doFilter(ObservationFilterChainDecorator.java:172) ~[spring-security-web-6.0.3.jar:6.0.3]
	at org.springframework.security.web.ObservationFilterChainDecorator$VirtualFilterChain.doFilter(ObservationFilterChainDecorator.java:133) ~[spring-security-web-6.0.3.jar:6.0.3]
	at org.springframework.security.web.session.DisableEncodeUrlFilter.doFilterInternal(DisableEncodeUrlFilter.java:42) ~[spring-security-web-6.0.3.jar:6.0.3]
	at org.springframework.web.filter.OncePerRequestFilter.doFilter(OncePerRequestFilter.java:116) ~[spring-web-6.0.8.jar:6.0.8]
	at org.springframework.security.web.ObservationFilterChainDecorator$ObservationFilter.wrapFilter(ObservationFilterChainDecorator.java:185) ~[spring-security-web-6.0.3.jar:6.0.3]
	at org.springframework.security.web.ObservationFilterChainDecorator$AroundFilterObservation$SimpleAroundFilterObservation.lambda$wrap$0(ObservationFilterChainDecorator.java:268) ~[spring-security-web-6.0.3.jar:6.0.3]
	at org.springframework.security.web.ObservationFilterChainDecorator$ObservationFilter.doFilter(ObservationFilterChainDecorator.java:169) ~[spring-security-web-6.0.3.jar:6.0.3]
	at org.springframework.security.web.ObservationFilterChainDecorator$VirtualFilterChain.doFilter(ObservationFilterChainDecorator.java:133) ~[spring-security-web-6.0.3.jar:6.0.3]
	at org.springframework.security.web.FilterChainProxy.doFilterInternal(FilterChainProxy.java:233) ~[spring-security-web-6.0.3.jar:6.0.3]
	at org.springframework.security.web.FilterChainProxy.doFilter(FilterChainProxy.java:191) ~[spring-security-web-6.0.3.jar:6.0.3]
	at org.springframework.web.filter.DelegatingFilterProxy.invokeDelegate(DelegatingFilterProxy.java:352) ~[spring-web-6.0.8.jar:6.0.8]
	at org.springframework.web.filter.DelegatingFilterProxy.doFilter(DelegatingFilterProxy.java:268) ~[spring-web-6.0.8.jar:6.0.8]
	at org.springframework.mock.web.MockFilterChain.doFilter(MockFilterChain.java:132) ~[spring-test-6.0.8.jar:6.0.8]
	at org.springframework.web.filter.RequestContextFilter.doFilterInternal(RequestContextFilter.java:100) ~[spring-web-6.0.8.jar:6.0.8]
	at org.springframework.web.filter.OncePerRequestFilter.doFilter(OncePerRequestFilter.java:116) ~[spring-web-6.0.8.jar:6.0.8]
	at org.springframework.mock.web.MockFilterChain.doFilter(MockFilterChain.java:132) ~[spring-test-6.0.8.jar:6.0.8]
	at org.springframework.web.filter.FormContentFilter.doFilterInternal(FormContentFilter.java:93) ~[spring-web-6.0.8.jar:6.0.8]
	at org.springframework.web.filter.OncePerRequestFilter.doFilter(OncePerRequestFilter.java:116) ~[spring-web-6.0.8.jar:6.0.8]
	at org.springframework.mock.web.MockFilterChain.doFilter(MockFilterChain.java:132) ~[spring-test-6.0.8.jar:6.0.8]
	at org.springframework.web.filter.ServerHttpObservationFilter.doFilterInternal(ServerHttpObservationFilter.java:109) ~[spring-web-6.0.8.jar:6.0.8]
	at org.springframework.web.filter.OncePerRequestFilter.doFilter(OncePerRequestFilter.java:116) ~[spring-web-6.0.8.jar:6.0.8]
	at org.springframework.mock.web.MockFilterChain.doFilter(MockFilterChain.java:132) ~[spring-test-6.0.8.jar:6.0.8]
	at org.springframework.web.filter.CharacterEncodingFilter.doFilterInternal(CharacterEncodingFilter.java:201) ~[spring-web-6.0.8.jar:6.0.8]
	at org.springframework.web.filter.OncePerRequestFilter.doFilter(OncePerRequestFilter.java:116) ~[spring-web-6.0.8.jar:6.0.8]
	at org.springframework.mock.web.MockFilterChain.doFilter(MockFilterChain.java:132) ~[spring-test-6.0.8.jar:6.0.8]
	at org.springframework.test.web.servlet.MockMvc.perform(MockMvc.java:201) ~[spring-test-6.0.8.jar:6.0.8]
	at com.cash_flow_app.apicashflow.controller.ScheduledAccountControllerTest.createIncomeExpenseResult(ScheduledAccountControllerTest.java:297) ~[test-classes/:na]
	at com.cash_flow_app.apicashflow.controller.ScheduledAccountControllerTest.getScheduledAccountByIncomeExpenseId(ScheduledAccountControllerTest.java:218) ~[test-classes/:na]
	at java.base/jdk.internal.reflect.DirectMethodHandleAccessor.invoke(DirectMethodHandleAccessor.java:104) ~[na:na]
	at java.base/java.lang.reflect.Method.invoke(Method.java:578) ~[na:na]
	at org.junit.platform.commons.util.ReflectionUtils.invokeMethod(ReflectionUtils.java:727) ~[junit-platform-commons-1.9.2.jar:1.9.2]
	at org.junit.jupiter.engine.execution.MethodInvocation.proceed(MethodInvocation.java:60) ~[junit-jupiter-engine-5.9.2.jar:5.9.2]
	at org.junit.jupiter.engine.execution.InvocationInterceptorChain$ValidatingInvocation.proceed(InvocationInterceptorChain.java:131) ~[junit-jupiter-engine-5.9.2.jar:5.9.2]
	at org.junit.jupiter.engine.extension.TimeoutExtension.intercept(TimeoutExtension.java:156) ~[junit-jupiter-engine-5.9.2.jar:5.9.2]
	at org.junit.jupiter.engine.extension.TimeoutExtension.interceptTestableMethod(TimeoutExtension.java:147) ~[junit-jupiter-engine-5.9.2.jar:5.9.2]
	at org.junit.jupiter.engine.extension.TimeoutExtension.interceptTestMethod(TimeoutExtension.java:86) ~[junit-jupiter-engine-5.9.2.jar:5.9.2]
	at org.junit.jupiter.engine.execution.InterceptingExecutableInvoker$ReflectiveInterceptorCall.lambda$ofVoidMethod$0(InterceptingExecutableInvoker.java:103) ~[junit-jupiter-engine-5.9.2.jar:5.9.2]
	at org.junit.jupiter.engine.execution.InterceptingExecutableInvoker.lambda$invoke$0(InterceptingExecutableInvoker.java:93) ~[junit-jupiter-engine-5.9.2.jar:5.9.2]
	at org.junit.jupiter.engine.execution.InvocationInterceptorChain$InterceptedInvocation.proceed(InvocationInterceptorChain.java:106) ~[junit-jupiter-engine-5.9.2.jar:5.9.2]
	at org.junit.jupiter.engine.execution.InvocationInterceptorChain.proceed(InvocationInterceptorChain.java:64) ~[junit-jupiter-engine-5.9.2.jar:5.9.2]
	at org.junit.jupiter.engine.execution.InvocationInterceptorChain.chainAndInvoke(InvocationInterceptorChain.java:45) ~[junit-jupiter-engine-5.9.2.jar:5.9.2]
	at org.junit.jupiter.engine.execution.InvocationInterceptorChain.invoke(InvocationInterceptorChain.java:37) ~[junit-jupiter-engine-5.9.2.jar:5.9.2]
	at org.junit.jupiter.engine.execution.InterceptingExecutableInvoker.invoke(InterceptingExecutableInvoker.java:92) ~[junit-jupiter-engine-5.9.2.jar:5.9.2]
	at org.junit.jupiter.engine.execution.InterceptingExecutableInvoker.invoke(InterceptingExecutableInvoker.java:86) ~[junit-jupiter-engine-5.9.2.jar:5.9.2]
	at org.junit.jupiter.engine.descriptor.TestMethodTestDescriptor.lambda$invokeTestMethod$7(TestMethodTestDescriptor.java:217) ~[junit-jupiter-engine-5.9.2.jar:5.9.2]
	at org.junit.platform.engine.support.hierarchical.ThrowableCollector.execute(ThrowableCollector.java:73) ~[junit-platform-engine-1.9.2.jar:1.9.2]
	at org.junit.jupiter.engine.descriptor.TestMethodTestDescriptor.invokeTestMethod(TestMethodTestDescriptor.java:213) ~[junit-jupiter-engine-5.9.2.jar:5.9.2]
	at org.junit.jupiter.engine.descriptor.TestMethodTestDescriptor.execute(TestMethodTestDescriptor.java:138) ~[junit-jupiter-engine-5.9.2.jar:5.9.2]
	at org.junit.jupiter.engine.descriptor.TestMethodTestDescriptor.execute(TestMethodTestDescriptor.java:68) ~[junit-jupiter-engine-5.9.2.jar:5.9.2]
	at org.junit.platform.engine.support.hierarchical.NodeTestTask.lambda$executeRecursively$6(NodeTestTask.java:151) ~[junit-platform-engine-1.9.2.jar:1.9.2]
	at org.junit.platform.engine.support.hierarchical.ThrowableCollector.execute(ThrowableCollector.java:73) ~[junit-platform-engine-1.9.2.jar:1.9.2]
	at org.junit.platform.engine.support.hierarchical.NodeTestTask.lambda$executeRecursively$8(NodeTestTask.java:141) ~[junit-platform-engine-1.9.2.jar:1.9.2]
	at org.junit.platform.engine.support.hierarchical.Node.around(Node.java:137) ~[junit-platform-engine-1.9.2.jar:1.9.2]
	at org.junit.platform.engine.support.hierarchical.NodeTestTask.lambda$executeRecursively$9(NodeTestTask.java:139) ~[junit-platform-engine-1.9.2.jar:1.9.2]
	at org.junit.platform.engine.support.hierarchical.ThrowableCollector.execute(ThrowableCollector.java:73) ~[junit-platform-engine-1.9.2.jar:1.9.2]
	at org.junit.platform.engine.support.hierarchical.NodeTestTask.executeRecursively(NodeTestTask.java:138) ~[junit-platform-engine-1.9.2.jar:1.9.2]
	at org.junit.platform.engine.support.hierarchical.NodeTestTask.execute(NodeTestTask.java:95) ~[junit-platform-engine-1.9.2.jar:1.9.2]
	at java.base/java.util.ArrayList.forEach(ArrayList.java:1511) ~[na:na]
	at org.junit.platform.engine.support.hierarchical.SameThreadHierarchicalTestExecutorService.invokeAll(SameThreadHierarchicalTestExecutorService.java:41) ~[junit-platform-engine-1.9.2.jar:1.9.2]
	at org.junit.platform.engine.support.hierarchical.NodeTestTask.lambda$executeRecursively$6(NodeTestTask.java:155) ~[junit-platform-engine-1.9.2.jar:1.9.2]
	at org.junit.platform.engine.support.hierarchical.ThrowableCollector.execute(ThrowableCollector.java:73) ~[junit-platform-engine-1.9.2.jar:1.9.2]
	at org.junit.platform.engine.support.hierarchical.NodeTestTask.lambda$executeRecursively$8(NodeTestTask.java:141) ~[junit-platform-engine-1.9.2.jar:1.9.2]
	at org.junit.platform.engine.support.hierarchical.Node.around(Node.java:137) ~[junit-platform-engine-1.9.2.jar:1.9.2]
	at org.junit.platform.engine.support.hierarchical.NodeTestTask.lambda$executeRecursively$9(NodeTestTask.java:139) ~[junit-platform-engine-1.9.2.jar:1.9.2]
	at org.junit.platform.engine.support.hierarchical.ThrowableCollector.execute(ThrowableCollector.java:73) ~[junit-platform-engine-1.9.2.jar:1.9.2]
	at org.junit.platform.engine.support.hierarchical.NodeTestTask.executeRecursively(NodeTestTask.java:138) ~[junit-platform-engine-1.9.2.jar:1.9.2]
	at org.junit.platform.engine.support.hierarchical.NodeTestTask.execute(NodeTestTask.java:95) ~[junit-platform-engine-1.9.2.jar:1.9.2]
	at java.base/java.util.ArrayList.forEach(ArrayList.java:1511) ~[na:na]
	at org.junit.platform.engine.support.hierarchical.SameThreadHierarchicalTestExecutorService.invokeAll(SameThreadHierarchicalTestExecutorService.java:41) ~[junit-platform-engine-1.9.2.jar:1.9.2]
	at org.junit.platform.engine.support.hierarchical.NodeTestTask.lambda$executeRecursively$6(NodeTestTask.java:155) ~[junit-platform-engine-1.9.2.jar:1.9.2]
	at org.junit.platform.engine.support.hierarchical.ThrowableCollector.execute(ThrowableCollector.java:73) ~[junit-platform-engine-1.9.2.jar:1.9.2]
	at org.junit.platform.engine.support.hierarchical.NodeTestTask.lambda$executeRecursively$8(NodeTestTask.java:141) ~[junit-platform-engine-1.9.2.jar:1.9.2]
	at org.junit.platform.engine.support.hierarchical.Node.around(Node.java:137) ~[junit-platform-engine-1.9.2.jar:1.9.2]
	at org.junit.platform.engine.support.hierarchical.NodeTestTask.lambda$executeRecursively$9(NodeTestTask.java:139) ~[junit-platform-engine-1.9.2.jar:1.9.2]
	at org.junit.platform.engine.support.hierarchical.ThrowableCollector.execute(ThrowableCollector.java:73) ~[junit-platform-engine-1.9.2.jar:1.9.2]
	at org.junit.platform.engine.support.hierarchical.NodeTestTask.executeRecursively(NodeTestTask.java:138) ~[junit-platform-engine-1.9.2.jar:1.9.2]
	at org.junit.platform.engine.support.hierarchical.NodeTestTask.execute(NodeTestTask.java:95) ~[junit-platform-engine-1.9.2.jar:1.9.2]
	at org.junit.platform.engine.support.hierarchical.SameThreadHierarchicalTestExecutorService.submit(SameThreadHierarchicalTestExecutorService.java:35) ~[junit-platform-engine-1.9.2.jar:1.9.2]
	at org.junit.platform.engine.support.hierarchical.HierarchicalTestExecutor.execute(HierarchicalTestExecutor.java:57) ~[junit-platform-engine-1.9.2.jar:1.9.2]
	at org.junit.platform.engine.support.hierarchical.HierarchicalTestEngine.execute(HierarchicalTestEngine.java:54) ~[junit-platform-engine-1.9.2.jar:1.9.2]
	at org.junit.platform.launcher.core.DefaultLauncher.execute(DefaultLauncher.java:220) ~[junit-platform-launcher-1.3.1.jar:1.3.1]
	at org.junit.platform.launcher.core.DefaultLauncher.lambda$execute$6(DefaultLauncher.java:188) ~[junit-platform-launcher-1.3.1.jar:1.3.1]
	at org.junit.platform.launcher.core.DefaultLauncher.withInterceptedStreams(DefaultLauncher.java:202) ~[junit-platform-launcher-1.3.1.jar:1.3.1]
	at org.junit.platform.launcher.core.DefaultLauncher.execute(DefaultLauncher.java:181) ~[junit-platform-launcher-1.3.1.jar:1.3.1]
	at org.junit.platform.launcher.core.DefaultLauncher.execute(DefaultLauncher.java:128) ~[junit-platform-launcher-1.3.1.jar:1.3.1]
	at org.apache.maven.surefire.junitplatform.JUnitPlatformProvider.invokeAllTests(JUnitPlatformProvider.java:150) ~[surefire-junit-platform-2.22.2.jar:2.22.2]
	at org.apache.maven.surefire.junitplatform.JUnitPlatformProvider.invoke(JUnitPlatformProvider.java:124) ~[surefire-junit-platform-2.22.2.jar:2.22.2]
	at org.apache.maven.surefire.booter.ForkedBooter.invokeProviderInSameClassLoader(ForkedBooter.java:384) ~[surefire-booter-2.22.2.jar:2.22.2]
	at org.apache.maven.surefire.booter.ForkedBooter.runSuitesInProcess(ForkedBooter.java:345) ~[surefire-booter-2.22.2.jar:2.22.2]
	at org.apache.maven.surefire.booter.ForkedBooter.execute(ForkedBooter.java:126) ~[surefire-booter-2.22.2.jar:2.22.2]
	at org.apache.maven.surefire.booter.ForkedBooter.main(ForkedBooter.java:418) ~[surefire-booter-2.22.2.jar:2.22.2]

2023-11-28T22:11:58.118-05:00 DEBUG 27472 --- [           main] org.springframework.test.context.cache   : Spring test ApplicationContext cache statistics: [DefaultContextCache@8caffbd size = 3, maxSize = 32, parentContextCount = 0, hitCount = 348, missCount = 3]
2023-11-28T22:11:58.118-05:00 DEBUG 27472 --- [           main] org.springframework.test.context.cache   : Spring test ApplicationContext cache statistics: [DefaultContextCache@8caffbd size = 3, maxSize = 32, parentContextCount = 0, hitCount = 349, missCount = 3]
2023-11-28T22:11:58.118-05:00 DEBUG 27472 --- [           main] org.springframework.test.context.cache   : Spring test ApplicationContext cache statistics: [DefaultContextCache@8caffbd size = 3, maxSize = 32, parentContextCount = 0, hitCount = 350, missCount = 3]

MockHttpServletRequest:
      HTTP Method = POST
      Request URI = /api/v1/user/signup
       Parameters = {_csrf=[8WChBuvfmZQPr6-msSX5_cO8xUi-8_gmR9ELN-y3VRjxa3NflwTCPoju-qUiyc2fiAjNnvHf6CqJx88LceE9Ad3VY3qQDxFs]}
          Headers = [Content-Type:"application/json;charset=UTF-8", Content-Length:"306"]
             Body = {"username":"usuario_test","password":"123456","authorities":[{"endpoint":"Account","actions":["CREATE","READ","DELETE"]},{"endpoint":"User","actions":["CREATE","READ"]},{"endpoint":"IncomeExpense","actions":["CREATE","READ","DELETE"]},{"endpoint":"ScheduledAccount","actions":["CREATE","READ","DELETE"]}]}
    Session Attrs = {}

Handler:
             Type = com.cash_flow_app.apicashflow.controller.UserController
           Method = com.cash_flow_app.apicashflow.controller.UserController#signup(UserDto)

Async:
    Async started = false
     Async result = null

Resolved Exception:
             Type = null

ModelAndView:
        View name = null
             View = null
            Model = null

FlashMap:
       Attributes = null

MockHttpServletResponse:
           Status = 200
    Error message = null
          Headers = [Vary:"Origin", "Access-Control-Request-Method", "Access-Control-Request-Headers", Content-Type:"application/json", X-Content-Type-Options:"nosniff", X-XSS-Protection:"0", Cache-Control:"no-cache, no-store, max-age=0, must-revalidate", Pragma:"no-cache", Expires:"0", X-Frame-Options:"DENY"]
     Content type = application/json
             Body = {"username":"usuario_test","password":null,"token_auth":"eyJhbGciOiJIUzUxMiJ9.eyJzdWIiOiJ1c3VhcmlvX3Rlc3QiLCJleHAiOjE3MDM4MTk1MTh9._RjmE35ZWwlgi-J6GUPzAIK95KKwCYwqRJzwkTW-pOWpMEaBJNZ2mk9w8ZBH48tP7shOXrP38_jru9Eshz1Dsg","authorities":[{"endpoint":"Account","actions":["CREATE","READ","DELETE"]},{"endpoint":"User","actions":["CREATE","READ"]},{"endpoint":"IncomeExpense","actions":["CREATE","READ","DELETE"]},{"endpoint":"ScheduledAccount","actions":["CREATE","READ","DELETE"]}]}
    Forwarded URL = null
   Redirected URL = null
          Cookies = []

MockHttpServletRequest:
      HTTP Method = POST
      Request URI = /api/v1/user/login
       Parameters = {_csrf=[AA8XRzNMRCbAHVu8O5LDzIAUN0Av5752o9JNTwP6SN5gAigFY2sgdwQtJx7tKGyKA7_3-7MlGnhN3ohbm-t6LWHCLrhVNBo1]}
          Headers = [Content-Type:"application/json;charset=UTF-8", Content-Length:"52"]
             Body = { "username": "usuario_test", "password": "123456" }
    Session Attrs = {}

Handler:
             Type = null

Async:
    Async started = false
     Async result = null

Resolved Exception:
             Type = null

ModelAndView:
        View name = null
             View = null
            Model = null

FlashMap:
       Attributes = null

MockHttpServletResponse:
           Status = 200
    Error message = null
          Headers = [Vary:"Origin", "Access-Control-Request-Method", "Access-Control-Request-Headers", Authorization:"Bearer eyJhbGciOiJIUzUxMiJ9.eyJzdWIiOiJ1c3VhcmlvX3Rlc3QiLCJleHAiOjE3MDM4MTk1MTh9._RjmE35ZWwlgi-J6GUPzAIK95KKwCYwqRJzwkTW-pOWpMEaBJNZ2mk9w8ZBH48tP7shOXrP38_jru9Eshz1Dsg", Access-Control-Expose-Headers:"Authorization", X-Content-Type-Options:"nosniff", X-XSS-Protection:"0", Cache-Control:"no-cache, no-store, max-age=0, must-revalidate", Pragma:"no-cache", Expires:"0", X-Frame-Options:"DENY"]
     Content type = null
             Body = 
    Forwarded URL = null
   Redirected URL = null
          Cookies = []

MockHttpServletRequest:
      HTTP Method = POST
      Request URI = /api/v1/account/create
       Parameters = {_csrf=[ihhyXnQ_O623H_Dm3WpuyfgqTq1WAqVKEJ1ljzEaS-gfqXvj6H1Ca0MJX5SaKsmFuUdaq8EbY5RkYZdndKhStwYpeIl6zx7U]}
          Headers = [Content-Type:"application/json;charset=UTF-8", Authorization:"Bearer eyJhbGciOiJIUzUxMiJ9.eyJzdWIiOiJ1c3VhcmlvX3Rlc3QiLCJleHAiOjE3MDM4MTk1MTh9._RjmE35ZWwlgi-J6GUPzAIK95KKwCYwqRJzwkTW-pOWpMEaBJNZ2mk9w8ZBH48tP7shOXrP38_jru9Eshz1Dsg", Content-Length:"74"]
             Body = {"id":null,"description":"descripcion de cuenta","users":["usuario_test"]}
    Session Attrs = {SPRING_SECURITY_CONTEXT=SecurityContextImpl [Authentication=UsernamePasswordAuthenticationToken [Principal=usuario_test, Credentials=[PROTECTED], Authenticated=true, Details=null, Granted Authorities=[ENDPOINT_ACCOUNT_PERMISSION_CREATE, ENDPOINT_ACCOUNT_PERMISSION_READ, ENDPOINT_ACCOUNT_PERMISSION_DELETE, ENDPOINT_USER_PERMISSION_CREATE, ENDPOINT_USER_PERMISSION_READ, ENDPOINT_INCOMEEXPENSE_PERMISSION_CREATE, ENDPOINT_INCOMEEXPENSE_PERMISSION_READ, ENDPOINT_INCOMEEXPENSE_PERMISSION_DELETE, ENDPOINT_SCHEDULEDACCOUNT_PERMISSION_CREATE, ENDPOINT_SCHEDULEDACCOUNT_PERMISSION_READ, ENDPOINT_SCHEDULEDACCOUNT_PERMISSION_DELETE]]]}

Handler:
             Type = com.cash_flow_app.apicashflow.controller.AccountController
           Method = com.cash_flow_app.apicashflow.controller.AccountController#create(AccountDto)

Async:
    Async started = false
     Async result = null

Resolved Exception:
             Type = null

ModelAndView:
        View name = null
             View = null
            Model = null

FlashMap:
       Attributes = null

MockHttpServletResponse:
           Status = 200
    Error message = null
          Headers = [Vary:"Origin", "Access-Control-Request-Method", "Access-Control-Request-Headers", Content-Type:"application/json", X-Content-Type-Options:"nosniff", X-XSS-Protection:"0", Cache-Control:"no-cache, no-store, max-age=0, must-revalidate", Pragma:"no-cache", Expires:"0", X-Frame-Options:"DENY"]
     Content type = application/json
             Body = {"id":"beee558b-a78d-485d-947d-0798087ea344","description":"descripcion de cuenta","users":["usuario_test","usuario_test"]}
    Forwarded URL = null
   Redirected URL = null
          Cookies = []
2023-11-28T22:11:58.119-05:00 DEBUG 27472 --- [           main] org.springframework.test.context.cache   : Spring test ApplicationContext cache statistics: [DefaultContextCache@8caffbd size = 3, maxSize = 32, parentContextCount = 0, hitCount = 351, missCount = 3]
2023-11-28T22:11:58.119-05:00 DEBUG 27472 --- [           main] org.springframework.test.context.cache   : Spring test ApplicationContext cache statistics: [DefaultContextCache@8caffbd size = 3, maxSize = 32, parentContextCount = 0, hitCount = 352, missCount = 3]
2023-11-28T22:11:58.119-05:00 DEBUG 27472 --- [           main] org.springframework.test.context.cache   : Spring test ApplicationContext cache statistics: [DefaultContextCache@8caffbd size = 3, maxSize = 32, parentContextCount = 0, hitCount = 353, missCount = 3]
2023-11-28T22:11:58.119-05:00 DEBUG 27472 --- [           main] org.springframework.test.context.cache   : Spring test ApplicationContext cache statistics: [DefaultContextCache@8caffbd size = 3, maxSize = 32, parentContextCount = 0, hitCount = 354, missCount = 3]
2023-11-28T22:11:58.119-05:00 DEBUG 27472 --- [           main] o.s.orm.jpa.JpaTransactionManager        : Initiating transaction rollback
2023-11-28T22:11:58.119-05:00 DEBUG 27472 --- [           main] o.s.orm.jpa.JpaTransactionManager        : Rolling back JPA transaction on EntityManager [SessionImpl(1339114893<open>)]
2023-11-28T22:11:58.119-05:00 DEBUG 27472 --- [           main] o.h.e.t.internal.TransactionImpl         : rolling back
2023-11-28T22:11:58.119-05:00 DEBUG 27472 --- [           main] org.postgresql.jdbc.PgConnection         :   setAutoCommit = true
2023-11-28T22:11:58.119-05:00 DEBUG 27472 --- [           main] o.s.orm.jpa.JpaTransactionManager        : Closing JPA EntityManager [SessionImpl(1339114893<open>)] after transaction
2023-11-28T22:11:58.119-05:00 DEBUG 27472 --- [           main] o.h.e.jdbc.internal.JdbcCoordinatorImpl  : HHH000420: Closing un-released batch
2023-11-28T22:11:58.119-05:00 DEBUG 27472 --- [           main] o.s.t.c.transaction.TransactionContext   : Rolled back transaction (1) for test class [com.cash_flow_app.apicashflow.controller.ScheduledAccountControllerTest]; test method [getScheduledAccountByIncomeExpenseId]
2023-11-28T22:11:58.119-05:00 DEBUG 27472 --- [           main] tractDirtiesContextTestExecutionListener : After test method: class [ScheduledAccountControllerTest], method [getScheduledAccountByIncomeExpenseId], class annotated with @DirtiesContext [false] with mode [null], method annotated with @DirtiesContext [false] with mode [null]
2023-11-28T22:11:58.119-05:00 DEBUG 27472 --- [           main] o.s.t.c.w.ServletTestExecutionListener   : Resetting RequestContextHolder for test class com.cash_flow_app.apicashflow.controller.ScheduledAccountControllerTest
]]></system-out>
  </testcase>
</testsuite>