<?xml version="1.0" encoding="UTF-8"?>
<testsuite xmlns:xsi="http://www.w3.org/2001/XMLSchema-instance" xsi:noNamespaceSchemaLocation="https://maven.apache.org/surefire/maven-surefire-plugin/xsd/surefire-test-report.xsd" name="com.cash_flow_app.apicashflow.controller.IncomeExpenseControllerTest" time="0.767" tests="4" errors="4" skipped="0" failures="0">
  <properties>
    <property name="java.specification.version" value="20"/>
    <property name="sun.jnu.encoding" value="UTF-8"/>
    <property name="java.class.path" value="/Users/andres_nino/Documents/Trabajo/Aprendizaje/spring boot/cash-flow-app/api-cash-flow/target/test-classes:/Users/andres_nino/Documents/Trabajo/Aprendizaje/spring boot/cash-flow-app/api-cash-flow/target/classes:/Users/andres_nino/.m2/repository/org/flywaydb/flyway-core/9.16.0/flyway-core-9.16.0.jar:/Users/andres_nino/.m2/repository/com/fasterxml/jackson/dataformat/jackson-dataformat-toml/2.14.2/jackson-dataformat-toml-2.14.2.jar:/Users/andres_nino/.m2/repository/org/springframework/boot/spring-boot-starter-data-jpa/3.0.6/spring-boot-starter-data-jpa-3.0.6.jar:/Users/andres_nino/.m2/repository/org/springframework/boot/spring-boot-starter-aop/3.0.6/spring-boot-starter-aop-3.0.6.jar:/Users/andres_nino/.m2/repository/org/aspectj/aspectjweaver/1.9.19/aspectjweaver-1.9.19.jar:/Users/andres_nino/.m2/repository/org/springframework/boot/spring-boot-starter-jdbc/3.0.6/spring-boot-starter-jdbc-3.0.6.jar:/Users/andres_nino/.m2/repository/com/zaxxer/HikariCP/5.0.1/HikariCP-5.0.1.jar:/Users/andres_nino/.m2/repository/org/springframework/spring-jdbc/6.0.8/spring-jdbc-6.0.8.jar:/Users/andres_nino/.m2/repository/org/hibernate/orm/hibernate-core/6.1.7.Final/hibernate-core-6.1.7.Final.jar:/Users/andres_nino/.m2/repository/jakarta/persistence/jakarta.persistence-api/3.1.0/jakarta.persistence-api-3.1.0.jar:/Users/andres_nino/.m2/repository/jakarta/transaction/jakarta.transaction-api/2.0.1/jakarta.transaction-api-2.0.1.jar:/Users/andres_nino/.m2/repository/org/jboss/logging/jboss-logging/3.5.0.Final/jboss-logging-3.5.0.Final.jar:/Users/andres_nino/.m2/repository/org/hibernate/common/hibernate-commons-annotations/6.0.6.Final/hibernate-commons-annotations-6.0.6.Final.jar:/Users/andres_nino/.m2/repository/org/jboss/jandex/2.4.2.Final/jandex-2.4.2.Final.jar:/Users/andres_nino/.m2/repository/com/fasterxml/classmate/1.5.1/classmate-1.5.1.jar:/Users/andres_nino/.m2/repository/net/bytebuddy/byte-buddy/1.12.23/byte-buddy-1.12.23.jar:/Users/andres_nino/.m2/repository/org/glassfish/jaxb/jaxb-runtime/4.0.2/jaxb-runtime-4.0.2.jar:/Users/andres_nino/.m2/repository/org/glassfish/jaxb/jaxb-core/4.0.2/jaxb-core-4.0.2.jar:/Users/andres_nino/.m2/repository/org/eclipse/angus/angus-activation/2.0.0/angus-activation-2.0.0.jar:/Users/andres_nino/.m2/repository/org/glassfish/jaxb/txw2/4.0.2/txw2-4.0.2.jar:/Users/andres_nino/.m2/repository/com/sun/istack/istack-commons-runtime/4.1.1/istack-commons-runtime-4.1.1.jar:/Users/andres_nino/.m2/repository/jakarta/inject/jakarta.inject-api/2.0.0/jakarta.inject-api-2.0.0.jar:/Users/andres_nino/.m2/repository/org/antlr/antlr4-runtime/4.10.1/antlr4-runtime-4.10.1.jar:/Users/andres_nino/.m2/repository/org/springframework/data/spring-data-jpa/3.0.5/spring-data-jpa-3.0.5.jar:/Users/andres_nino/.m2/repository/org/springframework/data/spring-data-commons/3.0.5/spring-data-commons-3.0.5.jar:/Users/andres_nino/.m2/repository/org/springframework/spring-orm/6.0.8/spring-orm-6.0.8.jar:/Users/andres_nino/.m2/repository/org/springframework/spring-context/6.0.8/spring-context-6.0.8.jar:/Users/andres_nino/.m2/repository/org/springframework/spring-tx/6.0.8/spring-tx-6.0.8.jar:/Users/andres_nino/.m2/repository/org/springframework/spring-beans/6.0.8/spring-beans-6.0.8.jar:/Users/andres_nino/.m2/repository/jakarta/annotation/jakarta.annotation-api/2.1.1/jakarta.annotation-api-2.1.1.jar:/Users/andres_nino/.m2/repository/org/slf4j/slf4j-api/2.0.7/slf4j-api-2.0.7.jar:/Users/andres_nino/.m2/repository/org/springframework/spring-aspects/6.0.8/spring-aspects-6.0.8.jar:/Users/andres_nino/.m2/repository/org/springframework/boot/spring-boot-starter-security/3.0.6/spring-boot-starter-security-3.0.6.jar:/Users/andres_nino/.m2/repository/org/springframework/boot/spring-boot-starter/3.0.6/spring-boot-starter-3.0.6.jar:/Users/andres_nino/.m2/repository/org/springframework/boot/spring-boot/3.0.6/spring-boot-3.0.6.jar:/Users/andres_nino/.m2/repository/org/springframework/boot/spring-boot-autoconfigure/3.0.6/spring-boot-autoconfigure-3.0.6.jar:/Users/andres_nino/.m2/repository/org/springframework/boot/spring-boot-starter-logging/3.0.6/spring-boot-starter-logging-3.0.6.jar:/Users/andres_nino/.m2/repository/ch/qos/logback/logback-classic/1.4.7/logback-classic-1.4.7.jar:/Users/andres_nino/.m2/repository/ch/qos/logback/logback-core/1.4.7/logback-core-1.4.7.jar:/Users/andres_nino/.m2/repository/org/apache/logging/log4j/log4j-to-slf4j/2.19.0/log4j-to-slf4j-2.19.0.jar:/Users/andres_nino/.m2/repository/org/apache/logging/log4j/log4j-api/2.19.0/log4j-api-2.19.0.jar:/Users/andres_nino/.m2/repository/org/slf4j/jul-to-slf4j/2.0.7/jul-to-slf4j-2.0.7.jar:/Users/andres_nino/.m2/repository/org/yaml/snakeyaml/1.33/snakeyaml-1.33.jar:/Users/andres_nino/.m2/repository/org/springframework/spring-aop/6.0.8/spring-aop-6.0.8.jar:/Users/andres_nino/.m2/repository/org/springframework/security/spring-security-config/6.0.3/spring-security-config-6.0.3.jar:/Users/andres_nino/.m2/repository/org/springframework/security/spring-security-web/6.0.3/spring-security-web-6.0.3.jar:/Users/andres_nino/.m2/repository/org/springframework/spring-expression/6.0.8/spring-expression-6.0.8.jar:/Users/andres_nino/.m2/repository/org/springframework/boot/spring-boot-starter-web/3.1.0/spring-boot-starter-web-3.1.0.jar:/Users/andres_nino/.m2/repository/org/springframework/boot/spring-boot-starter-json/3.0.6/spring-boot-starter-json-3.0.6.jar:/Users/andres_nino/.m2/repository/com/fasterxml/jackson/datatype/jackson-datatype-jdk8/2.14.2/jackson-datatype-jdk8-2.14.2.jar:/Users/andres_nino/.m2/repository/com/fasterxml/jackson/module/jackson-module-parameter-names/2.14.2/jackson-module-parameter-names-2.14.2.jar:/Users/andres_nino/.m2/repository/org/springframework/boot/spring-boot-starter-tomcat/3.0.6/spring-boot-starter-tomcat-3.0.6.jar:/Users/andres_nino/.m2/repository/org/apache/tomcat/embed/tomcat-embed-core/10.1.8/tomcat-embed-core-10.1.8.jar:/Users/andres_nino/.m2/repository/org/apache/tomcat/embed/tomcat-embed-el/10.1.8/tomcat-embed-el-10.1.8.jar:/Users/andres_nino/.m2/repository/org/apache/tomcat/embed/tomcat-embed-websocket/10.1.8/tomcat-embed-websocket-10.1.8.jar:/Users/andres_nino/.m2/repository/org/springframework/spring-web/6.0.8/spring-web-6.0.8.jar:/Users/andres_nino/.m2/repository/org/springframework/spring-webmvc/6.0.8/spring-webmvc-6.0.8.jar:/Users/andres_nino/.m2/repository/org/postgresql/postgresql/42.5.4/postgresql-42.5.4.jar:/Users/andres_nino/.m2/repository/org/checkerframework/checker-qual/3.5.0/checker-qual-3.5.0.jar:/Users/andres_nino/.m2/repository/org/projectlombok/lombok/1.18.26/lombok-1.18.26.jar:/Users/andres_nino/.m2/repository/org/springframework/boot/spring-boot-starter-test/3.1.0/spring-boot-starter-test-3.1.0.jar:/Users/andres_nino/.m2/repository/org/springframework/boot/spring-boot-test/3.0.6/spring-boot-test-3.0.6.jar:/Users/andres_nino/.m2/repository/org/springframework/boot/spring-boot-test-autoconfigure/3.0.6/spring-boot-test-autoconfigure-3.0.6.jar:/Users/andres_nino/.m2/repository/com/jayway/jsonpath/json-path/2.7.0/json-path-2.7.0.jar:/Users/andres_nino/.m2/repository/jakarta/xml/bind/jakarta.xml.bind-api/4.0.0/jakarta.xml.bind-api-4.0.0.jar:/Users/andres_nino/.m2/repository/jakarta/activation/jakarta.activation-api/2.1.1/jakarta.activation-api-2.1.1.jar:/Users/andres_nino/.m2/repository/net/minidev/json-smart/2.4.10/json-smart-2.4.10.jar:/Users/andres_nino/.m2/repository/net/minidev/accessors-smart/2.4.9/accessors-smart-2.4.9.jar:/Users/andres_nino/.m2/repository/org/ow2/asm/asm/9.3/asm-9.3.jar:/Users/andres_nino/.m2/repository/org/assertj/assertj-core/3.23.1/assertj-core-3.23.1.jar:/Users/andres_nino/.m2/repository/org/hamcrest/hamcrest/2.2/hamcrest-2.2.jar:/Users/andres_nino/.m2/repository/org/junit/jupiter/junit-jupiter/5.9.2/junit-jupiter-5.9.2.jar:/Users/andres_nino/.m2/repository/org/junit/jupiter/junit-jupiter-api/5.9.2/junit-jupiter-api-5.9.2.jar:/Users/andres_nino/.m2/repository/org/opentest4j/opentest4j/1.2.0/opentest4j-1.2.0.jar:/Users/andres_nino/.m2/repository/org/junit/platform/junit-platform-commons/1.9.2/junit-platform-commons-1.9.2.jar:/Users/andres_nino/.m2/repository/org/apiguardian/apiguardian-api/1.1.2/apiguardian-api-1.1.2.jar:/Users/andres_nino/.m2/repository/org/junit/jupiter/junit-jupiter-params/5.9.2/junit-jupiter-params-5.9.2.jar:/Users/andres_nino/.m2/repository/org/junit/jupiter/junit-jupiter-engine/5.9.2/junit-jupiter-engine-5.9.2.jar:/Users/andres_nino/.m2/repository/org/junit/platform/junit-platform-engine/1.9.2/junit-platform-engine-1.9.2.jar:/Users/andres_nino/.m2/repository/org/mockito/mockito-core/4.8.1/mockito-core-4.8.1.jar:/Users/andres_nino/.m2/repository/net/bytebuddy/byte-buddy-agent/1.12.23/byte-buddy-agent-1.12.23.jar:/Users/andres_nino/.m2/repository/org/objenesis/objenesis/3.2/objenesis-3.2.jar:/Users/andres_nino/.m2/repository/org/mockito/mockito-junit-jupiter/4.8.1/mockito-junit-jupiter-4.8.1.jar:/Users/andres_nino/.m2/repository/org/skyscreamer/jsonassert/1.5.1/jsonassert-1.5.1.jar:/Users/andres_nino/.m2/repository/com/vaadin/external/google/android-json/0.0.20131108.vaadin1/android-json-0.0.20131108.vaadin1.jar:/Users/andres_nino/.m2/repository/org/springframework/spring-core/6.0.8/spring-core-6.0.8.jar:/Users/andres_nino/.m2/repository/org/springframework/spring-jcl/6.0.8/spring-jcl-6.0.8.jar:/Users/andres_nino/.m2/repository/org/springframework/spring-test/6.0.8/spring-test-6.0.8.jar:/Users/andres_nino/.m2/repository/org/xmlunit/xmlunit-core/2.9.1/xmlunit-core-2.9.1.jar:/Users/andres_nino/.m2/repository/org/springframework/security/spring-security-test/6.0.3/spring-security-test-6.0.3.jar:/Users/andres_nino/.m2/repository/org/springframework/security/spring-security-core/6.0.3/spring-security-core-6.0.3.jar:/Users/andres_nino/.m2/repository/org/springframework/security/spring-security-crypto/6.0.3/spring-security-crypto-6.0.3.jar:/Users/andres_nino/.m2/repository/org/springframework/boot/spring-boot-starter-actuator/3.1.0/spring-boot-starter-actuator-3.1.0.jar:/Users/andres_nino/.m2/repository/org/springframework/boot/spring-boot-actuator-autoconfigure/3.0.6/spring-boot-actuator-autoconfigure-3.0.6.jar:/Users/andres_nino/.m2/repository/org/springframework/boot/spring-boot-actuator/3.0.6/spring-boot-actuator-3.0.6.jar:/Users/andres_nino/.m2/repository/io/micrometer/micrometer-observation/1.10.6/micrometer-observation-1.10.6.jar:/Users/andres_nino/.m2/repository/io/micrometer/micrometer-commons/1.10.6/micrometer-commons-1.10.6.jar:/Users/andres_nino/.m2/repository/io/micrometer/micrometer-core/1.10.6/micrometer-core-1.10.6.jar:/Users/andres_nino/.m2/repository/org/hdrhistogram/HdrHistogram/2.1.12/HdrHistogram-2.1.12.jar:/Users/andres_nino/.m2/repository/org/latencyutils/LatencyUtils/2.0.3/LatencyUtils-2.0.3.jar:/Users/andres_nino/.m2/repository/com/fasterxml/jackson/datatype/jackson-datatype-jsr310/2.15.2/jackson-datatype-jsr310-2.15.2.jar:/Users/andres_nino/.m2/repository/com/fasterxml/jackson/core/jackson-annotations/2.14.2/jackson-annotations-2.14.2.jar:/Users/andres_nino/.m2/repository/com/fasterxml/jackson/core/jackson-core/2.14.2/jackson-core-2.14.2.jar:/Users/andres_nino/.m2/repository/com/fasterxml/jackson/core/jackson-databind/2.14.2/jackson-databind-2.14.2.jar:/Users/andres_nino/.m2/repository/com/opencsv/opencsv/5.8/opencsv-5.8.jar:/Users/andres_nino/.m2/repository/org/apache/commons/commons-lang3/3.12.0/commons-lang3-3.12.0.jar:/Users/andres_nino/.m2/repository/org/apache/commons/commons-text/1.10.0/commons-text-1.10.0.jar:/Users/andres_nino/.m2/repository/commons-beanutils/commons-beanutils/1.9.4/commons-beanutils-1.9.4.jar:/Users/andres_nino/.m2/repository/commons-logging/commons-logging/1.2/commons-logging-1.2.jar:/Users/andres_nino/.m2/repository/commons-collections/commons-collections/3.2.2/commons-collections-3.2.2.jar:/Users/andres_nino/.m2/repository/org/apache/commons/commons-collections4/4.4/commons-collections4-4.4.jar:/Users/andres_nino/.m2/repository/io/jsonwebtoken/jjwt-api/0.11.5/jjwt-api-0.11.5.jar:/Users/andres_nino/.m2/repository/io/jsonwebtoken/jjwt-impl/0.11.5/jjwt-impl-0.11.5.jar:/Users/andres_nino/.m2/repository/io/jsonwebtoken/jjwt-jackson/0.11.5/jjwt-jackson-0.11.5.jar:"/>
    <property name="java.vm.vendor" value="Oracle Corporation"/>
    <property name="sun.arch.data.model" value="64"/>
    <property name="java.vendor.url" value="https://java.oracle.com/"/>
    <property name="os.name" value="Mac OS X"/>
    <property name="java.vm.specification.version" value="20"/>
    <property name="sun.java.launcher" value="SUN_STANDARD"/>
    <property name="user.country" value="CO"/>
    <property name="sun.boot.library.path" value="/Users/andres_nino/Library/Java/JavaVirtualMachines/openjdk-20.0.1/Contents/Home/lib"/>
    <property name="sun.java.command" value="/Users/andres_nino/Documents/Trabajo/Aprendizaje/spring boot/cash-flow-app/api-cash-flow/target/surefire/surefirebooter524870317036203424.jar /Users/andres_nino/Documents/Trabajo/Aprendizaje/spring boot/cash-flow-app/api-cash-flow/target/surefire 2023-11-28T22-11-51_105-jvmRun1 surefire15087833163684218868tmp surefire_09596658762071821841tmp"/>
    <property name="http.nonProxyHosts" value="local|*.local|169.254/16|*.169.254/16"/>
    <property name="jdk.debug" value="release"/>
    <property name="surefire.test.class.path" value="/Users/andres_nino/Documents/Trabajo/Aprendizaje/spring boot/cash-flow-app/api-cash-flow/target/test-classes:/Users/andres_nino/Documents/Trabajo/Aprendizaje/spring boot/cash-flow-app/api-cash-flow/target/classes:/Users/andres_nino/.m2/repository/org/flywaydb/flyway-core/9.16.0/flyway-core-9.16.0.jar:/Users/andres_nino/.m2/repository/com/fasterxml/jackson/dataformat/jackson-dataformat-toml/2.14.2/jackson-dataformat-toml-2.14.2.jar:/Users/andres_nino/.m2/repository/org/springframework/boot/spring-boot-starter-data-jpa/3.0.6/spring-boot-starter-data-jpa-3.0.6.jar:/Users/andres_nino/.m2/repository/org/springframework/boot/spring-boot-starter-aop/3.0.6/spring-boot-starter-aop-3.0.6.jar:/Users/andres_nino/.m2/repository/org/aspectj/aspectjweaver/1.9.19/aspectjweaver-1.9.19.jar:/Users/andres_nino/.m2/repository/org/springframework/boot/spring-boot-starter-jdbc/3.0.6/spring-boot-starter-jdbc-3.0.6.jar:/Users/andres_nino/.m2/repository/com/zaxxer/HikariCP/5.0.1/HikariCP-5.0.1.jar:/Users/andres_nino/.m2/repository/org/springframework/spring-jdbc/6.0.8/spring-jdbc-6.0.8.jar:/Users/andres_nino/.m2/repository/org/hibernate/orm/hibernate-core/6.1.7.Final/hibernate-core-6.1.7.Final.jar:/Users/andres_nino/.m2/repository/jakarta/persistence/jakarta.persistence-api/3.1.0/jakarta.persistence-api-3.1.0.jar:/Users/andres_nino/.m2/repository/jakarta/transaction/jakarta.transaction-api/2.0.1/jakarta.transaction-api-2.0.1.jar:/Users/andres_nino/.m2/repository/org/jboss/logging/jboss-logging/3.5.0.Final/jboss-logging-3.5.0.Final.jar:/Users/andres_nino/.m2/repository/org/hibernate/common/hibernate-commons-annotations/6.0.6.Final/hibernate-commons-annotations-6.0.6.Final.jar:/Users/andres_nino/.m2/repository/org/jboss/jandex/2.4.2.Final/jandex-2.4.2.Final.jar:/Users/andres_nino/.m2/repository/com/fasterxml/classmate/1.5.1/classmate-1.5.1.jar:/Users/andres_nino/.m2/repository/net/bytebuddy/byte-buddy/1.12.23/byte-buddy-1.12.23.jar:/Users/andres_nino/.m2/repository/org/glassfish/jaxb/jaxb-runtime/4.0.2/jaxb-runtime-4.0.2.jar:/Users/andres_nino/.m2/repository/org/glassfish/jaxb/jaxb-core/4.0.2/jaxb-core-4.0.2.jar:/Users/andres_nino/.m2/repository/org/eclipse/angus/angus-activation/2.0.0/angus-activation-2.0.0.jar:/Users/andres_nino/.m2/repository/org/glassfish/jaxb/txw2/4.0.2/txw2-4.0.2.jar:/Users/andres_nino/.m2/repository/com/sun/istack/istack-commons-runtime/4.1.1/istack-commons-runtime-4.1.1.jar:/Users/andres_nino/.m2/repository/jakarta/inject/jakarta.inject-api/2.0.0/jakarta.inject-api-2.0.0.jar:/Users/andres_nino/.m2/repository/org/antlr/antlr4-runtime/4.10.1/antlr4-runtime-4.10.1.jar:/Users/andres_nino/.m2/repository/org/springframework/data/spring-data-jpa/3.0.5/spring-data-jpa-3.0.5.jar:/Users/andres_nino/.m2/repository/org/springframework/data/spring-data-commons/3.0.5/spring-data-commons-3.0.5.jar:/Users/andres_nino/.m2/repository/org/springframework/spring-orm/6.0.8/spring-orm-6.0.8.jar:/Users/andres_nino/.m2/repository/org/springframework/spring-context/6.0.8/spring-context-6.0.8.jar:/Users/andres_nino/.m2/repository/org/springframework/spring-tx/6.0.8/spring-tx-6.0.8.jar:/Users/andres_nino/.m2/repository/org/springframework/spring-beans/6.0.8/spring-beans-6.0.8.jar:/Users/andres_nino/.m2/repository/jakarta/annotation/jakarta.annotation-api/2.1.1/jakarta.annotation-api-2.1.1.jar:/Users/andres_nino/.m2/repository/org/slf4j/slf4j-api/2.0.7/slf4j-api-2.0.7.jar:/Users/andres_nino/.m2/repository/org/springframework/spring-aspects/6.0.8/spring-aspects-6.0.8.jar:/Users/andres_nino/.m2/repository/org/springframework/boot/spring-boot-starter-security/3.0.6/spring-boot-starter-security-3.0.6.jar:/Users/andres_nino/.m2/repository/org/springframework/boot/spring-boot-starter/3.0.6/spring-boot-starter-3.0.6.jar:/Users/andres_nino/.m2/repository/org/springframework/boot/spring-boot/3.0.6/spring-boot-3.0.6.jar:/Users/andres_nino/.m2/repository/org/springframework/boot/spring-boot-autoconfigure/3.0.6/spring-boot-autoconfigure-3.0.6.jar:/Users/andres_nino/.m2/repository/org/springframework/boot/spring-boot-starter-logging/3.0.6/spring-boot-starter-logging-3.0.6.jar:/Users/andres_nino/.m2/repository/ch/qos/logback/logback-classic/1.4.7/logback-classic-1.4.7.jar:/Users/andres_nino/.m2/repository/ch/qos/logback/logback-core/1.4.7/logback-core-1.4.7.jar:/Users/andres_nino/.m2/repository/org/apache/logging/log4j/log4j-to-slf4j/2.19.0/log4j-to-slf4j-2.19.0.jar:/Users/andres_nino/.m2/repository/org/apache/logging/log4j/log4j-api/2.19.0/log4j-api-2.19.0.jar:/Users/andres_nino/.m2/repository/org/slf4j/jul-to-slf4j/2.0.7/jul-to-slf4j-2.0.7.jar:/Users/andres_nino/.m2/repository/org/yaml/snakeyaml/1.33/snakeyaml-1.33.jar:/Users/andres_nino/.m2/repository/org/springframework/spring-aop/6.0.8/spring-aop-6.0.8.jar:/Users/andres_nino/.m2/repository/org/springframework/security/spring-security-config/6.0.3/spring-security-config-6.0.3.jar:/Users/andres_nino/.m2/repository/org/springframework/security/spring-security-web/6.0.3/spring-security-web-6.0.3.jar:/Users/andres_nino/.m2/repository/org/springframework/spring-expression/6.0.8/spring-expression-6.0.8.jar:/Users/andres_nino/.m2/repository/org/springframework/boot/spring-boot-starter-web/3.1.0/spring-boot-starter-web-3.1.0.jar:/Users/andres_nino/.m2/repository/org/springframework/boot/spring-boot-starter-json/3.0.6/spring-boot-starter-json-3.0.6.jar:/Users/andres_nino/.m2/repository/com/fasterxml/jackson/datatype/jackson-datatype-jdk8/2.14.2/jackson-datatype-jdk8-2.14.2.jar:/Users/andres_nino/.m2/repository/com/fasterxml/jackson/module/jackson-module-parameter-names/2.14.2/jackson-module-parameter-names-2.14.2.jar:/Users/andres_nino/.m2/repository/org/springframework/boot/spring-boot-starter-tomcat/3.0.6/spring-boot-starter-tomcat-3.0.6.jar:/Users/andres_nino/.m2/repository/org/apache/tomcat/embed/tomcat-embed-core/10.1.8/tomcat-embed-core-10.1.8.jar:/Users/andres_nino/.m2/repository/org/apache/tomcat/embed/tomcat-embed-el/10.1.8/tomcat-embed-el-10.1.8.jar:/Users/andres_nino/.m2/repository/org/apache/tomcat/embed/tomcat-embed-websocket/10.1.8/tomcat-embed-websocket-10.1.8.jar:/Users/andres_nino/.m2/repository/org/springframework/spring-web/6.0.8/spring-web-6.0.8.jar:/Users/andres_nino/.m2/repository/org/springframework/spring-webmvc/6.0.8/spring-webmvc-6.0.8.jar:/Users/andres_nino/.m2/repository/org/postgresql/postgresql/42.5.4/postgresql-42.5.4.jar:/Users/andres_nino/.m2/repository/org/checkerframework/checker-qual/3.5.0/checker-qual-3.5.0.jar:/Users/andres_nino/.m2/repository/org/projectlombok/lombok/1.18.26/lombok-1.18.26.jar:/Users/andres_nino/.m2/repository/org/springframework/boot/spring-boot-starter-test/3.1.0/spring-boot-starter-test-3.1.0.jar:/Users/andres_nino/.m2/repository/org/springframework/boot/spring-boot-test/3.0.6/spring-boot-test-3.0.6.jar:/Users/andres_nino/.m2/repository/org/springframework/boot/spring-boot-test-autoconfigure/3.0.6/spring-boot-test-autoconfigure-3.0.6.jar:/Users/andres_nino/.m2/repository/com/jayway/jsonpath/json-path/2.7.0/json-path-2.7.0.jar:/Users/andres_nino/.m2/repository/jakarta/xml/bind/jakarta.xml.bind-api/4.0.0/jakarta.xml.bind-api-4.0.0.jar:/Users/andres_nino/.m2/repository/jakarta/activation/jakarta.activation-api/2.1.1/jakarta.activation-api-2.1.1.jar:/Users/andres_nino/.m2/repository/net/minidev/json-smart/2.4.10/json-smart-2.4.10.jar:/Users/andres_nino/.m2/repository/net/minidev/accessors-smart/2.4.9/accessors-smart-2.4.9.jar:/Users/andres_nino/.m2/repository/org/ow2/asm/asm/9.3/asm-9.3.jar:/Users/andres_nino/.m2/repository/org/assertj/assertj-core/3.23.1/assertj-core-3.23.1.jar:/Users/andres_nino/.m2/repository/org/hamcrest/hamcrest/2.2/hamcrest-2.2.jar:/Users/andres_nino/.m2/repository/org/junit/jupiter/junit-jupiter/5.9.2/junit-jupiter-5.9.2.jar:/Users/andres_nino/.m2/repository/org/junit/jupiter/junit-jupiter-api/5.9.2/junit-jupiter-api-5.9.2.jar:/Users/andres_nino/.m2/repository/org/opentest4j/opentest4j/1.2.0/opentest4j-1.2.0.jar:/Users/andres_nino/.m2/repository/org/junit/platform/junit-platform-commons/1.9.2/junit-platform-commons-1.9.2.jar:/Users/andres_nino/.m2/repository/org/apiguardian/apiguardian-api/1.1.2/apiguardian-api-1.1.2.jar:/Users/andres_nino/.m2/repository/org/junit/jupiter/junit-jupiter-params/5.9.2/junit-jupiter-params-5.9.2.jar:/Users/andres_nino/.m2/repository/org/junit/jupiter/junit-jupiter-engine/5.9.2/junit-jupiter-engine-5.9.2.jar:/Users/andres_nino/.m2/repository/org/junit/platform/junit-platform-engine/1.9.2/junit-platform-engine-1.9.2.jar:/Users/andres_nino/.m2/repository/org/mockito/mockito-core/4.8.1/mockito-core-4.8.1.jar:/Users/andres_nino/.m2/repository/net/bytebuddy/byte-buddy-agent/1.12.23/byte-buddy-agent-1.12.23.jar:/Users/andres_nino/.m2/repository/org/objenesis/objenesis/3.2/objenesis-3.2.jar:/Users/andres_nino/.m2/repository/org/mockito/mockito-junit-jupiter/4.8.1/mockito-junit-jupiter-4.8.1.jar:/Users/andres_nino/.m2/repository/org/skyscreamer/jsonassert/1.5.1/jsonassert-1.5.1.jar:/Users/andres_nino/.m2/repository/com/vaadin/external/google/android-json/0.0.20131108.vaadin1/android-json-0.0.20131108.vaadin1.jar:/Users/andres_nino/.m2/repository/org/springframework/spring-core/6.0.8/spring-core-6.0.8.jar:/Users/andres_nino/.m2/repository/org/springframework/spring-jcl/6.0.8/spring-jcl-6.0.8.jar:/Users/andres_nino/.m2/repository/org/springframework/spring-test/6.0.8/spring-test-6.0.8.jar:/Users/andres_nino/.m2/repository/org/xmlunit/xmlunit-core/2.9.1/xmlunit-core-2.9.1.jar:/Users/andres_nino/.m2/repository/org/springframework/security/spring-security-test/6.0.3/spring-security-test-6.0.3.jar:/Users/andres_nino/.m2/repository/org/springframework/security/spring-security-core/6.0.3/spring-security-core-6.0.3.jar:/Users/andres_nino/.m2/repository/org/springframework/security/spring-security-crypto/6.0.3/spring-security-crypto-6.0.3.jar:/Users/andres_nino/.m2/repository/org/springframework/boot/spring-boot-starter-actuator/3.1.0/spring-boot-starter-actuator-3.1.0.jar:/Users/andres_nino/.m2/repository/org/springframework/boot/spring-boot-actuator-autoconfigure/3.0.6/spring-boot-actuator-autoconfigure-3.0.6.jar:/Users/andres_nino/.m2/repository/org/springframework/boot/spring-boot-actuator/3.0.6/spring-boot-actuator-3.0.6.jar:/Users/andres_nino/.m2/repository/io/micrometer/micrometer-observation/1.10.6/micrometer-observation-1.10.6.jar:/Users/andres_nino/.m2/repository/io/micrometer/micrometer-commons/1.10.6/micrometer-commons-1.10.6.jar:/Users/andres_nino/.m2/repository/io/micrometer/micrometer-core/1.10.6/micrometer-core-1.10.6.jar:/Users/andres_nino/.m2/repository/org/hdrhistogram/HdrHistogram/2.1.12/HdrHistogram-2.1.12.jar:/Users/andres_nino/.m2/repository/org/latencyutils/LatencyUtils/2.0.3/LatencyUtils-2.0.3.jar:/Users/andres_nino/.m2/repository/com/fasterxml/jackson/datatype/jackson-datatype-jsr310/2.15.2/jackson-datatype-jsr310-2.15.2.jar:/Users/andres_nino/.m2/repository/com/fasterxml/jackson/core/jackson-annotations/2.14.2/jackson-annotations-2.14.2.jar:/Users/andres_nino/.m2/repository/com/fasterxml/jackson/core/jackson-core/2.14.2/jackson-core-2.14.2.jar:/Users/andres_nino/.m2/repository/com/fasterxml/jackson/core/jackson-databind/2.14.2/jackson-databind-2.14.2.jar:/Users/andres_nino/.m2/repository/com/opencsv/opencsv/5.8/opencsv-5.8.jar:/Users/andres_nino/.m2/repository/org/apache/commons/commons-lang3/3.12.0/commons-lang3-3.12.0.jar:/Users/andres_nino/.m2/repository/org/apache/commons/commons-text/1.10.0/commons-text-1.10.0.jar:/Users/andres_nino/.m2/repository/commons-beanutils/commons-beanutils/1.9.4/commons-beanutils-1.9.4.jar:/Users/andres_nino/.m2/repository/commons-logging/commons-logging/1.2/commons-logging-1.2.jar:/Users/andres_nino/.m2/repository/commons-collections/commons-collections/3.2.2/commons-collections-3.2.2.jar:/Users/andres_nino/.m2/repository/org/apache/commons/commons-collections4/4.4/commons-collections4-4.4.jar:/Users/andres_nino/.m2/repository/io/jsonwebtoken/jjwt-api/0.11.5/jjwt-api-0.11.5.jar:/Users/andres_nino/.m2/repository/io/jsonwebtoken/jjwt-impl/0.11.5/jjwt-impl-0.11.5.jar:/Users/andres_nino/.m2/repository/io/jsonwebtoken/jjwt-jackson/0.11.5/jjwt-jackson-0.11.5.jar:"/>
    <property name="sun.cpu.endian" value="little"/>
    <property name="user.home" value="/Users/andres_nino"/>
    <property name="user.language" value="es"/>
    <property name="java.specification.vendor" value="Oracle Corporation"/>
    <property name="java.version.date" value="2023-04-18"/>
    <property name="java.home" value="/Users/andres_nino/Library/Java/JavaVirtualMachines/openjdk-20.0.1/Contents/Home"/>
    <property name="file.separator" value="/"/>
    <property name="basedir" value="/Users/andres_nino/Documents/Trabajo/Aprendizaje/spring boot/cash-flow-app/api-cash-flow"/>
    <property name="java.vm.compressedOopsMode" value="Zero based"/>
    <property name="line.separator" value="&#10;"/>
    <property name="java.vm.specification.vendor" value="Oracle Corporation"/>
    <property name="java.specification.name" value="Java Platform API Specification"/>
    <property name="apple.awt.application.name" value="ForkedBooter"/>
    <property name="surefire.real.class.path" value="/Users/andres_nino/Documents/Trabajo/Aprendizaje/spring boot/cash-flow-app/api-cash-flow/target/surefire/surefirebooter524870317036203424.jar"/>
    <property name="sun.management.compiler" value="HotSpot 64-Bit Tiered Compilers"/>
    <property name="ftp.nonProxyHosts" value="local|*.local|169.254/16|*.169.254/16"/>
    <property name="java.runtime.version" value="20.0.1+9-29"/>
    <property name="user.name" value="andres_nino"/>
    <property name="stdout.encoding" value="US-ASCII"/>
    <property name="path.separator" value=":"/>
    <property name="os.version" value="13.6"/>
    <property name="java.runtime.name" value="OpenJDK Runtime Environment"/>
    <property name="file.encoding" value="UTF-8"/>
    <property name="java.vm.name" value="OpenJDK 64-Bit Server VM"/>
    <property name="localRepository" value="/Users/andres_nino/.m2/repository"/>
    <property name="java.vendor.url.bug" value="https://bugreport.java.com/bugreport/"/>
    <property name="java.io.tmpdir" value="/var/folders/0r/jf917p7j7pb0rny3znw98ynh0000gn/T/"/>
    <property name="idea.version" value="2023.2.3"/>
    <property name="java.version" value="20.0.1"/>
    <property name="user.dir" value="/Users/andres_nino/Documents/Trabajo/Aprendizaje/spring boot/cash-flow-app/api-cash-flow"/>
    <property name="os.arch" value="aarch64"/>
    <property name="java.vm.specification.name" value="Java Virtual Machine Specification"/>
    <property name="native.encoding" value="US-ASCII"/>
    <property name="java.library.path" value="/Users/andres_nino/Library/Java/Extensions:/Library/Java/Extensions:/Network/Library/Java/Extensions:/System/Library/Java/Extensions:/usr/lib/java:."/>
    <property name="java.vm.info" value="mixed mode, sharing"/>
    <property name="stderr.encoding" value="US-ASCII"/>
    <property name="java.vendor" value="Oracle Corporation"/>
    <property name="java.vm.version" value="20.0.1+9-29"/>
    <property name="sun.io.unicode.encoding" value="UnicodeBig"/>
    <property name="socksNonProxyHosts" value="local|*.local|169.254/16|*.169.254/16"/>
    <property name="java.class.version" value="64.0"/>
  </properties>
  <testcase name="getIncomeExpense" classname="com.cash_flow_app.apicashflow.controller.IncomeExpenseControllerTest" time="0.184">
    <error message="could not execute statement; SQL [n/a]; constraint [user_account_pkey]" type="org.springframework.dao.DataIntegrityViolationException">org.springframework.dao.DataIntegrityViolationException: could not execute statement; SQL [n/a]; constraint [user_account_pkey]
	at com.cash_flow_app.apicashflow.controller.IncomeExpenseControllerTest.createIncomeExpenseResult(IncomeExpenseControllerTest.java:250)
	at com.cash_flow_app.apicashflow.controller.IncomeExpenseControllerTest.getIncomeExpense(IncomeExpenseControllerTest.java:149)
Caused by: org.hibernate.exception.ConstraintViolationException: could not execute statement
	at com.cash_flow_app.apicashflow.controller.IncomeExpenseControllerTest.createIncomeExpenseResult(IncomeExpenseControllerTest.java:250)
	at com.cash_flow_app.apicashflow.controller.IncomeExpenseControllerTest.getIncomeExpense(IncomeExpenseControllerTest.java:149)
Caused by: org.postgresql.util.PSQLException: 
ERROR: duplicate key value violates unique constraint "user_account_pkey"
  Detail: Key (user_id, account_id)=(acb86be0-dc3e-475a-a21d-762ea39ada72, 760aa2e6-e2e7-4c46-b9d8-f688bc1cab6e) already exists.
	at com.cash_flow_app.apicashflow.controller.IncomeExpenseControllerTest.createIncomeExpenseResult(IncomeExpenseControllerTest.java:250)
	at com.cash_flow_app.apicashflow.controller.IncomeExpenseControllerTest.getIncomeExpense(IncomeExpenseControllerTest.java:149)
</error>
    <system-out><![CDATA[2023-11-28T22:11:58.120-05:00 DEBUG 27472 --- [           main] .b.t.c.SpringBootTestContextBootstrapper : Neither @ContextConfiguration nor @ContextHierarchy found for test class [IncomeExpenseControllerTest]: using SpringBootContextLoader
2023-11-28T22:11:58.121-05:00 DEBUG 27472 --- [           main] o.s.t.c.support.AbstractContextLoader    : Could not detect default resource locations for test class [com.cash_flow_app.apicashflow.controller.IncomeExpenseControllerTest]: no resource found for suffixes {-context.xml, Context.groovy}.
2023-11-28T22:11:58.121-05:00  INFO 27472 --- [           main] t.c.s.AnnotationConfigContextLoaderUtils : Could not detect default configuration classes for test class [com.cash_flow_app.apicashflow.controller.IncomeExpenseControllerTest]: IncomeExpenseControllerTest does not declare any static, non-private, non-final, nested classes annotated with @Configuration.
2023-11-28T22:11:58.121-05:00 DEBUG 27472 --- [           main] .b.t.c.SpringBootTestContextBootstrapper : Using ContextCustomizers for test class [IncomeExpenseControllerTest]: [ImportsContextCustomizer, ExcludeFilterContextCustomizer, DuplicateJsonObjectContextCustomizer, MockitoContextCustomizer, TestRestTemplateContextCustomizer, DisableObservabilityContextCustomizer, PropertyMappingContextCustomizer, Customizer]
2023-11-28T22:11:58.122-05:00  INFO 27472 --- [           main] .b.t.c.SpringBootTestContextBootstrapper : Found @SpringBootConfiguration com.cash_flow_app.apicashflow.ApiCashFlowApplication for test class com.cash_flow_app.apicashflow.controller.IncomeExpenseControllerTest
2023-11-28T22:11:58.122-05:00 DEBUG 27472 --- [           main] .b.t.c.SpringBootTestContextBootstrapper : Using TestExecutionListeners for test class [IncomeExpenseControllerTest]: [ServletTestExecutionListener, DirtiesContextBeforeModesTestExecutionListener, ApplicationEventsTestExecutionListener, MockitoTestExecutionListener, DependencyInjectionTestExecutionListener, DirtiesContextTestExecutionListener, TransactionalTestExecutionListener, SqlScriptsTestExecutionListener, EventPublishingTestExecutionListener, WithSecurityContextTestExecutionListener, ReactorContextTestExecutionListener, ResetMocksTestExecutionListener, RestDocsTestExecutionListener, MockRestServiceServerResetTestExecutionListener, MockMvcPrintOnlyOnFailureTestExecutionListener, WebDriverTestExecutionListener, MockWebServiceServerTestExecutionListener]
2023-11-28T22:11:58.122-05:00 DEBUG 27472 --- [           main] tractDirtiesContextTestExecutionListener : Before test class: class [IncomeExpenseControllerTest], class annotated with @DirtiesContext [false] with mode [null]
2023-11-28T22:11:58.122-05:00 DEBUG 27472 --- [           main] org.springframework.test.context.cache   : Spring test ApplicationContext cache statistics: [DefaultContextCache@8caffbd size = 3, maxSize = 32, parentContextCount = 0, hitCount = 356, missCount = 3]
2023-11-28T22:11:58.122-05:00 DEBUG 27472 --- [           main] org.springframework.test.context.cache   : Spring test ApplicationContext cache statistics: [DefaultContextCache@8caffbd size = 3, maxSize = 32, parentContextCount = 0, hitCount = 357, missCount = 3]
2023-11-28T22:11:58.122-05:00 DEBUG 27472 --- [           main] o.s.t.c.w.ServletTestExecutionListener   : Setting up MockHttpServletRequest, MockHttpServletResponse, ServletWebRequest, and RequestContextHolder for test class com.cash_flow_app.apicashflow.controller.IncomeExpenseControllerTest
2023-11-28T22:11:58.122-05:00 DEBUG 27472 --- [           main] DependencyInjectionTestExecutionListener : Performing dependency injection for test class com.cash_flow_app.apicashflow.controller.IncomeExpenseControllerTest
2023-11-28T22:11:58.122-05:00 DEBUG 27472 --- [           main] org.springframework.test.context.cache   : Spring test ApplicationContext cache statistics: [DefaultContextCache@8caffbd size = 3, maxSize = 32, parentContextCount = 0, hitCount = 358, missCount = 3]
2023-11-28T22:11:58.123-05:00 DEBUG 27472 --- [           main] org.springframework.test.context.cache   : Spring test ApplicationContext cache statistics: [DefaultContextCache@8caffbd size = 3, maxSize = 32, parentContextCount = 0, hitCount = 359, missCount = 3]
2023-11-28T22:11:58.123-05:00 DEBUG 27472 --- [           main] tractDirtiesContextTestExecutionListener : Before test method: class [IncomeExpenseControllerTest], method [getIncomeExpense], class annotated with @DirtiesContext [false] with mode [null], method annotated with @DirtiesContext [false] with mode [null]
2023-11-28T22:11:58.123-05:00 DEBUG 27472 --- [           main] t.c.t.TransactionalTestExecutionListener : Explicit transaction definition [PROPAGATION_REQUIRED,ISOLATION_DEFAULT] found for test class [com.cash_flow_app.apicashflow.controller.IncomeExpenseControllerTest] and test method [getIncomeExpense]
2023-11-28T22:11:58.123-05:00 DEBUG 27472 --- [           main] org.springframework.test.context.cache   : Spring test ApplicationContext cache statistics: [DefaultContextCache@8caffbd size = 3, maxSize = 32, parentContextCount = 0, hitCount = 360, missCount = 3]
2023-11-28T22:11:58.123-05:00 DEBUG 27472 --- [           main] t.c.t.TransactionalTestExecutionListener : No method-level @Rollback override: using default rollback [true] for test method [void com.cash_flow_app.apicashflow.controller.IncomeExpenseControllerTest.getIncomeExpense() throws java.lang.Exception]
2023-11-28T22:11:58.123-05:00 DEBUG 27472 --- [           main] o.s.orm.jpa.JpaTransactionManager        : Creating new transaction with name [com.cash_flow_app.apicashflow.controller.IncomeExpenseControllerTest.getIncomeExpense]: PROPAGATION_REQUIRED,ISOLATION_DEFAULT
2023-11-28T22:11:58.123-05:00 DEBUG 27472 --- [           main] o.s.orm.jpa.JpaTransactionManager        : Opened new EntityManager [SessionImpl(114970877<open>)] for JPA transaction
2023-11-28T22:11:58.123-05:00 DEBUG 27472 --- [           main] o.h.e.t.internal.TransactionImpl         : On TransactionImpl creation, JpaCompliance#isJpaTransactionComplianceEnabled == false
2023-11-28T22:11:58.123-05:00 DEBUG 27472 --- [           main] o.h.e.t.internal.TransactionImpl         : begin
2023-11-28T22:11:58.123-05:00 DEBUG 27472 --- [           main] org.postgresql.jdbc.PgConnection         :   setAutoCommit = false
2023-11-28T22:11:58.123-05:00 DEBUG 27472 --- [           main] o.s.orm.jpa.JpaTransactionManager        : Exposing JPA transaction as JDBC [org.springframework.orm.jpa.vendor.HibernateJpaDialect$HibernateConnectionHandle@69e91f2b]
2023-11-28T22:11:58.123-05:00 DEBUG 27472 --- [           main] o.s.t.c.transaction.TransactionContext   : Began transaction (1) for test class [com.cash_flow_app.apicashflow.controller.IncomeExpenseControllerTest]; test method [getIncomeExpense]; transaction manager [org.springframework.orm.jpa.JpaTransactionManager@6448679f]; rollback [true]
2023-11-28T22:11:58.123-05:00 DEBUG 27472 --- [           main] org.springframework.test.context.cache   : Spring test ApplicationContext cache statistics: [DefaultContextCache@8caffbd size = 3, maxSize = 32, parentContextCount = 0, hitCount = 361, missCount = 3]
2023-11-28T22:11:58.123-05:00 DEBUG 27472 --- [           main] org.springframework.test.context.cache   : Spring test ApplicationContext cache statistics: [DefaultContextCache@8caffbd size = 3, maxSize = 32, parentContextCount = 0, hitCount = 362, missCount = 3]
2023-11-28T22:11:58.124-05:00 DEBUG 27472 --- [           main] o.s.test.util.ReflectionTestUtils        : Invoking method 'getFilters' on target object [FilterChainProxy[Filter Chains: [DefaultSecurityFilterChain [RequestMatcher=any request, Filters=[org.springframework.security.web.session.DisableEncodeUrlFilter@120e3ebb, org.springframework.security.web.session.ForceEagerSessionCreationFilter@753f1c3e, org.springframework.security.web.context.request.async.WebAsyncManagerIntegrationFilter@5e9af5d4, org.springframework.security.web.context.SecurityContextHolderFilter@1d18e5ad, org.springframework.security.web.header.HeaderWriterFilter@73b68d98, org.springframework.web.filter.CorsFilter@7863e6b2, org.springframework.security.web.authentication.logout.LogoutFilter@1e5a8278, JWTAuthorizationFilter(loginService=com.cash_flow_app.apicashflow.entities_repositories_and_services.base.security.LoginService@508b9c16), com.cash_flow_app.apicashflow.entities_repositories_and_services.base.security.JWTAuthenticationFilter@6fd2b939, org.springframework.security.web.savedrequest.RequestCacheAwareFilter@11def039, org.springframework.security.web.servletapi.SecurityContextHolderAwareRequestFilter@564375d7, org.springframework.security.web.authentication.AnonymousAuthenticationFilter@c4aa99e, org.springframework.security.web.session.SessionManagementFilter@69af6978, org.springframework.security.web.access.ExceptionTranslationFilter@4469046b, org.springframework.security.web.access.intercept.AuthorizationFilter@588d2e90]]]]] or target class [null] with arguments {org.springframework.mock.web.MockHttpServletRequest@21282fc6}
2023-11-28T22:11:58.124-05:00 DEBUG 27472 --- [           main] o.s.test.util.ReflectionTestUtils        : Invoking method 'getFilters' on target object [FilterChainProxy[Filter Chains: [DefaultSecurityFilterChain [RequestMatcher=any request, Filters=[org.springframework.security.web.session.DisableEncodeUrlFilter@120e3ebb, org.springframework.security.web.session.ForceEagerSessionCreationFilter@753f1c3e, org.springframework.security.web.context.request.async.WebAsyncManagerIntegrationFilter@5e9af5d4, org.springframework.security.web.context.SecurityContextHolderFilter@1d18e5ad, org.springframework.security.web.header.HeaderWriterFilter@73b68d98, org.springframework.web.filter.CorsFilter@7863e6b2, org.springframework.security.web.authentication.logout.LogoutFilter@1e5a8278, JWTAuthorizationFilter(loginService=com.cash_flow_app.apicashflow.entities_repositories_and_services.base.security.LoginService@508b9c16), com.cash_flow_app.apicashflow.entities_repositories_and_services.base.security.JWTAuthenticationFilter@6fd2b939, org.springframework.security.web.savedrequest.RequestCacheAwareFilter@11def039, org.springframework.security.web.servletapi.SecurityContextHolderAwareRequestFilter@564375d7, org.springframework.security.web.authentication.AnonymousAuthenticationFilter@c4aa99e, org.springframework.security.web.session.SessionManagementFilter@69af6978, org.springframework.security.web.access.ExceptionTranslationFilter@4469046b, org.springframework.security.web.access.intercept.AuthorizationFilter@588d2e90]]]]] or target class [null] with arguments {org.springframework.mock.web.MockHttpServletRequest@21282fc6}
2023-11-28T22:11:58.124-05:00 DEBUG 27472 --- [           main] o.s.test.util.ReflectionTestUtils        : Invoking method 'getFilters' on target object [FilterChainProxy[Filter Chains: [DefaultSecurityFilterChain [RequestMatcher=any request, Filters=[org.springframework.security.web.session.DisableEncodeUrlFilter@120e3ebb, org.springframework.security.web.session.ForceEagerSessionCreationFilter@753f1c3e, org.springframework.security.web.context.request.async.WebAsyncManagerIntegrationFilter@5e9af5d4, org.springframework.security.web.context.SecurityContextHolderFilter@1d18e5ad, org.springframework.security.web.header.HeaderWriterFilter@73b68d98, org.springframework.web.filter.CorsFilter@7863e6b2, org.springframework.security.web.authentication.logout.LogoutFilter@1e5a8278, JWTAuthorizationFilter(loginService=com.cash_flow_app.apicashflow.entities_repositories_and_services.base.security.LoginService@508b9c16), com.cash_flow_app.apicashflow.entities_repositories_and_services.base.security.JWTAuthenticationFilter@6fd2b939, org.springframework.security.web.savedrequest.RequestCacheAwareFilter@11def039, org.springframework.security.web.servletapi.SecurityContextHolderAwareRequestFilter@564375d7, org.springframework.security.web.authentication.AnonymousAuthenticationFilter@c4aa99e, org.springframework.security.web.session.SessionManagementFilter@69af6978, org.springframework.security.web.access.ExceptionTranslationFilter@4469046b, org.springframework.security.web.access.intercept.AuthorizationFilter@588d2e90]]]]] or target class [null] with arguments {org.springframework.mock.web.MockHttpServletRequest@21282fc6}
2023-11-28T22:11:58.124-05:00 DEBUG 27472 --- [           main] o.s.security.web.FilterChainProxy        : Securing POST /api/v1/user/signup
2023-11-28T22:11:58.124-05:00 DEBUG 27472 --- [           main] .s.s.w.s.ForceEagerSessionCreationFilter : Created session eagerly
2023-11-28T22:11:58.124-05:00 DEBUG 27472 --- [           main] o.s.s.w.a.AnonymousAuthenticationFilter  : Set SecurityContextHolder to anonymous SecurityContext
2023-11-28T22:11:58.124-05:00 DEBUG 27472 --- [           main] s.w.s.m.m.a.RequestMappingHandlerMapping : Mapped to com.cash_flow_app.apicashflow.controller.UserController#signup(UserDto)
2023-11-28T22:11:58.124-05:00 DEBUG 27472 --- [           main] s.w.s.m.m.a.RequestMappingHandlerMapping : Mapped to com.cash_flow_app.apicashflow.controller.UserController#signup(UserDto)
2023-11-28T22:11:58.124-05:00 DEBUG 27472 --- [           main] s.w.s.m.m.a.RequestMappingHandlerMapping : Mapped to com.cash_flow_app.apicashflow.controller.UserController#signup(UserDto)
2023-11-28T22:11:58.124-05:00 DEBUG 27472 --- [           main] s.w.s.m.m.a.RequestMappingHandlerMapping : Mapped to com.cash_flow_app.apicashflow.controller.UserController#signup(UserDto)
2023-11-28T22:11:58.124-05:00 DEBUG 27472 --- [           main] s.w.s.m.m.a.RequestMappingHandlerMapping : Mapped to com.cash_flow_app.apicashflow.controller.UserController#signup(UserDto)
2023-11-28T22:11:58.124-05:00 DEBUG 27472 --- [           main] s.w.s.m.m.a.RequestMappingHandlerMapping : Mapped to com.cash_flow_app.apicashflow.controller.UserController#signup(UserDto)
2023-11-28T22:11:58.124-05:00 DEBUG 27472 --- [           main] s.w.s.m.m.a.RequestMappingHandlerMapping : Mapped to com.cash_flow_app.apicashflow.controller.UserController#signup(UserDto)
2023-11-28T22:11:58.124-05:00 DEBUG 27472 --- [           main] o.s.security.web.FilterChainProxy        : Secured POST /api/v1/user/signup
2023-11-28T22:11:58.124-05:00 DEBUG 27472 --- [           main] o.s.t.web.servlet.TestDispatcherServlet  : POST "/api/v1/user/signup", parameters={masked}
2023-11-28T22:11:58.124-05:00 DEBUG 27472 --- [           main] s.w.s.m.m.a.RequestMappingHandlerMapping : Mapped to com.cash_flow_app.apicashflow.controller.UserController#signup(UserDto)
2023-11-28T22:11:58.125-05:00 DEBUG 27472 --- [           main] m.m.a.RequestResponseBodyMethodProcessor : Read "application/json;charset=UTF-8" to [UserDto(username=usuario_test, password=123456, authorities=[{endpoint=Account, actions=[CREATE, REA (truncated)...]
2023-11-28T22:11:58.125-05:00 DEBUG 27472 --- [           main] org.hibernate.orm.sql.ast.create         : Created new SQL alias : a1_0
2023-11-28T22:11:58.125-05:00 DEBUG 27472 --- [           main] org.hibernate.orm.sql.ast.create         : Registration of TableGroup [StandardTableGroup(com.cash_flow_app.apicashflow.entities_repositories_and_services.base.authority.Authority(35202161494041))] with identifierForTableGroup [com.cash_flow_app.apicashflow.entities_repositories_and_services.base.authority.Authority] for NavigablePath [com.cash_flow_app.apicashflow.entities_repositories_and_services.base.authority.Authority] 
2023-11-28T22:11:58.125-05:00 DEBUG 27472 --- [           main] o.h.q.sqm.sql.BaseSqmToSqlAstConverter   : Determining mapping-model type for SqmParameter : org.hibernate.query.sqm.tree.expression.SqmJpaCriteriaParameterWrapper@5fc88c91
2023-11-28T22:11:58.125-05:00 DEBUG 27472 --- [           main] o.h.q.sqm.sql.BaseSqmToSqlAstConverter   : Determining mapping-model type for SqmPath : SqmBasicValuedSimplePath(com.cash_flow_app.apicashflow.entities_repositories_and_services.base.authority.Authority(35202161494041).permission) 
2023-11-28T22:11:58.125-05:00 DEBUG 27472 --- [           main] o.h.q.sqm.sql.BaseSqmToSqlAstConverter   : Determining mapping-model type for SqmParameter : org.hibernate.query.sqm.tree.expression.SqmJpaCriteriaParameterWrapper@7ef9d004
2023-11-28T22:11:58.125-05:00 DEBUG 27472 --- [           main] o.h.q.sqm.sql.BaseSqmToSqlAstConverter   : Determining mapping-model type for SqmPath : SqmBasicValuedSimplePath(com.cash_flow_app.apicashflow.entities_repositories_and_services.base.authority.Authority(35202161494041).endpoint) 
2023-11-28T22:11:58.125-05:00 DEBUG 27472 --- [           main] org.hibernate.orm.results.graph.AST      : DomainResult Graph:
 \-EntityResultImpl [com.cash_flow_app.apicashflow.entities_repositories_and_services.base.authority.Authority(35202161494041)]
 |  +-BasicFetch [com.cash_flow_app.apicashflow.entities_repositories_and_services.base.authority.Authority(35202161494041).endpoint]
 |  \-BasicFetch [com.cash_flow_app.apicashflow.entities_repositories_and_services.base.authority.Authority(35202161494041).permission]

2023-11-28T22:11:58.125-05:00 DEBUG 27472 --- [           main] org.hibernate.orm.sql.ast.tree           : SQL AST Tree:
    SelectStatement {
      FromClause {
        StandardTableGroup (a1 : com.cash_flow_app.apicashflow.entities_repositories_and_services.base.authority.Authority(35202161494041)) {
          primaryTableReference : authorities as a1_0
        }
      }
    }

2023-11-28T22:11:58.125-05:00 DEBUG 27472 --- [           main] org.hibernate.orm.sql.exec               : Skipping reading Query result cache data: cache-enabled = false, cache-mode = NORMAL
2023-11-28T22:11:58.125-05:00 DEBUG 27472 --- [           main] org.hibernate.orm.results                : Initializer list
2023-11-28T22:11:58.125-05:00 DEBUG 27472 --- [           main] org.hibernate.orm.results                :     com.cash_flow_app.apicashflow.entities_repositories_and_services.base.authority.Authority(35202161494041) -> EntityResultInitializer(com.cash_flow_app.apicashflow.entities_repositories_and_services.base.authority.Authority(35202161494041))@892681064 (SingleTableEntityPersister(com.cash_flow_app.apicashflow.entities_repositories_and_services.base.authority.Authority))
2023-11-28T22:11:58.126-05:00 DEBUG 27472 --- [           main] org.hibernate.SQL                        : 
    select
        a1_0.id,
        a1_0.endpoint,
        a1_0.permission 
    from
        authorities a1_0 
    where
        a1_0.permission=? 
        and a1_0.endpoint=?
2023-11-28T22:11:58.127-05:00 DEBUG 27472 --- [           main] org.hibernate.orm.results                : Extracted JDBC value [0] - [9aaf7d40-45f6-4ab6-90a9-a23f4c1b5f2f]
2023-11-28T22:11:58.127-05:00 DEBUG 27472 --- [           main] o.hibernate.orm.results.loading.entity   : (EntityResultInitializer) Hydrated EntityKey (com.cash_flow_app.apicashflow.entities_repositories_and_services.base.authority.Authority(35202161494041)): 9aaf7d40-45f6-4ab6-90a9-a23f4c1b5f2f
2023-11-28T22:11:58.127-05:00 DEBUG 27472 --- [           main] o.hibernate.orm.results.loading.entity   : (EntityResultInitializer) Created new entity instance [com.cash_flow_app.apicashflow.entities_repositories_and_services.base.authority.Authority(35202161494041)#9aaf7d40-45f6-4ab6-90a9-a23f4c1b5f2f] : com.cash_flow_app.apicashflow.entities_repositories_and_services.base.authority.Authority@71637a85
2023-11-28T22:11:58.127-05:00 DEBUG 27472 --- [           main] org.hibernate.orm.results                : Extracted JDBC value [1] - [Account]
2023-11-28T22:11:58.127-05:00 DEBUG 27472 --- [           main] org.hibernate.orm.results                : Extracted JDBC value [2] - [CREATE]
2023-11-28T22:11:58.127-05:00 DEBUG 27472 --- [           main] o.hibernate.orm.results.loading.entity   : (EntityResultInitializer) Done materializing entityInstance : com.cash_flow_app.apicashflow.entities_repositories_and_services.base.authority.Authority(35202161494041)#9aaf7d40-45f6-4ab6-90a9-a23f4c1b5f2f
2023-11-28T22:11:58.127-05:00 DEBUG 27472 --- [           main] org.hibernate.orm.results.loading        : Calling top-level assembler (0 / 1) : org.hibernate.sql.results.graph.entity.internal.EntityAssembler@6d91e1ba
2023-11-28T22:11:58.127-05:00 DEBUG 27472 --- [           main] org.hibernate.orm.sql.ast.create         : Created new SQL alias : a1_0
2023-11-28T22:11:58.127-05:00 DEBUG 27472 --- [           main] org.hibernate.orm.sql.ast.create         : Registration of TableGroup [StandardTableGroup(com.cash_flow_app.apicashflow.entities_repositories_and_services.base.authority.Authority(35202161494041))] with identifierForTableGroup [com.cash_flow_app.apicashflow.entities_repositories_and_services.base.authority.Authority] for NavigablePath [com.cash_flow_app.apicashflow.entities_repositories_and_services.base.authority.Authority] 
2023-11-28T22:11:58.127-05:00 DEBUG 27472 --- [           main] o.h.q.sqm.sql.BaseSqmToSqlAstConverter   : Determining mapping-model type for SqmParameter : org.hibernate.query.sqm.tree.expression.SqmJpaCriteriaParameterWrapper@7c8ae2c6
2023-11-28T22:11:58.127-05:00 DEBUG 27472 --- [           main] o.h.q.sqm.sql.BaseSqmToSqlAstConverter   : Determining mapping-model type for SqmPath : SqmBasicValuedSimplePath(com.cash_flow_app.apicashflow.entities_repositories_and_services.base.authority.Authority(35202161494041).permission) 
2023-11-28T22:11:58.127-05:00 DEBUG 27472 --- [           main] o.h.q.sqm.sql.BaseSqmToSqlAstConverter   : Determining mapping-model type for SqmParameter : org.hibernate.query.sqm.tree.expression.SqmJpaCriteriaParameterWrapper@18f94d41
2023-11-28T22:11:58.127-05:00 DEBUG 27472 --- [           main] o.h.q.sqm.sql.BaseSqmToSqlAstConverter   : Determining mapping-model type for SqmPath : SqmBasicValuedSimplePath(com.cash_flow_app.apicashflow.entities_repositories_and_services.base.authority.Authority(35202161494041).endpoint) 
2023-11-28T22:11:58.127-05:00 DEBUG 27472 --- [           main] org.hibernate.orm.results.graph.AST      : DomainResult Graph:
 \-EntityResultImpl [com.cash_flow_app.apicashflow.entities_repositories_and_services.base.authority.Authority(35202161494041)]
 |  +-BasicFetch [com.cash_flow_app.apicashflow.entities_repositories_and_services.base.authority.Authority(35202161494041).endpoint]
 |  \-BasicFetch [com.cash_flow_app.apicashflow.entities_repositories_and_services.base.authority.Authority(35202161494041).permission]

2023-11-28T22:11:58.127-05:00 DEBUG 27472 --- [           main] org.hibernate.orm.sql.ast.tree           : SQL AST Tree:
    SelectStatement {
      FromClause {
        StandardTableGroup (a1 : com.cash_flow_app.apicashflow.entities_repositories_and_services.base.authority.Authority(35202161494041)) {
          primaryTableReference : authorities as a1_0
        }
      }
    }

2023-11-28T22:11:58.127-05:00 DEBUG 27472 --- [           main] o.h.e.i.AbstractFlushingEventListener    : Processing flush-time cascades
2023-11-28T22:11:58.127-05:00 DEBUG 27472 --- [           main] o.h.e.i.AbstractFlushingEventListener    : Dirty checking collections
2023-11-28T22:11:58.127-05:00 DEBUG 27472 --- [           main] o.h.e.i.AbstractFlushingEventListener    : Flushed: 0 insertions, 0 updates, 0 deletions to 1 objects
2023-11-28T22:11:58.127-05:00 DEBUG 27472 --- [           main] o.h.e.i.AbstractFlushingEventListener    : Flushed: 0 (re)creations, 0 updates, 0 removals to 0 collections
2023-11-28T22:11:58.127-05:00 DEBUG 27472 --- [           main] o.hibernate.internal.util.EntityPrinter  : Listing entities:
2023-11-28T22:11:58.127-05:00 DEBUG 27472 --- [           main] o.hibernate.internal.util.EntityPrinter  : com.cash_flow_app.apicashflow.entities_repositories_and_services.base.authority.Authority{endpoint=Account, permission=CREATE, id=9aaf7d40-45f6-4ab6-90a9-a23f4c1b5f2f}
2023-11-28T22:11:58.127-05:00 DEBUG 27472 --- [           main] org.hibernate.orm.sql.exec               : Skipping reading Query result cache data: cache-enabled = false, cache-mode = NORMAL
2023-11-28T22:11:58.127-05:00 DEBUG 27472 --- [           main] org.hibernate.orm.results                : Initializer list
2023-11-28T22:11:58.127-05:00 DEBUG 27472 --- [           main] org.hibernate.orm.results                :     com.cash_flow_app.apicashflow.entities_repositories_and_services.base.authority.Authority(35202161494041) -> EntityResultInitializer(com.cash_flow_app.apicashflow.entities_repositories_and_services.base.authority.Authority(35202161494041))@1764525360 (SingleTableEntityPersister(com.cash_flow_app.apicashflow.entities_repositories_and_services.base.authority.Authority))
2023-11-28T22:11:58.127-05:00 DEBUG 27472 --- [           main] org.hibernate.SQL                        : 
    select
        a1_0.id,
        a1_0.endpoint,
        a1_0.permission 
    from
        authorities a1_0 
    where
        a1_0.permission=? 
        and a1_0.endpoint=?
2023-11-28T22:11:58.127-05:00 DEBUG 27472 --- [           main] org.hibernate.orm.results                : Extracted JDBC value [0] - [b14a62f4-d04f-422a-a2a3-1f80e2635352]
2023-11-28T22:11:58.127-05:00 DEBUG 27472 --- [           main] o.hibernate.orm.results.loading.entity   : (EntityResultInitializer) Hydrated EntityKey (com.cash_flow_app.apicashflow.entities_repositories_and_services.base.authority.Authority(35202161494041)): b14a62f4-d04f-422a-a2a3-1f80e2635352
2023-11-28T22:11:58.127-05:00 DEBUG 27472 --- [           main] o.hibernate.orm.results.loading.entity   : (EntityResultInitializer) Created new entity instance [com.cash_flow_app.apicashflow.entities_repositories_and_services.base.authority.Authority(35202161494041)#b14a62f4-d04f-422a-a2a3-1f80e2635352] : com.cash_flow_app.apicashflow.entities_repositories_and_services.base.authority.Authority@2fc578cf
2023-11-28T22:11:58.127-05:00 DEBUG 27472 --- [           main] org.hibernate.orm.results                : Extracted JDBC value [1] - [Account]
2023-11-28T22:11:58.127-05:00 DEBUG 27472 --- [           main] org.hibernate.orm.results                : Extracted JDBC value [2] - [READ]
2023-11-28T22:11:58.128-05:00 DEBUG 27472 --- [           main] o.hibernate.orm.results.loading.entity   : (EntityResultInitializer) Done materializing entityInstance : com.cash_flow_app.apicashflow.entities_repositories_and_services.base.authority.Authority(35202161494041)#b14a62f4-d04f-422a-a2a3-1f80e2635352
2023-11-28T22:11:58.128-05:00 DEBUG 27472 --- [           main] org.hibernate.orm.results.loading        : Calling top-level assembler (0 / 1) : org.hibernate.sql.results.graph.entity.internal.EntityAssembler@224d6d02
2023-11-28T22:11:58.128-05:00 DEBUG 27472 --- [           main] org.hibernate.orm.sql.ast.create         : Created new SQL alias : a1_0
2023-11-28T22:11:58.128-05:00 DEBUG 27472 --- [           main] org.hibernate.orm.sql.ast.create         : Registration of TableGroup [StandardTableGroup(com.cash_flow_app.apicashflow.entities_repositories_and_services.base.authority.Authority(35202161494041))] with identifierForTableGroup [com.cash_flow_app.apicashflow.entities_repositories_and_services.base.authority.Authority] for NavigablePath [com.cash_flow_app.apicashflow.entities_repositories_and_services.base.authority.Authority] 
2023-11-28T22:11:58.128-05:00 DEBUG 27472 --- [           main] o.h.q.sqm.sql.BaseSqmToSqlAstConverter   : Determining mapping-model type for SqmParameter : org.hibernate.query.sqm.tree.expression.SqmJpaCriteriaParameterWrapper@4f38acf
2023-11-28T22:11:58.128-05:00 DEBUG 27472 --- [           main] o.h.q.sqm.sql.BaseSqmToSqlAstConverter   : Determining mapping-model type for SqmPath : SqmBasicValuedSimplePath(com.cash_flow_app.apicashflow.entities_repositories_and_services.base.authority.Authority(35202161494041).permission) 
2023-11-28T22:11:58.128-05:00 DEBUG 27472 --- [           main] o.h.q.sqm.sql.BaseSqmToSqlAstConverter   : Determining mapping-model type for SqmParameter : org.hibernate.query.sqm.tree.expression.SqmJpaCriteriaParameterWrapper@23295bac
2023-11-28T22:11:58.128-05:00 DEBUG 27472 --- [           main] o.h.q.sqm.sql.BaseSqmToSqlAstConverter   : Determining mapping-model type for SqmPath : SqmBasicValuedSimplePath(com.cash_flow_app.apicashflow.entities_repositories_and_services.base.authority.Authority(35202161494041).endpoint) 
2023-11-28T22:11:58.128-05:00 DEBUG 27472 --- [           main] org.hibernate.orm.results.graph.AST      : DomainResult Graph:
 \-EntityResultImpl [com.cash_flow_app.apicashflow.entities_repositories_and_services.base.authority.Authority(35202161494041)]
 |  +-BasicFetch [com.cash_flow_app.apicashflow.entities_repositories_and_services.base.authority.Authority(35202161494041).endpoint]
 |  \-BasicFetch [com.cash_flow_app.apicashflow.entities_repositories_and_services.base.authority.Authority(35202161494041).permission]

2023-11-28T22:11:58.128-05:00 DEBUG 27472 --- [           main] org.hibernate.orm.sql.ast.tree           : SQL AST Tree:
    SelectStatement {
      FromClause {
        StandardTableGroup (a1 : com.cash_flow_app.apicashflow.entities_repositories_and_services.base.authority.Authority(35202161494041)) {
          primaryTableReference : authorities as a1_0
        }
      }
    }

2023-11-28T22:11:58.128-05:00 DEBUG 27472 --- [           main] o.h.e.i.AbstractFlushingEventListener    : Processing flush-time cascades
2023-11-28T22:11:58.128-05:00 DEBUG 27472 --- [           main] o.h.e.i.AbstractFlushingEventListener    : Dirty checking collections
2023-11-28T22:11:58.128-05:00 DEBUG 27472 --- [           main] o.h.e.i.AbstractFlushingEventListener    : Flushed: 0 insertions, 0 updates, 0 deletions to 2 objects
2023-11-28T22:11:58.128-05:00 DEBUG 27472 --- [           main] o.h.e.i.AbstractFlushingEventListener    : Flushed: 0 (re)creations, 0 updates, 0 removals to 0 collections
2023-11-28T22:11:58.128-05:00 DEBUG 27472 --- [           main] o.hibernate.internal.util.EntityPrinter  : Listing entities:
2023-11-28T22:11:58.128-05:00 DEBUG 27472 --- [           main] o.hibernate.internal.util.EntityPrinter  : com.cash_flow_app.apicashflow.entities_repositories_and_services.base.authority.Authority{endpoint=Account, permission=CREATE, id=9aaf7d40-45f6-4ab6-90a9-a23f4c1b5f2f}
2023-11-28T22:11:58.128-05:00 DEBUG 27472 --- [           main] o.hibernate.internal.util.EntityPrinter  : com.cash_flow_app.apicashflow.entities_repositories_and_services.base.authority.Authority{endpoint=Account, permission=READ, id=b14a62f4-d04f-422a-a2a3-1f80e2635352}
2023-11-28T22:11:58.128-05:00 DEBUG 27472 --- [           main] org.hibernate.orm.sql.exec               : Skipping reading Query result cache data: cache-enabled = false, cache-mode = NORMAL
2023-11-28T22:11:58.128-05:00 DEBUG 27472 --- [           main] org.hibernate.orm.results                : Initializer list
2023-11-28T22:11:58.128-05:00 DEBUG 27472 --- [           main] org.hibernate.orm.results                :     com.cash_flow_app.apicashflow.entities_repositories_and_services.base.authority.Authority(35202161494041) -> EntityResultInitializer(com.cash_flow_app.apicashflow.entities_repositories_and_services.base.authority.Authority(35202161494041))@526551857 (SingleTableEntityPersister(com.cash_flow_app.apicashflow.entities_repositories_and_services.base.authority.Authority))
2023-11-28T22:11:58.128-05:00 DEBUG 27472 --- [           main] org.hibernate.SQL                        : 
    select
        a1_0.id,
        a1_0.endpoint,
        a1_0.permission 
    from
        authorities a1_0 
    where
        a1_0.permission=? 
        and a1_0.endpoint=?
2023-11-28T22:11:58.128-05:00 DEBUG 27472 --- [           main] org.hibernate.orm.results                : Extracted JDBC value [0] - [363894b3-8bdc-4764-ad13-d91f872e1a95]
2023-11-28T22:11:58.128-05:00 DEBUG 27472 --- [           main] o.hibernate.orm.results.loading.entity   : (EntityResultInitializer) Hydrated EntityKey (com.cash_flow_app.apicashflow.entities_repositories_and_services.base.authority.Authority(35202161494041)): 363894b3-8bdc-4764-ad13-d91f872e1a95
2023-11-28T22:11:58.128-05:00 DEBUG 27472 --- [           main] o.hibernate.orm.results.loading.entity   : (EntityResultInitializer) Created new entity instance [com.cash_flow_app.apicashflow.entities_repositories_and_services.base.authority.Authority(35202161494041)#363894b3-8bdc-4764-ad13-d91f872e1a95] : com.cash_flow_app.apicashflow.entities_repositories_and_services.base.authority.Authority@38613df7
2023-11-28T22:11:58.128-05:00 DEBUG 27472 --- [           main] org.hibernate.orm.results                : Extracted JDBC value [1] - [Account]
2023-11-28T22:11:58.128-05:00 DEBUG 27472 --- [           main] org.hibernate.orm.results                : Extracted JDBC value [2] - [DELETE]
2023-11-28T22:11:58.128-05:00 DEBUG 27472 --- [           main] o.hibernate.orm.results.loading.entity   : (EntityResultInitializer) Done materializing entityInstance : com.cash_flow_app.apicashflow.entities_repositories_and_services.base.authority.Authority(35202161494041)#363894b3-8bdc-4764-ad13-d91f872e1a95
2023-11-28T22:11:58.128-05:00 DEBUG 27472 --- [           main] org.hibernate.orm.results.loading        : Calling top-level assembler (0 / 1) : org.hibernate.sql.results.graph.entity.internal.EntityAssembler@33d102c9
2023-11-28T22:11:58.128-05:00 DEBUG 27472 --- [           main] org.hibernate.orm.sql.ast.create         : Created new SQL alias : a1_0
2023-11-28T22:11:58.128-05:00 DEBUG 27472 --- [           main] org.hibernate.orm.sql.ast.create         : Registration of TableGroup [StandardTableGroup(com.cash_flow_app.apicashflow.entities_repositories_and_services.base.authority.Authority(35202161494041))] with identifierForTableGroup [com.cash_flow_app.apicashflow.entities_repositories_and_services.base.authority.Authority] for NavigablePath [com.cash_flow_app.apicashflow.entities_repositories_and_services.base.authority.Authority] 
2023-11-28T22:11:58.128-05:00 DEBUG 27472 --- [           main] o.h.q.sqm.sql.BaseSqmToSqlAstConverter   : Determining mapping-model type for SqmParameter : org.hibernate.query.sqm.tree.expression.SqmJpaCriteriaParameterWrapper@307eaa06
2023-11-28T22:11:58.128-05:00 DEBUG 27472 --- [           main] o.h.q.sqm.sql.BaseSqmToSqlAstConverter   : Determining mapping-model type for SqmPath : SqmBasicValuedSimplePath(com.cash_flow_app.apicashflow.entities_repositories_and_services.base.authority.Authority(35202161494041).permission) 
2023-11-28T22:11:58.128-05:00 DEBUG 27472 --- [           main] o.h.q.sqm.sql.BaseSqmToSqlAstConverter   : Determining mapping-model type for SqmParameter : org.hibernate.query.sqm.tree.expression.SqmJpaCriteriaParameterWrapper@c2b7028
2023-11-28T22:11:58.129-05:00 DEBUG 27472 --- [           main] o.h.q.sqm.sql.BaseSqmToSqlAstConverter   : Determining mapping-model type for SqmPath : SqmBasicValuedSimplePath(com.cash_flow_app.apicashflow.entities_repositories_and_services.base.authority.Authority(35202161494041).endpoint) 
2023-11-28T22:11:58.129-05:00 DEBUG 27472 --- [           main] org.hibernate.orm.results.graph.AST      : DomainResult Graph:
 \-EntityResultImpl [com.cash_flow_app.apicashflow.entities_repositories_and_services.base.authority.Authority(35202161494041)]
 |  +-BasicFetch [com.cash_flow_app.apicashflow.entities_repositories_and_services.base.authority.Authority(35202161494041).endpoint]
 |  \-BasicFetch [com.cash_flow_app.apicashflow.entities_repositories_and_services.base.authority.Authority(35202161494041).permission]

2023-11-28T22:11:58.129-05:00 DEBUG 27472 --- [           main] org.hibernate.orm.sql.ast.tree           : SQL AST Tree:
    SelectStatement {
      FromClause {
        StandardTableGroup (a1 : com.cash_flow_app.apicashflow.entities_repositories_and_services.base.authority.Authority(35202161494041)) {
          primaryTableReference : authorities as a1_0
        }
      }
    }

2023-11-28T22:11:58.129-05:00 DEBUG 27472 --- [           main] o.h.e.i.AbstractFlushingEventListener    : Processing flush-time cascades
2023-11-28T22:11:58.129-05:00 DEBUG 27472 --- [           main] o.h.e.i.AbstractFlushingEventListener    : Dirty checking collections
2023-11-28T22:11:58.129-05:00 DEBUG 27472 --- [           main] o.h.e.i.AbstractFlushingEventListener    : Flushed: 0 insertions, 0 updates, 0 deletions to 3 objects
2023-11-28T22:11:58.129-05:00 DEBUG 27472 --- [           main] o.h.e.i.AbstractFlushingEventListener    : Flushed: 0 (re)creations, 0 updates, 0 removals to 0 collections
2023-11-28T22:11:58.129-05:00 DEBUG 27472 --- [           main] o.hibernate.internal.util.EntityPrinter  : Listing entities:
2023-11-28T22:11:58.129-05:00 DEBUG 27472 --- [           main] o.hibernate.internal.util.EntityPrinter  : com.cash_flow_app.apicashflow.entities_repositories_and_services.base.authority.Authority{endpoint=Account, permission=DELETE, id=363894b3-8bdc-4764-ad13-d91f872e1a95}
2023-11-28T22:11:58.129-05:00 DEBUG 27472 --- [           main] o.hibernate.internal.util.EntityPrinter  : com.cash_flow_app.apicashflow.entities_repositories_and_services.base.authority.Authority{endpoint=Account, permission=CREATE, id=9aaf7d40-45f6-4ab6-90a9-a23f4c1b5f2f}
2023-11-28T22:11:58.129-05:00 DEBUG 27472 --- [           main] o.hibernate.internal.util.EntityPrinter  : com.cash_flow_app.apicashflow.entities_repositories_and_services.base.authority.Authority{endpoint=Account, permission=READ, id=b14a62f4-d04f-422a-a2a3-1f80e2635352}
2023-11-28T22:11:58.129-05:00 DEBUG 27472 --- [           main] org.hibernate.orm.sql.exec               : Skipping reading Query result cache data: cache-enabled = false, cache-mode = NORMAL
2023-11-28T22:11:58.129-05:00 DEBUG 27472 --- [           main] org.hibernate.orm.results                : Initializer list
2023-11-28T22:11:58.129-05:00 DEBUG 27472 --- [           main] org.hibernate.orm.results                :     com.cash_flow_app.apicashflow.entities_repositories_and_services.base.authority.Authority(35202161494041) -> EntityResultInitializer(com.cash_flow_app.apicashflow.entities_repositories_and_services.base.authority.Authority(35202161494041))@352245447 (SingleTableEntityPersister(com.cash_flow_app.apicashflow.entities_repositories_and_services.base.authority.Authority))
2023-11-28T22:11:58.129-05:00 DEBUG 27472 --- [           main] org.hibernate.SQL                        : 
    select
        a1_0.id,
        a1_0.endpoint,
        a1_0.permission 
    from
        authorities a1_0 
    where
        a1_0.permission=? 
        and a1_0.endpoint=?
2023-11-28T22:11:58.129-05:00 DEBUG 27472 --- [           main] org.hibernate.orm.results                : Extracted JDBC value [0] - [f4f135be-a2b5-48d1-a9d0-2b14e82cc373]
2023-11-28T22:11:58.129-05:00 DEBUG 27472 --- [           main] o.hibernate.orm.results.loading.entity   : (EntityResultInitializer) Hydrated EntityKey (com.cash_flow_app.apicashflow.entities_repositories_and_services.base.authority.Authority(35202161494041)): f4f135be-a2b5-48d1-a9d0-2b14e82cc373
2023-11-28T22:11:58.129-05:00 DEBUG 27472 --- [           main] o.hibernate.orm.results.loading.entity   : (EntityResultInitializer) Created new entity instance [com.cash_flow_app.apicashflow.entities_repositories_and_services.base.authority.Authority(35202161494041)#f4f135be-a2b5-48d1-a9d0-2b14e82cc373] : com.cash_flow_app.apicashflow.entities_repositories_and_services.base.authority.Authority@12f3e95d
2023-11-28T22:11:58.129-05:00 DEBUG 27472 --- [           main] org.hibernate.orm.results                : Extracted JDBC value [1] - [User]
2023-11-28T22:11:58.129-05:00 DEBUG 27472 --- [           main] org.hibernate.orm.results                : Extracted JDBC value [2] - [CREATE]
2023-11-28T22:11:58.129-05:00 DEBUG 27472 --- [           main] o.hibernate.orm.results.loading.entity   : (EntityResultInitializer) Done materializing entityInstance : com.cash_flow_app.apicashflow.entities_repositories_and_services.base.authority.Authority(35202161494041)#f4f135be-a2b5-48d1-a9d0-2b14e82cc373
2023-11-28T22:11:58.129-05:00 DEBUG 27472 --- [           main] org.hibernate.orm.results.loading        : Calling top-level assembler (0 / 1) : org.hibernate.sql.results.graph.entity.internal.EntityAssembler@70595d2a
2023-11-28T22:11:58.129-05:00 DEBUG 27472 --- [           main] org.hibernate.orm.sql.ast.create         : Created new SQL alias : a1_0
2023-11-28T22:11:58.129-05:00 DEBUG 27472 --- [           main] org.hibernate.orm.sql.ast.create         : Registration of TableGroup [StandardTableGroup(com.cash_flow_app.apicashflow.entities_repositories_and_services.base.authority.Authority(35202161494041))] with identifierForTableGroup [com.cash_flow_app.apicashflow.entities_repositories_and_services.base.authority.Authority] for NavigablePath [com.cash_flow_app.apicashflow.entities_repositories_and_services.base.authority.Authority] 
2023-11-28T22:11:58.129-05:00 DEBUG 27472 --- [           main] o.h.q.sqm.sql.BaseSqmToSqlAstConverter   : Determining mapping-model type for SqmParameter : org.hibernate.query.sqm.tree.expression.SqmJpaCriteriaParameterWrapper@6a41ed18
2023-11-28T22:11:58.129-05:00 DEBUG 27472 --- [           main] o.h.q.sqm.sql.BaseSqmToSqlAstConverter   : Determining mapping-model type for SqmPath : SqmBasicValuedSimplePath(com.cash_flow_app.apicashflow.entities_repositories_and_services.base.authority.Authority(35202161494041).permission) 
2023-11-28T22:11:58.129-05:00 DEBUG 27472 --- [           main] o.h.q.sqm.sql.BaseSqmToSqlAstConverter   : Determining mapping-model type for SqmParameter : org.hibernate.query.sqm.tree.expression.SqmJpaCriteriaParameterWrapper@42343f6d
2023-11-28T22:11:58.129-05:00 DEBUG 27472 --- [           main] o.h.q.sqm.sql.BaseSqmToSqlAstConverter   : Determining mapping-model type for SqmPath : SqmBasicValuedSimplePath(com.cash_flow_app.apicashflow.entities_repositories_and_services.base.authority.Authority(35202161494041).endpoint) 
2023-11-28T22:11:58.129-05:00 DEBUG 27472 --- [           main] org.hibernate.orm.results.graph.AST      : DomainResult Graph:
 \-EntityResultImpl [com.cash_flow_app.apicashflow.entities_repositories_and_services.base.authority.Authority(35202161494041)]
 |  +-BasicFetch [com.cash_flow_app.apicashflow.entities_repositories_and_services.base.authority.Authority(35202161494041).endpoint]
 |  \-BasicFetch [com.cash_flow_app.apicashflow.entities_repositories_and_services.base.authority.Authority(35202161494041).permission]

2023-11-28T22:11:58.129-05:00 DEBUG 27472 --- [           main] org.hibernate.orm.sql.ast.tree           : SQL AST Tree:
    SelectStatement {
      FromClause {
        StandardTableGroup (a1 : com.cash_flow_app.apicashflow.entities_repositories_and_services.base.authority.Authority(35202161494041)) {
          primaryTableReference : authorities as a1_0
        }
      }
    }

2023-11-28T22:11:58.129-05:00 DEBUG 27472 --- [           main] o.h.e.i.AbstractFlushingEventListener    : Processing flush-time cascades
2023-11-28T22:11:58.129-05:00 DEBUG 27472 --- [           main] o.h.e.i.AbstractFlushingEventListener    : Dirty checking collections
2023-11-28T22:11:58.129-05:00 DEBUG 27472 --- [           main] o.h.e.i.AbstractFlushingEventListener    : Flushed: 0 insertions, 0 updates, 0 deletions to 4 objects
2023-11-28T22:11:58.129-05:00 DEBUG 27472 --- [           main] o.h.e.i.AbstractFlushingEventListener    : Flushed: 0 (re)creations, 0 updates, 0 removals to 0 collections
2023-11-28T22:11:58.129-05:00 DEBUG 27472 --- [           main] o.hibernate.internal.util.EntityPrinter  : Listing entities:
2023-11-28T22:11:58.129-05:00 DEBUG 27472 --- [           main] o.hibernate.internal.util.EntityPrinter  : com.cash_flow_app.apicashflow.entities_repositories_and_services.base.authority.Authority{endpoint=User, permission=CREATE, id=f4f135be-a2b5-48d1-a9d0-2b14e82cc373}
2023-11-28T22:11:58.129-05:00 DEBUG 27472 --- [           main] o.hibernate.internal.util.EntityPrinter  : com.cash_flow_app.apicashflow.entities_repositories_and_services.base.authority.Authority{endpoint=Account, permission=DELETE, id=363894b3-8bdc-4764-ad13-d91f872e1a95}
2023-11-28T22:11:58.129-05:00 DEBUG 27472 --- [           main] o.hibernate.internal.util.EntityPrinter  : com.cash_flow_app.apicashflow.entities_repositories_and_services.base.authority.Authority{endpoint=Account, permission=CREATE, id=9aaf7d40-45f6-4ab6-90a9-a23f4c1b5f2f}
2023-11-28T22:11:58.129-05:00 DEBUG 27472 --- [           main] o.hibernate.internal.util.EntityPrinter  : com.cash_flow_app.apicashflow.entities_repositories_and_services.base.authority.Authority{endpoint=Account, permission=READ, id=b14a62f4-d04f-422a-a2a3-1f80e2635352}
2023-11-28T22:11:58.129-05:00 DEBUG 27472 --- [           main] org.hibernate.orm.sql.exec               : Skipping reading Query result cache data: cache-enabled = false, cache-mode = NORMAL
2023-11-28T22:11:58.129-05:00 DEBUG 27472 --- [           main] org.hibernate.orm.results                : Initializer list
2023-11-28T22:11:58.129-05:00 DEBUG 27472 --- [           main] org.hibernate.orm.results                :     com.cash_flow_app.apicashflow.entities_repositories_and_services.base.authority.Authority(35202161494041) -> EntityResultInitializer(com.cash_flow_app.apicashflow.entities_repositories_and_services.base.authority.Authority(35202161494041))@1936374550 (SingleTableEntityPersister(com.cash_flow_app.apicashflow.entities_repositories_and_services.base.authority.Authority))
2023-11-28T22:11:58.129-05:00 DEBUG 27472 --- [           main] org.hibernate.SQL                        : 
    select
        a1_0.id,
        a1_0.endpoint,
        a1_0.permission 
    from
        authorities a1_0 
    where
        a1_0.permission=? 
        and a1_0.endpoint=?
2023-11-28T22:11:58.130-05:00 DEBUG 27472 --- [           main] org.hibernate.orm.results                : Extracted JDBC value [0] - [35481739-2447-454f-8ec3-daf467bb2ae5]
2023-11-28T22:11:58.130-05:00 DEBUG 27472 --- [           main] o.hibernate.orm.results.loading.entity   : (EntityResultInitializer) Hydrated EntityKey (com.cash_flow_app.apicashflow.entities_repositories_and_services.base.authority.Authority(35202161494041)): 35481739-2447-454f-8ec3-daf467bb2ae5
2023-11-28T22:11:58.130-05:00 DEBUG 27472 --- [           main] o.hibernate.orm.results.loading.entity   : (EntityResultInitializer) Created new entity instance [com.cash_flow_app.apicashflow.entities_repositories_and_services.base.authority.Authority(35202161494041)#35481739-2447-454f-8ec3-daf467bb2ae5] : com.cash_flow_app.apicashflow.entities_repositories_and_services.base.authority.Authority@3d475f1b
2023-11-28T22:11:58.130-05:00 DEBUG 27472 --- [           main] org.hibernate.orm.results                : Extracted JDBC value [1] - [User]
2023-11-28T22:11:58.130-05:00 DEBUG 27472 --- [           main] org.hibernate.orm.results                : Extracted JDBC value [2] - [READ]
2023-11-28T22:11:58.130-05:00 DEBUG 27472 --- [           main] o.hibernate.orm.results.loading.entity   : (EntityResultInitializer) Done materializing entityInstance : com.cash_flow_app.apicashflow.entities_repositories_and_services.base.authority.Authority(35202161494041)#35481739-2447-454f-8ec3-daf467bb2ae5
2023-11-28T22:11:58.130-05:00 DEBUG 27472 --- [           main] org.hibernate.orm.results.loading        : Calling top-level assembler (0 / 1) : org.hibernate.sql.results.graph.entity.internal.EntityAssembler@1b53e1ae
2023-11-28T22:11:58.130-05:00 DEBUG 27472 --- [           main] org.hibernate.orm.sql.ast.create         : Created new SQL alias : a1_0
2023-11-28T22:11:58.130-05:00 DEBUG 27472 --- [           main] org.hibernate.orm.sql.ast.create         : Registration of TableGroup [StandardTableGroup(com.cash_flow_app.apicashflow.entities_repositories_and_services.base.authority.Authority(35202161494041))] with identifierForTableGroup [com.cash_flow_app.apicashflow.entities_repositories_and_services.base.authority.Authority] for NavigablePath [com.cash_flow_app.apicashflow.entities_repositories_and_services.base.authority.Authority] 
2023-11-28T22:11:58.130-05:00 DEBUG 27472 --- [           main] o.h.q.sqm.sql.BaseSqmToSqlAstConverter   : Determining mapping-model type for SqmParameter : org.hibernate.query.sqm.tree.expression.SqmJpaCriteriaParameterWrapper@70abd04e
2023-11-28T22:11:58.130-05:00 DEBUG 27472 --- [           main] o.h.q.sqm.sql.BaseSqmToSqlAstConverter   : Determining mapping-model type for SqmPath : SqmBasicValuedSimplePath(com.cash_flow_app.apicashflow.entities_repositories_and_services.base.authority.Authority(35202161494041).permission) 
2023-11-28T22:11:58.130-05:00 DEBUG 27472 --- [           main] o.h.q.sqm.sql.BaseSqmToSqlAstConverter   : Determining mapping-model type for SqmParameter : org.hibernate.query.sqm.tree.expression.SqmJpaCriteriaParameterWrapper@2443b82a
2023-11-28T22:11:58.130-05:00 DEBUG 27472 --- [           main] o.h.q.sqm.sql.BaseSqmToSqlAstConverter   : Determining mapping-model type for SqmPath : SqmBasicValuedSimplePath(com.cash_flow_app.apicashflow.entities_repositories_and_services.base.authority.Authority(35202161494041).endpoint) 
2023-11-28T22:11:58.130-05:00 DEBUG 27472 --- [           main] org.hibernate.orm.results.graph.AST      : DomainResult Graph:
 \-EntityResultImpl [com.cash_flow_app.apicashflow.entities_repositories_and_services.base.authority.Authority(35202161494041)]
 |  +-BasicFetch [com.cash_flow_app.apicashflow.entities_repositories_and_services.base.authority.Authority(35202161494041).endpoint]
 |  \-BasicFetch [com.cash_flow_app.apicashflow.entities_repositories_and_services.base.authority.Authority(35202161494041).permission]

2023-11-28T22:11:58.130-05:00 DEBUG 27472 --- [           main] org.hibernate.orm.sql.ast.tree           : SQL AST Tree:
    SelectStatement {
      FromClause {
        StandardTableGroup (a1 : com.cash_flow_app.apicashflow.entities_repositories_and_services.base.authority.Authority(35202161494041)) {
          primaryTableReference : authorities as a1_0
        }
      }
    }

2023-11-28T22:11:58.130-05:00 DEBUG 27472 --- [           main] o.h.e.i.AbstractFlushingEventListener    : Processing flush-time cascades
2023-11-28T22:11:58.130-05:00 DEBUG 27472 --- [           main] o.h.e.i.AbstractFlushingEventListener    : Dirty checking collections
2023-11-28T22:11:58.130-05:00 DEBUG 27472 --- [           main] o.h.e.i.AbstractFlushingEventListener    : Flushed: 0 insertions, 0 updates, 0 deletions to 5 objects
2023-11-28T22:11:58.130-05:00 DEBUG 27472 --- [           main] o.h.e.i.AbstractFlushingEventListener    : Flushed: 0 (re)creations, 0 updates, 0 removals to 0 collections
2023-11-28T22:11:58.130-05:00 DEBUG 27472 --- [           main] o.hibernate.internal.util.EntityPrinter  : Listing entities:
2023-11-28T22:11:58.130-05:00 DEBUG 27472 --- [           main] o.hibernate.internal.util.EntityPrinter  : com.cash_flow_app.apicashflow.entities_repositories_and_services.base.authority.Authority{endpoint=User, permission=CREATE, id=f4f135be-a2b5-48d1-a9d0-2b14e82cc373}
2023-11-28T22:11:58.130-05:00 DEBUG 27472 --- [           main] o.hibernate.internal.util.EntityPrinter  : com.cash_flow_app.apicashflow.entities_repositories_and_services.base.authority.Authority{endpoint=User, permission=READ, id=35481739-2447-454f-8ec3-daf467bb2ae5}
2023-11-28T22:11:58.130-05:00 DEBUG 27472 --- [           main] o.hibernate.internal.util.EntityPrinter  : com.cash_flow_app.apicashflow.entities_repositories_and_services.base.authority.Authority{endpoint=Account, permission=DELETE, id=363894b3-8bdc-4764-ad13-d91f872e1a95}
2023-11-28T22:11:58.130-05:00 DEBUG 27472 --- [           main] o.hibernate.internal.util.EntityPrinter  : com.cash_flow_app.apicashflow.entities_repositories_and_services.base.authority.Authority{endpoint=Account, permission=CREATE, id=9aaf7d40-45f6-4ab6-90a9-a23f4c1b5f2f}
2023-11-28T22:11:58.130-05:00 DEBUG 27472 --- [           main] o.hibernate.internal.util.EntityPrinter  : com.cash_flow_app.apicashflow.entities_repositories_and_services.base.authority.Authority{endpoint=Account, permission=READ, id=b14a62f4-d04f-422a-a2a3-1f80e2635352}
2023-11-28T22:11:58.130-05:00 DEBUG 27472 --- [           main] org.hibernate.orm.sql.exec               : Skipping reading Query result cache data: cache-enabled = false, cache-mode = NORMAL
2023-11-28T22:11:58.130-05:00 DEBUG 27472 --- [           main] org.hibernate.orm.results                : Initializer list
2023-11-28T22:11:58.130-05:00 DEBUG 27472 --- [           main] org.hibernate.orm.results                :     com.cash_flow_app.apicashflow.entities_repositories_and_services.base.authority.Authority(35202161494041) -> EntityResultInitializer(com.cash_flow_app.apicashflow.entities_repositories_and_services.base.authority.Authority(35202161494041))@807254402 (SingleTableEntityPersister(com.cash_flow_app.apicashflow.entities_repositories_and_services.base.authority.Authority))
2023-11-28T22:11:58.130-05:00 DEBUG 27472 --- [           main] org.hibernate.SQL                        : 
    select
        a1_0.id,
        a1_0.endpoint,
        a1_0.permission 
    from
        authorities a1_0 
    where
        a1_0.permission=? 
        and a1_0.endpoint=?
2023-11-28T22:11:58.131-05:00 DEBUG 27472 --- [           main] org.hibernate.orm.results                : Extracted JDBC value [0] - [4de61a19-9cab-469d-856c-169a503a3f70]
2023-11-28T22:11:58.131-05:00 DEBUG 27472 --- [           main] o.hibernate.orm.results.loading.entity   : (EntityResultInitializer) Hydrated EntityKey (com.cash_flow_app.apicashflow.entities_repositories_and_services.base.authority.Authority(35202161494041)): 4de61a19-9cab-469d-856c-169a503a3f70
2023-11-28T22:11:58.131-05:00 DEBUG 27472 --- [           main] o.hibernate.orm.results.loading.entity   : (EntityResultInitializer) Created new entity instance [com.cash_flow_app.apicashflow.entities_repositories_and_services.base.authority.Authority(35202161494041)#4de61a19-9cab-469d-856c-169a503a3f70] : com.cash_flow_app.apicashflow.entities_repositories_and_services.base.authority.Authority@5dc5a622
2023-11-28T22:11:58.131-05:00 DEBUG 27472 --- [           main] org.hibernate.orm.results                : Extracted JDBC value [1] - [IncomeExpense]
2023-11-28T22:11:58.131-05:00 DEBUG 27472 --- [           main] org.hibernate.orm.results                : Extracted JDBC value [2] - [CREATE]
2023-11-28T22:11:58.131-05:00 DEBUG 27472 --- [           main] o.hibernate.orm.results.loading.entity   : (EntityResultInitializer) Done materializing entityInstance : com.cash_flow_app.apicashflow.entities_repositories_and_services.base.authority.Authority(35202161494041)#4de61a19-9cab-469d-856c-169a503a3f70
2023-11-28T22:11:58.131-05:00 DEBUG 27472 --- [           main] org.hibernate.orm.results.loading        : Calling top-level assembler (0 / 1) : org.hibernate.sql.results.graph.entity.internal.EntityAssembler@49d5b1
2023-11-28T22:11:58.131-05:00 DEBUG 27472 --- [           main] org.hibernate.orm.sql.ast.create         : Created new SQL alias : a1_0
2023-11-28T22:11:58.131-05:00 DEBUG 27472 --- [           main] org.hibernate.orm.sql.ast.create         : Registration of TableGroup [StandardTableGroup(com.cash_flow_app.apicashflow.entities_repositories_and_services.base.authority.Authority(35202161494041))] with identifierForTableGroup [com.cash_flow_app.apicashflow.entities_repositories_and_services.base.authority.Authority] for NavigablePath [com.cash_flow_app.apicashflow.entities_repositories_and_services.base.authority.Authority] 
2023-11-28T22:11:58.131-05:00 DEBUG 27472 --- [           main] o.h.q.sqm.sql.BaseSqmToSqlAstConverter   : Determining mapping-model type for SqmParameter : org.hibernate.query.sqm.tree.expression.SqmJpaCriteriaParameterWrapper@bf42a2a
2023-11-28T22:11:58.131-05:00 DEBUG 27472 --- [           main] o.h.q.sqm.sql.BaseSqmToSqlAstConverter   : Determining mapping-model type for SqmPath : SqmBasicValuedSimplePath(com.cash_flow_app.apicashflow.entities_repositories_and_services.base.authority.Authority(35202161494041).permission) 
2023-11-28T22:11:58.131-05:00 DEBUG 27472 --- [           main] o.h.q.sqm.sql.BaseSqmToSqlAstConverter   : Determining mapping-model type for SqmParameter : org.hibernate.query.sqm.tree.expression.SqmJpaCriteriaParameterWrapper@16c90eac
2023-11-28T22:11:58.131-05:00 DEBUG 27472 --- [           main] o.h.q.sqm.sql.BaseSqmToSqlAstConverter   : Determining mapping-model type for SqmPath : SqmBasicValuedSimplePath(com.cash_flow_app.apicashflow.entities_repositories_and_services.base.authority.Authority(35202161494041).endpoint) 
2023-11-28T22:11:58.131-05:00 DEBUG 27472 --- [           main] org.hibernate.orm.results.graph.AST      : DomainResult Graph:
 \-EntityResultImpl [com.cash_flow_app.apicashflow.entities_repositories_and_services.base.authority.Authority(35202161494041)]
 |  +-BasicFetch [com.cash_flow_app.apicashflow.entities_repositories_and_services.base.authority.Authority(35202161494041).endpoint]
 |  \-BasicFetch [com.cash_flow_app.apicashflow.entities_repositories_and_services.base.authority.Authority(35202161494041).permission]

2023-11-28T22:11:58.131-05:00 DEBUG 27472 --- [           main] org.hibernate.orm.sql.ast.tree           : SQL AST Tree:
    SelectStatement {
      FromClause {
        StandardTableGroup (a1 : com.cash_flow_app.apicashflow.entities_repositories_and_services.base.authority.Authority(35202161494041)) {
          primaryTableReference : authorities as a1_0
        }
      }
    }

2023-11-28T22:11:58.131-05:00 DEBUG 27472 --- [           main] o.h.e.i.AbstractFlushingEventListener    : Processing flush-time cascades
2023-11-28T22:11:58.131-05:00 DEBUG 27472 --- [           main] o.h.e.i.AbstractFlushingEventListener    : Dirty checking collections
2023-11-28T22:11:58.131-05:00 DEBUG 27472 --- [           main] o.h.e.i.AbstractFlushingEventListener    : Flushed: 0 insertions, 0 updates, 0 deletions to 6 objects
2023-11-28T22:11:58.131-05:00 DEBUG 27472 --- [           main] o.h.e.i.AbstractFlushingEventListener    : Flushed: 0 (re)creations, 0 updates, 0 removals to 0 collections
2023-11-28T22:11:58.131-05:00 DEBUG 27472 --- [           main] o.hibernate.internal.util.EntityPrinter  : Listing entities:
2023-11-28T22:11:58.132-05:00 DEBUG 27472 --- [           main] o.hibernate.internal.util.EntityPrinter  : com.cash_flow_app.apicashflow.entities_repositories_and_services.base.authority.Authority{endpoint=User, permission=CREATE, id=f4f135be-a2b5-48d1-a9d0-2b14e82cc373}
2023-11-28T22:11:58.132-05:00 DEBUG 27472 --- [           main] o.hibernate.internal.util.EntityPrinter  : com.cash_flow_app.apicashflow.entities_repositories_and_services.base.authority.Authority{endpoint=User, permission=READ, id=35481739-2447-454f-8ec3-daf467bb2ae5}
2023-11-28T22:11:58.132-05:00 DEBUG 27472 --- [           main] o.hibernate.internal.util.EntityPrinter  : com.cash_flow_app.apicashflow.entities_repositories_and_services.base.authority.Authority{endpoint=IncomeExpense, permission=CREATE, id=4de61a19-9cab-469d-856c-169a503a3f70}
2023-11-28T22:11:58.132-05:00 DEBUG 27472 --- [           main] o.hibernate.internal.util.EntityPrinter  : com.cash_flow_app.apicashflow.entities_repositories_and_services.base.authority.Authority{endpoint=Account, permission=DELETE, id=363894b3-8bdc-4764-ad13-d91f872e1a95}
2023-11-28T22:11:58.132-05:00 DEBUG 27472 --- [           main] o.hibernate.internal.util.EntityPrinter  : com.cash_flow_app.apicashflow.entities_repositories_and_services.base.authority.Authority{endpoint=Account, permission=CREATE, id=9aaf7d40-45f6-4ab6-90a9-a23f4c1b5f2f}
2023-11-28T22:11:58.132-05:00 DEBUG 27472 --- [           main] o.hibernate.internal.util.EntityPrinter  : com.cash_flow_app.apicashflow.entities_repositories_and_services.base.authority.Authority{endpoint=Account, permission=READ, id=b14a62f4-d04f-422a-a2a3-1f80e2635352}
2023-11-28T22:11:58.132-05:00 DEBUG 27472 --- [           main] org.hibernate.orm.sql.exec               : Skipping reading Query result cache data: cache-enabled = false, cache-mode = NORMAL
2023-11-28T22:11:58.132-05:00 DEBUG 27472 --- [           main] org.hibernate.orm.results                : Initializer list
2023-11-28T22:11:58.132-05:00 DEBUG 27472 --- [           main] org.hibernate.orm.results                :     com.cash_flow_app.apicashflow.entities_repositories_and_services.base.authority.Authority(35202161494041) -> EntityResultInitializer(com.cash_flow_app.apicashflow.entities_repositories_and_services.base.authority.Authority(35202161494041))@1544217367 (SingleTableEntityPersister(com.cash_flow_app.apicashflow.entities_repositories_and_services.base.authority.Authority))
2023-11-28T22:11:58.132-05:00 DEBUG 27472 --- [           main] org.hibernate.SQL                        : 
    select
        a1_0.id,
        a1_0.endpoint,
        a1_0.permission 
    from
        authorities a1_0 
    where
        a1_0.permission=? 
        and a1_0.endpoint=?
2023-11-28T22:11:58.132-05:00 DEBUG 27472 --- [           main] org.hibernate.orm.results                : Extracted JDBC value [0] - [af9e383e-4459-4719-802e-94a22944b4b7]
2023-11-28T22:11:58.132-05:00 DEBUG 27472 --- [           main] o.hibernate.orm.results.loading.entity   : (EntityResultInitializer) Hydrated EntityKey (com.cash_flow_app.apicashflow.entities_repositories_and_services.base.authority.Authority(35202161494041)): af9e383e-4459-4719-802e-94a22944b4b7
2023-11-28T22:11:58.132-05:00 DEBUG 27472 --- [           main] o.hibernate.orm.results.loading.entity   : (EntityResultInitializer) Created new entity instance [com.cash_flow_app.apicashflow.entities_repositories_and_services.base.authority.Authority(35202161494041)#af9e383e-4459-4719-802e-94a22944b4b7] : com.cash_flow_app.apicashflow.entities_repositories_and_services.base.authority.Authority@435e122
2023-11-28T22:11:58.132-05:00 DEBUG 27472 --- [           main] org.hibernate.orm.results                : Extracted JDBC value [1] - [IncomeExpense]
2023-11-28T22:11:58.132-05:00 DEBUG 27472 --- [           main] org.hibernate.orm.results                : Extracted JDBC value [2] - [READ]
2023-11-28T22:11:58.132-05:00 DEBUG 27472 --- [           main] o.hibernate.orm.results.loading.entity   : (EntityResultInitializer) Done materializing entityInstance : com.cash_flow_app.apicashflow.entities_repositories_and_services.base.authority.Authority(35202161494041)#af9e383e-4459-4719-802e-94a22944b4b7
2023-11-28T22:11:58.132-05:00 DEBUG 27472 --- [           main] org.hibernate.orm.results.loading        : Calling top-level assembler (0 / 1) : org.hibernate.sql.results.graph.entity.internal.EntityAssembler@faca8e8
2023-11-28T22:11:58.132-05:00 DEBUG 27472 --- [           main] org.hibernate.orm.sql.ast.create         : Created new SQL alias : a1_0
2023-11-28T22:11:58.132-05:00 DEBUG 27472 --- [           main] org.hibernate.orm.sql.ast.create         : Registration of TableGroup [StandardTableGroup(com.cash_flow_app.apicashflow.entities_repositories_and_services.base.authority.Authority(35202161494041))] with identifierForTableGroup [com.cash_flow_app.apicashflow.entities_repositories_and_services.base.authority.Authority] for NavigablePath [com.cash_flow_app.apicashflow.entities_repositories_and_services.base.authority.Authority] 
2023-11-28T22:11:58.132-05:00 DEBUG 27472 --- [           main] o.h.q.sqm.sql.BaseSqmToSqlAstConverter   : Determining mapping-model type for SqmParameter : org.hibernate.query.sqm.tree.expression.SqmJpaCriteriaParameterWrapper@3b85a820
2023-11-28T22:11:58.132-05:00 DEBUG 27472 --- [           main] o.h.q.sqm.sql.BaseSqmToSqlAstConverter   : Determining mapping-model type for SqmPath : SqmBasicValuedSimplePath(com.cash_flow_app.apicashflow.entities_repositories_and_services.base.authority.Authority(35202161494041).permission) 
2023-11-28T22:11:58.132-05:00 DEBUG 27472 --- [           main] o.h.q.sqm.sql.BaseSqmToSqlAstConverter   : Determining mapping-model type for SqmParameter : org.hibernate.query.sqm.tree.expression.SqmJpaCriteriaParameterWrapper@6f22784d
2023-11-28T22:11:58.132-05:00 DEBUG 27472 --- [           main] o.h.q.sqm.sql.BaseSqmToSqlAstConverter   : Determining mapping-model type for SqmPath : SqmBasicValuedSimplePath(com.cash_flow_app.apicashflow.entities_repositories_and_services.base.authority.Authority(35202161494041).endpoint) 
2023-11-28T22:11:58.132-05:00 DEBUG 27472 --- [           main] org.hibernate.orm.results.graph.AST      : DomainResult Graph:
 \-EntityResultImpl [com.cash_flow_app.apicashflow.entities_repositories_and_services.base.authority.Authority(35202161494041)]
 |  +-BasicFetch [com.cash_flow_app.apicashflow.entities_repositories_and_services.base.authority.Authority(35202161494041).endpoint]
 |  \-BasicFetch [com.cash_flow_app.apicashflow.entities_repositories_and_services.base.authority.Authority(35202161494041).permission]

2023-11-28T22:11:58.132-05:00 DEBUG 27472 --- [           main] org.hibernate.orm.sql.ast.tree           : SQL AST Tree:
    SelectStatement {
      FromClause {
        StandardTableGroup (a1 : com.cash_flow_app.apicashflow.entities_repositories_and_services.base.authority.Authority(35202161494041)) {
          primaryTableReference : authorities as a1_0
        }
      }
    }

2023-11-28T22:11:58.132-05:00 DEBUG 27472 --- [           main] o.h.e.i.AbstractFlushingEventListener    : Processing flush-time cascades
2023-11-28T22:11:58.132-05:00 DEBUG 27472 --- [           main] o.h.e.i.AbstractFlushingEventListener    : Dirty checking collections
2023-11-28T22:11:58.132-05:00 DEBUG 27472 --- [           main] o.h.e.i.AbstractFlushingEventListener    : Flushed: 0 insertions, 0 updates, 0 deletions to 7 objects
2023-11-28T22:11:58.132-05:00 DEBUG 27472 --- [           main] o.h.e.i.AbstractFlushingEventListener    : Flushed: 0 (re)creations, 0 updates, 0 removals to 0 collections
2023-11-28T22:11:58.132-05:00 DEBUG 27472 --- [           main] o.hibernate.internal.util.EntityPrinter  : Listing entities:
2023-11-28T22:11:58.132-05:00 DEBUG 27472 --- [           main] o.hibernate.internal.util.EntityPrinter  : com.cash_flow_app.apicashflow.entities_repositories_and_services.base.authority.Authority{endpoint=User, permission=CREATE, id=f4f135be-a2b5-48d1-a9d0-2b14e82cc373}
2023-11-28T22:11:58.132-05:00 DEBUG 27472 --- [           main] o.hibernate.internal.util.EntityPrinter  : com.cash_flow_app.apicashflow.entities_repositories_and_services.base.authority.Authority{endpoint=User, permission=READ, id=35481739-2447-454f-8ec3-daf467bb2ae5}
2023-11-28T22:11:58.132-05:00 DEBUG 27472 --- [           main] o.hibernate.internal.util.EntityPrinter  : com.cash_flow_app.apicashflow.entities_repositories_and_services.base.authority.Authority{endpoint=IncomeExpense, permission=CREATE, id=4de61a19-9cab-469d-856c-169a503a3f70}
2023-11-28T22:11:58.132-05:00 DEBUG 27472 --- [           main] o.hibernate.internal.util.EntityPrinter  : com.cash_flow_app.apicashflow.entities_repositories_and_services.base.authority.Authority{endpoint=Account, permission=DELETE, id=363894b3-8bdc-4764-ad13-d91f872e1a95}
2023-11-28T22:11:58.132-05:00 DEBUG 27472 --- [           main] o.hibernate.internal.util.EntityPrinter  : com.cash_flow_app.apicashflow.entities_repositories_and_services.base.authority.Authority{endpoint=Account, permission=CREATE, id=9aaf7d40-45f6-4ab6-90a9-a23f4c1b5f2f}
2023-11-28T22:11:58.132-05:00 DEBUG 27472 --- [           main] o.hibernate.internal.util.EntityPrinter  : com.cash_flow_app.apicashflow.entities_repositories_and_services.base.authority.Authority{endpoint=Account, permission=READ, id=b14a62f4-d04f-422a-a2a3-1f80e2635352}
2023-11-28T22:11:58.132-05:00 DEBUG 27472 --- [           main] o.hibernate.internal.util.EntityPrinter  : com.cash_flow_app.apicashflow.entities_repositories_and_services.base.authority.Authority{endpoint=IncomeExpense, permission=READ, id=af9e383e-4459-4719-802e-94a22944b4b7}
2023-11-28T22:11:58.133-05:00 DEBUG 27472 --- [           main] org.hibernate.orm.sql.exec               : Skipping reading Query result cache data: cache-enabled = false, cache-mode = NORMAL
2023-11-28T22:11:58.133-05:00 DEBUG 27472 --- [           main] org.hibernate.orm.results                : Initializer list
2023-11-28T22:11:58.133-05:00 DEBUG 27472 --- [           main] org.hibernate.orm.results                :     com.cash_flow_app.apicashflow.entities_repositories_and_services.base.authority.Authority(35202161494041) -> EntityResultInitializer(com.cash_flow_app.apicashflow.entities_repositories_and_services.base.authority.Authority(35202161494041))@1157246451 (SingleTableEntityPersister(com.cash_flow_app.apicashflow.entities_repositories_and_services.base.authority.Authority))
2023-11-28T22:11:58.133-05:00 DEBUG 27472 --- [           main] org.hibernate.SQL                        : 
    select
        a1_0.id,
        a1_0.endpoint,
        a1_0.permission 
    from
        authorities a1_0 
    where
        a1_0.permission=? 
        and a1_0.endpoint=?
2023-11-28T22:11:58.143-05:00 DEBUG 27472 --- [           main] org.hibernate.orm.results                : Extracted JDBC value [0] - [51c645c0-dc8a-45f9-88d1-533e63701dbe]
2023-11-28T22:11:58.143-05:00 DEBUG 27472 --- [           main] o.hibernate.orm.results.loading.entity   : (EntityResultInitializer) Hydrated EntityKey (com.cash_flow_app.apicashflow.entities_repositories_and_services.base.authority.Authority(35202161494041)): 51c645c0-dc8a-45f9-88d1-533e63701dbe
2023-11-28T22:11:58.143-05:00 DEBUG 27472 --- [           main] o.hibernate.orm.results.loading.entity   : (EntityResultInitializer) Created new entity instance [com.cash_flow_app.apicashflow.entities_repositories_and_services.base.authority.Authority(35202161494041)#51c645c0-dc8a-45f9-88d1-533e63701dbe] : com.cash_flow_app.apicashflow.entities_repositories_and_services.base.authority.Authority@2878abcd
2023-11-28T22:11:58.143-05:00 DEBUG 27472 --- [           main] org.hibernate.orm.results                : Extracted JDBC value [1] - [IncomeExpense]
2023-11-28T22:11:58.143-05:00 DEBUG 27472 --- [           main] org.hibernate.orm.results                : Extracted JDBC value [2] - [DELETE]
2023-11-28T22:11:58.143-05:00 DEBUG 27472 --- [           main] o.hibernate.orm.results.loading.entity   : (EntityResultInitializer) Done materializing entityInstance : com.cash_flow_app.apicashflow.entities_repositories_and_services.base.authority.Authority(35202161494041)#51c645c0-dc8a-45f9-88d1-533e63701dbe
2023-11-28T22:11:58.143-05:00 DEBUG 27472 --- [           main] org.hibernate.orm.results.loading        : Calling top-level assembler (0 / 1) : org.hibernate.sql.results.graph.entity.internal.EntityAssembler@3df88e84
2023-11-28T22:11:58.220-05:00 DEBUG 27472 --- [           main] o.s.orm.jpa.JpaTransactionManager        : Found thread-bound EntityManager [SessionImpl(114970877<open>)] for JPA transaction
2023-11-28T22:11:58.220-05:00 DEBUG 27472 --- [           main] o.s.orm.jpa.JpaTransactionManager        : Participating in existing transaction
2023-11-28T22:11:58.220-05:00 DEBUG 27472 --- [           main] o.h.j.internal.PersistenceUnitUtilImpl   : jakarta.persistence.PersistenceUnitUtil.getIdentifier is only intended to work with enhanced entities (although Hibernate also adapts this support to its proxies); however the passed entity was not enhanced (nor a proxy).. may not be able to read identifier
2023-11-28T22:11:58.220-05:00 DEBUG 27472 --- [           main] o.h.e.i.AbstractSaveEventListener        : Generated identifier: acb86be0-dc3e-475a-a21d-762ea39ada72, using strategy: org.hibernate.id.UUIDGenerator
2023-11-28T22:11:58.221-05:00 DEBUG 27472 --- [           main] o.s.w.s.m.m.a.HttpEntityMethodProcessor  : Using 'application/json', given [*/*] and supported [application/json, application/*+json]
2023-11-28T22:11:58.221-05:00 DEBUG 27472 --- [           main] o.s.w.s.m.m.a.HttpEntityMethodProcessor  : Writing [UserResponseDto(username=usuario_test, password=null, token_auth=eyJhbGciOiJIUzUxMiJ9.eyJzdWIiOiJ1c3 (truncated)...]
2023-11-28T22:11:58.221-05:00 DEBUG 27472 --- [           main] o.s.t.web.servlet.TestDispatcherServlet  : Completed 200 OK
2023-11-28T22:11:58.221-05:00 DEBUG 27472 --- [           main] o.s.test.util.ReflectionTestUtils        : Invoking method 'getFilters' on target object [FilterChainProxy[Filter Chains: [DefaultSecurityFilterChain [RequestMatcher=any request, Filters=[org.springframework.security.web.session.DisableEncodeUrlFilter@120e3ebb, org.springframework.security.web.session.ForceEagerSessionCreationFilter@753f1c3e, org.springframework.security.web.context.request.async.WebAsyncManagerIntegrationFilter@5e9af5d4, org.springframework.security.web.context.SecurityContextHolderFilter@1d18e5ad, org.springframework.security.web.header.HeaderWriterFilter@73b68d98, org.springframework.web.filter.CorsFilter@7863e6b2, org.springframework.security.web.authentication.logout.LogoutFilter@1e5a8278, JWTAuthorizationFilter(loginService=com.cash_flow_app.apicashflow.entities_repositories_and_services.base.security.LoginService@508b9c16), com.cash_flow_app.apicashflow.entities_repositories_and_services.base.security.JWTAuthenticationFilter@6fd2b939, org.springframework.security.web.savedrequest.RequestCacheAwareFilter@11def039, org.springframework.security.web.servletapi.SecurityContextHolderAwareRequestFilter@564375d7, org.springframework.security.web.authentication.AnonymousAuthenticationFilter@c4aa99e, org.springframework.security.web.session.SessionManagementFilter@69af6978, org.springframework.security.web.access.ExceptionTranslationFilter@4469046b, org.springframework.security.web.access.intercept.AuthorizationFilter@588d2e90]]]]] or target class [null] with arguments {org.springframework.mock.web.MockHttpServletRequest@2f11f73e}
2023-11-28T22:11:58.221-05:00 DEBUG 27472 --- [           main] o.s.test.util.ReflectionTestUtils        : Invoking method 'getFilters' on target object [FilterChainProxy[Filter Chains: [DefaultSecurityFilterChain [RequestMatcher=any request, Filters=[org.springframework.security.web.session.DisableEncodeUrlFilter@120e3ebb, org.springframework.security.web.session.ForceEagerSessionCreationFilter@753f1c3e, org.springframework.security.web.context.request.async.WebAsyncManagerIntegrationFilter@5e9af5d4, org.springframework.security.web.context.SecurityContextHolderFilter@1d18e5ad, org.springframework.security.web.header.HeaderWriterFilter@73b68d98, org.springframework.web.filter.CorsFilter@7863e6b2, org.springframework.security.web.authentication.logout.LogoutFilter@1e5a8278, JWTAuthorizationFilter(loginService=com.cash_flow_app.apicashflow.entities_repositories_and_services.base.security.LoginService@508b9c16), com.cash_flow_app.apicashflow.entities_repositories_and_services.base.security.JWTAuthenticationFilter@6fd2b939, org.springframework.security.web.savedrequest.RequestCacheAwareFilter@11def039, org.springframework.security.web.servletapi.SecurityContextHolderAwareRequestFilter@564375d7, org.springframework.security.web.authentication.AnonymousAuthenticationFilter@c4aa99e, org.springframework.security.web.session.SessionManagementFilter@69af6978, org.springframework.security.web.access.ExceptionTranslationFilter@4469046b, org.springframework.security.web.access.intercept.AuthorizationFilter@588d2e90]]]]] or target class [null] with arguments {org.springframework.mock.web.MockHttpServletRequest@2f11f73e}
2023-11-28T22:11:58.221-05:00 DEBUG 27472 --- [           main] o.s.test.util.ReflectionTestUtils        : Invoking method 'getFilters' on target object [FilterChainProxy[Filter Chains: [DefaultSecurityFilterChain [RequestMatcher=any request, Filters=[org.springframework.security.web.session.DisableEncodeUrlFilter@120e3ebb, org.springframework.security.web.session.ForceEagerSessionCreationFilter@753f1c3e, org.springframework.security.web.context.request.async.WebAsyncManagerIntegrationFilter@5e9af5d4, org.springframework.security.web.context.SecurityContextHolderFilter@1d18e5ad, org.springframework.security.web.header.HeaderWriterFilter@73b68d98, org.springframework.web.filter.CorsFilter@7863e6b2, org.springframework.security.web.authentication.logout.LogoutFilter@1e5a8278, JWTAuthorizationFilter(loginService=com.cash_flow_app.apicashflow.entities_repositories_and_services.base.security.LoginService@508b9c16), com.cash_flow_app.apicashflow.entities_repositories_and_services.base.security.JWTAuthenticationFilter@6fd2b939, org.springframework.security.web.savedrequest.RequestCacheAwareFilter@11def039, org.springframework.security.web.servletapi.SecurityContextHolderAwareRequestFilter@564375d7, org.springframework.security.web.authentication.AnonymousAuthenticationFilter@c4aa99e, org.springframework.security.web.session.SessionManagementFilter@69af6978, org.springframework.security.web.access.ExceptionTranslationFilter@4469046b, org.springframework.security.web.access.intercept.AuthorizationFilter@588d2e90]]]]] or target class [null] with arguments {org.springframework.mock.web.MockHttpServletRequest@2f11f73e}
2023-11-28T22:11:58.222-05:00 DEBUG 27472 --- [           main] o.s.security.web.FilterChainProxy        : Securing POST /api/v1/user/login
2023-11-28T22:11:58.222-05:00 DEBUG 27472 --- [           main] .s.s.w.s.ForceEagerSessionCreationFilter : Created session eagerly
2023-11-28T22:11:58.222-05:00 DEBUG 27472 --- [           main] org.hibernate.orm.sql.ast.create         : Created new SQL alias : u1_0
2023-11-28T22:11:58.222-05:00 DEBUG 27472 --- [           main] org.hibernate.orm.sql.ast.create         : Registration of TableGroup [StandardTableGroup(com.cash_flow_app.apicashflow.entities_repositories_and_services.base.user.User(35202153502500))] with identifierForTableGroup [com.cash_flow_app.apicashflow.entities_repositories_and_services.base.user.User] for NavigablePath [com.cash_flow_app.apicashflow.entities_repositories_and_services.base.user.User] 
2023-11-28T22:11:58.223-05:00 DEBUG 27472 --- [           main] o.h.q.sqm.sql.BaseSqmToSqlAstConverter   : Determining mapping-model type for SqmParameter : org.hibernate.query.sqm.tree.expression.SqmJpaCriteriaParameterWrapper@76dc6191
2023-11-28T22:11:58.223-05:00 DEBUG 27472 --- [           main] o.h.q.sqm.sql.BaseSqmToSqlAstConverter   : Determining mapping-model type for SqmPath : SqmBasicValuedSimplePath(com.cash_flow_app.apicashflow.entities_repositories_and_services.base.user.User(35202153502500).username) 
2023-11-28T22:11:58.223-05:00 DEBUG 27472 --- [           main] org.hibernate.orm.results.graph.AST      : DomainResult Graph:
 \-EntityResultImpl [com.cash_flow_app.apicashflow.entities_repositories_and_services.base.user.User(35202153502500)]
 |  +-SelectEagerCollectionFetch [com.cash_flow_app.apicashflow.entities_repositories_and_services.base.user.User(35202153502500).accounts]
 |  +-SelectEagerCollectionFetch [com.cash_flow_app.apicashflow.entities_repositories_and_services.base.user.User(35202153502500).authorities]
 |  +-BasicFetch [com.cash_flow_app.apicashflow.entities_repositories_and_services.base.user.User(35202153502500).password]
 |  \-BasicFetch [com.cash_flow_app.apicashflow.entities_repositories_and_services.base.user.User(35202153502500).username]

2023-11-28T22:11:58.223-05:00 DEBUG 27472 --- [           main] org.hibernate.orm.sql.ast.tree           : SQL AST Tree:
    SelectStatement {
      FromClause {
        StandardTableGroup (u1 : com.cash_flow_app.apicashflow.entities_repositories_and_services.base.user.User(35202153502500)) {
          primaryTableReference : users as u1_0
        }
      }
    }

2023-11-28T22:11:58.223-05:00 DEBUG 27472 --- [           main] o.h.e.i.AbstractFlushingEventListener    : Processing flush-time cascades
2023-11-28T22:11:58.223-05:00 DEBUG 27472 --- [           main] o.h.e.i.AbstractFlushingEventListener    : Dirty checking collections
2023-11-28T22:11:58.223-05:00 DEBUG 27472 --- [           main] o.hibernate.engine.internal.Collections  : Collection found: [com.cash_flow_app.apicashflow.entities_repositories_and_services.base.user.User.authorities#acb86be0-dc3e-475a-a21d-762ea39ada72], was: [<unreferenced>] (initialized)
2023-11-28T22:11:58.223-05:00 DEBUG 27472 --- [           main] o.h.e.i.AbstractFlushingEventListener    : Flushed: 1 insertions, 0 updates, 0 deletions to 9 objects
2023-11-28T22:11:58.223-05:00 DEBUG 27472 --- [           main] o.h.e.i.AbstractFlushingEventListener    : Flushed: 1 (re)creations, 0 updates, 0 removals to 1 collections
2023-11-28T22:11:58.223-05:00 DEBUG 27472 --- [           main] o.hibernate.internal.util.EntityPrinter  : Listing entities:
2023-11-28T22:11:58.223-05:00 DEBUG 27472 --- [           main] o.hibernate.internal.util.EntityPrinter  : com.cash_flow_app.apicashflow.entities_repositories_and_services.base.authority.Authority{endpoint=User, permission=CREATE, id=f4f135be-a2b5-48d1-a9d0-2b14e82cc373}
2023-11-28T22:11:58.223-05:00 DEBUG 27472 --- [           main] o.hibernate.internal.util.EntityPrinter  : com.cash_flow_app.apicashflow.entities_repositories_and_services.base.authority.Authority{endpoint=User, permission=READ, id=35481739-2447-454f-8ec3-daf467bb2ae5}
2023-11-28T22:11:58.223-05:00 DEBUG 27472 --- [           main] o.hibernate.internal.util.EntityPrinter  : com.cash_flow_app.apicashflow.entities_repositories_and_services.base.authority.Authority{endpoint=IncomeExpense, permission=CREATE, id=4de61a19-9cab-469d-856c-169a503a3f70}
2023-11-28T22:11:58.223-05:00 DEBUG 27472 --- [           main] o.hibernate.internal.util.EntityPrinter  : com.cash_flow_app.apicashflow.entities_repositories_and_services.base.authority.Authority{endpoint=Account, permission=DELETE, id=363894b3-8bdc-4764-ad13-d91f872e1a95}
2023-11-28T22:11:58.223-05:00 DEBUG 27472 --- [           main] o.hibernate.internal.util.EntityPrinter  : com.cash_flow_app.apicashflow.entities_repositories_and_services.base.authority.Authority{endpoint=IncomeExpense, permission=DELETE, id=51c645c0-dc8a-45f9-88d1-533e63701dbe}
2023-11-28T22:11:58.223-05:00 DEBUG 27472 --- [           main] o.hibernate.internal.util.EntityPrinter  : com.cash_flow_app.apicashflow.entities_repositories_and_services.base.authority.Authority{endpoint=Account, permission=CREATE, id=9aaf7d40-45f6-4ab6-90a9-a23f4c1b5f2f}
2023-11-28T22:11:58.223-05:00 DEBUG 27472 --- [           main] o.hibernate.internal.util.EntityPrinter  : com.cash_flow_app.apicashflow.entities_repositories_and_services.base.authority.Authority{endpoint=Account, permission=READ, id=b14a62f4-d04f-422a-a2a3-1f80e2635352}
2023-11-28T22:11:58.223-05:00 DEBUG 27472 --- [           main] o.hibernate.internal.util.EntityPrinter  : com.cash_flow_app.apicashflow.entities_repositories_and_services.base.authority.Authority{endpoint=IncomeExpense, permission=READ, id=af9e383e-4459-4719-802e-94a22944b4b7}
2023-11-28T22:11:58.223-05:00 DEBUG 27472 --- [           main] o.hibernate.internal.util.EntityPrinter  : com.cash_flow_app.apicashflow.entities_repositories_and_services.base.user.User{password=$2a$10$vqHH/zJKeQGlDoh33SxxDOxRj5AoOBOlELuj65vOctKtSZWh0okqq, id=acb86be0-dc3e-475a-a21d-762ea39ada72, accounts=null, authorities=[com.cash_flow_app.apicashflow.entities_repositories_and_services.base.authority.Authority#9aaf7d40-45f6-4ab6-90a9-a23f4c1b5f2f, com.cash_flow_app.apicashflow.entities_repositories_and_services.base.authority.Authority#b14a62f4-d04f-422a-a2a3-1f80e2635352, com.cash_flow_app.apicashflow.entities_repositories_and_services.base.authority.Authority#363894b3-8bdc-4764-ad13-d91f872e1a95, com.cash_flow_app.apicashflow.entities_repositories_and_services.base.authority.Authority#f4f135be-a2b5-48d1-a9d0-2b14e82cc373, com.cash_flow_app.apicashflow.entities_repositories_and_services.base.authority.Authority#35481739-2447-454f-8ec3-daf467bb2ae5, com.cash_flow_app.apicashflow.entities_repositories_and_services.base.authority.Authority#4de61a19-9cab-469d-856c-169a503a3f70, com.cash_flow_app.apicashflow.entities_repositories_and_services.base.authority.Authority#af9e383e-4459-4719-802e-94a22944b4b7, com.cash_flow_app.apicashflow.entities_repositories_and_services.base.authority.Authority#51c645c0-dc8a-45f9-88d1-533e63701dbe], username=usuario_test}
2023-11-28T22:11:58.223-05:00 DEBUG 27472 --- [           main] org.hibernate.engine.spi.ActionQueue     : Changes must be flushed to space: users
2023-11-28T22:11:58.223-05:00 DEBUG 27472 --- [           main] org.hibernate.SQL                        : 
    insert 
    into
        users
        (password, username, id) 
    values
        (?, ?, ?)
2023-11-28T22:11:58.227-05:00 DEBUG 27472 --- [           main] o.h.p.c.AbstractCollectionPersister      : Inserting collection: [com.cash_flow_app.apicashflow.entities_repositories_and_services.base.user.User.authorities#acb86be0-dc3e-475a-a21d-762ea39ada72]
2023-11-28T22:11:58.227-05:00 DEBUG 27472 --- [           main] org.hibernate.SQL                        : 
    insert 
    into
        user_authority
        (user_id, authority_id) 
    values
        (?, ?)
2023-11-28T22:11:58.227-05:00 DEBUG 27472 --- [           main] org.hibernate.SQL                        : 
    insert 
    into
        user_authority
        (user_id, authority_id) 
    values
        (?, ?)
2023-11-28T22:11:58.228-05:00 DEBUG 27472 --- [           main] org.hibernate.SQL                        : 
    insert 
    into
        user_authority
        (user_id, authority_id) 
    values
        (?, ?)
2023-11-28T22:11:58.228-05:00 DEBUG 27472 --- [           main] org.hibernate.SQL                        : 
    insert 
    into
        user_authority
        (user_id, authority_id) 
    values
        (?, ?)
2023-11-28T22:11:58.228-05:00 DEBUG 27472 --- [           main] org.hibernate.SQL                        : 
    insert 
    into
        user_authority
        (user_id, authority_id) 
    values
        (?, ?)
2023-11-28T22:11:58.229-05:00 DEBUG 27472 --- [           main] org.hibernate.SQL                        : 
    insert 
    into
        user_authority
        (user_id, authority_id) 
    values
        (?, ?)
2023-11-28T22:11:58.229-05:00 DEBUG 27472 --- [           main] org.hibernate.SQL                        : 
    insert 
    into
        user_authority
        (user_id, authority_id) 
    values
        (?, ?)
2023-11-28T22:11:58.229-05:00 DEBUG 27472 --- [           main] org.hibernate.SQL                        : 
    insert 
    into
        user_authority
        (user_id, authority_id) 
    values
        (?, ?)
2023-11-28T22:11:58.229-05:00 DEBUG 27472 --- [           main] o.h.p.c.AbstractCollectionPersister      : Done inserting collection: 8 rows inserted
2023-11-28T22:11:58.229-05:00 DEBUG 27472 --- [           main] org.hibernate.orm.sql.exec               : Skipping reading Query result cache data: cache-enabled = false, cache-mode = NORMAL
2023-11-28T22:11:58.229-05:00 DEBUG 27472 --- [           main] org.hibernate.orm.results                : Initializer list
2023-11-28T22:11:58.229-05:00 DEBUG 27472 --- [           main] org.hibernate.orm.results                :     com.cash_flow_app.apicashflow.entities_repositories_and_services.base.user.User(35202153502500).accounts -> SelectEagerCollectionInitializer(com.cash_flow_app.apicashflow.entities_repositories_and_services.base.user.User(35202153502500).accounts)@112932773 (PluralAttribute(com.cash_flow_app.apicashflow.entities_repositories_and_services.base.user.User.accounts))
2023-11-28T22:11:58.229-05:00 DEBUG 27472 --- [           main] org.hibernate.orm.results                :     com.cash_flow_app.apicashflow.entities_repositories_and_services.base.user.User(35202153502500).authorities -> SelectEagerCollectionInitializer(com.cash_flow_app.apicashflow.entities_repositories_and_services.base.user.User(35202153502500).authorities)@1876243096 (PluralAttribute(com.cash_flow_app.apicashflow.entities_repositories_and_services.base.user.User.authorities))
2023-11-28T22:11:58.229-05:00 DEBUG 27472 --- [           main] org.hibernate.orm.results                :     com.cash_flow_app.apicashflow.entities_repositories_and_services.base.user.User(35202153502500) -> EntityResultInitializer(com.cash_flow_app.apicashflow.entities_repositories_and_services.base.user.User(35202153502500))@2086947797 (SingleTableEntityPersister(com.cash_flow_app.apicashflow.entities_repositories_and_services.base.user.User))
2023-11-28T22:11:58.229-05:00 DEBUG 27472 --- [           main] org.hibernate.SQL                        : 
    select
        u1_0.id,
        u1_0.password,
        u1_0.username 
    from
        users u1_0 
    where
        u1_0.username=?
2023-11-28T22:11:58.230-05:00 DEBUG 27472 --- [           main] org.hibernate.orm.results                : Extracted JDBC value [0] - [acb86be0-dc3e-475a-a21d-762ea39ada72]
2023-11-28T22:11:58.230-05:00 DEBUG 27472 --- [           main] o.hibernate.orm.results.loading.entity   : (EntityResultInitializer) Hydrated EntityKey (com.cash_flow_app.apicashflow.entities_repositories_and_services.base.user.User(35202153502500)): acb86be0-dc3e-475a-a21d-762ea39ada72
2023-11-28T22:11:58.230-05:00 DEBUG 27472 --- [           main] o.h.o.r.l.o.h.o.r.loading.collection     : (DelayedCollectionInitializer) Current row collection key : com.cash_flow_app.apicashflow.entities_repositories_and_services.base.user.User(35202153502500).accounts#acb86be0-dc3e-475a-a21d-762ea39ada72
2023-11-28T22:11:58.230-05:00 DEBUG 27472 --- [           main] o.h.o.r.l.o.h.o.r.loading.collection     : (DelayedCollectionInitializer) Current row collection key : com.cash_flow_app.apicashflow.entities_repositories_and_services.base.user.User(35202153502500).authorities#acb86be0-dc3e-475a-a21d-762ea39ada72
2023-11-28T22:11:58.230-05:00 DEBUG 27472 --- [           main] org.hibernate.orm.results.loading        : Calling top-level assembler (0 / 1) : org.hibernate.sql.results.graph.entity.internal.EntityAssembler@ee1493e
2023-11-28T22:11:58.230-05:00 DEBUG 27472 --- [           main] org.hibernate.orm.results.graph.AST      : DomainResult Graph:
 \-CollectionDomainResult [com.cash_flow_app.apicashflow.entities_repositories_and_services.base.user.User.accounts]

2023-11-28T22:11:58.230-05:00 DEBUG 27472 --- [           main] org.hibernate.orm.sql.ast.tree           : SQL AST Tree:
    SelectStatement {
      FromClause {
        CollectionTableGroup (a1 : com.cash_flow_app.apicashflow.entities_repositories_and_services.base.user.User.accounts) {
          primaryTableReference : user_account as a1_0
          NestedTableGroupJoins {
             join LazyTableGroup (a1 : com.cash_flow_app.apicashflow.entities_repositories_and_services.base.user.User.accounts.{element}) {
              primaryTableReference : accounts as a1_1
            }
          }
        }
      }
    }

2023-11-28T22:11:58.230-05:00 DEBUG 27472 --- [           main] org.hibernate.orm.sql.exec               : Skipping reading Query result cache data: cache-enabled = false, cache-mode = IGNORE
2023-11-28T22:11:58.230-05:00 DEBUG 27472 --- [           main] org.hibernate.orm.results                : Initializer list
2023-11-28T22:11:58.230-05:00 DEBUG 27472 --- [           main] org.hibernate.orm.results                :     com.cash_flow_app.apicashflow.entities_repositories_and_services.base.user.User.accounts.{element}.incomes_expenses -> SelectEagerCollectionInitializer(com.cash_flow_app.apicashflow.entities_repositories_and_services.base.user.User.accounts.{element}.incomes_expenses)@510912994 (PluralAttribute(com.cash_flow_app.apicashflow.entities_repositories_and_services.base.account.Account.incomes_expenses))
2023-11-28T22:11:58.230-05:00 DEBUG 27472 --- [           main] org.hibernate.orm.results                :     com.cash_flow_app.apicashflow.entities_repositories_and_services.base.user.User.accounts.{element}.users -> SelectEagerCollectionInitializer(com.cash_flow_app.apicashflow.entities_repositories_and_services.base.user.User.accounts.{element}.users)@422288949 (PluralAttribute(com.cash_flow_app.apicashflow.entities_repositories_and_services.base.account.Account.users))
2023-11-28T22:11:58.230-05:00 DEBUG 27472 --- [           main] org.hibernate.orm.results                :     com.cash_flow_app.apicashflow.entities_repositories_and_services.base.user.User.accounts.{element} -> EntityJoinedFetchInitializer(com.cash_flow_app.apicashflow.entities_repositories_and_services.base.user.User.accounts.{element})@1694663250 (EntityCollectionPart(NavigableRole[com.cash_flow_app.apicashflow.entities_repositories_and_services.base.user.User.accounts#{element}])@624685600)
2023-11-28T22:11:58.230-05:00 DEBUG 27472 --- [           main] org.hibernate.orm.results                :     com.cash_flow_app.apicashflow.entities_repositories_and_services.base.user.User.accounts -> BagInitializer(com.cash_flow_app.apicashflow.entities_repositories_and_services.base.user.User.accounts)@1638829941 (PluralAttribute(com.cash_flow_app.apicashflow.entities_repositories_and_services.base.user.User.accounts))
2023-11-28T22:11:58.230-05:00 DEBUG 27472 --- [           main] org.hibernate.SQL                        : 
    select
        a1_0.user_id,
        a1_1.id,
        a1_1.description 
    from
        user_account a1_0 
    join
        accounts a1_1 
            on a1_1.id=a1_0.account_id 
    where
        a1_0.user_id=?
2023-11-28T22:11:58.230-05:00 DEBUG 27472 --- [           main] o.h.sql.results.internal.ResultsHelper   : Collection fully initialized: [com.cash_flow_app.apicashflow.entities_repositories_and_services.base.user.User.accounts#acb86be0-dc3e-475a-a21d-762ea39ada72]
2023-11-28T22:11:58.305-05:00 DEBUG 27472 --- [           main] o.s.s.a.dao.DaoAuthenticationProvider    : Authenticated user

MockHttpServletRequest:
      HTTP Method = POST
      Request URI = /api/v1/user/login
       Parameters = {_csrf=[iA9gE9Xgm_K9DQWC82P0F5AyVAYpk6ow0-G8NEBlh3dtV9epvGkFK-GF-MOQbmbnxE7AcvFQeWdPpZkd4NXYVyEDsU4MMrSb]}
          Headers = [Content-Type:"application/json;charset=UTF-8", Content-Length:"52"]
             Body = { "username": "usuario_test", "password": "123456" }
    Session Attrs = {}

Handler:
             Type = null

Async:
    Async started = false
     Async result = null

Resolved Exception:
             Type = null

ModelAndView:
        View name = null
             View = null
            Model = null

FlashMap:
       Attributes = null

MockHttpServletResponse:
           Status = 200
    Error message = null
          Headers = [Vary:"Origin", "Access-Control-Request-Method", "Access-Control-Request-Headers", Authorization:"Bearer eyJhbGciOiJIUzUxMiJ9.eyJzdWIiOiJ1c3VhcmlvX3Rlc3QiLCJleHAiOjE3MDM4MTk1MTh9._RjmE35ZWwlgi-J6GUPzAIK95KKwCYwqRJzwkTW-pOWpMEaBJNZ2mk9w8ZBH48tP7shOXrP38_jru9Eshz1Dsg", Access-Control-Expose-Headers:"Authorization", X-Content-Type-Options:"nosniff", X-XSS-Protection:"0", Cache-Control:"no-cache, no-store, max-age=0, must-revalidate", Pragma:"no-cache", Expires:"0", X-Frame-Options:"DENY"]
     Content type = null
             Body = 
    Forwarded URL = null
   Redirected URL = null
          Cookies = []
2023-11-28T22:11:58.307-05:00 DEBUG 27472 --- [           main] org.springframework.test.context.cache   : Spring test ApplicationContext cache statistics: [DefaultContextCache@8caffbd size = 3, maxSize = 32, parentContextCount = 0, hitCount = 363, missCount = 3]
2023-11-28T22:11:58.307-05:00 DEBUG 27472 --- [           main] o.s.test.util.ReflectionTestUtils        : Invoking method 'getFilters' on target object [FilterChainProxy[Filter Chains: [DefaultSecurityFilterChain [RequestMatcher=any request, Filters=[org.springframework.security.web.session.DisableEncodeUrlFilter@120e3ebb, org.springframework.security.web.session.ForceEagerSessionCreationFilter@753f1c3e, org.springframework.security.web.context.request.async.WebAsyncManagerIntegrationFilter@5e9af5d4, org.springframework.security.web.context.SecurityContextHolderFilter@1d18e5ad, org.springframework.security.web.header.HeaderWriterFilter@73b68d98, org.springframework.web.filter.CorsFilter@7863e6b2, org.springframework.security.web.authentication.logout.LogoutFilter@1e5a8278, JWTAuthorizationFilter(loginService=com.cash_flow_app.apicashflow.entities_repositories_and_services.base.security.LoginService@508b9c16), com.cash_flow_app.apicashflow.entities_repositories_and_services.base.security.JWTAuthenticationFilter@6fd2b939, org.springframework.security.web.savedrequest.RequestCacheAwareFilter@11def039, org.springframework.security.web.servletapi.SecurityContextHolderAwareRequestFilter@564375d7, org.springframework.security.web.authentication.AnonymousAuthenticationFilter@c4aa99e, org.springframework.security.web.session.SessionManagementFilter@69af6978, org.springframework.security.web.access.ExceptionTranslationFilter@4469046b, org.springframework.security.web.access.intercept.AuthorizationFilter@588d2e90]]]]] or target class [null] with arguments {org.springframework.mock.web.MockHttpServletRequest@699cb1a3}
2023-11-28T22:11:58.307-05:00 DEBUG 27472 --- [           main] o.s.test.util.ReflectionTestUtils        : Invoking method 'getFilters' on target object [FilterChainProxy[Filter Chains: [DefaultSecurityFilterChain [RequestMatcher=any request, Filters=[org.springframework.security.web.session.DisableEncodeUrlFilter@120e3ebb, org.springframework.security.web.session.ForceEagerSessionCreationFilter@753f1c3e, org.springframework.security.web.context.request.async.WebAsyncManagerIntegrationFilter@5e9af5d4, org.springframework.security.web.context.SecurityContextHolderFilter@1d18e5ad, org.springframework.security.web.header.HeaderWriterFilter@73b68d98, org.springframework.web.filter.CorsFilter@7863e6b2, org.springframework.security.web.authentication.logout.LogoutFilter@1e5a8278, JWTAuthorizationFilter(loginService=com.cash_flow_app.apicashflow.entities_repositories_and_services.base.security.LoginService@508b9c16), com.cash_flow_app.apicashflow.entities_repositories_and_services.base.security.JWTAuthenticationFilter@6fd2b939, org.springframework.security.web.savedrequest.RequestCacheAwareFilter@11def039, org.springframework.security.web.servletapi.SecurityContextHolderAwareRequestFilter@564375d7, org.springframework.security.web.authentication.AnonymousAuthenticationFilter@c4aa99e, org.springframework.security.web.session.SessionManagementFilter@69af6978, org.springframework.security.web.access.ExceptionTranslationFilter@4469046b, org.springframework.security.web.access.intercept.AuthorizationFilter@588d2e90]]]]] or target class [null] with arguments {org.springframework.mock.web.MockHttpServletRequest@699cb1a3}
2023-11-28T22:11:58.307-05:00 DEBUG 27472 --- [           main] o.s.test.util.ReflectionTestUtils        : Invoking method 'getFilters' on target object [FilterChainProxy[Filter Chains: [DefaultSecurityFilterChain [RequestMatcher=any request, Filters=[org.springframework.security.web.session.DisableEncodeUrlFilter@120e3ebb, org.springframework.security.web.session.ForceEagerSessionCreationFilter@753f1c3e, org.springframework.security.web.context.request.async.WebAsyncManagerIntegrationFilter@5e9af5d4, org.springframework.security.web.context.SecurityContextHolderFilter@1d18e5ad, org.springframework.security.web.header.HeaderWriterFilter@73b68d98, org.springframework.web.filter.CorsFilter@7863e6b2, org.springframework.security.web.authentication.logout.LogoutFilter@1e5a8278, JWTAuthorizationFilter(loginService=com.cash_flow_app.apicashflow.entities_repositories_and_services.base.security.LoginService@508b9c16), com.cash_flow_app.apicashflow.entities_repositories_and_services.base.security.JWTAuthenticationFilter@6fd2b939, org.springframework.security.web.savedrequest.RequestCacheAwareFilter@11def039, org.springframework.security.web.servletapi.SecurityContextHolderAwareRequestFilter@564375d7, org.springframework.security.web.authentication.AnonymousAuthenticationFilter@c4aa99e, org.springframework.security.web.session.SessionManagementFilter@69af6978, org.springframework.security.web.access.ExceptionTranslationFilter@4469046b, org.springframework.security.web.access.intercept.AuthorizationFilter@588d2e90]]]]] or target class [null] with arguments {org.springframework.mock.web.MockHttpServletRequest@699cb1a3}
2023-11-28T22:11:58.307-05:00 DEBUG 27472 --- [           main] o.s.security.web.FilterChainProxy        : Securing POST /api/v1/account/create
2023-11-28T22:11:58.307-05:00 DEBUG 27472 --- [           main] .s.s.w.s.ForceEagerSessionCreationFilter : Created session eagerly
2023-11-28T22:11:58.308-05:00 DEBUG 27472 --- [           main] org.hibernate.orm.sql.ast.create         : Created new SQL alias : u1_0
2023-11-28T22:11:58.308-05:00 DEBUG 27472 --- [           main] org.hibernate.orm.sql.ast.create         : Registration of TableGroup [StandardTableGroup(com.cash_flow_app.apicashflow.entities_repositories_and_services.base.user.User(35202153502500))] with identifierForTableGroup [com.cash_flow_app.apicashflow.entities_repositories_and_services.base.user.User] for NavigablePath [com.cash_flow_app.apicashflow.entities_repositories_and_services.base.user.User] 
2023-11-28T22:11:58.308-05:00 DEBUG 27472 --- [           main] o.h.q.sqm.sql.BaseSqmToSqlAstConverter   : Determining mapping-model type for SqmParameter : org.hibernate.query.sqm.tree.expression.SqmJpaCriteriaParameterWrapper@4410d01e
2023-11-28T22:11:58.308-05:00 DEBUG 27472 --- [           main] o.h.q.sqm.sql.BaseSqmToSqlAstConverter   : Determining mapping-model type for SqmPath : SqmBasicValuedSimplePath(com.cash_flow_app.apicashflow.entities_repositories_and_services.base.user.User(35202153502500).username) 
2023-11-28T22:11:58.308-05:00 DEBUG 27472 --- [           main] org.hibernate.orm.results.graph.AST      : DomainResult Graph:
 \-EntityResultImpl [com.cash_flow_app.apicashflow.entities_repositories_and_services.base.user.User(35202153502500)]
 |  +-SelectEagerCollectionFetch [com.cash_flow_app.apicashflow.entities_repositories_and_services.base.user.User(35202153502500).accounts]
 |  +-SelectEagerCollectionFetch [com.cash_flow_app.apicashflow.entities_repositories_and_services.base.user.User(35202153502500).authorities]
 |  +-BasicFetch [com.cash_flow_app.apicashflow.entities_repositories_and_services.base.user.User(35202153502500).password]
 |  \-BasicFetch [com.cash_flow_app.apicashflow.entities_repositories_and_services.base.user.User(35202153502500).username]

2023-11-28T22:11:58.308-05:00 DEBUG 27472 --- [           main] org.hibernate.orm.sql.ast.tree           : SQL AST Tree:
    SelectStatement {
      FromClause {
        StandardTableGroup (u1 : com.cash_flow_app.apicashflow.entities_repositories_and_services.base.user.User(35202153502500)) {
          primaryTableReference : users as u1_0
        }
      }
    }

2023-11-28T22:11:58.308-05:00 DEBUG 27472 --- [           main] o.h.e.i.AbstractFlushingEventListener    : Processing flush-time cascades
2023-11-28T22:11:58.308-05:00 DEBUG 27472 --- [           main] o.h.e.i.AbstractFlushingEventListener    : Dirty checking collections
2023-11-28T22:11:58.308-05:00 DEBUG 27472 --- [           main] o.hibernate.engine.internal.Collections  : Collection found: [com.cash_flow_app.apicashflow.entities_repositories_and_services.base.user.User.authorities#acb86be0-dc3e-475a-a21d-762ea39ada72], was: [com.cash_flow_app.apicashflow.entities_repositories_and_services.base.user.User.authorities#acb86be0-dc3e-475a-a21d-762ea39ada72] (initialized)
2023-11-28T22:11:58.308-05:00 DEBUG 27472 --- [           main] o.hibernate.engine.internal.Collections  : Collection dereferenced: [com.cash_flow_app.apicashflow.entities_repositories_and_services.base.user.User.accounts#acb86be0-dc3e-475a-a21d-762ea39ada72]
2023-11-28T22:11:58.308-05:00 DEBUG 27472 --- [           main] o.h.e.i.AbstractFlushingEventListener    : Flushed: 0 insertions, 0 updates, 0 deletions to 9 objects
2023-11-28T22:11:58.308-05:00 DEBUG 27472 --- [           main] o.h.e.i.AbstractFlushingEventListener    : Flushed: 0 (re)creations, 0 updates, 1 removals to 2 collections
2023-11-28T22:11:58.308-05:00 DEBUG 27472 --- [           main] o.hibernate.internal.util.EntityPrinter  : Listing entities:
2023-11-28T22:11:58.309-05:00 DEBUG 27472 --- [           main] o.hibernate.internal.util.EntityPrinter  : com.cash_flow_app.apicashflow.entities_repositories_and_services.base.authority.Authority{endpoint=User, permission=CREATE, id=f4f135be-a2b5-48d1-a9d0-2b14e82cc373}
2023-11-28T22:11:58.309-05:00 DEBUG 27472 --- [           main] o.hibernate.internal.util.EntityPrinter  : com.cash_flow_app.apicashflow.entities_repositories_and_services.base.authority.Authority{endpoint=User, permission=READ, id=35481739-2447-454f-8ec3-daf467bb2ae5}
2023-11-28T22:11:58.309-05:00 DEBUG 27472 --- [           main] o.hibernate.internal.util.EntityPrinter  : com.cash_flow_app.apicashflow.entities_repositories_and_services.base.authority.Authority{endpoint=IncomeExpense, permission=CREATE, id=4de61a19-9cab-469d-856c-169a503a3f70}
2023-11-28T22:11:58.309-05:00 DEBUG 27472 --- [           main] o.hibernate.internal.util.EntityPrinter  : com.cash_flow_app.apicashflow.entities_repositories_and_services.base.authority.Authority{endpoint=Account, permission=DELETE, id=363894b3-8bdc-4764-ad13-d91f872e1a95}
2023-11-28T22:11:58.309-05:00 DEBUG 27472 --- [           main] o.hibernate.internal.util.EntityPrinter  : com.cash_flow_app.apicashflow.entities_repositories_and_services.base.authority.Authority{endpoint=IncomeExpense, permission=DELETE, id=51c645c0-dc8a-45f9-88d1-533e63701dbe}
2023-11-28T22:11:58.309-05:00 DEBUG 27472 --- [           main] o.hibernate.internal.util.EntityPrinter  : com.cash_flow_app.apicashflow.entities_repositories_and_services.base.authority.Authority{endpoint=Account, permission=CREATE, id=9aaf7d40-45f6-4ab6-90a9-a23f4c1b5f2f}
2023-11-28T22:11:58.309-05:00 DEBUG 27472 --- [           main] o.hibernate.internal.util.EntityPrinter  : com.cash_flow_app.apicashflow.entities_repositories_and_services.base.authority.Authority{endpoint=Account, permission=READ, id=b14a62f4-d04f-422a-a2a3-1f80e2635352}
2023-11-28T22:11:58.309-05:00 DEBUG 27472 --- [           main] o.hibernate.internal.util.EntityPrinter  : com.cash_flow_app.apicashflow.entities_repositories_and_services.base.authority.Authority{endpoint=IncomeExpense, permission=READ, id=af9e383e-4459-4719-802e-94a22944b4b7}
2023-11-28T22:11:58.309-05:00 DEBUG 27472 --- [           main] o.hibernate.internal.util.EntityPrinter  : com.cash_flow_app.apicashflow.entities_repositories_and_services.base.user.User{password=$2a$10$vqHH/zJKeQGlDoh33SxxDOxRj5AoOBOlELuj65vOctKtSZWh0okqq, id=acb86be0-dc3e-475a-a21d-762ea39ada72, accounts=null, authorities=[com.cash_flow_app.apicashflow.entities_repositories_and_services.base.authority.Authority#9aaf7d40-45f6-4ab6-90a9-a23f4c1b5f2f, com.cash_flow_app.apicashflow.entities_repositories_and_services.base.authority.Authority#b14a62f4-d04f-422a-a2a3-1f80e2635352, com.cash_flow_app.apicashflow.entities_repositories_and_services.base.authority.Authority#363894b3-8bdc-4764-ad13-d91f872e1a95, com.cash_flow_app.apicashflow.entities_repositories_and_services.base.authority.Authority#f4f135be-a2b5-48d1-a9d0-2b14e82cc373, com.cash_flow_app.apicashflow.entities_repositories_and_services.base.authority.Authority#35481739-2447-454f-8ec3-daf467bb2ae5, com.cash_flow_app.apicashflow.entities_repositories_and_services.base.authority.Authority#4de61a19-9cab-469d-856c-169a503a3f70, com.cash_flow_app.apicashflow.entities_repositories_and_services.base.authority.Authority#af9e383e-4459-4719-802e-94a22944b4b7, com.cash_flow_app.apicashflow.entities_repositories_and_services.base.authority.Authority#51c645c0-dc8a-45f9-88d1-533e63701dbe], username=usuario_test}
2023-11-28T22:11:58.309-05:00 DEBUG 27472 --- [           main] org.hibernate.orm.sql.exec               : Skipping reading Query result cache data: cache-enabled = false, cache-mode = NORMAL
2023-11-28T22:11:58.309-05:00 DEBUG 27472 --- [           main] org.hibernate.orm.results                : Initializer list
2023-11-28T22:11:58.309-05:00 DEBUG 27472 --- [           main] org.hibernate.orm.results                :     com.cash_flow_app.apicashflow.entities_repositories_and_services.base.user.User(35202153502500).accounts -> SelectEagerCollectionInitializer(com.cash_flow_app.apicashflow.entities_repositories_and_services.base.user.User(35202153502500).accounts)@386312539 (PluralAttribute(com.cash_flow_app.apicashflow.entities_repositories_and_services.base.user.User.accounts))
2023-11-28T22:11:58.309-05:00 DEBUG 27472 --- [           main] org.hibernate.orm.results                :     com.cash_flow_app.apicashflow.entities_repositories_and_services.base.user.User(35202153502500).authorities -> SelectEagerCollectionInitializer(com.cash_flow_app.apicashflow.entities_repositories_and_services.base.user.User(35202153502500).authorities)@1439964037 (PluralAttribute(com.cash_flow_app.apicashflow.entities_repositories_and_services.base.user.User.authorities))
2023-11-28T22:11:58.309-05:00 DEBUG 27472 --- [           main] org.hibernate.orm.results                :     com.cash_flow_app.apicashflow.entities_repositories_and_services.base.user.User(35202153502500) -> EntityResultInitializer(com.cash_flow_app.apicashflow.entities_repositories_and_services.base.user.User(35202153502500))@1450443003 (SingleTableEntityPersister(com.cash_flow_app.apicashflow.entities_repositories_and_services.base.user.User))
2023-11-28T22:11:58.309-05:00 DEBUG 27472 --- [           main] org.hibernate.SQL                        : 
    select
        u1_0.id,
        u1_0.password,
        u1_0.username 
    from
        users u1_0 
    where
        u1_0.username=?
2023-11-28T22:11:58.309-05:00 DEBUG 27472 --- [           main] org.hibernate.orm.results                : Extracted JDBC value [0] - [acb86be0-dc3e-475a-a21d-762ea39ada72]
2023-11-28T22:11:58.309-05:00 DEBUG 27472 --- [           main] o.hibernate.orm.results.loading.entity   : (EntityResultInitializer) Hydrated EntityKey (com.cash_flow_app.apicashflow.entities_repositories_and_services.base.user.User(35202153502500)): acb86be0-dc3e-475a-a21d-762ea39ada72
2023-11-28T22:11:58.309-05:00 DEBUG 27472 --- [           main] o.h.o.r.l.o.h.o.r.loading.collection     : (DelayedCollectionInitializer) Current row collection key : com.cash_flow_app.apicashflow.entities_repositories_and_services.base.user.User(35202153502500).accounts#acb86be0-dc3e-475a-a21d-762ea39ada72
2023-11-28T22:11:58.309-05:00 DEBUG 27472 --- [           main] o.h.o.r.l.o.h.o.r.loading.collection     : (DelayedCollectionInitializer) Current row collection key : com.cash_flow_app.apicashflow.entities_repositories_and_services.base.user.User(35202153502500).authorities#acb86be0-dc3e-475a-a21d-762ea39ada72
2023-11-28T22:11:58.309-05:00 DEBUG 27472 --- [           main] org.hibernate.orm.results.loading        : Calling top-level assembler (0 / 1) : org.hibernate.sql.results.graph.entity.internal.EntityAssembler@4a83736a
2023-11-28T22:11:58.309-05:00 DEBUG 27472 --- [           main] .s.ChangeSessionIdAuthenticationStrategy : Changed session id from 52
2023-11-28T22:11:58.309-05:00 DEBUG 27472 --- [           main] w.c.HttpSessionSecurityContextRepository : Stored SecurityContextImpl [Authentication=UsernamePasswordAuthenticationToken [Principal=usuario_test, Credentials=[PROTECTED], Authenticated=true, Details=null, Granted Authorities=[ENDPOINT_ACCOUNT_PERMISSION_CREATE, ENDPOINT_ACCOUNT_PERMISSION_READ, ENDPOINT_ACCOUNT_PERMISSION_DELETE, ENDPOINT_USER_PERMISSION_CREATE, ENDPOINT_USER_PERMISSION_READ, ENDPOINT_INCOMEEXPENSE_PERMISSION_CREATE, ENDPOINT_INCOMEEXPENSE_PERMISSION_READ, ENDPOINT_INCOMEEXPENSE_PERMISSION_DELETE]]] to HttpSession [org.springframework.mock.web.MockHttpSession@3c06d119]
2023-11-28T22:11:58.310-05:00 DEBUG 27472 --- [           main] s.w.s.m.m.a.RequestMappingHandlerMapping : Mapped to com.cash_flow_app.apicashflow.controller.AccountController#create(AccountDto)
2023-11-28T22:11:58.310-05:00 DEBUG 27472 --- [           main] o.s.security.web.FilterChainProxy        : Secured POST /api/v1/account/create
2023-11-28T22:11:58.310-05:00 DEBUG 27472 --- [           main] o.s.t.web.servlet.TestDispatcherServlet  : POST "/api/v1/account/create", parameters={masked}
2023-11-28T22:11:58.310-05:00 DEBUG 27472 --- [           main] s.w.s.m.m.a.RequestMappingHandlerMapping : Mapped to com.cash_flow_app.apicashflow.controller.AccountController#create(AccountDto)
2023-11-28T22:11:58.310-05:00 DEBUG 27472 --- [           main] m.m.a.RequestResponseBodyMethodProcessor : Read "application/json;charset=UTF-8" to [AccountDto(id=null, description=descripcion de cuenta, users=[usuario_test])]
2023-11-28T22:11:58.310-05:00 DEBUG 27472 --- [           main] o.s.orm.jpa.JpaTransactionManager        : Found thread-bound EntityManager [SessionImpl(114970877<open>)] for JPA transaction
2023-11-28T22:11:58.310-05:00 DEBUG 27472 --- [           main] o.s.orm.jpa.JpaTransactionManager        : Participating in existing transaction
2023-11-28T22:11:58.310-05:00 DEBUG 27472 --- [           main] org.hibernate.orm.sql.ast.create         : Created new SQL alias : u1_0
2023-11-28T22:11:58.310-05:00 DEBUG 27472 --- [           main] org.hibernate.orm.sql.ast.create         : Registration of TableGroup [StandardTableGroup(com.cash_flow_app.apicashflow.entities_repositories_and_services.base.user.User(35202153502500))] with identifierForTableGroup [com.cash_flow_app.apicashflow.entities_repositories_and_services.base.user.User] for NavigablePath [com.cash_flow_app.apicashflow.entities_repositories_and_services.base.user.User] 
2023-11-28T22:11:58.310-05:00 DEBUG 27472 --- [           main] o.h.q.sqm.sql.BaseSqmToSqlAstConverter   : Determining mapping-model type for SqmParameter : org.hibernate.query.sqm.tree.expression.SqmJpaCriteriaParameterWrapper@2285f28b
2023-11-28T22:11:58.310-05:00 DEBUG 27472 --- [           main] o.h.q.sqm.sql.BaseSqmToSqlAstConverter   : Determining mapping-model type for SqmPath : SqmBasicValuedSimplePath(com.cash_flow_app.apicashflow.entities_repositories_and_services.base.user.User(35202153502500).username) 
2023-11-28T22:11:58.311-05:00 DEBUG 27472 --- [           main] org.hibernate.orm.results.graph.AST      : DomainResult Graph:
 \-EntityResultImpl [com.cash_flow_app.apicashflow.entities_repositories_and_services.base.user.User(35202153502500)]
 |  +-SelectEagerCollectionFetch [com.cash_flow_app.apicashflow.entities_repositories_and_services.base.user.User(35202153502500).accounts]
 |  +-SelectEagerCollectionFetch [com.cash_flow_app.apicashflow.entities_repositories_and_services.base.user.User(35202153502500).authorities]
 |  +-BasicFetch [com.cash_flow_app.apicashflow.entities_repositories_and_services.base.user.User(35202153502500).password]
 |  \-BasicFetch [com.cash_flow_app.apicashflow.entities_repositories_and_services.base.user.User(35202153502500).username]

2023-11-28T22:11:58.311-05:00 DEBUG 27472 --- [           main] org.hibernate.orm.sql.ast.tree           : SQL AST Tree:
    SelectStatement {
      FromClause {
        StandardTableGroup (u1 : com.cash_flow_app.apicashflow.entities_repositories_and_services.base.user.User(35202153502500)) {
          primaryTableReference : users as u1_0
        }
      }
    }

2023-11-28T22:11:58.311-05:00 DEBUG 27472 --- [           main] o.h.e.i.AbstractFlushingEventListener    : Processing flush-time cascades
2023-11-28T22:11:58.311-05:00 DEBUG 27472 --- [           main] o.h.e.i.AbstractFlushingEventListener    : Dirty checking collections
2023-11-28T22:11:58.311-05:00 DEBUG 27472 --- [           main] o.hibernate.engine.internal.Collections  : Collection found: [com.cash_flow_app.apicashflow.entities_repositories_and_services.base.user.User.authorities#acb86be0-dc3e-475a-a21d-762ea39ada72], was: [com.cash_flow_app.apicashflow.entities_repositories_and_services.base.user.User.authorities#acb86be0-dc3e-475a-a21d-762ea39ada72] (initialized)
2023-11-28T22:11:58.311-05:00 DEBUG 27472 --- [           main] o.hibernate.engine.internal.Collections  : Collection dereferenced: [com.cash_flow_app.apicashflow.entities_repositories_and_services.base.user.User.accounts#acb86be0-dc3e-475a-a21d-762ea39ada72]
2023-11-28T22:11:58.311-05:00 DEBUG 27472 --- [           main] o.h.e.i.AbstractFlushingEventListener    : Flushed: 0 insertions, 0 updates, 0 deletions to 9 objects
2023-11-28T22:11:58.311-05:00 DEBUG 27472 --- [           main] o.h.e.i.AbstractFlushingEventListener    : Flushed: 0 (re)creations, 0 updates, 1 removals to 2 collections
2023-11-28T22:11:58.311-05:00 DEBUG 27472 --- [           main] o.hibernate.internal.util.EntityPrinter  : Listing entities:
2023-11-28T22:11:58.311-05:00 DEBUG 27472 --- [           main] o.hibernate.internal.util.EntityPrinter  : com.cash_flow_app.apicashflow.entities_repositories_and_services.base.authority.Authority{endpoint=User, permission=CREATE, id=f4f135be-a2b5-48d1-a9d0-2b14e82cc373}
2023-11-28T22:11:58.311-05:00 DEBUG 27472 --- [           main] o.hibernate.internal.util.EntityPrinter  : com.cash_flow_app.apicashflow.entities_repositories_and_services.base.authority.Authority{endpoint=User, permission=READ, id=35481739-2447-454f-8ec3-daf467bb2ae5}
2023-11-28T22:11:58.311-05:00 DEBUG 27472 --- [           main] o.hibernate.internal.util.EntityPrinter  : com.cash_flow_app.apicashflow.entities_repositories_and_services.base.authority.Authority{endpoint=IncomeExpense, permission=CREATE, id=4de61a19-9cab-469d-856c-169a503a3f70}
2023-11-28T22:11:58.311-05:00 DEBUG 27472 --- [           main] o.hibernate.internal.util.EntityPrinter  : com.cash_flow_app.apicashflow.entities_repositories_and_services.base.authority.Authority{endpoint=Account, permission=DELETE, id=363894b3-8bdc-4764-ad13-d91f872e1a95}
2023-11-28T22:11:58.311-05:00 DEBUG 27472 --- [           main] o.hibernate.internal.util.EntityPrinter  : com.cash_flow_app.apicashflow.entities_repositories_and_services.base.authority.Authority{endpoint=IncomeExpense, permission=DELETE, id=51c645c0-dc8a-45f9-88d1-533e63701dbe}
2023-11-28T22:11:58.311-05:00 DEBUG 27472 --- [           main] o.hibernate.internal.util.EntityPrinter  : com.cash_flow_app.apicashflow.entities_repositories_and_services.base.authority.Authority{endpoint=Account, permission=CREATE, id=9aaf7d40-45f6-4ab6-90a9-a23f4c1b5f2f}
2023-11-28T22:11:58.311-05:00 DEBUG 27472 --- [           main] o.hibernate.internal.util.EntityPrinter  : com.cash_flow_app.apicashflow.entities_repositories_and_services.base.authority.Authority{endpoint=Account, permission=READ, id=b14a62f4-d04f-422a-a2a3-1f80e2635352}
2023-11-28T22:11:58.311-05:00 DEBUG 27472 --- [           main] o.hibernate.internal.util.EntityPrinter  : com.cash_flow_app.apicashflow.entities_repositories_and_services.base.authority.Authority{endpoint=IncomeExpense, permission=READ, id=af9e383e-4459-4719-802e-94a22944b4b7}
2023-11-28T22:11:58.311-05:00 DEBUG 27472 --- [           main] o.hibernate.internal.util.EntityPrinter  : com.cash_flow_app.apicashflow.entities_repositories_and_services.base.user.User{password=$2a$10$vqHH/zJKeQGlDoh33SxxDOxRj5AoOBOlELuj65vOctKtSZWh0okqq, id=acb86be0-dc3e-475a-a21d-762ea39ada72, accounts=null, authorities=[com.cash_flow_app.apicashflow.entities_repositories_and_services.base.authority.Authority#9aaf7d40-45f6-4ab6-90a9-a23f4c1b5f2f, com.cash_flow_app.apicashflow.entities_repositories_and_services.base.authority.Authority#b14a62f4-d04f-422a-a2a3-1f80e2635352, com.cash_flow_app.apicashflow.entities_repositories_and_services.base.authority.Authority#363894b3-8bdc-4764-ad13-d91f872e1a95, com.cash_flow_app.apicashflow.entities_repositories_and_services.base.authority.Authority#f4f135be-a2b5-48d1-a9d0-2b14e82cc373, com.cash_flow_app.apicashflow.entities_repositories_and_services.base.authority.Authority#35481739-2447-454f-8ec3-daf467bb2ae5, com.cash_flow_app.apicashflow.entities_repositories_and_services.base.authority.Authority#4de61a19-9cab-469d-856c-169a503a3f70, com.cash_flow_app.apicashflow.entities_repositories_and_services.base.authority.Authority#af9e383e-4459-4719-802e-94a22944b4b7, com.cash_flow_app.apicashflow.entities_repositories_and_services.base.authority.Authority#51c645c0-dc8a-45f9-88d1-533e63701dbe], username=usuario_test}
2023-11-28T22:11:58.311-05:00 DEBUG 27472 --- [           main] org.hibernate.orm.sql.exec               : Skipping reading Query result cache data: cache-enabled = false, cache-mode = NORMAL
2023-11-28T22:11:58.311-05:00 DEBUG 27472 --- [           main] org.hibernate.orm.results                : Initializer list
2023-11-28T22:11:58.311-05:00 DEBUG 27472 --- [           main] org.hibernate.orm.results                :     com.cash_flow_app.apicashflow.entities_repositories_and_services.base.user.User(35202153502500).accounts -> SelectEagerCollectionInitializer(com.cash_flow_app.apicashflow.entities_repositories_and_services.base.user.User(35202153502500).accounts)@872546383 (PluralAttribute(com.cash_flow_app.apicashflow.entities_repositories_and_services.base.user.User.accounts))
2023-11-28T22:11:58.311-05:00 DEBUG 27472 --- [           main] org.hibernate.orm.results                :     com.cash_flow_app.apicashflow.entities_repositories_and_services.base.user.User(35202153502500).authorities -> SelectEagerCollectionInitializer(com.cash_flow_app.apicashflow.entities_repositories_and_services.base.user.User(35202153502500).authorities)@966704622 (PluralAttribute(com.cash_flow_app.apicashflow.entities_repositories_and_services.base.user.User.authorities))
2023-11-28T22:11:58.311-05:00 DEBUG 27472 --- [           main] org.hibernate.orm.results                :     com.cash_flow_app.apicashflow.entities_repositories_and_services.base.user.User(35202153502500) -> EntityResultInitializer(com.cash_flow_app.apicashflow.entities_repositories_and_services.base.user.User(35202153502500))@728893996 (SingleTableEntityPersister(com.cash_flow_app.apicashflow.entities_repositories_and_services.base.user.User))
2023-11-28T22:11:58.311-05:00 DEBUG 27472 --- [           main] org.hibernate.SQL                        : 
    select
        u1_0.id,
        u1_0.password,
        u1_0.username 
    from
        users u1_0 
    where
        u1_0.username=?
2023-11-28T22:11:58.311-05:00 DEBUG 27472 --- [           main] org.hibernate.orm.results                : Extracted JDBC value [0] - [acb86be0-dc3e-475a-a21d-762ea39ada72]
2023-11-28T22:11:58.311-05:00 DEBUG 27472 --- [           main] o.hibernate.orm.results.loading.entity   : (EntityResultInitializer) Hydrated EntityKey (com.cash_flow_app.apicashflow.entities_repositories_and_services.base.user.User(35202153502500)): acb86be0-dc3e-475a-a21d-762ea39ada72
2023-11-28T22:11:58.311-05:00 DEBUG 27472 --- [           main] o.h.o.r.l.o.h.o.r.loading.collection     : (DelayedCollectionInitializer) Current row collection key : com.cash_flow_app.apicashflow.entities_repositories_and_services.base.user.User(35202153502500).accounts#acb86be0-dc3e-475a-a21d-762ea39ada72
2023-11-28T22:11:58.311-05:00 DEBUG 27472 --- [           main] o.h.o.r.l.o.h.o.r.loading.collection     : (DelayedCollectionInitializer) Current row collection key : com.cash_flow_app.apicashflow.entities_repositories_and_services.base.user.User(35202153502500).authorities#acb86be0-dc3e-475a-a21d-762ea39ada72
2023-11-28T22:11:58.311-05:00 DEBUG 27472 --- [           main] org.hibernate.orm.results.loading        : Calling top-level assembler (0 / 1) : org.hibernate.sql.results.graph.entity.internal.EntityAssembler@49e335a5
2023-11-28T22:11:58.311-05:00 DEBUG 27472 --- [           main] org.hibernate.orm.sql.ast.create         : Created new SQL alias : u1_0
2023-11-28T22:11:58.311-05:00 DEBUG 27472 --- [           main] org.hibernate.orm.sql.ast.create         : Registration of TableGroup [StandardTableGroup(com.cash_flow_app.apicashflow.entities_repositories_and_services.base.user.User(35202153502500))] with identifierForTableGroup [com.cash_flow_app.apicashflow.entities_repositories_and_services.base.user.User] for NavigablePath [com.cash_flow_app.apicashflow.entities_repositories_and_services.base.user.User] 
2023-11-28T22:11:58.312-05:00 DEBUG 27472 --- [           main] o.h.q.sqm.sql.BaseSqmToSqlAstConverter   : Determining mapping-model type for SqmParameter : org.hibernate.query.sqm.tree.expression.SqmJpaCriteriaParameterWrapper@727b65df
2023-11-28T22:11:58.312-05:00 DEBUG 27472 --- [           main] o.h.q.sqm.sql.BaseSqmToSqlAstConverter   : Determining mapping-model type for SqmPath : SqmBasicValuedSimplePath(com.cash_flow_app.apicashflow.entities_repositories_and_services.base.user.User(35202153502500).username) 
2023-11-28T22:11:58.312-05:00 DEBUG 27472 --- [           main] org.hibernate.orm.results.graph.AST      : DomainResult Graph:
 \-EntityResultImpl [com.cash_flow_app.apicashflow.entities_repositories_and_services.base.user.User(35202153502500)]
 |  +-SelectEagerCollectionFetch [com.cash_flow_app.apicashflow.entities_repositories_and_services.base.user.User(35202153502500).accounts]
 |  +-SelectEagerCollectionFetch [com.cash_flow_app.apicashflow.entities_repositories_and_services.base.user.User(35202153502500).authorities]
 |  +-BasicFetch [com.cash_flow_app.apicashflow.entities_repositories_and_services.base.user.User(35202153502500).password]
 |  \-BasicFetch [com.cash_flow_app.apicashflow.entities_repositories_and_services.base.user.User(35202153502500).username]

2023-11-28T22:11:58.312-05:00 DEBUG 27472 --- [           main] org.hibernate.orm.sql.ast.tree           : SQL AST Tree:
    SelectStatement {
      FromClause {
        StandardTableGroup (u1 : com.cash_flow_app.apicashflow.entities_repositories_and_services.base.user.User(35202153502500)) {
          primaryTableReference : users as u1_0
        }
      }
    }

2023-11-28T22:11:58.312-05:00 DEBUG 27472 --- [           main] o.h.e.i.AbstractFlushingEventListener    : Processing flush-time cascades
2023-11-28T22:11:58.312-05:00 DEBUG 27472 --- [           main] o.h.e.i.AbstractFlushingEventListener    : Dirty checking collections
2023-11-28T22:11:58.312-05:00 DEBUG 27472 --- [           main] o.hibernate.engine.internal.Collections  : Collection found: [com.cash_flow_app.apicashflow.entities_repositories_and_services.base.user.User.authorities#acb86be0-dc3e-475a-a21d-762ea39ada72], was: [com.cash_flow_app.apicashflow.entities_repositories_and_services.base.user.User.authorities#acb86be0-dc3e-475a-a21d-762ea39ada72] (initialized)
2023-11-28T22:11:58.312-05:00 DEBUG 27472 --- [           main] o.hibernate.engine.internal.Collections  : Collection dereferenced: [com.cash_flow_app.apicashflow.entities_repositories_and_services.base.user.User.accounts#acb86be0-dc3e-475a-a21d-762ea39ada72]
2023-11-28T22:11:58.312-05:00 DEBUG 27472 --- [           main] o.h.e.i.AbstractFlushingEventListener    : Flushed: 0 insertions, 0 updates, 0 deletions to 9 objects
2023-11-28T22:11:58.312-05:00 DEBUG 27472 --- [           main] o.h.e.i.AbstractFlushingEventListener    : Flushed: 0 (re)creations, 0 updates, 1 removals to 2 collections
2023-11-28T22:11:58.312-05:00 DEBUG 27472 --- [           main] o.hibernate.internal.util.EntityPrinter  : Listing entities:
2023-11-28T22:11:58.312-05:00 DEBUG 27472 --- [           main] o.hibernate.internal.util.EntityPrinter  : com.cash_flow_app.apicashflow.entities_repositories_and_services.base.authority.Authority{endpoint=User, permission=CREATE, id=f4f135be-a2b5-48d1-a9d0-2b14e82cc373}
2023-11-28T22:11:58.312-05:00 DEBUG 27472 --- [           main] o.hibernate.internal.util.EntityPrinter  : com.cash_flow_app.apicashflow.entities_repositories_and_services.base.authority.Authority{endpoint=User, permission=READ, id=35481739-2447-454f-8ec3-daf467bb2ae5}
2023-11-28T22:11:58.312-05:00 DEBUG 27472 --- [           main] o.hibernate.internal.util.EntityPrinter  : com.cash_flow_app.apicashflow.entities_repositories_and_services.base.authority.Authority{endpoint=IncomeExpense, permission=CREATE, id=4de61a19-9cab-469d-856c-169a503a3f70}
2023-11-28T22:11:58.312-05:00 DEBUG 27472 --- [           main] o.hibernate.internal.util.EntityPrinter  : com.cash_flow_app.apicashflow.entities_repositories_and_services.base.authority.Authority{endpoint=Account, permission=DELETE, id=363894b3-8bdc-4764-ad13-d91f872e1a95}
2023-11-28T22:11:58.312-05:00 DEBUG 27472 --- [           main] o.hibernate.internal.util.EntityPrinter  : com.cash_flow_app.apicashflow.entities_repositories_and_services.base.authority.Authority{endpoint=IncomeExpense, permission=DELETE, id=51c645c0-dc8a-45f9-88d1-533e63701dbe}
2023-11-28T22:11:58.312-05:00 DEBUG 27472 --- [           main] o.hibernate.internal.util.EntityPrinter  : com.cash_flow_app.apicashflow.entities_repositories_and_services.base.authority.Authority{endpoint=Account, permission=CREATE, id=9aaf7d40-45f6-4ab6-90a9-a23f4c1b5f2f}
2023-11-28T22:11:58.312-05:00 DEBUG 27472 --- [           main] o.hibernate.internal.util.EntityPrinter  : com.cash_flow_app.apicashflow.entities_repositories_and_services.base.authority.Authority{endpoint=Account, permission=READ, id=b14a62f4-d04f-422a-a2a3-1f80e2635352}
2023-11-28T22:11:58.312-05:00 DEBUG 27472 --- [           main] o.hibernate.internal.util.EntityPrinter  : com.cash_flow_app.apicashflow.entities_repositories_and_services.base.authority.Authority{endpoint=IncomeExpense, permission=READ, id=af9e383e-4459-4719-802e-94a22944b4b7}
2023-11-28T22:11:58.312-05:00 DEBUG 27472 --- [           main] o.hibernate.internal.util.EntityPrinter  : com.cash_flow_app.apicashflow.entities_repositories_and_services.base.user.User{password=$2a$10$vqHH/zJKeQGlDoh33SxxDOxRj5AoOBOlELuj65vOctKtSZWh0okqq, id=acb86be0-dc3e-475a-a21d-762ea39ada72, accounts=null, authorities=[com.cash_flow_app.apicashflow.entities_repositories_and_services.base.authority.Authority#9aaf7d40-45f6-4ab6-90a9-a23f4c1b5f2f, com.cash_flow_app.apicashflow.entities_repositories_and_services.base.authority.Authority#b14a62f4-d04f-422a-a2a3-1f80e2635352, com.cash_flow_app.apicashflow.entities_repositories_and_services.base.authority.Authority#363894b3-8bdc-4764-ad13-d91f872e1a95, com.cash_flow_app.apicashflow.entities_repositories_and_services.base.authority.Authority#f4f135be-a2b5-48d1-a9d0-2b14e82cc373, com.cash_flow_app.apicashflow.entities_repositories_and_services.base.authority.Authority#35481739-2447-454f-8ec3-daf467bb2ae5, com.cash_flow_app.apicashflow.entities_repositories_and_services.base.authority.Authority#4de61a19-9cab-469d-856c-169a503a3f70, com.cash_flow_app.apicashflow.entities_repositories_and_services.base.authority.Authority#af9e383e-4459-4719-802e-94a22944b4b7, com.cash_flow_app.apicashflow.entities_repositories_and_services.base.authority.Authority#51c645c0-dc8a-45f9-88d1-533e63701dbe], username=usuario_test}
2023-11-28T22:11:58.312-05:00 DEBUG 27472 --- [           main] org.hibernate.orm.sql.exec               : Skipping reading Query result cache data: cache-enabled = false, cache-mode = NORMAL
2023-11-28T22:11:58.312-05:00 DEBUG 27472 --- [           main] org.hibernate.orm.results                : Initializer list
2023-11-28T22:11:58.312-05:00 DEBUG 27472 --- [           main] org.hibernate.orm.results                :     com.cash_flow_app.apicashflow.entities_repositories_and_services.base.user.User(35202153502500).accounts -> SelectEagerCollectionInitializer(com.cash_flow_app.apicashflow.entities_repositories_and_services.base.user.User(35202153502500).accounts)@631660064 (PluralAttribute(com.cash_flow_app.apicashflow.entities_repositories_and_services.base.user.User.accounts))
2023-11-28T22:11:58.312-05:00 DEBUG 27472 --- [           main] org.hibernate.orm.results                :     com.cash_flow_app.apicashflow.entities_repositories_and_services.base.user.User(35202153502500).authorities -> SelectEagerCollectionInitializer(com.cash_flow_app.apicashflow.entities_repositories_and_services.base.user.User(35202153502500).authorities)@207258326 (PluralAttribute(com.cash_flow_app.apicashflow.entities_repositories_and_services.base.user.User.authorities))
2023-11-28T22:11:58.312-05:00 DEBUG 27472 --- [           main] org.hibernate.orm.results                :     com.cash_flow_app.apicashflow.entities_repositories_and_services.base.user.User(35202153502500) -> EntityResultInitializer(com.cash_flow_app.apicashflow.entities_repositories_and_services.base.user.User(35202153502500))@2078037760 (SingleTableEntityPersister(com.cash_flow_app.apicashflow.entities_repositories_and_services.base.user.User))
2023-11-28T22:11:58.312-05:00 DEBUG 27472 --- [           main] org.hibernate.SQL                        : 
    select
        u1_0.id,
        u1_0.password,
        u1_0.username 
    from
        users u1_0 
    where
        u1_0.username=?
2023-11-28T22:11:58.312-05:00 DEBUG 27472 --- [           main] org.hibernate.orm.results                : Extracted JDBC value [0] - [acb86be0-dc3e-475a-a21d-762ea39ada72]
2023-11-28T22:11:58.312-05:00 DEBUG 27472 --- [           main] o.hibernate.orm.results.loading.entity   : (EntityResultInitializer) Hydrated EntityKey (com.cash_flow_app.apicashflow.entities_repositories_and_services.base.user.User(35202153502500)): acb86be0-dc3e-475a-a21d-762ea39ada72
2023-11-28T22:11:58.312-05:00 DEBUG 27472 --- [           main] o.h.o.r.l.o.h.o.r.loading.collection     : (DelayedCollectionInitializer) Current row collection key : com.cash_flow_app.apicashflow.entities_repositories_and_services.base.user.User(35202153502500).accounts#acb86be0-dc3e-475a-a21d-762ea39ada72
2023-11-28T22:11:58.312-05:00 DEBUG 27472 --- [           main] o.h.o.r.l.o.h.o.r.loading.collection     : (DelayedCollectionInitializer) Current row collection key : com.cash_flow_app.apicashflow.entities_repositories_and_services.base.user.User(35202153502500).authorities#acb86be0-dc3e-475a-a21d-762ea39ada72
2023-11-28T22:11:58.312-05:00 DEBUG 27472 --- [           main] org.hibernate.orm.results.loading        : Calling top-level assembler (0 / 1) : org.hibernate.sql.results.graph.entity.internal.EntityAssembler@11cf7dd
2023-11-28T22:11:58.312-05:00 DEBUG 27472 --- [           main] o.s.orm.jpa.JpaTransactionManager        : Found thread-bound EntityManager [SessionImpl(114970877<open>)] for JPA transaction
2023-11-28T22:11:58.312-05:00 DEBUG 27472 --- [           main] o.s.orm.jpa.JpaTransactionManager        : Participating in existing transaction
2023-11-28T22:11:58.312-05:00 DEBUG 27472 --- [           main] o.h.j.internal.PersistenceUnitUtilImpl   : jakarta.persistence.PersistenceUnitUtil.getIdentifier is only intended to work with enhanced entities (although Hibernate also adapts this support to its proxies); however the passed entity was not enhanced (nor a proxy).. may not be able to read identifier
2023-11-28T22:11:58.312-05:00 DEBUG 27472 --- [           main] o.h.e.i.AbstractSaveEventListener        : Generated identifier: 760aa2e6-e2e7-4c46-b9d8-f688bc1cab6e, using strategy: org.hibernate.id.UUIDGenerator
2023-11-28T22:11:58.313-05:00 DEBUG 27472 --- [           main] o.s.w.s.m.m.a.HttpEntityMethodProcessor  : Using 'application/json', given [*/*] and supported [application/json, application/*+json]
2023-11-28T22:11:58.313-05:00 DEBUG 27472 --- [           main] o.s.w.s.m.m.a.HttpEntityMethodProcessor  : Writing [AccountDto(id=760aa2e6-e2e7-4c46-b9d8-f688bc1cab6e, description=descripcion de cuenta, users=[usuari (truncated)...]
2023-11-28T22:11:58.313-05:00 DEBUG 27472 --- [           main] o.s.t.web.servlet.TestDispatcherServlet  : Completed 200 OK
2023-11-28T22:11:58.314-05:00 DEBUG 27472 --- [           main] o.s.test.util.ReflectionTestUtils        : Invoking method 'getFilters' on target object [FilterChainProxy[Filter Chains: [DefaultSecurityFilterChain [RequestMatcher=any request, Filters=[org.springframework.security.web.session.DisableEncodeUrlFilter@120e3ebb, org.springframework.security.web.session.ForceEagerSessionCreationFilter@753f1c3e, org.springframework.security.web.context.request.async.WebAsyncManagerIntegrationFilter@5e9af5d4, org.springframework.security.web.context.SecurityContextHolderFilter@1d18e5ad, org.springframework.security.web.header.HeaderWriterFilter@73b68d98, org.springframework.web.filter.CorsFilter@7863e6b2, org.springframework.security.web.authentication.logout.LogoutFilter@1e5a8278, JWTAuthorizationFilter(loginService=com.cash_flow_app.apicashflow.entities_repositories_and_services.base.security.LoginService@508b9c16), com.cash_flow_app.apicashflow.entities_repositories_and_services.base.security.JWTAuthenticationFilter@6fd2b939, org.springframework.security.web.savedrequest.RequestCacheAwareFilter@11def039, org.springframework.security.web.servletapi.SecurityContextHolderAwareRequestFilter@564375d7, org.springframework.security.web.authentication.AnonymousAuthenticationFilter@c4aa99e, org.springframework.security.web.session.SessionManagementFilter@69af6978, org.springframework.security.web.access.ExceptionTranslationFilter@4469046b, org.springframework.security.web.access.intercept.AuthorizationFilter@588d2e90]]]]] or target class [null] with arguments {org.springframework.mock.web.MockHttpServletRequest@f33b8fc}
2023-11-28T22:11:58.314-05:00 DEBUG 27472 --- [           main] o.s.test.util.ReflectionTestUtils        : Invoking method 'getFilters' on target object [FilterChainProxy[Filter Chains: [DefaultSecurityFilterChain [RequestMatcher=any request, Filters=[org.springframework.security.web.session.DisableEncodeUrlFilter@120e3ebb, org.springframework.security.web.session.ForceEagerSessionCreationFilter@753f1c3e, org.springframework.security.web.context.request.async.WebAsyncManagerIntegrationFilter@5e9af5d4, org.springframework.security.web.context.SecurityContextHolderFilter@1d18e5ad, org.springframework.security.web.header.HeaderWriterFilter@73b68d98, org.springframework.web.filter.CorsFilter@7863e6b2, org.springframework.security.web.authentication.logout.LogoutFilter@1e5a8278, JWTAuthorizationFilter(loginService=com.cash_flow_app.apicashflow.entities_repositories_and_services.base.security.LoginService@508b9c16), com.cash_flow_app.apicashflow.entities_repositories_and_services.base.security.JWTAuthenticationFilter@6fd2b939, org.springframework.security.web.savedrequest.RequestCacheAwareFilter@11def039, org.springframework.security.web.servletapi.SecurityContextHolderAwareRequestFilter@564375d7, org.springframework.security.web.authentication.AnonymousAuthenticationFilter@c4aa99e, org.springframework.security.web.session.SessionManagementFilter@69af6978, org.springframework.security.web.access.ExceptionTranslationFilter@4469046b, org.springframework.security.web.access.intercept.AuthorizationFilter@588d2e90]]]]] or target class [null] with arguments {org.springframework.mock.web.MockHttpServletRequest@f33b8fc}
2023-11-28T22:11:58.314-05:00 DEBUG 27472 --- [           main] o.s.test.util.ReflectionTestUtils        : Invoking method 'getFilters' on target object [FilterChainProxy[Filter Chains: [DefaultSecurityFilterChain [RequestMatcher=any request, Filters=[org.springframework.security.web.session.DisableEncodeUrlFilter@120e3ebb, org.springframework.security.web.session.ForceEagerSessionCreationFilter@753f1c3e, org.springframework.security.web.context.request.async.WebAsyncManagerIntegrationFilter@5e9af5d4, org.springframework.security.web.context.SecurityContextHolderFilter@1d18e5ad, org.springframework.security.web.header.HeaderWriterFilter@73b68d98, org.springframework.web.filter.CorsFilter@7863e6b2, org.springframework.security.web.authentication.logout.LogoutFilter@1e5a8278, JWTAuthorizationFilter(loginService=com.cash_flow_app.apicashflow.entities_repositories_and_services.base.security.LoginService@508b9c16), com.cash_flow_app.apicashflow.entities_repositories_and_services.base.security.JWTAuthenticationFilter@6fd2b939, org.springframework.security.web.savedrequest.RequestCacheAwareFilter@11def039, org.springframework.security.web.servletapi.SecurityContextHolderAwareRequestFilter@564375d7, org.springframework.security.web.authentication.AnonymousAuthenticationFilter@c4aa99e, org.springframework.security.web.session.SessionManagementFilter@69af6978, org.springframework.security.web.access.ExceptionTranslationFilter@4469046b, org.springframework.security.web.access.intercept.AuthorizationFilter@588d2e90]]]]] or target class [null] with arguments {org.springframework.mock.web.MockHttpServletRequest@f33b8fc}
2023-11-28T22:11:58.314-05:00 DEBUG 27472 --- [           main] o.s.security.web.FilterChainProxy        : Securing POST /api/v1/income_expense/create
2023-11-28T22:11:58.314-05:00 DEBUG 27472 --- [           main] .s.s.w.s.ForceEagerSessionCreationFilter : Created session eagerly
2023-11-28T22:11:58.315-05:00 DEBUG 27472 --- [           main] org.hibernate.orm.sql.ast.create         : Created new SQL alias : u1_0
2023-11-28T22:11:58.315-05:00 DEBUG 27472 --- [           main] org.hibernate.orm.sql.ast.create         : Registration of TableGroup [StandardTableGroup(com.cash_flow_app.apicashflow.entities_repositories_and_services.base.user.User(35202153502500))] with identifierForTableGroup [com.cash_flow_app.apicashflow.entities_repositories_and_services.base.user.User] for NavigablePath [com.cash_flow_app.apicashflow.entities_repositories_and_services.base.user.User] 
2023-11-28T22:11:58.315-05:00 DEBUG 27472 --- [           main] o.h.q.sqm.sql.BaseSqmToSqlAstConverter   : Determining mapping-model type for SqmParameter : org.hibernate.query.sqm.tree.expression.SqmJpaCriteriaParameterWrapper@49efc5ba
2023-11-28T22:11:58.315-05:00 DEBUG 27472 --- [           main] o.h.q.sqm.sql.BaseSqmToSqlAstConverter   : Determining mapping-model type for SqmPath : SqmBasicValuedSimplePath(com.cash_flow_app.apicashflow.entities_repositories_and_services.base.user.User(35202153502500).username) 
2023-11-28T22:11:58.315-05:00 DEBUG 27472 --- [           main] org.hibernate.orm.results.graph.AST      : DomainResult Graph:
 \-EntityResultImpl [com.cash_flow_app.apicashflow.entities_repositories_and_services.base.user.User(35202153502500)]
 |  +-SelectEagerCollectionFetch [com.cash_flow_app.apicashflow.entities_repositories_and_services.base.user.User(35202153502500).accounts]
 |  +-SelectEagerCollectionFetch [com.cash_flow_app.apicashflow.entities_repositories_and_services.base.user.User(35202153502500).authorities]
 |  +-BasicFetch [com.cash_flow_app.apicashflow.entities_repositories_and_services.base.user.User(35202153502500).password]
 |  \-BasicFetch [com.cash_flow_app.apicashflow.entities_repositories_and_services.base.user.User(35202153502500).username]

2023-11-28T22:11:58.315-05:00 DEBUG 27472 --- [           main] org.hibernate.orm.sql.ast.tree           : SQL AST Tree:
    SelectStatement {
      FromClause {
        StandardTableGroup (u1 : com.cash_flow_app.apicashflow.entities_repositories_and_services.base.user.User(35202153502500)) {
          primaryTableReference : users as u1_0
        }
      }
    }

2023-11-28T22:11:58.315-05:00 DEBUG 27472 --- [           main] o.h.e.i.AbstractFlushingEventListener    : Processing flush-time cascades
2023-11-28T22:11:58.315-05:00 DEBUG 27472 --- [           main] o.h.e.i.AbstractFlushingEventListener    : Dirty checking collections
2023-11-28T22:11:58.315-05:00 DEBUG 27472 --- [           main] o.hibernate.engine.internal.Collections  : Collection found: [com.cash_flow_app.apicashflow.entities_repositories_and_services.base.user.User.accounts#acb86be0-dc3e-475a-a21d-762ea39ada72], was: [<unreferenced>] (initialized)
2023-11-28T22:11:58.315-05:00 DEBUG 27472 --- [           main] o.hibernate.engine.internal.Collections  : Collection found: [com.cash_flow_app.apicashflow.entities_repositories_and_services.base.user.User.authorities#acb86be0-dc3e-475a-a21d-762ea39ada72], was: [com.cash_flow_app.apicashflow.entities_repositories_and_services.base.user.User.authorities#acb86be0-dc3e-475a-a21d-762ea39ada72] (initialized)
2023-11-28T22:11:58.315-05:00 DEBUG 27472 --- [           main] o.hibernate.engine.internal.Collections  : Collection found: [com.cash_flow_app.apicashflow.entities_repositories_and_services.base.account.Account.users#760aa2e6-e2e7-4c46-b9d8-f688bc1cab6e], was: [<unreferenced>] (initialized)
2023-11-28T22:11:58.315-05:00 DEBUG 27472 --- [           main] o.hibernate.engine.internal.Collections  : Collection dereferenced: [com.cash_flow_app.apicashflow.entities_repositories_and_services.base.user.User.accounts#acb86be0-dc3e-475a-a21d-762ea39ada72]
2023-11-28T22:11:58.315-05:00 DEBUG 27472 --- [           main] o.h.e.i.AbstractFlushingEventListener    : Flushed: 1 insertions, 1 updates, 0 deletions to 10 objects
2023-11-28T22:11:58.315-05:00 DEBUG 27472 --- [           main] o.h.e.i.AbstractFlushingEventListener    : Flushed: 2 (re)creations, 0 updates, 1 removals to 4 collections
2023-11-28T22:11:58.315-05:00 DEBUG 27472 --- [           main] o.hibernate.internal.util.EntityPrinter  : Listing entities:
2023-11-28T22:11:58.315-05:00 DEBUG 27472 --- [           main] o.hibernate.internal.util.EntityPrinter  : com.cash_flow_app.apicashflow.entities_repositories_and_services.base.authority.Authority{endpoint=User, permission=CREATE, id=f4f135be-a2b5-48d1-a9d0-2b14e82cc373}
2023-11-28T22:11:58.315-05:00 DEBUG 27472 --- [           main] o.hibernate.internal.util.EntityPrinter  : com.cash_flow_app.apicashflow.entities_repositories_and_services.base.authority.Authority{endpoint=User, permission=READ, id=35481739-2447-454f-8ec3-daf467bb2ae5}
2023-11-28T22:11:58.315-05:00 DEBUG 27472 --- [           main] o.hibernate.internal.util.EntityPrinter  : com.cash_flow_app.apicashflow.entities_repositories_and_services.base.authority.Authority{endpoint=IncomeExpense, permission=CREATE, id=4de61a19-9cab-469d-856c-169a503a3f70}
2023-11-28T22:11:58.315-05:00 DEBUG 27472 --- [           main] o.hibernate.internal.util.EntityPrinter  : com.cash_flow_app.apicashflow.entities_repositories_and_services.base.authority.Authority{endpoint=Account, permission=DELETE, id=363894b3-8bdc-4764-ad13-d91f872e1a95}
2023-11-28T22:11:58.315-05:00 DEBUG 27472 --- [           main] o.hibernate.internal.util.EntityPrinter  : com.cash_flow_app.apicashflow.entities_repositories_and_services.base.authority.Authority{endpoint=IncomeExpense, permission=DELETE, id=51c645c0-dc8a-45f9-88d1-533e63701dbe}
2023-11-28T22:11:58.315-05:00 DEBUG 27472 --- [           main] o.hibernate.internal.util.EntityPrinter  : com.cash_flow_app.apicashflow.entities_repositories_and_services.base.authority.Authority{endpoint=Account, permission=CREATE, id=9aaf7d40-45f6-4ab6-90a9-a23f4c1b5f2f}
2023-11-28T22:11:58.315-05:00 DEBUG 27472 --- [           main] o.hibernate.internal.util.EntityPrinter  : com.cash_flow_app.apicashflow.entities_repositories_and_services.base.authority.Authority{endpoint=Account, permission=READ, id=b14a62f4-d04f-422a-a2a3-1f80e2635352}
2023-11-28T22:11:58.315-05:00 DEBUG 27472 --- [           main] o.hibernate.internal.util.EntityPrinter  : com.cash_flow_app.apicashflow.entities_repositories_and_services.base.authority.Authority{endpoint=IncomeExpense, permission=READ, id=af9e383e-4459-4719-802e-94a22944b4b7}
2023-11-28T22:11:58.315-05:00 DEBUG 27472 --- [           main] o.hibernate.internal.util.EntityPrinter  : com.cash_flow_app.apicashflow.entities_repositories_and_services.base.account.Account{incomes_expenses=null, description=descripcion de cuenta, id=760aa2e6-e2e7-4c46-b9d8-f688bc1cab6e, users=[com.cash_flow_app.apicashflow.entities_repositories_and_services.base.user.User#acb86be0-dc3e-475a-a21d-762ea39ada72, com.cash_flow_app.apicashflow.entities_repositories_and_services.base.user.User#acb86be0-dc3e-475a-a21d-762ea39ada72]}
2023-11-28T22:11:58.315-05:00 DEBUG 27472 --- [           main] o.hibernate.internal.util.EntityPrinter  : com.cash_flow_app.apicashflow.entities_repositories_and_services.base.user.User{password=$2a$10$vqHH/zJKeQGlDoh33SxxDOxRj5AoOBOlELuj65vOctKtSZWh0okqq, id=acb86be0-dc3e-475a-a21d-762ea39ada72, accounts=[com.cash_flow_app.apicashflow.entities_repositories_and_services.base.account.Account#760aa2e6-e2e7-4c46-b9d8-f688bc1cab6e, com.cash_flow_app.apicashflow.entities_repositories_and_services.base.account.Account#760aa2e6-e2e7-4c46-b9d8-f688bc1cab6e], authorities=[com.cash_flow_app.apicashflow.entities_repositories_and_services.base.authority.Authority#9aaf7d40-45f6-4ab6-90a9-a23f4c1b5f2f, com.cash_flow_app.apicashflow.entities_repositories_and_services.base.authority.Authority#b14a62f4-d04f-422a-a2a3-1f80e2635352, com.cash_flow_app.apicashflow.entities_repositories_and_services.base.authority.Authority#363894b3-8bdc-4764-ad13-d91f872e1a95, com.cash_flow_app.apicashflow.entities_repositories_and_services.base.authority.Authority#f4f135be-a2b5-48d1-a9d0-2b14e82cc373, com.cash_flow_app.apicashflow.entities_repositories_and_services.base.authority.Authority#35481739-2447-454f-8ec3-daf467bb2ae5, com.cash_flow_app.apicashflow.entities_repositories_and_services.base.authority.Authority#4de61a19-9cab-469d-856c-169a503a3f70, com.cash_flow_app.apicashflow.entities_repositories_and_services.base.authority.Authority#af9e383e-4459-4719-802e-94a22944b4b7, com.cash_flow_app.apicashflow.entities_repositories_and_services.base.authority.Authority#51c645c0-dc8a-45f9-88d1-533e63701dbe], username=usuario_test}
2023-11-28T22:11:58.315-05:00 DEBUG 27472 --- [           main] org.hibernate.engine.spi.ActionQueue     : Changes must be flushed to space: users
2023-11-28T22:11:58.315-05:00 DEBUG 27472 --- [           main] org.hibernate.SQL                        : 
    insert 
    into
        accounts
        (description, id) 
    values
        (?, ?)
2023-11-28T22:11:58.317-05:00 DEBUG 27472 --- [           main] o.h.p.c.AbstractCollectionPersister      : Inserting collection: [com.cash_flow_app.apicashflow.entities_repositories_and_services.base.user.User.accounts#acb86be0-dc3e-475a-a21d-762ea39ada72]
2023-11-28T22:11:58.317-05:00 DEBUG 27472 --- [           main] org.hibernate.SQL                        : 
    insert 
    into
        user_account
        (user_id, account_id) 
    values
        (?, ?)
2023-11-28T22:11:58.317-05:00 DEBUG 27472 --- [           main] org.hibernate.SQL                        : 
    insert 
    into
        user_account
        (user_id, account_id) 
    values
        (?, ?)
2023-11-28T22:11:58.317-05:00 DEBUG 27472 --- [           main] o.h.engine.jdbc.spi.SqlExceptionHelper   : could not execute statement [n/a]

org.postgresql.util.PSQLException: ERROR: duplicate key value violates unique constraint "user_account_pkey"
  Detail: Key (user_id, account_id)=(acb86be0-dc3e-475a-a21d-762ea39ada72, 760aa2e6-e2e7-4c46-b9d8-f688bc1cab6e) already exists.
	at org.postgresql.core.v3.QueryExecutorImpl.receiveErrorResponse(QueryExecutorImpl.java:2676) ~[postgresql-42.5.4.jar:42.5.4]
	at org.postgresql.core.v3.QueryExecutorImpl.processResults(QueryExecutorImpl.java:2366) ~[postgresql-42.5.4.jar:42.5.4]
	at org.postgresql.core.v3.QueryExecutorImpl.execute(QueryExecutorImpl.java:356) ~[postgresql-42.5.4.jar:42.5.4]
	at org.postgresql.jdbc.PgStatement.executeInternal(PgStatement.java:496) ~[postgresql-42.5.4.jar:42.5.4]
	at org.postgresql.jdbc.PgStatement.execute(PgStatement.java:413) ~[postgresql-42.5.4.jar:42.5.4]
	at org.postgresql.jdbc.PgPreparedStatement.executeWithFlags(PgPreparedStatement.java:190) ~[postgresql-42.5.4.jar:42.5.4]
	at org.postgresql.jdbc.PgPreparedStatement.executeUpdate(PgPreparedStatement.java:152) ~[postgresql-42.5.4.jar:42.5.4]
	at com.zaxxer.hikari.pool.ProxyPreparedStatement.executeUpdate(ProxyPreparedStatement.java:61) ~[HikariCP-5.0.1.jar:na]
	at com.zaxxer.hikari.pool.HikariProxyPreparedStatement.executeUpdate(HikariProxyPreparedStatement.java) ~[HikariCP-5.0.1.jar:na]
	at org.hibernate.engine.jdbc.internal.ResultSetReturnImpl.executeUpdate(ResultSetReturnImpl.java:197) ~[hibernate-core-6.1.7.Final.jar:6.1.7.Final]
	at org.hibernate.engine.jdbc.batch.internal.NonBatchingBatch.addToBatch(NonBatchingBatch.java:39) ~[hibernate-core-6.1.7.Final.jar:6.1.7.Final]
	at org.hibernate.persister.collection.AbstractCollectionPersister.recreate(AbstractCollectionPersister.java:1478) ~[hibernate-core-6.1.7.Final.jar:6.1.7.Final]
	at org.hibernate.action.internal.CollectionRecreateAction.execute(CollectionRecreateAction.java:47) ~[hibernate-core-6.1.7.Final.jar:6.1.7.Final]
	at org.hibernate.engine.spi.ActionQueue.executeActions(ActionQueue.java:612) ~[hibernate-core-6.1.7.Final.jar:6.1.7.Final]
	at org.hibernate.engine.spi.ActionQueue.lambda$executeActions$1(ActionQueue.java:483) ~[hibernate-core-6.1.7.Final.jar:6.1.7.Final]
	at java.base/java.util.LinkedHashMap.forEach(LinkedHashMap.java:729) ~[na:na]
	at org.hibernate.engine.spi.ActionQueue.executeActions(ActionQueue.java:480) ~[hibernate-core-6.1.7.Final.jar:6.1.7.Final]
	at org.hibernate.event.internal.AbstractFlushingEventListener.performExecutions(AbstractFlushingEventListener.java:329) ~[hibernate-core-6.1.7.Final.jar:6.1.7.Final]
	at org.hibernate.event.internal.DefaultAutoFlushEventListener.onAutoFlush(DefaultAutoFlushEventListener.java:55) ~[hibernate-core-6.1.7.Final.jar:6.1.7.Final]
	at org.hibernate.event.service.internal.EventListenerGroupImpl.fireEventOnEachListener(EventListenerGroupImpl.java:107) ~[hibernate-core-6.1.7.Final.jar:6.1.7.Final]
	at org.hibernate.internal.SessionImpl.autoFlushIfRequired(SessionImpl.java:1388) ~[hibernate-core-6.1.7.Final.jar:6.1.7.Final]
	at org.hibernate.query.sqm.internal.ConcreteSqmSelectQueryPlan.lambda$new$0(ConcreteSqmSelectQueryPlan.java:111) ~[hibernate-core-6.1.7.Final.jar:6.1.7.Final]
	at org.hibernate.query.sqm.internal.ConcreteSqmSelectQueryPlan.withCacheableSqmInterpretation(ConcreteSqmSelectQueryPlan.java:335) ~[hibernate-core-6.1.7.Final.jar:6.1.7.Final]
	at org.hibernate.query.sqm.internal.ConcreteSqmSelectQueryPlan.performList(ConcreteSqmSelectQueryPlan.java:276) ~[hibernate-core-6.1.7.Final.jar:6.1.7.Final]
	at org.hibernate.query.sqm.internal.QuerySqmImpl.doList(QuerySqmImpl.java:571) ~[hibernate-core-6.1.7.Final.jar:6.1.7.Final]
	at org.hibernate.query.spi.AbstractSelectionQuery.list(AbstractSelectionQuery.java:363) ~[hibernate-core-6.1.7.Final.jar:6.1.7.Final]
	at org.hibernate.query.sqm.internal.QuerySqmImpl.list(QuerySqmImpl.java:1073) ~[hibernate-core-6.1.7.Final.jar:6.1.7.Final]
	at org.hibernate.query.spi.AbstractSelectionQuery.getSingleResult(AbstractSelectionQuery.java:457) ~[hibernate-core-6.1.7.Final.jar:6.1.7.Final]
	at org.hibernate.query.sqm.internal.QuerySqmImpl.getSingleResult(QuerySqmImpl.java:1103) ~[hibernate-core-6.1.7.Final.jar:6.1.7.Final]
	at org.springframework.data.jpa.repository.query.JpaQueryExecution$SingleEntityExecution.doExecute(JpaQueryExecution.java:193) ~[spring-data-jpa-3.0.5.jar:3.0.5]
	at org.springframework.data.jpa.repository.query.JpaQueryExecution.execute(JpaQueryExecution.java:90) ~[spring-data-jpa-3.0.5.jar:3.0.5]
	at org.springframework.data.jpa.repository.query.AbstractJpaQuery.doExecute(AbstractJpaQuery.java:148) ~[spring-data-jpa-3.0.5.jar:3.0.5]
	at org.springframework.data.jpa.repository.query.AbstractJpaQuery.execute(AbstractJpaQuery.java:136) ~[spring-data-jpa-3.0.5.jar:3.0.5]
	at org.springframework.data.repository.core.support.RepositoryMethodInvoker.doInvoke(RepositoryMethodInvoker.java:136) ~[spring-data-commons-3.0.5.jar:3.0.5]
	at org.springframework.data.repository.core.support.RepositoryMethodInvoker.invoke(RepositoryMethodInvoker.java:120) ~[spring-data-commons-3.0.5.jar:3.0.5]
	at org.springframework.data.repository.core.support.QueryExecutorMethodInterceptor.doInvoke(QueryExecutorMethodInterceptor.java:164) ~[spring-data-commons-3.0.5.jar:3.0.5]
	at org.springframework.data.repository.core.support.QueryExecutorMethodInterceptor.invoke(QueryExecutorMethodInterceptor.java:143) ~[spring-data-commons-3.0.5.jar:3.0.5]
	at org.springframework.aop.framework.ReflectiveMethodInvocation.proceed(ReflectiveMethodInvocation.java:184) ~[spring-aop-6.0.8.jar:6.0.8]
	at org.springframework.data.projection.DefaultMethodInvokingMethodInterceptor.invoke(DefaultMethodInvokingMethodInterceptor.java:77) ~[spring-data-commons-3.0.5.jar:3.0.5]
	at org.springframework.aop.framework.ReflectiveMethodInvocation.proceed(ReflectiveMethodInvocation.java:184) ~[spring-aop-6.0.8.jar:6.0.8]
	at org.springframework.transaction.interceptor.TransactionInterceptor$1.proceedWithInvocation(TransactionInterceptor.java:123) ~[spring-tx-6.0.8.jar:6.0.8]
	at org.springframework.transaction.interceptor.TransactionAspectSupport.invokeWithinTransaction(TransactionAspectSupport.java:391) ~[spring-tx-6.0.8.jar:6.0.8]
	at org.springframework.transaction.interceptor.TransactionInterceptor.invoke(TransactionInterceptor.java:119) ~[spring-tx-6.0.8.jar:6.0.8]
	at org.springframework.aop.framework.ReflectiveMethodInvocation.proceed(ReflectiveMethodInvocation.java:184) ~[spring-aop-6.0.8.jar:6.0.8]
	at org.springframework.dao.support.PersistenceExceptionTranslationInterceptor.invoke(PersistenceExceptionTranslationInterceptor.java:137) ~[spring-tx-6.0.8.jar:6.0.8]
	at org.springframework.aop.framework.ReflectiveMethodInvocation.proceed(ReflectiveMethodInvocation.java:184) ~[spring-aop-6.0.8.jar:6.0.8]
	at org.springframework.data.jpa.repository.support.CrudMethodMetadataPostProcessor$CrudMethodMetadataPopulatingMethodInterceptor.invoke(CrudMethodMetadataPostProcessor.java:134) ~[spring-data-jpa-3.0.5.jar:3.0.5]
	at org.springframework.aop.framework.ReflectiveMethodInvocation.proceed(ReflectiveMethodInvocation.java:184) ~[spring-aop-6.0.8.jar:6.0.8]
	at org.springframework.aop.interceptor.ExposeInvocationInterceptor.invoke(ExposeInvocationInterceptor.java:97) ~[spring-aop-6.0.8.jar:6.0.8]
	at org.springframework.aop.framework.ReflectiveMethodInvocation.proceed(ReflectiveMethodInvocation.java:184) ~[spring-aop-6.0.8.jar:6.0.8]
	at org.springframework.aop.framework.JdkDynamicAopProxy.invoke(JdkDynamicAopProxy.java:223) ~[spring-aop-6.0.8.jar:6.0.8]
	at jdk.proxy2/jdk.proxy2.$Proxy148.findByUsername(Unknown Source) ~[na:na]
	at com.cash_flow_app.apicashflow.entities_repositories_and_services.base.user.UserService.findByUsername(UserService.java:56) ~[classes/:na]
	at com.cash_flow_app.apicashflow.entities_repositories_and_services.base.security.LoginService.loadUserByUsername(LoginService.java:18) ~[classes/:na]
	at com.cash_flow_app.apicashflow.utils.TokenUtils.getAuthentication(TokenUtils.java:40) ~[classes/:na]
	at com.cash_flow_app.apicashflow.entities_repositories_and_services.base.security.JWTAuthorizationFilter.doFilterInternal(JWTAuthorizationFilter.java:27) ~[classes/:na]
	at org.springframework.web.filter.OncePerRequestFilter.doFilter(OncePerRequestFilter.java:116) ~[spring-web-6.0.8.jar:6.0.8]
	at org.springframework.security.web.ObservationFilterChainDecorator$ObservationFilter.wrapFilter(ObservationFilterChainDecorator.java:185) ~[spring-security-web-6.0.3.jar:6.0.3]
	at org.springframework.security.web.ObservationFilterChainDecorator$ObservationFilter.doFilter(ObservationFilterChainDecorator.java:172) ~[spring-security-web-6.0.3.jar:6.0.3]
	at org.springframework.security.web.ObservationFilterChainDecorator$VirtualFilterChain.doFilter(ObservationFilterChainDecorator.java:133) ~[spring-security-web-6.0.3.jar:6.0.3]
	at org.springframework.security.web.authentication.logout.LogoutFilter.doFilter(LogoutFilter.java:107) ~[spring-security-web-6.0.3.jar:6.0.3]
	at org.springframework.security.web.authentication.logout.LogoutFilter.doFilter(LogoutFilter.java:93) ~[spring-security-web-6.0.3.jar:6.0.3]
	at org.springframework.security.web.ObservationFilterChainDecorator$ObservationFilter.wrapFilter(ObservationFilterChainDecorator.java:185) ~[spring-security-web-6.0.3.jar:6.0.3]
	at org.springframework.security.web.ObservationFilterChainDecorator$ObservationFilter.doFilter(ObservationFilterChainDecorator.java:172) ~[spring-security-web-6.0.3.jar:6.0.3]
	at org.springframework.security.web.ObservationFilterChainDecorator$VirtualFilterChain.doFilter(ObservationFilterChainDecorator.java:133) ~[spring-security-web-6.0.3.jar:6.0.3]
	at org.springframework.web.filter.CorsFilter.doFilterInternal(CorsFilter.java:91) ~[spring-web-6.0.8.jar:6.0.8]
	at org.springframework.web.filter.OncePerRequestFilter.doFilter(OncePerRequestFilter.java:116) ~[spring-web-6.0.8.jar:6.0.8]
	at org.springframework.security.web.ObservationFilterChainDecorator$ObservationFilter.wrapFilter(ObservationFilterChainDecorator.java:185) ~[spring-security-web-6.0.3.jar:6.0.3]
	at org.springframework.security.web.ObservationFilterChainDecorator$ObservationFilter.doFilter(ObservationFilterChainDecorator.java:172) ~[spring-security-web-6.0.3.jar:6.0.3]
	at org.springframework.security.web.ObservationFilterChainDecorator$VirtualFilterChain.doFilter(ObservationFilterChainDecorator.java:133) ~[spring-security-web-6.0.3.jar:6.0.3]
	at org.springframework.security.web.header.HeaderWriterFilter.doHeadersAfter(HeaderWriterFilter.java:90) ~[spring-security-web-6.0.3.jar:6.0.3]
	at org.springframework.security.web.header.HeaderWriterFilter.doFilterInternal(HeaderWriterFilter.java:75) ~[spring-security-web-6.0.3.jar:6.0.3]
	at org.springframework.web.filter.OncePerRequestFilter.doFilter(OncePerRequestFilter.java:116) ~[spring-web-6.0.8.jar:6.0.8]
	at org.springframework.security.web.ObservationFilterChainDecorator$ObservationFilter.wrapFilter(ObservationFilterChainDecorator.java:185) ~[spring-security-web-6.0.3.jar:6.0.3]
	at org.springframework.security.web.ObservationFilterChainDecorator$ObservationFilter.doFilter(ObservationFilterChainDecorator.java:172) ~[spring-security-web-6.0.3.jar:6.0.3]
	at org.springframework.security.web.ObservationFilterChainDecorator$VirtualFilterChain.doFilter(ObservationFilterChainDecorator.java:133) ~[spring-security-web-6.0.3.jar:6.0.3]
	at org.springframework.security.web.context.SecurityContextHolderFilter.doFilter(SecurityContextHolderFilter.java:82) ~[spring-security-web-6.0.3.jar:6.0.3]
	at org.springframework.security.web.context.SecurityContextHolderFilter.doFilter(SecurityContextHolderFilter.java:69) ~[spring-security-web-6.0.3.jar:6.0.3]
	at org.springframework.security.web.ObservationFilterChainDecorator$ObservationFilter.wrapFilter(ObservationFilterChainDecorator.java:185) ~[spring-security-web-6.0.3.jar:6.0.3]
	at org.springframework.security.web.ObservationFilterChainDecorator$ObservationFilter.doFilter(ObservationFilterChainDecorator.java:172) ~[spring-security-web-6.0.3.jar:6.0.3]
	at org.springframework.security.web.ObservationFilterChainDecorator$VirtualFilterChain.doFilter(ObservationFilterChainDecorator.java:133) ~[spring-security-web-6.0.3.jar:6.0.3]
	at org.springframework.security.web.context.request.async.WebAsyncManagerIntegrationFilter.doFilterInternal(WebAsyncManagerIntegrationFilter.java:62) ~[spring-security-web-6.0.3.jar:6.0.3]
	at org.springframework.web.filter.OncePerRequestFilter.doFilter(OncePerRequestFilter.java:116) ~[spring-web-6.0.8.jar:6.0.8]
	at org.springframework.security.web.ObservationFilterChainDecorator$ObservationFilter.wrapFilter(ObservationFilterChainDecorator.java:185) ~[spring-security-web-6.0.3.jar:6.0.3]
	at org.springframework.security.web.ObservationFilterChainDecorator$ObservationFilter.doFilter(ObservationFilterChainDecorator.java:172) ~[spring-security-web-6.0.3.jar:6.0.3]
	at org.springframework.security.web.ObservationFilterChainDecorator$VirtualFilterChain.doFilter(ObservationFilterChainDecorator.java:133) ~[spring-security-web-6.0.3.jar:6.0.3]
	at org.springframework.security.web.session.ForceEagerSessionCreationFilter.doFilterInternal(ForceEagerSessionCreationFilter.java:45) ~[spring-security-web-6.0.3.jar:6.0.3]
	at org.springframework.web.filter.OncePerRequestFilter.doFilter(OncePerRequestFilter.java:116) ~[spring-web-6.0.8.jar:6.0.8]
	at org.springframework.security.web.ObservationFilterChainDecorator$ObservationFilter.wrapFilter(ObservationFilterChainDecorator.java:185) ~[spring-security-web-6.0.3.jar:6.0.3]
	at org.springframework.security.web.ObservationFilterChainDecorator$ObservationFilter.doFilter(ObservationFilterChainDecorator.java:172) ~[spring-security-web-6.0.3.jar:6.0.3]
	at org.springframework.security.web.ObservationFilterChainDecorator$VirtualFilterChain.doFilter(ObservationFilterChainDecorator.java:133) ~[spring-security-web-6.0.3.jar:6.0.3]
	at org.springframework.security.web.session.DisableEncodeUrlFilter.doFilterInternal(DisableEncodeUrlFilter.java:42) ~[spring-security-web-6.0.3.jar:6.0.3]
	at org.springframework.web.filter.OncePerRequestFilter.doFilter(OncePerRequestFilter.java:116) ~[spring-web-6.0.8.jar:6.0.8]
	at org.springframework.security.web.ObservationFilterChainDecorator$ObservationFilter.wrapFilter(ObservationFilterChainDecorator.java:185) ~[spring-security-web-6.0.3.jar:6.0.3]
	at org.springframework.security.web.ObservationFilterChainDecorator$AroundFilterObservation$SimpleAroundFilterObservation.lambda$wrap$0(ObservationFilterChainDecorator.java:268) ~[spring-security-web-6.0.3.jar:6.0.3]
	at org.springframework.security.web.ObservationFilterChainDecorator$ObservationFilter.doFilter(ObservationFilterChainDecorator.java:169) ~[spring-security-web-6.0.3.jar:6.0.3]
	at org.springframework.security.web.ObservationFilterChainDecorator$VirtualFilterChain.doFilter(ObservationFilterChainDecorator.java:133) ~[spring-security-web-6.0.3.jar:6.0.3]
	at org.springframework.security.web.FilterChainProxy.doFilterInternal(FilterChainProxy.java:233) ~[spring-security-web-6.0.3.jar:6.0.3]
	at org.springframework.security.web.FilterChainProxy.doFilter(FilterChainProxy.java:191) ~[spring-security-web-6.0.3.jar:6.0.3]
	at org.springframework.web.filter.DelegatingFilterProxy.invokeDelegate(DelegatingFilterProxy.java:352) ~[spring-web-6.0.8.jar:6.0.8]
	at org.springframework.web.filter.DelegatingFilterProxy.doFilter(DelegatingFilterProxy.java:268) ~[spring-web-6.0.8.jar:6.0.8]
	at org.springframework.mock.web.MockFilterChain.doFilter(MockFilterChain.java:132) ~[spring-test-6.0.8.jar:6.0.8]
	at org.springframework.web.filter.RequestContextFilter.doFilterInternal(RequestContextFilter.java:100) ~[spring-web-6.0.8.jar:6.0.8]
	at org.springframework.web.filter.OncePerRequestFilter.doFilter(OncePerRequestFilter.java:116) ~[spring-web-6.0.8.jar:6.0.8]
	at org.springframework.mock.web.MockFilterChain.doFilter(MockFilterChain.java:132) ~[spring-test-6.0.8.jar:6.0.8]
	at org.springframework.web.filter.FormContentFilter.doFilterInternal(FormContentFilter.java:93) ~[spring-web-6.0.8.jar:6.0.8]
	at org.springframework.web.filter.OncePerRequestFilter.doFilter(OncePerRequestFilter.java:116) ~[spring-web-6.0.8.jar:6.0.8]
	at org.springframework.mock.web.MockFilterChain.doFilter(MockFilterChain.java:132) ~[spring-test-6.0.8.jar:6.0.8]
	at org.springframework.web.filter.ServerHttpObservationFilter.doFilterInternal(ServerHttpObservationFilter.java:109) ~[spring-web-6.0.8.jar:6.0.8]
	at org.springframework.web.filter.OncePerRequestFilter.doFilter(OncePerRequestFilter.java:116) ~[spring-web-6.0.8.jar:6.0.8]
	at org.springframework.mock.web.MockFilterChain.doFilter(MockFilterChain.java:132) ~[spring-test-6.0.8.jar:6.0.8]
	at org.springframework.web.filter.CharacterEncodingFilter.doFilterInternal(CharacterEncodingFilter.java:201) ~[spring-web-6.0.8.jar:6.0.8]
	at org.springframework.web.filter.OncePerRequestFilter.doFilter(OncePerRequestFilter.java:116) ~[spring-web-6.0.8.jar:6.0.8]
	at org.springframework.mock.web.MockFilterChain.doFilter(MockFilterChain.java:132) ~[spring-test-6.0.8.jar:6.0.8]
	at org.springframework.test.web.servlet.MockMvc.perform(MockMvc.java:201) ~[spring-test-6.0.8.jar:6.0.8]
	at com.cash_flow_app.apicashflow.controller.IncomeExpenseControllerTest.createIncomeExpenseResult(IncomeExpenseControllerTest.java:250) ~[test-classes/:na]
	at com.cash_flow_app.apicashflow.controller.IncomeExpenseControllerTest.getIncomeExpense(IncomeExpenseControllerTest.java:149) ~[test-classes/:na]
	at java.base/jdk.internal.reflect.DirectMethodHandleAccessor.invoke(DirectMethodHandleAccessor.java:104) ~[na:na]
	at java.base/java.lang.reflect.Method.invoke(Method.java:578) ~[na:na]
	at org.junit.platform.commons.util.ReflectionUtils.invokeMethod(ReflectionUtils.java:727) ~[junit-platform-commons-1.9.2.jar:1.9.2]
	at org.junit.jupiter.engine.execution.MethodInvocation.proceed(MethodInvocation.java:60) ~[junit-jupiter-engine-5.9.2.jar:5.9.2]
	at org.junit.jupiter.engine.execution.InvocationInterceptorChain$ValidatingInvocation.proceed(InvocationInterceptorChain.java:131) ~[junit-jupiter-engine-5.9.2.jar:5.9.2]
	at org.junit.jupiter.engine.extension.TimeoutExtension.intercept(TimeoutExtension.java:156) ~[junit-jupiter-engine-5.9.2.jar:5.9.2]
	at org.junit.jupiter.engine.extension.TimeoutExtension.interceptTestableMethod(TimeoutExtension.java:147) ~[junit-jupiter-engine-5.9.2.jar:5.9.2]
	at org.junit.jupiter.engine.extension.TimeoutExtension.interceptTestMethod(TimeoutExtension.java:86) ~[junit-jupiter-engine-5.9.2.jar:5.9.2]
	at org.junit.jupiter.engine.execution.InterceptingExecutableInvoker$ReflectiveInterceptorCall.lambda$ofVoidMethod$0(InterceptingExecutableInvoker.java:103) ~[junit-jupiter-engine-5.9.2.jar:5.9.2]
	at org.junit.jupiter.engine.execution.InterceptingExecutableInvoker.lambda$invoke$0(InterceptingExecutableInvoker.java:93) ~[junit-jupiter-engine-5.9.2.jar:5.9.2]
	at org.junit.jupiter.engine.execution.InvocationInterceptorChain$InterceptedInvocation.proceed(InvocationInterceptorChain.java:106) ~[junit-jupiter-engine-5.9.2.jar:5.9.2]
	at org.junit.jupiter.engine.execution.InvocationInterceptorChain.proceed(InvocationInterceptorChain.java:64) ~[junit-jupiter-engine-5.9.2.jar:5.9.2]
	at org.junit.jupiter.engine.execution.InvocationInterceptorChain.chainAndInvoke(InvocationInterceptorChain.java:45) ~[junit-jupiter-engine-5.9.2.jar:5.9.2]
	at org.junit.jupiter.engine.execution.InvocationInterceptorChain.invoke(InvocationInterceptorChain.java:37) ~[junit-jupiter-engine-5.9.2.jar:5.9.2]
	at org.junit.jupiter.engine.execution.InterceptingExecutableInvoker.invoke(InterceptingExecutableInvoker.java:92) ~[junit-jupiter-engine-5.9.2.jar:5.9.2]
	at org.junit.jupiter.engine.execution.InterceptingExecutableInvoker.invoke(InterceptingExecutableInvoker.java:86) ~[junit-jupiter-engine-5.9.2.jar:5.9.2]
	at org.junit.jupiter.engine.descriptor.TestMethodTestDescriptor.lambda$invokeTestMethod$7(TestMethodTestDescriptor.java:217) ~[junit-jupiter-engine-5.9.2.jar:5.9.2]
	at org.junit.platform.engine.support.hierarchical.ThrowableCollector.execute(ThrowableCollector.java:73) ~[junit-platform-engine-1.9.2.jar:1.9.2]
	at org.junit.jupiter.engine.descriptor.TestMethodTestDescriptor.invokeTestMethod(TestMethodTestDescriptor.java:213) ~[junit-jupiter-engine-5.9.2.jar:5.9.2]
	at org.junit.jupiter.engine.descriptor.TestMethodTestDescriptor.execute(TestMethodTestDescriptor.java:138) ~[junit-jupiter-engine-5.9.2.jar:5.9.2]
	at org.junit.jupiter.engine.descriptor.TestMethodTestDescriptor.execute(TestMethodTestDescriptor.java:68) ~[junit-jupiter-engine-5.9.2.jar:5.9.2]
	at org.junit.platform.engine.support.hierarchical.NodeTestTask.lambda$executeRecursively$6(NodeTestTask.java:151) ~[junit-platform-engine-1.9.2.jar:1.9.2]
	at org.junit.platform.engine.support.hierarchical.ThrowableCollector.execute(ThrowableCollector.java:73) ~[junit-platform-engine-1.9.2.jar:1.9.2]
	at org.junit.platform.engine.support.hierarchical.NodeTestTask.lambda$executeRecursively$8(NodeTestTask.java:141) ~[junit-platform-engine-1.9.2.jar:1.9.2]
	at org.junit.platform.engine.support.hierarchical.Node.around(Node.java:137) ~[junit-platform-engine-1.9.2.jar:1.9.2]
	at org.junit.platform.engine.support.hierarchical.NodeTestTask.lambda$executeRecursively$9(NodeTestTask.java:139) ~[junit-platform-engine-1.9.2.jar:1.9.2]
	at org.junit.platform.engine.support.hierarchical.ThrowableCollector.execute(ThrowableCollector.java:73) ~[junit-platform-engine-1.9.2.jar:1.9.2]
	at org.junit.platform.engine.support.hierarchical.NodeTestTask.executeRecursively(NodeTestTask.java:138) ~[junit-platform-engine-1.9.2.jar:1.9.2]
	at org.junit.platform.engine.support.hierarchical.NodeTestTask.execute(NodeTestTask.java:95) ~[junit-platform-engine-1.9.2.jar:1.9.2]
	at java.base/java.util.ArrayList.forEach(ArrayList.java:1511) ~[na:na]
	at org.junit.platform.engine.support.hierarchical.SameThreadHierarchicalTestExecutorService.invokeAll(SameThreadHierarchicalTestExecutorService.java:41) ~[junit-platform-engine-1.9.2.jar:1.9.2]
	at org.junit.platform.engine.support.hierarchical.NodeTestTask.lambda$executeRecursively$6(NodeTestTask.java:155) ~[junit-platform-engine-1.9.2.jar:1.9.2]
	at org.junit.platform.engine.support.hierarchical.ThrowableCollector.execute(ThrowableCollector.java:73) ~[junit-platform-engine-1.9.2.jar:1.9.2]
	at org.junit.platform.engine.support.hierarchical.NodeTestTask.lambda$executeRecursively$8(NodeTestTask.java:141) ~[junit-platform-engine-1.9.2.jar:1.9.2]
	at org.junit.platform.engine.support.hierarchical.Node.around(Node.java:137) ~[junit-platform-engine-1.9.2.jar:1.9.2]
	at org.junit.platform.engine.support.hierarchical.NodeTestTask.lambda$executeRecursively$9(NodeTestTask.java:139) ~[junit-platform-engine-1.9.2.jar:1.9.2]
	at org.junit.platform.engine.support.hierarchical.ThrowableCollector.execute(ThrowableCollector.java:73) ~[junit-platform-engine-1.9.2.jar:1.9.2]
	at org.junit.platform.engine.support.hierarchical.NodeTestTask.executeRecursively(NodeTestTask.java:138) ~[junit-platform-engine-1.9.2.jar:1.9.2]
	at org.junit.platform.engine.support.hierarchical.NodeTestTask.execute(NodeTestTask.java:95) ~[junit-platform-engine-1.9.2.jar:1.9.2]
	at java.base/java.util.ArrayList.forEach(ArrayList.java:1511) ~[na:na]
	at org.junit.platform.engine.support.hierarchical.SameThreadHierarchicalTestExecutorService.invokeAll(SameThreadHierarchicalTestExecutorService.java:41) ~[junit-platform-engine-1.9.2.jar:1.9.2]
	at org.junit.platform.engine.support.hierarchical.NodeTestTask.lambda$executeRecursively$6(NodeTestTask.java:155) ~[junit-platform-engine-1.9.2.jar:1.9.2]
	at org.junit.platform.engine.support.hierarchical.ThrowableCollector.execute(ThrowableCollector.java:73) ~[junit-platform-engine-1.9.2.jar:1.9.2]
	at org.junit.platform.engine.support.hierarchical.NodeTestTask.lambda$executeRecursively$8(NodeTestTask.java:141) ~[junit-platform-engine-1.9.2.jar:1.9.2]
	at org.junit.platform.engine.support.hierarchical.Node.around(Node.java:137) ~[junit-platform-engine-1.9.2.jar:1.9.2]
	at org.junit.platform.engine.support.hierarchical.NodeTestTask.lambda$executeRecursively$9(NodeTestTask.java:139) ~[junit-platform-engine-1.9.2.jar:1.9.2]
	at org.junit.platform.engine.support.hierarchical.ThrowableCollector.execute(ThrowableCollector.java:73) ~[junit-platform-engine-1.9.2.jar:1.9.2]
	at org.junit.platform.engine.support.hierarchical.NodeTestTask.executeRecursively(NodeTestTask.java:138) ~[junit-platform-engine-1.9.2.jar:1.9.2]
	at org.junit.platform.engine.support.hierarchical.NodeTestTask.execute(NodeTestTask.java:95) ~[junit-platform-engine-1.9.2.jar:1.9.2]
	at org.junit.platform.engine.support.hierarchical.SameThreadHierarchicalTestExecutorService.submit(SameThreadHierarchicalTestExecutorService.java:35) ~[junit-platform-engine-1.9.2.jar:1.9.2]
	at org.junit.platform.engine.support.hierarchical.HierarchicalTestExecutor.execute(HierarchicalTestExecutor.java:57) ~[junit-platform-engine-1.9.2.jar:1.9.2]
	at org.junit.platform.engine.support.hierarchical.HierarchicalTestEngine.execute(HierarchicalTestEngine.java:54) ~[junit-platform-engine-1.9.2.jar:1.9.2]
	at org.junit.platform.launcher.core.DefaultLauncher.execute(DefaultLauncher.java:220) ~[junit-platform-launcher-1.3.1.jar:1.3.1]
	at org.junit.platform.launcher.core.DefaultLauncher.lambda$execute$6(DefaultLauncher.java:188) ~[junit-platform-launcher-1.3.1.jar:1.3.1]
	at org.junit.platform.launcher.core.DefaultLauncher.withInterceptedStreams(DefaultLauncher.java:202) ~[junit-platform-launcher-1.3.1.jar:1.3.1]
	at org.junit.platform.launcher.core.DefaultLauncher.execute(DefaultLauncher.java:181) ~[junit-platform-launcher-1.3.1.jar:1.3.1]
	at org.junit.platform.launcher.core.DefaultLauncher.execute(DefaultLauncher.java:128) ~[junit-platform-launcher-1.3.1.jar:1.3.1]
	at org.apache.maven.surefire.junitplatform.JUnitPlatformProvider.invokeAllTests(JUnitPlatformProvider.java:150) ~[surefire-junit-platform-2.22.2.jar:2.22.2]
	at org.apache.maven.surefire.junitplatform.JUnitPlatformProvider.invoke(JUnitPlatformProvider.java:124) ~[surefire-junit-platform-2.22.2.jar:2.22.2]
	at org.apache.maven.surefire.booter.ForkedBooter.invokeProviderInSameClassLoader(ForkedBooter.java:384) ~[surefire-booter-2.22.2.jar:2.22.2]
	at org.apache.maven.surefire.booter.ForkedBooter.runSuitesInProcess(ForkedBooter.java:345) ~[surefire-booter-2.22.2.jar:2.22.2]
	at org.apache.maven.surefire.booter.ForkedBooter.execute(ForkedBooter.java:126) ~[surefire-booter-2.22.2.jar:2.22.2]
	at org.apache.maven.surefire.booter.ForkedBooter.main(ForkedBooter.java:418) ~[surefire-booter-2.22.2.jar:2.22.2]

2023-11-28T22:11:58.318-05:00  WARN 27472 --- [           main] o.h.engine.jdbc.spi.SqlExceptionHelper   : SQL Error: 0, SQLState: 23505
2023-11-28T22:11:58.318-05:00 ERROR 27472 --- [           main] o.h.engine.jdbc.spi.SqlExceptionHelper   : ERROR: duplicate key value violates unique constraint "user_account_pkey"
  Detail: Key (user_id, account_id)=(acb86be0-dc3e-475a-a21d-762ea39ada72, 760aa2e6-e2e7-4c46-b9d8-f688bc1cab6e) already exists.
2023-11-28T22:11:58.318-05:00  INFO 27472 --- [           main] o.h.e.j.b.internal.AbstractBatchImpl     : HHH000010: On release of batch it still contained JDBC statements
2023-11-28T22:11:58.318-05:00 DEBUG 27472 --- [           main] cResourceLocalTransactionCoordinatorImpl : JDBC transaction marked for rollback-only (exception provided for stack trace)

java.lang.Exception: exception just for purpose of providing stack trace
	at org.hibernate.resource.transaction.backend.jdbc.internal.JdbcResourceLocalTransactionCoordinatorImpl$TransactionDriverControlImpl.markRollbackOnly(JdbcResourceLocalTransactionCoordinatorImpl.java:324) ~[hibernate-core-6.1.7.Final.jar:6.1.7.Final]
	at org.hibernate.engine.transaction.internal.TransactionImpl.markRollbackOnly(TransactionImpl.java:203) ~[hibernate-core-6.1.7.Final.jar:6.1.7.Final]
	at org.hibernate.internal.AbstractSharedSessionContract.markForRollbackOnly(AbstractSharedSessionContract.java:434) ~[hibernate-core-6.1.7.Final.jar:6.1.7.Final]
	at org.hibernate.internal.ExceptionConverterImpl.handlePersistenceException(ExceptionConverterImpl.java:291) ~[hibernate-core-6.1.7.Final.jar:6.1.7.Final]
	at org.hibernate.internal.ExceptionConverterImpl.convert(ExceptionConverterImpl.java:168) ~[hibernate-core-6.1.7.Final.jar:6.1.7.Final]
	at org.hibernate.query.spi.AbstractSelectionQuery.list(AbstractSelectionQuery.java:374) ~[hibernate-core-6.1.7.Final.jar:6.1.7.Final]
	at org.hibernate.query.sqm.internal.QuerySqmImpl.list(QuerySqmImpl.java:1073) ~[hibernate-core-6.1.7.Final.jar:6.1.7.Final]
	at org.hibernate.query.spi.AbstractSelectionQuery.getSingleResult(AbstractSelectionQuery.java:457) ~[hibernate-core-6.1.7.Final.jar:6.1.7.Final]
	at org.hibernate.query.sqm.internal.QuerySqmImpl.getSingleResult(QuerySqmImpl.java:1103) ~[hibernate-core-6.1.7.Final.jar:6.1.7.Final]
	at org.springframework.data.jpa.repository.query.JpaQueryExecution$SingleEntityExecution.doExecute(JpaQueryExecution.java:193) ~[spring-data-jpa-3.0.5.jar:3.0.5]
	at org.springframework.data.jpa.repository.query.JpaQueryExecution.execute(JpaQueryExecution.java:90) ~[spring-data-jpa-3.0.5.jar:3.0.5]
	at org.springframework.data.jpa.repository.query.AbstractJpaQuery.doExecute(AbstractJpaQuery.java:148) ~[spring-data-jpa-3.0.5.jar:3.0.5]
	at org.springframework.data.jpa.repository.query.AbstractJpaQuery.execute(AbstractJpaQuery.java:136) ~[spring-data-jpa-3.0.5.jar:3.0.5]
	at org.springframework.data.repository.core.support.RepositoryMethodInvoker.doInvoke(RepositoryMethodInvoker.java:136) ~[spring-data-commons-3.0.5.jar:3.0.5]
	at org.springframework.data.repository.core.support.RepositoryMethodInvoker.invoke(RepositoryMethodInvoker.java:120) ~[spring-data-commons-3.0.5.jar:3.0.5]
	at org.springframework.data.repository.core.support.QueryExecutorMethodInterceptor.doInvoke(QueryExecutorMethodInterceptor.java:164) ~[spring-data-commons-3.0.5.jar:3.0.5]
	at org.springframework.data.repository.core.support.QueryExecutorMethodInterceptor.invoke(QueryExecutorMethodInterceptor.java:143) ~[spring-data-commons-3.0.5.jar:3.0.5]
	at org.springframework.aop.framework.ReflectiveMethodInvocation.proceed(ReflectiveMethodInvocation.java:184) ~[spring-aop-6.0.8.jar:6.0.8]
	at org.springframework.data.projection.DefaultMethodInvokingMethodInterceptor.invoke(DefaultMethodInvokingMethodInterceptor.java:77) ~[spring-data-commons-3.0.5.jar:3.0.5]
	at org.springframework.aop.framework.ReflectiveMethodInvocation.proceed(ReflectiveMethodInvocation.java:184) ~[spring-aop-6.0.8.jar:6.0.8]
	at org.springframework.transaction.interceptor.TransactionInterceptor$1.proceedWithInvocation(TransactionInterceptor.java:123) ~[spring-tx-6.0.8.jar:6.0.8]
	at org.springframework.transaction.interceptor.TransactionAspectSupport.invokeWithinTransaction(TransactionAspectSupport.java:391) ~[spring-tx-6.0.8.jar:6.0.8]
	at org.springframework.transaction.interceptor.TransactionInterceptor.invoke(TransactionInterceptor.java:119) ~[spring-tx-6.0.8.jar:6.0.8]
	at org.springframework.aop.framework.ReflectiveMethodInvocation.proceed(ReflectiveMethodInvocation.java:184) ~[spring-aop-6.0.8.jar:6.0.8]
	at org.springframework.dao.support.PersistenceExceptionTranslationInterceptor.invoke(PersistenceExceptionTranslationInterceptor.java:137) ~[spring-tx-6.0.8.jar:6.0.8]
	at org.springframework.aop.framework.ReflectiveMethodInvocation.proceed(ReflectiveMethodInvocation.java:184) ~[spring-aop-6.0.8.jar:6.0.8]
	at org.springframework.data.jpa.repository.support.CrudMethodMetadataPostProcessor$CrudMethodMetadataPopulatingMethodInterceptor.invoke(CrudMethodMetadataPostProcessor.java:134) ~[spring-data-jpa-3.0.5.jar:3.0.5]
	at org.springframework.aop.framework.ReflectiveMethodInvocation.proceed(ReflectiveMethodInvocation.java:184) ~[spring-aop-6.0.8.jar:6.0.8]
	at org.springframework.aop.interceptor.ExposeInvocationInterceptor.invoke(ExposeInvocationInterceptor.java:97) ~[spring-aop-6.0.8.jar:6.0.8]
	at org.springframework.aop.framework.ReflectiveMethodInvocation.proceed(ReflectiveMethodInvocation.java:184) ~[spring-aop-6.0.8.jar:6.0.8]
	at org.springframework.aop.framework.JdkDynamicAopProxy.invoke(JdkDynamicAopProxy.java:223) ~[spring-aop-6.0.8.jar:6.0.8]
	at jdk.proxy2/jdk.proxy2.$Proxy148.findByUsername(Unknown Source) ~[na:na]
	at com.cash_flow_app.apicashflow.entities_repositories_and_services.base.user.UserService.findByUsername(UserService.java:56) ~[classes/:na]
	at com.cash_flow_app.apicashflow.entities_repositories_and_services.base.security.LoginService.loadUserByUsername(LoginService.java:18) ~[classes/:na]
	at com.cash_flow_app.apicashflow.utils.TokenUtils.getAuthentication(TokenUtils.java:40) ~[classes/:na]
	at com.cash_flow_app.apicashflow.entities_repositories_and_services.base.security.JWTAuthorizationFilter.doFilterInternal(JWTAuthorizationFilter.java:27) ~[classes/:na]
	at org.springframework.web.filter.OncePerRequestFilter.doFilter(OncePerRequestFilter.java:116) ~[spring-web-6.0.8.jar:6.0.8]
	at org.springframework.security.web.ObservationFilterChainDecorator$ObservationFilter.wrapFilter(ObservationFilterChainDecorator.java:185) ~[spring-security-web-6.0.3.jar:6.0.3]
	at org.springframework.security.web.ObservationFilterChainDecorator$ObservationFilter.doFilter(ObservationFilterChainDecorator.java:172) ~[spring-security-web-6.0.3.jar:6.0.3]
	at org.springframework.security.web.ObservationFilterChainDecorator$VirtualFilterChain.doFilter(ObservationFilterChainDecorator.java:133) ~[spring-security-web-6.0.3.jar:6.0.3]
	at org.springframework.security.web.authentication.logout.LogoutFilter.doFilter(LogoutFilter.java:107) ~[spring-security-web-6.0.3.jar:6.0.3]
	at org.springframework.security.web.authentication.logout.LogoutFilter.doFilter(LogoutFilter.java:93) ~[spring-security-web-6.0.3.jar:6.0.3]
	at org.springframework.security.web.ObservationFilterChainDecorator$ObservationFilter.wrapFilter(ObservationFilterChainDecorator.java:185) ~[spring-security-web-6.0.3.jar:6.0.3]
	at org.springframework.security.web.ObservationFilterChainDecorator$ObservationFilter.doFilter(ObservationFilterChainDecorator.java:172) ~[spring-security-web-6.0.3.jar:6.0.3]
	at org.springframework.security.web.ObservationFilterChainDecorator$VirtualFilterChain.doFilter(ObservationFilterChainDecorator.java:133) ~[spring-security-web-6.0.3.jar:6.0.3]
	at org.springframework.web.filter.CorsFilter.doFilterInternal(CorsFilter.java:91) ~[spring-web-6.0.8.jar:6.0.8]
	at org.springframework.web.filter.OncePerRequestFilter.doFilter(OncePerRequestFilter.java:116) ~[spring-web-6.0.8.jar:6.0.8]
	at org.springframework.security.web.ObservationFilterChainDecorator$ObservationFilter.wrapFilter(ObservationFilterChainDecorator.java:185) ~[spring-security-web-6.0.3.jar:6.0.3]
	at org.springframework.security.web.ObservationFilterChainDecorator$ObservationFilter.doFilter(ObservationFilterChainDecorator.java:172) ~[spring-security-web-6.0.3.jar:6.0.3]
	at org.springframework.security.web.ObservationFilterChainDecorator$VirtualFilterChain.doFilter(ObservationFilterChainDecorator.java:133) ~[spring-security-web-6.0.3.jar:6.0.3]
	at org.springframework.security.web.header.HeaderWriterFilter.doHeadersAfter(HeaderWriterFilter.java:90) ~[spring-security-web-6.0.3.jar:6.0.3]
	at org.springframework.security.web.header.HeaderWriterFilter.doFilterInternal(HeaderWriterFilter.java:75) ~[spring-security-web-6.0.3.jar:6.0.3]
	at org.springframework.web.filter.OncePerRequestFilter.doFilter(OncePerRequestFilter.java:116) ~[spring-web-6.0.8.jar:6.0.8]
	at org.springframework.security.web.ObservationFilterChainDecorator$ObservationFilter.wrapFilter(ObservationFilterChainDecorator.java:185) ~[spring-security-web-6.0.3.jar:6.0.3]
	at org.springframework.security.web.ObservationFilterChainDecorator$ObservationFilter.doFilter(ObservationFilterChainDecorator.java:172) ~[spring-security-web-6.0.3.jar:6.0.3]
	at org.springframework.security.web.ObservationFilterChainDecorator$VirtualFilterChain.doFilter(ObservationFilterChainDecorator.java:133) ~[spring-security-web-6.0.3.jar:6.0.3]
	at org.springframework.security.web.context.SecurityContextHolderFilter.doFilter(SecurityContextHolderFilter.java:82) ~[spring-security-web-6.0.3.jar:6.0.3]
	at org.springframework.security.web.context.SecurityContextHolderFilter.doFilter(SecurityContextHolderFilter.java:69) ~[spring-security-web-6.0.3.jar:6.0.3]
	at org.springframework.security.web.ObservationFilterChainDecorator$ObservationFilter.wrapFilter(ObservationFilterChainDecorator.java:185) ~[spring-security-web-6.0.3.jar:6.0.3]
	at org.springframework.security.web.ObservationFilterChainDecorator$ObservationFilter.doFilter(ObservationFilterChainDecorator.java:172) ~[spring-security-web-6.0.3.jar:6.0.3]
	at org.springframework.security.web.ObservationFilterChainDecorator$VirtualFilterChain.doFilter(ObservationFilterChainDecorator.java:133) ~[spring-security-web-6.0.3.jar:6.0.3]
	at org.springframework.security.web.context.request.async.WebAsyncManagerIntegrationFilter.doFilterInternal(WebAsyncManagerIntegrationFilter.java:62) ~[spring-security-web-6.0.3.jar:6.0.3]
	at org.springframework.web.filter.OncePerRequestFilter.doFilter(OncePerRequestFilter.java:116) ~[spring-web-6.0.8.jar:6.0.8]
	at org.springframework.security.web.ObservationFilterChainDecorator$ObservationFilter.wrapFilter(ObservationFilterChainDecorator.java:185) ~[spring-security-web-6.0.3.jar:6.0.3]
	at org.springframework.security.web.ObservationFilterChainDecorator$ObservationFilter.doFilter(ObservationFilterChainDecorator.java:172) ~[spring-security-web-6.0.3.jar:6.0.3]
	at org.springframework.security.web.ObservationFilterChainDecorator$VirtualFilterChain.doFilter(ObservationFilterChainDecorator.java:133) ~[spring-security-web-6.0.3.jar:6.0.3]
	at org.springframework.security.web.session.ForceEagerSessionCreationFilter.doFilterInternal(ForceEagerSessionCreationFilter.java:45) ~[spring-security-web-6.0.3.jar:6.0.3]
	at org.springframework.web.filter.OncePerRequestFilter.doFilter(OncePerRequestFilter.java:116) ~[spring-web-6.0.8.jar:6.0.8]
	at org.springframework.security.web.ObservationFilterChainDecorator$ObservationFilter.wrapFilter(ObservationFilterChainDecorator.java:185) ~[spring-security-web-6.0.3.jar:6.0.3]
	at org.springframework.security.web.ObservationFilterChainDecorator$ObservationFilter.doFilter(ObservationFilterChainDecorator.java:172) ~[spring-security-web-6.0.3.jar:6.0.3]
	at org.springframework.security.web.ObservationFilterChainDecorator$VirtualFilterChain.doFilter(ObservationFilterChainDecorator.java:133) ~[spring-security-web-6.0.3.jar:6.0.3]
	at org.springframework.security.web.session.DisableEncodeUrlFilter.doFilterInternal(DisableEncodeUrlFilter.java:42) ~[spring-security-web-6.0.3.jar:6.0.3]
	at org.springframework.web.filter.OncePerRequestFilter.doFilter(OncePerRequestFilter.java:116) ~[spring-web-6.0.8.jar:6.0.8]
	at org.springframework.security.web.ObservationFilterChainDecorator$ObservationFilter.wrapFilter(ObservationFilterChainDecorator.java:185) ~[spring-security-web-6.0.3.jar:6.0.3]
	at org.springframework.security.web.ObservationFilterChainDecorator$AroundFilterObservation$SimpleAroundFilterObservation.lambda$wrap$0(ObservationFilterChainDecorator.java:268) ~[spring-security-web-6.0.3.jar:6.0.3]
	at org.springframework.security.web.ObservationFilterChainDecorator$ObservationFilter.doFilter(ObservationFilterChainDecorator.java:169) ~[spring-security-web-6.0.3.jar:6.0.3]
	at org.springframework.security.web.ObservationFilterChainDecorator$VirtualFilterChain.doFilter(ObservationFilterChainDecorator.java:133) ~[spring-security-web-6.0.3.jar:6.0.3]
	at org.springframework.security.web.FilterChainProxy.doFilterInternal(FilterChainProxy.java:233) ~[spring-security-web-6.0.3.jar:6.0.3]
	at org.springframework.security.web.FilterChainProxy.doFilter(FilterChainProxy.java:191) ~[spring-security-web-6.0.3.jar:6.0.3]
	at org.springframework.web.filter.DelegatingFilterProxy.invokeDelegate(DelegatingFilterProxy.java:352) ~[spring-web-6.0.8.jar:6.0.8]
	at org.springframework.web.filter.DelegatingFilterProxy.doFilter(DelegatingFilterProxy.java:268) ~[spring-web-6.0.8.jar:6.0.8]
	at org.springframework.mock.web.MockFilterChain.doFilter(MockFilterChain.java:132) ~[spring-test-6.0.8.jar:6.0.8]
	at org.springframework.web.filter.RequestContextFilter.doFilterInternal(RequestContextFilter.java:100) ~[spring-web-6.0.8.jar:6.0.8]
	at org.springframework.web.filter.OncePerRequestFilter.doFilter(OncePerRequestFilter.java:116) ~[spring-web-6.0.8.jar:6.0.8]
	at org.springframework.mock.web.MockFilterChain.doFilter(MockFilterChain.java:132) ~[spring-test-6.0.8.jar:6.0.8]
	at org.springframework.web.filter.FormContentFilter.doFilterInternal(FormContentFilter.java:93) ~[spring-web-6.0.8.jar:6.0.8]
	at org.springframework.web.filter.OncePerRequestFilter.doFilter(OncePerRequestFilter.java:116) ~[spring-web-6.0.8.jar:6.0.8]
	at org.springframework.mock.web.MockFilterChain.doFilter(MockFilterChain.java:132) ~[spring-test-6.0.8.jar:6.0.8]
	at org.springframework.web.filter.ServerHttpObservationFilter.doFilterInternal(ServerHttpObservationFilter.java:109) ~[spring-web-6.0.8.jar:6.0.8]
	at org.springframework.web.filter.OncePerRequestFilter.doFilter(OncePerRequestFilter.java:116) ~[spring-web-6.0.8.jar:6.0.8]
	at org.springframework.mock.web.MockFilterChain.doFilter(MockFilterChain.java:132) ~[spring-test-6.0.8.jar:6.0.8]
	at org.springframework.web.filter.CharacterEncodingFilter.doFilterInternal(CharacterEncodingFilter.java:201) ~[spring-web-6.0.8.jar:6.0.8]
	at org.springframework.web.filter.OncePerRequestFilter.doFilter(OncePerRequestFilter.java:116) ~[spring-web-6.0.8.jar:6.0.8]
	at org.springframework.mock.web.MockFilterChain.doFilter(MockFilterChain.java:132) ~[spring-test-6.0.8.jar:6.0.8]
	at org.springframework.test.web.servlet.MockMvc.perform(MockMvc.java:201) ~[spring-test-6.0.8.jar:6.0.8]
	at com.cash_flow_app.apicashflow.controller.IncomeExpenseControllerTest.createIncomeExpenseResult(IncomeExpenseControllerTest.java:250) ~[test-classes/:na]
	at com.cash_flow_app.apicashflow.controller.IncomeExpenseControllerTest.getIncomeExpense(IncomeExpenseControllerTest.java:149) ~[test-classes/:na]
	at java.base/jdk.internal.reflect.DirectMethodHandleAccessor.invoke(DirectMethodHandleAccessor.java:104) ~[na:na]
	at java.base/java.lang.reflect.Method.invoke(Method.java:578) ~[na:na]
	at org.junit.platform.commons.util.ReflectionUtils.invokeMethod(ReflectionUtils.java:727) ~[junit-platform-commons-1.9.2.jar:1.9.2]
	at org.junit.jupiter.engine.execution.MethodInvocation.proceed(MethodInvocation.java:60) ~[junit-jupiter-engine-5.9.2.jar:5.9.2]
	at org.junit.jupiter.engine.execution.InvocationInterceptorChain$ValidatingInvocation.proceed(InvocationInterceptorChain.java:131) ~[junit-jupiter-engine-5.9.2.jar:5.9.2]
	at org.junit.jupiter.engine.extension.TimeoutExtension.intercept(TimeoutExtension.java:156) ~[junit-jupiter-engine-5.9.2.jar:5.9.2]
	at org.junit.jupiter.engine.extension.TimeoutExtension.interceptTestableMethod(TimeoutExtension.java:147) ~[junit-jupiter-engine-5.9.2.jar:5.9.2]
	at org.junit.jupiter.engine.extension.TimeoutExtension.interceptTestMethod(TimeoutExtension.java:86) ~[junit-jupiter-engine-5.9.2.jar:5.9.2]
	at org.junit.jupiter.engine.execution.InterceptingExecutableInvoker$ReflectiveInterceptorCall.lambda$ofVoidMethod$0(InterceptingExecutableInvoker.java:103) ~[junit-jupiter-engine-5.9.2.jar:5.9.2]
	at org.junit.jupiter.engine.execution.InterceptingExecutableInvoker.lambda$invoke$0(InterceptingExecutableInvoker.java:93) ~[junit-jupiter-engine-5.9.2.jar:5.9.2]
	at org.junit.jupiter.engine.execution.InvocationInterceptorChain$InterceptedInvocation.proceed(InvocationInterceptorChain.java:106) ~[junit-jupiter-engine-5.9.2.jar:5.9.2]
	at org.junit.jupiter.engine.execution.InvocationInterceptorChain.proceed(InvocationInterceptorChain.java:64) ~[junit-jupiter-engine-5.9.2.jar:5.9.2]
	at org.junit.jupiter.engine.execution.InvocationInterceptorChain.chainAndInvoke(InvocationInterceptorChain.java:45) ~[junit-jupiter-engine-5.9.2.jar:5.9.2]
	at org.junit.jupiter.engine.execution.InvocationInterceptorChain.invoke(InvocationInterceptorChain.java:37) ~[junit-jupiter-engine-5.9.2.jar:5.9.2]
	at org.junit.jupiter.engine.execution.InterceptingExecutableInvoker.invoke(InterceptingExecutableInvoker.java:92) ~[junit-jupiter-engine-5.9.2.jar:5.9.2]
	at org.junit.jupiter.engine.execution.InterceptingExecutableInvoker.invoke(InterceptingExecutableInvoker.java:86) ~[junit-jupiter-engine-5.9.2.jar:5.9.2]
	at org.junit.jupiter.engine.descriptor.TestMethodTestDescriptor.lambda$invokeTestMethod$7(TestMethodTestDescriptor.java:217) ~[junit-jupiter-engine-5.9.2.jar:5.9.2]
	at org.junit.platform.engine.support.hierarchical.ThrowableCollector.execute(ThrowableCollector.java:73) ~[junit-platform-engine-1.9.2.jar:1.9.2]
	at org.junit.jupiter.engine.descriptor.TestMethodTestDescriptor.invokeTestMethod(TestMethodTestDescriptor.java:213) ~[junit-jupiter-engine-5.9.2.jar:5.9.2]
	at org.junit.jupiter.engine.descriptor.TestMethodTestDescriptor.execute(TestMethodTestDescriptor.java:138) ~[junit-jupiter-engine-5.9.2.jar:5.9.2]
	at org.junit.jupiter.engine.descriptor.TestMethodTestDescriptor.execute(TestMethodTestDescriptor.java:68) ~[junit-jupiter-engine-5.9.2.jar:5.9.2]
	at org.junit.platform.engine.support.hierarchical.NodeTestTask.lambda$executeRecursively$6(NodeTestTask.java:151) ~[junit-platform-engine-1.9.2.jar:1.9.2]
	at org.junit.platform.engine.support.hierarchical.ThrowableCollector.execute(ThrowableCollector.java:73) ~[junit-platform-engine-1.9.2.jar:1.9.2]
	at org.junit.platform.engine.support.hierarchical.NodeTestTask.lambda$executeRecursively$8(NodeTestTask.java:141) ~[junit-platform-engine-1.9.2.jar:1.9.2]
	at org.junit.platform.engine.support.hierarchical.Node.around(Node.java:137) ~[junit-platform-engine-1.9.2.jar:1.9.2]
	at org.junit.platform.engine.support.hierarchical.NodeTestTask.lambda$executeRecursively$9(NodeTestTask.java:139) ~[junit-platform-engine-1.9.2.jar:1.9.2]
	at org.junit.platform.engine.support.hierarchical.ThrowableCollector.execute(ThrowableCollector.java:73) ~[junit-platform-engine-1.9.2.jar:1.9.2]
	at org.junit.platform.engine.support.hierarchical.NodeTestTask.executeRecursively(NodeTestTask.java:138) ~[junit-platform-engine-1.9.2.jar:1.9.2]
	at org.junit.platform.engine.support.hierarchical.NodeTestTask.execute(NodeTestTask.java:95) ~[junit-platform-engine-1.9.2.jar:1.9.2]
	at java.base/java.util.ArrayList.forEach(ArrayList.java:1511) ~[na:na]
	at org.junit.platform.engine.support.hierarchical.SameThreadHierarchicalTestExecutorService.invokeAll(SameThreadHierarchicalTestExecutorService.java:41) ~[junit-platform-engine-1.9.2.jar:1.9.2]
	at org.junit.platform.engine.support.hierarchical.NodeTestTask.lambda$executeRecursively$6(NodeTestTask.java:155) ~[junit-platform-engine-1.9.2.jar:1.9.2]
	at org.junit.platform.engine.support.hierarchical.ThrowableCollector.execute(ThrowableCollector.java:73) ~[junit-platform-engine-1.9.2.jar:1.9.2]
	at org.junit.platform.engine.support.hierarchical.NodeTestTask.lambda$executeRecursively$8(NodeTestTask.java:141) ~[junit-platform-engine-1.9.2.jar:1.9.2]
	at org.junit.platform.engine.support.hierarchical.Node.around(Node.java:137) ~[junit-platform-engine-1.9.2.jar:1.9.2]
	at org.junit.platform.engine.support.hierarchical.NodeTestTask.lambda$executeRecursively$9(NodeTestTask.java:139) ~[junit-platform-engine-1.9.2.jar:1.9.2]
	at org.junit.platform.engine.support.hierarchical.ThrowableCollector.execute(ThrowableCollector.java:73) ~[junit-platform-engine-1.9.2.jar:1.9.2]
	at org.junit.platform.engine.support.hierarchical.NodeTestTask.executeRecursively(NodeTestTask.java:138) ~[junit-platform-engine-1.9.2.jar:1.9.2]
	at org.junit.platform.engine.support.hierarchical.NodeTestTask.execute(NodeTestTask.java:95) ~[junit-platform-engine-1.9.2.jar:1.9.2]
	at java.base/java.util.ArrayList.forEach(ArrayList.java:1511) ~[na:na]
	at org.junit.platform.engine.support.hierarchical.SameThreadHierarchicalTestExecutorService.invokeAll(SameThreadHierarchicalTestExecutorService.java:41) ~[junit-platform-engine-1.9.2.jar:1.9.2]
	at org.junit.platform.engine.support.hierarchical.NodeTestTask.lambda$executeRecursively$6(NodeTestTask.java:155) ~[junit-platform-engine-1.9.2.jar:1.9.2]
	at org.junit.platform.engine.support.hierarchical.ThrowableCollector.execute(ThrowableCollector.java:73) ~[junit-platform-engine-1.9.2.jar:1.9.2]
	at org.junit.platform.engine.support.hierarchical.NodeTestTask.lambda$executeRecursively$8(NodeTestTask.java:141) ~[junit-platform-engine-1.9.2.jar:1.9.2]
	at org.junit.platform.engine.support.hierarchical.Node.around(Node.java:137) ~[junit-platform-engine-1.9.2.jar:1.9.2]
	at org.junit.platform.engine.support.hierarchical.NodeTestTask.lambda$executeRecursively$9(NodeTestTask.java:139) ~[junit-platform-engine-1.9.2.jar:1.9.2]
	at org.junit.platform.engine.support.hierarchical.ThrowableCollector.execute(ThrowableCollector.java:73) ~[junit-platform-engine-1.9.2.jar:1.9.2]
	at org.junit.platform.engine.support.hierarchical.NodeTestTask.executeRecursively(NodeTestTask.java:138) ~[junit-platform-engine-1.9.2.jar:1.9.2]
	at org.junit.platform.engine.support.hierarchical.NodeTestTask.execute(NodeTestTask.java:95) ~[junit-platform-engine-1.9.2.jar:1.9.2]
	at org.junit.platform.engine.support.hierarchical.SameThreadHierarchicalTestExecutorService.submit(SameThreadHierarchicalTestExecutorService.java:35) ~[junit-platform-engine-1.9.2.jar:1.9.2]
	at org.junit.platform.engine.support.hierarchical.HierarchicalTestExecutor.execute(HierarchicalTestExecutor.java:57) ~[junit-platform-engine-1.9.2.jar:1.9.2]
	at org.junit.platform.engine.support.hierarchical.HierarchicalTestEngine.execute(HierarchicalTestEngine.java:54) ~[junit-platform-engine-1.9.2.jar:1.9.2]
	at org.junit.platform.launcher.core.DefaultLauncher.execute(DefaultLauncher.java:220) ~[junit-platform-launcher-1.3.1.jar:1.3.1]
	at org.junit.platform.launcher.core.DefaultLauncher.lambda$execute$6(DefaultLauncher.java:188) ~[junit-platform-launcher-1.3.1.jar:1.3.1]
	at org.junit.platform.launcher.core.DefaultLauncher.withInterceptedStreams(DefaultLauncher.java:202) ~[junit-platform-launcher-1.3.1.jar:1.3.1]
	at org.junit.platform.launcher.core.DefaultLauncher.execute(DefaultLauncher.java:181) ~[junit-platform-launcher-1.3.1.jar:1.3.1]
	at org.junit.platform.launcher.core.DefaultLauncher.execute(DefaultLauncher.java:128) ~[junit-platform-launcher-1.3.1.jar:1.3.1]
	at org.apache.maven.surefire.junitplatform.JUnitPlatformProvider.invokeAllTests(JUnitPlatformProvider.java:150) ~[surefire-junit-platform-2.22.2.jar:2.22.2]
	at org.apache.maven.surefire.junitplatform.JUnitPlatformProvider.invoke(JUnitPlatformProvider.java:124) ~[surefire-junit-platform-2.22.2.jar:2.22.2]
	at org.apache.maven.surefire.booter.ForkedBooter.invokeProviderInSameClassLoader(ForkedBooter.java:384) ~[surefire-booter-2.22.2.jar:2.22.2]
	at org.apache.maven.surefire.booter.ForkedBooter.runSuitesInProcess(ForkedBooter.java:345) ~[surefire-booter-2.22.2.jar:2.22.2]
	at org.apache.maven.surefire.booter.ForkedBooter.execute(ForkedBooter.java:126) ~[surefire-booter-2.22.2.jar:2.22.2]
	at org.apache.maven.surefire.booter.ForkedBooter.main(ForkedBooter.java:418) ~[surefire-booter-2.22.2.jar:2.22.2]

2023-11-28T22:11:58.320-05:00 DEBUG 27472 --- [           main] org.springframework.test.context.cache   : Spring test ApplicationContext cache statistics: [DefaultContextCache@8caffbd size = 3, maxSize = 32, parentContextCount = 0, hitCount = 364, missCount = 3]
2023-11-28T22:11:58.320-05:00 DEBUG 27472 --- [           main] org.springframework.test.context.cache   : Spring test ApplicationContext cache statistics: [DefaultContextCache@8caffbd size = 3, maxSize = 32, parentContextCount = 0, hitCount = 365, missCount = 3]
2023-11-28T22:11:58.320-05:00 DEBUG 27472 --- [           main] org.springframework.test.context.cache   : Spring test ApplicationContext cache statistics: [DefaultContextCache@8caffbd size = 3, maxSize = 32, parentContextCount = 0, hitCount = 366, missCount = 3]

MockHttpServletRequest:
      HTTP Method = POST
      Request URI = /api/v1/user/signup
       Parameters = {_csrf=[nL4N27G7DWgsSTQKjudxlfygS_azJND5yDaQu6NXXc-UmcYIqtxr6IfZPg4Belc5uMpFo56TZs-AReHUqwL2jpRhaqulqvI8]}
          Headers = [Content-Type:"application/json;charset=UTF-8", Content-Length:"237"]
             Body = {"username":"usuario_test","password":"123456","authorities":[{"endpoint":"Account","actions":["CREATE","READ","DELETE"]},{"endpoint":"User","actions":["CREATE","READ"]},{"endpoint":"IncomeExpense","actions":["CREATE","READ","DELETE"]}]}
    Session Attrs = {}

Handler:
             Type = com.cash_flow_app.apicashflow.controller.UserController
           Method = com.cash_flow_app.apicashflow.controller.UserController#signup(UserDto)

Async:
    Async started = false
     Async result = null

Resolved Exception:
             Type = null

ModelAndView:
        View name = null
             View = null
            Model = null

FlashMap:
       Attributes = null

MockHttpServletResponse:
           Status = 200
    Error message = null
          Headers = [Vary:"Origin", "Access-Control-Request-Method", "Access-Control-Request-Headers", Content-Type:"application/json", X-Content-Type-Options:"nosniff", X-XSS-Protection:"0", Cache-Control:"no-cache, no-store, max-age=0, must-revalidate", Pragma:"no-cache", Expires:"0", X-Frame-Options:"DENY"]
     Content type = application/json
             Body = {"username":"usuario_test","password":null,"token_auth":"eyJhbGciOiJIUzUxMiJ9.eyJzdWIiOiJ1c3VhcmlvX3Rlc3QiLCJleHAiOjE3MDM4MTk1MTh9._RjmE35ZWwlgi-J6GUPzAIK95KKwCYwqRJzwkTW-pOWpMEaBJNZ2mk9w8ZBH48tP7shOXrP38_jru9Eshz1Dsg","authorities":[{"endpoint":"Account","actions":["CREATE","READ","DELETE"]},{"endpoint":"User","actions":["CREATE","READ"]},{"endpoint":"IncomeExpense","actions":["CREATE","READ","DELETE"]}]}
    Forwarded URL = null
   Redirected URL = null
          Cookies = []

MockHttpServletRequest:
      HTTP Method = POST
      Request URI = /api/v1/user/login
       Parameters = {_csrf=[iA9gE9Xgm_K9DQWC82P0F5AyVAYpk6ow0-G8NEBlh3dtV9epvGkFK-GF-MOQbmbnxE7AcvFQeWdPpZkd4NXYVyEDsU4MMrSb]}
          Headers = [Content-Type:"application/json;charset=UTF-8", Content-Length:"52"]
             Body = { "username": "usuario_test", "password": "123456" }
    Session Attrs = {}

Handler:
             Type = null

Async:
    Async started = false
     Async result = null

Resolved Exception:
             Type = null

ModelAndView:
        View name = null
             View = null
            Model = null

FlashMap:
       Attributes = null

MockHttpServletResponse:
           Status = 200
    Error message = null
          Headers = [Vary:"Origin", "Access-Control-Request-Method", "Access-Control-Request-Headers", Authorization:"Bearer eyJhbGciOiJIUzUxMiJ9.eyJzdWIiOiJ1c3VhcmlvX3Rlc3QiLCJleHAiOjE3MDM4MTk1MTh9._RjmE35ZWwlgi-J6GUPzAIK95KKwCYwqRJzwkTW-pOWpMEaBJNZ2mk9w8ZBH48tP7shOXrP38_jru9Eshz1Dsg", Access-Control-Expose-Headers:"Authorization", X-Content-Type-Options:"nosniff", X-XSS-Protection:"0", Cache-Control:"no-cache, no-store, max-age=0, must-revalidate", Pragma:"no-cache", Expires:"0", X-Frame-Options:"DENY"]
     Content type = null
             Body = 
    Forwarded URL = null
   Redirected URL = null
          Cookies = []

MockHttpServletRequest:
      HTTP Method = POST
      Request URI = /api/v1/account/create
       Parameters = {_csrf=[_VJuK1npBODt8OEDoasZxYORr2aQRJ4RvNPHvvYiVAewAu_vyzYKTTrRYNLAxoBgl4YtoLCoggTyIfw8i-Kk3JUXbGHRYdrd]}
          Headers = [Content-Type:"application/json;charset=UTF-8", Authorization:"Bearer eyJhbGciOiJIUzUxMiJ9.eyJzdWIiOiJ1c3VhcmlvX3Rlc3QiLCJleHAiOjE3MDM4MTk1MTh9._RjmE35ZWwlgi-J6GUPzAIK95KKwCYwqRJzwkTW-pOWpMEaBJNZ2mk9w8ZBH48tP7shOXrP38_jru9Eshz1Dsg", Content-Length:"74"]
             Body = {"id":null,"description":"descripcion de cuenta","users":["usuario_test"]}
    Session Attrs = {SPRING_SECURITY_CONTEXT=SecurityContextImpl [Authentication=UsernamePasswordAuthenticationToken [Principal=usuario_test, Credentials=[PROTECTED], Authenticated=true, Details=null, Granted Authorities=[ENDPOINT_ACCOUNT_PERMISSION_CREATE, ENDPOINT_ACCOUNT_PERMISSION_READ, ENDPOINT_ACCOUNT_PERMISSION_DELETE, ENDPOINT_USER_PERMISSION_CREATE, ENDPOINT_USER_PERMISSION_READ, ENDPOINT_INCOMEEXPENSE_PERMISSION_CREATE, ENDPOINT_INCOMEEXPENSE_PERMISSION_READ, ENDPOINT_INCOMEEXPENSE_PERMISSION_DELETE]]]}

Handler:
             Type = com.cash_flow_app.apicashflow.controller.AccountController
           Method = com.cash_flow_app.apicashflow.controller.AccountController#create(AccountDto)

Async:
    Async started = false
     Async result = null

Resolved Exception:
             Type = null

ModelAndView:
        View name = null
             View = null
            Model = null

FlashMap:
       Attributes = null

MockHttpServletResponse:
           Status = 200
    Error message = null
          Headers = [Vary:"Origin", "Access-Control-Request-Method", "Access-Control-Request-Headers", Content-Type:"application/json", X-Content-Type-Options:"nosniff", X-XSS-Protection:"0", Cache-Control:"no-cache, no-store, max-age=0, must-revalidate", Pragma:"no-cache", Expires:"0", X-Frame-Options:"DENY"]
     Content type = application/json
             Body = {"id":"760aa2e6-e2e7-4c46-b9d8-f688bc1cab6e","description":"descripcion de cuenta","users":["usuario_test","usuario_test"]}
    Forwarded URL = null
   Redirected URL = null
          Cookies = []
2023-11-28T22:11:58.320-05:00 DEBUG 27472 --- [           main] org.springframework.test.context.cache   : Spring test ApplicationContext cache statistics: [DefaultContextCache@8caffbd size = 3, maxSize = 32, parentContextCount = 0, hitCount = 367, missCount = 3]
2023-11-28T22:11:58.320-05:00 DEBUG 27472 --- [           main] org.springframework.test.context.cache   : Spring test ApplicationContext cache statistics: [DefaultContextCache@8caffbd size = 3, maxSize = 32, parentContextCount = 0, hitCount = 368, missCount = 3]
2023-11-28T22:11:58.320-05:00 DEBUG 27472 --- [           main] org.springframework.test.context.cache   : Spring test ApplicationContext cache statistics: [DefaultContextCache@8caffbd size = 3, maxSize = 32, parentContextCount = 0, hitCount = 369, missCount = 3]
2023-11-28T22:11:58.320-05:00 DEBUG 27472 --- [           main] org.springframework.test.context.cache   : Spring test ApplicationContext cache statistics: [DefaultContextCache@8caffbd size = 3, maxSize = 32, parentContextCount = 0, hitCount = 370, missCount = 3]
2023-11-28T22:11:58.320-05:00 DEBUG 27472 --- [           main] o.s.orm.jpa.JpaTransactionManager        : Initiating transaction rollback
2023-11-28T22:11:58.320-05:00 DEBUG 27472 --- [           main] o.s.orm.jpa.JpaTransactionManager        : Rolling back JPA transaction on EntityManager [SessionImpl(114970877<open>)]
2023-11-28T22:11:58.320-05:00 DEBUG 27472 --- [           main] o.h.e.t.internal.TransactionImpl         : rolling back
2023-11-28T22:11:58.321-05:00 DEBUG 27472 --- [           main] org.postgresql.jdbc.PgConnection         :   setAutoCommit = true
2023-11-28T22:11:58.321-05:00 DEBUG 27472 --- [           main] o.s.orm.jpa.JpaTransactionManager        : Closing JPA EntityManager [SessionImpl(114970877<open>)] after transaction
2023-11-28T22:11:58.321-05:00 DEBUG 27472 --- [           main] o.h.e.jdbc.internal.JdbcCoordinatorImpl  : HHH000420: Closing un-released batch
2023-11-28T22:11:58.321-05:00 DEBUG 27472 --- [           main] o.s.t.c.transaction.TransactionContext   : Rolled back transaction (1) for test class [com.cash_flow_app.apicashflow.controller.IncomeExpenseControllerTest]; test method [getIncomeExpense]
2023-11-28T22:11:58.321-05:00 DEBUG 27472 --- [           main] tractDirtiesContextTestExecutionListener : After test method: class [IncomeExpenseControllerTest], method [getIncomeExpense], class annotated with @DirtiesContext [false] with mode [null], method annotated with @DirtiesContext [false] with mode [null]
2023-11-28T22:11:58.321-05:00 DEBUG 27472 --- [           main] o.s.t.c.w.ServletTestExecutionListener   : Resetting RequestContextHolder for test class com.cash_flow_app.apicashflow.controller.IncomeExpenseControllerTest
]]></system-out>
  </testcase>
  <testcase name="deleteAccount" classname="com.cash_flow_app.apicashflow.controller.IncomeExpenseControllerTest" time="0.183">
    <error message="could not execute statement; SQL [n/a]; constraint [user_account_pkey]" type="org.springframework.dao.DataIntegrityViolationException">org.springframework.dao.DataIntegrityViolationException: could not execute statement; SQL [n/a]; constraint [user_account_pkey]
	at com.cash_flow_app.apicashflow.controller.IncomeExpenseControllerTest.createIncomeExpenseResult(IncomeExpenseControllerTest.java:250)
	at com.cash_flow_app.apicashflow.controller.IncomeExpenseControllerTest.deleteAccount(IncomeExpenseControllerTest.java:207)
Caused by: org.hibernate.exception.ConstraintViolationException: could not execute statement
	at com.cash_flow_app.apicashflow.controller.IncomeExpenseControllerTest.createIncomeExpenseResult(IncomeExpenseControllerTest.java:250)
	at com.cash_flow_app.apicashflow.controller.IncomeExpenseControllerTest.deleteAccount(IncomeExpenseControllerTest.java:207)
Caused by: org.postgresql.util.PSQLException: 
ERROR: duplicate key value violates unique constraint "user_account_pkey"
  Detail: Key (user_id, account_id)=(75d7969d-3978-42aa-b849-d014b661eaa9, 603b103e-facb-434b-a6d3-c41673d4bb3f) already exists.
	at com.cash_flow_app.apicashflow.controller.IncomeExpenseControllerTest.createIncomeExpenseResult(IncomeExpenseControllerTest.java:250)
	at com.cash_flow_app.apicashflow.controller.IncomeExpenseControllerTest.deleteAccount(IncomeExpenseControllerTest.java:207)
</error>
    <system-out><![CDATA[2023-11-28T22:11:58.321-05:00 DEBUG 27472 --- [           main] org.springframework.test.context.cache   : Spring test ApplicationContext cache statistics: [DefaultContextCache@8caffbd size = 3, maxSize = 32, parentContextCount = 0, hitCount = 371, missCount = 3]
2023-11-28T22:11:58.321-05:00 DEBUG 27472 --- [           main] o.s.t.c.w.ServletTestExecutionListener   : Setting up MockHttpServletRequest, MockHttpServletResponse, ServletWebRequest, and RequestContextHolder for test class com.cash_flow_app.apicashflow.controller.IncomeExpenseControllerTest
2023-11-28T22:11:58.321-05:00 DEBUG 27472 --- [           main] DependencyInjectionTestExecutionListener : Performing dependency injection for test class com.cash_flow_app.apicashflow.controller.IncomeExpenseControllerTest
2023-11-28T22:11:58.321-05:00 DEBUG 27472 --- [           main] org.springframework.test.context.cache   : Spring test ApplicationContext cache statistics: [DefaultContextCache@8caffbd size = 3, maxSize = 32, parentContextCount = 0, hitCount = 372, missCount = 3]
2023-11-28T22:11:58.321-05:00 DEBUG 27472 --- [           main] org.springframework.test.context.cache   : Spring test ApplicationContext cache statistics: [DefaultContextCache@8caffbd size = 3, maxSize = 32, parentContextCount = 0, hitCount = 373, missCount = 3]
2023-11-28T22:11:58.322-05:00 DEBUG 27472 --- [           main] tractDirtiesContextTestExecutionListener : Before test method: class [IncomeExpenseControllerTest], method [deleteAccount], class annotated with @DirtiesContext [false] with mode [null], method annotated with @DirtiesContext [false] with mode [null]
2023-11-28T22:11:58.322-05:00 DEBUG 27472 --- [           main] t.c.t.TransactionalTestExecutionListener : Explicit transaction definition [PROPAGATION_REQUIRED,ISOLATION_DEFAULT] found for test class [com.cash_flow_app.apicashflow.controller.IncomeExpenseControllerTest] and test method [deleteAccount]
2023-11-28T22:11:58.322-05:00 DEBUG 27472 --- [           main] org.springframework.test.context.cache   : Spring test ApplicationContext cache statistics: [DefaultContextCache@8caffbd size = 3, maxSize = 32, parentContextCount = 0, hitCount = 374, missCount = 3]
2023-11-28T22:11:58.322-05:00 DEBUG 27472 --- [           main] t.c.t.TransactionalTestExecutionListener : No method-level @Rollback override: using default rollback [true] for test method [void com.cash_flow_app.apicashflow.controller.IncomeExpenseControllerTest.deleteAccount() throws java.lang.Exception]
2023-11-28T22:11:58.322-05:00 DEBUG 27472 --- [           main] o.s.orm.jpa.JpaTransactionManager        : Creating new transaction with name [com.cash_flow_app.apicashflow.controller.IncomeExpenseControllerTest.deleteAccount]: PROPAGATION_REQUIRED,ISOLATION_DEFAULT
2023-11-28T22:11:58.322-05:00 DEBUG 27472 --- [           main] o.s.orm.jpa.JpaTransactionManager        : Opened new EntityManager [SessionImpl(836431654<open>)] for JPA transaction
2023-11-28T22:11:58.322-05:00 DEBUG 27472 --- [           main] o.h.e.t.internal.TransactionImpl         : On TransactionImpl creation, JpaCompliance#isJpaTransactionComplianceEnabled == false
2023-11-28T22:11:58.322-05:00 DEBUG 27472 --- [           main] o.h.e.t.internal.TransactionImpl         : begin
2023-11-28T22:11:58.322-05:00 DEBUG 27472 --- [           main] org.postgresql.jdbc.PgConnection         :   setAutoCommit = false
2023-11-28T22:11:58.322-05:00 DEBUG 27472 --- [           main] o.s.orm.jpa.JpaTransactionManager        : Exposing JPA transaction as JDBC [org.springframework.orm.jpa.vendor.HibernateJpaDialect$HibernateConnectionHandle@1f59def1]
2023-11-28T22:11:58.322-05:00 DEBUG 27472 --- [           main] o.s.t.c.transaction.TransactionContext   : Began transaction (1) for test class [com.cash_flow_app.apicashflow.controller.IncomeExpenseControllerTest]; test method [deleteAccount]; transaction manager [org.springframework.orm.jpa.JpaTransactionManager@6448679f]; rollback [true]
2023-11-28T22:11:58.322-05:00 DEBUG 27472 --- [           main] org.springframework.test.context.cache   : Spring test ApplicationContext cache statistics: [DefaultContextCache@8caffbd size = 3, maxSize = 32, parentContextCount = 0, hitCount = 375, missCount = 3]
2023-11-28T22:11:58.322-05:00 DEBUG 27472 --- [           main] org.springframework.test.context.cache   : Spring test ApplicationContext cache statistics: [DefaultContextCache@8caffbd size = 3, maxSize = 32, parentContextCount = 0, hitCount = 376, missCount = 3]
2023-11-28T22:11:58.322-05:00 DEBUG 27472 --- [           main] o.s.test.util.ReflectionTestUtils        : Invoking method 'getFilters' on target object [FilterChainProxy[Filter Chains: [DefaultSecurityFilterChain [RequestMatcher=any request, Filters=[org.springframework.security.web.session.DisableEncodeUrlFilter@120e3ebb, org.springframework.security.web.session.ForceEagerSessionCreationFilter@753f1c3e, org.springframework.security.web.context.request.async.WebAsyncManagerIntegrationFilter@5e9af5d4, org.springframework.security.web.context.SecurityContextHolderFilter@1d18e5ad, org.springframework.security.web.header.HeaderWriterFilter@73b68d98, org.springframework.web.filter.CorsFilter@7863e6b2, org.springframework.security.web.authentication.logout.LogoutFilter@1e5a8278, JWTAuthorizationFilter(loginService=com.cash_flow_app.apicashflow.entities_repositories_and_services.base.security.LoginService@508b9c16), com.cash_flow_app.apicashflow.entities_repositories_and_services.base.security.JWTAuthenticationFilter@6fd2b939, org.springframework.security.web.savedrequest.RequestCacheAwareFilter@11def039, org.springframework.security.web.servletapi.SecurityContextHolderAwareRequestFilter@564375d7, org.springframework.security.web.authentication.AnonymousAuthenticationFilter@c4aa99e, org.springframework.security.web.session.SessionManagementFilter@69af6978, org.springframework.security.web.access.ExceptionTranslationFilter@4469046b, org.springframework.security.web.access.intercept.AuthorizationFilter@588d2e90]]]]] or target class [null] with arguments {org.springframework.mock.web.MockHttpServletRequest@707c1e41}
2023-11-28T22:11:58.323-05:00 DEBUG 27472 --- [           main] o.s.test.util.ReflectionTestUtils        : Invoking method 'getFilters' on target object [FilterChainProxy[Filter Chains: [DefaultSecurityFilterChain [RequestMatcher=any request, Filters=[org.springframework.security.web.session.DisableEncodeUrlFilter@120e3ebb, org.springframework.security.web.session.ForceEagerSessionCreationFilter@753f1c3e, org.springframework.security.web.context.request.async.WebAsyncManagerIntegrationFilter@5e9af5d4, org.springframework.security.web.context.SecurityContextHolderFilter@1d18e5ad, org.springframework.security.web.header.HeaderWriterFilter@73b68d98, org.springframework.web.filter.CorsFilter@7863e6b2, org.springframework.security.web.authentication.logout.LogoutFilter@1e5a8278, JWTAuthorizationFilter(loginService=com.cash_flow_app.apicashflow.entities_repositories_and_services.base.security.LoginService@508b9c16), com.cash_flow_app.apicashflow.entities_repositories_and_services.base.security.JWTAuthenticationFilter@6fd2b939, org.springframework.security.web.savedrequest.RequestCacheAwareFilter@11def039, org.springframework.security.web.servletapi.SecurityContextHolderAwareRequestFilter@564375d7, org.springframework.security.web.authentication.AnonymousAuthenticationFilter@c4aa99e, org.springframework.security.web.session.SessionManagementFilter@69af6978, org.springframework.security.web.access.ExceptionTranslationFilter@4469046b, org.springframework.security.web.access.intercept.AuthorizationFilter@588d2e90]]]]] or target class [null] with arguments {org.springframework.mock.web.MockHttpServletRequest@707c1e41}
2023-11-28T22:11:58.323-05:00 DEBUG 27472 --- [           main] o.s.test.util.ReflectionTestUtils        : Invoking method 'getFilters' on target object [FilterChainProxy[Filter Chains: [DefaultSecurityFilterChain [RequestMatcher=any request, Filters=[org.springframework.security.web.session.DisableEncodeUrlFilter@120e3ebb, org.springframework.security.web.session.ForceEagerSessionCreationFilter@753f1c3e, org.springframework.security.web.context.request.async.WebAsyncManagerIntegrationFilter@5e9af5d4, org.springframework.security.web.context.SecurityContextHolderFilter@1d18e5ad, org.springframework.security.web.header.HeaderWriterFilter@73b68d98, org.springframework.web.filter.CorsFilter@7863e6b2, org.springframework.security.web.authentication.logout.LogoutFilter@1e5a8278, JWTAuthorizationFilter(loginService=com.cash_flow_app.apicashflow.entities_repositories_and_services.base.security.LoginService@508b9c16), com.cash_flow_app.apicashflow.entities_repositories_and_services.base.security.JWTAuthenticationFilter@6fd2b939, org.springframework.security.web.savedrequest.RequestCacheAwareFilter@11def039, org.springframework.security.web.servletapi.SecurityContextHolderAwareRequestFilter@564375d7, org.springframework.security.web.authentication.AnonymousAuthenticationFilter@c4aa99e, org.springframework.security.web.session.SessionManagementFilter@69af6978, org.springframework.security.web.access.ExceptionTranslationFilter@4469046b, org.springframework.security.web.access.intercept.AuthorizationFilter@588d2e90]]]]] or target class [null] with arguments {org.springframework.mock.web.MockHttpServletRequest@707c1e41}
2023-11-28T22:11:58.323-05:00 DEBUG 27472 --- [           main] o.s.security.web.FilterChainProxy        : Securing POST /api/v1/user/signup
2023-11-28T22:11:58.323-05:00 DEBUG 27472 --- [           main] .s.s.w.s.ForceEagerSessionCreationFilter : Created session eagerly
2023-11-28T22:11:58.323-05:00 DEBUG 27472 --- [           main] o.s.s.w.a.AnonymousAuthenticationFilter  : Set SecurityContextHolder to anonymous SecurityContext
2023-11-28T22:11:58.323-05:00 DEBUG 27472 --- [           main] s.w.s.m.m.a.RequestMappingHandlerMapping : Mapped to com.cash_flow_app.apicashflow.controller.UserController#signup(UserDto)
2023-11-28T22:11:58.323-05:00 DEBUG 27472 --- [           main] s.w.s.m.m.a.RequestMappingHandlerMapping : Mapped to com.cash_flow_app.apicashflow.controller.UserController#signup(UserDto)
2023-11-28T22:11:58.323-05:00 DEBUG 27472 --- [           main] s.w.s.m.m.a.RequestMappingHandlerMapping : Mapped to com.cash_flow_app.apicashflow.controller.UserController#signup(UserDto)
2023-11-28T22:11:58.323-05:00 DEBUG 27472 --- [           main] s.w.s.m.m.a.RequestMappingHandlerMapping : Mapped to com.cash_flow_app.apicashflow.controller.UserController#signup(UserDto)
2023-11-28T22:11:58.323-05:00 DEBUG 27472 --- [           main] s.w.s.m.m.a.RequestMappingHandlerMapping : Mapped to com.cash_flow_app.apicashflow.controller.UserController#signup(UserDto)
2023-11-28T22:11:58.323-05:00 DEBUG 27472 --- [           main] s.w.s.m.m.a.RequestMappingHandlerMapping : Mapped to com.cash_flow_app.apicashflow.controller.UserController#signup(UserDto)
2023-11-28T22:11:58.323-05:00 DEBUG 27472 --- [           main] s.w.s.m.m.a.RequestMappingHandlerMapping : Mapped to com.cash_flow_app.apicashflow.controller.UserController#signup(UserDto)
2023-11-28T22:11:58.323-05:00 DEBUG 27472 --- [           main] o.s.security.web.FilterChainProxy        : Secured POST /api/v1/user/signup
2023-11-28T22:11:58.324-05:00 DEBUG 27472 --- [           main] o.s.t.web.servlet.TestDispatcherServlet  : POST "/api/v1/user/signup", parameters={masked}
2023-11-28T22:11:58.324-05:00 DEBUG 27472 --- [           main] s.w.s.m.m.a.RequestMappingHandlerMapping : Mapped to com.cash_flow_app.apicashflow.controller.UserController#signup(UserDto)
2023-11-28T22:11:58.324-05:00 DEBUG 27472 --- [           main] m.m.a.RequestResponseBodyMethodProcessor : Read "application/json;charset=UTF-8" to [UserDto(username=usuario_test, password=123456, authorities=[{endpoint=Account, actions=[CREATE, REA (truncated)...]
2023-11-28T22:11:58.324-05:00 DEBUG 27472 --- [           main] org.hibernate.orm.sql.ast.create         : Created new SQL alias : a1_0
2023-11-28T22:11:58.324-05:00 DEBUG 27472 --- [           main] org.hibernate.orm.sql.ast.create         : Registration of TableGroup [StandardTableGroup(com.cash_flow_app.apicashflow.entities_repositories_and_services.base.authority.Authority(35202161494041))] with identifierForTableGroup [com.cash_flow_app.apicashflow.entities_repositories_and_services.base.authority.Authority] for NavigablePath [com.cash_flow_app.apicashflow.entities_repositories_and_services.base.authority.Authority] 
2023-11-28T22:11:58.324-05:00 DEBUG 27472 --- [           main] o.h.q.sqm.sql.BaseSqmToSqlAstConverter   : Determining mapping-model type for SqmParameter : org.hibernate.query.sqm.tree.expression.SqmJpaCriteriaParameterWrapper@6ed3fecb
2023-11-28T22:11:58.324-05:00 DEBUG 27472 --- [           main] o.h.q.sqm.sql.BaseSqmToSqlAstConverter   : Determining mapping-model type for SqmPath : SqmBasicValuedSimplePath(com.cash_flow_app.apicashflow.entities_repositories_and_services.base.authority.Authority(35202161494041).permission) 
2023-11-28T22:11:58.324-05:00 DEBUG 27472 --- [           main] o.h.q.sqm.sql.BaseSqmToSqlAstConverter   : Determining mapping-model type for SqmParameter : org.hibernate.query.sqm.tree.expression.SqmJpaCriteriaParameterWrapper@8968fe8
2023-11-28T22:11:58.324-05:00 DEBUG 27472 --- [           main] o.h.q.sqm.sql.BaseSqmToSqlAstConverter   : Determining mapping-model type for SqmPath : SqmBasicValuedSimplePath(com.cash_flow_app.apicashflow.entities_repositories_and_services.base.authority.Authority(35202161494041).endpoint) 
2023-11-28T22:11:58.324-05:00 DEBUG 27472 --- [           main] org.hibernate.orm.results.graph.AST      : DomainResult Graph:
 \-EntityResultImpl [com.cash_flow_app.apicashflow.entities_repositories_and_services.base.authority.Authority(35202161494041)]
 |  +-BasicFetch [com.cash_flow_app.apicashflow.entities_repositories_and_services.base.authority.Authority(35202161494041).endpoint]
 |  \-BasicFetch [com.cash_flow_app.apicashflow.entities_repositories_and_services.base.authority.Authority(35202161494041).permission]

2023-11-28T22:11:58.324-05:00 DEBUG 27472 --- [           main] org.hibernate.orm.sql.ast.tree           : SQL AST Tree:
    SelectStatement {
      FromClause {
        StandardTableGroup (a1 : com.cash_flow_app.apicashflow.entities_repositories_and_services.base.authority.Authority(35202161494041)) {
          primaryTableReference : authorities as a1_0
        }
      }
    }

2023-11-28T22:11:58.324-05:00 DEBUG 27472 --- [           main] org.hibernate.orm.sql.exec               : Skipping reading Query result cache data: cache-enabled = false, cache-mode = NORMAL
2023-11-28T22:11:58.324-05:00 DEBUG 27472 --- [           main] org.hibernate.orm.results                : Initializer list
2023-11-28T22:11:58.324-05:00 DEBUG 27472 --- [           main] org.hibernate.orm.results                :     com.cash_flow_app.apicashflow.entities_repositories_and_services.base.authority.Authority(35202161494041) -> EntityResultInitializer(com.cash_flow_app.apicashflow.entities_repositories_and_services.base.authority.Authority(35202161494041))@74866263 (SingleTableEntityPersister(com.cash_flow_app.apicashflow.entities_repositories_and_services.base.authority.Authority))
2023-11-28T22:11:58.324-05:00 DEBUG 27472 --- [           main] org.hibernate.SQL                        : 
    select
        a1_0.id,
        a1_0.endpoint,
        a1_0.permission 
    from
        authorities a1_0 
    where
        a1_0.permission=? 
        and a1_0.endpoint=?
2023-11-28T22:11:58.325-05:00 DEBUG 27472 --- [           main] org.hibernate.orm.results                : Extracted JDBC value [0] - [9aaf7d40-45f6-4ab6-90a9-a23f4c1b5f2f]
2023-11-28T22:11:58.325-05:00 DEBUG 27472 --- [           main] o.hibernate.orm.results.loading.entity   : (EntityResultInitializer) Hydrated EntityKey (com.cash_flow_app.apicashflow.entities_repositories_and_services.base.authority.Authority(35202161494041)): 9aaf7d40-45f6-4ab6-90a9-a23f4c1b5f2f
2023-11-28T22:11:58.325-05:00 DEBUG 27472 --- [           main] o.hibernate.orm.results.loading.entity   : (EntityResultInitializer) Created new entity instance [com.cash_flow_app.apicashflow.entities_repositories_and_services.base.authority.Authority(35202161494041)#9aaf7d40-45f6-4ab6-90a9-a23f4c1b5f2f] : com.cash_flow_app.apicashflow.entities_repositories_and_services.base.authority.Authority@436c910e
2023-11-28T22:11:58.325-05:00 DEBUG 27472 --- [           main] org.hibernate.orm.results                : Extracted JDBC value [1] - [Account]
2023-11-28T22:11:58.325-05:00 DEBUG 27472 --- [           main] org.hibernate.orm.results                : Extracted JDBC value [2] - [CREATE]
2023-11-28T22:11:58.325-05:00 DEBUG 27472 --- [           main] o.hibernate.orm.results.loading.entity   : (EntityResultInitializer) Done materializing entityInstance : com.cash_flow_app.apicashflow.entities_repositories_and_services.base.authority.Authority(35202161494041)#9aaf7d40-45f6-4ab6-90a9-a23f4c1b5f2f
2023-11-28T22:11:58.325-05:00 DEBUG 27472 --- [           main] org.hibernate.orm.results.loading        : Calling top-level assembler (0 / 1) : org.hibernate.sql.results.graph.entity.internal.EntityAssembler@75defbd2
2023-11-28T22:11:58.325-05:00 DEBUG 27472 --- [           main] org.hibernate.orm.sql.ast.create         : Created new SQL alias : a1_0
2023-11-28T22:11:58.325-05:00 DEBUG 27472 --- [           main] org.hibernate.orm.sql.ast.create         : Registration of TableGroup [StandardTableGroup(com.cash_flow_app.apicashflow.entities_repositories_and_services.base.authority.Authority(35202161494041))] with identifierForTableGroup [com.cash_flow_app.apicashflow.entities_repositories_and_services.base.authority.Authority] for NavigablePath [com.cash_flow_app.apicashflow.entities_repositories_and_services.base.authority.Authority] 
2023-11-28T22:11:58.325-05:00 DEBUG 27472 --- [           main] o.h.q.sqm.sql.BaseSqmToSqlAstConverter   : Determining mapping-model type for SqmParameter : org.hibernate.query.sqm.tree.expression.SqmJpaCriteriaParameterWrapper@1f5359a8
2023-11-28T22:11:58.325-05:00 DEBUG 27472 --- [           main] o.h.q.sqm.sql.BaseSqmToSqlAstConverter   : Determining mapping-model type for SqmPath : SqmBasicValuedSimplePath(com.cash_flow_app.apicashflow.entities_repositories_and_services.base.authority.Authority(35202161494041).permission) 
2023-11-28T22:11:58.325-05:00 DEBUG 27472 --- [           main] o.h.q.sqm.sql.BaseSqmToSqlAstConverter   : Determining mapping-model type for SqmParameter : org.hibernate.query.sqm.tree.expression.SqmJpaCriteriaParameterWrapper@47cdae47
2023-11-28T22:11:58.325-05:00 DEBUG 27472 --- [           main] o.h.q.sqm.sql.BaseSqmToSqlAstConverter   : Determining mapping-model type for SqmPath : SqmBasicValuedSimplePath(com.cash_flow_app.apicashflow.entities_repositories_and_services.base.authority.Authority(35202161494041).endpoint) 
2023-11-28T22:11:58.325-05:00 DEBUG 27472 --- [           main] org.hibernate.orm.results.graph.AST      : DomainResult Graph:
 \-EntityResultImpl [com.cash_flow_app.apicashflow.entities_repositories_and_services.base.authority.Authority(35202161494041)]
 |  +-BasicFetch [com.cash_flow_app.apicashflow.entities_repositories_and_services.base.authority.Authority(35202161494041).endpoint]
 |  \-BasicFetch [com.cash_flow_app.apicashflow.entities_repositories_and_services.base.authority.Authority(35202161494041).permission]

2023-11-28T22:11:58.325-05:00 DEBUG 27472 --- [           main] org.hibernate.orm.sql.ast.tree           : SQL AST Tree:
    SelectStatement {
      FromClause {
        StandardTableGroup (a1 : com.cash_flow_app.apicashflow.entities_repositories_and_services.base.authority.Authority(35202161494041)) {
          primaryTableReference : authorities as a1_0
        }
      }
    }

2023-11-28T22:11:58.326-05:00 DEBUG 27472 --- [           main] o.h.e.i.AbstractFlushingEventListener    : Processing flush-time cascades
2023-11-28T22:11:58.326-05:00 DEBUG 27472 --- [           main] o.h.e.i.AbstractFlushingEventListener    : Dirty checking collections
2023-11-28T22:11:58.326-05:00 DEBUG 27472 --- [           main] o.h.e.i.AbstractFlushingEventListener    : Flushed: 0 insertions, 0 updates, 0 deletions to 1 objects
2023-11-28T22:11:58.326-05:00 DEBUG 27472 --- [           main] o.h.e.i.AbstractFlushingEventListener    : Flushed: 0 (re)creations, 0 updates, 0 removals to 0 collections
2023-11-28T22:11:58.326-05:00 DEBUG 27472 --- [           main] o.hibernate.internal.util.EntityPrinter  : Listing entities:
2023-11-28T22:11:58.326-05:00 DEBUG 27472 --- [           main] o.hibernate.internal.util.EntityPrinter  : com.cash_flow_app.apicashflow.entities_repositories_and_services.base.authority.Authority{endpoint=Account, permission=CREATE, id=9aaf7d40-45f6-4ab6-90a9-a23f4c1b5f2f}
2023-11-28T22:11:58.326-05:00 DEBUG 27472 --- [           main] org.hibernate.orm.sql.exec               : Skipping reading Query result cache data: cache-enabled = false, cache-mode = NORMAL
2023-11-28T22:11:58.326-05:00 DEBUG 27472 --- [           main] org.hibernate.orm.results                : Initializer list
2023-11-28T22:11:58.326-05:00 DEBUG 27472 --- [           main] org.hibernate.orm.results                :     com.cash_flow_app.apicashflow.entities_repositories_and_services.base.authority.Authority(35202161494041) -> EntityResultInitializer(com.cash_flow_app.apicashflow.entities_repositories_and_services.base.authority.Authority(35202161494041))@1292003898 (SingleTableEntityPersister(com.cash_flow_app.apicashflow.entities_repositories_and_services.base.authority.Authority))
2023-11-28T22:11:58.326-05:00 DEBUG 27472 --- [           main] org.hibernate.SQL                        : 
    select
        a1_0.id,
        a1_0.endpoint,
        a1_0.permission 
    from
        authorities a1_0 
    where
        a1_0.permission=? 
        and a1_0.endpoint=?
2023-11-28T22:11:58.326-05:00 DEBUG 27472 --- [           main] org.hibernate.orm.results                : Extracted JDBC value [0] - [b14a62f4-d04f-422a-a2a3-1f80e2635352]
2023-11-28T22:11:58.326-05:00 DEBUG 27472 --- [           main] o.hibernate.orm.results.loading.entity   : (EntityResultInitializer) Hydrated EntityKey (com.cash_flow_app.apicashflow.entities_repositories_and_services.base.authority.Authority(35202161494041)): b14a62f4-d04f-422a-a2a3-1f80e2635352
2023-11-28T22:11:58.326-05:00 DEBUG 27472 --- [           main] o.hibernate.orm.results.loading.entity   : (EntityResultInitializer) Created new entity instance [com.cash_flow_app.apicashflow.entities_repositories_and_services.base.authority.Authority(35202161494041)#b14a62f4-d04f-422a-a2a3-1f80e2635352] : com.cash_flow_app.apicashflow.entities_repositories_and_services.base.authority.Authority@11e930e
2023-11-28T22:11:58.326-05:00 DEBUG 27472 --- [           main] org.hibernate.orm.results                : Extracted JDBC value [1] - [Account]
2023-11-28T22:11:58.326-05:00 DEBUG 27472 --- [           main] org.hibernate.orm.results                : Extracted JDBC value [2] - [READ]
2023-11-28T22:11:58.326-05:00 DEBUG 27472 --- [           main] o.hibernate.orm.results.loading.entity   : (EntityResultInitializer) Done materializing entityInstance : com.cash_flow_app.apicashflow.entities_repositories_and_services.base.authority.Authority(35202161494041)#b14a62f4-d04f-422a-a2a3-1f80e2635352
2023-11-28T22:11:58.326-05:00 DEBUG 27472 --- [           main] org.hibernate.orm.results.loading        : Calling top-level assembler (0 / 1) : org.hibernate.sql.results.graph.entity.internal.EntityAssembler@5f936aad
2023-11-28T22:11:58.326-05:00 DEBUG 27472 --- [           main] org.hibernate.orm.sql.ast.create         : Created new SQL alias : a1_0
2023-11-28T22:11:58.326-05:00 DEBUG 27472 --- [           main] org.hibernate.orm.sql.ast.create         : Registration of TableGroup [StandardTableGroup(com.cash_flow_app.apicashflow.entities_repositories_and_services.base.authority.Authority(35202161494041))] with identifierForTableGroup [com.cash_flow_app.apicashflow.entities_repositories_and_services.base.authority.Authority] for NavigablePath [com.cash_flow_app.apicashflow.entities_repositories_and_services.base.authority.Authority] 
2023-11-28T22:11:58.326-05:00 DEBUG 27472 --- [           main] o.h.q.sqm.sql.BaseSqmToSqlAstConverter   : Determining mapping-model type for SqmParameter : org.hibernate.query.sqm.tree.expression.SqmJpaCriteriaParameterWrapper@1931d9f3
2023-11-28T22:11:58.326-05:00 DEBUG 27472 --- [           main] o.h.q.sqm.sql.BaseSqmToSqlAstConverter   : Determining mapping-model type for SqmPath : SqmBasicValuedSimplePath(com.cash_flow_app.apicashflow.entities_repositories_and_services.base.authority.Authority(35202161494041).permission) 
2023-11-28T22:11:58.326-05:00 DEBUG 27472 --- [           main] o.h.q.sqm.sql.BaseSqmToSqlAstConverter   : Determining mapping-model type for SqmParameter : org.hibernate.query.sqm.tree.expression.SqmJpaCriteriaParameterWrapper@2222aa18
2023-11-28T22:11:58.326-05:00 DEBUG 27472 --- [           main] o.h.q.sqm.sql.BaseSqmToSqlAstConverter   : Determining mapping-model type for SqmPath : SqmBasicValuedSimplePath(com.cash_flow_app.apicashflow.entities_repositories_and_services.base.authority.Authority(35202161494041).endpoint) 
2023-11-28T22:11:58.326-05:00 DEBUG 27472 --- [           main] org.hibernate.orm.results.graph.AST      : DomainResult Graph:
 \-EntityResultImpl [com.cash_flow_app.apicashflow.entities_repositories_and_services.base.authority.Authority(35202161494041)]
 |  +-BasicFetch [com.cash_flow_app.apicashflow.entities_repositories_and_services.base.authority.Authority(35202161494041).endpoint]
 |  \-BasicFetch [com.cash_flow_app.apicashflow.entities_repositories_and_services.base.authority.Authority(35202161494041).permission]

2023-11-28T22:11:58.326-05:00 DEBUG 27472 --- [           main] org.hibernate.orm.sql.ast.tree           : SQL AST Tree:
    SelectStatement {
      FromClause {
        StandardTableGroup (a1 : com.cash_flow_app.apicashflow.entities_repositories_and_services.base.authority.Authority(35202161494041)) {
          primaryTableReference : authorities as a1_0
        }
      }
    }

2023-11-28T22:11:58.326-05:00 DEBUG 27472 --- [           main] o.h.e.i.AbstractFlushingEventListener    : Processing flush-time cascades
2023-11-28T22:11:58.326-05:00 DEBUG 27472 --- [           main] o.h.e.i.AbstractFlushingEventListener    : Dirty checking collections
2023-11-28T22:11:58.327-05:00 DEBUG 27472 --- [           main] o.h.e.i.AbstractFlushingEventListener    : Flushed: 0 insertions, 0 updates, 0 deletions to 2 objects
2023-11-28T22:11:58.327-05:00 DEBUG 27472 --- [           main] o.h.e.i.AbstractFlushingEventListener    : Flushed: 0 (re)creations, 0 updates, 0 removals to 0 collections
2023-11-28T22:11:58.327-05:00 DEBUG 27472 --- [           main] o.hibernate.internal.util.EntityPrinter  : Listing entities:
2023-11-28T22:11:58.327-05:00 DEBUG 27472 --- [           main] o.hibernate.internal.util.EntityPrinter  : com.cash_flow_app.apicashflow.entities_repositories_and_services.base.authority.Authority{endpoint=Account, permission=CREATE, id=9aaf7d40-45f6-4ab6-90a9-a23f4c1b5f2f}
2023-11-28T22:11:58.327-05:00 DEBUG 27472 --- [           main] o.hibernate.internal.util.EntityPrinter  : com.cash_flow_app.apicashflow.entities_repositories_and_services.base.authority.Authority{endpoint=Account, permission=READ, id=b14a62f4-d04f-422a-a2a3-1f80e2635352}
2023-11-28T22:11:58.327-05:00 DEBUG 27472 --- [           main] org.hibernate.orm.sql.exec               : Skipping reading Query result cache data: cache-enabled = false, cache-mode = NORMAL
2023-11-28T22:11:58.327-05:00 DEBUG 27472 --- [           main] org.hibernate.orm.results                : Initializer list
2023-11-28T22:11:58.327-05:00 DEBUG 27472 --- [           main] org.hibernate.orm.results                :     com.cash_flow_app.apicashflow.entities_repositories_and_services.base.authority.Authority(35202161494041) -> EntityResultInitializer(com.cash_flow_app.apicashflow.entities_repositories_and_services.base.authority.Authority(35202161494041))@872394953 (SingleTableEntityPersister(com.cash_flow_app.apicashflow.entities_repositories_and_services.base.authority.Authority))
2023-11-28T22:11:58.327-05:00 DEBUG 27472 --- [           main] org.hibernate.SQL                        : 
    select
        a1_0.id,
        a1_0.endpoint,
        a1_0.permission 
    from
        authorities a1_0 
    where
        a1_0.permission=? 
        and a1_0.endpoint=?
2023-11-28T22:11:58.327-05:00 DEBUG 27472 --- [           main] org.hibernate.orm.results                : Extracted JDBC value [0] - [363894b3-8bdc-4764-ad13-d91f872e1a95]
2023-11-28T22:11:58.327-05:00 DEBUG 27472 --- [           main] o.hibernate.orm.results.loading.entity   : (EntityResultInitializer) Hydrated EntityKey (com.cash_flow_app.apicashflow.entities_repositories_and_services.base.authority.Authority(35202161494041)): 363894b3-8bdc-4764-ad13-d91f872e1a95
2023-11-28T22:11:58.327-05:00 DEBUG 27472 --- [           main] o.hibernate.orm.results.loading.entity   : (EntityResultInitializer) Created new entity instance [com.cash_flow_app.apicashflow.entities_repositories_and_services.base.authority.Authority(35202161494041)#363894b3-8bdc-4764-ad13-d91f872e1a95] : com.cash_flow_app.apicashflow.entities_repositories_and_services.base.authority.Authority@3077921f
2023-11-28T22:11:58.327-05:00 DEBUG 27472 --- [           main] org.hibernate.orm.results                : Extracted JDBC value [1] - [Account]
2023-11-28T22:11:58.327-05:00 DEBUG 27472 --- [           main] org.hibernate.orm.results                : Extracted JDBC value [2] - [DELETE]
2023-11-28T22:11:58.327-05:00 DEBUG 27472 --- [           main] o.hibernate.orm.results.loading.entity   : (EntityResultInitializer) Done materializing entityInstance : com.cash_flow_app.apicashflow.entities_repositories_and_services.base.authority.Authority(35202161494041)#363894b3-8bdc-4764-ad13-d91f872e1a95
2023-11-28T22:11:58.327-05:00 DEBUG 27472 --- [           main] org.hibernate.orm.results.loading        : Calling top-level assembler (0 / 1) : org.hibernate.sql.results.graph.entity.internal.EntityAssembler@7ec01520
2023-11-28T22:11:58.327-05:00 DEBUG 27472 --- [           main] org.hibernate.orm.sql.ast.create         : Created new SQL alias : a1_0
2023-11-28T22:11:58.327-05:00 DEBUG 27472 --- [           main] org.hibernate.orm.sql.ast.create         : Registration of TableGroup [StandardTableGroup(com.cash_flow_app.apicashflow.entities_repositories_and_services.base.authority.Authority(35202161494041))] with identifierForTableGroup [com.cash_flow_app.apicashflow.entities_repositories_and_services.base.authority.Authority] for NavigablePath [com.cash_flow_app.apicashflow.entities_repositories_and_services.base.authority.Authority] 
2023-11-28T22:11:58.327-05:00 DEBUG 27472 --- [           main] o.h.q.sqm.sql.BaseSqmToSqlAstConverter   : Determining mapping-model type for SqmParameter : org.hibernate.query.sqm.tree.expression.SqmJpaCriteriaParameterWrapper@471933e5
2023-11-28T22:11:58.327-05:00 DEBUG 27472 --- [           main] o.h.q.sqm.sql.BaseSqmToSqlAstConverter   : Determining mapping-model type for SqmPath : SqmBasicValuedSimplePath(com.cash_flow_app.apicashflow.entities_repositories_and_services.base.authority.Authority(35202161494041).permission) 
2023-11-28T22:11:58.327-05:00 DEBUG 27472 --- [           main] o.h.q.sqm.sql.BaseSqmToSqlAstConverter   : Determining mapping-model type for SqmParameter : org.hibernate.query.sqm.tree.expression.SqmJpaCriteriaParameterWrapper@4ba6b5eb
2023-11-28T22:11:58.327-05:00 DEBUG 27472 --- [           main] o.h.q.sqm.sql.BaseSqmToSqlAstConverter   : Determining mapping-model type for SqmPath : SqmBasicValuedSimplePath(com.cash_flow_app.apicashflow.entities_repositories_and_services.base.authority.Authority(35202161494041).endpoint) 
2023-11-28T22:11:58.327-05:00 DEBUG 27472 --- [           main] org.hibernate.orm.results.graph.AST      : DomainResult Graph:
 \-EntityResultImpl [com.cash_flow_app.apicashflow.entities_repositories_and_services.base.authority.Authority(35202161494041)]
 |  +-BasicFetch [com.cash_flow_app.apicashflow.entities_repositories_and_services.base.authority.Authority(35202161494041).endpoint]
 |  \-BasicFetch [com.cash_flow_app.apicashflow.entities_repositories_and_services.base.authority.Authority(35202161494041).permission]

2023-11-28T22:11:58.327-05:00 DEBUG 27472 --- [           main] org.hibernate.orm.sql.ast.tree           : SQL AST Tree:
    SelectStatement {
      FromClause {
        StandardTableGroup (a1 : com.cash_flow_app.apicashflow.entities_repositories_and_services.base.authority.Authority(35202161494041)) {
          primaryTableReference : authorities as a1_0
        }
      }
    }

2023-11-28T22:11:58.327-05:00 DEBUG 27472 --- [           main] o.h.e.i.AbstractFlushingEventListener    : Processing flush-time cascades
2023-11-28T22:11:58.327-05:00 DEBUG 27472 --- [           main] o.h.e.i.AbstractFlushingEventListener    : Dirty checking collections
2023-11-28T22:11:58.327-05:00 DEBUG 27472 --- [           main] o.h.e.i.AbstractFlushingEventListener    : Flushed: 0 insertions, 0 updates, 0 deletions to 3 objects
2023-11-28T22:11:58.327-05:00 DEBUG 27472 --- [           main] o.h.e.i.AbstractFlushingEventListener    : Flushed: 0 (re)creations, 0 updates, 0 removals to 0 collections
2023-11-28T22:11:58.327-05:00 DEBUG 27472 --- [           main] o.hibernate.internal.util.EntityPrinter  : Listing entities:
2023-11-28T22:11:58.327-05:00 DEBUG 27472 --- [           main] o.hibernate.internal.util.EntityPrinter  : com.cash_flow_app.apicashflow.entities_repositories_and_services.base.authority.Authority{endpoint=Account, permission=DELETE, id=363894b3-8bdc-4764-ad13-d91f872e1a95}
2023-11-28T22:11:58.327-05:00 DEBUG 27472 --- [           main] o.hibernate.internal.util.EntityPrinter  : com.cash_flow_app.apicashflow.entities_repositories_and_services.base.authority.Authority{endpoint=Account, permission=CREATE, id=9aaf7d40-45f6-4ab6-90a9-a23f4c1b5f2f}
2023-11-28T22:11:58.327-05:00 DEBUG 27472 --- [           main] o.hibernate.internal.util.EntityPrinter  : com.cash_flow_app.apicashflow.entities_repositories_and_services.base.authority.Authority{endpoint=Account, permission=READ, id=b14a62f4-d04f-422a-a2a3-1f80e2635352}
2023-11-28T22:11:58.327-05:00 DEBUG 27472 --- [           main] org.hibernate.orm.sql.exec               : Skipping reading Query result cache data: cache-enabled = false, cache-mode = NORMAL
2023-11-28T22:11:58.327-05:00 DEBUG 27472 --- [           main] org.hibernate.orm.results                : Initializer list
2023-11-28T22:11:58.327-05:00 DEBUG 27472 --- [           main] org.hibernate.orm.results                :     com.cash_flow_app.apicashflow.entities_repositories_and_services.base.authority.Authority(35202161494041) -> EntityResultInitializer(com.cash_flow_app.apicashflow.entities_repositories_and_services.base.authority.Authority(35202161494041))@1227177247 (SingleTableEntityPersister(com.cash_flow_app.apicashflow.entities_repositories_and_services.base.authority.Authority))
2023-11-28T22:11:58.327-05:00 DEBUG 27472 --- [           main] org.hibernate.SQL                        : 
    select
        a1_0.id,
        a1_0.endpoint,
        a1_0.permission 
    from
        authorities a1_0 
    where
        a1_0.permission=? 
        and a1_0.endpoint=?
2023-11-28T22:11:58.328-05:00 DEBUG 27472 --- [           main] org.hibernate.orm.results                : Extracted JDBC value [0] - [f4f135be-a2b5-48d1-a9d0-2b14e82cc373]
2023-11-28T22:11:58.328-05:00 DEBUG 27472 --- [           main] o.hibernate.orm.results.loading.entity   : (EntityResultInitializer) Hydrated EntityKey (com.cash_flow_app.apicashflow.entities_repositories_and_services.base.authority.Authority(35202161494041)): f4f135be-a2b5-48d1-a9d0-2b14e82cc373
2023-11-28T22:11:58.328-05:00 DEBUG 27472 --- [           main] o.hibernate.orm.results.loading.entity   : (EntityResultInitializer) Created new entity instance [com.cash_flow_app.apicashflow.entities_repositories_and_services.base.authority.Authority(35202161494041)#f4f135be-a2b5-48d1-a9d0-2b14e82cc373] : com.cash_flow_app.apicashflow.entities_repositories_and_services.base.authority.Authority@2dddf634
2023-11-28T22:11:58.328-05:00 DEBUG 27472 --- [           main] org.hibernate.orm.results                : Extracted JDBC value [1] - [User]
2023-11-28T22:11:58.328-05:00 DEBUG 27472 --- [           main] org.hibernate.orm.results                : Extracted JDBC value [2] - [CREATE]
2023-11-28T22:11:58.328-05:00 DEBUG 27472 --- [           main] o.hibernate.orm.results.loading.entity   : (EntityResultInitializer) Done materializing entityInstance : com.cash_flow_app.apicashflow.entities_repositories_and_services.base.authority.Authority(35202161494041)#f4f135be-a2b5-48d1-a9d0-2b14e82cc373
2023-11-28T22:11:58.328-05:00 DEBUG 27472 --- [           main] org.hibernate.orm.results.loading        : Calling top-level assembler (0 / 1) : org.hibernate.sql.results.graph.entity.internal.EntityAssembler@4df0eb55
2023-11-28T22:11:58.328-05:00 DEBUG 27472 --- [           main] org.hibernate.orm.sql.ast.create         : Created new SQL alias : a1_0
2023-11-28T22:11:58.328-05:00 DEBUG 27472 --- [           main] org.hibernate.orm.sql.ast.create         : Registration of TableGroup [StandardTableGroup(com.cash_flow_app.apicashflow.entities_repositories_and_services.base.authority.Authority(35202161494041))] with identifierForTableGroup [com.cash_flow_app.apicashflow.entities_repositories_and_services.base.authority.Authority] for NavigablePath [com.cash_flow_app.apicashflow.entities_repositories_and_services.base.authority.Authority] 
2023-11-28T22:11:58.328-05:00 DEBUG 27472 --- [           main] o.h.q.sqm.sql.BaseSqmToSqlAstConverter   : Determining mapping-model type for SqmParameter : org.hibernate.query.sqm.tree.expression.SqmJpaCriteriaParameterWrapper@622b91dc
2023-11-28T22:11:58.328-05:00 DEBUG 27472 --- [           main] o.h.q.sqm.sql.BaseSqmToSqlAstConverter   : Determining mapping-model type for SqmPath : SqmBasicValuedSimplePath(com.cash_flow_app.apicashflow.entities_repositories_and_services.base.authority.Authority(35202161494041).permission) 
2023-11-28T22:11:58.328-05:00 DEBUG 27472 --- [           main] o.h.q.sqm.sql.BaseSqmToSqlAstConverter   : Determining mapping-model type for SqmParameter : org.hibernate.query.sqm.tree.expression.SqmJpaCriteriaParameterWrapper@6212695e
2023-11-28T22:11:58.328-05:00 DEBUG 27472 --- [           main] o.h.q.sqm.sql.BaseSqmToSqlAstConverter   : Determining mapping-model type for SqmPath : SqmBasicValuedSimplePath(com.cash_flow_app.apicashflow.entities_repositories_and_services.base.authority.Authority(35202161494041).endpoint) 
2023-11-28T22:11:58.328-05:00 DEBUG 27472 --- [           main] org.hibernate.orm.results.graph.AST      : DomainResult Graph:
 \-EntityResultImpl [com.cash_flow_app.apicashflow.entities_repositories_and_services.base.authority.Authority(35202161494041)]
 |  +-BasicFetch [com.cash_flow_app.apicashflow.entities_repositories_and_services.base.authority.Authority(35202161494041).endpoint]
 |  \-BasicFetch [com.cash_flow_app.apicashflow.entities_repositories_and_services.base.authority.Authority(35202161494041).permission]

2023-11-28T22:11:58.328-05:00 DEBUG 27472 --- [           main] org.hibernate.orm.sql.ast.tree           : SQL AST Tree:
    SelectStatement {
      FromClause {
        StandardTableGroup (a1 : com.cash_flow_app.apicashflow.entities_repositories_and_services.base.authority.Authority(35202161494041)) {
          primaryTableReference : authorities as a1_0
        }
      }
    }

2023-11-28T22:11:58.328-05:00 DEBUG 27472 --- [           main] o.h.e.i.AbstractFlushingEventListener    : Processing flush-time cascades
2023-11-28T22:11:58.328-05:00 DEBUG 27472 --- [           main] o.h.e.i.AbstractFlushingEventListener    : Dirty checking collections
2023-11-28T22:11:58.328-05:00 DEBUG 27472 --- [           main] o.h.e.i.AbstractFlushingEventListener    : Flushed: 0 insertions, 0 updates, 0 deletions to 4 objects
2023-11-28T22:11:58.328-05:00 DEBUG 27472 --- [           main] o.h.e.i.AbstractFlushingEventListener    : Flushed: 0 (re)creations, 0 updates, 0 removals to 0 collections
2023-11-28T22:11:58.328-05:00 DEBUG 27472 --- [           main] o.hibernate.internal.util.EntityPrinter  : Listing entities:
2023-11-28T22:11:58.328-05:00 DEBUG 27472 --- [           main] o.hibernate.internal.util.EntityPrinter  : com.cash_flow_app.apicashflow.entities_repositories_and_services.base.authority.Authority{endpoint=User, permission=CREATE, id=f4f135be-a2b5-48d1-a9d0-2b14e82cc373}
2023-11-28T22:11:58.328-05:00 DEBUG 27472 --- [           main] o.hibernate.internal.util.EntityPrinter  : com.cash_flow_app.apicashflow.entities_repositories_and_services.base.authority.Authority{endpoint=Account, permission=DELETE, id=363894b3-8bdc-4764-ad13-d91f872e1a95}
2023-11-28T22:11:58.328-05:00 DEBUG 27472 --- [           main] o.hibernate.internal.util.EntityPrinter  : com.cash_flow_app.apicashflow.entities_repositories_and_services.base.authority.Authority{endpoint=Account, permission=CREATE, id=9aaf7d40-45f6-4ab6-90a9-a23f4c1b5f2f}
2023-11-28T22:11:58.328-05:00 DEBUG 27472 --- [           main] o.hibernate.internal.util.EntityPrinter  : com.cash_flow_app.apicashflow.entities_repositories_and_services.base.authority.Authority{endpoint=Account, permission=READ, id=b14a62f4-d04f-422a-a2a3-1f80e2635352}
2023-11-28T22:11:58.328-05:00 DEBUG 27472 --- [           main] org.hibernate.orm.sql.exec               : Skipping reading Query result cache data: cache-enabled = false, cache-mode = NORMAL
2023-11-28T22:11:58.328-05:00 DEBUG 27472 --- [           main] org.hibernate.orm.results                : Initializer list
2023-11-28T22:11:58.328-05:00 DEBUG 27472 --- [           main] org.hibernate.orm.results                :     com.cash_flow_app.apicashflow.entities_repositories_and_services.base.authority.Authority(35202161494041) -> EntityResultInitializer(com.cash_flow_app.apicashflow.entities_repositories_and_services.base.authority.Authority(35202161494041))@628007126 (SingleTableEntityPersister(com.cash_flow_app.apicashflow.entities_repositories_and_services.base.authority.Authority))
2023-11-28T22:11:58.328-05:00 DEBUG 27472 --- [           main] org.hibernate.SQL                        : 
    select
        a1_0.id,
        a1_0.endpoint,
        a1_0.permission 
    from
        authorities a1_0 
    where
        a1_0.permission=? 
        and a1_0.endpoint=?
2023-11-28T22:11:58.328-05:00 DEBUG 27472 --- [           main] org.hibernate.orm.results                : Extracted JDBC value [0] - [35481739-2447-454f-8ec3-daf467bb2ae5]
2023-11-28T22:11:58.328-05:00 DEBUG 27472 --- [           main] o.hibernate.orm.results.loading.entity   : (EntityResultInitializer) Hydrated EntityKey (com.cash_flow_app.apicashflow.entities_repositories_and_services.base.authority.Authority(35202161494041)): 35481739-2447-454f-8ec3-daf467bb2ae5
2023-11-28T22:11:58.328-05:00 DEBUG 27472 --- [           main] o.hibernate.orm.results.loading.entity   : (EntityResultInitializer) Created new entity instance [com.cash_flow_app.apicashflow.entities_repositories_and_services.base.authority.Authority(35202161494041)#35481739-2447-454f-8ec3-daf467bb2ae5] : com.cash_flow_app.apicashflow.entities_repositories_and_services.base.authority.Authority@75fe04d
2023-11-28T22:11:58.328-05:00 DEBUG 27472 --- [           main] org.hibernate.orm.results                : Extracted JDBC value [1] - [User]
2023-11-28T22:11:58.328-05:00 DEBUG 27472 --- [           main] org.hibernate.orm.results                : Extracted JDBC value [2] - [READ]
2023-11-28T22:11:58.328-05:00 DEBUG 27472 --- [           main] o.hibernate.orm.results.loading.entity   : (EntityResultInitializer) Done materializing entityInstance : com.cash_flow_app.apicashflow.entities_repositories_and_services.base.authority.Authority(35202161494041)#35481739-2447-454f-8ec3-daf467bb2ae5
2023-11-28T22:11:58.328-05:00 DEBUG 27472 --- [           main] org.hibernate.orm.results.loading        : Calling top-level assembler (0 / 1) : org.hibernate.sql.results.graph.entity.internal.EntityAssembler@57679860
2023-11-28T22:11:58.329-05:00 DEBUG 27472 --- [           main] org.hibernate.orm.sql.ast.create         : Created new SQL alias : a1_0
2023-11-28T22:11:58.329-05:00 DEBUG 27472 --- [           main] org.hibernate.orm.sql.ast.create         : Registration of TableGroup [StandardTableGroup(com.cash_flow_app.apicashflow.entities_repositories_and_services.base.authority.Authority(35202161494041))] with identifierForTableGroup [com.cash_flow_app.apicashflow.entities_repositories_and_services.base.authority.Authority] for NavigablePath [com.cash_flow_app.apicashflow.entities_repositories_and_services.base.authority.Authority] 
2023-11-28T22:11:58.329-05:00 DEBUG 27472 --- [           main] o.h.q.sqm.sql.BaseSqmToSqlAstConverter   : Determining mapping-model type for SqmParameter : org.hibernate.query.sqm.tree.expression.SqmJpaCriteriaParameterWrapper@6ed000ba
2023-11-28T22:11:58.329-05:00 DEBUG 27472 --- [           main] o.h.q.sqm.sql.BaseSqmToSqlAstConverter   : Determining mapping-model type for SqmPath : SqmBasicValuedSimplePath(com.cash_flow_app.apicashflow.entities_repositories_and_services.base.authority.Authority(35202161494041).permission) 
2023-11-28T22:11:58.329-05:00 DEBUG 27472 --- [           main] o.h.q.sqm.sql.BaseSqmToSqlAstConverter   : Determining mapping-model type for SqmParameter : org.hibernate.query.sqm.tree.expression.SqmJpaCriteriaParameterWrapper@5862dc47
2023-11-28T22:11:58.329-05:00 DEBUG 27472 --- [           main] o.h.q.sqm.sql.BaseSqmToSqlAstConverter   : Determining mapping-model type for SqmPath : SqmBasicValuedSimplePath(com.cash_flow_app.apicashflow.entities_repositories_and_services.base.authority.Authority(35202161494041).endpoint) 
2023-11-28T22:11:58.329-05:00 DEBUG 27472 --- [           main] org.hibernate.orm.results.graph.AST      : DomainResult Graph:
 \-EntityResultImpl [com.cash_flow_app.apicashflow.entities_repositories_and_services.base.authority.Authority(35202161494041)]
 |  +-BasicFetch [com.cash_flow_app.apicashflow.entities_repositories_and_services.base.authority.Authority(35202161494041).endpoint]
 |  \-BasicFetch [com.cash_flow_app.apicashflow.entities_repositories_and_services.base.authority.Authority(35202161494041).permission]

2023-11-28T22:11:58.329-05:00 DEBUG 27472 --- [           main] org.hibernate.orm.sql.ast.tree           : SQL AST Tree:
    SelectStatement {
      FromClause {
        StandardTableGroup (a1 : com.cash_flow_app.apicashflow.entities_repositories_and_services.base.authority.Authority(35202161494041)) {
          primaryTableReference : authorities as a1_0
        }
      }
    }

2023-11-28T22:11:58.329-05:00 DEBUG 27472 --- [           main] o.h.e.i.AbstractFlushingEventListener    : Processing flush-time cascades
2023-11-28T22:11:58.329-05:00 DEBUG 27472 --- [           main] o.h.e.i.AbstractFlushingEventListener    : Dirty checking collections
2023-11-28T22:11:58.329-05:00 DEBUG 27472 --- [           main] o.h.e.i.AbstractFlushingEventListener    : Flushed: 0 insertions, 0 updates, 0 deletions to 5 objects
2023-11-28T22:11:58.329-05:00 DEBUG 27472 --- [           main] o.h.e.i.AbstractFlushingEventListener    : Flushed: 0 (re)creations, 0 updates, 0 removals to 0 collections
2023-11-28T22:11:58.329-05:00 DEBUG 27472 --- [           main] o.hibernate.internal.util.EntityPrinter  : Listing entities:
2023-11-28T22:11:58.329-05:00 DEBUG 27472 --- [           main] o.hibernate.internal.util.EntityPrinter  : com.cash_flow_app.apicashflow.entities_repositories_and_services.base.authority.Authority{endpoint=User, permission=CREATE, id=f4f135be-a2b5-48d1-a9d0-2b14e82cc373}
2023-11-28T22:11:58.329-05:00 DEBUG 27472 --- [           main] o.hibernate.internal.util.EntityPrinter  : com.cash_flow_app.apicashflow.entities_repositories_and_services.base.authority.Authority{endpoint=User, permission=READ, id=35481739-2447-454f-8ec3-daf467bb2ae5}
2023-11-28T22:11:58.329-05:00 DEBUG 27472 --- [           main] o.hibernate.internal.util.EntityPrinter  : com.cash_flow_app.apicashflow.entities_repositories_and_services.base.authority.Authority{endpoint=Account, permission=DELETE, id=363894b3-8bdc-4764-ad13-d91f872e1a95}
2023-11-28T22:11:58.329-05:00 DEBUG 27472 --- [           main] o.hibernate.internal.util.EntityPrinter  : com.cash_flow_app.apicashflow.entities_repositories_and_services.base.authority.Authority{endpoint=Account, permission=CREATE, id=9aaf7d40-45f6-4ab6-90a9-a23f4c1b5f2f}
2023-11-28T22:11:58.329-05:00 DEBUG 27472 --- [           main] o.hibernate.internal.util.EntityPrinter  : com.cash_flow_app.apicashflow.entities_repositories_and_services.base.authority.Authority{endpoint=Account, permission=READ, id=b14a62f4-d04f-422a-a2a3-1f80e2635352}
2023-11-28T22:11:58.329-05:00 DEBUG 27472 --- [           main] org.hibernate.orm.sql.exec               : Skipping reading Query result cache data: cache-enabled = false, cache-mode = NORMAL
2023-11-28T22:11:58.329-05:00 DEBUG 27472 --- [           main] org.hibernate.orm.results                : Initializer list
2023-11-28T22:11:58.329-05:00 DEBUG 27472 --- [           main] org.hibernate.orm.results                :     com.cash_flow_app.apicashflow.entities_repositories_and_services.base.authority.Authority(35202161494041) -> EntityResultInitializer(com.cash_flow_app.apicashflow.entities_repositories_and_services.base.authority.Authority(35202161494041))@1803372144 (SingleTableEntityPersister(com.cash_flow_app.apicashflow.entities_repositories_and_services.base.authority.Authority))
2023-11-28T22:11:58.329-05:00 DEBUG 27472 --- [           main] org.hibernate.SQL                        : 
    select
        a1_0.id,
        a1_0.endpoint,
        a1_0.permission 
    from
        authorities a1_0 
    where
        a1_0.permission=? 
        and a1_0.endpoint=?
2023-11-28T22:11:58.329-05:00 DEBUG 27472 --- [           main] org.hibernate.orm.results                : Extracted JDBC value [0] - [4de61a19-9cab-469d-856c-169a503a3f70]
2023-11-28T22:11:58.329-05:00 DEBUG 27472 --- [           main] o.hibernate.orm.results.loading.entity   : (EntityResultInitializer) Hydrated EntityKey (com.cash_flow_app.apicashflow.entities_repositories_and_services.base.authority.Authority(35202161494041)): 4de61a19-9cab-469d-856c-169a503a3f70
2023-11-28T22:11:58.329-05:00 DEBUG 27472 --- [           main] o.hibernate.orm.results.loading.entity   : (EntityResultInitializer) Created new entity instance [com.cash_flow_app.apicashflow.entities_repositories_and_services.base.authority.Authority(35202161494041)#4de61a19-9cab-469d-856c-169a503a3f70] : com.cash_flow_app.apicashflow.entities_repositories_and_services.base.authority.Authority@45dbf4f6
2023-11-28T22:11:58.329-05:00 DEBUG 27472 --- [           main] org.hibernate.orm.results                : Extracted JDBC value [1] - [IncomeExpense]
2023-11-28T22:11:58.329-05:00 DEBUG 27472 --- [           main] org.hibernate.orm.results                : Extracted JDBC value [2] - [CREATE]
2023-11-28T22:11:58.329-05:00 DEBUG 27472 --- [           main] o.hibernate.orm.results.loading.entity   : (EntityResultInitializer) Done materializing entityInstance : com.cash_flow_app.apicashflow.entities_repositories_and_services.base.authority.Authority(35202161494041)#4de61a19-9cab-469d-856c-169a503a3f70
2023-11-28T22:11:58.329-05:00 DEBUG 27472 --- [           main] org.hibernate.orm.results.loading        : Calling top-level assembler (0 / 1) : org.hibernate.sql.results.graph.entity.internal.EntityAssembler@449464fb
2023-11-28T22:11:58.330-05:00 DEBUG 27472 --- [           main] org.hibernate.orm.sql.ast.create         : Created new SQL alias : a1_0
2023-11-28T22:11:58.330-05:00 DEBUG 27472 --- [           main] org.hibernate.orm.sql.ast.create         : Registration of TableGroup [StandardTableGroup(com.cash_flow_app.apicashflow.entities_repositories_and_services.base.authority.Authority(35202161494041))] with identifierForTableGroup [com.cash_flow_app.apicashflow.entities_repositories_and_services.base.authority.Authority] for NavigablePath [com.cash_flow_app.apicashflow.entities_repositories_and_services.base.authority.Authority] 
2023-11-28T22:11:58.330-05:00 DEBUG 27472 --- [           main] o.h.q.sqm.sql.BaseSqmToSqlAstConverter   : Determining mapping-model type for SqmParameter : org.hibernate.query.sqm.tree.expression.SqmJpaCriteriaParameterWrapper@b17f68
2023-11-28T22:11:58.330-05:00 DEBUG 27472 --- [           main] o.h.q.sqm.sql.BaseSqmToSqlAstConverter   : Determining mapping-model type for SqmPath : SqmBasicValuedSimplePath(com.cash_flow_app.apicashflow.entities_repositories_and_services.base.authority.Authority(35202161494041).permission) 
2023-11-28T22:11:58.330-05:00 DEBUG 27472 --- [           main] o.h.q.sqm.sql.BaseSqmToSqlAstConverter   : Determining mapping-model type for SqmParameter : org.hibernate.query.sqm.tree.expression.SqmJpaCriteriaParameterWrapper@463d48b2
2023-11-28T22:11:58.330-05:00 DEBUG 27472 --- [           main] o.h.q.sqm.sql.BaseSqmToSqlAstConverter   : Determining mapping-model type for SqmPath : SqmBasicValuedSimplePath(com.cash_flow_app.apicashflow.entities_repositories_and_services.base.authority.Authority(35202161494041).endpoint) 
2023-11-28T22:11:58.330-05:00 DEBUG 27472 --- [           main] org.hibernate.orm.results.graph.AST      : DomainResult Graph:
 \-EntityResultImpl [com.cash_flow_app.apicashflow.entities_repositories_and_services.base.authority.Authority(35202161494041)]
 |  +-BasicFetch [com.cash_flow_app.apicashflow.entities_repositories_and_services.base.authority.Authority(35202161494041).endpoint]
 |  \-BasicFetch [com.cash_flow_app.apicashflow.entities_repositories_and_services.base.authority.Authority(35202161494041).permission]

2023-11-28T22:11:58.330-05:00 DEBUG 27472 --- [           main] org.hibernate.orm.sql.ast.tree           : SQL AST Tree:
    SelectStatement {
      FromClause {
        StandardTableGroup (a1 : com.cash_flow_app.apicashflow.entities_repositories_and_services.base.authority.Authority(35202161494041)) {
          primaryTableReference : authorities as a1_0
        }
      }
    }

2023-11-28T22:11:58.330-05:00 DEBUG 27472 --- [           main] o.h.e.i.AbstractFlushingEventListener    : Processing flush-time cascades
2023-11-28T22:11:58.330-05:00 DEBUG 27472 --- [           main] o.h.e.i.AbstractFlushingEventListener    : Dirty checking collections
2023-11-28T22:11:58.330-05:00 DEBUG 27472 --- [           main] o.h.e.i.AbstractFlushingEventListener    : Flushed: 0 insertions, 0 updates, 0 deletions to 6 objects
2023-11-28T22:11:58.330-05:00 DEBUG 27472 --- [           main] o.h.e.i.AbstractFlushingEventListener    : Flushed: 0 (re)creations, 0 updates, 0 removals to 0 collections
2023-11-28T22:11:58.330-05:00 DEBUG 27472 --- [           main] o.hibernate.internal.util.EntityPrinter  : Listing entities:
2023-11-28T22:11:58.330-05:00 DEBUG 27472 --- [           main] o.hibernate.internal.util.EntityPrinter  : com.cash_flow_app.apicashflow.entities_repositories_and_services.base.authority.Authority{endpoint=User, permission=CREATE, id=f4f135be-a2b5-48d1-a9d0-2b14e82cc373}
2023-11-28T22:11:58.330-05:00 DEBUG 27472 --- [           main] o.hibernate.internal.util.EntityPrinter  : com.cash_flow_app.apicashflow.entities_repositories_and_services.base.authority.Authority{endpoint=User, permission=READ, id=35481739-2447-454f-8ec3-daf467bb2ae5}
2023-11-28T22:11:58.330-05:00 DEBUG 27472 --- [           main] o.hibernate.internal.util.EntityPrinter  : com.cash_flow_app.apicashflow.entities_repositories_and_services.base.authority.Authority{endpoint=IncomeExpense, permission=CREATE, id=4de61a19-9cab-469d-856c-169a503a3f70}
2023-11-28T22:11:58.330-05:00 DEBUG 27472 --- [           main] o.hibernate.internal.util.EntityPrinter  : com.cash_flow_app.apicashflow.entities_repositories_and_services.base.authority.Authority{endpoint=Account, permission=DELETE, id=363894b3-8bdc-4764-ad13-d91f872e1a95}
2023-11-28T22:11:58.330-05:00 DEBUG 27472 --- [           main] o.hibernate.internal.util.EntityPrinter  : com.cash_flow_app.apicashflow.entities_repositories_and_services.base.authority.Authority{endpoint=Account, permission=CREATE, id=9aaf7d40-45f6-4ab6-90a9-a23f4c1b5f2f}
2023-11-28T22:11:58.330-05:00 DEBUG 27472 --- [           main] o.hibernate.internal.util.EntityPrinter  : com.cash_flow_app.apicashflow.entities_repositories_and_services.base.authority.Authority{endpoint=Account, permission=READ, id=b14a62f4-d04f-422a-a2a3-1f80e2635352}
2023-11-28T22:11:58.330-05:00 DEBUG 27472 --- [           main] org.hibernate.orm.sql.exec               : Skipping reading Query result cache data: cache-enabled = false, cache-mode = NORMAL
2023-11-28T22:11:58.330-05:00 DEBUG 27472 --- [           main] org.hibernate.orm.results                : Initializer list
2023-11-28T22:11:58.330-05:00 DEBUG 27472 --- [           main] org.hibernate.orm.results                :     com.cash_flow_app.apicashflow.entities_repositories_and_services.base.authority.Authority(35202161494041) -> EntityResultInitializer(com.cash_flow_app.apicashflow.entities_repositories_and_services.base.authority.Authority(35202161494041))@471513166 (SingleTableEntityPersister(com.cash_flow_app.apicashflow.entities_repositories_and_services.base.authority.Authority))
2023-11-28T22:11:58.330-05:00 DEBUG 27472 --- [           main] org.hibernate.SQL                        : 
    select
        a1_0.id,
        a1_0.endpoint,
        a1_0.permission 
    from
        authorities a1_0 
    where
        a1_0.permission=? 
        and a1_0.endpoint=?
2023-11-28T22:11:58.330-05:00 DEBUG 27472 --- [           main] org.hibernate.orm.results                : Extracted JDBC value [0] - [af9e383e-4459-4719-802e-94a22944b4b7]
2023-11-28T22:11:58.330-05:00 DEBUG 27472 --- [           main] o.hibernate.orm.results.loading.entity   : (EntityResultInitializer) Hydrated EntityKey (com.cash_flow_app.apicashflow.entities_repositories_and_services.base.authority.Authority(35202161494041)): af9e383e-4459-4719-802e-94a22944b4b7
2023-11-28T22:11:58.330-05:00 DEBUG 27472 --- [           main] o.hibernate.orm.results.loading.entity   : (EntityResultInitializer) Created new entity instance [com.cash_flow_app.apicashflow.entities_repositories_and_services.base.authority.Authority(35202161494041)#af9e383e-4459-4719-802e-94a22944b4b7] : com.cash_flow_app.apicashflow.entities_repositories_and_services.base.authority.Authority@1b506c3b
2023-11-28T22:11:58.330-05:00 DEBUG 27472 --- [           main] org.hibernate.orm.results                : Extracted JDBC value [1] - [IncomeExpense]
2023-11-28T22:11:58.330-05:00 DEBUG 27472 --- [           main] org.hibernate.orm.results                : Extracted JDBC value [2] - [READ]
2023-11-28T22:11:58.330-05:00 DEBUG 27472 --- [           main] o.hibernate.orm.results.loading.entity   : (EntityResultInitializer) Done materializing entityInstance : com.cash_flow_app.apicashflow.entities_repositories_and_services.base.authority.Authority(35202161494041)#af9e383e-4459-4719-802e-94a22944b4b7
2023-11-28T22:11:58.330-05:00 DEBUG 27472 --- [           main] org.hibernate.orm.results.loading        : Calling top-level assembler (0 / 1) : org.hibernate.sql.results.graph.entity.internal.EntityAssembler@52416fd7
2023-11-28T22:11:58.330-05:00 DEBUG 27472 --- [           main] org.hibernate.orm.sql.ast.create         : Created new SQL alias : a1_0
2023-11-28T22:11:58.330-05:00 DEBUG 27472 --- [           main] org.hibernate.orm.sql.ast.create         : Registration of TableGroup [StandardTableGroup(com.cash_flow_app.apicashflow.entities_repositories_and_services.base.authority.Authority(35202161494041))] with identifierForTableGroup [com.cash_flow_app.apicashflow.entities_repositories_and_services.base.authority.Authority] for NavigablePath [com.cash_flow_app.apicashflow.entities_repositories_and_services.base.authority.Authority] 
2023-11-28T22:11:58.330-05:00 DEBUG 27472 --- [           main] o.h.q.sqm.sql.BaseSqmToSqlAstConverter   : Determining mapping-model type for SqmParameter : org.hibernate.query.sqm.tree.expression.SqmJpaCriteriaParameterWrapper@4eeff1e3
2023-11-28T22:11:58.330-05:00 DEBUG 27472 --- [           main] o.h.q.sqm.sql.BaseSqmToSqlAstConverter   : Determining mapping-model type for SqmPath : SqmBasicValuedSimplePath(com.cash_flow_app.apicashflow.entities_repositories_and_services.base.authority.Authority(35202161494041).permission) 
2023-11-28T22:11:58.330-05:00 DEBUG 27472 --- [           main] o.h.q.sqm.sql.BaseSqmToSqlAstConverter   : Determining mapping-model type for SqmParameter : org.hibernate.query.sqm.tree.expression.SqmJpaCriteriaParameterWrapper@6816b13d
2023-11-28T22:11:58.330-05:00 DEBUG 27472 --- [           main] o.h.q.sqm.sql.BaseSqmToSqlAstConverter   : Determining mapping-model type for SqmPath : SqmBasicValuedSimplePath(com.cash_flow_app.apicashflow.entities_repositories_and_services.base.authority.Authority(35202161494041).endpoint) 
2023-11-28T22:11:58.330-05:00 DEBUG 27472 --- [           main] org.hibernate.orm.results.graph.AST      : DomainResult Graph:
 \-EntityResultImpl [com.cash_flow_app.apicashflow.entities_repositories_and_services.base.authority.Authority(35202161494041)]
 |  +-BasicFetch [com.cash_flow_app.apicashflow.entities_repositories_and_services.base.authority.Authority(35202161494041).endpoint]
 |  \-BasicFetch [com.cash_flow_app.apicashflow.entities_repositories_and_services.base.authority.Authority(35202161494041).permission]

2023-11-28T22:11:58.331-05:00 DEBUG 27472 --- [           main] org.hibernate.orm.sql.ast.tree           : SQL AST Tree:
    SelectStatement {
      FromClause {
        StandardTableGroup (a1 : com.cash_flow_app.apicashflow.entities_repositories_and_services.base.authority.Authority(35202161494041)) {
          primaryTableReference : authorities as a1_0
        }
      }
    }

2023-11-28T22:11:58.331-05:00 DEBUG 27472 --- [           main] o.h.e.i.AbstractFlushingEventListener    : Processing flush-time cascades
2023-11-28T22:11:58.331-05:00 DEBUG 27472 --- [           main] o.h.e.i.AbstractFlushingEventListener    : Dirty checking collections
2023-11-28T22:11:58.331-05:00 DEBUG 27472 --- [           main] o.h.e.i.AbstractFlushingEventListener    : Flushed: 0 insertions, 0 updates, 0 deletions to 7 objects
2023-11-28T22:11:58.331-05:00 DEBUG 27472 --- [           main] o.h.e.i.AbstractFlushingEventListener    : Flushed: 0 (re)creations, 0 updates, 0 removals to 0 collections
2023-11-28T22:11:58.331-05:00 DEBUG 27472 --- [           main] o.hibernate.internal.util.EntityPrinter  : Listing entities:
2023-11-28T22:11:58.331-05:00 DEBUG 27472 --- [           main] o.hibernate.internal.util.EntityPrinter  : com.cash_flow_app.apicashflow.entities_repositories_and_services.base.authority.Authority{endpoint=User, permission=CREATE, id=f4f135be-a2b5-48d1-a9d0-2b14e82cc373}
2023-11-28T22:11:58.331-05:00 DEBUG 27472 --- [           main] o.hibernate.internal.util.EntityPrinter  : com.cash_flow_app.apicashflow.entities_repositories_and_services.base.authority.Authority{endpoint=User, permission=READ, id=35481739-2447-454f-8ec3-daf467bb2ae5}
2023-11-28T22:11:58.331-05:00 DEBUG 27472 --- [           main] o.hibernate.internal.util.EntityPrinter  : com.cash_flow_app.apicashflow.entities_repositories_and_services.base.authority.Authority{endpoint=IncomeExpense, permission=CREATE, id=4de61a19-9cab-469d-856c-169a503a3f70}
2023-11-28T22:11:58.331-05:00 DEBUG 27472 --- [           main] o.hibernate.internal.util.EntityPrinter  : com.cash_flow_app.apicashflow.entities_repositories_and_services.base.authority.Authority{endpoint=Account, permission=DELETE, id=363894b3-8bdc-4764-ad13-d91f872e1a95}
2023-11-28T22:11:58.331-05:00 DEBUG 27472 --- [           main] o.hibernate.internal.util.EntityPrinter  : com.cash_flow_app.apicashflow.entities_repositories_and_services.base.authority.Authority{endpoint=Account, permission=CREATE, id=9aaf7d40-45f6-4ab6-90a9-a23f4c1b5f2f}
2023-11-28T22:11:58.331-05:00 DEBUG 27472 --- [           main] o.hibernate.internal.util.EntityPrinter  : com.cash_flow_app.apicashflow.entities_repositories_and_services.base.authority.Authority{endpoint=Account, permission=READ, id=b14a62f4-d04f-422a-a2a3-1f80e2635352}
2023-11-28T22:11:58.331-05:00 DEBUG 27472 --- [           main] o.hibernate.internal.util.EntityPrinter  : com.cash_flow_app.apicashflow.entities_repositories_and_services.base.authority.Authority{endpoint=IncomeExpense, permission=READ, id=af9e383e-4459-4719-802e-94a22944b4b7}
2023-11-28T22:11:58.331-05:00 DEBUG 27472 --- [           main] org.hibernate.orm.sql.exec               : Skipping reading Query result cache data: cache-enabled = false, cache-mode = NORMAL
2023-11-28T22:11:58.331-05:00 DEBUG 27472 --- [           main] org.hibernate.orm.results                : Initializer list
2023-11-28T22:11:58.331-05:00 DEBUG 27472 --- [           main] org.hibernate.orm.results                :     com.cash_flow_app.apicashflow.entities_repositories_and_services.base.authority.Authority(35202161494041) -> EntityResultInitializer(com.cash_flow_app.apicashflow.entities_repositories_and_services.base.authority.Authority(35202161494041))@1170904819 (SingleTableEntityPersister(com.cash_flow_app.apicashflow.entities_repositories_and_services.base.authority.Authority))
2023-11-28T22:11:58.331-05:00 DEBUG 27472 --- [           main] org.hibernate.SQL                        : 
    select
        a1_0.id,
        a1_0.endpoint,
        a1_0.permission 
    from
        authorities a1_0 
    where
        a1_0.permission=? 
        and a1_0.endpoint=?
2023-11-28T22:11:58.331-05:00 DEBUG 27472 --- [           main] org.hibernate.orm.results                : Extracted JDBC value [0] - [51c645c0-dc8a-45f9-88d1-533e63701dbe]
2023-11-28T22:11:58.331-05:00 DEBUG 27472 --- [           main] o.hibernate.orm.results.loading.entity   : (EntityResultInitializer) Hydrated EntityKey (com.cash_flow_app.apicashflow.entities_repositories_and_services.base.authority.Authority(35202161494041)): 51c645c0-dc8a-45f9-88d1-533e63701dbe
2023-11-28T22:11:58.331-05:00 DEBUG 27472 --- [           main] o.hibernate.orm.results.loading.entity   : (EntityResultInitializer) Created new entity instance [com.cash_flow_app.apicashflow.entities_repositories_and_services.base.authority.Authority(35202161494041)#51c645c0-dc8a-45f9-88d1-533e63701dbe] : com.cash_flow_app.apicashflow.entities_repositories_and_services.base.authority.Authority@71bc7d1e
2023-11-28T22:11:58.331-05:00 DEBUG 27472 --- [           main] org.hibernate.orm.results                : Extracted JDBC value [1] - [IncomeExpense]
2023-11-28T22:11:58.331-05:00 DEBUG 27472 --- [           main] org.hibernate.orm.results                : Extracted JDBC value [2] - [DELETE]
2023-11-28T22:11:58.331-05:00 DEBUG 27472 --- [           main] o.hibernate.orm.results.loading.entity   : (EntityResultInitializer) Done materializing entityInstance : com.cash_flow_app.apicashflow.entities_repositories_and_services.base.authority.Authority(35202161494041)#51c645c0-dc8a-45f9-88d1-533e63701dbe
2023-11-28T22:11:58.331-05:00 DEBUG 27472 --- [           main] org.hibernate.orm.results.loading        : Calling top-level assembler (0 / 1) : org.hibernate.sql.results.graph.entity.internal.EntityAssembler@605000d4
2023-11-28T22:11:58.407-05:00 DEBUG 27472 --- [           main] o.s.orm.jpa.JpaTransactionManager        : Found thread-bound EntityManager [SessionImpl(836431654<open>)] for JPA transaction
2023-11-28T22:11:58.407-05:00 DEBUG 27472 --- [           main] o.s.orm.jpa.JpaTransactionManager        : Participating in existing transaction
2023-11-28T22:11:58.407-05:00 DEBUG 27472 --- [           main] o.h.j.internal.PersistenceUnitUtilImpl   : jakarta.persistence.PersistenceUnitUtil.getIdentifier is only intended to work with enhanced entities (although Hibernate also adapts this support to its proxies); however the passed entity was not enhanced (nor a proxy).. may not be able to read identifier
2023-11-28T22:11:58.407-05:00 DEBUG 27472 --- [           main] o.h.e.i.AbstractSaveEventListener        : Generated identifier: 75d7969d-3978-42aa-b849-d014b661eaa9, using strategy: org.hibernate.id.UUIDGenerator
2023-11-28T22:11:58.408-05:00 DEBUG 27472 --- [           main] o.s.w.s.m.m.a.HttpEntityMethodProcessor  : Using 'application/json', given [*/*] and supported [application/json, application/*+json]
2023-11-28T22:11:58.408-05:00 DEBUG 27472 --- [           main] o.s.w.s.m.m.a.HttpEntityMethodProcessor  : Writing [UserResponseDto(username=usuario_test, password=null, token_auth=eyJhbGciOiJIUzUxMiJ9.eyJzdWIiOiJ1c3 (truncated)...]
2023-11-28T22:11:58.408-05:00 DEBUG 27472 --- [           main] o.s.t.web.servlet.TestDispatcherServlet  : Completed 200 OK
2023-11-28T22:11:58.409-05:00 DEBUG 27472 --- [           main] o.s.test.util.ReflectionTestUtils        : Invoking method 'getFilters' on target object [FilterChainProxy[Filter Chains: [DefaultSecurityFilterChain [RequestMatcher=any request, Filters=[org.springframework.security.web.session.DisableEncodeUrlFilter@120e3ebb, org.springframework.security.web.session.ForceEagerSessionCreationFilter@753f1c3e, org.springframework.security.web.context.request.async.WebAsyncManagerIntegrationFilter@5e9af5d4, org.springframework.security.web.context.SecurityContextHolderFilter@1d18e5ad, org.springframework.security.web.header.HeaderWriterFilter@73b68d98, org.springframework.web.filter.CorsFilter@7863e6b2, org.springframework.security.web.authentication.logout.LogoutFilter@1e5a8278, JWTAuthorizationFilter(loginService=com.cash_flow_app.apicashflow.entities_repositories_and_services.base.security.LoginService@508b9c16), com.cash_flow_app.apicashflow.entities_repositories_and_services.base.security.JWTAuthenticationFilter@6fd2b939, org.springframework.security.web.savedrequest.RequestCacheAwareFilter@11def039, org.springframework.security.web.servletapi.SecurityContextHolderAwareRequestFilter@564375d7, org.springframework.security.web.authentication.AnonymousAuthenticationFilter@c4aa99e, org.springframework.security.web.session.SessionManagementFilter@69af6978, org.springframework.security.web.access.ExceptionTranslationFilter@4469046b, org.springframework.security.web.access.intercept.AuthorizationFilter@588d2e90]]]]] or target class [null] with arguments {org.springframework.mock.web.MockHttpServletRequest@2afdb2b1}
2023-11-28T22:11:58.409-05:00 DEBUG 27472 --- [           main] o.s.test.util.ReflectionTestUtils        : Invoking method 'getFilters' on target object [FilterChainProxy[Filter Chains: [DefaultSecurityFilterChain [RequestMatcher=any request, Filters=[org.springframework.security.web.session.DisableEncodeUrlFilter@120e3ebb, org.springframework.security.web.session.ForceEagerSessionCreationFilter@753f1c3e, org.springframework.security.web.context.request.async.WebAsyncManagerIntegrationFilter@5e9af5d4, org.springframework.security.web.context.SecurityContextHolderFilter@1d18e5ad, org.springframework.security.web.header.HeaderWriterFilter@73b68d98, org.springframework.web.filter.CorsFilter@7863e6b2, org.springframework.security.web.authentication.logout.LogoutFilter@1e5a8278, JWTAuthorizationFilter(loginService=com.cash_flow_app.apicashflow.entities_repositories_and_services.base.security.LoginService@508b9c16), com.cash_flow_app.apicashflow.entities_repositories_and_services.base.security.JWTAuthenticationFilter@6fd2b939, org.springframework.security.web.savedrequest.RequestCacheAwareFilter@11def039, org.springframework.security.web.servletapi.SecurityContextHolderAwareRequestFilter@564375d7, org.springframework.security.web.authentication.AnonymousAuthenticationFilter@c4aa99e, org.springframework.security.web.session.SessionManagementFilter@69af6978, org.springframework.security.web.access.ExceptionTranslationFilter@4469046b, org.springframework.security.web.access.intercept.AuthorizationFilter@588d2e90]]]]] or target class [null] with arguments {org.springframework.mock.web.MockHttpServletRequest@2afdb2b1}
2023-11-28T22:11:58.409-05:00 DEBUG 27472 --- [           main] o.s.test.util.ReflectionTestUtils        : Invoking method 'getFilters' on target object [FilterChainProxy[Filter Chains: [DefaultSecurityFilterChain [RequestMatcher=any request, Filters=[org.springframework.security.web.session.DisableEncodeUrlFilter@120e3ebb, org.springframework.security.web.session.ForceEagerSessionCreationFilter@753f1c3e, org.springframework.security.web.context.request.async.WebAsyncManagerIntegrationFilter@5e9af5d4, org.springframework.security.web.context.SecurityContextHolderFilter@1d18e5ad, org.springframework.security.web.header.HeaderWriterFilter@73b68d98, org.springframework.web.filter.CorsFilter@7863e6b2, org.springframework.security.web.authentication.logout.LogoutFilter@1e5a8278, JWTAuthorizationFilter(loginService=com.cash_flow_app.apicashflow.entities_repositories_and_services.base.security.LoginService@508b9c16), com.cash_flow_app.apicashflow.entities_repositories_and_services.base.security.JWTAuthenticationFilter@6fd2b939, org.springframework.security.web.savedrequest.RequestCacheAwareFilter@11def039, org.springframework.security.web.servletapi.SecurityContextHolderAwareRequestFilter@564375d7, org.springframework.security.web.authentication.AnonymousAuthenticationFilter@c4aa99e, org.springframework.security.web.session.SessionManagementFilter@69af6978, org.springframework.security.web.access.ExceptionTranslationFilter@4469046b, org.springframework.security.web.access.intercept.AuthorizationFilter@588d2e90]]]]] or target class [null] with arguments {org.springframework.mock.web.MockHttpServletRequest@2afdb2b1}
2023-11-28T22:11:58.409-05:00 DEBUG 27472 --- [           main] o.s.security.web.FilterChainProxy        : Securing POST /api/v1/user/login
2023-11-28T22:11:58.409-05:00 DEBUG 27472 --- [           main] .s.s.w.s.ForceEagerSessionCreationFilter : Created session eagerly
2023-11-28T22:11:58.411-05:00 DEBUG 27472 --- [           main] org.hibernate.orm.sql.ast.create         : Created new SQL alias : u1_0
2023-11-28T22:11:58.411-05:00 DEBUG 27472 --- [           main] org.hibernate.orm.sql.ast.create         : Registration of TableGroup [StandardTableGroup(com.cash_flow_app.apicashflow.entities_repositories_and_services.base.user.User(35202153502500))] with identifierForTableGroup [com.cash_flow_app.apicashflow.entities_repositories_and_services.base.user.User] for NavigablePath [com.cash_flow_app.apicashflow.entities_repositories_and_services.base.user.User] 
2023-11-28T22:11:58.411-05:00 DEBUG 27472 --- [           main] o.h.q.sqm.sql.BaseSqmToSqlAstConverter   : Determining mapping-model type for SqmParameter : org.hibernate.query.sqm.tree.expression.SqmJpaCriteriaParameterWrapper@734cf1bf
2023-11-28T22:11:58.411-05:00 DEBUG 27472 --- [           main] o.h.q.sqm.sql.BaseSqmToSqlAstConverter   : Determining mapping-model type for SqmPath : SqmBasicValuedSimplePath(com.cash_flow_app.apicashflow.entities_repositories_and_services.base.user.User(35202153502500).username) 
2023-11-28T22:11:58.411-05:00 DEBUG 27472 --- [           main] org.hibernate.orm.results.graph.AST      : DomainResult Graph:
 \-EntityResultImpl [com.cash_flow_app.apicashflow.entities_repositories_and_services.base.user.User(35202153502500)]
 |  +-SelectEagerCollectionFetch [com.cash_flow_app.apicashflow.entities_repositories_and_services.base.user.User(35202153502500).accounts]
 |  +-SelectEagerCollectionFetch [com.cash_flow_app.apicashflow.entities_repositories_and_services.base.user.User(35202153502500).authorities]
 |  +-BasicFetch [com.cash_flow_app.apicashflow.entities_repositories_and_services.base.user.User(35202153502500).password]
 |  \-BasicFetch [com.cash_flow_app.apicashflow.entities_repositories_and_services.base.user.User(35202153502500).username]

2023-11-28T22:11:58.411-05:00 DEBUG 27472 --- [           main] org.hibernate.orm.sql.ast.tree           : SQL AST Tree:
    SelectStatement {
      FromClause {
        StandardTableGroup (u1 : com.cash_flow_app.apicashflow.entities_repositories_and_services.base.user.User(35202153502500)) {
          primaryTableReference : users as u1_0
        }
      }
    }

2023-11-28T22:11:58.411-05:00 DEBUG 27472 --- [           main] o.h.e.i.AbstractFlushingEventListener    : Processing flush-time cascades
2023-11-28T22:11:58.411-05:00 DEBUG 27472 --- [           main] o.h.e.i.AbstractFlushingEventListener    : Dirty checking collections
2023-11-28T22:11:58.411-05:00 DEBUG 27472 --- [           main] o.hibernate.engine.internal.Collections  : Collection found: [com.cash_flow_app.apicashflow.entities_repositories_and_services.base.user.User.authorities#75d7969d-3978-42aa-b849-d014b661eaa9], was: [<unreferenced>] (initialized)
2023-11-28T22:11:58.411-05:00 DEBUG 27472 --- [           main] o.h.e.i.AbstractFlushingEventListener    : Flushed: 1 insertions, 0 updates, 0 deletions to 9 objects
2023-11-28T22:11:58.411-05:00 DEBUG 27472 --- [           main] o.h.e.i.AbstractFlushingEventListener    : Flushed: 1 (re)creations, 0 updates, 0 removals to 1 collections
2023-11-28T22:11:58.411-05:00 DEBUG 27472 --- [           main] o.hibernate.internal.util.EntityPrinter  : Listing entities:
2023-11-28T22:11:58.411-05:00 DEBUG 27472 --- [           main] o.hibernate.internal.util.EntityPrinter  : com.cash_flow_app.apicashflow.entities_repositories_and_services.base.authority.Authority{endpoint=User, permission=CREATE, id=f4f135be-a2b5-48d1-a9d0-2b14e82cc373}
2023-11-28T22:11:58.411-05:00 DEBUG 27472 --- [           main] o.hibernate.internal.util.EntityPrinter  : com.cash_flow_app.apicashflow.entities_repositories_and_services.base.authority.Authority{endpoint=User, permission=READ, id=35481739-2447-454f-8ec3-daf467bb2ae5}
2023-11-28T22:11:58.411-05:00 DEBUG 27472 --- [           main] o.hibernate.internal.util.EntityPrinter  : com.cash_flow_app.apicashflow.entities_repositories_and_services.base.authority.Authority{endpoint=IncomeExpense, permission=CREATE, id=4de61a19-9cab-469d-856c-169a503a3f70}
2023-11-28T22:11:58.411-05:00 DEBUG 27472 --- [           main] o.hibernate.internal.util.EntityPrinter  : com.cash_flow_app.apicashflow.entities_repositories_and_services.base.authority.Authority{endpoint=Account, permission=DELETE, id=363894b3-8bdc-4764-ad13-d91f872e1a95}
2023-11-28T22:11:58.411-05:00 DEBUG 27472 --- [           main] o.hibernate.internal.util.EntityPrinter  : com.cash_flow_app.apicashflow.entities_repositories_and_services.base.authority.Authority{endpoint=IncomeExpense, permission=DELETE, id=51c645c0-dc8a-45f9-88d1-533e63701dbe}
2023-11-28T22:11:58.411-05:00 DEBUG 27472 --- [           main] o.hibernate.internal.util.EntityPrinter  : com.cash_flow_app.apicashflow.entities_repositories_and_services.base.user.User{password=$2a$10$ZUXmUm6OAIGm2P5tfqd2buwb2qrOl41tEXBo7d5lmhZLiNyNQoY7K, id=75d7969d-3978-42aa-b849-d014b661eaa9, accounts=null, authorities=[com.cash_flow_app.apicashflow.entities_repositories_and_services.base.authority.Authority#9aaf7d40-45f6-4ab6-90a9-a23f4c1b5f2f, com.cash_flow_app.apicashflow.entities_repositories_and_services.base.authority.Authority#b14a62f4-d04f-422a-a2a3-1f80e2635352, com.cash_flow_app.apicashflow.entities_repositories_and_services.base.authority.Authority#363894b3-8bdc-4764-ad13-d91f872e1a95, com.cash_flow_app.apicashflow.entities_repositories_and_services.base.authority.Authority#f4f135be-a2b5-48d1-a9d0-2b14e82cc373, com.cash_flow_app.apicashflow.entities_repositories_and_services.base.authority.Authority#35481739-2447-454f-8ec3-daf467bb2ae5, com.cash_flow_app.apicashflow.entities_repositories_and_services.base.authority.Authority#4de61a19-9cab-469d-856c-169a503a3f70, com.cash_flow_app.apicashflow.entities_repositories_and_services.base.authority.Authority#af9e383e-4459-4719-802e-94a22944b4b7, com.cash_flow_app.apicashflow.entities_repositories_and_services.base.authority.Authority#51c645c0-dc8a-45f9-88d1-533e63701dbe], username=usuario_test}
2023-11-28T22:11:58.411-05:00 DEBUG 27472 --- [           main] o.hibernate.internal.util.EntityPrinter  : com.cash_flow_app.apicashflow.entities_repositories_and_services.base.authority.Authority{endpoint=Account, permission=CREATE, id=9aaf7d40-45f6-4ab6-90a9-a23f4c1b5f2f}
2023-11-28T22:11:58.411-05:00 DEBUG 27472 --- [           main] o.hibernate.internal.util.EntityPrinter  : com.cash_flow_app.apicashflow.entities_repositories_and_services.base.authority.Authority{endpoint=Account, permission=READ, id=b14a62f4-d04f-422a-a2a3-1f80e2635352}
2023-11-28T22:11:58.411-05:00 DEBUG 27472 --- [           main] o.hibernate.internal.util.EntityPrinter  : com.cash_flow_app.apicashflow.entities_repositories_and_services.base.authority.Authority{endpoint=IncomeExpense, permission=READ, id=af9e383e-4459-4719-802e-94a22944b4b7}
2023-11-28T22:11:58.411-05:00 DEBUG 27472 --- [           main] org.hibernate.engine.spi.ActionQueue     : Changes must be flushed to space: users
2023-11-28T22:11:58.411-05:00 DEBUG 27472 --- [           main] org.hibernate.SQL                        : 
    insert 
    into
        users
        (password, username, id) 
    values
        (?, ?, ?)
2023-11-28T22:11:58.412-05:00 DEBUG 27472 --- [           main] o.h.p.c.AbstractCollectionPersister      : Inserting collection: [com.cash_flow_app.apicashflow.entities_repositories_and_services.base.user.User.authorities#75d7969d-3978-42aa-b849-d014b661eaa9]
2023-11-28T22:11:58.412-05:00 DEBUG 27472 --- [           main] org.hibernate.SQL                        : 
    insert 
    into
        user_authority
        (user_id, authority_id) 
    values
        (?, ?)
2023-11-28T22:11:58.412-05:00 DEBUG 27472 --- [           main] org.hibernate.SQL                        : 
    insert 
    into
        user_authority
        (user_id, authority_id) 
    values
        (?, ?)
2023-11-28T22:11:58.413-05:00 DEBUG 27472 --- [           main] org.hibernate.SQL                        : 
    insert 
    into
        user_authority
        (user_id, authority_id) 
    values
        (?, ?)
2023-11-28T22:11:58.414-05:00 DEBUG 27472 --- [           main] org.hibernate.SQL                        : 
    insert 
    into
        user_authority
        (user_id, authority_id) 
    values
        (?, ?)
2023-11-28T22:11:58.414-05:00 DEBUG 27472 --- [           main] org.hibernate.SQL                        : 
    insert 
    into
        user_authority
        (user_id, authority_id) 
    values
        (?, ?)
2023-11-28T22:11:58.414-05:00 DEBUG 27472 --- [           main] org.hibernate.SQL                        : 
    insert 
    into
        user_authority
        (user_id, authority_id) 
    values
        (?, ?)
2023-11-28T22:11:58.414-05:00 DEBUG 27472 --- [           main] org.hibernate.SQL                        : 
    insert 
    into
        user_authority
        (user_id, authority_id) 
    values
        (?, ?)
2023-11-28T22:11:58.415-05:00 DEBUG 27472 --- [           main] org.hibernate.SQL                        : 
    insert 
    into
        user_authority
        (user_id, authority_id) 
    values
        (?, ?)
2023-11-28T22:11:58.415-05:00 DEBUG 27472 --- [           main] o.h.p.c.AbstractCollectionPersister      : Done inserting collection: 8 rows inserted
2023-11-28T22:11:58.415-05:00 DEBUG 27472 --- [           main] org.hibernate.orm.sql.exec               : Skipping reading Query result cache data: cache-enabled = false, cache-mode = NORMAL
2023-11-28T22:11:58.415-05:00 DEBUG 27472 --- [           main] org.hibernate.orm.results                : Initializer list
2023-11-28T22:11:58.415-05:00 DEBUG 27472 --- [           main] org.hibernate.orm.results                :     com.cash_flow_app.apicashflow.entities_repositories_and_services.base.user.User(35202153502500).accounts -> SelectEagerCollectionInitializer(com.cash_flow_app.apicashflow.entities_repositories_and_services.base.user.User(35202153502500).accounts)@1905079199 (PluralAttribute(com.cash_flow_app.apicashflow.entities_repositories_and_services.base.user.User.accounts))
2023-11-28T22:11:58.415-05:00 DEBUG 27472 --- [           main] org.hibernate.orm.results                :     com.cash_flow_app.apicashflow.entities_repositories_and_services.base.user.User(35202153502500).authorities -> SelectEagerCollectionInitializer(com.cash_flow_app.apicashflow.entities_repositories_and_services.base.user.User(35202153502500).authorities)@1493132386 (PluralAttribute(com.cash_flow_app.apicashflow.entities_repositories_and_services.base.user.User.authorities))
2023-11-28T22:11:58.415-05:00 DEBUG 27472 --- [           main] org.hibernate.orm.results                :     com.cash_flow_app.apicashflow.entities_repositories_and_services.base.user.User(35202153502500) -> EntityResultInitializer(com.cash_flow_app.apicashflow.entities_repositories_and_services.base.user.User(35202153502500))@735764840 (SingleTableEntityPersister(com.cash_flow_app.apicashflow.entities_repositories_and_services.base.user.User))
2023-11-28T22:11:58.415-05:00 DEBUG 27472 --- [           main] org.hibernate.SQL                        : 
    select
        u1_0.id,
        u1_0.password,
        u1_0.username 
    from
        users u1_0 
    where
        u1_0.username=?
2023-11-28T22:11:58.416-05:00 DEBUG 27472 --- [           main] org.hibernate.orm.results                : Extracted JDBC value [0] - [75d7969d-3978-42aa-b849-d014b661eaa9]
2023-11-28T22:11:58.416-05:00 DEBUG 27472 --- [           main] o.hibernate.orm.results.loading.entity   : (EntityResultInitializer) Hydrated EntityKey (com.cash_flow_app.apicashflow.entities_repositories_and_services.base.user.User(35202153502500)): 75d7969d-3978-42aa-b849-d014b661eaa9
2023-11-28T22:11:58.416-05:00 DEBUG 27472 --- [           main] o.h.o.r.l.o.h.o.r.loading.collection     : (DelayedCollectionInitializer) Current row collection key : com.cash_flow_app.apicashflow.entities_repositories_and_services.base.user.User(35202153502500).accounts#75d7969d-3978-42aa-b849-d014b661eaa9
2023-11-28T22:11:58.416-05:00 DEBUG 27472 --- [           main] o.h.o.r.l.o.h.o.r.loading.collection     : (DelayedCollectionInitializer) Current row collection key : com.cash_flow_app.apicashflow.entities_repositories_and_services.base.user.User(35202153502500).authorities#75d7969d-3978-42aa-b849-d014b661eaa9
2023-11-28T22:11:58.416-05:00 DEBUG 27472 --- [           main] org.hibernate.orm.results.loading        : Calling top-level assembler (0 / 1) : org.hibernate.sql.results.graph.entity.internal.EntityAssembler@23339a25
2023-11-28T22:11:58.416-05:00 DEBUG 27472 --- [           main] org.hibernate.orm.results.graph.AST      : DomainResult Graph:
 \-CollectionDomainResult [com.cash_flow_app.apicashflow.entities_repositories_and_services.base.user.User.accounts]

2023-11-28T22:11:58.416-05:00 DEBUG 27472 --- [           main] org.hibernate.orm.sql.ast.tree           : SQL AST Tree:
    SelectStatement {
      FromClause {
        CollectionTableGroup (a1 : com.cash_flow_app.apicashflow.entities_repositories_and_services.base.user.User.accounts) {
          primaryTableReference : user_account as a1_0
          NestedTableGroupJoins {
             join LazyTableGroup (a1 : com.cash_flow_app.apicashflow.entities_repositories_and_services.base.user.User.accounts.{element}) {
              primaryTableReference : accounts as a1_1
            }
          }
        }
      }
    }

2023-11-28T22:11:58.416-05:00 DEBUG 27472 --- [           main] org.hibernate.orm.sql.exec               : Skipping reading Query result cache data: cache-enabled = false, cache-mode = IGNORE
2023-11-28T22:11:58.416-05:00 DEBUG 27472 --- [           main] org.hibernate.orm.results                : Initializer list
2023-11-28T22:11:58.416-05:00 DEBUG 27472 --- [           main] org.hibernate.orm.results                :     com.cash_flow_app.apicashflow.entities_repositories_and_services.base.user.User.accounts.{element}.incomes_expenses -> SelectEagerCollectionInitializer(com.cash_flow_app.apicashflow.entities_repositories_and_services.base.user.User.accounts.{element}.incomes_expenses)@58299647 (PluralAttribute(com.cash_flow_app.apicashflow.entities_repositories_and_services.base.account.Account.incomes_expenses))
2023-11-28T22:11:58.416-05:00 DEBUG 27472 --- [           main] org.hibernate.orm.results                :     com.cash_flow_app.apicashflow.entities_repositories_and_services.base.user.User.accounts.{element}.users -> SelectEagerCollectionInitializer(com.cash_flow_app.apicashflow.entities_repositories_and_services.base.user.User.accounts.{element}.users)@1968848891 (PluralAttribute(com.cash_flow_app.apicashflow.entities_repositories_and_services.base.account.Account.users))
2023-11-28T22:11:58.416-05:00 DEBUG 27472 --- [           main] org.hibernate.orm.results                :     com.cash_flow_app.apicashflow.entities_repositories_and_services.base.user.User.accounts.{element} -> EntityJoinedFetchInitializer(com.cash_flow_app.apicashflow.entities_repositories_and_services.base.user.User.accounts.{element})@1566846534 (EntityCollectionPart(NavigableRole[com.cash_flow_app.apicashflow.entities_repositories_and_services.base.user.User.accounts#{element}])@624685600)
2023-11-28T22:11:58.416-05:00 DEBUG 27472 --- [           main] org.hibernate.orm.results                :     com.cash_flow_app.apicashflow.entities_repositories_and_services.base.user.User.accounts -> BagInitializer(com.cash_flow_app.apicashflow.entities_repositories_and_services.base.user.User.accounts)@1656321405 (PluralAttribute(com.cash_flow_app.apicashflow.entities_repositories_and_services.base.user.User.accounts))
2023-11-28T22:11:58.416-05:00 DEBUG 27472 --- [           main] org.hibernate.SQL                        : 
    select
        a1_0.user_id,
        a1_1.id,
        a1_1.description 
    from
        user_account a1_0 
    join
        accounts a1_1 
            on a1_1.id=a1_0.account_id 
    where
        a1_0.user_id=?
2023-11-28T22:11:58.416-05:00 DEBUG 27472 --- [           main] o.h.sql.results.internal.ResultsHelper   : Collection fully initialized: [com.cash_flow_app.apicashflow.entities_repositories_and_services.base.user.User.accounts#75d7969d-3978-42aa-b849-d014b661eaa9]
2023-11-28T22:11:58.492-05:00 DEBUG 27472 --- [           main] o.s.s.a.dao.DaoAuthenticationProvider    : Authenticated user

MockHttpServletRequest:
      HTTP Method = POST
      Request URI = /api/v1/user/login
       Parameters = {_csrf=[RW9Nxz4DmFLe4yPI13bXCZ1-45Q6SR8VuFWe4Lh05bacpwJ3J1x89g4yoDPzgBv541vjPfgdzqwILHk4iWP809xG0oD4kDNO]}
          Headers = [Content-Type:"application/json;charset=UTF-8", Content-Length:"52"]
             Body = { "username": "usuario_test", "password": "123456" }
    Session Attrs = {}

Handler:
             Type = null

Async:
    Async started = false
     Async result = null

Resolved Exception:
             Type = null

ModelAndView:
        View name = null
             View = null
            Model = null

FlashMap:
       Attributes = null

MockHttpServletResponse:
           Status = 200
    Error message = null
          Headers = [Vary:"Origin", "Access-Control-Request-Method", "Access-Control-Request-Headers", Authorization:"Bearer eyJhbGciOiJIUzUxMiJ9.eyJzdWIiOiJ1c3VhcmlvX3Rlc3QiLCJleHAiOjE3MDM4MTk1MTh9._RjmE35ZWwlgi-J6GUPzAIK95KKwCYwqRJzwkTW-pOWpMEaBJNZ2mk9w8ZBH48tP7shOXrP38_jru9Eshz1Dsg", Access-Control-Expose-Headers:"Authorization", X-Content-Type-Options:"nosniff", X-XSS-Protection:"0", Cache-Control:"no-cache, no-store, max-age=0, must-revalidate", Pragma:"no-cache", Expires:"0", X-Frame-Options:"DENY"]
     Content type = null
             Body = 
    Forwarded URL = null
   Redirected URL = null
          Cookies = []
2023-11-28T22:11:58.493-05:00 DEBUG 27472 --- [           main] org.springframework.test.context.cache   : Spring test ApplicationContext cache statistics: [DefaultContextCache@8caffbd size = 3, maxSize = 32, parentContextCount = 0, hitCount = 377, missCount = 3]
2023-11-28T22:11:58.493-05:00 DEBUG 27472 --- [           main] o.s.test.util.ReflectionTestUtils        : Invoking method 'getFilters' on target object [FilterChainProxy[Filter Chains: [DefaultSecurityFilterChain [RequestMatcher=any request, Filters=[org.springframework.security.web.session.DisableEncodeUrlFilter@120e3ebb, org.springframework.security.web.session.ForceEagerSessionCreationFilter@753f1c3e, org.springframework.security.web.context.request.async.WebAsyncManagerIntegrationFilter@5e9af5d4, org.springframework.security.web.context.SecurityContextHolderFilter@1d18e5ad, org.springframework.security.web.header.HeaderWriterFilter@73b68d98, org.springframework.web.filter.CorsFilter@7863e6b2, org.springframework.security.web.authentication.logout.LogoutFilter@1e5a8278, JWTAuthorizationFilter(loginService=com.cash_flow_app.apicashflow.entities_repositories_and_services.base.security.LoginService@508b9c16), com.cash_flow_app.apicashflow.entities_repositories_and_services.base.security.JWTAuthenticationFilter@6fd2b939, org.springframework.security.web.savedrequest.RequestCacheAwareFilter@11def039, org.springframework.security.web.servletapi.SecurityContextHolderAwareRequestFilter@564375d7, org.springframework.security.web.authentication.AnonymousAuthenticationFilter@c4aa99e, org.springframework.security.web.session.SessionManagementFilter@69af6978, org.springframework.security.web.access.ExceptionTranslationFilter@4469046b, org.springframework.security.web.access.intercept.AuthorizationFilter@588d2e90]]]]] or target class [null] with arguments {org.springframework.mock.web.MockHttpServletRequest@7ae57c9}
2023-11-28T22:11:58.493-05:00 DEBUG 27472 --- [           main] o.s.test.util.ReflectionTestUtils        : Invoking method 'getFilters' on target object [FilterChainProxy[Filter Chains: [DefaultSecurityFilterChain [RequestMatcher=any request, Filters=[org.springframework.security.web.session.DisableEncodeUrlFilter@120e3ebb, org.springframework.security.web.session.ForceEagerSessionCreationFilter@753f1c3e, org.springframework.security.web.context.request.async.WebAsyncManagerIntegrationFilter@5e9af5d4, org.springframework.security.web.context.SecurityContextHolderFilter@1d18e5ad, org.springframework.security.web.header.HeaderWriterFilter@73b68d98, org.springframework.web.filter.CorsFilter@7863e6b2, org.springframework.security.web.authentication.logout.LogoutFilter@1e5a8278, JWTAuthorizationFilter(loginService=com.cash_flow_app.apicashflow.entities_repositories_and_services.base.security.LoginService@508b9c16), com.cash_flow_app.apicashflow.entities_repositories_and_services.base.security.JWTAuthenticationFilter@6fd2b939, org.springframework.security.web.savedrequest.RequestCacheAwareFilter@11def039, org.springframework.security.web.servletapi.SecurityContextHolderAwareRequestFilter@564375d7, org.springframework.security.web.authentication.AnonymousAuthenticationFilter@c4aa99e, org.springframework.security.web.session.SessionManagementFilter@69af6978, org.springframework.security.web.access.ExceptionTranslationFilter@4469046b, org.springframework.security.web.access.intercept.AuthorizationFilter@588d2e90]]]]] or target class [null] with arguments {org.springframework.mock.web.MockHttpServletRequest@7ae57c9}
2023-11-28T22:11:58.494-05:00 DEBUG 27472 --- [           main] o.s.test.util.ReflectionTestUtils        : Invoking method 'getFilters' on target object [FilterChainProxy[Filter Chains: [DefaultSecurityFilterChain [RequestMatcher=any request, Filters=[org.springframework.security.web.session.DisableEncodeUrlFilter@120e3ebb, org.springframework.security.web.session.ForceEagerSessionCreationFilter@753f1c3e, org.springframework.security.web.context.request.async.WebAsyncManagerIntegrationFilter@5e9af5d4, org.springframework.security.web.context.SecurityContextHolderFilter@1d18e5ad, org.springframework.security.web.header.HeaderWriterFilter@73b68d98, org.springframework.web.filter.CorsFilter@7863e6b2, org.springframework.security.web.authentication.logout.LogoutFilter@1e5a8278, JWTAuthorizationFilter(loginService=com.cash_flow_app.apicashflow.entities_repositories_and_services.base.security.LoginService@508b9c16), com.cash_flow_app.apicashflow.entities_repositories_and_services.base.security.JWTAuthenticationFilter@6fd2b939, org.springframework.security.web.savedrequest.RequestCacheAwareFilter@11def039, org.springframework.security.web.servletapi.SecurityContextHolderAwareRequestFilter@564375d7, org.springframework.security.web.authentication.AnonymousAuthenticationFilter@c4aa99e, org.springframework.security.web.session.SessionManagementFilter@69af6978, org.springframework.security.web.access.ExceptionTranslationFilter@4469046b, org.springframework.security.web.access.intercept.AuthorizationFilter@588d2e90]]]]] or target class [null] with arguments {org.springframework.mock.web.MockHttpServletRequest@7ae57c9}
2023-11-28T22:11:58.494-05:00 DEBUG 27472 --- [           main] o.s.security.web.FilterChainProxy        : Securing POST /api/v1/account/create
2023-11-28T22:11:58.494-05:00 DEBUG 27472 --- [           main] .s.s.w.s.ForceEagerSessionCreationFilter : Created session eagerly
2023-11-28T22:11:58.495-05:00 DEBUG 27472 --- [           main] org.hibernate.orm.sql.ast.create         : Created new SQL alias : u1_0
2023-11-28T22:11:58.495-05:00 DEBUG 27472 --- [           main] org.hibernate.orm.sql.ast.create         : Registration of TableGroup [StandardTableGroup(com.cash_flow_app.apicashflow.entities_repositories_and_services.base.user.User(35202153502500))] with identifierForTableGroup [com.cash_flow_app.apicashflow.entities_repositories_and_services.base.user.User] for NavigablePath [com.cash_flow_app.apicashflow.entities_repositories_and_services.base.user.User] 
2023-11-28T22:11:58.495-05:00 DEBUG 27472 --- [           main] o.h.q.sqm.sql.BaseSqmToSqlAstConverter   : Determining mapping-model type for SqmParameter : org.hibernate.query.sqm.tree.expression.SqmJpaCriteriaParameterWrapper@56b6e072
2023-11-28T22:11:58.495-05:00 DEBUG 27472 --- [           main] o.h.q.sqm.sql.BaseSqmToSqlAstConverter   : Determining mapping-model type for SqmPath : SqmBasicValuedSimplePath(com.cash_flow_app.apicashflow.entities_repositories_and_services.base.user.User(35202153502500).username) 
2023-11-28T22:11:58.495-05:00 DEBUG 27472 --- [           main] org.hibernate.orm.results.graph.AST      : DomainResult Graph:
 \-EntityResultImpl [com.cash_flow_app.apicashflow.entities_repositories_and_services.base.user.User(35202153502500)]
 |  +-SelectEagerCollectionFetch [com.cash_flow_app.apicashflow.entities_repositories_and_services.base.user.User(35202153502500).accounts]
 |  +-SelectEagerCollectionFetch [com.cash_flow_app.apicashflow.entities_repositories_and_services.base.user.User(35202153502500).authorities]
 |  +-BasicFetch [com.cash_flow_app.apicashflow.entities_repositories_and_services.base.user.User(35202153502500).password]
 |  \-BasicFetch [com.cash_flow_app.apicashflow.entities_repositories_and_services.base.user.User(35202153502500).username]

2023-11-28T22:11:58.495-05:00 DEBUG 27472 --- [           main] org.hibernate.orm.sql.ast.tree           : SQL AST Tree:
    SelectStatement {
      FromClause {
        StandardTableGroup (u1 : com.cash_flow_app.apicashflow.entities_repositories_and_services.base.user.User(35202153502500)) {
          primaryTableReference : users as u1_0
        }
      }
    }

2023-11-28T22:11:58.495-05:00 DEBUG 27472 --- [           main] o.h.e.i.AbstractFlushingEventListener    : Processing flush-time cascades
2023-11-28T22:11:58.495-05:00 DEBUG 27472 --- [           main] o.h.e.i.AbstractFlushingEventListener    : Dirty checking collections
2023-11-28T22:11:58.495-05:00 DEBUG 27472 --- [           main] o.hibernate.engine.internal.Collections  : Collection found: [com.cash_flow_app.apicashflow.entities_repositories_and_services.base.user.User.authorities#75d7969d-3978-42aa-b849-d014b661eaa9], was: [com.cash_flow_app.apicashflow.entities_repositories_and_services.base.user.User.authorities#75d7969d-3978-42aa-b849-d014b661eaa9] (initialized)
2023-11-28T22:11:58.495-05:00 DEBUG 27472 --- [           main] o.hibernate.engine.internal.Collections  : Collection dereferenced: [com.cash_flow_app.apicashflow.entities_repositories_and_services.base.user.User.accounts#75d7969d-3978-42aa-b849-d014b661eaa9]
2023-11-28T22:11:58.495-05:00 DEBUG 27472 --- [           main] o.h.e.i.AbstractFlushingEventListener    : Flushed: 0 insertions, 0 updates, 0 deletions to 9 objects
2023-11-28T22:11:58.495-05:00 DEBUG 27472 --- [           main] o.h.e.i.AbstractFlushingEventListener    : Flushed: 0 (re)creations, 0 updates, 1 removals to 2 collections
2023-11-28T22:11:58.495-05:00 DEBUG 27472 --- [           main] o.hibernate.internal.util.EntityPrinter  : Listing entities:
2023-11-28T22:11:58.495-05:00 DEBUG 27472 --- [           main] o.hibernate.internal.util.EntityPrinter  : com.cash_flow_app.apicashflow.entities_repositories_and_services.base.authority.Authority{endpoint=User, permission=CREATE, id=f4f135be-a2b5-48d1-a9d0-2b14e82cc373}
2023-11-28T22:11:58.495-05:00 DEBUG 27472 --- [           main] o.hibernate.internal.util.EntityPrinter  : com.cash_flow_app.apicashflow.entities_repositories_and_services.base.authority.Authority{endpoint=User, permission=READ, id=35481739-2447-454f-8ec3-daf467bb2ae5}
2023-11-28T22:11:58.495-05:00 DEBUG 27472 --- [           main] o.hibernate.internal.util.EntityPrinter  : com.cash_flow_app.apicashflow.entities_repositories_and_services.base.authority.Authority{endpoint=IncomeExpense, permission=CREATE, id=4de61a19-9cab-469d-856c-169a503a3f70}
2023-11-28T22:11:58.495-05:00 DEBUG 27472 --- [           main] o.hibernate.internal.util.EntityPrinter  : com.cash_flow_app.apicashflow.entities_repositories_and_services.base.authority.Authority{endpoint=Account, permission=DELETE, id=363894b3-8bdc-4764-ad13-d91f872e1a95}
2023-11-28T22:11:58.495-05:00 DEBUG 27472 --- [           main] o.hibernate.internal.util.EntityPrinter  : com.cash_flow_app.apicashflow.entities_repositories_and_services.base.authority.Authority{endpoint=IncomeExpense, permission=DELETE, id=51c645c0-dc8a-45f9-88d1-533e63701dbe}
2023-11-28T22:11:58.495-05:00 DEBUG 27472 --- [           main] o.hibernate.internal.util.EntityPrinter  : com.cash_flow_app.apicashflow.entities_repositories_and_services.base.user.User{password=$2a$10$ZUXmUm6OAIGm2P5tfqd2buwb2qrOl41tEXBo7d5lmhZLiNyNQoY7K, id=75d7969d-3978-42aa-b849-d014b661eaa9, accounts=null, authorities=[com.cash_flow_app.apicashflow.entities_repositories_and_services.base.authority.Authority#9aaf7d40-45f6-4ab6-90a9-a23f4c1b5f2f, com.cash_flow_app.apicashflow.entities_repositories_and_services.base.authority.Authority#b14a62f4-d04f-422a-a2a3-1f80e2635352, com.cash_flow_app.apicashflow.entities_repositories_and_services.base.authority.Authority#363894b3-8bdc-4764-ad13-d91f872e1a95, com.cash_flow_app.apicashflow.entities_repositories_and_services.base.authority.Authority#f4f135be-a2b5-48d1-a9d0-2b14e82cc373, com.cash_flow_app.apicashflow.entities_repositories_and_services.base.authority.Authority#35481739-2447-454f-8ec3-daf467bb2ae5, com.cash_flow_app.apicashflow.entities_repositories_and_services.base.authority.Authority#4de61a19-9cab-469d-856c-169a503a3f70, com.cash_flow_app.apicashflow.entities_repositories_and_services.base.authority.Authority#af9e383e-4459-4719-802e-94a22944b4b7, com.cash_flow_app.apicashflow.entities_repositories_and_services.base.authority.Authority#51c645c0-dc8a-45f9-88d1-533e63701dbe], username=usuario_test}
2023-11-28T22:11:58.495-05:00 DEBUG 27472 --- [           main] o.hibernate.internal.util.EntityPrinter  : com.cash_flow_app.apicashflow.entities_repositories_and_services.base.authority.Authority{endpoint=Account, permission=CREATE, id=9aaf7d40-45f6-4ab6-90a9-a23f4c1b5f2f}
2023-11-28T22:11:58.495-05:00 DEBUG 27472 --- [           main] o.hibernate.internal.util.EntityPrinter  : com.cash_flow_app.apicashflow.entities_repositories_and_services.base.authority.Authority{endpoint=Account, permission=READ, id=b14a62f4-d04f-422a-a2a3-1f80e2635352}
2023-11-28T22:11:58.495-05:00 DEBUG 27472 --- [           main] o.hibernate.internal.util.EntityPrinter  : com.cash_flow_app.apicashflow.entities_repositories_and_services.base.authority.Authority{endpoint=IncomeExpense, permission=READ, id=af9e383e-4459-4719-802e-94a22944b4b7}
2023-11-28T22:11:58.495-05:00 DEBUG 27472 --- [           main] org.hibernate.orm.sql.exec               : Skipping reading Query result cache data: cache-enabled = false, cache-mode = NORMAL
2023-11-28T22:11:58.495-05:00 DEBUG 27472 --- [           main] org.hibernate.orm.results                : Initializer list
2023-11-28T22:11:58.495-05:00 DEBUG 27472 --- [           main] org.hibernate.orm.results                :     com.cash_flow_app.apicashflow.entities_repositories_and_services.base.user.User(35202153502500).accounts -> SelectEagerCollectionInitializer(com.cash_flow_app.apicashflow.entities_repositories_and_services.base.user.User(35202153502500).accounts)@988309230 (PluralAttribute(com.cash_flow_app.apicashflow.entities_repositories_and_services.base.user.User.accounts))
2023-11-28T22:11:58.495-05:00 DEBUG 27472 --- [           main] org.hibernate.orm.results                :     com.cash_flow_app.apicashflow.entities_repositories_and_services.base.user.User(35202153502500).authorities -> SelectEagerCollectionInitializer(com.cash_flow_app.apicashflow.entities_repositories_and_services.base.user.User(35202153502500).authorities)@1530705073 (PluralAttribute(com.cash_flow_app.apicashflow.entities_repositories_and_services.base.user.User.authorities))
2023-11-28T22:11:58.495-05:00 DEBUG 27472 --- [           main] org.hibernate.orm.results                :     com.cash_flow_app.apicashflow.entities_repositories_and_services.base.user.User(35202153502500) -> EntityResultInitializer(com.cash_flow_app.apicashflow.entities_repositories_and_services.base.user.User(35202153502500))@964181379 (SingleTableEntityPersister(com.cash_flow_app.apicashflow.entities_repositories_and_services.base.user.User))
2023-11-28T22:11:58.495-05:00 DEBUG 27472 --- [           main] org.hibernate.SQL                        : 
    select
        u1_0.id,
        u1_0.password,
        u1_0.username 
    from
        users u1_0 
    where
        u1_0.username=?
2023-11-28T22:11:58.496-05:00 DEBUG 27472 --- [           main] org.hibernate.orm.results                : Extracted JDBC value [0] - [75d7969d-3978-42aa-b849-d014b661eaa9]
2023-11-28T22:11:58.496-05:00 DEBUG 27472 --- [           main] o.hibernate.orm.results.loading.entity   : (EntityResultInitializer) Hydrated EntityKey (com.cash_flow_app.apicashflow.entities_repositories_and_services.base.user.User(35202153502500)): 75d7969d-3978-42aa-b849-d014b661eaa9
2023-11-28T22:11:58.496-05:00 DEBUG 27472 --- [           main] o.h.o.r.l.o.h.o.r.loading.collection     : (DelayedCollectionInitializer) Current row collection key : com.cash_flow_app.apicashflow.entities_repositories_and_services.base.user.User(35202153502500).accounts#75d7969d-3978-42aa-b849-d014b661eaa9
2023-11-28T22:11:58.496-05:00 DEBUG 27472 --- [           main] o.h.o.r.l.o.h.o.r.loading.collection     : (DelayedCollectionInitializer) Current row collection key : com.cash_flow_app.apicashflow.entities_repositories_and_services.base.user.User(35202153502500).authorities#75d7969d-3978-42aa-b849-d014b661eaa9
2023-11-28T22:11:58.496-05:00 DEBUG 27472 --- [           main] org.hibernate.orm.results.loading        : Calling top-level assembler (0 / 1) : org.hibernate.sql.results.graph.entity.internal.EntityAssembler@1676550a
2023-11-28T22:11:58.496-05:00 DEBUG 27472 --- [           main] .s.ChangeSessionIdAuthenticationStrategy : Changed session id from 57
2023-11-28T22:11:58.496-05:00 DEBUG 27472 --- [           main] w.c.HttpSessionSecurityContextRepository : Stored SecurityContextImpl [Authentication=UsernamePasswordAuthenticationToken [Principal=usuario_test, Credentials=[PROTECTED], Authenticated=true, Details=null, Granted Authorities=[ENDPOINT_ACCOUNT_PERMISSION_CREATE, ENDPOINT_ACCOUNT_PERMISSION_READ, ENDPOINT_ACCOUNT_PERMISSION_DELETE, ENDPOINT_USER_PERMISSION_CREATE, ENDPOINT_USER_PERMISSION_READ, ENDPOINT_INCOMEEXPENSE_PERMISSION_CREATE, ENDPOINT_INCOMEEXPENSE_PERMISSION_READ, ENDPOINT_INCOMEEXPENSE_PERMISSION_DELETE]]] to HttpSession [org.springframework.mock.web.MockHttpSession@6e1af662]
2023-11-28T22:11:58.496-05:00 DEBUG 27472 --- [           main] s.w.s.m.m.a.RequestMappingHandlerMapping : Mapped to com.cash_flow_app.apicashflow.controller.AccountController#create(AccountDto)
2023-11-28T22:11:58.496-05:00 DEBUG 27472 --- [           main] o.s.security.web.FilterChainProxy        : Secured POST /api/v1/account/create
2023-11-28T22:11:58.496-05:00 DEBUG 27472 --- [           main] o.s.t.web.servlet.TestDispatcherServlet  : POST "/api/v1/account/create", parameters={masked}
2023-11-28T22:11:58.496-05:00 DEBUG 27472 --- [           main] s.w.s.m.m.a.RequestMappingHandlerMapping : Mapped to com.cash_flow_app.apicashflow.controller.AccountController#create(AccountDto)
2023-11-28T22:11:58.496-05:00 DEBUG 27472 --- [           main] m.m.a.RequestResponseBodyMethodProcessor : Read "application/json;charset=UTF-8" to [AccountDto(id=null, description=descripcion de cuenta, users=[usuario_test])]
2023-11-28T22:11:58.496-05:00 DEBUG 27472 --- [           main] o.s.orm.jpa.JpaTransactionManager        : Found thread-bound EntityManager [SessionImpl(836431654<open>)] for JPA transaction
2023-11-28T22:11:58.496-05:00 DEBUG 27472 --- [           main] o.s.orm.jpa.JpaTransactionManager        : Participating in existing transaction
2023-11-28T22:11:58.497-05:00 DEBUG 27472 --- [           main] org.hibernate.orm.sql.ast.create         : Created new SQL alias : u1_0
2023-11-28T22:11:58.497-05:00 DEBUG 27472 --- [           main] org.hibernate.orm.sql.ast.create         : Registration of TableGroup [StandardTableGroup(com.cash_flow_app.apicashflow.entities_repositories_and_services.base.user.User(35202153502500))] with identifierForTableGroup [com.cash_flow_app.apicashflow.entities_repositories_and_services.base.user.User] for NavigablePath [com.cash_flow_app.apicashflow.entities_repositories_and_services.base.user.User] 
2023-11-28T22:11:58.497-05:00 DEBUG 27472 --- [           main] o.h.q.sqm.sql.BaseSqmToSqlAstConverter   : Determining mapping-model type for SqmParameter : org.hibernate.query.sqm.tree.expression.SqmJpaCriteriaParameterWrapper@637c004
2023-11-28T22:11:58.497-05:00 DEBUG 27472 --- [           main] o.h.q.sqm.sql.BaseSqmToSqlAstConverter   : Determining mapping-model type for SqmPath : SqmBasicValuedSimplePath(com.cash_flow_app.apicashflow.entities_repositories_and_services.base.user.User(35202153502500).username) 
2023-11-28T22:11:58.497-05:00 DEBUG 27472 --- [           main] org.hibernate.orm.results.graph.AST      : DomainResult Graph:
 \-EntityResultImpl [com.cash_flow_app.apicashflow.entities_repositories_and_services.base.user.User(35202153502500)]
 |  +-SelectEagerCollectionFetch [com.cash_flow_app.apicashflow.entities_repositories_and_services.base.user.User(35202153502500).accounts]
 |  +-SelectEagerCollectionFetch [com.cash_flow_app.apicashflow.entities_repositories_and_services.base.user.User(35202153502500).authorities]
 |  +-BasicFetch [com.cash_flow_app.apicashflow.entities_repositories_and_services.base.user.User(35202153502500).password]
 |  \-BasicFetch [com.cash_flow_app.apicashflow.entities_repositories_and_services.base.user.User(35202153502500).username]

2023-11-28T22:11:58.497-05:00 DEBUG 27472 --- [           main] org.hibernate.orm.sql.ast.tree           : SQL AST Tree:
    SelectStatement {
      FromClause {
        StandardTableGroup (u1 : com.cash_flow_app.apicashflow.entities_repositories_and_services.base.user.User(35202153502500)) {
          primaryTableReference : users as u1_0
        }
      }
    }

2023-11-28T22:11:58.497-05:00 DEBUG 27472 --- [           main] o.h.e.i.AbstractFlushingEventListener    : Processing flush-time cascades
2023-11-28T22:11:58.497-05:00 DEBUG 27472 --- [           main] o.h.e.i.AbstractFlushingEventListener    : Dirty checking collections
2023-11-28T22:11:58.497-05:00 DEBUG 27472 --- [           main] o.hibernate.engine.internal.Collections  : Collection found: [com.cash_flow_app.apicashflow.entities_repositories_and_services.base.user.User.authorities#75d7969d-3978-42aa-b849-d014b661eaa9], was: [com.cash_flow_app.apicashflow.entities_repositories_and_services.base.user.User.authorities#75d7969d-3978-42aa-b849-d014b661eaa9] (initialized)
2023-11-28T22:11:58.497-05:00 DEBUG 27472 --- [           main] o.hibernate.engine.internal.Collections  : Collection dereferenced: [com.cash_flow_app.apicashflow.entities_repositories_and_services.base.user.User.accounts#75d7969d-3978-42aa-b849-d014b661eaa9]
2023-11-28T22:11:58.497-05:00 DEBUG 27472 --- [           main] o.h.e.i.AbstractFlushingEventListener    : Flushed: 0 insertions, 0 updates, 0 deletions to 9 objects
2023-11-28T22:11:58.497-05:00 DEBUG 27472 --- [           main] o.h.e.i.AbstractFlushingEventListener    : Flushed: 0 (re)creations, 0 updates, 1 removals to 2 collections
2023-11-28T22:11:58.497-05:00 DEBUG 27472 --- [           main] o.hibernate.internal.util.EntityPrinter  : Listing entities:
2023-11-28T22:11:58.497-05:00 DEBUG 27472 --- [           main] o.hibernate.internal.util.EntityPrinter  : com.cash_flow_app.apicashflow.entities_repositories_and_services.base.authority.Authority{endpoint=User, permission=CREATE, id=f4f135be-a2b5-48d1-a9d0-2b14e82cc373}
2023-11-28T22:11:58.497-05:00 DEBUG 27472 --- [           main] o.hibernate.internal.util.EntityPrinter  : com.cash_flow_app.apicashflow.entities_repositories_and_services.base.authority.Authority{endpoint=User, permission=READ, id=35481739-2447-454f-8ec3-daf467bb2ae5}
2023-11-28T22:11:58.497-05:00 DEBUG 27472 --- [           main] o.hibernate.internal.util.EntityPrinter  : com.cash_flow_app.apicashflow.entities_repositories_and_services.base.authority.Authority{endpoint=IncomeExpense, permission=CREATE, id=4de61a19-9cab-469d-856c-169a503a3f70}
2023-11-28T22:11:58.497-05:00 DEBUG 27472 --- [           main] o.hibernate.internal.util.EntityPrinter  : com.cash_flow_app.apicashflow.entities_repositories_and_services.base.authority.Authority{endpoint=Account, permission=DELETE, id=363894b3-8bdc-4764-ad13-d91f872e1a95}
2023-11-28T22:11:58.497-05:00 DEBUG 27472 --- [           main] o.hibernate.internal.util.EntityPrinter  : com.cash_flow_app.apicashflow.entities_repositories_and_services.base.authority.Authority{endpoint=IncomeExpense, permission=DELETE, id=51c645c0-dc8a-45f9-88d1-533e63701dbe}
2023-11-28T22:11:58.497-05:00 DEBUG 27472 --- [           main] o.hibernate.internal.util.EntityPrinter  : com.cash_flow_app.apicashflow.entities_repositories_and_services.base.user.User{password=$2a$10$ZUXmUm6OAIGm2P5tfqd2buwb2qrOl41tEXBo7d5lmhZLiNyNQoY7K, id=75d7969d-3978-42aa-b849-d014b661eaa9, accounts=null, authorities=[com.cash_flow_app.apicashflow.entities_repositories_and_services.base.authority.Authority#9aaf7d40-45f6-4ab6-90a9-a23f4c1b5f2f, com.cash_flow_app.apicashflow.entities_repositories_and_services.base.authority.Authority#b14a62f4-d04f-422a-a2a3-1f80e2635352, com.cash_flow_app.apicashflow.entities_repositories_and_services.base.authority.Authority#363894b3-8bdc-4764-ad13-d91f872e1a95, com.cash_flow_app.apicashflow.entities_repositories_and_services.base.authority.Authority#f4f135be-a2b5-48d1-a9d0-2b14e82cc373, com.cash_flow_app.apicashflow.entities_repositories_and_services.base.authority.Authority#35481739-2447-454f-8ec3-daf467bb2ae5, com.cash_flow_app.apicashflow.entities_repositories_and_services.base.authority.Authority#4de61a19-9cab-469d-856c-169a503a3f70, com.cash_flow_app.apicashflow.entities_repositories_and_services.base.authority.Authority#af9e383e-4459-4719-802e-94a22944b4b7, com.cash_flow_app.apicashflow.entities_repositories_and_services.base.authority.Authority#51c645c0-dc8a-45f9-88d1-533e63701dbe], username=usuario_test}
2023-11-28T22:11:58.497-05:00 DEBUG 27472 --- [           main] o.hibernate.internal.util.EntityPrinter  : com.cash_flow_app.apicashflow.entities_repositories_and_services.base.authority.Authority{endpoint=Account, permission=CREATE, id=9aaf7d40-45f6-4ab6-90a9-a23f4c1b5f2f}
2023-11-28T22:11:58.497-05:00 DEBUG 27472 --- [           main] o.hibernate.internal.util.EntityPrinter  : com.cash_flow_app.apicashflow.entities_repositories_and_services.base.authority.Authority{endpoint=Account, permission=READ, id=b14a62f4-d04f-422a-a2a3-1f80e2635352}
2023-11-28T22:11:58.497-05:00 DEBUG 27472 --- [           main] o.hibernate.internal.util.EntityPrinter  : com.cash_flow_app.apicashflow.entities_repositories_and_services.base.authority.Authority{endpoint=IncomeExpense, permission=READ, id=af9e383e-4459-4719-802e-94a22944b4b7}
2023-11-28T22:11:58.497-05:00 DEBUG 27472 --- [           main] org.hibernate.orm.sql.exec               : Skipping reading Query result cache data: cache-enabled = false, cache-mode = NORMAL
2023-11-28T22:11:58.497-05:00 DEBUG 27472 --- [           main] org.hibernate.orm.results                : Initializer list
2023-11-28T22:11:58.497-05:00 DEBUG 27472 --- [           main] org.hibernate.orm.results                :     com.cash_flow_app.apicashflow.entities_repositories_and_services.base.user.User(35202153502500).accounts -> SelectEagerCollectionInitializer(com.cash_flow_app.apicashflow.entities_repositories_and_services.base.user.User(35202153502500).accounts)@1007136838 (PluralAttribute(com.cash_flow_app.apicashflow.entities_repositories_and_services.base.user.User.accounts))
2023-11-28T22:11:58.497-05:00 DEBUG 27472 --- [           main] org.hibernate.orm.results                :     com.cash_flow_app.apicashflow.entities_repositories_and_services.base.user.User(35202153502500).authorities -> SelectEagerCollectionInitializer(com.cash_flow_app.apicashflow.entities_repositories_and_services.base.user.User(35202153502500).authorities)@67657762 (PluralAttribute(com.cash_flow_app.apicashflow.entities_repositories_and_services.base.user.User.authorities))
2023-11-28T22:11:58.497-05:00 DEBUG 27472 --- [           main] org.hibernate.orm.results                :     com.cash_flow_app.apicashflow.entities_repositories_and_services.base.user.User(35202153502500) -> EntityResultInitializer(com.cash_flow_app.apicashflow.entities_repositories_and_services.base.user.User(35202153502500))@1278164801 (SingleTableEntityPersister(com.cash_flow_app.apicashflow.entities_repositories_and_services.base.user.User))
2023-11-28T22:11:58.497-05:00 DEBUG 27472 --- [           main] org.hibernate.SQL                        : 
    select
        u1_0.id,
        u1_0.password,
        u1_0.username 
    from
        users u1_0 
    where
        u1_0.username=?
2023-11-28T22:11:58.497-05:00 DEBUG 27472 --- [           main] org.hibernate.orm.results                : Extracted JDBC value [0] - [75d7969d-3978-42aa-b849-d014b661eaa9]
2023-11-28T22:11:58.497-05:00 DEBUG 27472 --- [           main] o.hibernate.orm.results.loading.entity   : (EntityResultInitializer) Hydrated EntityKey (com.cash_flow_app.apicashflow.entities_repositories_and_services.base.user.User(35202153502500)): 75d7969d-3978-42aa-b849-d014b661eaa9
2023-11-28T22:11:58.497-05:00 DEBUG 27472 --- [           main] o.h.o.r.l.o.h.o.r.loading.collection     : (DelayedCollectionInitializer) Current row collection key : com.cash_flow_app.apicashflow.entities_repositories_and_services.base.user.User(35202153502500).accounts#75d7969d-3978-42aa-b849-d014b661eaa9
2023-11-28T22:11:58.497-05:00 DEBUG 27472 --- [           main] o.h.o.r.l.o.h.o.r.loading.collection     : (DelayedCollectionInitializer) Current row collection key : com.cash_flow_app.apicashflow.entities_repositories_and_services.base.user.User(35202153502500).authorities#75d7969d-3978-42aa-b849-d014b661eaa9
2023-11-28T22:11:58.497-05:00 DEBUG 27472 --- [           main] org.hibernate.orm.results.loading        : Calling top-level assembler (0 / 1) : org.hibernate.sql.results.graph.entity.internal.EntityAssembler@30b3d9ef
2023-11-28T22:11:58.497-05:00 DEBUG 27472 --- [           main] org.hibernate.orm.sql.ast.create         : Created new SQL alias : u1_0
2023-11-28T22:11:58.497-05:00 DEBUG 27472 --- [           main] org.hibernate.orm.sql.ast.create         : Registration of TableGroup [StandardTableGroup(com.cash_flow_app.apicashflow.entities_repositories_and_services.base.user.User(35202153502500))] with identifierForTableGroup [com.cash_flow_app.apicashflow.entities_repositories_and_services.base.user.User] for NavigablePath [com.cash_flow_app.apicashflow.entities_repositories_and_services.base.user.User] 
2023-11-28T22:11:58.497-05:00 DEBUG 27472 --- [           main] o.h.q.sqm.sql.BaseSqmToSqlAstConverter   : Determining mapping-model type for SqmParameter : org.hibernate.query.sqm.tree.expression.SqmJpaCriteriaParameterWrapper@5d32d8f
2023-11-28T22:11:58.497-05:00 DEBUG 27472 --- [           main] o.h.q.sqm.sql.BaseSqmToSqlAstConverter   : Determining mapping-model type for SqmPath : SqmBasicValuedSimplePath(com.cash_flow_app.apicashflow.entities_repositories_and_services.base.user.User(35202153502500).username) 
2023-11-28T22:11:58.498-05:00 DEBUG 27472 --- [           main] org.hibernate.orm.results.graph.AST      : DomainResult Graph:
 \-EntityResultImpl [com.cash_flow_app.apicashflow.entities_repositories_and_services.base.user.User(35202153502500)]
 |  +-SelectEagerCollectionFetch [com.cash_flow_app.apicashflow.entities_repositories_and_services.base.user.User(35202153502500).accounts]
 |  +-SelectEagerCollectionFetch [com.cash_flow_app.apicashflow.entities_repositories_and_services.base.user.User(35202153502500).authorities]
 |  +-BasicFetch [com.cash_flow_app.apicashflow.entities_repositories_and_services.base.user.User(35202153502500).password]
 |  \-BasicFetch [com.cash_flow_app.apicashflow.entities_repositories_and_services.base.user.User(35202153502500).username]

2023-11-28T22:11:58.498-05:00 DEBUG 27472 --- [           main] org.hibernate.orm.sql.ast.tree           : SQL AST Tree:
    SelectStatement {
      FromClause {
        StandardTableGroup (u1 : com.cash_flow_app.apicashflow.entities_repositories_and_services.base.user.User(35202153502500)) {
          primaryTableReference : users as u1_0
        }
      }
    }

2023-11-28T22:11:58.498-05:00 DEBUG 27472 --- [           main] o.h.e.i.AbstractFlushingEventListener    : Processing flush-time cascades
2023-11-28T22:11:58.498-05:00 DEBUG 27472 --- [           main] o.h.e.i.AbstractFlushingEventListener    : Dirty checking collections
2023-11-28T22:11:58.498-05:00 DEBUG 27472 --- [           main] o.hibernate.engine.internal.Collections  : Collection found: [com.cash_flow_app.apicashflow.entities_repositories_and_services.base.user.User.authorities#75d7969d-3978-42aa-b849-d014b661eaa9], was: [com.cash_flow_app.apicashflow.entities_repositories_and_services.base.user.User.authorities#75d7969d-3978-42aa-b849-d014b661eaa9] (initialized)
2023-11-28T22:11:58.498-05:00 DEBUG 27472 --- [           main] o.hibernate.engine.internal.Collections  : Collection dereferenced: [com.cash_flow_app.apicashflow.entities_repositories_and_services.base.user.User.accounts#75d7969d-3978-42aa-b849-d014b661eaa9]
2023-11-28T22:11:58.498-05:00 DEBUG 27472 --- [           main] o.h.e.i.AbstractFlushingEventListener    : Flushed: 0 insertions, 0 updates, 0 deletions to 9 objects
2023-11-28T22:11:58.498-05:00 DEBUG 27472 --- [           main] o.h.e.i.AbstractFlushingEventListener    : Flushed: 0 (re)creations, 0 updates, 1 removals to 2 collections
2023-11-28T22:11:58.498-05:00 DEBUG 27472 --- [           main] o.hibernate.internal.util.EntityPrinter  : Listing entities:
2023-11-28T22:11:58.498-05:00 DEBUG 27472 --- [           main] o.hibernate.internal.util.EntityPrinter  : com.cash_flow_app.apicashflow.entities_repositories_and_services.base.authority.Authority{endpoint=User, permission=CREATE, id=f4f135be-a2b5-48d1-a9d0-2b14e82cc373}
2023-11-28T22:11:58.498-05:00 DEBUG 27472 --- [           main] o.hibernate.internal.util.EntityPrinter  : com.cash_flow_app.apicashflow.entities_repositories_and_services.base.authority.Authority{endpoint=User, permission=READ, id=35481739-2447-454f-8ec3-daf467bb2ae5}
2023-11-28T22:11:58.498-05:00 DEBUG 27472 --- [           main] o.hibernate.internal.util.EntityPrinter  : com.cash_flow_app.apicashflow.entities_repositories_and_services.base.authority.Authority{endpoint=IncomeExpense, permission=CREATE, id=4de61a19-9cab-469d-856c-169a503a3f70}
2023-11-28T22:11:58.498-05:00 DEBUG 27472 --- [           main] o.hibernate.internal.util.EntityPrinter  : com.cash_flow_app.apicashflow.entities_repositories_and_services.base.authority.Authority{endpoint=Account, permission=DELETE, id=363894b3-8bdc-4764-ad13-d91f872e1a95}
2023-11-28T22:11:58.498-05:00 DEBUG 27472 --- [           main] o.hibernate.internal.util.EntityPrinter  : com.cash_flow_app.apicashflow.entities_repositories_and_services.base.authority.Authority{endpoint=IncomeExpense, permission=DELETE, id=51c645c0-dc8a-45f9-88d1-533e63701dbe}
2023-11-28T22:11:58.498-05:00 DEBUG 27472 --- [           main] o.hibernate.internal.util.EntityPrinter  : com.cash_flow_app.apicashflow.entities_repositories_and_services.base.user.User{password=$2a$10$ZUXmUm6OAIGm2P5tfqd2buwb2qrOl41tEXBo7d5lmhZLiNyNQoY7K, id=75d7969d-3978-42aa-b849-d014b661eaa9, accounts=null, authorities=[com.cash_flow_app.apicashflow.entities_repositories_and_services.base.authority.Authority#9aaf7d40-45f6-4ab6-90a9-a23f4c1b5f2f, com.cash_flow_app.apicashflow.entities_repositories_and_services.base.authority.Authority#b14a62f4-d04f-422a-a2a3-1f80e2635352, com.cash_flow_app.apicashflow.entities_repositories_and_services.base.authority.Authority#363894b3-8bdc-4764-ad13-d91f872e1a95, com.cash_flow_app.apicashflow.entities_repositories_and_services.base.authority.Authority#f4f135be-a2b5-48d1-a9d0-2b14e82cc373, com.cash_flow_app.apicashflow.entities_repositories_and_services.base.authority.Authority#35481739-2447-454f-8ec3-daf467bb2ae5, com.cash_flow_app.apicashflow.entities_repositories_and_services.base.authority.Authority#4de61a19-9cab-469d-856c-169a503a3f70, com.cash_flow_app.apicashflow.entities_repositories_and_services.base.authority.Authority#af9e383e-4459-4719-802e-94a22944b4b7, com.cash_flow_app.apicashflow.entities_repositories_and_services.base.authority.Authority#51c645c0-dc8a-45f9-88d1-533e63701dbe], username=usuario_test}
2023-11-28T22:11:58.498-05:00 DEBUG 27472 --- [           main] o.hibernate.internal.util.EntityPrinter  : com.cash_flow_app.apicashflow.entities_repositories_and_services.base.authority.Authority{endpoint=Account, permission=CREATE, id=9aaf7d40-45f6-4ab6-90a9-a23f4c1b5f2f}
2023-11-28T22:11:58.498-05:00 DEBUG 27472 --- [           main] o.hibernate.internal.util.EntityPrinter  : com.cash_flow_app.apicashflow.entities_repositories_and_services.base.authority.Authority{endpoint=Account, permission=READ, id=b14a62f4-d04f-422a-a2a3-1f80e2635352}
2023-11-28T22:11:58.498-05:00 DEBUG 27472 --- [           main] o.hibernate.internal.util.EntityPrinter  : com.cash_flow_app.apicashflow.entities_repositories_and_services.base.authority.Authority{endpoint=IncomeExpense, permission=READ, id=af9e383e-4459-4719-802e-94a22944b4b7}
2023-11-28T22:11:58.498-05:00 DEBUG 27472 --- [           main] org.hibernate.orm.sql.exec               : Skipping reading Query result cache data: cache-enabled = false, cache-mode = NORMAL
2023-11-28T22:11:58.498-05:00 DEBUG 27472 --- [           main] org.hibernate.orm.results                : Initializer list
2023-11-28T22:11:58.498-05:00 DEBUG 27472 --- [           main] org.hibernate.orm.results                :     com.cash_flow_app.apicashflow.entities_repositories_and_services.base.user.User(35202153502500).accounts -> SelectEagerCollectionInitializer(com.cash_flow_app.apicashflow.entities_repositories_and_services.base.user.User(35202153502500).accounts)@184351843 (PluralAttribute(com.cash_flow_app.apicashflow.entities_repositories_and_services.base.user.User.accounts))
2023-11-28T22:11:58.498-05:00 DEBUG 27472 --- [           main] org.hibernate.orm.results                :     com.cash_flow_app.apicashflow.entities_repositories_and_services.base.user.User(35202153502500).authorities -> SelectEagerCollectionInitializer(com.cash_flow_app.apicashflow.entities_repositories_and_services.base.user.User(35202153502500).authorities)@383719398 (PluralAttribute(com.cash_flow_app.apicashflow.entities_repositories_and_services.base.user.User.authorities))
2023-11-28T22:11:58.498-05:00 DEBUG 27472 --- [           main] org.hibernate.orm.results                :     com.cash_flow_app.apicashflow.entities_repositories_and_services.base.user.User(35202153502500) -> EntityResultInitializer(com.cash_flow_app.apicashflow.entities_repositories_and_services.base.user.User(35202153502500))@1956264229 (SingleTableEntityPersister(com.cash_flow_app.apicashflow.entities_repositories_and_services.base.user.User))
2023-11-28T22:11:58.498-05:00 DEBUG 27472 --- [           main] org.hibernate.SQL                        : 
    select
        u1_0.id,
        u1_0.password,
        u1_0.username 
    from
        users u1_0 
    where
        u1_0.username=?
2023-11-28T22:11:58.498-05:00 DEBUG 27472 --- [           main] org.hibernate.orm.results                : Extracted JDBC value [0] - [75d7969d-3978-42aa-b849-d014b661eaa9]
2023-11-28T22:11:58.498-05:00 DEBUG 27472 --- [           main] o.hibernate.orm.results.loading.entity   : (EntityResultInitializer) Hydrated EntityKey (com.cash_flow_app.apicashflow.entities_repositories_and_services.base.user.User(35202153502500)): 75d7969d-3978-42aa-b849-d014b661eaa9
2023-11-28T22:11:58.498-05:00 DEBUG 27472 --- [           main] o.h.o.r.l.o.h.o.r.loading.collection     : (DelayedCollectionInitializer) Current row collection key : com.cash_flow_app.apicashflow.entities_repositories_and_services.base.user.User(35202153502500).accounts#75d7969d-3978-42aa-b849-d014b661eaa9
2023-11-28T22:11:58.498-05:00 DEBUG 27472 --- [           main] o.h.o.r.l.o.h.o.r.loading.collection     : (DelayedCollectionInitializer) Current row collection key : com.cash_flow_app.apicashflow.entities_repositories_and_services.base.user.User(35202153502500).authorities#75d7969d-3978-42aa-b849-d014b661eaa9
2023-11-28T22:11:58.498-05:00 DEBUG 27472 --- [           main] org.hibernate.orm.results.loading        : Calling top-level assembler (0 / 1) : org.hibernate.sql.results.graph.entity.internal.EntityAssembler@22b0f013
2023-11-28T22:11:58.498-05:00 DEBUG 27472 --- [           main] o.s.orm.jpa.JpaTransactionManager        : Found thread-bound EntityManager [SessionImpl(836431654<open>)] for JPA transaction
2023-11-28T22:11:58.498-05:00 DEBUG 27472 --- [           main] o.s.orm.jpa.JpaTransactionManager        : Participating in existing transaction
2023-11-28T22:11:58.498-05:00 DEBUG 27472 --- [           main] o.h.j.internal.PersistenceUnitUtilImpl   : jakarta.persistence.PersistenceUnitUtil.getIdentifier is only intended to work with enhanced entities (although Hibernate also adapts this support to its proxies); however the passed entity was not enhanced (nor a proxy).. may not be able to read identifier
2023-11-28T22:11:58.498-05:00 DEBUG 27472 --- [           main] o.h.e.i.AbstractSaveEventListener        : Generated identifier: 603b103e-facb-434b-a6d3-c41673d4bb3f, using strategy: org.hibernate.id.UUIDGenerator
2023-11-28T22:11:58.498-05:00 DEBUG 27472 --- [           main] o.s.w.s.m.m.a.HttpEntityMethodProcessor  : Using 'application/json', given [*/*] and supported [application/json, application/*+json]
2023-11-28T22:11:58.499-05:00 DEBUG 27472 --- [           main] o.s.w.s.m.m.a.HttpEntityMethodProcessor  : Writing [AccountDto(id=603b103e-facb-434b-a6d3-c41673d4bb3f, description=descripcion de cuenta, users=[usuari (truncated)...]
2023-11-28T22:11:58.499-05:00 DEBUG 27472 --- [           main] o.s.t.web.servlet.TestDispatcherServlet  : Completed 200 OK
2023-11-28T22:11:58.500-05:00 DEBUG 27472 --- [           main] o.s.test.util.ReflectionTestUtils        : Invoking method 'getFilters' on target object [FilterChainProxy[Filter Chains: [DefaultSecurityFilterChain [RequestMatcher=any request, Filters=[org.springframework.security.web.session.DisableEncodeUrlFilter@120e3ebb, org.springframework.security.web.session.ForceEagerSessionCreationFilter@753f1c3e, org.springframework.security.web.context.request.async.WebAsyncManagerIntegrationFilter@5e9af5d4, org.springframework.security.web.context.SecurityContextHolderFilter@1d18e5ad, org.springframework.security.web.header.HeaderWriterFilter@73b68d98, org.springframework.web.filter.CorsFilter@7863e6b2, org.springframework.security.web.authentication.logout.LogoutFilter@1e5a8278, JWTAuthorizationFilter(loginService=com.cash_flow_app.apicashflow.entities_repositories_and_services.base.security.LoginService@508b9c16), com.cash_flow_app.apicashflow.entities_repositories_and_services.base.security.JWTAuthenticationFilter@6fd2b939, org.springframework.security.web.savedrequest.RequestCacheAwareFilter@11def039, org.springframework.security.web.servletapi.SecurityContextHolderAwareRequestFilter@564375d7, org.springframework.security.web.authentication.AnonymousAuthenticationFilter@c4aa99e, org.springframework.security.web.session.SessionManagementFilter@69af6978, org.springframework.security.web.access.ExceptionTranslationFilter@4469046b, org.springframework.security.web.access.intercept.AuthorizationFilter@588d2e90]]]]] or target class [null] with arguments {org.springframework.mock.web.MockHttpServletRequest@7d332e20}
2023-11-28T22:11:58.500-05:00 DEBUG 27472 --- [           main] o.s.test.util.ReflectionTestUtils        : Invoking method 'getFilters' on target object [FilterChainProxy[Filter Chains: [DefaultSecurityFilterChain [RequestMatcher=any request, Filters=[org.springframework.security.web.session.DisableEncodeUrlFilter@120e3ebb, org.springframework.security.web.session.ForceEagerSessionCreationFilter@753f1c3e, org.springframework.security.web.context.request.async.WebAsyncManagerIntegrationFilter@5e9af5d4, org.springframework.security.web.context.SecurityContextHolderFilter@1d18e5ad, org.springframework.security.web.header.HeaderWriterFilter@73b68d98, org.springframework.web.filter.CorsFilter@7863e6b2, org.springframework.security.web.authentication.logout.LogoutFilter@1e5a8278, JWTAuthorizationFilter(loginService=com.cash_flow_app.apicashflow.entities_repositories_and_services.base.security.LoginService@508b9c16), com.cash_flow_app.apicashflow.entities_repositories_and_services.base.security.JWTAuthenticationFilter@6fd2b939, org.springframework.security.web.savedrequest.RequestCacheAwareFilter@11def039, org.springframework.security.web.servletapi.SecurityContextHolderAwareRequestFilter@564375d7, org.springframework.security.web.authentication.AnonymousAuthenticationFilter@c4aa99e, org.springframework.security.web.session.SessionManagementFilter@69af6978, org.springframework.security.web.access.ExceptionTranslationFilter@4469046b, org.springframework.security.web.access.intercept.AuthorizationFilter@588d2e90]]]]] or target class [null] with arguments {org.springframework.mock.web.MockHttpServletRequest@7d332e20}
2023-11-28T22:11:58.500-05:00 DEBUG 27472 --- [           main] o.s.test.util.ReflectionTestUtils        : Invoking method 'getFilters' on target object [FilterChainProxy[Filter Chains: [DefaultSecurityFilterChain [RequestMatcher=any request, Filters=[org.springframework.security.web.session.DisableEncodeUrlFilter@120e3ebb, org.springframework.security.web.session.ForceEagerSessionCreationFilter@753f1c3e, org.springframework.security.web.context.request.async.WebAsyncManagerIntegrationFilter@5e9af5d4, org.springframework.security.web.context.SecurityContextHolderFilter@1d18e5ad, org.springframework.security.web.header.HeaderWriterFilter@73b68d98, org.springframework.web.filter.CorsFilter@7863e6b2, org.springframework.security.web.authentication.logout.LogoutFilter@1e5a8278, JWTAuthorizationFilter(loginService=com.cash_flow_app.apicashflow.entities_repositories_and_services.base.security.LoginService@508b9c16), com.cash_flow_app.apicashflow.entities_repositories_and_services.base.security.JWTAuthenticationFilter@6fd2b939, org.springframework.security.web.savedrequest.RequestCacheAwareFilter@11def039, org.springframework.security.web.servletapi.SecurityContextHolderAwareRequestFilter@564375d7, org.springframework.security.web.authentication.AnonymousAuthenticationFilter@c4aa99e, org.springframework.security.web.session.SessionManagementFilter@69af6978, org.springframework.security.web.access.ExceptionTranslationFilter@4469046b, org.springframework.security.web.access.intercept.AuthorizationFilter@588d2e90]]]]] or target class [null] with arguments {org.springframework.mock.web.MockHttpServletRequest@7d332e20}
2023-11-28T22:11:58.500-05:00 DEBUG 27472 --- [           main] o.s.security.web.FilterChainProxy        : Securing POST /api/v1/income_expense/create
2023-11-28T22:11:58.500-05:00 DEBUG 27472 --- [           main] .s.s.w.s.ForceEagerSessionCreationFilter : Created session eagerly
2023-11-28T22:11:58.501-05:00 DEBUG 27472 --- [           main] org.hibernate.orm.sql.ast.create         : Created new SQL alias : u1_0
2023-11-28T22:11:58.501-05:00 DEBUG 27472 --- [           main] org.hibernate.orm.sql.ast.create         : Registration of TableGroup [StandardTableGroup(com.cash_flow_app.apicashflow.entities_repositories_and_services.base.user.User(35202153502500))] with identifierForTableGroup [com.cash_flow_app.apicashflow.entities_repositories_and_services.base.user.User] for NavigablePath [com.cash_flow_app.apicashflow.entities_repositories_and_services.base.user.User] 
2023-11-28T22:11:58.501-05:00 DEBUG 27472 --- [           main] o.h.q.sqm.sql.BaseSqmToSqlAstConverter   : Determining mapping-model type for SqmParameter : org.hibernate.query.sqm.tree.expression.SqmJpaCriteriaParameterWrapper@2bd9b7cc
2023-11-28T22:11:58.501-05:00 DEBUG 27472 --- [           main] o.h.q.sqm.sql.BaseSqmToSqlAstConverter   : Determining mapping-model type for SqmPath : SqmBasicValuedSimplePath(com.cash_flow_app.apicashflow.entities_repositories_and_services.base.user.User(35202153502500).username) 
2023-11-28T22:11:58.501-05:00 DEBUG 27472 --- [           main] org.hibernate.orm.results.graph.AST      : DomainResult Graph:
 \-EntityResultImpl [com.cash_flow_app.apicashflow.entities_repositories_and_services.base.user.User(35202153502500)]
 |  +-SelectEagerCollectionFetch [com.cash_flow_app.apicashflow.entities_repositories_and_services.base.user.User(35202153502500).accounts]
 |  +-SelectEagerCollectionFetch [com.cash_flow_app.apicashflow.entities_repositories_and_services.base.user.User(35202153502500).authorities]
 |  +-BasicFetch [com.cash_flow_app.apicashflow.entities_repositories_and_services.base.user.User(35202153502500).password]
 |  \-BasicFetch [com.cash_flow_app.apicashflow.entities_repositories_and_services.base.user.User(35202153502500).username]

2023-11-28T22:11:58.501-05:00 DEBUG 27472 --- [           main] org.hibernate.orm.sql.ast.tree           : SQL AST Tree:
    SelectStatement {
      FromClause {
        StandardTableGroup (u1 : com.cash_flow_app.apicashflow.entities_repositories_and_services.base.user.User(35202153502500)) {
          primaryTableReference : users as u1_0
        }
      }
    }

2023-11-28T22:11:58.501-05:00 DEBUG 27472 --- [           main] o.h.e.i.AbstractFlushingEventListener    : Processing flush-time cascades
2023-11-28T22:11:58.501-05:00 DEBUG 27472 --- [           main] o.h.e.i.AbstractFlushingEventListener    : Dirty checking collections
2023-11-28T22:11:58.501-05:00 DEBUG 27472 --- [           main] o.hibernate.engine.internal.Collections  : Collection found: [com.cash_flow_app.apicashflow.entities_repositories_and_services.base.user.User.accounts#75d7969d-3978-42aa-b849-d014b661eaa9], was: [<unreferenced>] (initialized)
2023-11-28T22:11:58.501-05:00 DEBUG 27472 --- [           main] o.hibernate.engine.internal.Collections  : Collection found: [com.cash_flow_app.apicashflow.entities_repositories_and_services.base.user.User.authorities#75d7969d-3978-42aa-b849-d014b661eaa9], was: [com.cash_flow_app.apicashflow.entities_repositories_and_services.base.user.User.authorities#75d7969d-3978-42aa-b849-d014b661eaa9] (initialized)
2023-11-28T22:11:58.501-05:00 DEBUG 27472 --- [           main] o.hibernate.engine.internal.Collections  : Collection found: [com.cash_flow_app.apicashflow.entities_repositories_and_services.base.account.Account.users#603b103e-facb-434b-a6d3-c41673d4bb3f], was: [<unreferenced>] (initialized)
2023-11-28T22:11:58.501-05:00 DEBUG 27472 --- [           main] o.hibernate.engine.internal.Collections  : Collection dereferenced: [com.cash_flow_app.apicashflow.entities_repositories_and_services.base.user.User.accounts#75d7969d-3978-42aa-b849-d014b661eaa9]
2023-11-28T22:11:58.501-05:00 DEBUG 27472 --- [           main] o.h.e.i.AbstractFlushingEventListener    : Flushed: 1 insertions, 1 updates, 0 deletions to 10 objects
2023-11-28T22:11:58.501-05:00 DEBUG 27472 --- [           main] o.h.e.i.AbstractFlushingEventListener    : Flushed: 2 (re)creations, 0 updates, 1 removals to 4 collections
2023-11-28T22:11:58.501-05:00 DEBUG 27472 --- [           main] o.hibernate.internal.util.EntityPrinter  : Listing entities:
2023-11-28T22:11:58.501-05:00 DEBUG 27472 --- [           main] o.hibernate.internal.util.EntityPrinter  : com.cash_flow_app.apicashflow.entities_repositories_and_services.base.authority.Authority{endpoint=User, permission=CREATE, id=f4f135be-a2b5-48d1-a9d0-2b14e82cc373}
2023-11-28T22:11:58.501-05:00 DEBUG 27472 --- [           main] o.hibernate.internal.util.EntityPrinter  : com.cash_flow_app.apicashflow.entities_repositories_and_services.base.authority.Authority{endpoint=User, permission=READ, id=35481739-2447-454f-8ec3-daf467bb2ae5}
2023-11-28T22:11:58.501-05:00 DEBUG 27472 --- [           main] o.hibernate.internal.util.EntityPrinter  : com.cash_flow_app.apicashflow.entities_repositories_and_services.base.authority.Authority{endpoint=IncomeExpense, permission=CREATE, id=4de61a19-9cab-469d-856c-169a503a3f70}
2023-11-28T22:11:58.501-05:00 DEBUG 27472 --- [           main] o.hibernate.internal.util.EntityPrinter  : com.cash_flow_app.apicashflow.entities_repositories_and_services.base.authority.Authority{endpoint=Account, permission=DELETE, id=363894b3-8bdc-4764-ad13-d91f872e1a95}
2023-11-28T22:11:58.501-05:00 DEBUG 27472 --- [           main] o.hibernate.internal.util.EntityPrinter  : com.cash_flow_app.apicashflow.entities_repositories_and_services.base.authority.Authority{endpoint=IncomeExpense, permission=DELETE, id=51c645c0-dc8a-45f9-88d1-533e63701dbe}
2023-11-28T22:11:58.501-05:00 DEBUG 27472 --- [           main] o.hibernate.internal.util.EntityPrinter  : com.cash_flow_app.apicashflow.entities_repositories_and_services.base.account.Account{incomes_expenses=null, description=descripcion de cuenta, id=603b103e-facb-434b-a6d3-c41673d4bb3f, users=[com.cash_flow_app.apicashflow.entities_repositories_and_services.base.user.User#75d7969d-3978-42aa-b849-d014b661eaa9, com.cash_flow_app.apicashflow.entities_repositories_and_services.base.user.User#75d7969d-3978-42aa-b849-d014b661eaa9]}
2023-11-28T22:11:58.501-05:00 DEBUG 27472 --- [           main] o.hibernate.internal.util.EntityPrinter  : com.cash_flow_app.apicashflow.entities_repositories_and_services.base.user.User{password=$2a$10$ZUXmUm6OAIGm2P5tfqd2buwb2qrOl41tEXBo7d5lmhZLiNyNQoY7K, id=75d7969d-3978-42aa-b849-d014b661eaa9, accounts=[com.cash_flow_app.apicashflow.entities_repositories_and_services.base.account.Account#603b103e-facb-434b-a6d3-c41673d4bb3f, com.cash_flow_app.apicashflow.entities_repositories_and_services.base.account.Account#603b103e-facb-434b-a6d3-c41673d4bb3f], authorities=[com.cash_flow_app.apicashflow.entities_repositories_and_services.base.authority.Authority#9aaf7d40-45f6-4ab6-90a9-a23f4c1b5f2f, com.cash_flow_app.apicashflow.entities_repositories_and_services.base.authority.Authority#b14a62f4-d04f-422a-a2a3-1f80e2635352, com.cash_flow_app.apicashflow.entities_repositories_and_services.base.authority.Authority#363894b3-8bdc-4764-ad13-d91f872e1a95, com.cash_flow_app.apicashflow.entities_repositories_and_services.base.authority.Authority#f4f135be-a2b5-48d1-a9d0-2b14e82cc373, com.cash_flow_app.apicashflow.entities_repositories_and_services.base.authority.Authority#35481739-2447-454f-8ec3-daf467bb2ae5, com.cash_flow_app.apicashflow.entities_repositories_and_services.base.authority.Authority#4de61a19-9cab-469d-856c-169a503a3f70, com.cash_flow_app.apicashflow.entities_repositories_and_services.base.authority.Authority#af9e383e-4459-4719-802e-94a22944b4b7, com.cash_flow_app.apicashflow.entities_repositories_and_services.base.authority.Authority#51c645c0-dc8a-45f9-88d1-533e63701dbe], username=usuario_test}
2023-11-28T22:11:58.501-05:00 DEBUG 27472 --- [           main] o.hibernate.internal.util.EntityPrinter  : com.cash_flow_app.apicashflow.entities_repositories_and_services.base.authority.Authority{endpoint=Account, permission=CREATE, id=9aaf7d40-45f6-4ab6-90a9-a23f4c1b5f2f}
2023-11-28T22:11:58.501-05:00 DEBUG 27472 --- [           main] o.hibernate.internal.util.EntityPrinter  : com.cash_flow_app.apicashflow.entities_repositories_and_services.base.authority.Authority{endpoint=Account, permission=READ, id=b14a62f4-d04f-422a-a2a3-1f80e2635352}
2023-11-28T22:11:58.501-05:00 DEBUG 27472 --- [           main] o.hibernate.internal.util.EntityPrinter  : com.cash_flow_app.apicashflow.entities_repositories_and_services.base.authority.Authority{endpoint=IncomeExpense, permission=READ, id=af9e383e-4459-4719-802e-94a22944b4b7}
2023-11-28T22:11:58.501-05:00 DEBUG 27472 --- [           main] org.hibernate.engine.spi.ActionQueue     : Changes must be flushed to space: users
2023-11-28T22:11:58.501-05:00 DEBUG 27472 --- [           main] org.hibernate.SQL                        : 
    insert 
    into
        accounts
        (description, id) 
    values
        (?, ?)
2023-11-28T22:11:58.502-05:00 DEBUG 27472 --- [           main] o.h.p.c.AbstractCollectionPersister      : Inserting collection: [com.cash_flow_app.apicashflow.entities_repositories_and_services.base.user.User.accounts#75d7969d-3978-42aa-b849-d014b661eaa9]
2023-11-28T22:11:58.502-05:00 DEBUG 27472 --- [           main] org.hibernate.SQL                        : 
    insert 
    into
        user_account
        (user_id, account_id) 
    values
        (?, ?)
2023-11-28T22:11:58.502-05:00 DEBUG 27472 --- [           main] org.hibernate.SQL                        : 
    insert 
    into
        user_account
        (user_id, account_id) 
    values
        (?, ?)
2023-11-28T22:11:58.502-05:00 DEBUG 27472 --- [           main] o.h.engine.jdbc.spi.SqlExceptionHelper   : could not execute statement [n/a]

org.postgresql.util.PSQLException: ERROR: duplicate key value violates unique constraint "user_account_pkey"
  Detail: Key (user_id, account_id)=(75d7969d-3978-42aa-b849-d014b661eaa9, 603b103e-facb-434b-a6d3-c41673d4bb3f) already exists.
	at org.postgresql.core.v3.QueryExecutorImpl.receiveErrorResponse(QueryExecutorImpl.java:2676) ~[postgresql-42.5.4.jar:42.5.4]
	at org.postgresql.core.v3.QueryExecutorImpl.processResults(QueryExecutorImpl.java:2366) ~[postgresql-42.5.4.jar:42.5.4]
	at org.postgresql.core.v3.QueryExecutorImpl.execute(QueryExecutorImpl.java:356) ~[postgresql-42.5.4.jar:42.5.4]
	at org.postgresql.jdbc.PgStatement.executeInternal(PgStatement.java:496) ~[postgresql-42.5.4.jar:42.5.4]
	at org.postgresql.jdbc.PgStatement.execute(PgStatement.java:413) ~[postgresql-42.5.4.jar:42.5.4]
	at org.postgresql.jdbc.PgPreparedStatement.executeWithFlags(PgPreparedStatement.java:190) ~[postgresql-42.5.4.jar:42.5.4]
	at org.postgresql.jdbc.PgPreparedStatement.executeUpdate(PgPreparedStatement.java:152) ~[postgresql-42.5.4.jar:42.5.4]
	at com.zaxxer.hikari.pool.ProxyPreparedStatement.executeUpdate(ProxyPreparedStatement.java:61) ~[HikariCP-5.0.1.jar:na]
	at com.zaxxer.hikari.pool.HikariProxyPreparedStatement.executeUpdate(HikariProxyPreparedStatement.java) ~[HikariCP-5.0.1.jar:na]
	at org.hibernate.engine.jdbc.internal.ResultSetReturnImpl.executeUpdate(ResultSetReturnImpl.java:197) ~[hibernate-core-6.1.7.Final.jar:6.1.7.Final]
	at org.hibernate.engine.jdbc.batch.internal.NonBatchingBatch.addToBatch(NonBatchingBatch.java:39) ~[hibernate-core-6.1.7.Final.jar:6.1.7.Final]
	at org.hibernate.persister.collection.AbstractCollectionPersister.recreate(AbstractCollectionPersister.java:1478) ~[hibernate-core-6.1.7.Final.jar:6.1.7.Final]
	at org.hibernate.action.internal.CollectionRecreateAction.execute(CollectionRecreateAction.java:47) ~[hibernate-core-6.1.7.Final.jar:6.1.7.Final]
	at org.hibernate.engine.spi.ActionQueue.executeActions(ActionQueue.java:612) ~[hibernate-core-6.1.7.Final.jar:6.1.7.Final]
	at org.hibernate.engine.spi.ActionQueue.lambda$executeActions$1(ActionQueue.java:483) ~[hibernate-core-6.1.7.Final.jar:6.1.7.Final]
	at java.base/java.util.LinkedHashMap.forEach(LinkedHashMap.java:729) ~[na:na]
	at org.hibernate.engine.spi.ActionQueue.executeActions(ActionQueue.java:480) ~[hibernate-core-6.1.7.Final.jar:6.1.7.Final]
	at org.hibernate.event.internal.AbstractFlushingEventListener.performExecutions(AbstractFlushingEventListener.java:329) ~[hibernate-core-6.1.7.Final.jar:6.1.7.Final]
	at org.hibernate.event.internal.DefaultAutoFlushEventListener.onAutoFlush(DefaultAutoFlushEventListener.java:55) ~[hibernate-core-6.1.7.Final.jar:6.1.7.Final]
	at org.hibernate.event.service.internal.EventListenerGroupImpl.fireEventOnEachListener(EventListenerGroupImpl.java:107) ~[hibernate-core-6.1.7.Final.jar:6.1.7.Final]
	at org.hibernate.internal.SessionImpl.autoFlushIfRequired(SessionImpl.java:1388) ~[hibernate-core-6.1.7.Final.jar:6.1.7.Final]
	at org.hibernate.query.sqm.internal.ConcreteSqmSelectQueryPlan.lambda$new$0(ConcreteSqmSelectQueryPlan.java:111) ~[hibernate-core-6.1.7.Final.jar:6.1.7.Final]
	at org.hibernate.query.sqm.internal.ConcreteSqmSelectQueryPlan.withCacheableSqmInterpretation(ConcreteSqmSelectQueryPlan.java:335) ~[hibernate-core-6.1.7.Final.jar:6.1.7.Final]
	at org.hibernate.query.sqm.internal.ConcreteSqmSelectQueryPlan.performList(ConcreteSqmSelectQueryPlan.java:276) ~[hibernate-core-6.1.7.Final.jar:6.1.7.Final]
	at org.hibernate.query.sqm.internal.QuerySqmImpl.doList(QuerySqmImpl.java:571) ~[hibernate-core-6.1.7.Final.jar:6.1.7.Final]
	at org.hibernate.query.spi.AbstractSelectionQuery.list(AbstractSelectionQuery.java:363) ~[hibernate-core-6.1.7.Final.jar:6.1.7.Final]
	at org.hibernate.query.sqm.internal.QuerySqmImpl.list(QuerySqmImpl.java:1073) ~[hibernate-core-6.1.7.Final.jar:6.1.7.Final]
	at org.hibernate.query.spi.AbstractSelectionQuery.getSingleResult(AbstractSelectionQuery.java:457) ~[hibernate-core-6.1.7.Final.jar:6.1.7.Final]
	at org.hibernate.query.sqm.internal.QuerySqmImpl.getSingleResult(QuerySqmImpl.java:1103) ~[hibernate-core-6.1.7.Final.jar:6.1.7.Final]
	at org.springframework.data.jpa.repository.query.JpaQueryExecution$SingleEntityExecution.doExecute(JpaQueryExecution.java:193) ~[spring-data-jpa-3.0.5.jar:3.0.5]
	at org.springframework.data.jpa.repository.query.JpaQueryExecution.execute(JpaQueryExecution.java:90) ~[spring-data-jpa-3.0.5.jar:3.0.5]
	at org.springframework.data.jpa.repository.query.AbstractJpaQuery.doExecute(AbstractJpaQuery.java:148) ~[spring-data-jpa-3.0.5.jar:3.0.5]
	at org.springframework.data.jpa.repository.query.AbstractJpaQuery.execute(AbstractJpaQuery.java:136) ~[spring-data-jpa-3.0.5.jar:3.0.5]
	at org.springframework.data.repository.core.support.RepositoryMethodInvoker.doInvoke(RepositoryMethodInvoker.java:136) ~[spring-data-commons-3.0.5.jar:3.0.5]
	at org.springframework.data.repository.core.support.RepositoryMethodInvoker.invoke(RepositoryMethodInvoker.java:120) ~[spring-data-commons-3.0.5.jar:3.0.5]
	at org.springframework.data.repository.core.support.QueryExecutorMethodInterceptor.doInvoke(QueryExecutorMethodInterceptor.java:164) ~[spring-data-commons-3.0.5.jar:3.0.5]
	at org.springframework.data.repository.core.support.QueryExecutorMethodInterceptor.invoke(QueryExecutorMethodInterceptor.java:143) ~[spring-data-commons-3.0.5.jar:3.0.5]
	at org.springframework.aop.framework.ReflectiveMethodInvocation.proceed(ReflectiveMethodInvocation.java:184) ~[spring-aop-6.0.8.jar:6.0.8]
	at org.springframework.data.projection.DefaultMethodInvokingMethodInterceptor.invoke(DefaultMethodInvokingMethodInterceptor.java:77) ~[spring-data-commons-3.0.5.jar:3.0.5]
	at org.springframework.aop.framework.ReflectiveMethodInvocation.proceed(ReflectiveMethodInvocation.java:184) ~[spring-aop-6.0.8.jar:6.0.8]
	at org.springframework.transaction.interceptor.TransactionInterceptor$1.proceedWithInvocation(TransactionInterceptor.java:123) ~[spring-tx-6.0.8.jar:6.0.8]
	at org.springframework.transaction.interceptor.TransactionAspectSupport.invokeWithinTransaction(TransactionAspectSupport.java:391) ~[spring-tx-6.0.8.jar:6.0.8]
	at org.springframework.transaction.interceptor.TransactionInterceptor.invoke(TransactionInterceptor.java:119) ~[spring-tx-6.0.8.jar:6.0.8]
	at org.springframework.aop.framework.ReflectiveMethodInvocation.proceed(ReflectiveMethodInvocation.java:184) ~[spring-aop-6.0.8.jar:6.0.8]
	at org.springframework.dao.support.PersistenceExceptionTranslationInterceptor.invoke(PersistenceExceptionTranslationInterceptor.java:137) ~[spring-tx-6.0.8.jar:6.0.8]
	at org.springframework.aop.framework.ReflectiveMethodInvocation.proceed(ReflectiveMethodInvocation.java:184) ~[spring-aop-6.0.8.jar:6.0.8]
	at org.springframework.data.jpa.repository.support.CrudMethodMetadataPostProcessor$CrudMethodMetadataPopulatingMethodInterceptor.invoke(CrudMethodMetadataPostProcessor.java:134) ~[spring-data-jpa-3.0.5.jar:3.0.5]
	at org.springframework.aop.framework.ReflectiveMethodInvocation.proceed(ReflectiveMethodInvocation.java:184) ~[spring-aop-6.0.8.jar:6.0.8]
	at org.springframework.aop.interceptor.ExposeInvocationInterceptor.invoke(ExposeInvocationInterceptor.java:97) ~[spring-aop-6.0.8.jar:6.0.8]
	at org.springframework.aop.framework.ReflectiveMethodInvocation.proceed(ReflectiveMethodInvocation.java:184) ~[spring-aop-6.0.8.jar:6.0.8]
	at org.springframework.aop.framework.JdkDynamicAopProxy.invoke(JdkDynamicAopProxy.java:223) ~[spring-aop-6.0.8.jar:6.0.8]
	at jdk.proxy2/jdk.proxy2.$Proxy148.findByUsername(Unknown Source) ~[na:na]
	at com.cash_flow_app.apicashflow.entities_repositories_and_services.base.user.UserService.findByUsername(UserService.java:56) ~[classes/:na]
	at com.cash_flow_app.apicashflow.entities_repositories_and_services.base.security.LoginService.loadUserByUsername(LoginService.java:18) ~[classes/:na]
	at com.cash_flow_app.apicashflow.utils.TokenUtils.getAuthentication(TokenUtils.java:40) ~[classes/:na]
	at com.cash_flow_app.apicashflow.entities_repositories_and_services.base.security.JWTAuthorizationFilter.doFilterInternal(JWTAuthorizationFilter.java:27) ~[classes/:na]
	at org.springframework.web.filter.OncePerRequestFilter.doFilter(OncePerRequestFilter.java:116) ~[spring-web-6.0.8.jar:6.0.8]
	at org.springframework.security.web.ObservationFilterChainDecorator$ObservationFilter.wrapFilter(ObservationFilterChainDecorator.java:185) ~[spring-security-web-6.0.3.jar:6.0.3]
	at org.springframework.security.web.ObservationFilterChainDecorator$ObservationFilter.doFilter(ObservationFilterChainDecorator.java:172) ~[spring-security-web-6.0.3.jar:6.0.3]
	at org.springframework.security.web.ObservationFilterChainDecorator$VirtualFilterChain.doFilter(ObservationFilterChainDecorator.java:133) ~[spring-security-web-6.0.3.jar:6.0.3]
	at org.springframework.security.web.authentication.logout.LogoutFilter.doFilter(LogoutFilter.java:107) ~[spring-security-web-6.0.3.jar:6.0.3]
	at org.springframework.security.web.authentication.logout.LogoutFilter.doFilter(LogoutFilter.java:93) ~[spring-security-web-6.0.3.jar:6.0.3]
	at org.springframework.security.web.ObservationFilterChainDecorator$ObservationFilter.wrapFilter(ObservationFilterChainDecorator.java:185) ~[spring-security-web-6.0.3.jar:6.0.3]
	at org.springframework.security.web.ObservationFilterChainDecorator$ObservationFilter.doFilter(ObservationFilterChainDecorator.java:172) ~[spring-security-web-6.0.3.jar:6.0.3]
	at org.springframework.security.web.ObservationFilterChainDecorator$VirtualFilterChain.doFilter(ObservationFilterChainDecorator.java:133) ~[spring-security-web-6.0.3.jar:6.0.3]
	at org.springframework.web.filter.CorsFilter.doFilterInternal(CorsFilter.java:91) ~[spring-web-6.0.8.jar:6.0.8]
	at org.springframework.web.filter.OncePerRequestFilter.doFilter(OncePerRequestFilter.java:116) ~[spring-web-6.0.8.jar:6.0.8]
	at org.springframework.security.web.ObservationFilterChainDecorator$ObservationFilter.wrapFilter(ObservationFilterChainDecorator.java:185) ~[spring-security-web-6.0.3.jar:6.0.3]
	at org.springframework.security.web.ObservationFilterChainDecorator$ObservationFilter.doFilter(ObservationFilterChainDecorator.java:172) ~[spring-security-web-6.0.3.jar:6.0.3]
	at org.springframework.security.web.ObservationFilterChainDecorator$VirtualFilterChain.doFilter(ObservationFilterChainDecorator.java:133) ~[spring-security-web-6.0.3.jar:6.0.3]
	at org.springframework.security.web.header.HeaderWriterFilter.doHeadersAfter(HeaderWriterFilter.java:90) ~[spring-security-web-6.0.3.jar:6.0.3]
	at org.springframework.security.web.header.HeaderWriterFilter.doFilterInternal(HeaderWriterFilter.java:75) ~[spring-security-web-6.0.3.jar:6.0.3]
	at org.springframework.web.filter.OncePerRequestFilter.doFilter(OncePerRequestFilter.java:116) ~[spring-web-6.0.8.jar:6.0.8]
	at org.springframework.security.web.ObservationFilterChainDecorator$ObservationFilter.wrapFilter(ObservationFilterChainDecorator.java:185) ~[spring-security-web-6.0.3.jar:6.0.3]
	at org.springframework.security.web.ObservationFilterChainDecorator$ObservationFilter.doFilter(ObservationFilterChainDecorator.java:172) ~[spring-security-web-6.0.3.jar:6.0.3]
	at org.springframework.security.web.ObservationFilterChainDecorator$VirtualFilterChain.doFilter(ObservationFilterChainDecorator.java:133) ~[spring-security-web-6.0.3.jar:6.0.3]
	at org.springframework.security.web.context.SecurityContextHolderFilter.doFilter(SecurityContextHolderFilter.java:82) ~[spring-security-web-6.0.3.jar:6.0.3]
	at org.springframework.security.web.context.SecurityContextHolderFilter.doFilter(SecurityContextHolderFilter.java:69) ~[spring-security-web-6.0.3.jar:6.0.3]
	at org.springframework.security.web.ObservationFilterChainDecorator$ObservationFilter.wrapFilter(ObservationFilterChainDecorator.java:185) ~[spring-security-web-6.0.3.jar:6.0.3]
	at org.springframework.security.web.ObservationFilterChainDecorator$ObservationFilter.doFilter(ObservationFilterChainDecorator.java:172) ~[spring-security-web-6.0.3.jar:6.0.3]
	at org.springframework.security.web.ObservationFilterChainDecorator$VirtualFilterChain.doFilter(ObservationFilterChainDecorator.java:133) ~[spring-security-web-6.0.3.jar:6.0.3]
	at org.springframework.security.web.context.request.async.WebAsyncManagerIntegrationFilter.doFilterInternal(WebAsyncManagerIntegrationFilter.java:62) ~[spring-security-web-6.0.3.jar:6.0.3]
	at org.springframework.web.filter.OncePerRequestFilter.doFilter(OncePerRequestFilter.java:116) ~[spring-web-6.0.8.jar:6.0.8]
	at org.springframework.security.web.ObservationFilterChainDecorator$ObservationFilter.wrapFilter(ObservationFilterChainDecorator.java:185) ~[spring-security-web-6.0.3.jar:6.0.3]
	at org.springframework.security.web.ObservationFilterChainDecorator$ObservationFilter.doFilter(ObservationFilterChainDecorator.java:172) ~[spring-security-web-6.0.3.jar:6.0.3]
	at org.springframework.security.web.ObservationFilterChainDecorator$VirtualFilterChain.doFilter(ObservationFilterChainDecorator.java:133) ~[spring-security-web-6.0.3.jar:6.0.3]
	at org.springframework.security.web.session.ForceEagerSessionCreationFilter.doFilterInternal(ForceEagerSessionCreationFilter.java:45) ~[spring-security-web-6.0.3.jar:6.0.3]
	at org.springframework.web.filter.OncePerRequestFilter.doFilter(OncePerRequestFilter.java:116) ~[spring-web-6.0.8.jar:6.0.8]
	at org.springframework.security.web.ObservationFilterChainDecorator$ObservationFilter.wrapFilter(ObservationFilterChainDecorator.java:185) ~[spring-security-web-6.0.3.jar:6.0.3]
	at org.springframework.security.web.ObservationFilterChainDecorator$ObservationFilter.doFilter(ObservationFilterChainDecorator.java:172) ~[spring-security-web-6.0.3.jar:6.0.3]
	at org.springframework.security.web.ObservationFilterChainDecorator$VirtualFilterChain.doFilter(ObservationFilterChainDecorator.java:133) ~[spring-security-web-6.0.3.jar:6.0.3]
	at org.springframework.security.web.session.DisableEncodeUrlFilter.doFilterInternal(DisableEncodeUrlFilter.java:42) ~[spring-security-web-6.0.3.jar:6.0.3]
	at org.springframework.web.filter.OncePerRequestFilter.doFilter(OncePerRequestFilter.java:116) ~[spring-web-6.0.8.jar:6.0.8]
	at org.springframework.security.web.ObservationFilterChainDecorator$ObservationFilter.wrapFilter(ObservationFilterChainDecorator.java:185) ~[spring-security-web-6.0.3.jar:6.0.3]
	at org.springframework.security.web.ObservationFilterChainDecorator$AroundFilterObservation$SimpleAroundFilterObservation.lambda$wrap$0(ObservationFilterChainDecorator.java:268) ~[spring-security-web-6.0.3.jar:6.0.3]
	at org.springframework.security.web.ObservationFilterChainDecorator$ObservationFilter.doFilter(ObservationFilterChainDecorator.java:169) ~[spring-security-web-6.0.3.jar:6.0.3]
	at org.springframework.security.web.ObservationFilterChainDecorator$VirtualFilterChain.doFilter(ObservationFilterChainDecorator.java:133) ~[spring-security-web-6.0.3.jar:6.0.3]
	at org.springframework.security.web.FilterChainProxy.doFilterInternal(FilterChainProxy.java:233) ~[spring-security-web-6.0.3.jar:6.0.3]
	at org.springframework.security.web.FilterChainProxy.doFilter(FilterChainProxy.java:191) ~[spring-security-web-6.0.3.jar:6.0.3]
	at org.springframework.web.filter.DelegatingFilterProxy.invokeDelegate(DelegatingFilterProxy.java:352) ~[spring-web-6.0.8.jar:6.0.8]
	at org.springframework.web.filter.DelegatingFilterProxy.doFilter(DelegatingFilterProxy.java:268) ~[spring-web-6.0.8.jar:6.0.8]
	at org.springframework.mock.web.MockFilterChain.doFilter(MockFilterChain.java:132) ~[spring-test-6.0.8.jar:6.0.8]
	at org.springframework.web.filter.RequestContextFilter.doFilterInternal(RequestContextFilter.java:100) ~[spring-web-6.0.8.jar:6.0.8]
	at org.springframework.web.filter.OncePerRequestFilter.doFilter(OncePerRequestFilter.java:116) ~[spring-web-6.0.8.jar:6.0.8]
	at org.springframework.mock.web.MockFilterChain.doFilter(MockFilterChain.java:132) ~[spring-test-6.0.8.jar:6.0.8]
	at org.springframework.web.filter.FormContentFilter.doFilterInternal(FormContentFilter.java:93) ~[spring-web-6.0.8.jar:6.0.8]
	at org.springframework.web.filter.OncePerRequestFilter.doFilter(OncePerRequestFilter.java:116) ~[spring-web-6.0.8.jar:6.0.8]
	at org.springframework.mock.web.MockFilterChain.doFilter(MockFilterChain.java:132) ~[spring-test-6.0.8.jar:6.0.8]
	at org.springframework.web.filter.ServerHttpObservationFilter.doFilterInternal(ServerHttpObservationFilter.java:109) ~[spring-web-6.0.8.jar:6.0.8]
	at org.springframework.web.filter.OncePerRequestFilter.doFilter(OncePerRequestFilter.java:116) ~[spring-web-6.0.8.jar:6.0.8]
	at org.springframework.mock.web.MockFilterChain.doFilter(MockFilterChain.java:132) ~[spring-test-6.0.8.jar:6.0.8]
	at org.springframework.web.filter.CharacterEncodingFilter.doFilterInternal(CharacterEncodingFilter.java:201) ~[spring-web-6.0.8.jar:6.0.8]
	at org.springframework.web.filter.OncePerRequestFilter.doFilter(OncePerRequestFilter.java:116) ~[spring-web-6.0.8.jar:6.0.8]
	at org.springframework.mock.web.MockFilterChain.doFilter(MockFilterChain.java:132) ~[spring-test-6.0.8.jar:6.0.8]
	at org.springframework.test.web.servlet.MockMvc.perform(MockMvc.java:201) ~[spring-test-6.0.8.jar:6.0.8]
	at com.cash_flow_app.apicashflow.controller.IncomeExpenseControllerTest.createIncomeExpenseResult(IncomeExpenseControllerTest.java:250) ~[test-classes/:na]
	at com.cash_flow_app.apicashflow.controller.IncomeExpenseControllerTest.deleteAccount(IncomeExpenseControllerTest.java:207) ~[test-classes/:na]
	at java.base/jdk.internal.reflect.DirectMethodHandleAccessor.invoke(DirectMethodHandleAccessor.java:104) ~[na:na]
	at java.base/java.lang.reflect.Method.invoke(Method.java:578) ~[na:na]
	at org.junit.platform.commons.util.ReflectionUtils.invokeMethod(ReflectionUtils.java:727) ~[junit-platform-commons-1.9.2.jar:1.9.2]
	at org.junit.jupiter.engine.execution.MethodInvocation.proceed(MethodInvocation.java:60) ~[junit-jupiter-engine-5.9.2.jar:5.9.2]
	at org.junit.jupiter.engine.execution.InvocationInterceptorChain$ValidatingInvocation.proceed(InvocationInterceptorChain.java:131) ~[junit-jupiter-engine-5.9.2.jar:5.9.2]
	at org.junit.jupiter.engine.extension.TimeoutExtension.intercept(TimeoutExtension.java:156) ~[junit-jupiter-engine-5.9.2.jar:5.9.2]
	at org.junit.jupiter.engine.extension.TimeoutExtension.interceptTestableMethod(TimeoutExtension.java:147) ~[junit-jupiter-engine-5.9.2.jar:5.9.2]
	at org.junit.jupiter.engine.extension.TimeoutExtension.interceptTestMethod(TimeoutExtension.java:86) ~[junit-jupiter-engine-5.9.2.jar:5.9.2]
	at org.junit.jupiter.engine.execution.InterceptingExecutableInvoker$ReflectiveInterceptorCall.lambda$ofVoidMethod$0(InterceptingExecutableInvoker.java:103) ~[junit-jupiter-engine-5.9.2.jar:5.9.2]
	at org.junit.jupiter.engine.execution.InterceptingExecutableInvoker.lambda$invoke$0(InterceptingExecutableInvoker.java:93) ~[junit-jupiter-engine-5.9.2.jar:5.9.2]
	at org.junit.jupiter.engine.execution.InvocationInterceptorChain$InterceptedInvocation.proceed(InvocationInterceptorChain.java:106) ~[junit-jupiter-engine-5.9.2.jar:5.9.2]
	at org.junit.jupiter.engine.execution.InvocationInterceptorChain.proceed(InvocationInterceptorChain.java:64) ~[junit-jupiter-engine-5.9.2.jar:5.9.2]
	at org.junit.jupiter.engine.execution.InvocationInterceptorChain.chainAndInvoke(InvocationInterceptorChain.java:45) ~[junit-jupiter-engine-5.9.2.jar:5.9.2]
	at org.junit.jupiter.engine.execution.InvocationInterceptorChain.invoke(InvocationInterceptorChain.java:37) ~[junit-jupiter-engine-5.9.2.jar:5.9.2]
	at org.junit.jupiter.engine.execution.InterceptingExecutableInvoker.invoke(InterceptingExecutableInvoker.java:92) ~[junit-jupiter-engine-5.9.2.jar:5.9.2]
	at org.junit.jupiter.engine.execution.InterceptingExecutableInvoker.invoke(InterceptingExecutableInvoker.java:86) ~[junit-jupiter-engine-5.9.2.jar:5.9.2]
	at org.junit.jupiter.engine.descriptor.TestMethodTestDescriptor.lambda$invokeTestMethod$7(TestMethodTestDescriptor.java:217) ~[junit-jupiter-engine-5.9.2.jar:5.9.2]
	at org.junit.platform.engine.support.hierarchical.ThrowableCollector.execute(ThrowableCollector.java:73) ~[junit-platform-engine-1.9.2.jar:1.9.2]
	at org.junit.jupiter.engine.descriptor.TestMethodTestDescriptor.invokeTestMethod(TestMethodTestDescriptor.java:213) ~[junit-jupiter-engine-5.9.2.jar:5.9.2]
	at org.junit.jupiter.engine.descriptor.TestMethodTestDescriptor.execute(TestMethodTestDescriptor.java:138) ~[junit-jupiter-engine-5.9.2.jar:5.9.2]
	at org.junit.jupiter.engine.descriptor.TestMethodTestDescriptor.execute(TestMethodTestDescriptor.java:68) ~[junit-jupiter-engine-5.9.2.jar:5.9.2]
	at org.junit.platform.engine.support.hierarchical.NodeTestTask.lambda$executeRecursively$6(NodeTestTask.java:151) ~[junit-platform-engine-1.9.2.jar:1.9.2]
	at org.junit.platform.engine.support.hierarchical.ThrowableCollector.execute(ThrowableCollector.java:73) ~[junit-platform-engine-1.9.2.jar:1.9.2]
	at org.junit.platform.engine.support.hierarchical.NodeTestTask.lambda$executeRecursively$8(NodeTestTask.java:141) ~[junit-platform-engine-1.9.2.jar:1.9.2]
	at org.junit.platform.engine.support.hierarchical.Node.around(Node.java:137) ~[junit-platform-engine-1.9.2.jar:1.9.2]
	at org.junit.platform.engine.support.hierarchical.NodeTestTask.lambda$executeRecursively$9(NodeTestTask.java:139) ~[junit-platform-engine-1.9.2.jar:1.9.2]
	at org.junit.platform.engine.support.hierarchical.ThrowableCollector.execute(ThrowableCollector.java:73) ~[junit-platform-engine-1.9.2.jar:1.9.2]
	at org.junit.platform.engine.support.hierarchical.NodeTestTask.executeRecursively(NodeTestTask.java:138) ~[junit-platform-engine-1.9.2.jar:1.9.2]
	at org.junit.platform.engine.support.hierarchical.NodeTestTask.execute(NodeTestTask.java:95) ~[junit-platform-engine-1.9.2.jar:1.9.2]
	at java.base/java.util.ArrayList.forEach(ArrayList.java:1511) ~[na:na]
	at org.junit.platform.engine.support.hierarchical.SameThreadHierarchicalTestExecutorService.invokeAll(SameThreadHierarchicalTestExecutorService.java:41) ~[junit-platform-engine-1.9.2.jar:1.9.2]
	at org.junit.platform.engine.support.hierarchical.NodeTestTask.lambda$executeRecursively$6(NodeTestTask.java:155) ~[junit-platform-engine-1.9.2.jar:1.9.2]
	at org.junit.platform.engine.support.hierarchical.ThrowableCollector.execute(ThrowableCollector.java:73) ~[junit-platform-engine-1.9.2.jar:1.9.2]
	at org.junit.platform.engine.support.hierarchical.NodeTestTask.lambda$executeRecursively$8(NodeTestTask.java:141) ~[junit-platform-engine-1.9.2.jar:1.9.2]
	at org.junit.platform.engine.support.hierarchical.Node.around(Node.java:137) ~[junit-platform-engine-1.9.2.jar:1.9.2]
	at org.junit.platform.engine.support.hierarchical.NodeTestTask.lambda$executeRecursively$9(NodeTestTask.java:139) ~[junit-platform-engine-1.9.2.jar:1.9.2]
	at org.junit.platform.engine.support.hierarchical.ThrowableCollector.execute(ThrowableCollector.java:73) ~[junit-platform-engine-1.9.2.jar:1.9.2]
	at org.junit.platform.engine.support.hierarchical.NodeTestTask.executeRecursively(NodeTestTask.java:138) ~[junit-platform-engine-1.9.2.jar:1.9.2]
	at org.junit.platform.engine.support.hierarchical.NodeTestTask.execute(NodeTestTask.java:95) ~[junit-platform-engine-1.9.2.jar:1.9.2]
	at java.base/java.util.ArrayList.forEach(ArrayList.java:1511) ~[na:na]
	at org.junit.platform.engine.support.hierarchical.SameThreadHierarchicalTestExecutorService.invokeAll(SameThreadHierarchicalTestExecutorService.java:41) ~[junit-platform-engine-1.9.2.jar:1.9.2]
	at org.junit.platform.engine.support.hierarchical.NodeTestTask.lambda$executeRecursively$6(NodeTestTask.java:155) ~[junit-platform-engine-1.9.2.jar:1.9.2]
	at org.junit.platform.engine.support.hierarchical.ThrowableCollector.execute(ThrowableCollector.java:73) ~[junit-platform-engine-1.9.2.jar:1.9.2]
	at org.junit.platform.engine.support.hierarchical.NodeTestTask.lambda$executeRecursively$8(NodeTestTask.java:141) ~[junit-platform-engine-1.9.2.jar:1.9.2]
	at org.junit.platform.engine.support.hierarchical.Node.around(Node.java:137) ~[junit-platform-engine-1.9.2.jar:1.9.2]
	at org.junit.platform.engine.support.hierarchical.NodeTestTask.lambda$executeRecursively$9(NodeTestTask.java:139) ~[junit-platform-engine-1.9.2.jar:1.9.2]
	at org.junit.platform.engine.support.hierarchical.ThrowableCollector.execute(ThrowableCollector.java:73) ~[junit-platform-engine-1.9.2.jar:1.9.2]
	at org.junit.platform.engine.support.hierarchical.NodeTestTask.executeRecursively(NodeTestTask.java:138) ~[junit-platform-engine-1.9.2.jar:1.9.2]
	at org.junit.platform.engine.support.hierarchical.NodeTestTask.execute(NodeTestTask.java:95) ~[junit-platform-engine-1.9.2.jar:1.9.2]
	at org.junit.platform.engine.support.hierarchical.SameThreadHierarchicalTestExecutorService.submit(SameThreadHierarchicalTestExecutorService.java:35) ~[junit-platform-engine-1.9.2.jar:1.9.2]
	at org.junit.platform.engine.support.hierarchical.HierarchicalTestExecutor.execute(HierarchicalTestExecutor.java:57) ~[junit-platform-engine-1.9.2.jar:1.9.2]
	at org.junit.platform.engine.support.hierarchical.HierarchicalTestEngine.execute(HierarchicalTestEngine.java:54) ~[junit-platform-engine-1.9.2.jar:1.9.2]
	at org.junit.platform.launcher.core.DefaultLauncher.execute(DefaultLauncher.java:220) ~[junit-platform-launcher-1.3.1.jar:1.3.1]
	at org.junit.platform.launcher.core.DefaultLauncher.lambda$execute$6(DefaultLauncher.java:188) ~[junit-platform-launcher-1.3.1.jar:1.3.1]
	at org.junit.platform.launcher.core.DefaultLauncher.withInterceptedStreams(DefaultLauncher.java:202) ~[junit-platform-launcher-1.3.1.jar:1.3.1]
	at org.junit.platform.launcher.core.DefaultLauncher.execute(DefaultLauncher.java:181) ~[junit-platform-launcher-1.3.1.jar:1.3.1]
	at org.junit.platform.launcher.core.DefaultLauncher.execute(DefaultLauncher.java:128) ~[junit-platform-launcher-1.3.1.jar:1.3.1]
	at org.apache.maven.surefire.junitplatform.JUnitPlatformProvider.invokeAllTests(JUnitPlatformProvider.java:150) ~[surefire-junit-platform-2.22.2.jar:2.22.2]
	at org.apache.maven.surefire.junitplatform.JUnitPlatformProvider.invoke(JUnitPlatformProvider.java:124) ~[surefire-junit-platform-2.22.2.jar:2.22.2]
	at org.apache.maven.surefire.booter.ForkedBooter.invokeProviderInSameClassLoader(ForkedBooter.java:384) ~[surefire-booter-2.22.2.jar:2.22.2]
	at org.apache.maven.surefire.booter.ForkedBooter.runSuitesInProcess(ForkedBooter.java:345) ~[surefire-booter-2.22.2.jar:2.22.2]
	at org.apache.maven.surefire.booter.ForkedBooter.execute(ForkedBooter.java:126) ~[surefire-booter-2.22.2.jar:2.22.2]
	at org.apache.maven.surefire.booter.ForkedBooter.main(ForkedBooter.java:418) ~[surefire-booter-2.22.2.jar:2.22.2]

2023-11-28T22:11:58.503-05:00  WARN 27472 --- [           main] o.h.engine.jdbc.spi.SqlExceptionHelper   : SQL Error: 0, SQLState: 23505
2023-11-28T22:11:58.503-05:00 ERROR 27472 --- [           main] o.h.engine.jdbc.spi.SqlExceptionHelper   : ERROR: duplicate key value violates unique constraint "user_account_pkey"
  Detail: Key (user_id, account_id)=(75d7969d-3978-42aa-b849-d014b661eaa9, 603b103e-facb-434b-a6d3-c41673d4bb3f) already exists.
2023-11-28T22:11:58.503-05:00  INFO 27472 --- [           main] o.h.e.j.b.internal.AbstractBatchImpl     : HHH000010: On release of batch it still contained JDBC statements
2023-11-28T22:11:58.503-05:00 DEBUG 27472 --- [           main] cResourceLocalTransactionCoordinatorImpl : JDBC transaction marked for rollback-only (exception provided for stack trace)

java.lang.Exception: exception just for purpose of providing stack trace
	at org.hibernate.resource.transaction.backend.jdbc.internal.JdbcResourceLocalTransactionCoordinatorImpl$TransactionDriverControlImpl.markRollbackOnly(JdbcResourceLocalTransactionCoordinatorImpl.java:324) ~[hibernate-core-6.1.7.Final.jar:6.1.7.Final]
	at org.hibernate.engine.transaction.internal.TransactionImpl.markRollbackOnly(TransactionImpl.java:203) ~[hibernate-core-6.1.7.Final.jar:6.1.7.Final]
	at org.hibernate.internal.AbstractSharedSessionContract.markForRollbackOnly(AbstractSharedSessionContract.java:434) ~[hibernate-core-6.1.7.Final.jar:6.1.7.Final]
	at org.hibernate.internal.ExceptionConverterImpl.handlePersistenceException(ExceptionConverterImpl.java:291) ~[hibernate-core-6.1.7.Final.jar:6.1.7.Final]
	at org.hibernate.internal.ExceptionConverterImpl.convert(ExceptionConverterImpl.java:168) ~[hibernate-core-6.1.7.Final.jar:6.1.7.Final]
	at org.hibernate.query.spi.AbstractSelectionQuery.list(AbstractSelectionQuery.java:374) ~[hibernate-core-6.1.7.Final.jar:6.1.7.Final]
	at org.hibernate.query.sqm.internal.QuerySqmImpl.list(QuerySqmImpl.java:1073) ~[hibernate-core-6.1.7.Final.jar:6.1.7.Final]
	at org.hibernate.query.spi.AbstractSelectionQuery.getSingleResult(AbstractSelectionQuery.java:457) ~[hibernate-core-6.1.7.Final.jar:6.1.7.Final]
	at org.hibernate.query.sqm.internal.QuerySqmImpl.getSingleResult(QuerySqmImpl.java:1103) ~[hibernate-core-6.1.7.Final.jar:6.1.7.Final]
	at org.springframework.data.jpa.repository.query.JpaQueryExecution$SingleEntityExecution.doExecute(JpaQueryExecution.java:193) ~[spring-data-jpa-3.0.5.jar:3.0.5]
	at org.springframework.data.jpa.repository.query.JpaQueryExecution.execute(JpaQueryExecution.java:90) ~[spring-data-jpa-3.0.5.jar:3.0.5]
	at org.springframework.data.jpa.repository.query.AbstractJpaQuery.doExecute(AbstractJpaQuery.java:148) ~[spring-data-jpa-3.0.5.jar:3.0.5]
	at org.springframework.data.jpa.repository.query.AbstractJpaQuery.execute(AbstractJpaQuery.java:136) ~[spring-data-jpa-3.0.5.jar:3.0.5]
	at org.springframework.data.repository.core.support.RepositoryMethodInvoker.doInvoke(RepositoryMethodInvoker.java:136) ~[spring-data-commons-3.0.5.jar:3.0.5]
	at org.springframework.data.repository.core.support.RepositoryMethodInvoker.invoke(RepositoryMethodInvoker.java:120) ~[spring-data-commons-3.0.5.jar:3.0.5]
	at org.springframework.data.repository.core.support.QueryExecutorMethodInterceptor.doInvoke(QueryExecutorMethodInterceptor.java:164) ~[spring-data-commons-3.0.5.jar:3.0.5]
	at org.springframework.data.repository.core.support.QueryExecutorMethodInterceptor.invoke(QueryExecutorMethodInterceptor.java:143) ~[spring-data-commons-3.0.5.jar:3.0.5]
	at org.springframework.aop.framework.ReflectiveMethodInvocation.proceed(ReflectiveMethodInvocation.java:184) ~[spring-aop-6.0.8.jar:6.0.8]
	at org.springframework.data.projection.DefaultMethodInvokingMethodInterceptor.invoke(DefaultMethodInvokingMethodInterceptor.java:77) ~[spring-data-commons-3.0.5.jar:3.0.5]
	at org.springframework.aop.framework.ReflectiveMethodInvocation.proceed(ReflectiveMethodInvocation.java:184) ~[spring-aop-6.0.8.jar:6.0.8]
	at org.springframework.transaction.interceptor.TransactionInterceptor$1.proceedWithInvocation(TransactionInterceptor.java:123) ~[spring-tx-6.0.8.jar:6.0.8]
	at org.springframework.transaction.interceptor.TransactionAspectSupport.invokeWithinTransaction(TransactionAspectSupport.java:391) ~[spring-tx-6.0.8.jar:6.0.8]
	at org.springframework.transaction.interceptor.TransactionInterceptor.invoke(TransactionInterceptor.java:119) ~[spring-tx-6.0.8.jar:6.0.8]
	at org.springframework.aop.framework.ReflectiveMethodInvocation.proceed(ReflectiveMethodInvocation.java:184) ~[spring-aop-6.0.8.jar:6.0.8]
	at org.springframework.dao.support.PersistenceExceptionTranslationInterceptor.invoke(PersistenceExceptionTranslationInterceptor.java:137) ~[spring-tx-6.0.8.jar:6.0.8]
	at org.springframework.aop.framework.ReflectiveMethodInvocation.proceed(ReflectiveMethodInvocation.java:184) ~[spring-aop-6.0.8.jar:6.0.8]
	at org.springframework.data.jpa.repository.support.CrudMethodMetadataPostProcessor$CrudMethodMetadataPopulatingMethodInterceptor.invoke(CrudMethodMetadataPostProcessor.java:134) ~[spring-data-jpa-3.0.5.jar:3.0.5]
	at org.springframework.aop.framework.ReflectiveMethodInvocation.proceed(ReflectiveMethodInvocation.java:184) ~[spring-aop-6.0.8.jar:6.0.8]
	at org.springframework.aop.interceptor.ExposeInvocationInterceptor.invoke(ExposeInvocationInterceptor.java:97) ~[spring-aop-6.0.8.jar:6.0.8]
	at org.springframework.aop.framework.ReflectiveMethodInvocation.proceed(ReflectiveMethodInvocation.java:184) ~[spring-aop-6.0.8.jar:6.0.8]
	at org.springframework.aop.framework.JdkDynamicAopProxy.invoke(JdkDynamicAopProxy.java:223) ~[spring-aop-6.0.8.jar:6.0.8]
	at jdk.proxy2/jdk.proxy2.$Proxy148.findByUsername(Unknown Source) ~[na:na]
	at com.cash_flow_app.apicashflow.entities_repositories_and_services.base.user.UserService.findByUsername(UserService.java:56) ~[classes/:na]
	at com.cash_flow_app.apicashflow.entities_repositories_and_services.base.security.LoginService.loadUserByUsername(LoginService.java:18) ~[classes/:na]
	at com.cash_flow_app.apicashflow.utils.TokenUtils.getAuthentication(TokenUtils.java:40) ~[classes/:na]
	at com.cash_flow_app.apicashflow.entities_repositories_and_services.base.security.JWTAuthorizationFilter.doFilterInternal(JWTAuthorizationFilter.java:27) ~[classes/:na]
	at org.springframework.web.filter.OncePerRequestFilter.doFilter(OncePerRequestFilter.java:116) ~[spring-web-6.0.8.jar:6.0.8]
	at org.springframework.security.web.ObservationFilterChainDecorator$ObservationFilter.wrapFilter(ObservationFilterChainDecorator.java:185) ~[spring-security-web-6.0.3.jar:6.0.3]
	at org.springframework.security.web.ObservationFilterChainDecorator$ObservationFilter.doFilter(ObservationFilterChainDecorator.java:172) ~[spring-security-web-6.0.3.jar:6.0.3]
	at org.springframework.security.web.ObservationFilterChainDecorator$VirtualFilterChain.doFilter(ObservationFilterChainDecorator.java:133) ~[spring-security-web-6.0.3.jar:6.0.3]
	at org.springframework.security.web.authentication.logout.LogoutFilter.doFilter(LogoutFilter.java:107) ~[spring-security-web-6.0.3.jar:6.0.3]
	at org.springframework.security.web.authentication.logout.LogoutFilter.doFilter(LogoutFilter.java:93) ~[spring-security-web-6.0.3.jar:6.0.3]
	at org.springframework.security.web.ObservationFilterChainDecorator$ObservationFilter.wrapFilter(ObservationFilterChainDecorator.java:185) ~[spring-security-web-6.0.3.jar:6.0.3]
	at org.springframework.security.web.ObservationFilterChainDecorator$ObservationFilter.doFilter(ObservationFilterChainDecorator.java:172) ~[spring-security-web-6.0.3.jar:6.0.3]
	at org.springframework.security.web.ObservationFilterChainDecorator$VirtualFilterChain.doFilter(ObservationFilterChainDecorator.java:133) ~[spring-security-web-6.0.3.jar:6.0.3]
	at org.springframework.web.filter.CorsFilter.doFilterInternal(CorsFilter.java:91) ~[spring-web-6.0.8.jar:6.0.8]
	at org.springframework.web.filter.OncePerRequestFilter.doFilter(OncePerRequestFilter.java:116) ~[spring-web-6.0.8.jar:6.0.8]
	at org.springframework.security.web.ObservationFilterChainDecorator$ObservationFilter.wrapFilter(ObservationFilterChainDecorator.java:185) ~[spring-security-web-6.0.3.jar:6.0.3]
	at org.springframework.security.web.ObservationFilterChainDecorator$ObservationFilter.doFilter(ObservationFilterChainDecorator.java:172) ~[spring-security-web-6.0.3.jar:6.0.3]
	at org.springframework.security.web.ObservationFilterChainDecorator$VirtualFilterChain.doFilter(ObservationFilterChainDecorator.java:133) ~[spring-security-web-6.0.3.jar:6.0.3]
	at org.springframework.security.web.header.HeaderWriterFilter.doHeadersAfter(HeaderWriterFilter.java:90) ~[spring-security-web-6.0.3.jar:6.0.3]
	at org.springframework.security.web.header.HeaderWriterFilter.doFilterInternal(HeaderWriterFilter.java:75) ~[spring-security-web-6.0.3.jar:6.0.3]
	at org.springframework.web.filter.OncePerRequestFilter.doFilter(OncePerRequestFilter.java:116) ~[spring-web-6.0.8.jar:6.0.8]
	at org.springframework.security.web.ObservationFilterChainDecorator$ObservationFilter.wrapFilter(ObservationFilterChainDecorator.java:185) ~[spring-security-web-6.0.3.jar:6.0.3]
	at org.springframework.security.web.ObservationFilterChainDecorator$ObservationFilter.doFilter(ObservationFilterChainDecorator.java:172) ~[spring-security-web-6.0.3.jar:6.0.3]
	at org.springframework.security.web.ObservationFilterChainDecorator$VirtualFilterChain.doFilter(ObservationFilterChainDecorator.java:133) ~[spring-security-web-6.0.3.jar:6.0.3]
	at org.springframework.security.web.context.SecurityContextHolderFilter.doFilter(SecurityContextHolderFilter.java:82) ~[spring-security-web-6.0.3.jar:6.0.3]
	at org.springframework.security.web.context.SecurityContextHolderFilter.doFilter(SecurityContextHolderFilter.java:69) ~[spring-security-web-6.0.3.jar:6.0.3]
	at org.springframework.security.web.ObservationFilterChainDecorator$ObservationFilter.wrapFilter(ObservationFilterChainDecorator.java:185) ~[spring-security-web-6.0.3.jar:6.0.3]
	at org.springframework.security.web.ObservationFilterChainDecorator$ObservationFilter.doFilter(ObservationFilterChainDecorator.java:172) ~[spring-security-web-6.0.3.jar:6.0.3]
	at org.springframework.security.web.ObservationFilterChainDecorator$VirtualFilterChain.doFilter(ObservationFilterChainDecorator.java:133) ~[spring-security-web-6.0.3.jar:6.0.3]
	at org.springframework.security.web.context.request.async.WebAsyncManagerIntegrationFilter.doFilterInternal(WebAsyncManagerIntegrationFilter.java:62) ~[spring-security-web-6.0.3.jar:6.0.3]
	at org.springframework.web.filter.OncePerRequestFilter.doFilter(OncePerRequestFilter.java:116) ~[spring-web-6.0.8.jar:6.0.8]
	at org.springframework.security.web.ObservationFilterChainDecorator$ObservationFilter.wrapFilter(ObservationFilterChainDecorator.java:185) ~[spring-security-web-6.0.3.jar:6.0.3]
	at org.springframework.security.web.ObservationFilterChainDecorator$ObservationFilter.doFilter(ObservationFilterChainDecorator.java:172) ~[spring-security-web-6.0.3.jar:6.0.3]
	at org.springframework.security.web.ObservationFilterChainDecorator$VirtualFilterChain.doFilter(ObservationFilterChainDecorator.java:133) ~[spring-security-web-6.0.3.jar:6.0.3]
	at org.springframework.security.web.session.ForceEagerSessionCreationFilter.doFilterInternal(ForceEagerSessionCreationFilter.java:45) ~[spring-security-web-6.0.3.jar:6.0.3]
	at org.springframework.web.filter.OncePerRequestFilter.doFilter(OncePerRequestFilter.java:116) ~[spring-web-6.0.8.jar:6.0.8]
	at org.springframework.security.web.ObservationFilterChainDecorator$ObservationFilter.wrapFilter(ObservationFilterChainDecorator.java:185) ~[spring-security-web-6.0.3.jar:6.0.3]
	at org.springframework.security.web.ObservationFilterChainDecorator$ObservationFilter.doFilter(ObservationFilterChainDecorator.java:172) ~[spring-security-web-6.0.3.jar:6.0.3]
	at org.springframework.security.web.ObservationFilterChainDecorator$VirtualFilterChain.doFilter(ObservationFilterChainDecorator.java:133) ~[spring-security-web-6.0.3.jar:6.0.3]
	at org.springframework.security.web.session.DisableEncodeUrlFilter.doFilterInternal(DisableEncodeUrlFilter.java:42) ~[spring-security-web-6.0.3.jar:6.0.3]
	at org.springframework.web.filter.OncePerRequestFilter.doFilter(OncePerRequestFilter.java:116) ~[spring-web-6.0.8.jar:6.0.8]
	at org.springframework.security.web.ObservationFilterChainDecorator$ObservationFilter.wrapFilter(ObservationFilterChainDecorator.java:185) ~[spring-security-web-6.0.3.jar:6.0.3]
	at org.springframework.security.web.ObservationFilterChainDecorator$AroundFilterObservation$SimpleAroundFilterObservation.lambda$wrap$0(ObservationFilterChainDecorator.java:268) ~[spring-security-web-6.0.3.jar:6.0.3]
	at org.springframework.security.web.ObservationFilterChainDecorator$ObservationFilter.doFilter(ObservationFilterChainDecorator.java:169) ~[spring-security-web-6.0.3.jar:6.0.3]
	at org.springframework.security.web.ObservationFilterChainDecorator$VirtualFilterChain.doFilter(ObservationFilterChainDecorator.java:133) ~[spring-security-web-6.0.3.jar:6.0.3]
	at org.springframework.security.web.FilterChainProxy.doFilterInternal(FilterChainProxy.java:233) ~[spring-security-web-6.0.3.jar:6.0.3]
	at org.springframework.security.web.FilterChainProxy.doFilter(FilterChainProxy.java:191) ~[spring-security-web-6.0.3.jar:6.0.3]
	at org.springframework.web.filter.DelegatingFilterProxy.invokeDelegate(DelegatingFilterProxy.java:352) ~[spring-web-6.0.8.jar:6.0.8]
	at org.springframework.web.filter.DelegatingFilterProxy.doFilter(DelegatingFilterProxy.java:268) ~[spring-web-6.0.8.jar:6.0.8]
	at org.springframework.mock.web.MockFilterChain.doFilter(MockFilterChain.java:132) ~[spring-test-6.0.8.jar:6.0.8]
	at org.springframework.web.filter.RequestContextFilter.doFilterInternal(RequestContextFilter.java:100) ~[spring-web-6.0.8.jar:6.0.8]
	at org.springframework.web.filter.OncePerRequestFilter.doFilter(OncePerRequestFilter.java:116) ~[spring-web-6.0.8.jar:6.0.8]
	at org.springframework.mock.web.MockFilterChain.doFilter(MockFilterChain.java:132) ~[spring-test-6.0.8.jar:6.0.8]
	at org.springframework.web.filter.FormContentFilter.doFilterInternal(FormContentFilter.java:93) ~[spring-web-6.0.8.jar:6.0.8]
	at org.springframework.web.filter.OncePerRequestFilter.doFilter(OncePerRequestFilter.java:116) ~[spring-web-6.0.8.jar:6.0.8]
	at org.springframework.mock.web.MockFilterChain.doFilter(MockFilterChain.java:132) ~[spring-test-6.0.8.jar:6.0.8]
	at org.springframework.web.filter.ServerHttpObservationFilter.doFilterInternal(ServerHttpObservationFilter.java:109) ~[spring-web-6.0.8.jar:6.0.8]
	at org.springframework.web.filter.OncePerRequestFilter.doFilter(OncePerRequestFilter.java:116) ~[spring-web-6.0.8.jar:6.0.8]
	at org.springframework.mock.web.MockFilterChain.doFilter(MockFilterChain.java:132) ~[spring-test-6.0.8.jar:6.0.8]
	at org.springframework.web.filter.CharacterEncodingFilter.doFilterInternal(CharacterEncodingFilter.java:201) ~[spring-web-6.0.8.jar:6.0.8]
	at org.springframework.web.filter.OncePerRequestFilter.doFilter(OncePerRequestFilter.java:116) ~[spring-web-6.0.8.jar:6.0.8]
	at org.springframework.mock.web.MockFilterChain.doFilter(MockFilterChain.java:132) ~[spring-test-6.0.8.jar:6.0.8]
	at org.springframework.test.web.servlet.MockMvc.perform(MockMvc.java:201) ~[spring-test-6.0.8.jar:6.0.8]
	at com.cash_flow_app.apicashflow.controller.IncomeExpenseControllerTest.createIncomeExpenseResult(IncomeExpenseControllerTest.java:250) ~[test-classes/:na]
	at com.cash_flow_app.apicashflow.controller.IncomeExpenseControllerTest.deleteAccount(IncomeExpenseControllerTest.java:207) ~[test-classes/:na]
	at java.base/jdk.internal.reflect.DirectMethodHandleAccessor.invoke(DirectMethodHandleAccessor.java:104) ~[na:na]
	at java.base/java.lang.reflect.Method.invoke(Method.java:578) ~[na:na]
	at org.junit.platform.commons.util.ReflectionUtils.invokeMethod(ReflectionUtils.java:727) ~[junit-platform-commons-1.9.2.jar:1.9.2]
	at org.junit.jupiter.engine.execution.MethodInvocation.proceed(MethodInvocation.java:60) ~[junit-jupiter-engine-5.9.2.jar:5.9.2]
	at org.junit.jupiter.engine.execution.InvocationInterceptorChain$ValidatingInvocation.proceed(InvocationInterceptorChain.java:131) ~[junit-jupiter-engine-5.9.2.jar:5.9.2]
	at org.junit.jupiter.engine.extension.TimeoutExtension.intercept(TimeoutExtension.java:156) ~[junit-jupiter-engine-5.9.2.jar:5.9.2]
	at org.junit.jupiter.engine.extension.TimeoutExtension.interceptTestableMethod(TimeoutExtension.java:147) ~[junit-jupiter-engine-5.9.2.jar:5.9.2]
	at org.junit.jupiter.engine.extension.TimeoutExtension.interceptTestMethod(TimeoutExtension.java:86) ~[junit-jupiter-engine-5.9.2.jar:5.9.2]
	at org.junit.jupiter.engine.execution.InterceptingExecutableInvoker$ReflectiveInterceptorCall.lambda$ofVoidMethod$0(InterceptingExecutableInvoker.java:103) ~[junit-jupiter-engine-5.9.2.jar:5.9.2]
	at org.junit.jupiter.engine.execution.InterceptingExecutableInvoker.lambda$invoke$0(InterceptingExecutableInvoker.java:93) ~[junit-jupiter-engine-5.9.2.jar:5.9.2]
	at org.junit.jupiter.engine.execution.InvocationInterceptorChain$InterceptedInvocation.proceed(InvocationInterceptorChain.java:106) ~[junit-jupiter-engine-5.9.2.jar:5.9.2]
	at org.junit.jupiter.engine.execution.InvocationInterceptorChain.proceed(InvocationInterceptorChain.java:64) ~[junit-jupiter-engine-5.9.2.jar:5.9.2]
	at org.junit.jupiter.engine.execution.InvocationInterceptorChain.chainAndInvoke(InvocationInterceptorChain.java:45) ~[junit-jupiter-engine-5.9.2.jar:5.9.2]
	at org.junit.jupiter.engine.execution.InvocationInterceptorChain.invoke(InvocationInterceptorChain.java:37) ~[junit-jupiter-engine-5.9.2.jar:5.9.2]
	at org.junit.jupiter.engine.execution.InterceptingExecutableInvoker.invoke(InterceptingExecutableInvoker.java:92) ~[junit-jupiter-engine-5.9.2.jar:5.9.2]
	at org.junit.jupiter.engine.execution.InterceptingExecutableInvoker.invoke(InterceptingExecutableInvoker.java:86) ~[junit-jupiter-engine-5.9.2.jar:5.9.2]
	at org.junit.jupiter.engine.descriptor.TestMethodTestDescriptor.lambda$invokeTestMethod$7(TestMethodTestDescriptor.java:217) ~[junit-jupiter-engine-5.9.2.jar:5.9.2]
	at org.junit.platform.engine.support.hierarchical.ThrowableCollector.execute(ThrowableCollector.java:73) ~[junit-platform-engine-1.9.2.jar:1.9.2]
	at org.junit.jupiter.engine.descriptor.TestMethodTestDescriptor.invokeTestMethod(TestMethodTestDescriptor.java:213) ~[junit-jupiter-engine-5.9.2.jar:5.9.2]
	at org.junit.jupiter.engine.descriptor.TestMethodTestDescriptor.execute(TestMethodTestDescriptor.java:138) ~[junit-jupiter-engine-5.9.2.jar:5.9.2]
	at org.junit.jupiter.engine.descriptor.TestMethodTestDescriptor.execute(TestMethodTestDescriptor.java:68) ~[junit-jupiter-engine-5.9.2.jar:5.9.2]
	at org.junit.platform.engine.support.hierarchical.NodeTestTask.lambda$executeRecursively$6(NodeTestTask.java:151) ~[junit-platform-engine-1.9.2.jar:1.9.2]
	at org.junit.platform.engine.support.hierarchical.ThrowableCollector.execute(ThrowableCollector.java:73) ~[junit-platform-engine-1.9.2.jar:1.9.2]
	at org.junit.platform.engine.support.hierarchical.NodeTestTask.lambda$executeRecursively$8(NodeTestTask.java:141) ~[junit-platform-engine-1.9.2.jar:1.9.2]
	at org.junit.platform.engine.support.hierarchical.Node.around(Node.java:137) ~[junit-platform-engine-1.9.2.jar:1.9.2]
	at org.junit.platform.engine.support.hierarchical.NodeTestTask.lambda$executeRecursively$9(NodeTestTask.java:139) ~[junit-platform-engine-1.9.2.jar:1.9.2]
	at org.junit.platform.engine.support.hierarchical.ThrowableCollector.execute(ThrowableCollector.java:73) ~[junit-platform-engine-1.9.2.jar:1.9.2]
	at org.junit.platform.engine.support.hierarchical.NodeTestTask.executeRecursively(NodeTestTask.java:138) ~[junit-platform-engine-1.9.2.jar:1.9.2]
	at org.junit.platform.engine.support.hierarchical.NodeTestTask.execute(NodeTestTask.java:95) ~[junit-platform-engine-1.9.2.jar:1.9.2]
	at java.base/java.util.ArrayList.forEach(ArrayList.java:1511) ~[na:na]
	at org.junit.platform.engine.support.hierarchical.SameThreadHierarchicalTestExecutorService.invokeAll(SameThreadHierarchicalTestExecutorService.java:41) ~[junit-platform-engine-1.9.2.jar:1.9.2]
	at org.junit.platform.engine.support.hierarchical.NodeTestTask.lambda$executeRecursively$6(NodeTestTask.java:155) ~[junit-platform-engine-1.9.2.jar:1.9.2]
	at org.junit.platform.engine.support.hierarchical.ThrowableCollector.execute(ThrowableCollector.java:73) ~[junit-platform-engine-1.9.2.jar:1.9.2]
	at org.junit.platform.engine.support.hierarchical.NodeTestTask.lambda$executeRecursively$8(NodeTestTask.java:141) ~[junit-platform-engine-1.9.2.jar:1.9.2]
	at org.junit.platform.engine.support.hierarchical.Node.around(Node.java:137) ~[junit-platform-engine-1.9.2.jar:1.9.2]
	at org.junit.platform.engine.support.hierarchical.NodeTestTask.lambda$executeRecursively$9(NodeTestTask.java:139) ~[junit-platform-engine-1.9.2.jar:1.9.2]
	at org.junit.platform.engine.support.hierarchical.ThrowableCollector.execute(ThrowableCollector.java:73) ~[junit-platform-engine-1.9.2.jar:1.9.2]
	at org.junit.platform.engine.support.hierarchical.NodeTestTask.executeRecursively(NodeTestTask.java:138) ~[junit-platform-engine-1.9.2.jar:1.9.2]
	at org.junit.platform.engine.support.hierarchical.NodeTestTask.execute(NodeTestTask.java:95) ~[junit-platform-engine-1.9.2.jar:1.9.2]
	at java.base/java.util.ArrayList.forEach(ArrayList.java:1511) ~[na:na]
	at org.junit.platform.engine.support.hierarchical.SameThreadHierarchicalTestExecutorService.invokeAll(SameThreadHierarchicalTestExecutorService.java:41) ~[junit-platform-engine-1.9.2.jar:1.9.2]
	at org.junit.platform.engine.support.hierarchical.NodeTestTask.lambda$executeRecursively$6(NodeTestTask.java:155) ~[junit-platform-engine-1.9.2.jar:1.9.2]
	at org.junit.platform.engine.support.hierarchical.ThrowableCollector.execute(ThrowableCollector.java:73) ~[junit-platform-engine-1.9.2.jar:1.9.2]
	at org.junit.platform.engine.support.hierarchical.NodeTestTask.lambda$executeRecursively$8(NodeTestTask.java:141) ~[junit-platform-engine-1.9.2.jar:1.9.2]
	at org.junit.platform.engine.support.hierarchical.Node.around(Node.java:137) ~[junit-platform-engine-1.9.2.jar:1.9.2]
	at org.junit.platform.engine.support.hierarchical.NodeTestTask.lambda$executeRecursively$9(NodeTestTask.java:139) ~[junit-platform-engine-1.9.2.jar:1.9.2]
	at org.junit.platform.engine.support.hierarchical.ThrowableCollector.execute(ThrowableCollector.java:73) ~[junit-platform-engine-1.9.2.jar:1.9.2]
	at org.junit.platform.engine.support.hierarchical.NodeTestTask.executeRecursively(NodeTestTask.java:138) ~[junit-platform-engine-1.9.2.jar:1.9.2]
	at org.junit.platform.engine.support.hierarchical.NodeTestTask.execute(NodeTestTask.java:95) ~[junit-platform-engine-1.9.2.jar:1.9.2]
	at org.junit.platform.engine.support.hierarchical.SameThreadHierarchicalTestExecutorService.submit(SameThreadHierarchicalTestExecutorService.java:35) ~[junit-platform-engine-1.9.2.jar:1.9.2]
	at org.junit.platform.engine.support.hierarchical.HierarchicalTestExecutor.execute(HierarchicalTestExecutor.java:57) ~[junit-platform-engine-1.9.2.jar:1.9.2]
	at org.junit.platform.engine.support.hierarchical.HierarchicalTestEngine.execute(HierarchicalTestEngine.java:54) ~[junit-platform-engine-1.9.2.jar:1.9.2]
	at org.junit.platform.launcher.core.DefaultLauncher.execute(DefaultLauncher.java:220) ~[junit-platform-launcher-1.3.1.jar:1.3.1]
	at org.junit.platform.launcher.core.DefaultLauncher.lambda$execute$6(DefaultLauncher.java:188) ~[junit-platform-launcher-1.3.1.jar:1.3.1]
	at org.junit.platform.launcher.core.DefaultLauncher.withInterceptedStreams(DefaultLauncher.java:202) ~[junit-platform-launcher-1.3.1.jar:1.3.1]
	at org.junit.platform.launcher.core.DefaultLauncher.execute(DefaultLauncher.java:181) ~[junit-platform-launcher-1.3.1.jar:1.3.1]
	at org.junit.platform.launcher.core.DefaultLauncher.execute(DefaultLauncher.java:128) ~[junit-platform-launcher-1.3.1.jar:1.3.1]
	at org.apache.maven.surefire.junitplatform.JUnitPlatformProvider.invokeAllTests(JUnitPlatformProvider.java:150) ~[surefire-junit-platform-2.22.2.jar:2.22.2]
	at org.apache.maven.surefire.junitplatform.JUnitPlatformProvider.invoke(JUnitPlatformProvider.java:124) ~[surefire-junit-platform-2.22.2.jar:2.22.2]
	at org.apache.maven.surefire.booter.ForkedBooter.invokeProviderInSameClassLoader(ForkedBooter.java:384) ~[surefire-booter-2.22.2.jar:2.22.2]
	at org.apache.maven.surefire.booter.ForkedBooter.runSuitesInProcess(ForkedBooter.java:345) ~[surefire-booter-2.22.2.jar:2.22.2]
	at org.apache.maven.surefire.booter.ForkedBooter.execute(ForkedBooter.java:126) ~[surefire-booter-2.22.2.jar:2.22.2]
	at org.apache.maven.surefire.booter.ForkedBooter.main(ForkedBooter.java:418) ~[surefire-booter-2.22.2.jar:2.22.2]

2023-11-28T22:11:58.503-05:00 DEBUG 27472 --- [           main] org.springframework.test.context.cache   : Spring test ApplicationContext cache statistics: [DefaultContextCache@8caffbd size = 3, maxSize = 32, parentContextCount = 0, hitCount = 378, missCount = 3]
2023-11-28T22:11:58.503-05:00 DEBUG 27472 --- [           main] org.springframework.test.context.cache   : Spring test ApplicationContext cache statistics: [DefaultContextCache@8caffbd size = 3, maxSize = 32, parentContextCount = 0, hitCount = 379, missCount = 3]
2023-11-28T22:11:58.503-05:00 DEBUG 27472 --- [           main] org.springframework.test.context.cache   : Spring test ApplicationContext cache statistics: [DefaultContextCache@8caffbd size = 3, maxSize = 32, parentContextCount = 0, hitCount = 380, missCount = 3]

MockHttpServletRequest:
      HTTP Method = POST
      Request URI = /api/v1/user/signup
       Parameters = {_csrf=[PHvLDwJU5Bw6XLPkomiemxI4EsamcVceMmZGsO_WgnaE5dFrWUn5OGFj3CgXZdaFwUWq-CAIP6fEEGUzAARxiI7hshOzhONa]}
          Headers = [Content-Type:"application/json;charset=UTF-8", Content-Length:"237"]
             Body = {"username":"usuario_test","password":"123456","authorities":[{"endpoint":"Account","actions":["CREATE","READ","DELETE"]},{"endpoint":"User","actions":["CREATE","READ"]},{"endpoint":"IncomeExpense","actions":["CREATE","READ","DELETE"]}]}
    Session Attrs = {}

Handler:
             Type = com.cash_flow_app.apicashflow.controller.UserController
           Method = com.cash_flow_app.apicashflow.controller.UserController#signup(UserDto)

Async:
    Async started = false
     Async result = null

Resolved Exception:
             Type = null

ModelAndView:
        View name = null
             View = null
            Model = null

FlashMap:
       Attributes = null

MockHttpServletResponse:
           Status = 200
    Error message = null
          Headers = [Vary:"Origin", "Access-Control-Request-Method", "Access-Control-Request-Headers", Content-Type:"application/json", X-Content-Type-Options:"nosniff", X-XSS-Protection:"0", Cache-Control:"no-cache, no-store, max-age=0, must-revalidate", Pragma:"no-cache", Expires:"0", X-Frame-Options:"DENY"]
     Content type = application/json
             Body = {"username":"usuario_test","password":null,"token_auth":"eyJhbGciOiJIUzUxMiJ9.eyJzdWIiOiJ1c3VhcmlvX3Rlc3QiLCJleHAiOjE3MDM4MTk1MTh9._RjmE35ZWwlgi-J6GUPzAIK95KKwCYwqRJzwkTW-pOWpMEaBJNZ2mk9w8ZBH48tP7shOXrP38_jru9Eshz1Dsg","authorities":[{"endpoint":"Account","actions":["CREATE","READ","DELETE"]},{"endpoint":"User","actions":["CREATE","READ"]},{"endpoint":"IncomeExpense","actions":["CREATE","READ","DELETE"]}]}
    Forwarded URL = null
   Redirected URL = null
          Cookies = []

MockHttpServletRequest:
      HTTP Method = POST
      Request URI = /api/v1/user/login
       Parameters = {_csrf=[RW9Nxz4DmFLe4yPI13bXCZ1-45Q6SR8VuFWe4Lh05bacpwJ3J1x89g4yoDPzgBv541vjPfgdzqwILHk4iWP809xG0oD4kDNO]}
          Headers = [Content-Type:"application/json;charset=UTF-8", Content-Length:"52"]
             Body = { "username": "usuario_test", "password": "123456" }
    Session Attrs = {}

Handler:
             Type = null

Async:
    Async started = false
     Async result = null

Resolved Exception:
             Type = null

ModelAndView:
        View name = null
             View = null
            Model = null

FlashMap:
       Attributes = null

MockHttpServletResponse:
           Status = 200
    Error message = null
          Headers = [Vary:"Origin", "Access-Control-Request-Method", "Access-Control-Request-Headers", Authorization:"Bearer eyJhbGciOiJIUzUxMiJ9.eyJzdWIiOiJ1c3VhcmlvX3Rlc3QiLCJleHAiOjE3MDM4MTk1MTh9._RjmE35ZWwlgi-J6GUPzAIK95KKwCYwqRJzwkTW-pOWpMEaBJNZ2mk9w8ZBH48tP7shOXrP38_jru9Eshz1Dsg", Access-Control-Expose-Headers:"Authorization", X-Content-Type-Options:"nosniff", X-XSS-Protection:"0", Cache-Control:"no-cache, no-store, max-age=0, must-revalidate", Pragma:"no-cache", Expires:"0", X-Frame-Options:"DENY"]
     Content type = null
             Body = 
    Forwarded URL = null
   Redirected URL = null
          Cookies = []

MockHttpServletRequest:
      HTTP Method = POST
      Request URI = /api/v1/account/create
       Parameters = {_csrf=[31AxdvMIeQO3zDJW3bIWjUWikvi9Gp0U2NK7Md5Hh5RZpvWbuTMHFMMxGjeaqFQ0658iuX3Hv5qNKPk57bDZB-h04adrn5Ou]}
          Headers = [Content-Type:"application/json;charset=UTF-8", Authorization:"Bearer eyJhbGciOiJIUzUxMiJ9.eyJzdWIiOiJ1c3VhcmlvX3Rlc3QiLCJleHAiOjE3MDM4MTk1MTh9._RjmE35ZWwlgi-J6GUPzAIK95KKwCYwqRJzwkTW-pOWpMEaBJNZ2mk9w8ZBH48tP7shOXrP38_jru9Eshz1Dsg", Content-Length:"74"]
             Body = {"id":null,"description":"descripcion de cuenta","users":["usuario_test"]}
    Session Attrs = {SPRING_SECURITY_CONTEXT=SecurityContextImpl [Authentication=UsernamePasswordAuthenticationToken [Principal=usuario_test, Credentials=[PROTECTED], Authenticated=true, Details=null, Granted Authorities=[ENDPOINT_ACCOUNT_PERMISSION_CREATE, ENDPOINT_ACCOUNT_PERMISSION_READ, ENDPOINT_ACCOUNT_PERMISSION_DELETE, ENDPOINT_USER_PERMISSION_CREATE, ENDPOINT_USER_PERMISSION_READ, ENDPOINT_INCOMEEXPENSE_PERMISSION_CREATE, ENDPOINT_INCOMEEXPENSE_PERMISSION_READ, ENDPOINT_INCOMEEXPENSE_PERMISSION_DELETE]]]}

Handler:
             Type = com.cash_flow_app.apicashflow.controller.AccountController
           Method = com.cash_flow_app.apicashflow.controller.AccountController#create(AccountDto)

Async:
    Async started = false
     Async result = null

Resolved Exception:
             Type = null

ModelAndView:
        View name = null
             View = null
            Model = null

FlashMap:
       Attributes = null

MockHttpServletResponse:
           Status = 200
    Error message = null
          Headers = [Vary:"Origin", "Access-Control-Request-Method", "Access-Control-Request-Headers", Content-Type:"application/json", X-Content-Type-Options:"nosniff", X-XSS-Protection:"0", Cache-Control:"no-cache, no-store, max-age=0, must-revalidate", Pragma:"no-cache", Expires:"0", X-Frame-Options:"DENY"]
     Content type = application/json
             Body = {"id":"603b103e-facb-434b-a6d3-c41673d4bb3f","description":"descripcion de cuenta","users":["usuario_test","usuario_test"]}
    Forwarded URL = null
   Redirected URL = null
          Cookies = []
2023-11-28T22:11:58.504-05:00 DEBUG 27472 --- [           main] org.springframework.test.context.cache   : Spring test ApplicationContext cache statistics: [DefaultContextCache@8caffbd size = 3, maxSize = 32, parentContextCount = 0, hitCount = 381, missCount = 3]
2023-11-28T22:11:58.504-05:00 DEBUG 27472 --- [           main] org.springframework.test.context.cache   : Spring test ApplicationContext cache statistics: [DefaultContextCache@8caffbd size = 3, maxSize = 32, parentContextCount = 0, hitCount = 382, missCount = 3]
2023-11-28T22:11:58.504-05:00 DEBUG 27472 --- [           main] org.springframework.test.context.cache   : Spring test ApplicationContext cache statistics: [DefaultContextCache@8caffbd size = 3, maxSize = 32, parentContextCount = 0, hitCount = 383, missCount = 3]
2023-11-28T22:11:58.504-05:00 DEBUG 27472 --- [           main] org.springframework.test.context.cache   : Spring test ApplicationContext cache statistics: [DefaultContextCache@8caffbd size = 3, maxSize = 32, parentContextCount = 0, hitCount = 384, missCount = 3]
2023-11-28T22:11:58.504-05:00 DEBUG 27472 --- [           main] o.s.orm.jpa.JpaTransactionManager        : Initiating transaction rollback
2023-11-28T22:11:58.504-05:00 DEBUG 27472 --- [           main] o.s.orm.jpa.JpaTransactionManager        : Rolling back JPA transaction on EntityManager [SessionImpl(836431654<open>)]
2023-11-28T22:11:58.504-05:00 DEBUG 27472 --- [           main] o.h.e.t.internal.TransactionImpl         : rolling back
2023-11-28T22:11:58.505-05:00 DEBUG 27472 --- [           main] org.postgresql.jdbc.PgConnection         :   setAutoCommit = true
2023-11-28T22:11:58.505-05:00 DEBUG 27472 --- [           main] o.s.orm.jpa.JpaTransactionManager        : Closing JPA EntityManager [SessionImpl(836431654<open>)] after transaction
2023-11-28T22:11:58.505-05:00 DEBUG 27472 --- [           main] o.h.e.jdbc.internal.JdbcCoordinatorImpl  : HHH000420: Closing un-released batch
2023-11-28T22:11:58.505-05:00 DEBUG 27472 --- [           main] o.s.t.c.transaction.TransactionContext   : Rolled back transaction (1) for test class [com.cash_flow_app.apicashflow.controller.IncomeExpenseControllerTest]; test method [deleteAccount]
2023-11-28T22:11:58.505-05:00 DEBUG 27472 --- [           main] tractDirtiesContextTestExecutionListener : After test method: class [IncomeExpenseControllerTest], method [deleteAccount], class annotated with @DirtiesContext [false] with mode [null], method annotated with @DirtiesContext [false] with mode [null]
2023-11-28T22:11:58.505-05:00 DEBUG 27472 --- [           main] o.s.t.c.w.ServletTestExecutionListener   : Resetting RequestContextHolder for test class com.cash_flow_app.apicashflow.controller.IncomeExpenseControllerTest
]]></system-out>
  </testcase>
  <testcase name="create" classname="com.cash_flow_app.apicashflow.controller.IncomeExpenseControllerTest" time="0.183">
    <error message="could not execute statement; SQL [n/a]; constraint [user_account_pkey]" type="org.springframework.dao.DataIntegrityViolationException">org.springframework.dao.DataIntegrityViolationException: could not execute statement; SQL [n/a]; constraint [user_account_pkey]
	at com.cash_flow_app.apicashflow.controller.IncomeExpenseControllerTest.create(IncomeExpenseControllerTest.java:129)
Caused by: org.hibernate.exception.ConstraintViolationException: could not execute statement
	at com.cash_flow_app.apicashflow.controller.IncomeExpenseControllerTest.create(IncomeExpenseControllerTest.java:129)
Caused by: org.postgresql.util.PSQLException: 
ERROR: duplicate key value violates unique constraint "user_account_pkey"
  Detail: Key (user_id, account_id)=(8fff23a8-a0c1-4d98-8e91-945c089641d6, 57b5700c-c7e3-462d-bdf4-c8b27ef53a22) already exists.
	at com.cash_flow_app.apicashflow.controller.IncomeExpenseControllerTest.create(IncomeExpenseControllerTest.java:129)
</error>
    <system-out><![CDATA[2023-11-28T22:11:58.505-05:00 DEBUG 27472 --- [           main] org.springframework.test.context.cache   : Spring test ApplicationContext cache statistics: [DefaultContextCache@8caffbd size = 3, maxSize = 32, parentContextCount = 0, hitCount = 385, missCount = 3]
2023-11-28T22:11:58.505-05:00 DEBUG 27472 --- [           main] o.s.t.c.w.ServletTestExecutionListener   : Setting up MockHttpServletRequest, MockHttpServletResponse, ServletWebRequest, and RequestContextHolder for test class com.cash_flow_app.apicashflow.controller.IncomeExpenseControllerTest
2023-11-28T22:11:58.505-05:00 DEBUG 27472 --- [           main] DependencyInjectionTestExecutionListener : Performing dependency injection for test class com.cash_flow_app.apicashflow.controller.IncomeExpenseControllerTest
2023-11-28T22:11:58.505-05:00 DEBUG 27472 --- [           main] org.springframework.test.context.cache   : Spring test ApplicationContext cache statistics: [DefaultContextCache@8caffbd size = 3, maxSize = 32, parentContextCount = 0, hitCount = 386, missCount = 3]
2023-11-28T22:11:58.505-05:00 DEBUG 27472 --- [           main] org.springframework.test.context.cache   : Spring test ApplicationContext cache statistics: [DefaultContextCache@8caffbd size = 3, maxSize = 32, parentContextCount = 0, hitCount = 387, missCount = 3]
2023-11-28T22:11:58.506-05:00 DEBUG 27472 --- [           main] tractDirtiesContextTestExecutionListener : Before test method: class [IncomeExpenseControllerTest], method [create], class annotated with @DirtiesContext [false] with mode [null], method annotated with @DirtiesContext [false] with mode [null]
2023-11-28T22:11:58.506-05:00 DEBUG 27472 --- [           main] t.c.t.TransactionalTestExecutionListener : Explicit transaction definition [PROPAGATION_REQUIRED,ISOLATION_DEFAULT] found for test class [com.cash_flow_app.apicashflow.controller.IncomeExpenseControllerTest] and test method [create]
2023-11-28T22:11:58.506-05:00 DEBUG 27472 --- [           main] org.springframework.test.context.cache   : Spring test ApplicationContext cache statistics: [DefaultContextCache@8caffbd size = 3, maxSize = 32, parentContextCount = 0, hitCount = 388, missCount = 3]
2023-11-28T22:11:58.506-05:00 DEBUG 27472 --- [           main] t.c.t.TransactionalTestExecutionListener : No method-level @Rollback override: using default rollback [true] for test method [void com.cash_flow_app.apicashflow.controller.IncomeExpenseControllerTest.create() throws java.lang.Exception]
2023-11-28T22:11:58.506-05:00 DEBUG 27472 --- [           main] o.s.orm.jpa.JpaTransactionManager        : Creating new transaction with name [com.cash_flow_app.apicashflow.controller.IncomeExpenseControllerTest.create]: PROPAGATION_REQUIRED,ISOLATION_DEFAULT
2023-11-28T22:11:58.506-05:00 DEBUG 27472 --- [           main] o.s.orm.jpa.JpaTransactionManager        : Opened new EntityManager [SessionImpl(1340832443<open>)] for JPA transaction
2023-11-28T22:11:58.506-05:00 DEBUG 27472 --- [           main] o.h.e.t.internal.TransactionImpl         : On TransactionImpl creation, JpaCompliance#isJpaTransactionComplianceEnabled == false
2023-11-28T22:11:58.506-05:00 DEBUG 27472 --- [           main] o.h.e.t.internal.TransactionImpl         : begin
2023-11-28T22:11:58.506-05:00 DEBUG 27472 --- [           main] org.postgresql.jdbc.PgConnection         :   setAutoCommit = false
2023-11-28T22:11:58.506-05:00 DEBUG 27472 --- [           main] o.s.orm.jpa.JpaTransactionManager        : Exposing JPA transaction as JDBC [org.springframework.orm.jpa.vendor.HibernateJpaDialect$HibernateConnectionHandle@745f4c49]
2023-11-28T22:11:58.506-05:00 DEBUG 27472 --- [           main] o.s.t.c.transaction.TransactionContext   : Began transaction (1) for test class [com.cash_flow_app.apicashflow.controller.IncomeExpenseControllerTest]; test method [create]; transaction manager [org.springframework.orm.jpa.JpaTransactionManager@6448679f]; rollback [true]
2023-11-28T22:11:58.506-05:00 DEBUG 27472 --- [           main] org.springframework.test.context.cache   : Spring test ApplicationContext cache statistics: [DefaultContextCache@8caffbd size = 3, maxSize = 32, parentContextCount = 0, hitCount = 389, missCount = 3]
2023-11-28T22:11:58.506-05:00 DEBUG 27472 --- [           main] org.springframework.test.context.cache   : Spring test ApplicationContext cache statistics: [DefaultContextCache@8caffbd size = 3, maxSize = 32, parentContextCount = 0, hitCount = 390, missCount = 3]
2023-11-28T22:11:58.507-05:00 DEBUG 27472 --- [           main] o.s.test.util.ReflectionTestUtils        : Invoking method 'getFilters' on target object [FilterChainProxy[Filter Chains: [DefaultSecurityFilterChain [RequestMatcher=any request, Filters=[org.springframework.security.web.session.DisableEncodeUrlFilter@120e3ebb, org.springframework.security.web.session.ForceEagerSessionCreationFilter@753f1c3e, org.springframework.security.web.context.request.async.WebAsyncManagerIntegrationFilter@5e9af5d4, org.springframework.security.web.context.SecurityContextHolderFilter@1d18e5ad, org.springframework.security.web.header.HeaderWriterFilter@73b68d98, org.springframework.web.filter.CorsFilter@7863e6b2, org.springframework.security.web.authentication.logout.LogoutFilter@1e5a8278, JWTAuthorizationFilter(loginService=com.cash_flow_app.apicashflow.entities_repositories_and_services.base.security.LoginService@508b9c16), com.cash_flow_app.apicashflow.entities_repositories_and_services.base.security.JWTAuthenticationFilter@6fd2b939, org.springframework.security.web.savedrequest.RequestCacheAwareFilter@11def039, org.springframework.security.web.servletapi.SecurityContextHolderAwareRequestFilter@564375d7, org.springframework.security.web.authentication.AnonymousAuthenticationFilter@c4aa99e, org.springframework.security.web.session.SessionManagementFilter@69af6978, org.springframework.security.web.access.ExceptionTranslationFilter@4469046b, org.springframework.security.web.access.intercept.AuthorizationFilter@588d2e90]]]]] or target class [null] with arguments {org.springframework.mock.web.MockHttpServletRequest@2631075f}
2023-11-28T22:11:58.507-05:00 DEBUG 27472 --- [           main] o.s.test.util.ReflectionTestUtils        : Invoking method 'getFilters' on target object [FilterChainProxy[Filter Chains: [DefaultSecurityFilterChain [RequestMatcher=any request, Filters=[org.springframework.security.web.session.DisableEncodeUrlFilter@120e3ebb, org.springframework.security.web.session.ForceEagerSessionCreationFilter@753f1c3e, org.springframework.security.web.context.request.async.WebAsyncManagerIntegrationFilter@5e9af5d4, org.springframework.security.web.context.SecurityContextHolderFilter@1d18e5ad, org.springframework.security.web.header.HeaderWriterFilter@73b68d98, org.springframework.web.filter.CorsFilter@7863e6b2, org.springframework.security.web.authentication.logout.LogoutFilter@1e5a8278, JWTAuthorizationFilter(loginService=com.cash_flow_app.apicashflow.entities_repositories_and_services.base.security.LoginService@508b9c16), com.cash_flow_app.apicashflow.entities_repositories_and_services.base.security.JWTAuthenticationFilter@6fd2b939, org.springframework.security.web.savedrequest.RequestCacheAwareFilter@11def039, org.springframework.security.web.servletapi.SecurityContextHolderAwareRequestFilter@564375d7, org.springframework.security.web.authentication.AnonymousAuthenticationFilter@c4aa99e, org.springframework.security.web.session.SessionManagementFilter@69af6978, org.springframework.security.web.access.ExceptionTranslationFilter@4469046b, org.springframework.security.web.access.intercept.AuthorizationFilter@588d2e90]]]]] or target class [null] with arguments {org.springframework.mock.web.MockHttpServletRequest@2631075f}
2023-11-28T22:11:58.507-05:00 DEBUG 27472 --- [           main] o.s.test.util.ReflectionTestUtils        : Invoking method 'getFilters' on target object [FilterChainProxy[Filter Chains: [DefaultSecurityFilterChain [RequestMatcher=any request, Filters=[org.springframework.security.web.session.DisableEncodeUrlFilter@120e3ebb, org.springframework.security.web.session.ForceEagerSessionCreationFilter@753f1c3e, org.springframework.security.web.context.request.async.WebAsyncManagerIntegrationFilter@5e9af5d4, org.springframework.security.web.context.SecurityContextHolderFilter@1d18e5ad, org.springframework.security.web.header.HeaderWriterFilter@73b68d98, org.springframework.web.filter.CorsFilter@7863e6b2, org.springframework.security.web.authentication.logout.LogoutFilter@1e5a8278, JWTAuthorizationFilter(loginService=com.cash_flow_app.apicashflow.entities_repositories_and_services.base.security.LoginService@508b9c16), com.cash_flow_app.apicashflow.entities_repositories_and_services.base.security.JWTAuthenticationFilter@6fd2b939, org.springframework.security.web.savedrequest.RequestCacheAwareFilter@11def039, org.springframework.security.web.servletapi.SecurityContextHolderAwareRequestFilter@564375d7, org.springframework.security.web.authentication.AnonymousAuthenticationFilter@c4aa99e, org.springframework.security.web.session.SessionManagementFilter@69af6978, org.springframework.security.web.access.ExceptionTranslationFilter@4469046b, org.springframework.security.web.access.intercept.AuthorizationFilter@588d2e90]]]]] or target class [null] with arguments {org.springframework.mock.web.MockHttpServletRequest@2631075f}
2023-11-28T22:11:58.507-05:00 DEBUG 27472 --- [           main] o.s.security.web.FilterChainProxy        : Securing POST /api/v1/user/signup
2023-11-28T22:11:58.507-05:00 DEBUG 27472 --- [           main] .s.s.w.s.ForceEagerSessionCreationFilter : Created session eagerly
2023-11-28T22:11:58.507-05:00 DEBUG 27472 --- [           main] o.s.s.w.a.AnonymousAuthenticationFilter  : Set SecurityContextHolder to anonymous SecurityContext
2023-11-28T22:11:58.507-05:00 DEBUG 27472 --- [           main] s.w.s.m.m.a.RequestMappingHandlerMapping : Mapped to com.cash_flow_app.apicashflow.controller.UserController#signup(UserDto)
2023-11-28T22:11:58.507-05:00 DEBUG 27472 --- [           main] s.w.s.m.m.a.RequestMappingHandlerMapping : Mapped to com.cash_flow_app.apicashflow.controller.UserController#signup(UserDto)
2023-11-28T22:11:58.507-05:00 DEBUG 27472 --- [           main] s.w.s.m.m.a.RequestMappingHandlerMapping : Mapped to com.cash_flow_app.apicashflow.controller.UserController#signup(UserDto)
2023-11-28T22:11:58.507-05:00 DEBUG 27472 --- [           main] s.w.s.m.m.a.RequestMappingHandlerMapping : Mapped to com.cash_flow_app.apicashflow.controller.UserController#signup(UserDto)
2023-11-28T22:11:58.507-05:00 DEBUG 27472 --- [           main] s.w.s.m.m.a.RequestMappingHandlerMapping : Mapped to com.cash_flow_app.apicashflow.controller.UserController#signup(UserDto)
2023-11-28T22:11:58.507-05:00 DEBUG 27472 --- [           main] s.w.s.m.m.a.RequestMappingHandlerMapping : Mapped to com.cash_flow_app.apicashflow.controller.UserController#signup(UserDto)
2023-11-28T22:11:58.507-05:00 DEBUG 27472 --- [           main] s.w.s.m.m.a.RequestMappingHandlerMapping : Mapped to com.cash_flow_app.apicashflow.controller.UserController#signup(UserDto)
2023-11-28T22:11:58.507-05:00 DEBUG 27472 --- [           main] o.s.security.web.FilterChainProxy        : Secured POST /api/v1/user/signup
2023-11-28T22:11:58.508-05:00 DEBUG 27472 --- [           main] o.s.t.web.servlet.TestDispatcherServlet  : POST "/api/v1/user/signup", parameters={masked}
2023-11-28T22:11:58.508-05:00 DEBUG 27472 --- [           main] s.w.s.m.m.a.RequestMappingHandlerMapping : Mapped to com.cash_flow_app.apicashflow.controller.UserController#signup(UserDto)
2023-11-28T22:11:58.508-05:00 DEBUG 27472 --- [           main] m.m.a.RequestResponseBodyMethodProcessor : Read "application/json;charset=UTF-8" to [UserDto(username=usuario_test, password=123456, authorities=[{endpoint=Account, actions=[CREATE, REA (truncated)...]
2023-11-28T22:11:58.508-05:00 DEBUG 27472 --- [           main] org.hibernate.orm.sql.ast.create         : Created new SQL alias : a1_0
2023-11-28T22:11:58.508-05:00 DEBUG 27472 --- [           main] org.hibernate.orm.sql.ast.create         : Registration of TableGroup [StandardTableGroup(com.cash_flow_app.apicashflow.entities_repositories_and_services.base.authority.Authority(35202161494041))] with identifierForTableGroup [com.cash_flow_app.apicashflow.entities_repositories_and_services.base.authority.Authority] for NavigablePath [com.cash_flow_app.apicashflow.entities_repositories_and_services.base.authority.Authority] 
2023-11-28T22:11:58.508-05:00 DEBUG 27472 --- [           main] o.h.q.sqm.sql.BaseSqmToSqlAstConverter   : Determining mapping-model type for SqmParameter : org.hibernate.query.sqm.tree.expression.SqmJpaCriteriaParameterWrapper@427b8fe4
2023-11-28T22:11:58.508-05:00 DEBUG 27472 --- [           main] o.h.q.sqm.sql.BaseSqmToSqlAstConverter   : Determining mapping-model type for SqmPath : SqmBasicValuedSimplePath(com.cash_flow_app.apicashflow.entities_repositories_and_services.base.authority.Authority(35202161494041).permission) 
2023-11-28T22:11:58.508-05:00 DEBUG 27472 --- [           main] o.h.q.sqm.sql.BaseSqmToSqlAstConverter   : Determining mapping-model type for SqmParameter : org.hibernate.query.sqm.tree.expression.SqmJpaCriteriaParameterWrapper@56510bb2
2023-11-28T22:11:58.508-05:00 DEBUG 27472 --- [           main] o.h.q.sqm.sql.BaseSqmToSqlAstConverter   : Determining mapping-model type for SqmPath : SqmBasicValuedSimplePath(com.cash_flow_app.apicashflow.entities_repositories_and_services.base.authority.Authority(35202161494041).endpoint) 
2023-11-28T22:11:58.508-05:00 DEBUG 27472 --- [           main] org.hibernate.orm.results.graph.AST      : DomainResult Graph:
 \-EntityResultImpl [com.cash_flow_app.apicashflow.entities_repositories_and_services.base.authority.Authority(35202161494041)]
 |  +-BasicFetch [com.cash_flow_app.apicashflow.entities_repositories_and_services.base.authority.Authority(35202161494041).endpoint]
 |  \-BasicFetch [com.cash_flow_app.apicashflow.entities_repositories_and_services.base.authority.Authority(35202161494041).permission]

2023-11-28T22:11:58.508-05:00 DEBUG 27472 --- [           main] org.hibernate.orm.sql.ast.tree           : SQL AST Tree:
    SelectStatement {
      FromClause {
        StandardTableGroup (a1 : com.cash_flow_app.apicashflow.entities_repositories_and_services.base.authority.Authority(35202161494041)) {
          primaryTableReference : authorities as a1_0
        }
      }
    }

2023-11-28T22:11:58.509-05:00 DEBUG 27472 --- [           main] org.hibernate.orm.sql.exec               : Skipping reading Query result cache data: cache-enabled = false, cache-mode = NORMAL
2023-11-28T22:11:58.509-05:00 DEBUG 27472 --- [           main] org.hibernate.orm.results                : Initializer list
2023-11-28T22:11:58.509-05:00 DEBUG 27472 --- [           main] org.hibernate.orm.results                :     com.cash_flow_app.apicashflow.entities_repositories_and_services.base.authority.Authority(35202161494041) -> EntityResultInitializer(com.cash_flow_app.apicashflow.entities_repositories_and_services.base.authority.Authority(35202161494041))@907012136 (SingleTableEntityPersister(com.cash_flow_app.apicashflow.entities_repositories_and_services.base.authority.Authority))
2023-11-28T22:11:58.509-05:00 DEBUG 27472 --- [           main] org.hibernate.SQL                        : 
    select
        a1_0.id,
        a1_0.endpoint,
        a1_0.permission 
    from
        authorities a1_0 
    where
        a1_0.permission=? 
        and a1_0.endpoint=?
2023-11-28T22:11:58.509-05:00 DEBUG 27472 --- [           main] org.hibernate.orm.results                : Extracted JDBC value [0] - [9aaf7d40-45f6-4ab6-90a9-a23f4c1b5f2f]
2023-11-28T22:11:58.509-05:00 DEBUG 27472 --- [           main] o.hibernate.orm.results.loading.entity   : (EntityResultInitializer) Hydrated EntityKey (com.cash_flow_app.apicashflow.entities_repositories_and_services.base.authority.Authority(35202161494041)): 9aaf7d40-45f6-4ab6-90a9-a23f4c1b5f2f
2023-11-28T22:11:58.509-05:00 DEBUG 27472 --- [           main] o.hibernate.orm.results.loading.entity   : (EntityResultInitializer) Created new entity instance [com.cash_flow_app.apicashflow.entities_repositories_and_services.base.authority.Authority(35202161494041)#9aaf7d40-45f6-4ab6-90a9-a23f4c1b5f2f] : com.cash_flow_app.apicashflow.entities_repositories_and_services.base.authority.Authority@3498df74
2023-11-28T22:11:58.510-05:00 DEBUG 27472 --- [           main] org.hibernate.orm.results                : Extracted JDBC value [1] - [Account]
2023-11-28T22:11:58.510-05:00 DEBUG 27472 --- [           main] org.hibernate.orm.results                : Extracted JDBC value [2] - [CREATE]
2023-11-28T22:11:58.510-05:00 DEBUG 27472 --- [           main] o.hibernate.orm.results.loading.entity   : (EntityResultInitializer) Done materializing entityInstance : com.cash_flow_app.apicashflow.entities_repositories_and_services.base.authority.Authority(35202161494041)#9aaf7d40-45f6-4ab6-90a9-a23f4c1b5f2f
2023-11-28T22:11:58.510-05:00 DEBUG 27472 --- [           main] org.hibernate.orm.results.loading        : Calling top-level assembler (0 / 1) : org.hibernate.sql.results.graph.entity.internal.EntityAssembler@7d1f3f67
2023-11-28T22:11:58.510-05:00 DEBUG 27472 --- [           main] org.hibernate.orm.sql.ast.create         : Created new SQL alias : a1_0
2023-11-28T22:11:58.510-05:00 DEBUG 27472 --- [           main] org.hibernate.orm.sql.ast.create         : Registration of TableGroup [StandardTableGroup(com.cash_flow_app.apicashflow.entities_repositories_and_services.base.authority.Authority(35202161494041))] with identifierForTableGroup [com.cash_flow_app.apicashflow.entities_repositories_and_services.base.authority.Authority] for NavigablePath [com.cash_flow_app.apicashflow.entities_repositories_and_services.base.authority.Authority] 
2023-11-28T22:11:58.510-05:00 DEBUG 27472 --- [           main] o.h.q.sqm.sql.BaseSqmToSqlAstConverter   : Determining mapping-model type for SqmParameter : org.hibernate.query.sqm.tree.expression.SqmJpaCriteriaParameterWrapper@2cc112a5
2023-11-28T22:11:58.510-05:00 DEBUG 27472 --- [           main] o.h.q.sqm.sql.BaseSqmToSqlAstConverter   : Determining mapping-model type for SqmPath : SqmBasicValuedSimplePath(com.cash_flow_app.apicashflow.entities_repositories_and_services.base.authority.Authority(35202161494041).permission) 
2023-11-28T22:11:58.510-05:00 DEBUG 27472 --- [           main] o.h.q.sqm.sql.BaseSqmToSqlAstConverter   : Determining mapping-model type for SqmParameter : org.hibernate.query.sqm.tree.expression.SqmJpaCriteriaParameterWrapper@2ea0e29d
2023-11-28T22:11:58.510-05:00 DEBUG 27472 --- [           main] o.h.q.sqm.sql.BaseSqmToSqlAstConverter   : Determining mapping-model type for SqmPath : SqmBasicValuedSimplePath(com.cash_flow_app.apicashflow.entities_repositories_and_services.base.authority.Authority(35202161494041).endpoint) 
2023-11-28T22:11:58.510-05:00 DEBUG 27472 --- [           main] org.hibernate.orm.results.graph.AST      : DomainResult Graph:
 \-EntityResultImpl [com.cash_flow_app.apicashflow.entities_repositories_and_services.base.authority.Authority(35202161494041)]
 |  +-BasicFetch [com.cash_flow_app.apicashflow.entities_repositories_and_services.base.authority.Authority(35202161494041).endpoint]
 |  \-BasicFetch [com.cash_flow_app.apicashflow.entities_repositories_and_services.base.authority.Authority(35202161494041).permission]

2023-11-28T22:11:58.510-05:00 DEBUG 27472 --- [           main] org.hibernate.orm.sql.ast.tree           : SQL AST Tree:
    SelectStatement {
      FromClause {
        StandardTableGroup (a1 : com.cash_flow_app.apicashflow.entities_repositories_and_services.base.authority.Authority(35202161494041)) {
          primaryTableReference : authorities as a1_0
        }
      }
    }

2023-11-28T22:11:58.510-05:00 DEBUG 27472 --- [           main] o.h.e.i.AbstractFlushingEventListener    : Processing flush-time cascades
2023-11-28T22:11:58.510-05:00 DEBUG 27472 --- [           main] o.h.e.i.AbstractFlushingEventListener    : Dirty checking collections
2023-11-28T22:11:58.510-05:00 DEBUG 27472 --- [           main] o.h.e.i.AbstractFlushingEventListener    : Flushed: 0 insertions, 0 updates, 0 deletions to 1 objects
2023-11-28T22:11:58.510-05:00 DEBUG 27472 --- [           main] o.h.e.i.AbstractFlushingEventListener    : Flushed: 0 (re)creations, 0 updates, 0 removals to 0 collections
2023-11-28T22:11:58.510-05:00 DEBUG 27472 --- [           main] o.hibernate.internal.util.EntityPrinter  : Listing entities:
2023-11-28T22:11:58.510-05:00 DEBUG 27472 --- [           main] o.hibernate.internal.util.EntityPrinter  : com.cash_flow_app.apicashflow.entities_repositories_and_services.base.authority.Authority{endpoint=Account, permission=CREATE, id=9aaf7d40-45f6-4ab6-90a9-a23f4c1b5f2f}
2023-11-28T22:11:58.510-05:00 DEBUG 27472 --- [           main] org.hibernate.orm.sql.exec               : Skipping reading Query result cache data: cache-enabled = false, cache-mode = NORMAL
2023-11-28T22:11:58.510-05:00 DEBUG 27472 --- [           main] org.hibernate.orm.results                : Initializer list
2023-11-28T22:11:58.510-05:00 DEBUG 27472 --- [           main] org.hibernate.orm.results                :     com.cash_flow_app.apicashflow.entities_repositories_and_services.base.authority.Authority(35202161494041) -> EntityResultInitializer(com.cash_flow_app.apicashflow.entities_repositories_and_services.base.authority.Authority(35202161494041))@1438439202 (SingleTableEntityPersister(com.cash_flow_app.apicashflow.entities_repositories_and_services.base.authority.Authority))
2023-11-28T22:11:58.510-05:00 DEBUG 27472 --- [           main] org.hibernate.SQL                        : 
    select
        a1_0.id,
        a1_0.endpoint,
        a1_0.permission 
    from
        authorities a1_0 
    where
        a1_0.permission=? 
        and a1_0.endpoint=?
2023-11-28T22:11:58.510-05:00 DEBUG 27472 --- [           main] org.hibernate.orm.results                : Extracted JDBC value [0] - [b14a62f4-d04f-422a-a2a3-1f80e2635352]
2023-11-28T22:11:58.510-05:00 DEBUG 27472 --- [           main] o.hibernate.orm.results.loading.entity   : (EntityResultInitializer) Hydrated EntityKey (com.cash_flow_app.apicashflow.entities_repositories_and_services.base.authority.Authority(35202161494041)): b14a62f4-d04f-422a-a2a3-1f80e2635352
2023-11-28T22:11:58.510-05:00 DEBUG 27472 --- [           main] o.hibernate.orm.results.loading.entity   : (EntityResultInitializer) Created new entity instance [com.cash_flow_app.apicashflow.entities_repositories_and_services.base.authority.Authority(35202161494041)#b14a62f4-d04f-422a-a2a3-1f80e2635352] : com.cash_flow_app.apicashflow.entities_repositories_and_services.base.authority.Authority@21ff56e7
2023-11-28T22:11:58.511-05:00 DEBUG 27472 --- [           main] org.hibernate.orm.results                : Extracted JDBC value [1] - [Account]
2023-11-28T22:11:58.511-05:00 DEBUG 27472 --- [           main] org.hibernate.orm.results                : Extracted JDBC value [2] - [READ]
2023-11-28T22:11:58.511-05:00 DEBUG 27472 --- [           main] o.hibernate.orm.results.loading.entity   : (EntityResultInitializer) Done materializing entityInstance : com.cash_flow_app.apicashflow.entities_repositories_and_services.base.authority.Authority(35202161494041)#b14a62f4-d04f-422a-a2a3-1f80e2635352
2023-11-28T22:11:58.511-05:00 DEBUG 27472 --- [           main] org.hibernate.orm.results.loading        : Calling top-level assembler (0 / 1) : org.hibernate.sql.results.graph.entity.internal.EntityAssembler@12c9803d
2023-11-28T22:11:58.511-05:00 DEBUG 27472 --- [           main] org.hibernate.orm.sql.ast.create         : Created new SQL alias : a1_0
2023-11-28T22:11:58.511-05:00 DEBUG 27472 --- [           main] org.hibernate.orm.sql.ast.create         : Registration of TableGroup [StandardTableGroup(com.cash_flow_app.apicashflow.entities_repositories_and_services.base.authority.Authority(35202161494041))] with identifierForTableGroup [com.cash_flow_app.apicashflow.entities_repositories_and_services.base.authority.Authority] for NavigablePath [com.cash_flow_app.apicashflow.entities_repositories_and_services.base.authority.Authority] 
2023-11-28T22:11:58.511-05:00 DEBUG 27472 --- [           main] o.h.q.sqm.sql.BaseSqmToSqlAstConverter   : Determining mapping-model type for SqmParameter : org.hibernate.query.sqm.tree.expression.SqmJpaCriteriaParameterWrapper@36004275
2023-11-28T22:11:58.511-05:00 DEBUG 27472 --- [           main] o.h.q.sqm.sql.BaseSqmToSqlAstConverter   : Determining mapping-model type for SqmPath : SqmBasicValuedSimplePath(com.cash_flow_app.apicashflow.entities_repositories_and_services.base.authority.Authority(35202161494041).permission) 
2023-11-28T22:11:58.511-05:00 DEBUG 27472 --- [           main] o.h.q.sqm.sql.BaseSqmToSqlAstConverter   : Determining mapping-model type for SqmParameter : org.hibernate.query.sqm.tree.expression.SqmJpaCriteriaParameterWrapper@25983534
2023-11-28T22:11:58.511-05:00 DEBUG 27472 --- [           main] o.h.q.sqm.sql.BaseSqmToSqlAstConverter   : Determining mapping-model type for SqmPath : SqmBasicValuedSimplePath(com.cash_flow_app.apicashflow.entities_repositories_and_services.base.authority.Authority(35202161494041).endpoint) 
2023-11-28T22:11:58.511-05:00 DEBUG 27472 --- [           main] org.hibernate.orm.results.graph.AST      : DomainResult Graph:
 \-EntityResultImpl [com.cash_flow_app.apicashflow.entities_repositories_and_services.base.authority.Authority(35202161494041)]
 |  +-BasicFetch [com.cash_flow_app.apicashflow.entities_repositories_and_services.base.authority.Authority(35202161494041).endpoint]
 |  \-BasicFetch [com.cash_flow_app.apicashflow.entities_repositories_and_services.base.authority.Authority(35202161494041).permission]

2023-11-28T22:11:58.511-05:00 DEBUG 27472 --- [           main] org.hibernate.orm.sql.ast.tree           : SQL AST Tree:
    SelectStatement {
      FromClause {
        StandardTableGroup (a1 : com.cash_flow_app.apicashflow.entities_repositories_and_services.base.authority.Authority(35202161494041)) {
          primaryTableReference : authorities as a1_0
        }
      }
    }

2023-11-28T22:11:58.511-05:00 DEBUG 27472 --- [           main] o.h.e.i.AbstractFlushingEventListener    : Processing flush-time cascades
2023-11-28T22:11:58.511-05:00 DEBUG 27472 --- [           main] o.h.e.i.AbstractFlushingEventListener    : Dirty checking collections
2023-11-28T22:11:58.511-05:00 DEBUG 27472 --- [           main] o.h.e.i.AbstractFlushingEventListener    : Flushed: 0 insertions, 0 updates, 0 deletions to 2 objects
2023-11-28T22:11:58.511-05:00 DEBUG 27472 --- [           main] o.h.e.i.AbstractFlushingEventListener    : Flushed: 0 (re)creations, 0 updates, 0 removals to 0 collections
2023-11-28T22:11:58.511-05:00 DEBUG 27472 --- [           main] o.hibernate.internal.util.EntityPrinter  : Listing entities:
2023-11-28T22:11:58.511-05:00 DEBUG 27472 --- [           main] o.hibernate.internal.util.EntityPrinter  : com.cash_flow_app.apicashflow.entities_repositories_and_services.base.authority.Authority{endpoint=Account, permission=CREATE, id=9aaf7d40-45f6-4ab6-90a9-a23f4c1b5f2f}
2023-11-28T22:11:58.511-05:00 DEBUG 27472 --- [           main] o.hibernate.internal.util.EntityPrinter  : com.cash_flow_app.apicashflow.entities_repositories_and_services.base.authority.Authority{endpoint=Account, permission=READ, id=b14a62f4-d04f-422a-a2a3-1f80e2635352}
2023-11-28T22:11:58.511-05:00 DEBUG 27472 --- [           main] org.hibernate.orm.sql.exec               : Skipping reading Query result cache data: cache-enabled = false, cache-mode = NORMAL
2023-11-28T22:11:58.511-05:00 DEBUG 27472 --- [           main] org.hibernate.orm.results                : Initializer list
2023-11-28T22:11:58.511-05:00 DEBUG 27472 --- [           main] org.hibernate.orm.results                :     com.cash_flow_app.apicashflow.entities_repositories_and_services.base.authority.Authority(35202161494041) -> EntityResultInitializer(com.cash_flow_app.apicashflow.entities_repositories_and_services.base.authority.Authority(35202161494041))@1886384928 (SingleTableEntityPersister(com.cash_flow_app.apicashflow.entities_repositories_and_services.base.authority.Authority))
2023-11-28T22:11:58.511-05:00 DEBUG 27472 --- [           main] org.hibernate.SQL                        : 
    select
        a1_0.id,
        a1_0.endpoint,
        a1_0.permission 
    from
        authorities a1_0 
    where
        a1_0.permission=? 
        and a1_0.endpoint=?
2023-11-28T22:11:58.511-05:00 DEBUG 27472 --- [           main] org.hibernate.orm.results                : Extracted JDBC value [0] - [363894b3-8bdc-4764-ad13-d91f872e1a95]
2023-11-28T22:11:58.511-05:00 DEBUG 27472 --- [           main] o.hibernate.orm.results.loading.entity   : (EntityResultInitializer) Hydrated EntityKey (com.cash_flow_app.apicashflow.entities_repositories_and_services.base.authority.Authority(35202161494041)): 363894b3-8bdc-4764-ad13-d91f872e1a95
2023-11-28T22:11:58.511-05:00 DEBUG 27472 --- [           main] o.hibernate.orm.results.loading.entity   : (EntityResultInitializer) Created new entity instance [com.cash_flow_app.apicashflow.entities_repositories_and_services.base.authority.Authority(35202161494041)#363894b3-8bdc-4764-ad13-d91f872e1a95] : com.cash_flow_app.apicashflow.entities_repositories_and_services.base.authority.Authority@5dbae6f7
2023-11-28T22:11:58.511-05:00 DEBUG 27472 --- [           main] org.hibernate.orm.results                : Extracted JDBC value [1] - [Account]
2023-11-28T22:11:58.511-05:00 DEBUG 27472 --- [           main] org.hibernate.orm.results                : Extracted JDBC value [2] - [DELETE]
2023-11-28T22:11:58.511-05:00 DEBUG 27472 --- [           main] o.hibernate.orm.results.loading.entity   : (EntityResultInitializer) Done materializing entityInstance : com.cash_flow_app.apicashflow.entities_repositories_and_services.base.authority.Authority(35202161494041)#363894b3-8bdc-4764-ad13-d91f872e1a95
2023-11-28T22:11:58.511-05:00 DEBUG 27472 --- [           main] org.hibernate.orm.results.loading        : Calling top-level assembler (0 / 1) : org.hibernate.sql.results.graph.entity.internal.EntityAssembler@52c3f893
2023-11-28T22:11:58.511-05:00 DEBUG 27472 --- [           main] org.hibernate.orm.sql.ast.create         : Created new SQL alias : a1_0
2023-11-28T22:11:58.511-05:00 DEBUG 27472 --- [           main] org.hibernate.orm.sql.ast.create         : Registration of TableGroup [StandardTableGroup(com.cash_flow_app.apicashflow.entities_repositories_and_services.base.authority.Authority(35202161494041))] with identifierForTableGroup [com.cash_flow_app.apicashflow.entities_repositories_and_services.base.authority.Authority] for NavigablePath [com.cash_flow_app.apicashflow.entities_repositories_and_services.base.authority.Authority] 
2023-11-28T22:11:58.511-05:00 DEBUG 27472 --- [           main] o.h.q.sqm.sql.BaseSqmToSqlAstConverter   : Determining mapping-model type for SqmParameter : org.hibernate.query.sqm.tree.expression.SqmJpaCriteriaParameterWrapper@55744b16
2023-11-28T22:11:58.511-05:00 DEBUG 27472 --- [           main] o.h.q.sqm.sql.BaseSqmToSqlAstConverter   : Determining mapping-model type for SqmPath : SqmBasicValuedSimplePath(com.cash_flow_app.apicashflow.entities_repositories_and_services.base.authority.Authority(35202161494041).permission) 
2023-11-28T22:11:58.512-05:00 DEBUG 27472 --- [           main] o.h.q.sqm.sql.BaseSqmToSqlAstConverter   : Determining mapping-model type for SqmParameter : org.hibernate.query.sqm.tree.expression.SqmJpaCriteriaParameterWrapper@3ae2721b
2023-11-28T22:11:58.512-05:00 DEBUG 27472 --- [           main] o.h.q.sqm.sql.BaseSqmToSqlAstConverter   : Determining mapping-model type for SqmPath : SqmBasicValuedSimplePath(com.cash_flow_app.apicashflow.entities_repositories_and_services.base.authority.Authority(35202161494041).endpoint) 
2023-11-28T22:11:58.512-05:00 DEBUG 27472 --- [           main] org.hibernate.orm.results.graph.AST      : DomainResult Graph:
 \-EntityResultImpl [com.cash_flow_app.apicashflow.entities_repositories_and_services.base.authority.Authority(35202161494041)]
 |  +-BasicFetch [com.cash_flow_app.apicashflow.entities_repositories_and_services.base.authority.Authority(35202161494041).endpoint]
 |  \-BasicFetch [com.cash_flow_app.apicashflow.entities_repositories_and_services.base.authority.Authority(35202161494041).permission]

2023-11-28T22:11:58.512-05:00 DEBUG 27472 --- [           main] org.hibernate.orm.sql.ast.tree           : SQL AST Tree:
    SelectStatement {
      FromClause {
        StandardTableGroup (a1 : com.cash_flow_app.apicashflow.entities_repositories_and_services.base.authority.Authority(35202161494041)) {
          primaryTableReference : authorities as a1_0
        }
      }
    }

2023-11-28T22:11:58.512-05:00 DEBUG 27472 --- [           main] o.h.e.i.AbstractFlushingEventListener    : Processing flush-time cascades
2023-11-28T22:11:58.512-05:00 DEBUG 27472 --- [           main] o.h.e.i.AbstractFlushingEventListener    : Dirty checking collections
2023-11-28T22:11:58.512-05:00 DEBUG 27472 --- [           main] o.h.e.i.AbstractFlushingEventListener    : Flushed: 0 insertions, 0 updates, 0 deletions to 3 objects
2023-11-28T22:11:58.512-05:00 DEBUG 27472 --- [           main] o.h.e.i.AbstractFlushingEventListener    : Flushed: 0 (re)creations, 0 updates, 0 removals to 0 collections
2023-11-28T22:11:58.512-05:00 DEBUG 27472 --- [           main] o.hibernate.internal.util.EntityPrinter  : Listing entities:
2023-11-28T22:11:58.512-05:00 DEBUG 27472 --- [           main] o.hibernate.internal.util.EntityPrinter  : com.cash_flow_app.apicashflow.entities_repositories_and_services.base.authority.Authority{endpoint=Account, permission=DELETE, id=363894b3-8bdc-4764-ad13-d91f872e1a95}
2023-11-28T22:11:58.512-05:00 DEBUG 27472 --- [           main] o.hibernate.internal.util.EntityPrinter  : com.cash_flow_app.apicashflow.entities_repositories_and_services.base.authority.Authority{endpoint=Account, permission=CREATE, id=9aaf7d40-45f6-4ab6-90a9-a23f4c1b5f2f}
2023-11-28T22:11:58.512-05:00 DEBUG 27472 --- [           main] o.hibernate.internal.util.EntityPrinter  : com.cash_flow_app.apicashflow.entities_repositories_and_services.base.authority.Authority{endpoint=Account, permission=READ, id=b14a62f4-d04f-422a-a2a3-1f80e2635352}
2023-11-28T22:11:58.512-05:00 DEBUG 27472 --- [           main] org.hibernate.orm.sql.exec               : Skipping reading Query result cache data: cache-enabled = false, cache-mode = NORMAL
2023-11-28T22:11:58.512-05:00 DEBUG 27472 --- [           main] org.hibernate.orm.results                : Initializer list
2023-11-28T22:11:58.512-05:00 DEBUG 27472 --- [           main] org.hibernate.orm.results                :     com.cash_flow_app.apicashflow.entities_repositories_and_services.base.authority.Authority(35202161494041) -> EntityResultInitializer(com.cash_flow_app.apicashflow.entities_repositories_and_services.base.authority.Authority(35202161494041))@590333606 (SingleTableEntityPersister(com.cash_flow_app.apicashflow.entities_repositories_and_services.base.authority.Authority))
2023-11-28T22:11:58.512-05:00 DEBUG 27472 --- [           main] org.hibernate.SQL                        : 
    select
        a1_0.id,
        a1_0.endpoint,
        a1_0.permission 
    from
        authorities a1_0 
    where
        a1_0.permission=? 
        and a1_0.endpoint=?
2023-11-28T22:11:58.512-05:00 DEBUG 27472 --- [           main] org.hibernate.orm.results                : Extracted JDBC value [0] - [f4f135be-a2b5-48d1-a9d0-2b14e82cc373]
2023-11-28T22:11:58.512-05:00 DEBUG 27472 --- [           main] o.hibernate.orm.results.loading.entity   : (EntityResultInitializer) Hydrated EntityKey (com.cash_flow_app.apicashflow.entities_repositories_and_services.base.authority.Authority(35202161494041)): f4f135be-a2b5-48d1-a9d0-2b14e82cc373
2023-11-28T22:11:58.512-05:00 DEBUG 27472 --- [           main] o.hibernate.orm.results.loading.entity   : (EntityResultInitializer) Created new entity instance [com.cash_flow_app.apicashflow.entities_repositories_and_services.base.authority.Authority(35202161494041)#f4f135be-a2b5-48d1-a9d0-2b14e82cc373] : com.cash_flow_app.apicashflow.entities_repositories_and_services.base.authority.Authority@17504749
2023-11-28T22:11:58.512-05:00 DEBUG 27472 --- [           main] org.hibernate.orm.results                : Extracted JDBC value [1] - [User]
2023-11-28T22:11:58.512-05:00 DEBUG 27472 --- [           main] org.hibernate.orm.results                : Extracted JDBC value [2] - [CREATE]
2023-11-28T22:11:58.512-05:00 DEBUG 27472 --- [           main] o.hibernate.orm.results.loading.entity   : (EntityResultInitializer) Done materializing entityInstance : com.cash_flow_app.apicashflow.entities_repositories_and_services.base.authority.Authority(35202161494041)#f4f135be-a2b5-48d1-a9d0-2b14e82cc373
2023-11-28T22:11:58.512-05:00 DEBUG 27472 --- [           main] org.hibernate.orm.results.loading        : Calling top-level assembler (0 / 1) : org.hibernate.sql.results.graph.entity.internal.EntityAssembler@4a17b9f3
2023-11-28T22:11:58.512-05:00 DEBUG 27472 --- [           main] org.hibernate.orm.sql.ast.create         : Created new SQL alias : a1_0
2023-11-28T22:11:58.512-05:00 DEBUG 27472 --- [           main] org.hibernate.orm.sql.ast.create         : Registration of TableGroup [StandardTableGroup(com.cash_flow_app.apicashflow.entities_repositories_and_services.base.authority.Authority(35202161494041))] with identifierForTableGroup [com.cash_flow_app.apicashflow.entities_repositories_and_services.base.authority.Authority] for NavigablePath [com.cash_flow_app.apicashflow.entities_repositories_and_services.base.authority.Authority] 
2023-11-28T22:11:58.512-05:00 DEBUG 27472 --- [           main] o.h.q.sqm.sql.BaseSqmToSqlAstConverter   : Determining mapping-model type for SqmParameter : org.hibernate.query.sqm.tree.expression.SqmJpaCriteriaParameterWrapper@767c69d4
2023-11-28T22:11:58.512-05:00 DEBUG 27472 --- [           main] o.h.q.sqm.sql.BaseSqmToSqlAstConverter   : Determining mapping-model type for SqmPath : SqmBasicValuedSimplePath(com.cash_flow_app.apicashflow.entities_repositories_and_services.base.authority.Authority(35202161494041).permission) 
2023-11-28T22:11:58.512-05:00 DEBUG 27472 --- [           main] o.h.q.sqm.sql.BaseSqmToSqlAstConverter   : Determining mapping-model type for SqmParameter : org.hibernate.query.sqm.tree.expression.SqmJpaCriteriaParameterWrapper@6b5e9923
2023-11-28T22:11:58.512-05:00 DEBUG 27472 --- [           main] o.h.q.sqm.sql.BaseSqmToSqlAstConverter   : Determining mapping-model type for SqmPath : SqmBasicValuedSimplePath(com.cash_flow_app.apicashflow.entities_repositories_and_services.base.authority.Authority(35202161494041).endpoint) 
2023-11-28T22:11:58.512-05:00 DEBUG 27472 --- [           main] org.hibernate.orm.results.graph.AST      : DomainResult Graph:
 \-EntityResultImpl [com.cash_flow_app.apicashflow.entities_repositories_and_services.base.authority.Authority(35202161494041)]
 |  +-BasicFetch [com.cash_flow_app.apicashflow.entities_repositories_and_services.base.authority.Authority(35202161494041).endpoint]
 |  \-BasicFetch [com.cash_flow_app.apicashflow.entities_repositories_and_services.base.authority.Authority(35202161494041).permission]

2023-11-28T22:11:58.512-05:00 DEBUG 27472 --- [           main] org.hibernate.orm.sql.ast.tree           : SQL AST Tree:
    SelectStatement {
      FromClause {
        StandardTableGroup (a1 : com.cash_flow_app.apicashflow.entities_repositories_and_services.base.authority.Authority(35202161494041)) {
          primaryTableReference : authorities as a1_0
        }
      }
    }

2023-11-28T22:11:58.512-05:00 DEBUG 27472 --- [           main] o.h.e.i.AbstractFlushingEventListener    : Processing flush-time cascades
2023-11-28T22:11:58.512-05:00 DEBUG 27472 --- [           main] o.h.e.i.AbstractFlushingEventListener    : Dirty checking collections
2023-11-28T22:11:58.512-05:00 DEBUG 27472 --- [           main] o.h.e.i.AbstractFlushingEventListener    : Flushed: 0 insertions, 0 updates, 0 deletions to 4 objects
2023-11-28T22:11:58.512-05:00 DEBUG 27472 --- [           main] o.h.e.i.AbstractFlushingEventListener    : Flushed: 0 (re)creations, 0 updates, 0 removals to 0 collections
2023-11-28T22:11:58.512-05:00 DEBUG 27472 --- [           main] o.hibernate.internal.util.EntityPrinter  : Listing entities:
2023-11-28T22:11:58.512-05:00 DEBUG 27472 --- [           main] o.hibernate.internal.util.EntityPrinter  : com.cash_flow_app.apicashflow.entities_repositories_and_services.base.authority.Authority{endpoint=User, permission=CREATE, id=f4f135be-a2b5-48d1-a9d0-2b14e82cc373}
2023-11-28T22:11:58.512-05:00 DEBUG 27472 --- [           main] o.hibernate.internal.util.EntityPrinter  : com.cash_flow_app.apicashflow.entities_repositories_and_services.base.authority.Authority{endpoint=Account, permission=DELETE, id=363894b3-8bdc-4764-ad13-d91f872e1a95}
2023-11-28T22:11:58.512-05:00 DEBUG 27472 --- [           main] o.hibernate.internal.util.EntityPrinter  : com.cash_flow_app.apicashflow.entities_repositories_and_services.base.authority.Authority{endpoint=Account, permission=CREATE, id=9aaf7d40-45f6-4ab6-90a9-a23f4c1b5f2f}
2023-11-28T22:11:58.512-05:00 DEBUG 27472 --- [           main] o.hibernate.internal.util.EntityPrinter  : com.cash_flow_app.apicashflow.entities_repositories_and_services.base.authority.Authority{endpoint=Account, permission=READ, id=b14a62f4-d04f-422a-a2a3-1f80e2635352}
2023-11-28T22:11:58.512-05:00 DEBUG 27472 --- [           main] org.hibernate.orm.sql.exec               : Skipping reading Query result cache data: cache-enabled = false, cache-mode = NORMAL
2023-11-28T22:11:58.512-05:00 DEBUG 27472 --- [           main] org.hibernate.orm.results                : Initializer list
2023-11-28T22:11:58.513-05:00 DEBUG 27472 --- [           main] org.hibernate.orm.results                :     com.cash_flow_app.apicashflow.entities_repositories_and_services.base.authority.Authority(35202161494041) -> EntityResultInitializer(com.cash_flow_app.apicashflow.entities_repositories_and_services.base.authority.Authority(35202161494041))@60942339 (SingleTableEntityPersister(com.cash_flow_app.apicashflow.entities_repositories_and_services.base.authority.Authority))
2023-11-28T22:11:58.513-05:00 DEBUG 27472 --- [           main] org.hibernate.SQL                        : 
    select
        a1_0.id,
        a1_0.endpoint,
        a1_0.permission 
    from
        authorities a1_0 
    where
        a1_0.permission=? 
        and a1_0.endpoint=?
2023-11-28T22:11:58.513-05:00 DEBUG 27472 --- [           main] org.hibernate.orm.results                : Extracted JDBC value [0] - [35481739-2447-454f-8ec3-daf467bb2ae5]
2023-11-28T22:11:58.513-05:00 DEBUG 27472 --- [           main] o.hibernate.orm.results.loading.entity   : (EntityResultInitializer) Hydrated EntityKey (com.cash_flow_app.apicashflow.entities_repositories_and_services.base.authority.Authority(35202161494041)): 35481739-2447-454f-8ec3-daf467bb2ae5
2023-11-28T22:11:58.513-05:00 DEBUG 27472 --- [           main] o.hibernate.orm.results.loading.entity   : (EntityResultInitializer) Created new entity instance [com.cash_flow_app.apicashflow.entities_repositories_and_services.base.authority.Authority(35202161494041)#35481739-2447-454f-8ec3-daf467bb2ae5] : com.cash_flow_app.apicashflow.entities_repositories_and_services.base.authority.Authority@58a5b377
2023-11-28T22:11:58.513-05:00 DEBUG 27472 --- [           main] org.hibernate.orm.results                : Extracted JDBC value [1] - [User]
2023-11-28T22:11:58.513-05:00 DEBUG 27472 --- [           main] org.hibernate.orm.results                : Extracted JDBC value [2] - [READ]
2023-11-28T22:11:58.513-05:00 DEBUG 27472 --- [           main] o.hibernate.orm.results.loading.entity   : (EntityResultInitializer) Done materializing entityInstance : com.cash_flow_app.apicashflow.entities_repositories_and_services.base.authority.Authority(35202161494041)#35481739-2447-454f-8ec3-daf467bb2ae5
2023-11-28T22:11:58.513-05:00 DEBUG 27472 --- [           main] org.hibernate.orm.results.loading        : Calling top-level assembler (0 / 1) : org.hibernate.sql.results.graph.entity.internal.EntityAssembler@54c8b990
2023-11-28T22:11:58.513-05:00 DEBUG 27472 --- [           main] org.hibernate.orm.sql.ast.create         : Created new SQL alias : a1_0
2023-11-28T22:11:58.513-05:00 DEBUG 27472 --- [           main] org.hibernate.orm.sql.ast.create         : Registration of TableGroup [StandardTableGroup(com.cash_flow_app.apicashflow.entities_repositories_and_services.base.authority.Authority(35202161494041))] with identifierForTableGroup [com.cash_flow_app.apicashflow.entities_repositories_and_services.base.authority.Authority] for NavigablePath [com.cash_flow_app.apicashflow.entities_repositories_and_services.base.authority.Authority] 
2023-11-28T22:11:58.513-05:00 DEBUG 27472 --- [           main] o.h.q.sqm.sql.BaseSqmToSqlAstConverter   : Determining mapping-model type for SqmParameter : org.hibernate.query.sqm.tree.expression.SqmJpaCriteriaParameterWrapper@680a5de1
2023-11-28T22:11:58.513-05:00 DEBUG 27472 --- [           main] o.h.q.sqm.sql.BaseSqmToSqlAstConverter   : Determining mapping-model type for SqmPath : SqmBasicValuedSimplePath(com.cash_flow_app.apicashflow.entities_repositories_and_services.base.authority.Authority(35202161494041).permission) 
2023-11-28T22:11:58.513-05:00 DEBUG 27472 --- [           main] o.h.q.sqm.sql.BaseSqmToSqlAstConverter   : Determining mapping-model type for SqmParameter : org.hibernate.query.sqm.tree.expression.SqmJpaCriteriaParameterWrapper@5679e277
2023-11-28T22:11:58.513-05:00 DEBUG 27472 --- [           main] o.h.q.sqm.sql.BaseSqmToSqlAstConverter   : Determining mapping-model type for SqmPath : SqmBasicValuedSimplePath(com.cash_flow_app.apicashflow.entities_repositories_and_services.base.authority.Authority(35202161494041).endpoint) 
2023-11-28T22:11:58.513-05:00 DEBUG 27472 --- [           main] org.hibernate.orm.results.graph.AST      : DomainResult Graph:
 \-EntityResultImpl [com.cash_flow_app.apicashflow.entities_repositories_and_services.base.authority.Authority(35202161494041)]
 |  +-BasicFetch [com.cash_flow_app.apicashflow.entities_repositories_and_services.base.authority.Authority(35202161494041).endpoint]
 |  \-BasicFetch [com.cash_flow_app.apicashflow.entities_repositories_and_services.base.authority.Authority(35202161494041).permission]

2023-11-28T22:11:58.513-05:00 DEBUG 27472 --- [           main] org.hibernate.orm.sql.ast.tree           : SQL AST Tree:
    SelectStatement {
      FromClause {
        StandardTableGroup (a1 : com.cash_flow_app.apicashflow.entities_repositories_and_services.base.authority.Authority(35202161494041)) {
          primaryTableReference : authorities as a1_0
        }
      }
    }

2023-11-28T22:11:58.513-05:00 DEBUG 27472 --- [           main] o.h.e.i.AbstractFlushingEventListener    : Processing flush-time cascades
2023-11-28T22:11:58.513-05:00 DEBUG 27472 --- [           main] o.h.e.i.AbstractFlushingEventListener    : Dirty checking collections
2023-11-28T22:11:58.513-05:00 DEBUG 27472 --- [           main] o.h.e.i.AbstractFlushingEventListener    : Flushed: 0 insertions, 0 updates, 0 deletions to 5 objects
2023-11-28T22:11:58.513-05:00 DEBUG 27472 --- [           main] o.h.e.i.AbstractFlushingEventListener    : Flushed: 0 (re)creations, 0 updates, 0 removals to 0 collections
2023-11-28T22:11:58.513-05:00 DEBUG 27472 --- [           main] o.hibernate.internal.util.EntityPrinter  : Listing entities:
2023-11-28T22:11:58.513-05:00 DEBUG 27472 --- [           main] o.hibernate.internal.util.EntityPrinter  : com.cash_flow_app.apicashflow.entities_repositories_and_services.base.authority.Authority{endpoint=User, permission=CREATE, id=f4f135be-a2b5-48d1-a9d0-2b14e82cc373}
2023-11-28T22:11:58.513-05:00 DEBUG 27472 --- [           main] o.hibernate.internal.util.EntityPrinter  : com.cash_flow_app.apicashflow.entities_repositories_and_services.base.authority.Authority{endpoint=User, permission=READ, id=35481739-2447-454f-8ec3-daf467bb2ae5}
2023-11-28T22:11:58.513-05:00 DEBUG 27472 --- [           main] o.hibernate.internal.util.EntityPrinter  : com.cash_flow_app.apicashflow.entities_repositories_and_services.base.authority.Authority{endpoint=Account, permission=DELETE, id=363894b3-8bdc-4764-ad13-d91f872e1a95}
2023-11-28T22:11:58.513-05:00 DEBUG 27472 --- [           main] o.hibernate.internal.util.EntityPrinter  : com.cash_flow_app.apicashflow.entities_repositories_and_services.base.authority.Authority{endpoint=Account, permission=CREATE, id=9aaf7d40-45f6-4ab6-90a9-a23f4c1b5f2f}
2023-11-28T22:11:58.513-05:00 DEBUG 27472 --- [           main] o.hibernate.internal.util.EntityPrinter  : com.cash_flow_app.apicashflow.entities_repositories_and_services.base.authority.Authority{endpoint=Account, permission=READ, id=b14a62f4-d04f-422a-a2a3-1f80e2635352}
2023-11-28T22:11:58.513-05:00 DEBUG 27472 --- [           main] org.hibernate.orm.sql.exec               : Skipping reading Query result cache data: cache-enabled = false, cache-mode = NORMAL
2023-11-28T22:11:58.513-05:00 DEBUG 27472 --- [           main] org.hibernate.orm.results                : Initializer list
2023-11-28T22:11:58.513-05:00 DEBUG 27472 --- [           main] org.hibernate.orm.results                :     com.cash_flow_app.apicashflow.entities_repositories_and_services.base.authority.Authority(35202161494041) -> EntityResultInitializer(com.cash_flow_app.apicashflow.entities_repositories_and_services.base.authority.Authority(35202161494041))@294351833 (SingleTableEntityPersister(com.cash_flow_app.apicashflow.entities_repositories_and_services.base.authority.Authority))
2023-11-28T22:11:58.513-05:00 DEBUG 27472 --- [           main] org.hibernate.SQL                        : 
    select
        a1_0.id,
        a1_0.endpoint,
        a1_0.permission 
    from
        authorities a1_0 
    where
        a1_0.permission=? 
        and a1_0.endpoint=?
2023-11-28T22:11:58.513-05:00 DEBUG 27472 --- [           main] org.hibernate.orm.results                : Extracted JDBC value [0] - [4de61a19-9cab-469d-856c-169a503a3f70]
2023-11-28T22:11:58.513-05:00 DEBUG 27472 --- [           main] o.hibernate.orm.results.loading.entity   : (EntityResultInitializer) Hydrated EntityKey (com.cash_flow_app.apicashflow.entities_repositories_and_services.base.authority.Authority(35202161494041)): 4de61a19-9cab-469d-856c-169a503a3f70
2023-11-28T22:11:58.513-05:00 DEBUG 27472 --- [           main] o.hibernate.orm.results.loading.entity   : (EntityResultInitializer) Created new entity instance [com.cash_flow_app.apicashflow.entities_repositories_and_services.base.authority.Authority(35202161494041)#4de61a19-9cab-469d-856c-169a503a3f70] : com.cash_flow_app.apicashflow.entities_repositories_and_services.base.authority.Authority@63cd8f26
2023-11-28T22:11:58.513-05:00 DEBUG 27472 --- [           main] org.hibernate.orm.results                : Extracted JDBC value [1] - [IncomeExpense]
2023-11-28T22:11:58.513-05:00 DEBUG 27472 --- [           main] org.hibernate.orm.results                : Extracted JDBC value [2] - [CREATE]
2023-11-28T22:11:58.513-05:00 DEBUG 27472 --- [           main] o.hibernate.orm.results.loading.entity   : (EntityResultInitializer) Done materializing entityInstance : com.cash_flow_app.apicashflow.entities_repositories_and_services.base.authority.Authority(35202161494041)#4de61a19-9cab-469d-856c-169a503a3f70
2023-11-28T22:11:58.513-05:00 DEBUG 27472 --- [           main] org.hibernate.orm.results.loading        : Calling top-level assembler (0 / 1) : org.hibernate.sql.results.graph.entity.internal.EntityAssembler@29923d3d
2023-11-28T22:11:58.514-05:00 DEBUG 27472 --- [           main] org.hibernate.orm.sql.ast.create         : Created new SQL alias : a1_0
2023-11-28T22:11:58.514-05:00 DEBUG 27472 --- [           main] org.hibernate.orm.sql.ast.create         : Registration of TableGroup [StandardTableGroup(com.cash_flow_app.apicashflow.entities_repositories_and_services.base.authority.Authority(35202161494041))] with identifierForTableGroup [com.cash_flow_app.apicashflow.entities_repositories_and_services.base.authority.Authority] for NavigablePath [com.cash_flow_app.apicashflow.entities_repositories_and_services.base.authority.Authority] 
2023-11-28T22:11:58.514-05:00 DEBUG 27472 --- [           main] o.h.q.sqm.sql.BaseSqmToSqlAstConverter   : Determining mapping-model type for SqmParameter : org.hibernate.query.sqm.tree.expression.SqmJpaCriteriaParameterWrapper@1bc41486
2023-11-28T22:11:58.514-05:00 DEBUG 27472 --- [           main] o.h.q.sqm.sql.BaseSqmToSqlAstConverter   : Determining mapping-model type for SqmPath : SqmBasicValuedSimplePath(com.cash_flow_app.apicashflow.entities_repositories_and_services.base.authority.Authority(35202161494041).permission) 
2023-11-28T22:11:58.514-05:00 DEBUG 27472 --- [           main] o.h.q.sqm.sql.BaseSqmToSqlAstConverter   : Determining mapping-model type for SqmParameter : org.hibernate.query.sqm.tree.expression.SqmJpaCriteriaParameterWrapper@75b9bbab
2023-11-28T22:11:58.514-05:00 DEBUG 27472 --- [           main] o.h.q.sqm.sql.BaseSqmToSqlAstConverter   : Determining mapping-model type for SqmPath : SqmBasicValuedSimplePath(com.cash_flow_app.apicashflow.entities_repositories_and_services.base.authority.Authority(35202161494041).endpoint) 
2023-11-28T22:11:58.514-05:00 DEBUG 27472 --- [           main] org.hibernate.orm.results.graph.AST      : DomainResult Graph:
 \-EntityResultImpl [com.cash_flow_app.apicashflow.entities_repositories_and_services.base.authority.Authority(35202161494041)]
 |  +-BasicFetch [com.cash_flow_app.apicashflow.entities_repositories_and_services.base.authority.Authority(35202161494041).endpoint]
 |  \-BasicFetch [com.cash_flow_app.apicashflow.entities_repositories_and_services.base.authority.Authority(35202161494041).permission]

2023-11-28T22:11:58.514-05:00 DEBUG 27472 --- [           main] org.hibernate.orm.sql.ast.tree           : SQL AST Tree:
    SelectStatement {
      FromClause {
        StandardTableGroup (a1 : com.cash_flow_app.apicashflow.entities_repositories_and_services.base.authority.Authority(35202161494041)) {
          primaryTableReference : authorities as a1_0
        }
      }
    }

2023-11-28T22:11:58.514-05:00 DEBUG 27472 --- [           main] o.h.e.i.AbstractFlushingEventListener    : Processing flush-time cascades
2023-11-28T22:11:58.514-05:00 DEBUG 27472 --- [           main] o.h.e.i.AbstractFlushingEventListener    : Dirty checking collections
2023-11-28T22:11:58.514-05:00 DEBUG 27472 --- [           main] o.h.e.i.AbstractFlushingEventListener    : Flushed: 0 insertions, 0 updates, 0 deletions to 6 objects
2023-11-28T22:11:58.514-05:00 DEBUG 27472 --- [           main] o.h.e.i.AbstractFlushingEventListener    : Flushed: 0 (re)creations, 0 updates, 0 removals to 0 collections
2023-11-28T22:11:58.514-05:00 DEBUG 27472 --- [           main] o.hibernate.internal.util.EntityPrinter  : Listing entities:
2023-11-28T22:11:58.514-05:00 DEBUG 27472 --- [           main] o.hibernate.internal.util.EntityPrinter  : com.cash_flow_app.apicashflow.entities_repositories_and_services.base.authority.Authority{endpoint=User, permission=CREATE, id=f4f135be-a2b5-48d1-a9d0-2b14e82cc373}
2023-11-28T22:11:58.514-05:00 DEBUG 27472 --- [           main] o.hibernate.internal.util.EntityPrinter  : com.cash_flow_app.apicashflow.entities_repositories_and_services.base.authority.Authority{endpoint=User, permission=READ, id=35481739-2447-454f-8ec3-daf467bb2ae5}
2023-11-28T22:11:58.514-05:00 DEBUG 27472 --- [           main] o.hibernate.internal.util.EntityPrinter  : com.cash_flow_app.apicashflow.entities_repositories_and_services.base.authority.Authority{endpoint=IncomeExpense, permission=CREATE, id=4de61a19-9cab-469d-856c-169a503a3f70}
2023-11-28T22:11:58.514-05:00 DEBUG 27472 --- [           main] o.hibernate.internal.util.EntityPrinter  : com.cash_flow_app.apicashflow.entities_repositories_and_services.base.authority.Authority{endpoint=Account, permission=DELETE, id=363894b3-8bdc-4764-ad13-d91f872e1a95}
2023-11-28T22:11:58.514-05:00 DEBUG 27472 --- [           main] o.hibernate.internal.util.EntityPrinter  : com.cash_flow_app.apicashflow.entities_repositories_and_services.base.authority.Authority{endpoint=Account, permission=CREATE, id=9aaf7d40-45f6-4ab6-90a9-a23f4c1b5f2f}
2023-11-28T22:11:58.514-05:00 DEBUG 27472 --- [           main] o.hibernate.internal.util.EntityPrinter  : com.cash_flow_app.apicashflow.entities_repositories_and_services.base.authority.Authority{endpoint=Account, permission=READ, id=b14a62f4-d04f-422a-a2a3-1f80e2635352}
2023-11-28T22:11:58.514-05:00 DEBUG 27472 --- [           main] org.hibernate.orm.sql.exec               : Skipping reading Query result cache data: cache-enabled = false, cache-mode = NORMAL
2023-11-28T22:11:58.514-05:00 DEBUG 27472 --- [           main] org.hibernate.orm.results                : Initializer list
2023-11-28T22:11:58.514-05:00 DEBUG 27472 --- [           main] org.hibernate.orm.results                :     com.cash_flow_app.apicashflow.entities_repositories_and_services.base.authority.Authority(35202161494041) -> EntityResultInitializer(com.cash_flow_app.apicashflow.entities_repositories_and_services.base.authority.Authority(35202161494041))@1103551404 (SingleTableEntityPersister(com.cash_flow_app.apicashflow.entities_repositories_and_services.base.authority.Authority))
2023-11-28T22:11:58.514-05:00 DEBUG 27472 --- [           main] org.hibernate.SQL                        : 
    select
        a1_0.id,
        a1_0.endpoint,
        a1_0.permission 
    from
        authorities a1_0 
    where
        a1_0.permission=? 
        and a1_0.endpoint=?
2023-11-28T22:11:58.514-05:00 DEBUG 27472 --- [           main] org.hibernate.orm.results                : Extracted JDBC value [0] - [af9e383e-4459-4719-802e-94a22944b4b7]
2023-11-28T22:11:58.514-05:00 DEBUG 27472 --- [           main] o.hibernate.orm.results.loading.entity   : (EntityResultInitializer) Hydrated EntityKey (com.cash_flow_app.apicashflow.entities_repositories_and_services.base.authority.Authority(35202161494041)): af9e383e-4459-4719-802e-94a22944b4b7
2023-11-28T22:11:58.514-05:00 DEBUG 27472 --- [           main] o.hibernate.orm.results.loading.entity   : (EntityResultInitializer) Created new entity instance [com.cash_flow_app.apicashflow.entities_repositories_and_services.base.authority.Authority(35202161494041)#af9e383e-4459-4719-802e-94a22944b4b7] : com.cash_flow_app.apicashflow.entities_repositories_and_services.base.authority.Authority@4f028abf
2023-11-28T22:11:58.514-05:00 DEBUG 27472 --- [           main] org.hibernate.orm.results                : Extracted JDBC value [1] - [IncomeExpense]
2023-11-28T22:11:58.514-05:00 DEBUG 27472 --- [           main] org.hibernate.orm.results                : Extracted JDBC value [2] - [READ]
2023-11-28T22:11:58.514-05:00 DEBUG 27472 --- [           main] o.hibernate.orm.results.loading.entity   : (EntityResultInitializer) Done materializing entityInstance : com.cash_flow_app.apicashflow.entities_repositories_and_services.base.authority.Authority(35202161494041)#af9e383e-4459-4719-802e-94a22944b4b7
2023-11-28T22:11:58.514-05:00 DEBUG 27472 --- [           main] org.hibernate.orm.results.loading        : Calling top-level assembler (0 / 1) : org.hibernate.sql.results.graph.entity.internal.EntityAssembler@38ee2348
2023-11-28T22:11:58.514-05:00 DEBUG 27472 --- [           main] org.hibernate.orm.sql.ast.create         : Created new SQL alias : a1_0
2023-11-28T22:11:58.514-05:00 DEBUG 27472 --- [           main] org.hibernate.orm.sql.ast.create         : Registration of TableGroup [StandardTableGroup(com.cash_flow_app.apicashflow.entities_repositories_and_services.base.authority.Authority(35202161494041))] with identifierForTableGroup [com.cash_flow_app.apicashflow.entities_repositories_and_services.base.authority.Authority] for NavigablePath [com.cash_flow_app.apicashflow.entities_repositories_and_services.base.authority.Authority] 
2023-11-28T22:11:58.514-05:00 DEBUG 27472 --- [           main] o.h.q.sqm.sql.BaseSqmToSqlAstConverter   : Determining mapping-model type for SqmParameter : org.hibernate.query.sqm.tree.expression.SqmJpaCriteriaParameterWrapper@6f7a6cc9
2023-11-28T22:11:58.514-05:00 DEBUG 27472 --- [           main] o.h.q.sqm.sql.BaseSqmToSqlAstConverter   : Determining mapping-model type for SqmPath : SqmBasicValuedSimplePath(com.cash_flow_app.apicashflow.entities_repositories_and_services.base.authority.Authority(35202161494041).permission) 
2023-11-28T22:11:58.514-05:00 DEBUG 27472 --- [           main] o.h.q.sqm.sql.BaseSqmToSqlAstConverter   : Determining mapping-model type for SqmParameter : org.hibernate.query.sqm.tree.expression.SqmJpaCriteriaParameterWrapper@60144979
2023-11-28T22:11:58.514-05:00 DEBUG 27472 --- [           main] o.h.q.sqm.sql.BaseSqmToSqlAstConverter   : Determining mapping-model type for SqmPath : SqmBasicValuedSimplePath(com.cash_flow_app.apicashflow.entities_repositories_and_services.base.authority.Authority(35202161494041).endpoint) 
2023-11-28T22:11:58.515-05:00 DEBUG 27472 --- [           main] org.hibernate.orm.results.graph.AST      : DomainResult Graph:
 \-EntityResultImpl [com.cash_flow_app.apicashflow.entities_repositories_and_services.base.authority.Authority(35202161494041)]
 |  +-BasicFetch [com.cash_flow_app.apicashflow.entities_repositories_and_services.base.authority.Authority(35202161494041).endpoint]
 |  \-BasicFetch [com.cash_flow_app.apicashflow.entities_repositories_and_services.base.authority.Authority(35202161494041).permission]

2023-11-28T22:11:58.515-05:00 DEBUG 27472 --- [           main] org.hibernate.orm.sql.ast.tree           : SQL AST Tree:
    SelectStatement {
      FromClause {
        StandardTableGroup (a1 : com.cash_flow_app.apicashflow.entities_repositories_and_services.base.authority.Authority(35202161494041)) {
          primaryTableReference : authorities as a1_0
        }
      }
    }

2023-11-28T22:11:58.515-05:00 DEBUG 27472 --- [           main] o.h.e.i.AbstractFlushingEventListener    : Processing flush-time cascades
2023-11-28T22:11:58.515-05:00 DEBUG 27472 --- [           main] o.h.e.i.AbstractFlushingEventListener    : Dirty checking collections
2023-11-28T22:11:58.515-05:00 DEBUG 27472 --- [           main] o.h.e.i.AbstractFlushingEventListener    : Flushed: 0 insertions, 0 updates, 0 deletions to 7 objects
2023-11-28T22:11:58.515-05:00 DEBUG 27472 --- [           main] o.h.e.i.AbstractFlushingEventListener    : Flushed: 0 (re)creations, 0 updates, 0 removals to 0 collections
2023-11-28T22:11:58.515-05:00 DEBUG 27472 --- [           main] o.hibernate.internal.util.EntityPrinter  : Listing entities:
2023-11-28T22:11:58.515-05:00 DEBUG 27472 --- [           main] o.hibernate.internal.util.EntityPrinter  : com.cash_flow_app.apicashflow.entities_repositories_and_services.base.authority.Authority{endpoint=User, permission=CREATE, id=f4f135be-a2b5-48d1-a9d0-2b14e82cc373}
2023-11-28T22:11:58.515-05:00 DEBUG 27472 --- [           main] o.hibernate.internal.util.EntityPrinter  : com.cash_flow_app.apicashflow.entities_repositories_and_services.base.authority.Authority{endpoint=User, permission=READ, id=35481739-2447-454f-8ec3-daf467bb2ae5}
2023-11-28T22:11:58.515-05:00 DEBUG 27472 --- [           main] o.hibernate.internal.util.EntityPrinter  : com.cash_flow_app.apicashflow.entities_repositories_and_services.base.authority.Authority{endpoint=IncomeExpense, permission=CREATE, id=4de61a19-9cab-469d-856c-169a503a3f70}
2023-11-28T22:11:58.515-05:00 DEBUG 27472 --- [           main] o.hibernate.internal.util.EntityPrinter  : com.cash_flow_app.apicashflow.entities_repositories_and_services.base.authority.Authority{endpoint=Account, permission=DELETE, id=363894b3-8bdc-4764-ad13-d91f872e1a95}
2023-11-28T22:11:58.515-05:00 DEBUG 27472 --- [           main] o.hibernate.internal.util.EntityPrinter  : com.cash_flow_app.apicashflow.entities_repositories_and_services.base.authority.Authority{endpoint=Account, permission=CREATE, id=9aaf7d40-45f6-4ab6-90a9-a23f4c1b5f2f}
2023-11-28T22:11:58.515-05:00 DEBUG 27472 --- [           main] o.hibernate.internal.util.EntityPrinter  : com.cash_flow_app.apicashflow.entities_repositories_and_services.base.authority.Authority{endpoint=Account, permission=READ, id=b14a62f4-d04f-422a-a2a3-1f80e2635352}
2023-11-28T22:11:58.515-05:00 DEBUG 27472 --- [           main] o.hibernate.internal.util.EntityPrinter  : com.cash_flow_app.apicashflow.entities_repositories_and_services.base.authority.Authority{endpoint=IncomeExpense, permission=READ, id=af9e383e-4459-4719-802e-94a22944b4b7}
2023-11-28T22:11:58.515-05:00 DEBUG 27472 --- [           main] org.hibernate.orm.sql.exec               : Skipping reading Query result cache data: cache-enabled = false, cache-mode = NORMAL
2023-11-28T22:11:58.515-05:00 DEBUG 27472 --- [           main] org.hibernate.orm.results                : Initializer list
2023-11-28T22:11:58.515-05:00 DEBUG 27472 --- [           main] org.hibernate.orm.results                :     com.cash_flow_app.apicashflow.entities_repositories_and_services.base.authority.Authority(35202161494041) -> EntityResultInitializer(com.cash_flow_app.apicashflow.entities_repositories_and_services.base.authority.Authority(35202161494041))@211288447 (SingleTableEntityPersister(com.cash_flow_app.apicashflow.entities_repositories_and_services.base.authority.Authority))
2023-11-28T22:11:58.515-05:00 DEBUG 27472 --- [           main] org.hibernate.SQL                        : 
    select
        a1_0.id,
        a1_0.endpoint,
        a1_0.permission 
    from
        authorities a1_0 
    where
        a1_0.permission=? 
        and a1_0.endpoint=?
2023-11-28T22:11:58.515-05:00 DEBUG 27472 --- [           main] org.hibernate.orm.results                : Extracted JDBC value [0] - [51c645c0-dc8a-45f9-88d1-533e63701dbe]
2023-11-28T22:11:58.515-05:00 DEBUG 27472 --- [           main] o.hibernate.orm.results.loading.entity   : (EntityResultInitializer) Hydrated EntityKey (com.cash_flow_app.apicashflow.entities_repositories_and_services.base.authority.Authority(35202161494041)): 51c645c0-dc8a-45f9-88d1-533e63701dbe
2023-11-28T22:11:58.515-05:00 DEBUG 27472 --- [           main] o.hibernate.orm.results.loading.entity   : (EntityResultInitializer) Created new entity instance [com.cash_flow_app.apicashflow.entities_repositories_and_services.base.authority.Authority(35202161494041)#51c645c0-dc8a-45f9-88d1-533e63701dbe] : com.cash_flow_app.apicashflow.entities_repositories_and_services.base.authority.Authority@49d52df2
2023-11-28T22:11:58.515-05:00 DEBUG 27472 --- [           main] org.hibernate.orm.results                : Extracted JDBC value [1] - [IncomeExpense]
2023-11-28T22:11:58.515-05:00 DEBUG 27472 --- [           main] org.hibernate.orm.results                : Extracted JDBC value [2] - [DELETE]
2023-11-28T22:11:58.515-05:00 DEBUG 27472 --- [           main] o.hibernate.orm.results.loading.entity   : (EntityResultInitializer) Done materializing entityInstance : com.cash_flow_app.apicashflow.entities_repositories_and_services.base.authority.Authority(35202161494041)#51c645c0-dc8a-45f9-88d1-533e63701dbe
2023-11-28T22:11:58.515-05:00 DEBUG 27472 --- [           main] org.hibernate.orm.results.loading        : Calling top-level assembler (0 / 1) : org.hibernate.sql.results.graph.entity.internal.EntityAssembler@50a4e4e
2023-11-28T22:11:58.589-05:00 DEBUG 27472 --- [           main] o.s.orm.jpa.JpaTransactionManager        : Found thread-bound EntityManager [SessionImpl(1340832443<open>)] for JPA transaction
2023-11-28T22:11:58.589-05:00 DEBUG 27472 --- [           main] o.s.orm.jpa.JpaTransactionManager        : Participating in existing transaction
2023-11-28T22:11:58.589-05:00 DEBUG 27472 --- [           main] o.h.j.internal.PersistenceUnitUtilImpl   : jakarta.persistence.PersistenceUnitUtil.getIdentifier is only intended to work with enhanced entities (although Hibernate also adapts this support to its proxies); however the passed entity was not enhanced (nor a proxy).. may not be able to read identifier
2023-11-28T22:11:58.590-05:00 DEBUG 27472 --- [           main] o.h.e.i.AbstractSaveEventListener        : Generated identifier: 8fff23a8-a0c1-4d98-8e91-945c089641d6, using strategy: org.hibernate.id.UUIDGenerator
2023-11-28T22:11:58.590-05:00 DEBUG 27472 --- [           main] o.s.w.s.m.m.a.HttpEntityMethodProcessor  : Using 'application/json', given [*/*] and supported [application/json, application/*+json]
2023-11-28T22:11:58.590-05:00 DEBUG 27472 --- [           main] o.s.w.s.m.m.a.HttpEntityMethodProcessor  : Writing [UserResponseDto(username=usuario_test, password=null, token_auth=eyJhbGciOiJIUzUxMiJ9.eyJzdWIiOiJ1c3 (truncated)...]
2023-11-28T22:11:58.591-05:00 DEBUG 27472 --- [           main] o.s.t.web.servlet.TestDispatcherServlet  : Completed 200 OK
2023-11-28T22:11:58.591-05:00 DEBUG 27472 --- [           main] o.s.test.util.ReflectionTestUtils        : Invoking method 'getFilters' on target object [FilterChainProxy[Filter Chains: [DefaultSecurityFilterChain [RequestMatcher=any request, Filters=[org.springframework.security.web.session.DisableEncodeUrlFilter@120e3ebb, org.springframework.security.web.session.ForceEagerSessionCreationFilter@753f1c3e, org.springframework.security.web.context.request.async.WebAsyncManagerIntegrationFilter@5e9af5d4, org.springframework.security.web.context.SecurityContextHolderFilter@1d18e5ad, org.springframework.security.web.header.HeaderWriterFilter@73b68d98, org.springframework.web.filter.CorsFilter@7863e6b2, org.springframework.security.web.authentication.logout.LogoutFilter@1e5a8278, JWTAuthorizationFilter(loginService=com.cash_flow_app.apicashflow.entities_repositories_and_services.base.security.LoginService@508b9c16), com.cash_flow_app.apicashflow.entities_repositories_and_services.base.security.JWTAuthenticationFilter@6fd2b939, org.springframework.security.web.savedrequest.RequestCacheAwareFilter@11def039, org.springframework.security.web.servletapi.SecurityContextHolderAwareRequestFilter@564375d7, org.springframework.security.web.authentication.AnonymousAuthenticationFilter@c4aa99e, org.springframework.security.web.session.SessionManagementFilter@69af6978, org.springframework.security.web.access.ExceptionTranslationFilter@4469046b, org.springframework.security.web.access.intercept.AuthorizationFilter@588d2e90]]]]] or target class [null] with arguments {org.springframework.mock.web.MockHttpServletRequest@1c1e78eb}
2023-11-28T22:11:58.591-05:00 DEBUG 27472 --- [           main] o.s.test.util.ReflectionTestUtils        : Invoking method 'getFilters' on target object [FilterChainProxy[Filter Chains: [DefaultSecurityFilterChain [RequestMatcher=any request, Filters=[org.springframework.security.web.session.DisableEncodeUrlFilter@120e3ebb, org.springframework.security.web.session.ForceEagerSessionCreationFilter@753f1c3e, org.springframework.security.web.context.request.async.WebAsyncManagerIntegrationFilter@5e9af5d4, org.springframework.security.web.context.SecurityContextHolderFilter@1d18e5ad, org.springframework.security.web.header.HeaderWriterFilter@73b68d98, org.springframework.web.filter.CorsFilter@7863e6b2, org.springframework.security.web.authentication.logout.LogoutFilter@1e5a8278, JWTAuthorizationFilter(loginService=com.cash_flow_app.apicashflow.entities_repositories_and_services.base.security.LoginService@508b9c16), com.cash_flow_app.apicashflow.entities_repositories_and_services.base.security.JWTAuthenticationFilter@6fd2b939, org.springframework.security.web.savedrequest.RequestCacheAwareFilter@11def039, org.springframework.security.web.servletapi.SecurityContextHolderAwareRequestFilter@564375d7, org.springframework.security.web.authentication.AnonymousAuthenticationFilter@c4aa99e, org.springframework.security.web.session.SessionManagementFilter@69af6978, org.springframework.security.web.access.ExceptionTranslationFilter@4469046b, org.springframework.security.web.access.intercept.AuthorizationFilter@588d2e90]]]]] or target class [null] with arguments {org.springframework.mock.web.MockHttpServletRequest@1c1e78eb}
2023-11-28T22:11:58.591-05:00 DEBUG 27472 --- [           main] o.s.test.util.ReflectionTestUtils        : Invoking method 'getFilters' on target object [FilterChainProxy[Filter Chains: [DefaultSecurityFilterChain [RequestMatcher=any request, Filters=[org.springframework.security.web.session.DisableEncodeUrlFilter@120e3ebb, org.springframework.security.web.session.ForceEagerSessionCreationFilter@753f1c3e, org.springframework.security.web.context.request.async.WebAsyncManagerIntegrationFilter@5e9af5d4, org.springframework.security.web.context.SecurityContextHolderFilter@1d18e5ad, org.springframework.security.web.header.HeaderWriterFilter@73b68d98, org.springframework.web.filter.CorsFilter@7863e6b2, org.springframework.security.web.authentication.logout.LogoutFilter@1e5a8278, JWTAuthorizationFilter(loginService=com.cash_flow_app.apicashflow.entities_repositories_and_services.base.security.LoginService@508b9c16), com.cash_flow_app.apicashflow.entities_repositories_and_services.base.security.JWTAuthenticationFilter@6fd2b939, org.springframework.security.web.savedrequest.RequestCacheAwareFilter@11def039, org.springframework.security.web.servletapi.SecurityContextHolderAwareRequestFilter@564375d7, org.springframework.security.web.authentication.AnonymousAuthenticationFilter@c4aa99e, org.springframework.security.web.session.SessionManagementFilter@69af6978, org.springframework.security.web.access.ExceptionTranslationFilter@4469046b, org.springframework.security.web.access.intercept.AuthorizationFilter@588d2e90]]]]] or target class [null] with arguments {org.springframework.mock.web.MockHttpServletRequest@1c1e78eb}
2023-11-28T22:11:58.591-05:00 DEBUG 27472 --- [           main] o.s.security.web.FilterChainProxy        : Securing POST /api/v1/user/login
2023-11-28T22:11:58.591-05:00 DEBUG 27472 --- [           main] .s.s.w.s.ForceEagerSessionCreationFilter : Created session eagerly
2023-11-28T22:11:58.592-05:00 DEBUG 27472 --- [           main] org.hibernate.orm.sql.ast.create         : Created new SQL alias : u1_0
2023-11-28T22:11:58.592-05:00 DEBUG 27472 --- [           main] org.hibernate.orm.sql.ast.create         : Registration of TableGroup [StandardTableGroup(com.cash_flow_app.apicashflow.entities_repositories_and_services.base.user.User(35202153502500))] with identifierForTableGroup [com.cash_flow_app.apicashflow.entities_repositories_and_services.base.user.User] for NavigablePath [com.cash_flow_app.apicashflow.entities_repositories_and_services.base.user.User] 
2023-11-28T22:11:58.592-05:00 DEBUG 27472 --- [           main] o.h.q.sqm.sql.BaseSqmToSqlAstConverter   : Determining mapping-model type for SqmParameter : org.hibernate.query.sqm.tree.expression.SqmJpaCriteriaParameterWrapper@1eae036e
2023-11-28T22:11:58.592-05:00 DEBUG 27472 --- [           main] o.h.q.sqm.sql.BaseSqmToSqlAstConverter   : Determining mapping-model type for SqmPath : SqmBasicValuedSimplePath(com.cash_flow_app.apicashflow.entities_repositories_and_services.base.user.User(35202153502500).username) 
2023-11-28T22:11:58.592-05:00 DEBUG 27472 --- [           main] org.hibernate.orm.results.graph.AST      : DomainResult Graph:
 \-EntityResultImpl [com.cash_flow_app.apicashflow.entities_repositories_and_services.base.user.User(35202153502500)]
 |  +-SelectEagerCollectionFetch [com.cash_flow_app.apicashflow.entities_repositories_and_services.base.user.User(35202153502500).accounts]
 |  +-SelectEagerCollectionFetch [com.cash_flow_app.apicashflow.entities_repositories_and_services.base.user.User(35202153502500).authorities]
 |  +-BasicFetch [com.cash_flow_app.apicashflow.entities_repositories_and_services.base.user.User(35202153502500).password]
 |  \-BasicFetch [com.cash_flow_app.apicashflow.entities_repositories_and_services.base.user.User(35202153502500).username]

2023-11-28T22:11:58.592-05:00 DEBUG 27472 --- [           main] org.hibernate.orm.sql.ast.tree           : SQL AST Tree:
    SelectStatement {
      FromClause {
        StandardTableGroup (u1 : com.cash_flow_app.apicashflow.entities_repositories_and_services.base.user.User(35202153502500)) {
          primaryTableReference : users as u1_0
        }
      }
    }

2023-11-28T22:11:58.592-05:00 DEBUG 27472 --- [           main] o.h.e.i.AbstractFlushingEventListener    : Processing flush-time cascades
2023-11-28T22:11:58.593-05:00 DEBUG 27472 --- [           main] o.h.e.i.AbstractFlushingEventListener    : Dirty checking collections
2023-11-28T22:11:58.593-05:00 DEBUG 27472 --- [           main] o.hibernate.engine.internal.Collections  : Collection found: [com.cash_flow_app.apicashflow.entities_repositories_and_services.base.user.User.authorities#8fff23a8-a0c1-4d98-8e91-945c089641d6], was: [<unreferenced>] (initialized)
2023-11-28T22:11:58.593-05:00 DEBUG 27472 --- [           main] o.h.e.i.AbstractFlushingEventListener    : Flushed: 1 insertions, 0 updates, 0 deletions to 9 objects
2023-11-28T22:11:58.593-05:00 DEBUG 27472 --- [           main] o.h.e.i.AbstractFlushingEventListener    : Flushed: 1 (re)creations, 0 updates, 0 removals to 1 collections
2023-11-28T22:11:58.593-05:00 DEBUG 27472 --- [           main] o.hibernate.internal.util.EntityPrinter  : Listing entities:
2023-11-28T22:11:58.593-05:00 DEBUG 27472 --- [           main] o.hibernate.internal.util.EntityPrinter  : com.cash_flow_app.apicashflow.entities_repositories_and_services.base.authority.Authority{endpoint=User, permission=CREATE, id=f4f135be-a2b5-48d1-a9d0-2b14e82cc373}
2023-11-28T22:11:58.593-05:00 DEBUG 27472 --- [           main] o.hibernate.internal.util.EntityPrinter  : com.cash_flow_app.apicashflow.entities_repositories_and_services.base.authority.Authority{endpoint=User, permission=READ, id=35481739-2447-454f-8ec3-daf467bb2ae5}
2023-11-28T22:11:58.593-05:00 DEBUG 27472 --- [           main] o.hibernate.internal.util.EntityPrinter  : com.cash_flow_app.apicashflow.entities_repositories_and_services.base.authority.Authority{endpoint=IncomeExpense, permission=CREATE, id=4de61a19-9cab-469d-856c-169a503a3f70}
2023-11-28T22:11:58.593-05:00 DEBUG 27472 --- [           main] o.hibernate.internal.util.EntityPrinter  : com.cash_flow_app.apicashflow.entities_repositories_and_services.base.authority.Authority{endpoint=Account, permission=DELETE, id=363894b3-8bdc-4764-ad13-d91f872e1a95}
2023-11-28T22:11:58.593-05:00 DEBUG 27472 --- [           main] o.hibernate.internal.util.EntityPrinter  : com.cash_flow_app.apicashflow.entities_repositories_and_services.base.authority.Authority{endpoint=IncomeExpense, permission=DELETE, id=51c645c0-dc8a-45f9-88d1-533e63701dbe}
2023-11-28T22:11:58.593-05:00 DEBUG 27472 --- [           main] o.hibernate.internal.util.EntityPrinter  : com.cash_flow_app.apicashflow.entities_repositories_and_services.base.authority.Authority{endpoint=Account, permission=CREATE, id=9aaf7d40-45f6-4ab6-90a9-a23f4c1b5f2f}
2023-11-28T22:11:58.593-05:00 DEBUG 27472 --- [           main] o.hibernate.internal.util.EntityPrinter  : com.cash_flow_app.apicashflow.entities_repositories_and_services.base.user.User{password=$2a$10$LtXeFZ3nGaLRX490OhhtvOZXpId4h2B4d.rH/LhUbbO58aXfwT8jS, id=8fff23a8-a0c1-4d98-8e91-945c089641d6, accounts=null, authorities=[com.cash_flow_app.apicashflow.entities_repositories_and_services.base.authority.Authority#9aaf7d40-45f6-4ab6-90a9-a23f4c1b5f2f, com.cash_flow_app.apicashflow.entities_repositories_and_services.base.authority.Authority#b14a62f4-d04f-422a-a2a3-1f80e2635352, com.cash_flow_app.apicashflow.entities_repositories_and_services.base.authority.Authority#363894b3-8bdc-4764-ad13-d91f872e1a95, com.cash_flow_app.apicashflow.entities_repositories_and_services.base.authority.Authority#f4f135be-a2b5-48d1-a9d0-2b14e82cc373, com.cash_flow_app.apicashflow.entities_repositories_and_services.base.authority.Authority#35481739-2447-454f-8ec3-daf467bb2ae5, com.cash_flow_app.apicashflow.entities_repositories_and_services.base.authority.Authority#4de61a19-9cab-469d-856c-169a503a3f70, com.cash_flow_app.apicashflow.entities_repositories_and_services.base.authority.Authority#af9e383e-4459-4719-802e-94a22944b4b7, com.cash_flow_app.apicashflow.entities_repositories_and_services.base.authority.Authority#51c645c0-dc8a-45f9-88d1-533e63701dbe], username=usuario_test}
2023-11-28T22:11:58.593-05:00 DEBUG 27472 --- [           main] o.hibernate.internal.util.EntityPrinter  : com.cash_flow_app.apicashflow.entities_repositories_and_services.base.authority.Authority{endpoint=Account, permission=READ, id=b14a62f4-d04f-422a-a2a3-1f80e2635352}
2023-11-28T22:11:58.593-05:00 DEBUG 27472 --- [           main] o.hibernate.internal.util.EntityPrinter  : com.cash_flow_app.apicashflow.entities_repositories_and_services.base.authority.Authority{endpoint=IncomeExpense, permission=READ, id=af9e383e-4459-4719-802e-94a22944b4b7}
2023-11-28T22:11:58.593-05:00 DEBUG 27472 --- [           main] org.hibernate.engine.spi.ActionQueue     : Changes must be flushed to space: users
2023-11-28T22:11:58.593-05:00 DEBUG 27472 --- [           main] org.hibernate.SQL                        : 
    insert 
    into
        users
        (password, username, id) 
    values
        (?, ?, ?)
2023-11-28T22:11:58.593-05:00 DEBUG 27472 --- [           main] o.h.p.c.AbstractCollectionPersister      : Inserting collection: [com.cash_flow_app.apicashflow.entities_repositories_and_services.base.user.User.authorities#8fff23a8-a0c1-4d98-8e91-945c089641d6]
2023-11-28T22:11:58.593-05:00 DEBUG 27472 --- [           main] org.hibernate.SQL                        : 
    insert 
    into
        user_authority
        (user_id, authority_id) 
    values
        (?, ?)
2023-11-28T22:11:58.593-05:00 DEBUG 27472 --- [           main] org.hibernate.SQL                        : 
    insert 
    into
        user_authority
        (user_id, authority_id) 
    values
        (?, ?)
2023-11-28T22:11:58.594-05:00 DEBUG 27472 --- [           main] org.hibernate.SQL                        : 
    insert 
    into
        user_authority
        (user_id, authority_id) 
    values
        (?, ?)
2023-11-28T22:11:58.594-05:00 DEBUG 27472 --- [           main] org.hibernate.SQL                        : 
    insert 
    into
        user_authority
        (user_id, authority_id) 
    values
        (?, ?)
2023-11-28T22:11:58.594-05:00 DEBUG 27472 --- [           main] org.hibernate.SQL                        : 
    insert 
    into
        user_authority
        (user_id, authority_id) 
    values
        (?, ?)
2023-11-28T22:11:58.594-05:00 DEBUG 27472 --- [           main] org.hibernate.SQL                        : 
    insert 
    into
        user_authority
        (user_id, authority_id) 
    values
        (?, ?)
2023-11-28T22:11:58.594-05:00 DEBUG 27472 --- [           main] org.hibernate.SQL                        : 
    insert 
    into
        user_authority
        (user_id, authority_id) 
    values
        (?, ?)
2023-11-28T22:11:58.594-05:00 DEBUG 27472 --- [           main] org.hibernate.SQL                        : 
    insert 
    into
        user_authority
        (user_id, authority_id) 
    values
        (?, ?)
2023-11-28T22:11:58.595-05:00 DEBUG 27472 --- [           main] o.h.p.c.AbstractCollectionPersister      : Done inserting collection: 8 rows inserted
2023-11-28T22:11:58.595-05:00 DEBUG 27472 --- [           main] org.hibernate.orm.sql.exec               : Skipping reading Query result cache data: cache-enabled = false, cache-mode = NORMAL
2023-11-28T22:11:58.595-05:00 DEBUG 27472 --- [           main] org.hibernate.orm.results                : Initializer list
2023-11-28T22:11:58.595-05:00 DEBUG 27472 --- [           main] org.hibernate.orm.results                :     com.cash_flow_app.apicashflow.entities_repositories_and_services.base.user.User(35202153502500).accounts -> SelectEagerCollectionInitializer(com.cash_flow_app.apicashflow.entities_repositories_and_services.base.user.User(35202153502500).accounts)@1404331193 (PluralAttribute(com.cash_flow_app.apicashflow.entities_repositories_and_services.base.user.User.accounts))
2023-11-28T22:11:58.595-05:00 DEBUG 27472 --- [           main] org.hibernate.orm.results                :     com.cash_flow_app.apicashflow.entities_repositories_and_services.base.user.User(35202153502500).authorities -> SelectEagerCollectionInitializer(com.cash_flow_app.apicashflow.entities_repositories_and_services.base.user.User(35202153502500).authorities)@762402736 (PluralAttribute(com.cash_flow_app.apicashflow.entities_repositories_and_services.base.user.User.authorities))
2023-11-28T22:11:58.595-05:00 DEBUG 27472 --- [           main] org.hibernate.orm.results                :     com.cash_flow_app.apicashflow.entities_repositories_and_services.base.user.User(35202153502500) -> EntityResultInitializer(com.cash_flow_app.apicashflow.entities_repositories_and_services.base.user.User(35202153502500))@1035849634 (SingleTableEntityPersister(com.cash_flow_app.apicashflow.entities_repositories_and_services.base.user.User))
2023-11-28T22:11:58.595-05:00 DEBUG 27472 --- [           main] org.hibernate.SQL                        : 
    select
        u1_0.id,
        u1_0.password,
        u1_0.username 
    from
        users u1_0 
    where
        u1_0.username=?
2023-11-28T22:11:58.595-05:00 DEBUG 27472 --- [           main] org.hibernate.orm.results                : Extracted JDBC value [0] - [8fff23a8-a0c1-4d98-8e91-945c089641d6]
2023-11-28T22:11:58.595-05:00 DEBUG 27472 --- [           main] o.hibernate.orm.results.loading.entity   : (EntityResultInitializer) Hydrated EntityKey (com.cash_flow_app.apicashflow.entities_repositories_and_services.base.user.User(35202153502500)): 8fff23a8-a0c1-4d98-8e91-945c089641d6
2023-11-28T22:11:58.595-05:00 DEBUG 27472 --- [           main] o.h.o.r.l.o.h.o.r.loading.collection     : (DelayedCollectionInitializer) Current row collection key : com.cash_flow_app.apicashflow.entities_repositories_and_services.base.user.User(35202153502500).accounts#8fff23a8-a0c1-4d98-8e91-945c089641d6
2023-11-28T22:11:58.595-05:00 DEBUG 27472 --- [           main] o.h.o.r.l.o.h.o.r.loading.collection     : (DelayedCollectionInitializer) Current row collection key : com.cash_flow_app.apicashflow.entities_repositories_and_services.base.user.User(35202153502500).authorities#8fff23a8-a0c1-4d98-8e91-945c089641d6
2023-11-28T22:11:58.595-05:00 DEBUG 27472 --- [           main] org.hibernate.orm.results.loading        : Calling top-level assembler (0 / 1) : org.hibernate.sql.results.graph.entity.internal.EntityAssembler@68e47ff9
2023-11-28T22:11:58.595-05:00 DEBUG 27472 --- [           main] org.hibernate.orm.results.graph.AST      : DomainResult Graph:
 \-CollectionDomainResult [com.cash_flow_app.apicashflow.entities_repositories_and_services.base.user.User.accounts]

2023-11-28T22:11:58.595-05:00 DEBUG 27472 --- [           main] org.hibernate.orm.sql.ast.tree           : SQL AST Tree:
    SelectStatement {
      FromClause {
        CollectionTableGroup (a1 : com.cash_flow_app.apicashflow.entities_repositories_and_services.base.user.User.accounts) {
          primaryTableReference : user_account as a1_0
          NestedTableGroupJoins {
             join LazyTableGroup (a1 : com.cash_flow_app.apicashflow.entities_repositories_and_services.base.user.User.accounts.{element}) {
              primaryTableReference : accounts as a1_1
            }
          }
        }
      }
    }

2023-11-28T22:11:58.595-05:00 DEBUG 27472 --- [           main] org.hibernate.orm.sql.exec               : Skipping reading Query result cache data: cache-enabled = false, cache-mode = IGNORE
2023-11-28T22:11:58.595-05:00 DEBUG 27472 --- [           main] org.hibernate.orm.results                : Initializer list
2023-11-28T22:11:58.595-05:00 DEBUG 27472 --- [           main] org.hibernate.orm.results                :     com.cash_flow_app.apicashflow.entities_repositories_and_services.base.user.User.accounts.{element}.incomes_expenses -> SelectEagerCollectionInitializer(com.cash_flow_app.apicashflow.entities_repositories_and_services.base.user.User.accounts.{element}.incomes_expenses)@1852021790 (PluralAttribute(com.cash_flow_app.apicashflow.entities_repositories_and_services.base.account.Account.incomes_expenses))
2023-11-28T22:11:58.595-05:00 DEBUG 27472 --- [           main] org.hibernate.orm.results                :     com.cash_flow_app.apicashflow.entities_repositories_and_services.base.user.User.accounts.{element}.users -> SelectEagerCollectionInitializer(com.cash_flow_app.apicashflow.entities_repositories_and_services.base.user.User.accounts.{element}.users)@293104195 (PluralAttribute(com.cash_flow_app.apicashflow.entities_repositories_and_services.base.account.Account.users))
2023-11-28T22:11:58.595-05:00 DEBUG 27472 --- [           main] org.hibernate.orm.results                :     com.cash_flow_app.apicashflow.entities_repositories_and_services.base.user.User.accounts.{element} -> EntityJoinedFetchInitializer(com.cash_flow_app.apicashflow.entities_repositories_and_services.base.user.User.accounts.{element})@296785825 (EntityCollectionPart(NavigableRole[com.cash_flow_app.apicashflow.entities_repositories_and_services.base.user.User.accounts#{element}])@624685600)
2023-11-28T22:11:58.595-05:00 DEBUG 27472 --- [           main] org.hibernate.orm.results                :     com.cash_flow_app.apicashflow.entities_repositories_and_services.base.user.User.accounts -> BagInitializer(com.cash_flow_app.apicashflow.entities_repositories_and_services.base.user.User.accounts)@1516251609 (PluralAttribute(com.cash_flow_app.apicashflow.entities_repositories_and_services.base.user.User.accounts))
2023-11-28T22:11:58.595-05:00 DEBUG 27472 --- [           main] org.hibernate.SQL                        : 
    select
        a1_0.user_id,
        a1_1.id,
        a1_1.description 
    from
        user_account a1_0 
    join
        accounts a1_1 
            on a1_1.id=a1_0.account_id 
    where
        a1_0.user_id=?
2023-11-28T22:11:58.595-05:00 DEBUG 27472 --- [           main] o.h.sql.results.internal.ResultsHelper   : Collection fully initialized: [com.cash_flow_app.apicashflow.entities_repositories_and_services.base.user.User.accounts#8fff23a8-a0c1-4d98-8e91-945c089641d6]
2023-11-28T22:11:58.672-05:00 DEBUG 27472 --- [           main] o.s.s.a.dao.DaoAuthenticationProvider    : Authenticated user

MockHttpServletRequest:
      HTTP Method = POST
      Request URI = /api/v1/user/login
       Parameters = {_csrf=[0hN7flRxHKFdFO3uAvlvCn_PAlewQLqYAUlFoUqfkfp1ZX8TsSEeHDdHKcRwItvdNtRbaUf6LzbVJdi1Yn12lHms9MJGUhon]}
          Headers = [Content-Type:"application/json;charset=UTF-8", Content-Length:"52"]
             Body = { "username": "usuario_test", "password": "123456" }
    Session Attrs = {}

Handler:
             Type = null

Async:
    Async started = false
     Async result = null

Resolved Exception:
             Type = null

ModelAndView:
        View name = null
             View = null
            Model = null

FlashMap:
       Attributes = null

MockHttpServletResponse:
           Status = 200
    Error message = null
          Headers = [Vary:"Origin", "Access-Control-Request-Method", "Access-Control-Request-Headers", Authorization:"Bearer eyJhbGciOiJIUzUxMiJ9.eyJzdWIiOiJ1c3VhcmlvX3Rlc3QiLCJleHAiOjE3MDM4MTk1MTh9._RjmE35ZWwlgi-J6GUPzAIK95KKwCYwqRJzwkTW-pOWpMEaBJNZ2mk9w8ZBH48tP7shOXrP38_jru9Eshz1Dsg", Access-Control-Expose-Headers:"Authorization", X-Content-Type-Options:"nosniff", X-XSS-Protection:"0", Cache-Control:"no-cache, no-store, max-age=0, must-revalidate", Pragma:"no-cache", Expires:"0", X-Frame-Options:"DENY"]
     Content type = null
             Body = 
    Forwarded URL = null
   Redirected URL = null
          Cookies = []
2023-11-28T22:11:58.673-05:00 DEBUG 27472 --- [           main] org.springframework.test.context.cache   : Spring test ApplicationContext cache statistics: [DefaultContextCache@8caffbd size = 3, maxSize = 32, parentContextCount = 0, hitCount = 391, missCount = 3]
2023-11-28T22:11:58.674-05:00 DEBUG 27472 --- [           main] o.s.test.util.ReflectionTestUtils        : Invoking method 'getFilters' on target object [FilterChainProxy[Filter Chains: [DefaultSecurityFilterChain [RequestMatcher=any request, Filters=[org.springframework.security.web.session.DisableEncodeUrlFilter@120e3ebb, org.springframework.security.web.session.ForceEagerSessionCreationFilter@753f1c3e, org.springframework.security.web.context.request.async.WebAsyncManagerIntegrationFilter@5e9af5d4, org.springframework.security.web.context.SecurityContextHolderFilter@1d18e5ad, org.springframework.security.web.header.HeaderWriterFilter@73b68d98, org.springframework.web.filter.CorsFilter@7863e6b2, org.springframework.security.web.authentication.logout.LogoutFilter@1e5a8278, JWTAuthorizationFilter(loginService=com.cash_flow_app.apicashflow.entities_repositories_and_services.base.security.LoginService@508b9c16), com.cash_flow_app.apicashflow.entities_repositories_and_services.base.security.JWTAuthenticationFilter@6fd2b939, org.springframework.security.web.savedrequest.RequestCacheAwareFilter@11def039, org.springframework.security.web.servletapi.SecurityContextHolderAwareRequestFilter@564375d7, org.springframework.security.web.authentication.AnonymousAuthenticationFilter@c4aa99e, org.springframework.security.web.session.SessionManagementFilter@69af6978, org.springframework.security.web.access.ExceptionTranslationFilter@4469046b, org.springframework.security.web.access.intercept.AuthorizationFilter@588d2e90]]]]] or target class [null] with arguments {org.springframework.mock.web.MockHttpServletRequest@51939207}
2023-11-28T22:11:58.674-05:00 DEBUG 27472 --- [           main] o.s.test.util.ReflectionTestUtils        : Invoking method 'getFilters' on target object [FilterChainProxy[Filter Chains: [DefaultSecurityFilterChain [RequestMatcher=any request, Filters=[org.springframework.security.web.session.DisableEncodeUrlFilter@120e3ebb, org.springframework.security.web.session.ForceEagerSessionCreationFilter@753f1c3e, org.springframework.security.web.context.request.async.WebAsyncManagerIntegrationFilter@5e9af5d4, org.springframework.security.web.context.SecurityContextHolderFilter@1d18e5ad, org.springframework.security.web.header.HeaderWriterFilter@73b68d98, org.springframework.web.filter.CorsFilter@7863e6b2, org.springframework.security.web.authentication.logout.LogoutFilter@1e5a8278, JWTAuthorizationFilter(loginService=com.cash_flow_app.apicashflow.entities_repositories_and_services.base.security.LoginService@508b9c16), com.cash_flow_app.apicashflow.entities_repositories_and_services.base.security.JWTAuthenticationFilter@6fd2b939, org.springframework.security.web.savedrequest.RequestCacheAwareFilter@11def039, org.springframework.security.web.servletapi.SecurityContextHolderAwareRequestFilter@564375d7, org.springframework.security.web.authentication.AnonymousAuthenticationFilter@c4aa99e, org.springframework.security.web.session.SessionManagementFilter@69af6978, org.springframework.security.web.access.ExceptionTranslationFilter@4469046b, org.springframework.security.web.access.intercept.AuthorizationFilter@588d2e90]]]]] or target class [null] with arguments {org.springframework.mock.web.MockHttpServletRequest@51939207}
2023-11-28T22:11:58.674-05:00 DEBUG 27472 --- [           main] o.s.test.util.ReflectionTestUtils        : Invoking method 'getFilters' on target object [FilterChainProxy[Filter Chains: [DefaultSecurityFilterChain [RequestMatcher=any request, Filters=[org.springframework.security.web.session.DisableEncodeUrlFilter@120e3ebb, org.springframework.security.web.session.ForceEagerSessionCreationFilter@753f1c3e, org.springframework.security.web.context.request.async.WebAsyncManagerIntegrationFilter@5e9af5d4, org.springframework.security.web.context.SecurityContextHolderFilter@1d18e5ad, org.springframework.security.web.header.HeaderWriterFilter@73b68d98, org.springframework.web.filter.CorsFilter@7863e6b2, org.springframework.security.web.authentication.logout.LogoutFilter@1e5a8278, JWTAuthorizationFilter(loginService=com.cash_flow_app.apicashflow.entities_repositories_and_services.base.security.LoginService@508b9c16), com.cash_flow_app.apicashflow.entities_repositories_and_services.base.security.JWTAuthenticationFilter@6fd2b939, org.springframework.security.web.savedrequest.RequestCacheAwareFilter@11def039, org.springframework.security.web.servletapi.SecurityContextHolderAwareRequestFilter@564375d7, org.springframework.security.web.authentication.AnonymousAuthenticationFilter@c4aa99e, org.springframework.security.web.session.SessionManagementFilter@69af6978, org.springframework.security.web.access.ExceptionTranslationFilter@4469046b, org.springframework.security.web.access.intercept.AuthorizationFilter@588d2e90]]]]] or target class [null] with arguments {org.springframework.mock.web.MockHttpServletRequest@51939207}
2023-11-28T22:11:58.674-05:00 DEBUG 27472 --- [           main] o.s.security.web.FilterChainProxy        : Securing POST /api/v1/account/create
2023-11-28T22:11:58.674-05:00 DEBUG 27472 --- [           main] .s.s.w.s.ForceEagerSessionCreationFilter : Created session eagerly
2023-11-28T22:11:58.675-05:00 DEBUG 27472 --- [           main] org.hibernate.orm.sql.ast.create         : Created new SQL alias : u1_0
2023-11-28T22:11:58.675-05:00 DEBUG 27472 --- [           main] org.hibernate.orm.sql.ast.create         : Registration of TableGroup [StandardTableGroup(com.cash_flow_app.apicashflow.entities_repositories_and_services.base.user.User(35202153502500))] with identifierForTableGroup [com.cash_flow_app.apicashflow.entities_repositories_and_services.base.user.User] for NavigablePath [com.cash_flow_app.apicashflow.entities_repositories_and_services.base.user.User] 
2023-11-28T22:11:58.675-05:00 DEBUG 27472 --- [           main] o.h.q.sqm.sql.BaseSqmToSqlAstConverter   : Determining mapping-model type for SqmParameter : org.hibernate.query.sqm.tree.expression.SqmJpaCriteriaParameterWrapper@5f914d68
2023-11-28T22:11:58.675-05:00 DEBUG 27472 --- [           main] o.h.q.sqm.sql.BaseSqmToSqlAstConverter   : Determining mapping-model type for SqmPath : SqmBasicValuedSimplePath(com.cash_flow_app.apicashflow.entities_repositories_and_services.base.user.User(35202153502500).username) 
2023-11-28T22:11:58.675-05:00 DEBUG 27472 --- [           main] org.hibernate.orm.results.graph.AST      : DomainResult Graph:
 \-EntityResultImpl [com.cash_flow_app.apicashflow.entities_repositories_and_services.base.user.User(35202153502500)]
 |  +-SelectEagerCollectionFetch [com.cash_flow_app.apicashflow.entities_repositories_and_services.base.user.User(35202153502500).accounts]
 |  +-SelectEagerCollectionFetch [com.cash_flow_app.apicashflow.entities_repositories_and_services.base.user.User(35202153502500).authorities]
 |  +-BasicFetch [com.cash_flow_app.apicashflow.entities_repositories_and_services.base.user.User(35202153502500).password]
 |  \-BasicFetch [com.cash_flow_app.apicashflow.entities_repositories_and_services.base.user.User(35202153502500).username]

2023-11-28T22:11:58.675-05:00 DEBUG 27472 --- [           main] org.hibernate.orm.sql.ast.tree           : SQL AST Tree:
    SelectStatement {
      FromClause {
        StandardTableGroup (u1 : com.cash_flow_app.apicashflow.entities_repositories_and_services.base.user.User(35202153502500)) {
          primaryTableReference : users as u1_0
        }
      }
    }

2023-11-28T22:11:58.675-05:00 DEBUG 27472 --- [           main] o.h.e.i.AbstractFlushingEventListener    : Processing flush-time cascades
2023-11-28T22:11:58.675-05:00 DEBUG 27472 --- [           main] o.h.e.i.AbstractFlushingEventListener    : Dirty checking collections
2023-11-28T22:11:58.675-05:00 DEBUG 27472 --- [           main] o.hibernate.engine.internal.Collections  : Collection found: [com.cash_flow_app.apicashflow.entities_repositories_and_services.base.user.User.authorities#8fff23a8-a0c1-4d98-8e91-945c089641d6], was: [com.cash_flow_app.apicashflow.entities_repositories_and_services.base.user.User.authorities#8fff23a8-a0c1-4d98-8e91-945c089641d6] (initialized)
2023-11-28T22:11:58.675-05:00 DEBUG 27472 --- [           main] o.hibernate.engine.internal.Collections  : Collection dereferenced: [com.cash_flow_app.apicashflow.entities_repositories_and_services.base.user.User.accounts#8fff23a8-a0c1-4d98-8e91-945c089641d6]
2023-11-28T22:11:58.675-05:00 DEBUG 27472 --- [           main] o.h.e.i.AbstractFlushingEventListener    : Flushed: 0 insertions, 0 updates, 0 deletions to 9 objects
2023-11-28T22:11:58.675-05:00 DEBUG 27472 --- [           main] o.h.e.i.AbstractFlushingEventListener    : Flushed: 0 (re)creations, 0 updates, 1 removals to 2 collections
2023-11-28T22:11:58.675-05:00 DEBUG 27472 --- [           main] o.hibernate.internal.util.EntityPrinter  : Listing entities:
2023-11-28T22:11:58.675-05:00 DEBUG 27472 --- [           main] o.hibernate.internal.util.EntityPrinter  : com.cash_flow_app.apicashflow.entities_repositories_and_services.base.authority.Authority{endpoint=User, permission=CREATE, id=f4f135be-a2b5-48d1-a9d0-2b14e82cc373}
2023-11-28T22:11:58.675-05:00 DEBUG 27472 --- [           main] o.hibernate.internal.util.EntityPrinter  : com.cash_flow_app.apicashflow.entities_repositories_and_services.base.authority.Authority{endpoint=User, permission=READ, id=35481739-2447-454f-8ec3-daf467bb2ae5}
2023-11-28T22:11:58.675-05:00 DEBUG 27472 --- [           main] o.hibernate.internal.util.EntityPrinter  : com.cash_flow_app.apicashflow.entities_repositories_and_services.base.authority.Authority{endpoint=IncomeExpense, permission=CREATE, id=4de61a19-9cab-469d-856c-169a503a3f70}
2023-11-28T22:11:58.675-05:00 DEBUG 27472 --- [           main] o.hibernate.internal.util.EntityPrinter  : com.cash_flow_app.apicashflow.entities_repositories_and_services.base.authority.Authority{endpoint=Account, permission=DELETE, id=363894b3-8bdc-4764-ad13-d91f872e1a95}
2023-11-28T22:11:58.675-05:00 DEBUG 27472 --- [           main] o.hibernate.internal.util.EntityPrinter  : com.cash_flow_app.apicashflow.entities_repositories_and_services.base.authority.Authority{endpoint=IncomeExpense, permission=DELETE, id=51c645c0-dc8a-45f9-88d1-533e63701dbe}
2023-11-28T22:11:58.675-05:00 DEBUG 27472 --- [           main] o.hibernate.internal.util.EntityPrinter  : com.cash_flow_app.apicashflow.entities_repositories_and_services.base.authority.Authority{endpoint=Account, permission=CREATE, id=9aaf7d40-45f6-4ab6-90a9-a23f4c1b5f2f}
2023-11-28T22:11:58.675-05:00 DEBUG 27472 --- [           main] o.hibernate.internal.util.EntityPrinter  : com.cash_flow_app.apicashflow.entities_repositories_and_services.base.user.User{password=$2a$10$LtXeFZ3nGaLRX490OhhtvOZXpId4h2B4d.rH/LhUbbO58aXfwT8jS, id=8fff23a8-a0c1-4d98-8e91-945c089641d6, accounts=null, authorities=[com.cash_flow_app.apicashflow.entities_repositories_and_services.base.authority.Authority#9aaf7d40-45f6-4ab6-90a9-a23f4c1b5f2f, com.cash_flow_app.apicashflow.entities_repositories_and_services.base.authority.Authority#b14a62f4-d04f-422a-a2a3-1f80e2635352, com.cash_flow_app.apicashflow.entities_repositories_and_services.base.authority.Authority#363894b3-8bdc-4764-ad13-d91f872e1a95, com.cash_flow_app.apicashflow.entities_repositories_and_services.base.authority.Authority#f4f135be-a2b5-48d1-a9d0-2b14e82cc373, com.cash_flow_app.apicashflow.entities_repositories_and_services.base.authority.Authority#35481739-2447-454f-8ec3-daf467bb2ae5, com.cash_flow_app.apicashflow.entities_repositories_and_services.base.authority.Authority#4de61a19-9cab-469d-856c-169a503a3f70, com.cash_flow_app.apicashflow.entities_repositories_and_services.base.authority.Authority#af9e383e-4459-4719-802e-94a22944b4b7, com.cash_flow_app.apicashflow.entities_repositories_and_services.base.authority.Authority#51c645c0-dc8a-45f9-88d1-533e63701dbe], username=usuario_test}
2023-11-28T22:11:58.675-05:00 DEBUG 27472 --- [           main] o.hibernate.internal.util.EntityPrinter  : com.cash_flow_app.apicashflow.entities_repositories_and_services.base.authority.Authority{endpoint=Account, permission=READ, id=b14a62f4-d04f-422a-a2a3-1f80e2635352}
2023-11-28T22:11:58.675-05:00 DEBUG 27472 --- [           main] o.hibernate.internal.util.EntityPrinter  : com.cash_flow_app.apicashflow.entities_repositories_and_services.base.authority.Authority{endpoint=IncomeExpense, permission=READ, id=af9e383e-4459-4719-802e-94a22944b4b7}
2023-11-28T22:11:58.675-05:00 DEBUG 27472 --- [           main] org.hibernate.orm.sql.exec               : Skipping reading Query result cache data: cache-enabled = false, cache-mode = NORMAL
2023-11-28T22:11:58.676-05:00 DEBUG 27472 --- [           main] org.hibernate.orm.results                : Initializer list
2023-11-28T22:11:58.676-05:00 DEBUG 27472 --- [           main] org.hibernate.orm.results                :     com.cash_flow_app.apicashflow.entities_repositories_and_services.base.user.User(35202153502500).accounts -> SelectEagerCollectionInitializer(com.cash_flow_app.apicashflow.entities_repositories_and_services.base.user.User(35202153502500).accounts)@141020821 (PluralAttribute(com.cash_flow_app.apicashflow.entities_repositories_and_services.base.user.User.accounts))
2023-11-28T22:11:58.676-05:00 DEBUG 27472 --- [           main] org.hibernate.orm.results                :     com.cash_flow_app.apicashflow.entities_repositories_and_services.base.user.User(35202153502500).authorities -> SelectEagerCollectionInitializer(com.cash_flow_app.apicashflow.entities_repositories_and_services.base.user.User(35202153502500).authorities)@1565014268 (PluralAttribute(com.cash_flow_app.apicashflow.entities_repositories_and_services.base.user.User.authorities))
2023-11-28T22:11:58.676-05:00 DEBUG 27472 --- [           main] org.hibernate.orm.results                :     com.cash_flow_app.apicashflow.entities_repositories_and_services.base.user.User(35202153502500) -> EntityResultInitializer(com.cash_flow_app.apicashflow.entities_repositories_and_services.base.user.User(35202153502500))@1486395980 (SingleTableEntityPersister(com.cash_flow_app.apicashflow.entities_repositories_and_services.base.user.User))
2023-11-28T22:11:58.676-05:00 DEBUG 27472 --- [           main] org.hibernate.SQL                        : 
    select
        u1_0.id,
        u1_0.password,
        u1_0.username 
    from
        users u1_0 
    where
        u1_0.username=?
2023-11-28T22:11:58.676-05:00 DEBUG 27472 --- [           main] org.hibernate.orm.results                : Extracted JDBC value [0] - [8fff23a8-a0c1-4d98-8e91-945c089641d6]
2023-11-28T22:11:58.676-05:00 DEBUG 27472 --- [           main] o.hibernate.orm.results.loading.entity   : (EntityResultInitializer) Hydrated EntityKey (com.cash_flow_app.apicashflow.entities_repositories_and_services.base.user.User(35202153502500)): 8fff23a8-a0c1-4d98-8e91-945c089641d6
2023-11-28T22:11:58.676-05:00 DEBUG 27472 --- [           main] o.h.o.r.l.o.h.o.r.loading.collection     : (DelayedCollectionInitializer) Current row collection key : com.cash_flow_app.apicashflow.entities_repositories_and_services.base.user.User(35202153502500).accounts#8fff23a8-a0c1-4d98-8e91-945c089641d6
2023-11-28T22:11:58.676-05:00 DEBUG 27472 --- [           main] o.h.o.r.l.o.h.o.r.loading.collection     : (DelayedCollectionInitializer) Current row collection key : com.cash_flow_app.apicashflow.entities_repositories_and_services.base.user.User(35202153502500).authorities#8fff23a8-a0c1-4d98-8e91-945c089641d6
2023-11-28T22:11:58.676-05:00 DEBUG 27472 --- [           main] org.hibernate.orm.results.loading        : Calling top-level assembler (0 / 1) : org.hibernate.sql.results.graph.entity.internal.EntityAssembler@bb51961
2023-11-28T22:11:58.676-05:00 DEBUG 27472 --- [           main] .s.ChangeSessionIdAuthenticationStrategy : Changed session id from 62
2023-11-28T22:11:58.676-05:00 DEBUG 27472 --- [           main] w.c.HttpSessionSecurityContextRepository : Stored SecurityContextImpl [Authentication=UsernamePasswordAuthenticationToken [Principal=usuario_test, Credentials=[PROTECTED], Authenticated=true, Details=null, Granted Authorities=[ENDPOINT_ACCOUNT_PERMISSION_CREATE, ENDPOINT_ACCOUNT_PERMISSION_READ, ENDPOINT_ACCOUNT_PERMISSION_DELETE, ENDPOINT_USER_PERMISSION_CREATE, ENDPOINT_USER_PERMISSION_READ, ENDPOINT_INCOMEEXPENSE_PERMISSION_CREATE, ENDPOINT_INCOMEEXPENSE_PERMISSION_READ, ENDPOINT_INCOMEEXPENSE_PERMISSION_DELETE]]] to HttpSession [org.springframework.mock.web.MockHttpSession@1763a8a1]
2023-11-28T22:11:58.676-05:00 DEBUG 27472 --- [           main] s.w.s.m.m.a.RequestMappingHandlerMapping : Mapped to com.cash_flow_app.apicashflow.controller.AccountController#create(AccountDto)
2023-11-28T22:11:58.677-05:00 DEBUG 27472 --- [           main] o.s.security.web.FilterChainProxy        : Secured POST /api/v1/account/create
2023-11-28T22:11:58.677-05:00 DEBUG 27472 --- [           main] o.s.t.web.servlet.TestDispatcherServlet  : POST "/api/v1/account/create", parameters={masked}
2023-11-28T22:11:58.677-05:00 DEBUG 27472 --- [           main] s.w.s.m.m.a.RequestMappingHandlerMapping : Mapped to com.cash_flow_app.apicashflow.controller.AccountController#create(AccountDto)
2023-11-28T22:11:58.677-05:00 DEBUG 27472 --- [           main] m.m.a.RequestResponseBodyMethodProcessor : Read "application/json;charset=UTF-8" to [AccountDto(id=null, description=descripcion de cuenta, users=[usuario_test])]
2023-11-28T22:11:58.677-05:00 DEBUG 27472 --- [           main] o.s.orm.jpa.JpaTransactionManager        : Found thread-bound EntityManager [SessionImpl(1340832443<open>)] for JPA transaction
2023-11-28T22:11:58.677-05:00 DEBUG 27472 --- [           main] o.s.orm.jpa.JpaTransactionManager        : Participating in existing transaction
2023-11-28T22:11:58.677-05:00 DEBUG 27472 --- [           main] org.hibernate.orm.sql.ast.create         : Created new SQL alias : u1_0
2023-11-28T22:11:58.677-05:00 DEBUG 27472 --- [           main] org.hibernate.orm.sql.ast.create         : Registration of TableGroup [StandardTableGroup(com.cash_flow_app.apicashflow.entities_repositories_and_services.base.user.User(35202153502500))] with identifierForTableGroup [com.cash_flow_app.apicashflow.entities_repositories_and_services.base.user.User] for NavigablePath [com.cash_flow_app.apicashflow.entities_repositories_and_services.base.user.User] 
2023-11-28T22:11:58.678-05:00 DEBUG 27472 --- [           main] o.h.q.sqm.sql.BaseSqmToSqlAstConverter   : Determining mapping-model type for SqmParameter : org.hibernate.query.sqm.tree.expression.SqmJpaCriteriaParameterWrapper@2fb37f92
2023-11-28T22:11:58.678-05:00 DEBUG 27472 --- [           main] o.h.q.sqm.sql.BaseSqmToSqlAstConverter   : Determining mapping-model type for SqmPath : SqmBasicValuedSimplePath(com.cash_flow_app.apicashflow.entities_repositories_and_services.base.user.User(35202153502500).username) 
2023-11-28T22:11:58.678-05:00 DEBUG 27472 --- [           main] org.hibernate.orm.results.graph.AST      : DomainResult Graph:
 \-EntityResultImpl [com.cash_flow_app.apicashflow.entities_repositories_and_services.base.user.User(35202153502500)]
 |  +-SelectEagerCollectionFetch [com.cash_flow_app.apicashflow.entities_repositories_and_services.base.user.User(35202153502500).accounts]
 |  +-SelectEagerCollectionFetch [com.cash_flow_app.apicashflow.entities_repositories_and_services.base.user.User(35202153502500).authorities]
 |  +-BasicFetch [com.cash_flow_app.apicashflow.entities_repositories_and_services.base.user.User(35202153502500).password]
 |  \-BasicFetch [com.cash_flow_app.apicashflow.entities_repositories_and_services.base.user.User(35202153502500).username]

2023-11-28T22:11:58.678-05:00 DEBUG 27472 --- [           main] org.hibernate.orm.sql.ast.tree           : SQL AST Tree:
    SelectStatement {
      FromClause {
        StandardTableGroup (u1 : com.cash_flow_app.apicashflow.entities_repositories_and_services.base.user.User(35202153502500)) {
          primaryTableReference : users as u1_0
        }
      }
    }

2023-11-28T22:11:58.678-05:00 DEBUG 27472 --- [           main] o.h.e.i.AbstractFlushingEventListener    : Processing flush-time cascades
2023-11-28T22:11:58.678-05:00 DEBUG 27472 --- [           main] o.h.e.i.AbstractFlushingEventListener    : Dirty checking collections
2023-11-28T22:11:58.678-05:00 DEBUG 27472 --- [           main] o.hibernate.engine.internal.Collections  : Collection found: [com.cash_flow_app.apicashflow.entities_repositories_and_services.base.user.User.authorities#8fff23a8-a0c1-4d98-8e91-945c089641d6], was: [com.cash_flow_app.apicashflow.entities_repositories_and_services.base.user.User.authorities#8fff23a8-a0c1-4d98-8e91-945c089641d6] (initialized)
2023-11-28T22:11:58.678-05:00 DEBUG 27472 --- [           main] o.hibernate.engine.internal.Collections  : Collection dereferenced: [com.cash_flow_app.apicashflow.entities_repositories_and_services.base.user.User.accounts#8fff23a8-a0c1-4d98-8e91-945c089641d6]
2023-11-28T22:11:58.678-05:00 DEBUG 27472 --- [           main] o.h.e.i.AbstractFlushingEventListener    : Flushed: 0 insertions, 0 updates, 0 deletions to 9 objects
2023-11-28T22:11:58.678-05:00 DEBUG 27472 --- [           main] o.h.e.i.AbstractFlushingEventListener    : Flushed: 0 (re)creations, 0 updates, 1 removals to 2 collections
2023-11-28T22:11:58.678-05:00 DEBUG 27472 --- [           main] o.hibernate.internal.util.EntityPrinter  : Listing entities:
2023-11-28T22:11:58.678-05:00 DEBUG 27472 --- [           main] o.hibernate.internal.util.EntityPrinter  : com.cash_flow_app.apicashflow.entities_repositories_and_services.base.authority.Authority{endpoint=User, permission=CREATE, id=f4f135be-a2b5-48d1-a9d0-2b14e82cc373}
2023-11-28T22:11:58.678-05:00 DEBUG 27472 --- [           main] o.hibernate.internal.util.EntityPrinter  : com.cash_flow_app.apicashflow.entities_repositories_and_services.base.authority.Authority{endpoint=User, permission=READ, id=35481739-2447-454f-8ec3-daf467bb2ae5}
2023-11-28T22:11:58.678-05:00 DEBUG 27472 --- [           main] o.hibernate.internal.util.EntityPrinter  : com.cash_flow_app.apicashflow.entities_repositories_and_services.base.authority.Authority{endpoint=IncomeExpense, permission=CREATE, id=4de61a19-9cab-469d-856c-169a503a3f70}
2023-11-28T22:11:58.678-05:00 DEBUG 27472 --- [           main] o.hibernate.internal.util.EntityPrinter  : com.cash_flow_app.apicashflow.entities_repositories_and_services.base.authority.Authority{endpoint=Account, permission=DELETE, id=363894b3-8bdc-4764-ad13-d91f872e1a95}
2023-11-28T22:11:58.678-05:00 DEBUG 27472 --- [           main] o.hibernate.internal.util.EntityPrinter  : com.cash_flow_app.apicashflow.entities_repositories_and_services.base.authority.Authority{endpoint=IncomeExpense, permission=DELETE, id=51c645c0-dc8a-45f9-88d1-533e63701dbe}
2023-11-28T22:11:58.678-05:00 DEBUG 27472 --- [           main] o.hibernate.internal.util.EntityPrinter  : com.cash_flow_app.apicashflow.entities_repositories_and_services.base.authority.Authority{endpoint=Account, permission=CREATE, id=9aaf7d40-45f6-4ab6-90a9-a23f4c1b5f2f}
2023-11-28T22:11:58.678-05:00 DEBUG 27472 --- [           main] o.hibernate.internal.util.EntityPrinter  : com.cash_flow_app.apicashflow.entities_repositories_and_services.base.user.User{password=$2a$10$LtXeFZ3nGaLRX490OhhtvOZXpId4h2B4d.rH/LhUbbO58aXfwT8jS, id=8fff23a8-a0c1-4d98-8e91-945c089641d6, accounts=null, authorities=[com.cash_flow_app.apicashflow.entities_repositories_and_services.base.authority.Authority#9aaf7d40-45f6-4ab6-90a9-a23f4c1b5f2f, com.cash_flow_app.apicashflow.entities_repositories_and_services.base.authority.Authority#b14a62f4-d04f-422a-a2a3-1f80e2635352, com.cash_flow_app.apicashflow.entities_repositories_and_services.base.authority.Authority#363894b3-8bdc-4764-ad13-d91f872e1a95, com.cash_flow_app.apicashflow.entities_repositories_and_services.base.authority.Authority#f4f135be-a2b5-48d1-a9d0-2b14e82cc373, com.cash_flow_app.apicashflow.entities_repositories_and_services.base.authority.Authority#35481739-2447-454f-8ec3-daf467bb2ae5, com.cash_flow_app.apicashflow.entities_repositories_and_services.base.authority.Authority#4de61a19-9cab-469d-856c-169a503a3f70, com.cash_flow_app.apicashflow.entities_repositories_and_services.base.authority.Authority#af9e383e-4459-4719-802e-94a22944b4b7, com.cash_flow_app.apicashflow.entities_repositories_and_services.base.authority.Authority#51c645c0-dc8a-45f9-88d1-533e63701dbe], username=usuario_test}
2023-11-28T22:11:58.678-05:00 DEBUG 27472 --- [           main] o.hibernate.internal.util.EntityPrinter  : com.cash_flow_app.apicashflow.entities_repositories_and_services.base.authority.Authority{endpoint=Account, permission=READ, id=b14a62f4-d04f-422a-a2a3-1f80e2635352}
2023-11-28T22:11:58.678-05:00 DEBUG 27472 --- [           main] o.hibernate.internal.util.EntityPrinter  : com.cash_flow_app.apicashflow.entities_repositories_and_services.base.authority.Authority{endpoint=IncomeExpense, permission=READ, id=af9e383e-4459-4719-802e-94a22944b4b7}
2023-11-28T22:11:58.678-05:00 DEBUG 27472 --- [           main] org.hibernate.orm.sql.exec               : Skipping reading Query result cache data: cache-enabled = false, cache-mode = NORMAL
2023-11-28T22:11:58.678-05:00 DEBUG 27472 --- [           main] org.hibernate.orm.results                : Initializer list
2023-11-28T22:11:58.678-05:00 DEBUG 27472 --- [           main] org.hibernate.orm.results                :     com.cash_flow_app.apicashflow.entities_repositories_and_services.base.user.User(35202153502500).accounts -> SelectEagerCollectionInitializer(com.cash_flow_app.apicashflow.entities_repositories_and_services.base.user.User(35202153502500).accounts)@589565963 (PluralAttribute(com.cash_flow_app.apicashflow.entities_repositories_and_services.base.user.User.accounts))
2023-11-28T22:11:58.678-05:00 DEBUG 27472 --- [           main] org.hibernate.orm.results                :     com.cash_flow_app.apicashflow.entities_repositories_and_services.base.user.User(35202153502500).authorities -> SelectEagerCollectionInitializer(com.cash_flow_app.apicashflow.entities_repositories_and_services.base.user.User(35202153502500).authorities)@400532498 (PluralAttribute(com.cash_flow_app.apicashflow.entities_repositories_and_services.base.user.User.authorities))
2023-11-28T22:11:58.678-05:00 DEBUG 27472 --- [           main] org.hibernate.orm.results                :     com.cash_flow_app.apicashflow.entities_repositories_and_services.base.user.User(35202153502500) -> EntityResultInitializer(com.cash_flow_app.apicashflow.entities_repositories_and_services.base.user.User(35202153502500))@851934733 (SingleTableEntityPersister(com.cash_flow_app.apicashflow.entities_repositories_and_services.base.user.User))
2023-11-28T22:11:58.678-05:00 DEBUG 27472 --- [           main] org.hibernate.SQL                        : 
    select
        u1_0.id,
        u1_0.password,
        u1_0.username 
    from
        users u1_0 
    where
        u1_0.username=?
2023-11-28T22:11:58.678-05:00 DEBUG 27472 --- [           main] org.hibernate.orm.results                : Extracted JDBC value [0] - [8fff23a8-a0c1-4d98-8e91-945c089641d6]
2023-11-28T22:11:58.678-05:00 DEBUG 27472 --- [           main] o.hibernate.orm.results.loading.entity   : (EntityResultInitializer) Hydrated EntityKey (com.cash_flow_app.apicashflow.entities_repositories_and_services.base.user.User(35202153502500)): 8fff23a8-a0c1-4d98-8e91-945c089641d6
2023-11-28T22:11:58.678-05:00 DEBUG 27472 --- [           main] o.h.o.r.l.o.h.o.r.loading.collection     : (DelayedCollectionInitializer) Current row collection key : com.cash_flow_app.apicashflow.entities_repositories_and_services.base.user.User(35202153502500).accounts#8fff23a8-a0c1-4d98-8e91-945c089641d6
2023-11-28T22:11:58.678-05:00 DEBUG 27472 --- [           main] o.h.o.r.l.o.h.o.r.loading.collection     : (DelayedCollectionInitializer) Current row collection key : com.cash_flow_app.apicashflow.entities_repositories_and_services.base.user.User(35202153502500).authorities#8fff23a8-a0c1-4d98-8e91-945c089641d6
2023-11-28T22:11:58.678-05:00 DEBUG 27472 --- [           main] org.hibernate.orm.results.loading        : Calling top-level assembler (0 / 1) : org.hibernate.sql.results.graph.entity.internal.EntityAssembler@36891524
2023-11-28T22:11:58.679-05:00 DEBUG 27472 --- [           main] org.hibernate.orm.sql.ast.create         : Created new SQL alias : u1_0
2023-11-28T22:11:58.679-05:00 DEBUG 27472 --- [           main] org.hibernate.orm.sql.ast.create         : Registration of TableGroup [StandardTableGroup(com.cash_flow_app.apicashflow.entities_repositories_and_services.base.user.User(35202153502500))] with identifierForTableGroup [com.cash_flow_app.apicashflow.entities_repositories_and_services.base.user.User] for NavigablePath [com.cash_flow_app.apicashflow.entities_repositories_and_services.base.user.User] 
2023-11-28T22:11:58.679-05:00 DEBUG 27472 --- [           main] o.h.q.sqm.sql.BaseSqmToSqlAstConverter   : Determining mapping-model type for SqmParameter : org.hibernate.query.sqm.tree.expression.SqmJpaCriteriaParameterWrapper@3fb732ee
2023-11-28T22:11:58.679-05:00 DEBUG 27472 --- [           main] o.h.q.sqm.sql.BaseSqmToSqlAstConverter   : Determining mapping-model type for SqmPath : SqmBasicValuedSimplePath(com.cash_flow_app.apicashflow.entities_repositories_and_services.base.user.User(35202153502500).username) 
2023-11-28T22:11:58.679-05:00 DEBUG 27472 --- [           main] org.hibernate.orm.results.graph.AST      : DomainResult Graph:
 \-EntityResultImpl [com.cash_flow_app.apicashflow.entities_repositories_and_services.base.user.User(35202153502500)]
 |  +-SelectEagerCollectionFetch [com.cash_flow_app.apicashflow.entities_repositories_and_services.base.user.User(35202153502500).accounts]
 |  +-SelectEagerCollectionFetch [com.cash_flow_app.apicashflow.entities_repositories_and_services.base.user.User(35202153502500).authorities]
 |  +-BasicFetch [com.cash_flow_app.apicashflow.entities_repositories_and_services.base.user.User(35202153502500).password]
 |  \-BasicFetch [com.cash_flow_app.apicashflow.entities_repositories_and_services.base.user.User(35202153502500).username]

2023-11-28T22:11:58.679-05:00 DEBUG 27472 --- [           main] org.hibernate.orm.sql.ast.tree           : SQL AST Tree:
    SelectStatement {
      FromClause {
        StandardTableGroup (u1 : com.cash_flow_app.apicashflow.entities_repositories_and_services.base.user.User(35202153502500)) {
          primaryTableReference : users as u1_0
        }
      }
    }

2023-11-28T22:11:58.679-05:00 DEBUG 27472 --- [           main] o.h.e.i.AbstractFlushingEventListener    : Processing flush-time cascades
2023-11-28T22:11:58.679-05:00 DEBUG 27472 --- [           main] o.h.e.i.AbstractFlushingEventListener    : Dirty checking collections
2023-11-28T22:11:58.679-05:00 DEBUG 27472 --- [           main] o.hibernate.engine.internal.Collections  : Collection found: [com.cash_flow_app.apicashflow.entities_repositories_and_services.base.user.User.authorities#8fff23a8-a0c1-4d98-8e91-945c089641d6], was: [com.cash_flow_app.apicashflow.entities_repositories_and_services.base.user.User.authorities#8fff23a8-a0c1-4d98-8e91-945c089641d6] (initialized)
2023-11-28T22:11:58.679-05:00 DEBUG 27472 --- [           main] o.hibernate.engine.internal.Collections  : Collection dereferenced: [com.cash_flow_app.apicashflow.entities_repositories_and_services.base.user.User.accounts#8fff23a8-a0c1-4d98-8e91-945c089641d6]
2023-11-28T22:11:58.679-05:00 DEBUG 27472 --- [           main] o.h.e.i.AbstractFlushingEventListener    : Flushed: 0 insertions, 0 updates, 0 deletions to 9 objects
2023-11-28T22:11:58.679-05:00 DEBUG 27472 --- [           main] o.h.e.i.AbstractFlushingEventListener    : Flushed: 0 (re)creations, 0 updates, 1 removals to 2 collections
2023-11-28T22:11:58.679-05:00 DEBUG 27472 --- [           main] o.hibernate.internal.util.EntityPrinter  : Listing entities:
2023-11-28T22:11:58.679-05:00 DEBUG 27472 --- [           main] o.hibernate.internal.util.EntityPrinter  : com.cash_flow_app.apicashflow.entities_repositories_and_services.base.authority.Authority{endpoint=User, permission=CREATE, id=f4f135be-a2b5-48d1-a9d0-2b14e82cc373}
2023-11-28T22:11:58.679-05:00 DEBUG 27472 --- [           main] o.hibernate.internal.util.EntityPrinter  : com.cash_flow_app.apicashflow.entities_repositories_and_services.base.authority.Authority{endpoint=User, permission=READ, id=35481739-2447-454f-8ec3-daf467bb2ae5}
2023-11-28T22:11:58.679-05:00 DEBUG 27472 --- [           main] o.hibernate.internal.util.EntityPrinter  : com.cash_flow_app.apicashflow.entities_repositories_and_services.base.authority.Authority{endpoint=IncomeExpense, permission=CREATE, id=4de61a19-9cab-469d-856c-169a503a3f70}
2023-11-28T22:11:58.679-05:00 DEBUG 27472 --- [           main] o.hibernate.internal.util.EntityPrinter  : com.cash_flow_app.apicashflow.entities_repositories_and_services.base.authority.Authority{endpoint=Account, permission=DELETE, id=363894b3-8bdc-4764-ad13-d91f872e1a95}
2023-11-28T22:11:58.679-05:00 DEBUG 27472 --- [           main] o.hibernate.internal.util.EntityPrinter  : com.cash_flow_app.apicashflow.entities_repositories_and_services.base.authority.Authority{endpoint=IncomeExpense, permission=DELETE, id=51c645c0-dc8a-45f9-88d1-533e63701dbe}
2023-11-28T22:11:58.679-05:00 DEBUG 27472 --- [           main] o.hibernate.internal.util.EntityPrinter  : com.cash_flow_app.apicashflow.entities_repositories_and_services.base.authority.Authority{endpoint=Account, permission=CREATE, id=9aaf7d40-45f6-4ab6-90a9-a23f4c1b5f2f}
2023-11-28T22:11:58.679-05:00 DEBUG 27472 --- [           main] o.hibernate.internal.util.EntityPrinter  : com.cash_flow_app.apicashflow.entities_repositories_and_services.base.user.User{password=$2a$10$LtXeFZ3nGaLRX490OhhtvOZXpId4h2B4d.rH/LhUbbO58aXfwT8jS, id=8fff23a8-a0c1-4d98-8e91-945c089641d6, accounts=null, authorities=[com.cash_flow_app.apicashflow.entities_repositories_and_services.base.authority.Authority#9aaf7d40-45f6-4ab6-90a9-a23f4c1b5f2f, com.cash_flow_app.apicashflow.entities_repositories_and_services.base.authority.Authority#b14a62f4-d04f-422a-a2a3-1f80e2635352, com.cash_flow_app.apicashflow.entities_repositories_and_services.base.authority.Authority#363894b3-8bdc-4764-ad13-d91f872e1a95, com.cash_flow_app.apicashflow.entities_repositories_and_services.base.authority.Authority#f4f135be-a2b5-48d1-a9d0-2b14e82cc373, com.cash_flow_app.apicashflow.entities_repositories_and_services.base.authority.Authority#35481739-2447-454f-8ec3-daf467bb2ae5, com.cash_flow_app.apicashflow.entities_repositories_and_services.base.authority.Authority#4de61a19-9cab-469d-856c-169a503a3f70, com.cash_flow_app.apicashflow.entities_repositories_and_services.base.authority.Authority#af9e383e-4459-4719-802e-94a22944b4b7, com.cash_flow_app.apicashflow.entities_repositories_and_services.base.authority.Authority#51c645c0-dc8a-45f9-88d1-533e63701dbe], username=usuario_test}
2023-11-28T22:11:58.679-05:00 DEBUG 27472 --- [           main] o.hibernate.internal.util.EntityPrinter  : com.cash_flow_app.apicashflow.entities_repositories_and_services.base.authority.Authority{endpoint=Account, permission=READ, id=b14a62f4-d04f-422a-a2a3-1f80e2635352}
2023-11-28T22:11:58.679-05:00 DEBUG 27472 --- [           main] o.hibernate.internal.util.EntityPrinter  : com.cash_flow_app.apicashflow.entities_repositories_and_services.base.authority.Authority{endpoint=IncomeExpense, permission=READ, id=af9e383e-4459-4719-802e-94a22944b4b7}
2023-11-28T22:11:58.679-05:00 DEBUG 27472 --- [           main] org.hibernate.orm.sql.exec               : Skipping reading Query result cache data: cache-enabled = false, cache-mode = NORMAL
2023-11-28T22:11:58.679-05:00 DEBUG 27472 --- [           main] org.hibernate.orm.results                : Initializer list
2023-11-28T22:11:58.679-05:00 DEBUG 27472 --- [           main] org.hibernate.orm.results                :     com.cash_flow_app.apicashflow.entities_repositories_and_services.base.user.User(35202153502500).accounts -> SelectEagerCollectionInitializer(com.cash_flow_app.apicashflow.entities_repositories_and_services.base.user.User(35202153502500).accounts)@2102360747 (PluralAttribute(com.cash_flow_app.apicashflow.entities_repositories_and_services.base.user.User.accounts))
2023-11-28T22:11:58.679-05:00 DEBUG 27472 --- [           main] org.hibernate.orm.results                :     com.cash_flow_app.apicashflow.entities_repositories_and_services.base.user.User(35202153502500).authorities -> SelectEagerCollectionInitializer(com.cash_flow_app.apicashflow.entities_repositories_and_services.base.user.User(35202153502500).authorities)@2078869422 (PluralAttribute(com.cash_flow_app.apicashflow.entities_repositories_and_services.base.user.User.authorities))
2023-11-28T22:11:58.679-05:00 DEBUG 27472 --- [           main] org.hibernate.orm.results                :     com.cash_flow_app.apicashflow.entities_repositories_and_services.base.user.User(35202153502500) -> EntityResultInitializer(com.cash_flow_app.apicashflow.entities_repositories_and_services.base.user.User(35202153502500))@515774409 (SingleTableEntityPersister(com.cash_flow_app.apicashflow.entities_repositories_and_services.base.user.User))
2023-11-28T22:11:58.679-05:00 DEBUG 27472 --- [           main] org.hibernate.SQL                        : 
    select
        u1_0.id,
        u1_0.password,
        u1_0.username 
    from
        users u1_0 
    where
        u1_0.username=?
2023-11-28T22:11:58.679-05:00 DEBUG 27472 --- [           main] org.hibernate.orm.results                : Extracted JDBC value [0] - [8fff23a8-a0c1-4d98-8e91-945c089641d6]
2023-11-28T22:11:58.679-05:00 DEBUG 27472 --- [           main] o.hibernate.orm.results.loading.entity   : (EntityResultInitializer) Hydrated EntityKey (com.cash_flow_app.apicashflow.entities_repositories_and_services.base.user.User(35202153502500)): 8fff23a8-a0c1-4d98-8e91-945c089641d6
2023-11-28T22:11:58.679-05:00 DEBUG 27472 --- [           main] o.h.o.r.l.o.h.o.r.loading.collection     : (DelayedCollectionInitializer) Current row collection key : com.cash_flow_app.apicashflow.entities_repositories_and_services.base.user.User(35202153502500).accounts#8fff23a8-a0c1-4d98-8e91-945c089641d6
2023-11-28T22:11:58.679-05:00 DEBUG 27472 --- [           main] o.h.o.r.l.o.h.o.r.loading.collection     : (DelayedCollectionInitializer) Current row collection key : com.cash_flow_app.apicashflow.entities_repositories_and_services.base.user.User(35202153502500).authorities#8fff23a8-a0c1-4d98-8e91-945c089641d6
2023-11-28T22:11:58.679-05:00 DEBUG 27472 --- [           main] org.hibernate.orm.results.loading        : Calling top-level assembler (0 / 1) : org.hibernate.sql.results.graph.entity.internal.EntityAssembler@23a24fea
2023-11-28T22:11:58.680-05:00 DEBUG 27472 --- [           main] o.s.orm.jpa.JpaTransactionManager        : Found thread-bound EntityManager [SessionImpl(1340832443<open>)] for JPA transaction
2023-11-28T22:11:58.680-05:00 DEBUG 27472 --- [           main] o.s.orm.jpa.JpaTransactionManager        : Participating in existing transaction
2023-11-28T22:11:58.680-05:00 DEBUG 27472 --- [           main] o.h.j.internal.PersistenceUnitUtilImpl   : jakarta.persistence.PersistenceUnitUtil.getIdentifier is only intended to work with enhanced entities (although Hibernate also adapts this support to its proxies); however the passed entity was not enhanced (nor a proxy).. may not be able to read identifier
2023-11-28T22:11:58.680-05:00 DEBUG 27472 --- [           main] o.h.e.i.AbstractSaveEventListener        : Generated identifier: 57b5700c-c7e3-462d-bdf4-c8b27ef53a22, using strategy: org.hibernate.id.UUIDGenerator
2023-11-28T22:11:58.680-05:00 DEBUG 27472 --- [           main] o.s.w.s.m.m.a.HttpEntityMethodProcessor  : Using 'application/json', given [*/*] and supported [application/json, application/*+json]
2023-11-28T22:11:58.680-05:00 DEBUG 27472 --- [           main] o.s.w.s.m.m.a.HttpEntityMethodProcessor  : Writing [AccountDto(id=57b5700c-c7e3-462d-bdf4-c8b27ef53a22, description=descripcion de cuenta, users=[usuari (truncated)...]
2023-11-28T22:11:58.680-05:00 DEBUG 27472 --- [           main] o.s.t.web.servlet.TestDispatcherServlet  : Completed 200 OK
2023-11-28T22:11:58.681-05:00 DEBUG 27472 --- [           main] o.s.test.util.ReflectionTestUtils        : Invoking method 'getFilters' on target object [FilterChainProxy[Filter Chains: [DefaultSecurityFilterChain [RequestMatcher=any request, Filters=[org.springframework.security.web.session.DisableEncodeUrlFilter@120e3ebb, org.springframework.security.web.session.ForceEagerSessionCreationFilter@753f1c3e, org.springframework.security.web.context.request.async.WebAsyncManagerIntegrationFilter@5e9af5d4, org.springframework.security.web.context.SecurityContextHolderFilter@1d18e5ad, org.springframework.security.web.header.HeaderWriterFilter@73b68d98, org.springframework.web.filter.CorsFilter@7863e6b2, org.springframework.security.web.authentication.logout.LogoutFilter@1e5a8278, JWTAuthorizationFilter(loginService=com.cash_flow_app.apicashflow.entities_repositories_and_services.base.security.LoginService@508b9c16), com.cash_flow_app.apicashflow.entities_repositories_and_services.base.security.JWTAuthenticationFilter@6fd2b939, org.springframework.security.web.savedrequest.RequestCacheAwareFilter@11def039, org.springframework.security.web.servletapi.SecurityContextHolderAwareRequestFilter@564375d7, org.springframework.security.web.authentication.AnonymousAuthenticationFilter@c4aa99e, org.springframework.security.web.session.SessionManagementFilter@69af6978, org.springframework.security.web.access.ExceptionTranslationFilter@4469046b, org.springframework.security.web.access.intercept.AuthorizationFilter@588d2e90]]]]] or target class [null] with arguments {org.springframework.mock.web.MockHttpServletRequest@2ee17b74}
2023-11-28T22:11:58.681-05:00 DEBUG 27472 --- [           main] o.s.test.util.ReflectionTestUtils        : Invoking method 'getFilters' on target object [FilterChainProxy[Filter Chains: [DefaultSecurityFilterChain [RequestMatcher=any request, Filters=[org.springframework.security.web.session.DisableEncodeUrlFilter@120e3ebb, org.springframework.security.web.session.ForceEagerSessionCreationFilter@753f1c3e, org.springframework.security.web.context.request.async.WebAsyncManagerIntegrationFilter@5e9af5d4, org.springframework.security.web.context.SecurityContextHolderFilter@1d18e5ad, org.springframework.security.web.header.HeaderWriterFilter@73b68d98, org.springframework.web.filter.CorsFilter@7863e6b2, org.springframework.security.web.authentication.logout.LogoutFilter@1e5a8278, JWTAuthorizationFilter(loginService=com.cash_flow_app.apicashflow.entities_repositories_and_services.base.security.LoginService@508b9c16), com.cash_flow_app.apicashflow.entities_repositories_and_services.base.security.JWTAuthenticationFilter@6fd2b939, org.springframework.security.web.savedrequest.RequestCacheAwareFilter@11def039, org.springframework.security.web.servletapi.SecurityContextHolderAwareRequestFilter@564375d7, org.springframework.security.web.authentication.AnonymousAuthenticationFilter@c4aa99e, org.springframework.security.web.session.SessionManagementFilter@69af6978, org.springframework.security.web.access.ExceptionTranslationFilter@4469046b, org.springframework.security.web.access.intercept.AuthorizationFilter@588d2e90]]]]] or target class [null] with arguments {org.springframework.mock.web.MockHttpServletRequest@2ee17b74}
2023-11-28T22:11:58.681-05:00 DEBUG 27472 --- [           main] o.s.test.util.ReflectionTestUtils        : Invoking method 'getFilters' on target object [FilterChainProxy[Filter Chains: [DefaultSecurityFilterChain [RequestMatcher=any request, Filters=[org.springframework.security.web.session.DisableEncodeUrlFilter@120e3ebb, org.springframework.security.web.session.ForceEagerSessionCreationFilter@753f1c3e, org.springframework.security.web.context.request.async.WebAsyncManagerIntegrationFilter@5e9af5d4, org.springframework.security.web.context.SecurityContextHolderFilter@1d18e5ad, org.springframework.security.web.header.HeaderWriterFilter@73b68d98, org.springframework.web.filter.CorsFilter@7863e6b2, org.springframework.security.web.authentication.logout.LogoutFilter@1e5a8278, JWTAuthorizationFilter(loginService=com.cash_flow_app.apicashflow.entities_repositories_and_services.base.security.LoginService@508b9c16), com.cash_flow_app.apicashflow.entities_repositories_and_services.base.security.JWTAuthenticationFilter@6fd2b939, org.springframework.security.web.savedrequest.RequestCacheAwareFilter@11def039, org.springframework.security.web.servletapi.SecurityContextHolderAwareRequestFilter@564375d7, org.springframework.security.web.authentication.AnonymousAuthenticationFilter@c4aa99e, org.springframework.security.web.session.SessionManagementFilter@69af6978, org.springframework.security.web.access.ExceptionTranslationFilter@4469046b, org.springframework.security.web.access.intercept.AuthorizationFilter@588d2e90]]]]] or target class [null] with arguments {org.springframework.mock.web.MockHttpServletRequest@2ee17b74}
2023-11-28T22:11:58.681-05:00 DEBUG 27472 --- [           main] o.s.security.web.FilterChainProxy        : Securing POST /api/v1/income_expense/create
2023-11-28T22:11:58.681-05:00 DEBUG 27472 --- [           main] .s.s.w.s.ForceEagerSessionCreationFilter : Created session eagerly
2023-11-28T22:11:58.683-05:00 DEBUG 27472 --- [           main] org.hibernate.orm.sql.ast.create         : Created new SQL alias : u1_0
2023-11-28T22:11:58.683-05:00 DEBUG 27472 --- [           main] org.hibernate.orm.sql.ast.create         : Registration of TableGroup [StandardTableGroup(com.cash_flow_app.apicashflow.entities_repositories_and_services.base.user.User(35202153502500))] with identifierForTableGroup [com.cash_flow_app.apicashflow.entities_repositories_and_services.base.user.User] for NavigablePath [com.cash_flow_app.apicashflow.entities_repositories_and_services.base.user.User] 
2023-11-28T22:11:58.683-05:00 DEBUG 27472 --- [           main] o.h.q.sqm.sql.BaseSqmToSqlAstConverter   : Determining mapping-model type for SqmParameter : org.hibernate.query.sqm.tree.expression.SqmJpaCriteriaParameterWrapper@6b5e1db0
2023-11-28T22:11:58.683-05:00 DEBUG 27472 --- [           main] o.h.q.sqm.sql.BaseSqmToSqlAstConverter   : Determining mapping-model type for SqmPath : SqmBasicValuedSimplePath(com.cash_flow_app.apicashflow.entities_repositories_and_services.base.user.User(35202153502500).username) 
2023-11-28T22:11:58.683-05:00 DEBUG 27472 --- [           main] org.hibernate.orm.results.graph.AST      : DomainResult Graph:
 \-EntityResultImpl [com.cash_flow_app.apicashflow.entities_repositories_and_services.base.user.User(35202153502500)]
 |  +-SelectEagerCollectionFetch [com.cash_flow_app.apicashflow.entities_repositories_and_services.base.user.User(35202153502500).accounts]
 |  +-SelectEagerCollectionFetch [com.cash_flow_app.apicashflow.entities_repositories_and_services.base.user.User(35202153502500).authorities]
 |  +-BasicFetch [com.cash_flow_app.apicashflow.entities_repositories_and_services.base.user.User(35202153502500).password]
 |  \-BasicFetch [com.cash_flow_app.apicashflow.entities_repositories_and_services.base.user.User(35202153502500).username]

2023-11-28T22:11:58.683-05:00 DEBUG 27472 --- [           main] org.hibernate.orm.sql.ast.tree           : SQL AST Tree:
    SelectStatement {
      FromClause {
        StandardTableGroup (u1 : com.cash_flow_app.apicashflow.entities_repositories_and_services.base.user.User(35202153502500)) {
          primaryTableReference : users as u1_0
        }
      }
    }

2023-11-28T22:11:58.683-05:00 DEBUG 27472 --- [           main] o.h.e.i.AbstractFlushingEventListener    : Processing flush-time cascades
2023-11-28T22:11:58.683-05:00 DEBUG 27472 --- [           main] o.h.e.i.AbstractFlushingEventListener    : Dirty checking collections
2023-11-28T22:11:58.683-05:00 DEBUG 27472 --- [           main] o.hibernate.engine.internal.Collections  : Collection found: [com.cash_flow_app.apicashflow.entities_repositories_and_services.base.user.User.accounts#8fff23a8-a0c1-4d98-8e91-945c089641d6], was: [<unreferenced>] (initialized)
2023-11-28T22:11:58.683-05:00 DEBUG 27472 --- [           main] o.hibernate.engine.internal.Collections  : Collection found: [com.cash_flow_app.apicashflow.entities_repositories_and_services.base.user.User.authorities#8fff23a8-a0c1-4d98-8e91-945c089641d6], was: [com.cash_flow_app.apicashflow.entities_repositories_and_services.base.user.User.authorities#8fff23a8-a0c1-4d98-8e91-945c089641d6] (initialized)
2023-11-28T22:11:58.683-05:00 DEBUG 27472 --- [           main] o.hibernate.engine.internal.Collections  : Collection found: [com.cash_flow_app.apicashflow.entities_repositories_and_services.base.account.Account.users#57b5700c-c7e3-462d-bdf4-c8b27ef53a22], was: [<unreferenced>] (initialized)
2023-11-28T22:11:58.683-05:00 DEBUG 27472 --- [           main] o.hibernate.engine.internal.Collections  : Collection dereferenced: [com.cash_flow_app.apicashflow.entities_repositories_and_services.base.user.User.accounts#8fff23a8-a0c1-4d98-8e91-945c089641d6]
2023-11-28T22:11:58.683-05:00 DEBUG 27472 --- [           main] o.h.e.i.AbstractFlushingEventListener    : Flushed: 1 insertions, 1 updates, 0 deletions to 10 objects
2023-11-28T22:11:58.683-05:00 DEBUG 27472 --- [           main] o.h.e.i.AbstractFlushingEventListener    : Flushed: 2 (re)creations, 0 updates, 1 removals to 4 collections
2023-11-28T22:11:58.683-05:00 DEBUG 27472 --- [           main] o.hibernate.internal.util.EntityPrinter  : Listing entities:
2023-11-28T22:11:58.683-05:00 DEBUG 27472 --- [           main] o.hibernate.internal.util.EntityPrinter  : com.cash_flow_app.apicashflow.entities_repositories_and_services.base.authority.Authority{endpoint=User, permission=CREATE, id=f4f135be-a2b5-48d1-a9d0-2b14e82cc373}
2023-11-28T22:11:58.683-05:00 DEBUG 27472 --- [           main] o.hibernate.internal.util.EntityPrinter  : com.cash_flow_app.apicashflow.entities_repositories_and_services.base.authority.Authority{endpoint=User, permission=READ, id=35481739-2447-454f-8ec3-daf467bb2ae5}
2023-11-28T22:11:58.683-05:00 DEBUG 27472 --- [           main] o.hibernate.internal.util.EntityPrinter  : com.cash_flow_app.apicashflow.entities_repositories_and_services.base.account.Account{incomes_expenses=null, description=descripcion de cuenta, id=57b5700c-c7e3-462d-bdf4-c8b27ef53a22, users=[com.cash_flow_app.apicashflow.entities_repositories_and_services.base.user.User#8fff23a8-a0c1-4d98-8e91-945c089641d6, com.cash_flow_app.apicashflow.entities_repositories_and_services.base.user.User#8fff23a8-a0c1-4d98-8e91-945c089641d6]}
2023-11-28T22:11:58.683-05:00 DEBUG 27472 --- [           main] o.hibernate.internal.util.EntityPrinter  : com.cash_flow_app.apicashflow.entities_repositories_and_services.base.authority.Authority{endpoint=IncomeExpense, permission=CREATE, id=4de61a19-9cab-469d-856c-169a503a3f70}
2023-11-28T22:11:58.683-05:00 DEBUG 27472 --- [           main] o.hibernate.internal.util.EntityPrinter  : com.cash_flow_app.apicashflow.entities_repositories_and_services.base.authority.Authority{endpoint=Account, permission=DELETE, id=363894b3-8bdc-4764-ad13-d91f872e1a95}
2023-11-28T22:11:58.683-05:00 DEBUG 27472 --- [           main] o.hibernate.internal.util.EntityPrinter  : com.cash_flow_app.apicashflow.entities_repositories_and_services.base.authority.Authority{endpoint=IncomeExpense, permission=DELETE, id=51c645c0-dc8a-45f9-88d1-533e63701dbe}
2023-11-28T22:11:58.683-05:00 DEBUG 27472 --- [           main] o.hibernate.internal.util.EntityPrinter  : com.cash_flow_app.apicashflow.entities_repositories_and_services.base.authority.Authority{endpoint=Account, permission=CREATE, id=9aaf7d40-45f6-4ab6-90a9-a23f4c1b5f2f}
2023-11-28T22:11:58.683-05:00 DEBUG 27472 --- [           main] o.hibernate.internal.util.EntityPrinter  : com.cash_flow_app.apicashflow.entities_repositories_and_services.base.user.User{password=$2a$10$LtXeFZ3nGaLRX490OhhtvOZXpId4h2B4d.rH/LhUbbO58aXfwT8jS, id=8fff23a8-a0c1-4d98-8e91-945c089641d6, accounts=[com.cash_flow_app.apicashflow.entities_repositories_and_services.base.account.Account#57b5700c-c7e3-462d-bdf4-c8b27ef53a22, com.cash_flow_app.apicashflow.entities_repositories_and_services.base.account.Account#57b5700c-c7e3-462d-bdf4-c8b27ef53a22], authorities=[com.cash_flow_app.apicashflow.entities_repositories_and_services.base.authority.Authority#9aaf7d40-45f6-4ab6-90a9-a23f4c1b5f2f, com.cash_flow_app.apicashflow.entities_repositories_and_services.base.authority.Authority#b14a62f4-d04f-422a-a2a3-1f80e2635352, com.cash_flow_app.apicashflow.entities_repositories_and_services.base.authority.Authority#363894b3-8bdc-4764-ad13-d91f872e1a95, com.cash_flow_app.apicashflow.entities_repositories_and_services.base.authority.Authority#f4f135be-a2b5-48d1-a9d0-2b14e82cc373, com.cash_flow_app.apicashflow.entities_repositories_and_services.base.authority.Authority#35481739-2447-454f-8ec3-daf467bb2ae5, com.cash_flow_app.apicashflow.entities_repositories_and_services.base.authority.Authority#4de61a19-9cab-469d-856c-169a503a3f70, com.cash_flow_app.apicashflow.entities_repositories_and_services.base.authority.Authority#af9e383e-4459-4719-802e-94a22944b4b7, com.cash_flow_app.apicashflow.entities_repositories_and_services.base.authority.Authority#51c645c0-dc8a-45f9-88d1-533e63701dbe], username=usuario_test}
2023-11-28T22:11:58.683-05:00 DEBUG 27472 --- [           main] o.hibernate.internal.util.EntityPrinter  : com.cash_flow_app.apicashflow.entities_repositories_and_services.base.authority.Authority{endpoint=Account, permission=READ, id=b14a62f4-d04f-422a-a2a3-1f80e2635352}
2023-11-28T22:11:58.683-05:00 DEBUG 27472 --- [           main] o.hibernate.internal.util.EntityPrinter  : com.cash_flow_app.apicashflow.entities_repositories_and_services.base.authority.Authority{endpoint=IncomeExpense, permission=READ, id=af9e383e-4459-4719-802e-94a22944b4b7}
2023-11-28T22:11:58.683-05:00 DEBUG 27472 --- [           main] org.hibernate.engine.spi.ActionQueue     : Changes must be flushed to space: users
2023-11-28T22:11:58.683-05:00 DEBUG 27472 --- [           main] org.hibernate.SQL                        : 
    insert 
    into
        accounts
        (description, id) 
    values
        (?, ?)
2023-11-28T22:11:58.684-05:00 DEBUG 27472 --- [           main] o.h.p.c.AbstractCollectionPersister      : Inserting collection: [com.cash_flow_app.apicashflow.entities_repositories_and_services.base.user.User.accounts#8fff23a8-a0c1-4d98-8e91-945c089641d6]
2023-11-28T22:11:58.684-05:00 DEBUG 27472 --- [           main] org.hibernate.SQL                        : 
    insert 
    into
        user_account
        (user_id, account_id) 
    values
        (?, ?)
2023-11-28T22:11:58.684-05:00 DEBUG 27472 --- [           main] org.hibernate.SQL                        : 
    insert 
    into
        user_account
        (user_id, account_id) 
    values
        (?, ?)
2023-11-28T22:11:58.685-05:00 DEBUG 27472 --- [           main] o.h.engine.jdbc.spi.SqlExceptionHelper   : could not execute statement [n/a]

org.postgresql.util.PSQLException: ERROR: duplicate key value violates unique constraint "user_account_pkey"
  Detail: Key (user_id, account_id)=(8fff23a8-a0c1-4d98-8e91-945c089641d6, 57b5700c-c7e3-462d-bdf4-c8b27ef53a22) already exists.
	at org.postgresql.core.v3.QueryExecutorImpl.receiveErrorResponse(QueryExecutorImpl.java:2676) ~[postgresql-42.5.4.jar:42.5.4]
	at org.postgresql.core.v3.QueryExecutorImpl.processResults(QueryExecutorImpl.java:2366) ~[postgresql-42.5.4.jar:42.5.4]
	at org.postgresql.core.v3.QueryExecutorImpl.execute(QueryExecutorImpl.java:356) ~[postgresql-42.5.4.jar:42.5.4]
	at org.postgresql.jdbc.PgStatement.executeInternal(PgStatement.java:496) ~[postgresql-42.5.4.jar:42.5.4]
	at org.postgresql.jdbc.PgStatement.execute(PgStatement.java:413) ~[postgresql-42.5.4.jar:42.5.4]
	at org.postgresql.jdbc.PgPreparedStatement.executeWithFlags(PgPreparedStatement.java:190) ~[postgresql-42.5.4.jar:42.5.4]
	at org.postgresql.jdbc.PgPreparedStatement.executeUpdate(PgPreparedStatement.java:152) ~[postgresql-42.5.4.jar:42.5.4]
	at com.zaxxer.hikari.pool.ProxyPreparedStatement.executeUpdate(ProxyPreparedStatement.java:61) ~[HikariCP-5.0.1.jar:na]
	at com.zaxxer.hikari.pool.HikariProxyPreparedStatement.executeUpdate(HikariProxyPreparedStatement.java) ~[HikariCP-5.0.1.jar:na]
	at org.hibernate.engine.jdbc.internal.ResultSetReturnImpl.executeUpdate(ResultSetReturnImpl.java:197) ~[hibernate-core-6.1.7.Final.jar:6.1.7.Final]
	at org.hibernate.engine.jdbc.batch.internal.NonBatchingBatch.addToBatch(NonBatchingBatch.java:39) ~[hibernate-core-6.1.7.Final.jar:6.1.7.Final]
	at org.hibernate.persister.collection.AbstractCollectionPersister.recreate(AbstractCollectionPersister.java:1478) ~[hibernate-core-6.1.7.Final.jar:6.1.7.Final]
	at org.hibernate.action.internal.CollectionRecreateAction.execute(CollectionRecreateAction.java:47) ~[hibernate-core-6.1.7.Final.jar:6.1.7.Final]
	at org.hibernate.engine.spi.ActionQueue.executeActions(ActionQueue.java:612) ~[hibernate-core-6.1.7.Final.jar:6.1.7.Final]
	at org.hibernate.engine.spi.ActionQueue.lambda$executeActions$1(ActionQueue.java:483) ~[hibernate-core-6.1.7.Final.jar:6.1.7.Final]
	at java.base/java.util.LinkedHashMap.forEach(LinkedHashMap.java:729) ~[na:na]
	at org.hibernate.engine.spi.ActionQueue.executeActions(ActionQueue.java:480) ~[hibernate-core-6.1.7.Final.jar:6.1.7.Final]
	at org.hibernate.event.internal.AbstractFlushingEventListener.performExecutions(AbstractFlushingEventListener.java:329) ~[hibernate-core-6.1.7.Final.jar:6.1.7.Final]
	at org.hibernate.event.internal.DefaultAutoFlushEventListener.onAutoFlush(DefaultAutoFlushEventListener.java:55) ~[hibernate-core-6.1.7.Final.jar:6.1.7.Final]
	at org.hibernate.event.service.internal.EventListenerGroupImpl.fireEventOnEachListener(EventListenerGroupImpl.java:107) ~[hibernate-core-6.1.7.Final.jar:6.1.7.Final]
	at org.hibernate.internal.SessionImpl.autoFlushIfRequired(SessionImpl.java:1388) ~[hibernate-core-6.1.7.Final.jar:6.1.7.Final]
	at org.hibernate.query.sqm.internal.ConcreteSqmSelectQueryPlan.lambda$new$0(ConcreteSqmSelectQueryPlan.java:111) ~[hibernate-core-6.1.7.Final.jar:6.1.7.Final]
	at org.hibernate.query.sqm.internal.ConcreteSqmSelectQueryPlan.withCacheableSqmInterpretation(ConcreteSqmSelectQueryPlan.java:335) ~[hibernate-core-6.1.7.Final.jar:6.1.7.Final]
	at org.hibernate.query.sqm.internal.ConcreteSqmSelectQueryPlan.performList(ConcreteSqmSelectQueryPlan.java:276) ~[hibernate-core-6.1.7.Final.jar:6.1.7.Final]
	at org.hibernate.query.sqm.internal.QuerySqmImpl.doList(QuerySqmImpl.java:571) ~[hibernate-core-6.1.7.Final.jar:6.1.7.Final]
	at org.hibernate.query.spi.AbstractSelectionQuery.list(AbstractSelectionQuery.java:363) ~[hibernate-core-6.1.7.Final.jar:6.1.7.Final]
	at org.hibernate.query.sqm.internal.QuerySqmImpl.list(QuerySqmImpl.java:1073) ~[hibernate-core-6.1.7.Final.jar:6.1.7.Final]
	at org.hibernate.query.spi.AbstractSelectionQuery.getSingleResult(AbstractSelectionQuery.java:457) ~[hibernate-core-6.1.7.Final.jar:6.1.7.Final]
	at org.hibernate.query.sqm.internal.QuerySqmImpl.getSingleResult(QuerySqmImpl.java:1103) ~[hibernate-core-6.1.7.Final.jar:6.1.7.Final]
	at org.springframework.data.jpa.repository.query.JpaQueryExecution$SingleEntityExecution.doExecute(JpaQueryExecution.java:193) ~[spring-data-jpa-3.0.5.jar:3.0.5]
	at org.springframework.data.jpa.repository.query.JpaQueryExecution.execute(JpaQueryExecution.java:90) ~[spring-data-jpa-3.0.5.jar:3.0.5]
	at org.springframework.data.jpa.repository.query.AbstractJpaQuery.doExecute(AbstractJpaQuery.java:148) ~[spring-data-jpa-3.0.5.jar:3.0.5]
	at org.springframework.data.jpa.repository.query.AbstractJpaQuery.execute(AbstractJpaQuery.java:136) ~[spring-data-jpa-3.0.5.jar:3.0.5]
	at org.springframework.data.repository.core.support.RepositoryMethodInvoker.doInvoke(RepositoryMethodInvoker.java:136) ~[spring-data-commons-3.0.5.jar:3.0.5]
	at org.springframework.data.repository.core.support.RepositoryMethodInvoker.invoke(RepositoryMethodInvoker.java:120) ~[spring-data-commons-3.0.5.jar:3.0.5]
	at org.springframework.data.repository.core.support.QueryExecutorMethodInterceptor.doInvoke(QueryExecutorMethodInterceptor.java:164) ~[spring-data-commons-3.0.5.jar:3.0.5]
	at org.springframework.data.repository.core.support.QueryExecutorMethodInterceptor.invoke(QueryExecutorMethodInterceptor.java:143) ~[spring-data-commons-3.0.5.jar:3.0.5]
	at org.springframework.aop.framework.ReflectiveMethodInvocation.proceed(ReflectiveMethodInvocation.java:184) ~[spring-aop-6.0.8.jar:6.0.8]
	at org.springframework.data.projection.DefaultMethodInvokingMethodInterceptor.invoke(DefaultMethodInvokingMethodInterceptor.java:77) ~[spring-data-commons-3.0.5.jar:3.0.5]
	at org.springframework.aop.framework.ReflectiveMethodInvocation.proceed(ReflectiveMethodInvocation.java:184) ~[spring-aop-6.0.8.jar:6.0.8]
	at org.springframework.transaction.interceptor.TransactionInterceptor$1.proceedWithInvocation(TransactionInterceptor.java:123) ~[spring-tx-6.0.8.jar:6.0.8]
	at org.springframework.transaction.interceptor.TransactionAspectSupport.invokeWithinTransaction(TransactionAspectSupport.java:391) ~[spring-tx-6.0.8.jar:6.0.8]
	at org.springframework.transaction.interceptor.TransactionInterceptor.invoke(TransactionInterceptor.java:119) ~[spring-tx-6.0.8.jar:6.0.8]
	at org.springframework.aop.framework.ReflectiveMethodInvocation.proceed(ReflectiveMethodInvocation.java:184) ~[spring-aop-6.0.8.jar:6.0.8]
	at org.springframework.dao.support.PersistenceExceptionTranslationInterceptor.invoke(PersistenceExceptionTranslationInterceptor.java:137) ~[spring-tx-6.0.8.jar:6.0.8]
	at org.springframework.aop.framework.ReflectiveMethodInvocation.proceed(ReflectiveMethodInvocation.java:184) ~[spring-aop-6.0.8.jar:6.0.8]
	at org.springframework.data.jpa.repository.support.CrudMethodMetadataPostProcessor$CrudMethodMetadataPopulatingMethodInterceptor.invoke(CrudMethodMetadataPostProcessor.java:134) ~[spring-data-jpa-3.0.5.jar:3.0.5]
	at org.springframework.aop.framework.ReflectiveMethodInvocation.proceed(ReflectiveMethodInvocation.java:184) ~[spring-aop-6.0.8.jar:6.0.8]
	at org.springframework.aop.interceptor.ExposeInvocationInterceptor.invoke(ExposeInvocationInterceptor.java:97) ~[spring-aop-6.0.8.jar:6.0.8]
	at org.springframework.aop.framework.ReflectiveMethodInvocation.proceed(ReflectiveMethodInvocation.java:184) ~[spring-aop-6.0.8.jar:6.0.8]
	at org.springframework.aop.framework.JdkDynamicAopProxy.invoke(JdkDynamicAopProxy.java:223) ~[spring-aop-6.0.8.jar:6.0.8]
	at jdk.proxy2/jdk.proxy2.$Proxy148.findByUsername(Unknown Source) ~[na:na]
	at com.cash_flow_app.apicashflow.entities_repositories_and_services.base.user.UserService.findByUsername(UserService.java:56) ~[classes/:na]
	at com.cash_flow_app.apicashflow.entities_repositories_and_services.base.security.LoginService.loadUserByUsername(LoginService.java:18) ~[classes/:na]
	at com.cash_flow_app.apicashflow.utils.TokenUtils.getAuthentication(TokenUtils.java:40) ~[classes/:na]
	at com.cash_flow_app.apicashflow.entities_repositories_and_services.base.security.JWTAuthorizationFilter.doFilterInternal(JWTAuthorizationFilter.java:27) ~[classes/:na]
	at org.springframework.web.filter.OncePerRequestFilter.doFilter(OncePerRequestFilter.java:116) ~[spring-web-6.0.8.jar:6.0.8]
	at org.springframework.security.web.ObservationFilterChainDecorator$ObservationFilter.wrapFilter(ObservationFilterChainDecorator.java:185) ~[spring-security-web-6.0.3.jar:6.0.3]
	at org.springframework.security.web.ObservationFilterChainDecorator$ObservationFilter.doFilter(ObservationFilterChainDecorator.java:172) ~[spring-security-web-6.0.3.jar:6.0.3]
	at org.springframework.security.web.ObservationFilterChainDecorator$VirtualFilterChain.doFilter(ObservationFilterChainDecorator.java:133) ~[spring-security-web-6.0.3.jar:6.0.3]
	at org.springframework.security.web.authentication.logout.LogoutFilter.doFilter(LogoutFilter.java:107) ~[spring-security-web-6.0.3.jar:6.0.3]
	at org.springframework.security.web.authentication.logout.LogoutFilter.doFilter(LogoutFilter.java:93) ~[spring-security-web-6.0.3.jar:6.0.3]
	at org.springframework.security.web.ObservationFilterChainDecorator$ObservationFilter.wrapFilter(ObservationFilterChainDecorator.java:185) ~[spring-security-web-6.0.3.jar:6.0.3]
	at org.springframework.security.web.ObservationFilterChainDecorator$ObservationFilter.doFilter(ObservationFilterChainDecorator.java:172) ~[spring-security-web-6.0.3.jar:6.0.3]
	at org.springframework.security.web.ObservationFilterChainDecorator$VirtualFilterChain.doFilter(ObservationFilterChainDecorator.java:133) ~[spring-security-web-6.0.3.jar:6.0.3]
	at org.springframework.web.filter.CorsFilter.doFilterInternal(CorsFilter.java:91) ~[spring-web-6.0.8.jar:6.0.8]
	at org.springframework.web.filter.OncePerRequestFilter.doFilter(OncePerRequestFilter.java:116) ~[spring-web-6.0.8.jar:6.0.8]
	at org.springframework.security.web.ObservationFilterChainDecorator$ObservationFilter.wrapFilter(ObservationFilterChainDecorator.java:185) ~[spring-security-web-6.0.3.jar:6.0.3]
	at org.springframework.security.web.ObservationFilterChainDecorator$ObservationFilter.doFilter(ObservationFilterChainDecorator.java:172) ~[spring-security-web-6.0.3.jar:6.0.3]
	at org.springframework.security.web.ObservationFilterChainDecorator$VirtualFilterChain.doFilter(ObservationFilterChainDecorator.java:133) ~[spring-security-web-6.0.3.jar:6.0.3]
	at org.springframework.security.web.header.HeaderWriterFilter.doHeadersAfter(HeaderWriterFilter.java:90) ~[spring-security-web-6.0.3.jar:6.0.3]
	at org.springframework.security.web.header.HeaderWriterFilter.doFilterInternal(HeaderWriterFilter.java:75) ~[spring-security-web-6.0.3.jar:6.0.3]
	at org.springframework.web.filter.OncePerRequestFilter.doFilter(OncePerRequestFilter.java:116) ~[spring-web-6.0.8.jar:6.0.8]
	at org.springframework.security.web.ObservationFilterChainDecorator$ObservationFilter.wrapFilter(ObservationFilterChainDecorator.java:185) ~[spring-security-web-6.0.3.jar:6.0.3]
	at org.springframework.security.web.ObservationFilterChainDecorator$ObservationFilter.doFilter(ObservationFilterChainDecorator.java:172) ~[spring-security-web-6.0.3.jar:6.0.3]
	at org.springframework.security.web.ObservationFilterChainDecorator$VirtualFilterChain.doFilter(ObservationFilterChainDecorator.java:133) ~[spring-security-web-6.0.3.jar:6.0.3]
	at org.springframework.security.web.context.SecurityContextHolderFilter.doFilter(SecurityContextHolderFilter.java:82) ~[spring-security-web-6.0.3.jar:6.0.3]
	at org.springframework.security.web.context.SecurityContextHolderFilter.doFilter(SecurityContextHolderFilter.java:69) ~[spring-security-web-6.0.3.jar:6.0.3]
	at org.springframework.security.web.ObservationFilterChainDecorator$ObservationFilter.wrapFilter(ObservationFilterChainDecorator.java:185) ~[spring-security-web-6.0.3.jar:6.0.3]
	at org.springframework.security.web.ObservationFilterChainDecorator$ObservationFilter.doFilter(ObservationFilterChainDecorator.java:172) ~[spring-security-web-6.0.3.jar:6.0.3]
	at org.springframework.security.web.ObservationFilterChainDecorator$VirtualFilterChain.doFilter(ObservationFilterChainDecorator.java:133) ~[spring-security-web-6.0.3.jar:6.0.3]
	at org.springframework.security.web.context.request.async.WebAsyncManagerIntegrationFilter.doFilterInternal(WebAsyncManagerIntegrationFilter.java:62) ~[spring-security-web-6.0.3.jar:6.0.3]
	at org.springframework.web.filter.OncePerRequestFilter.doFilter(OncePerRequestFilter.java:116) ~[spring-web-6.0.8.jar:6.0.8]
	at org.springframework.security.web.ObservationFilterChainDecorator$ObservationFilter.wrapFilter(ObservationFilterChainDecorator.java:185) ~[spring-security-web-6.0.3.jar:6.0.3]
	at org.springframework.security.web.ObservationFilterChainDecorator$ObservationFilter.doFilter(ObservationFilterChainDecorator.java:172) ~[spring-security-web-6.0.3.jar:6.0.3]
	at org.springframework.security.web.ObservationFilterChainDecorator$VirtualFilterChain.doFilter(ObservationFilterChainDecorator.java:133) ~[spring-security-web-6.0.3.jar:6.0.3]
	at org.springframework.security.web.session.ForceEagerSessionCreationFilter.doFilterInternal(ForceEagerSessionCreationFilter.java:45) ~[spring-security-web-6.0.3.jar:6.0.3]
	at org.springframework.web.filter.OncePerRequestFilter.doFilter(OncePerRequestFilter.java:116) ~[spring-web-6.0.8.jar:6.0.8]
	at org.springframework.security.web.ObservationFilterChainDecorator$ObservationFilter.wrapFilter(ObservationFilterChainDecorator.java:185) ~[spring-security-web-6.0.3.jar:6.0.3]
	at org.springframework.security.web.ObservationFilterChainDecorator$ObservationFilter.doFilter(ObservationFilterChainDecorator.java:172) ~[spring-security-web-6.0.3.jar:6.0.3]
	at org.springframework.security.web.ObservationFilterChainDecorator$VirtualFilterChain.doFilter(ObservationFilterChainDecorator.java:133) ~[spring-security-web-6.0.3.jar:6.0.3]
	at org.springframework.security.web.session.DisableEncodeUrlFilter.doFilterInternal(DisableEncodeUrlFilter.java:42) ~[spring-security-web-6.0.3.jar:6.0.3]
	at org.springframework.web.filter.OncePerRequestFilter.doFilter(OncePerRequestFilter.java:116) ~[spring-web-6.0.8.jar:6.0.8]
	at org.springframework.security.web.ObservationFilterChainDecorator$ObservationFilter.wrapFilter(ObservationFilterChainDecorator.java:185) ~[spring-security-web-6.0.3.jar:6.0.3]
	at org.springframework.security.web.ObservationFilterChainDecorator$AroundFilterObservation$SimpleAroundFilterObservation.lambda$wrap$0(ObservationFilterChainDecorator.java:268) ~[spring-security-web-6.0.3.jar:6.0.3]
	at org.springframework.security.web.ObservationFilterChainDecorator$ObservationFilter.doFilter(ObservationFilterChainDecorator.java:169) ~[spring-security-web-6.0.3.jar:6.0.3]
	at org.springframework.security.web.ObservationFilterChainDecorator$VirtualFilterChain.doFilter(ObservationFilterChainDecorator.java:133) ~[spring-security-web-6.0.3.jar:6.0.3]
	at org.springframework.security.web.FilterChainProxy.doFilterInternal(FilterChainProxy.java:233) ~[spring-security-web-6.0.3.jar:6.0.3]
	at org.springframework.security.web.FilterChainProxy.doFilter(FilterChainProxy.java:191) ~[spring-security-web-6.0.3.jar:6.0.3]
	at org.springframework.web.filter.DelegatingFilterProxy.invokeDelegate(DelegatingFilterProxy.java:352) ~[spring-web-6.0.8.jar:6.0.8]
	at org.springframework.web.filter.DelegatingFilterProxy.doFilter(DelegatingFilterProxy.java:268) ~[spring-web-6.0.8.jar:6.0.8]
	at org.springframework.mock.web.MockFilterChain.doFilter(MockFilterChain.java:132) ~[spring-test-6.0.8.jar:6.0.8]
	at org.springframework.web.filter.RequestContextFilter.doFilterInternal(RequestContextFilter.java:100) ~[spring-web-6.0.8.jar:6.0.8]
	at org.springframework.web.filter.OncePerRequestFilter.doFilter(OncePerRequestFilter.java:116) ~[spring-web-6.0.8.jar:6.0.8]
	at org.springframework.mock.web.MockFilterChain.doFilter(MockFilterChain.java:132) ~[spring-test-6.0.8.jar:6.0.8]
	at org.springframework.web.filter.FormContentFilter.doFilterInternal(FormContentFilter.java:93) ~[spring-web-6.0.8.jar:6.0.8]
	at org.springframework.web.filter.OncePerRequestFilter.doFilter(OncePerRequestFilter.java:116) ~[spring-web-6.0.8.jar:6.0.8]
	at org.springframework.mock.web.MockFilterChain.doFilter(MockFilterChain.java:132) ~[spring-test-6.0.8.jar:6.0.8]
	at org.springframework.web.filter.ServerHttpObservationFilter.doFilterInternal(ServerHttpObservationFilter.java:109) ~[spring-web-6.0.8.jar:6.0.8]
	at org.springframework.web.filter.OncePerRequestFilter.doFilter(OncePerRequestFilter.java:116) ~[spring-web-6.0.8.jar:6.0.8]
	at org.springframework.mock.web.MockFilterChain.doFilter(MockFilterChain.java:132) ~[spring-test-6.0.8.jar:6.0.8]
	at org.springframework.web.filter.CharacterEncodingFilter.doFilterInternal(CharacterEncodingFilter.java:201) ~[spring-web-6.0.8.jar:6.0.8]
	at org.springframework.web.filter.OncePerRequestFilter.doFilter(OncePerRequestFilter.java:116) ~[spring-web-6.0.8.jar:6.0.8]
	at org.springframework.mock.web.MockFilterChain.doFilter(MockFilterChain.java:132) ~[spring-test-6.0.8.jar:6.0.8]
	at org.springframework.test.web.servlet.MockMvc.perform(MockMvc.java:201) ~[spring-test-6.0.8.jar:6.0.8]
	at com.cash_flow_app.apicashflow.controller.IncomeExpenseControllerTest.create(IncomeExpenseControllerTest.java:129) ~[test-classes/:na]
	at java.base/jdk.internal.reflect.DirectMethodHandleAccessor.invoke(DirectMethodHandleAccessor.java:104) ~[na:na]
	at java.base/java.lang.reflect.Method.invoke(Method.java:578) ~[na:na]
	at org.junit.platform.commons.util.ReflectionUtils.invokeMethod(ReflectionUtils.java:727) ~[junit-platform-commons-1.9.2.jar:1.9.2]
	at org.junit.jupiter.engine.execution.MethodInvocation.proceed(MethodInvocation.java:60) ~[junit-jupiter-engine-5.9.2.jar:5.9.2]
	at org.junit.jupiter.engine.execution.InvocationInterceptorChain$ValidatingInvocation.proceed(InvocationInterceptorChain.java:131) ~[junit-jupiter-engine-5.9.2.jar:5.9.2]
	at org.junit.jupiter.engine.extension.TimeoutExtension.intercept(TimeoutExtension.java:156) ~[junit-jupiter-engine-5.9.2.jar:5.9.2]
	at org.junit.jupiter.engine.extension.TimeoutExtension.interceptTestableMethod(TimeoutExtension.java:147) ~[junit-jupiter-engine-5.9.2.jar:5.9.2]
	at org.junit.jupiter.engine.extension.TimeoutExtension.interceptTestMethod(TimeoutExtension.java:86) ~[junit-jupiter-engine-5.9.2.jar:5.9.2]
	at org.junit.jupiter.engine.execution.InterceptingExecutableInvoker$ReflectiveInterceptorCall.lambda$ofVoidMethod$0(InterceptingExecutableInvoker.java:103) ~[junit-jupiter-engine-5.9.2.jar:5.9.2]
	at org.junit.jupiter.engine.execution.InterceptingExecutableInvoker.lambda$invoke$0(InterceptingExecutableInvoker.java:93) ~[junit-jupiter-engine-5.9.2.jar:5.9.2]
	at org.junit.jupiter.engine.execution.InvocationInterceptorChain$InterceptedInvocation.proceed(InvocationInterceptorChain.java:106) ~[junit-jupiter-engine-5.9.2.jar:5.9.2]
	at org.junit.jupiter.engine.execution.InvocationInterceptorChain.proceed(InvocationInterceptorChain.java:64) ~[junit-jupiter-engine-5.9.2.jar:5.9.2]
	at org.junit.jupiter.engine.execution.InvocationInterceptorChain.chainAndInvoke(InvocationInterceptorChain.java:45) ~[junit-jupiter-engine-5.9.2.jar:5.9.2]
	at org.junit.jupiter.engine.execution.InvocationInterceptorChain.invoke(InvocationInterceptorChain.java:37) ~[junit-jupiter-engine-5.9.2.jar:5.9.2]
	at org.junit.jupiter.engine.execution.InterceptingExecutableInvoker.invoke(InterceptingExecutableInvoker.java:92) ~[junit-jupiter-engine-5.9.2.jar:5.9.2]
	at org.junit.jupiter.engine.execution.InterceptingExecutableInvoker.invoke(InterceptingExecutableInvoker.java:86) ~[junit-jupiter-engine-5.9.2.jar:5.9.2]
	at org.junit.jupiter.engine.descriptor.TestMethodTestDescriptor.lambda$invokeTestMethod$7(TestMethodTestDescriptor.java:217) ~[junit-jupiter-engine-5.9.2.jar:5.9.2]
	at org.junit.platform.engine.support.hierarchical.ThrowableCollector.execute(ThrowableCollector.java:73) ~[junit-platform-engine-1.9.2.jar:1.9.2]
	at org.junit.jupiter.engine.descriptor.TestMethodTestDescriptor.invokeTestMethod(TestMethodTestDescriptor.java:213) ~[junit-jupiter-engine-5.9.2.jar:5.9.2]
	at org.junit.jupiter.engine.descriptor.TestMethodTestDescriptor.execute(TestMethodTestDescriptor.java:138) ~[junit-jupiter-engine-5.9.2.jar:5.9.2]
	at org.junit.jupiter.engine.descriptor.TestMethodTestDescriptor.execute(TestMethodTestDescriptor.java:68) ~[junit-jupiter-engine-5.9.2.jar:5.9.2]
	at org.junit.platform.engine.support.hierarchical.NodeTestTask.lambda$executeRecursively$6(NodeTestTask.java:151) ~[junit-platform-engine-1.9.2.jar:1.9.2]
	at org.junit.platform.engine.support.hierarchical.ThrowableCollector.execute(ThrowableCollector.java:73) ~[junit-platform-engine-1.9.2.jar:1.9.2]
	at org.junit.platform.engine.support.hierarchical.NodeTestTask.lambda$executeRecursively$8(NodeTestTask.java:141) ~[junit-platform-engine-1.9.2.jar:1.9.2]
	at org.junit.platform.engine.support.hierarchical.Node.around(Node.java:137) ~[junit-platform-engine-1.9.2.jar:1.9.2]
	at org.junit.platform.engine.support.hierarchical.NodeTestTask.lambda$executeRecursively$9(NodeTestTask.java:139) ~[junit-platform-engine-1.9.2.jar:1.9.2]
	at org.junit.platform.engine.support.hierarchical.ThrowableCollector.execute(ThrowableCollector.java:73) ~[junit-platform-engine-1.9.2.jar:1.9.2]
	at org.junit.platform.engine.support.hierarchical.NodeTestTask.executeRecursively(NodeTestTask.java:138) ~[junit-platform-engine-1.9.2.jar:1.9.2]
	at org.junit.platform.engine.support.hierarchical.NodeTestTask.execute(NodeTestTask.java:95) ~[junit-platform-engine-1.9.2.jar:1.9.2]
	at java.base/java.util.ArrayList.forEach(ArrayList.java:1511) ~[na:na]
	at org.junit.platform.engine.support.hierarchical.SameThreadHierarchicalTestExecutorService.invokeAll(SameThreadHierarchicalTestExecutorService.java:41) ~[junit-platform-engine-1.9.2.jar:1.9.2]
	at org.junit.platform.engine.support.hierarchical.NodeTestTask.lambda$executeRecursively$6(NodeTestTask.java:155) ~[junit-platform-engine-1.9.2.jar:1.9.2]
	at org.junit.platform.engine.support.hierarchical.ThrowableCollector.execute(ThrowableCollector.java:73) ~[junit-platform-engine-1.9.2.jar:1.9.2]
	at org.junit.platform.engine.support.hierarchical.NodeTestTask.lambda$executeRecursively$8(NodeTestTask.java:141) ~[junit-platform-engine-1.9.2.jar:1.9.2]
	at org.junit.platform.engine.support.hierarchical.Node.around(Node.java:137) ~[junit-platform-engine-1.9.2.jar:1.9.2]
	at org.junit.platform.engine.support.hierarchical.NodeTestTask.lambda$executeRecursively$9(NodeTestTask.java:139) ~[junit-platform-engine-1.9.2.jar:1.9.2]
	at org.junit.platform.engine.support.hierarchical.ThrowableCollector.execute(ThrowableCollector.java:73) ~[junit-platform-engine-1.9.2.jar:1.9.2]
	at org.junit.platform.engine.support.hierarchical.NodeTestTask.executeRecursively(NodeTestTask.java:138) ~[junit-platform-engine-1.9.2.jar:1.9.2]
	at org.junit.platform.engine.support.hierarchical.NodeTestTask.execute(NodeTestTask.java:95) ~[junit-platform-engine-1.9.2.jar:1.9.2]
	at java.base/java.util.ArrayList.forEach(ArrayList.java:1511) ~[na:na]
	at org.junit.platform.engine.support.hierarchical.SameThreadHierarchicalTestExecutorService.invokeAll(SameThreadHierarchicalTestExecutorService.java:41) ~[junit-platform-engine-1.9.2.jar:1.9.2]
	at org.junit.platform.engine.support.hierarchical.NodeTestTask.lambda$executeRecursively$6(NodeTestTask.java:155) ~[junit-platform-engine-1.9.2.jar:1.9.2]
	at org.junit.platform.engine.support.hierarchical.ThrowableCollector.execute(ThrowableCollector.java:73) ~[junit-platform-engine-1.9.2.jar:1.9.2]
	at org.junit.platform.engine.support.hierarchical.NodeTestTask.lambda$executeRecursively$8(NodeTestTask.java:141) ~[junit-platform-engine-1.9.2.jar:1.9.2]
	at org.junit.platform.engine.support.hierarchical.Node.around(Node.java:137) ~[junit-platform-engine-1.9.2.jar:1.9.2]
	at org.junit.platform.engine.support.hierarchical.NodeTestTask.lambda$executeRecursively$9(NodeTestTask.java:139) ~[junit-platform-engine-1.9.2.jar:1.9.2]
	at org.junit.platform.engine.support.hierarchical.ThrowableCollector.execute(ThrowableCollector.java:73) ~[junit-platform-engine-1.9.2.jar:1.9.2]
	at org.junit.platform.engine.support.hierarchical.NodeTestTask.executeRecursively(NodeTestTask.java:138) ~[junit-platform-engine-1.9.2.jar:1.9.2]
	at org.junit.platform.engine.support.hierarchical.NodeTestTask.execute(NodeTestTask.java:95) ~[junit-platform-engine-1.9.2.jar:1.9.2]
	at org.junit.platform.engine.support.hierarchical.SameThreadHierarchicalTestExecutorService.submit(SameThreadHierarchicalTestExecutorService.java:35) ~[junit-platform-engine-1.9.2.jar:1.9.2]
	at org.junit.platform.engine.support.hierarchical.HierarchicalTestExecutor.execute(HierarchicalTestExecutor.java:57) ~[junit-platform-engine-1.9.2.jar:1.9.2]
	at org.junit.platform.engine.support.hierarchical.HierarchicalTestEngine.execute(HierarchicalTestEngine.java:54) ~[junit-platform-engine-1.9.2.jar:1.9.2]
	at org.junit.platform.launcher.core.DefaultLauncher.execute(DefaultLauncher.java:220) ~[junit-platform-launcher-1.3.1.jar:1.3.1]
	at org.junit.platform.launcher.core.DefaultLauncher.lambda$execute$6(DefaultLauncher.java:188) ~[junit-platform-launcher-1.3.1.jar:1.3.1]
	at org.junit.platform.launcher.core.DefaultLauncher.withInterceptedStreams(DefaultLauncher.java:202) ~[junit-platform-launcher-1.3.1.jar:1.3.1]
	at org.junit.platform.launcher.core.DefaultLauncher.execute(DefaultLauncher.java:181) ~[junit-platform-launcher-1.3.1.jar:1.3.1]
	at org.junit.platform.launcher.core.DefaultLauncher.execute(DefaultLauncher.java:128) ~[junit-platform-launcher-1.3.1.jar:1.3.1]
	at org.apache.maven.surefire.junitplatform.JUnitPlatformProvider.invokeAllTests(JUnitPlatformProvider.java:150) ~[surefire-junit-platform-2.22.2.jar:2.22.2]
	at org.apache.maven.surefire.junitplatform.JUnitPlatformProvider.invoke(JUnitPlatformProvider.java:124) ~[surefire-junit-platform-2.22.2.jar:2.22.2]
	at org.apache.maven.surefire.booter.ForkedBooter.invokeProviderInSameClassLoader(ForkedBooter.java:384) ~[surefire-booter-2.22.2.jar:2.22.2]
	at org.apache.maven.surefire.booter.ForkedBooter.runSuitesInProcess(ForkedBooter.java:345) ~[surefire-booter-2.22.2.jar:2.22.2]
	at org.apache.maven.surefire.booter.ForkedBooter.execute(ForkedBooter.java:126) ~[surefire-booter-2.22.2.jar:2.22.2]
	at org.apache.maven.surefire.booter.ForkedBooter.main(ForkedBooter.java:418) ~[surefire-booter-2.22.2.jar:2.22.2]

2023-11-28T22:11:58.685-05:00  WARN 27472 --- [           main] o.h.engine.jdbc.spi.SqlExceptionHelper   : SQL Error: 0, SQLState: 23505
2023-11-28T22:11:58.685-05:00 ERROR 27472 --- [           main] o.h.engine.jdbc.spi.SqlExceptionHelper   : ERROR: duplicate key value violates unique constraint "user_account_pkey"
  Detail: Key (user_id, account_id)=(8fff23a8-a0c1-4d98-8e91-945c089641d6, 57b5700c-c7e3-462d-bdf4-c8b27ef53a22) already exists.
2023-11-28T22:11:58.685-05:00  INFO 27472 --- [           main] o.h.e.j.b.internal.AbstractBatchImpl     : HHH000010: On release of batch it still contained JDBC statements
2023-11-28T22:11:58.685-05:00 DEBUG 27472 --- [           main] cResourceLocalTransactionCoordinatorImpl : JDBC transaction marked for rollback-only (exception provided for stack trace)

java.lang.Exception: exception just for purpose of providing stack trace
	at org.hibernate.resource.transaction.backend.jdbc.internal.JdbcResourceLocalTransactionCoordinatorImpl$TransactionDriverControlImpl.markRollbackOnly(JdbcResourceLocalTransactionCoordinatorImpl.java:324) ~[hibernate-core-6.1.7.Final.jar:6.1.7.Final]
	at org.hibernate.engine.transaction.internal.TransactionImpl.markRollbackOnly(TransactionImpl.java:203) ~[hibernate-core-6.1.7.Final.jar:6.1.7.Final]
	at org.hibernate.internal.AbstractSharedSessionContract.markForRollbackOnly(AbstractSharedSessionContract.java:434) ~[hibernate-core-6.1.7.Final.jar:6.1.7.Final]
	at org.hibernate.internal.ExceptionConverterImpl.handlePersistenceException(ExceptionConverterImpl.java:291) ~[hibernate-core-6.1.7.Final.jar:6.1.7.Final]
	at org.hibernate.internal.ExceptionConverterImpl.convert(ExceptionConverterImpl.java:168) ~[hibernate-core-6.1.7.Final.jar:6.1.7.Final]
	at org.hibernate.query.spi.AbstractSelectionQuery.list(AbstractSelectionQuery.java:374) ~[hibernate-core-6.1.7.Final.jar:6.1.7.Final]
	at org.hibernate.query.sqm.internal.QuerySqmImpl.list(QuerySqmImpl.java:1073) ~[hibernate-core-6.1.7.Final.jar:6.1.7.Final]
	at org.hibernate.query.spi.AbstractSelectionQuery.getSingleResult(AbstractSelectionQuery.java:457) ~[hibernate-core-6.1.7.Final.jar:6.1.7.Final]
	at org.hibernate.query.sqm.internal.QuerySqmImpl.getSingleResult(QuerySqmImpl.java:1103) ~[hibernate-core-6.1.7.Final.jar:6.1.7.Final]
	at org.springframework.data.jpa.repository.query.JpaQueryExecution$SingleEntityExecution.doExecute(JpaQueryExecution.java:193) ~[spring-data-jpa-3.0.5.jar:3.0.5]
	at org.springframework.data.jpa.repository.query.JpaQueryExecution.execute(JpaQueryExecution.java:90) ~[spring-data-jpa-3.0.5.jar:3.0.5]
	at org.springframework.data.jpa.repository.query.AbstractJpaQuery.doExecute(AbstractJpaQuery.java:148) ~[spring-data-jpa-3.0.5.jar:3.0.5]
	at org.springframework.data.jpa.repository.query.AbstractJpaQuery.execute(AbstractJpaQuery.java:136) ~[spring-data-jpa-3.0.5.jar:3.0.5]
	at org.springframework.data.repository.core.support.RepositoryMethodInvoker.doInvoke(RepositoryMethodInvoker.java:136) ~[spring-data-commons-3.0.5.jar:3.0.5]
	at org.springframework.data.repository.core.support.RepositoryMethodInvoker.invoke(RepositoryMethodInvoker.java:120) ~[spring-data-commons-3.0.5.jar:3.0.5]
	at org.springframework.data.repository.core.support.QueryExecutorMethodInterceptor.doInvoke(QueryExecutorMethodInterceptor.java:164) ~[spring-data-commons-3.0.5.jar:3.0.5]
	at org.springframework.data.repository.core.support.QueryExecutorMethodInterceptor.invoke(QueryExecutorMethodInterceptor.java:143) ~[spring-data-commons-3.0.5.jar:3.0.5]
	at org.springframework.aop.framework.ReflectiveMethodInvocation.proceed(ReflectiveMethodInvocation.java:184) ~[spring-aop-6.0.8.jar:6.0.8]
	at org.springframework.data.projection.DefaultMethodInvokingMethodInterceptor.invoke(DefaultMethodInvokingMethodInterceptor.java:77) ~[spring-data-commons-3.0.5.jar:3.0.5]
	at org.springframework.aop.framework.ReflectiveMethodInvocation.proceed(ReflectiveMethodInvocation.java:184) ~[spring-aop-6.0.8.jar:6.0.8]
	at org.springframework.transaction.interceptor.TransactionInterceptor$1.proceedWithInvocation(TransactionInterceptor.java:123) ~[spring-tx-6.0.8.jar:6.0.8]
	at org.springframework.transaction.interceptor.TransactionAspectSupport.invokeWithinTransaction(TransactionAspectSupport.java:391) ~[spring-tx-6.0.8.jar:6.0.8]
	at org.springframework.transaction.interceptor.TransactionInterceptor.invoke(TransactionInterceptor.java:119) ~[spring-tx-6.0.8.jar:6.0.8]
	at org.springframework.aop.framework.ReflectiveMethodInvocation.proceed(ReflectiveMethodInvocation.java:184) ~[spring-aop-6.0.8.jar:6.0.8]
	at org.springframework.dao.support.PersistenceExceptionTranslationInterceptor.invoke(PersistenceExceptionTranslationInterceptor.java:137) ~[spring-tx-6.0.8.jar:6.0.8]
	at org.springframework.aop.framework.ReflectiveMethodInvocation.proceed(ReflectiveMethodInvocation.java:184) ~[spring-aop-6.0.8.jar:6.0.8]
	at org.springframework.data.jpa.repository.support.CrudMethodMetadataPostProcessor$CrudMethodMetadataPopulatingMethodInterceptor.invoke(CrudMethodMetadataPostProcessor.java:134) ~[spring-data-jpa-3.0.5.jar:3.0.5]
	at org.springframework.aop.framework.ReflectiveMethodInvocation.proceed(ReflectiveMethodInvocation.java:184) ~[spring-aop-6.0.8.jar:6.0.8]
	at org.springframework.aop.interceptor.ExposeInvocationInterceptor.invoke(ExposeInvocationInterceptor.java:97) ~[spring-aop-6.0.8.jar:6.0.8]
	at org.springframework.aop.framework.ReflectiveMethodInvocation.proceed(ReflectiveMethodInvocation.java:184) ~[spring-aop-6.0.8.jar:6.0.8]
	at org.springframework.aop.framework.JdkDynamicAopProxy.invoke(JdkDynamicAopProxy.java:223) ~[spring-aop-6.0.8.jar:6.0.8]
	at jdk.proxy2/jdk.proxy2.$Proxy148.findByUsername(Unknown Source) ~[na:na]
	at com.cash_flow_app.apicashflow.entities_repositories_and_services.base.user.UserService.findByUsername(UserService.java:56) ~[classes/:na]
	at com.cash_flow_app.apicashflow.entities_repositories_and_services.base.security.LoginService.loadUserByUsername(LoginService.java:18) ~[classes/:na]
	at com.cash_flow_app.apicashflow.utils.TokenUtils.getAuthentication(TokenUtils.java:40) ~[classes/:na]
	at com.cash_flow_app.apicashflow.entities_repositories_and_services.base.security.JWTAuthorizationFilter.doFilterInternal(JWTAuthorizationFilter.java:27) ~[classes/:na]
	at org.springframework.web.filter.OncePerRequestFilter.doFilter(OncePerRequestFilter.java:116) ~[spring-web-6.0.8.jar:6.0.8]
	at org.springframework.security.web.ObservationFilterChainDecorator$ObservationFilter.wrapFilter(ObservationFilterChainDecorator.java:185) ~[spring-security-web-6.0.3.jar:6.0.3]
	at org.springframework.security.web.ObservationFilterChainDecorator$ObservationFilter.doFilter(ObservationFilterChainDecorator.java:172) ~[spring-security-web-6.0.3.jar:6.0.3]
	at org.springframework.security.web.ObservationFilterChainDecorator$VirtualFilterChain.doFilter(ObservationFilterChainDecorator.java:133) ~[spring-security-web-6.0.3.jar:6.0.3]
	at org.springframework.security.web.authentication.logout.LogoutFilter.doFilter(LogoutFilter.java:107) ~[spring-security-web-6.0.3.jar:6.0.3]
	at org.springframework.security.web.authentication.logout.LogoutFilter.doFilter(LogoutFilter.java:93) ~[spring-security-web-6.0.3.jar:6.0.3]
	at org.springframework.security.web.ObservationFilterChainDecorator$ObservationFilter.wrapFilter(ObservationFilterChainDecorator.java:185) ~[spring-security-web-6.0.3.jar:6.0.3]
	at org.springframework.security.web.ObservationFilterChainDecorator$ObservationFilter.doFilter(ObservationFilterChainDecorator.java:172) ~[spring-security-web-6.0.3.jar:6.0.3]
	at org.springframework.security.web.ObservationFilterChainDecorator$VirtualFilterChain.doFilter(ObservationFilterChainDecorator.java:133) ~[spring-security-web-6.0.3.jar:6.0.3]
	at org.springframework.web.filter.CorsFilter.doFilterInternal(CorsFilter.java:91) ~[spring-web-6.0.8.jar:6.0.8]
	at org.springframework.web.filter.OncePerRequestFilter.doFilter(OncePerRequestFilter.java:116) ~[spring-web-6.0.8.jar:6.0.8]
	at org.springframework.security.web.ObservationFilterChainDecorator$ObservationFilter.wrapFilter(ObservationFilterChainDecorator.java:185) ~[spring-security-web-6.0.3.jar:6.0.3]
	at org.springframework.security.web.ObservationFilterChainDecorator$ObservationFilter.doFilter(ObservationFilterChainDecorator.java:172) ~[spring-security-web-6.0.3.jar:6.0.3]
	at org.springframework.security.web.ObservationFilterChainDecorator$VirtualFilterChain.doFilter(ObservationFilterChainDecorator.java:133) ~[spring-security-web-6.0.3.jar:6.0.3]
	at org.springframework.security.web.header.HeaderWriterFilter.doHeadersAfter(HeaderWriterFilter.java:90) ~[spring-security-web-6.0.3.jar:6.0.3]
	at org.springframework.security.web.header.HeaderWriterFilter.doFilterInternal(HeaderWriterFilter.java:75) ~[spring-security-web-6.0.3.jar:6.0.3]
	at org.springframework.web.filter.OncePerRequestFilter.doFilter(OncePerRequestFilter.java:116) ~[spring-web-6.0.8.jar:6.0.8]
	at org.springframework.security.web.ObservationFilterChainDecorator$ObservationFilter.wrapFilter(ObservationFilterChainDecorator.java:185) ~[spring-security-web-6.0.3.jar:6.0.3]
	at org.springframework.security.web.ObservationFilterChainDecorator$ObservationFilter.doFilter(ObservationFilterChainDecorator.java:172) ~[spring-security-web-6.0.3.jar:6.0.3]
	at org.springframework.security.web.ObservationFilterChainDecorator$VirtualFilterChain.doFilter(ObservationFilterChainDecorator.java:133) ~[spring-security-web-6.0.3.jar:6.0.3]
	at org.springframework.security.web.context.SecurityContextHolderFilter.doFilter(SecurityContextHolderFilter.java:82) ~[spring-security-web-6.0.3.jar:6.0.3]
	at org.springframework.security.web.context.SecurityContextHolderFilter.doFilter(SecurityContextHolderFilter.java:69) ~[spring-security-web-6.0.3.jar:6.0.3]
	at org.springframework.security.web.ObservationFilterChainDecorator$ObservationFilter.wrapFilter(ObservationFilterChainDecorator.java:185) ~[spring-security-web-6.0.3.jar:6.0.3]
	at org.springframework.security.web.ObservationFilterChainDecorator$ObservationFilter.doFilter(ObservationFilterChainDecorator.java:172) ~[spring-security-web-6.0.3.jar:6.0.3]
	at org.springframework.security.web.ObservationFilterChainDecorator$VirtualFilterChain.doFilter(ObservationFilterChainDecorator.java:133) ~[spring-security-web-6.0.3.jar:6.0.3]
	at org.springframework.security.web.context.request.async.WebAsyncManagerIntegrationFilter.doFilterInternal(WebAsyncManagerIntegrationFilter.java:62) ~[spring-security-web-6.0.3.jar:6.0.3]
	at org.springframework.web.filter.OncePerRequestFilter.doFilter(OncePerRequestFilter.java:116) ~[spring-web-6.0.8.jar:6.0.8]
	at org.springframework.security.web.ObservationFilterChainDecorator$ObservationFilter.wrapFilter(ObservationFilterChainDecorator.java:185) ~[spring-security-web-6.0.3.jar:6.0.3]
	at org.springframework.security.web.ObservationFilterChainDecorator$ObservationFilter.doFilter(ObservationFilterChainDecorator.java:172) ~[spring-security-web-6.0.3.jar:6.0.3]
	at org.springframework.security.web.ObservationFilterChainDecorator$VirtualFilterChain.doFilter(ObservationFilterChainDecorator.java:133) ~[spring-security-web-6.0.3.jar:6.0.3]
	at org.springframework.security.web.session.ForceEagerSessionCreationFilter.doFilterInternal(ForceEagerSessionCreationFilter.java:45) ~[spring-security-web-6.0.3.jar:6.0.3]
	at org.springframework.web.filter.OncePerRequestFilter.doFilter(OncePerRequestFilter.java:116) ~[spring-web-6.0.8.jar:6.0.8]
	at org.springframework.security.web.ObservationFilterChainDecorator$ObservationFilter.wrapFilter(ObservationFilterChainDecorator.java:185) ~[spring-security-web-6.0.3.jar:6.0.3]
	at org.springframework.security.web.ObservationFilterChainDecorator$ObservationFilter.doFilter(ObservationFilterChainDecorator.java:172) ~[spring-security-web-6.0.3.jar:6.0.3]
	at org.springframework.security.web.ObservationFilterChainDecorator$VirtualFilterChain.doFilter(ObservationFilterChainDecorator.java:133) ~[spring-security-web-6.0.3.jar:6.0.3]
	at org.springframework.security.web.session.DisableEncodeUrlFilter.doFilterInternal(DisableEncodeUrlFilter.java:42) ~[spring-security-web-6.0.3.jar:6.0.3]
	at org.springframework.web.filter.OncePerRequestFilter.doFilter(OncePerRequestFilter.java:116) ~[spring-web-6.0.8.jar:6.0.8]
	at org.springframework.security.web.ObservationFilterChainDecorator$ObservationFilter.wrapFilter(ObservationFilterChainDecorator.java:185) ~[spring-security-web-6.0.3.jar:6.0.3]
	at org.springframework.security.web.ObservationFilterChainDecorator$AroundFilterObservation$SimpleAroundFilterObservation.lambda$wrap$0(ObservationFilterChainDecorator.java:268) ~[spring-security-web-6.0.3.jar:6.0.3]
	at org.springframework.security.web.ObservationFilterChainDecorator$ObservationFilter.doFilter(ObservationFilterChainDecorator.java:169) ~[spring-security-web-6.0.3.jar:6.0.3]
	at org.springframework.security.web.ObservationFilterChainDecorator$VirtualFilterChain.doFilter(ObservationFilterChainDecorator.java:133) ~[spring-security-web-6.0.3.jar:6.0.3]
	at org.springframework.security.web.FilterChainProxy.doFilterInternal(FilterChainProxy.java:233) ~[spring-security-web-6.0.3.jar:6.0.3]
	at org.springframework.security.web.FilterChainProxy.doFilter(FilterChainProxy.java:191) ~[spring-security-web-6.0.3.jar:6.0.3]
	at org.springframework.web.filter.DelegatingFilterProxy.invokeDelegate(DelegatingFilterProxy.java:352) ~[spring-web-6.0.8.jar:6.0.8]
	at org.springframework.web.filter.DelegatingFilterProxy.doFilter(DelegatingFilterProxy.java:268) ~[spring-web-6.0.8.jar:6.0.8]
	at org.springframework.mock.web.MockFilterChain.doFilter(MockFilterChain.java:132) ~[spring-test-6.0.8.jar:6.0.8]
	at org.springframework.web.filter.RequestContextFilter.doFilterInternal(RequestContextFilter.java:100) ~[spring-web-6.0.8.jar:6.0.8]
	at org.springframework.web.filter.OncePerRequestFilter.doFilter(OncePerRequestFilter.java:116) ~[spring-web-6.0.8.jar:6.0.8]
	at org.springframework.mock.web.MockFilterChain.doFilter(MockFilterChain.java:132) ~[spring-test-6.0.8.jar:6.0.8]
	at org.springframework.web.filter.FormContentFilter.doFilterInternal(FormContentFilter.java:93) ~[spring-web-6.0.8.jar:6.0.8]
	at org.springframework.web.filter.OncePerRequestFilter.doFilter(OncePerRequestFilter.java:116) ~[spring-web-6.0.8.jar:6.0.8]
	at org.springframework.mock.web.MockFilterChain.doFilter(MockFilterChain.java:132) ~[spring-test-6.0.8.jar:6.0.8]
	at org.springframework.web.filter.ServerHttpObservationFilter.doFilterInternal(ServerHttpObservationFilter.java:109) ~[spring-web-6.0.8.jar:6.0.8]
	at org.springframework.web.filter.OncePerRequestFilter.doFilter(OncePerRequestFilter.java:116) ~[spring-web-6.0.8.jar:6.0.8]
	at org.springframework.mock.web.MockFilterChain.doFilter(MockFilterChain.java:132) ~[spring-test-6.0.8.jar:6.0.8]
	at org.springframework.web.filter.CharacterEncodingFilter.doFilterInternal(CharacterEncodingFilter.java:201) ~[spring-web-6.0.8.jar:6.0.8]
	at org.springframework.web.filter.OncePerRequestFilter.doFilter(OncePerRequestFilter.java:116) ~[spring-web-6.0.8.jar:6.0.8]
	at org.springframework.mock.web.MockFilterChain.doFilter(MockFilterChain.java:132) ~[spring-test-6.0.8.jar:6.0.8]
	at org.springframework.test.web.servlet.MockMvc.perform(MockMvc.java:201) ~[spring-test-6.0.8.jar:6.0.8]
	at com.cash_flow_app.apicashflow.controller.IncomeExpenseControllerTest.create(IncomeExpenseControllerTest.java:129) ~[test-classes/:na]
	at java.base/jdk.internal.reflect.DirectMethodHandleAccessor.invoke(DirectMethodHandleAccessor.java:104) ~[na:na]
	at java.base/java.lang.reflect.Method.invoke(Method.java:578) ~[na:na]
	at org.junit.platform.commons.util.ReflectionUtils.invokeMethod(ReflectionUtils.java:727) ~[junit-platform-commons-1.9.2.jar:1.9.2]
	at org.junit.jupiter.engine.execution.MethodInvocation.proceed(MethodInvocation.java:60) ~[junit-jupiter-engine-5.9.2.jar:5.9.2]
	at org.junit.jupiter.engine.execution.InvocationInterceptorChain$ValidatingInvocation.proceed(InvocationInterceptorChain.java:131) ~[junit-jupiter-engine-5.9.2.jar:5.9.2]
	at org.junit.jupiter.engine.extension.TimeoutExtension.intercept(TimeoutExtension.java:156) ~[junit-jupiter-engine-5.9.2.jar:5.9.2]
	at org.junit.jupiter.engine.extension.TimeoutExtension.interceptTestableMethod(TimeoutExtension.java:147) ~[junit-jupiter-engine-5.9.2.jar:5.9.2]
	at org.junit.jupiter.engine.extension.TimeoutExtension.interceptTestMethod(TimeoutExtension.java:86) ~[junit-jupiter-engine-5.9.2.jar:5.9.2]
	at org.junit.jupiter.engine.execution.InterceptingExecutableInvoker$ReflectiveInterceptorCall.lambda$ofVoidMethod$0(InterceptingExecutableInvoker.java:103) ~[junit-jupiter-engine-5.9.2.jar:5.9.2]
	at org.junit.jupiter.engine.execution.InterceptingExecutableInvoker.lambda$invoke$0(InterceptingExecutableInvoker.java:93) ~[junit-jupiter-engine-5.9.2.jar:5.9.2]
	at org.junit.jupiter.engine.execution.InvocationInterceptorChain$InterceptedInvocation.proceed(InvocationInterceptorChain.java:106) ~[junit-jupiter-engine-5.9.2.jar:5.9.2]
	at org.junit.jupiter.engine.execution.InvocationInterceptorChain.proceed(InvocationInterceptorChain.java:64) ~[junit-jupiter-engine-5.9.2.jar:5.9.2]
	at org.junit.jupiter.engine.execution.InvocationInterceptorChain.chainAndInvoke(InvocationInterceptorChain.java:45) ~[junit-jupiter-engine-5.9.2.jar:5.9.2]
	at org.junit.jupiter.engine.execution.InvocationInterceptorChain.invoke(InvocationInterceptorChain.java:37) ~[junit-jupiter-engine-5.9.2.jar:5.9.2]
	at org.junit.jupiter.engine.execution.InterceptingExecutableInvoker.invoke(InterceptingExecutableInvoker.java:92) ~[junit-jupiter-engine-5.9.2.jar:5.9.2]
	at org.junit.jupiter.engine.execution.InterceptingExecutableInvoker.invoke(InterceptingExecutableInvoker.java:86) ~[junit-jupiter-engine-5.9.2.jar:5.9.2]
	at org.junit.jupiter.engine.descriptor.TestMethodTestDescriptor.lambda$invokeTestMethod$7(TestMethodTestDescriptor.java:217) ~[junit-jupiter-engine-5.9.2.jar:5.9.2]
	at org.junit.platform.engine.support.hierarchical.ThrowableCollector.execute(ThrowableCollector.java:73) ~[junit-platform-engine-1.9.2.jar:1.9.2]
	at org.junit.jupiter.engine.descriptor.TestMethodTestDescriptor.invokeTestMethod(TestMethodTestDescriptor.java:213) ~[junit-jupiter-engine-5.9.2.jar:5.9.2]
	at org.junit.jupiter.engine.descriptor.TestMethodTestDescriptor.execute(TestMethodTestDescriptor.java:138) ~[junit-jupiter-engine-5.9.2.jar:5.9.2]
	at org.junit.jupiter.engine.descriptor.TestMethodTestDescriptor.execute(TestMethodTestDescriptor.java:68) ~[junit-jupiter-engine-5.9.2.jar:5.9.2]
	at org.junit.platform.engine.support.hierarchical.NodeTestTask.lambda$executeRecursively$6(NodeTestTask.java:151) ~[junit-platform-engine-1.9.2.jar:1.9.2]
	at org.junit.platform.engine.support.hierarchical.ThrowableCollector.execute(ThrowableCollector.java:73) ~[junit-platform-engine-1.9.2.jar:1.9.2]
	at org.junit.platform.engine.support.hierarchical.NodeTestTask.lambda$executeRecursively$8(NodeTestTask.java:141) ~[junit-platform-engine-1.9.2.jar:1.9.2]
	at org.junit.platform.engine.support.hierarchical.Node.around(Node.java:137) ~[junit-platform-engine-1.9.2.jar:1.9.2]
	at org.junit.platform.engine.support.hierarchical.NodeTestTask.lambda$executeRecursively$9(NodeTestTask.java:139) ~[junit-platform-engine-1.9.2.jar:1.9.2]
	at org.junit.platform.engine.support.hierarchical.ThrowableCollector.execute(ThrowableCollector.java:73) ~[junit-platform-engine-1.9.2.jar:1.9.2]
	at org.junit.platform.engine.support.hierarchical.NodeTestTask.executeRecursively(NodeTestTask.java:138) ~[junit-platform-engine-1.9.2.jar:1.9.2]
	at org.junit.platform.engine.support.hierarchical.NodeTestTask.execute(NodeTestTask.java:95) ~[junit-platform-engine-1.9.2.jar:1.9.2]
	at java.base/java.util.ArrayList.forEach(ArrayList.java:1511) ~[na:na]
	at org.junit.platform.engine.support.hierarchical.SameThreadHierarchicalTestExecutorService.invokeAll(SameThreadHierarchicalTestExecutorService.java:41) ~[junit-platform-engine-1.9.2.jar:1.9.2]
	at org.junit.platform.engine.support.hierarchical.NodeTestTask.lambda$executeRecursively$6(NodeTestTask.java:155) ~[junit-platform-engine-1.9.2.jar:1.9.2]
	at org.junit.platform.engine.support.hierarchical.ThrowableCollector.execute(ThrowableCollector.java:73) ~[junit-platform-engine-1.9.2.jar:1.9.2]
	at org.junit.platform.engine.support.hierarchical.NodeTestTask.lambda$executeRecursively$8(NodeTestTask.java:141) ~[junit-platform-engine-1.9.2.jar:1.9.2]
	at org.junit.platform.engine.support.hierarchical.Node.around(Node.java:137) ~[junit-platform-engine-1.9.2.jar:1.9.2]
	at org.junit.platform.engine.support.hierarchical.NodeTestTask.lambda$executeRecursively$9(NodeTestTask.java:139) ~[junit-platform-engine-1.9.2.jar:1.9.2]
	at org.junit.platform.engine.support.hierarchical.ThrowableCollector.execute(ThrowableCollector.java:73) ~[junit-platform-engine-1.9.2.jar:1.9.2]
	at org.junit.platform.engine.support.hierarchical.NodeTestTask.executeRecursively(NodeTestTask.java:138) ~[junit-platform-engine-1.9.2.jar:1.9.2]
	at org.junit.platform.engine.support.hierarchical.NodeTestTask.execute(NodeTestTask.java:95) ~[junit-platform-engine-1.9.2.jar:1.9.2]
	at java.base/java.util.ArrayList.forEach(ArrayList.java:1511) ~[na:na]
	at org.junit.platform.engine.support.hierarchical.SameThreadHierarchicalTestExecutorService.invokeAll(SameThreadHierarchicalTestExecutorService.java:41) ~[junit-platform-engine-1.9.2.jar:1.9.2]
	at org.junit.platform.engine.support.hierarchical.NodeTestTask.lambda$executeRecursively$6(NodeTestTask.java:155) ~[junit-platform-engine-1.9.2.jar:1.9.2]
	at org.junit.platform.engine.support.hierarchical.ThrowableCollector.execute(ThrowableCollector.java:73) ~[junit-platform-engine-1.9.2.jar:1.9.2]
	at org.junit.platform.engine.support.hierarchical.NodeTestTask.lambda$executeRecursively$8(NodeTestTask.java:141) ~[junit-platform-engine-1.9.2.jar:1.9.2]
	at org.junit.platform.engine.support.hierarchical.Node.around(Node.java:137) ~[junit-platform-engine-1.9.2.jar:1.9.2]
	at org.junit.platform.engine.support.hierarchical.NodeTestTask.lambda$executeRecursively$9(NodeTestTask.java:139) ~[junit-platform-engine-1.9.2.jar:1.9.2]
	at org.junit.platform.engine.support.hierarchical.ThrowableCollector.execute(ThrowableCollector.java:73) ~[junit-platform-engine-1.9.2.jar:1.9.2]
	at org.junit.platform.engine.support.hierarchical.NodeTestTask.executeRecursively(NodeTestTask.java:138) ~[junit-platform-engine-1.9.2.jar:1.9.2]
	at org.junit.platform.engine.support.hierarchical.NodeTestTask.execute(NodeTestTask.java:95) ~[junit-platform-engine-1.9.2.jar:1.9.2]
	at org.junit.platform.engine.support.hierarchical.SameThreadHierarchicalTestExecutorService.submit(SameThreadHierarchicalTestExecutorService.java:35) ~[junit-platform-engine-1.9.2.jar:1.9.2]
	at org.junit.platform.engine.support.hierarchical.HierarchicalTestExecutor.execute(HierarchicalTestExecutor.java:57) ~[junit-platform-engine-1.9.2.jar:1.9.2]
	at org.junit.platform.engine.support.hierarchical.HierarchicalTestEngine.execute(HierarchicalTestEngine.java:54) ~[junit-platform-engine-1.9.2.jar:1.9.2]
	at org.junit.platform.launcher.core.DefaultLauncher.execute(DefaultLauncher.java:220) ~[junit-platform-launcher-1.3.1.jar:1.3.1]
	at org.junit.platform.launcher.core.DefaultLauncher.lambda$execute$6(DefaultLauncher.java:188) ~[junit-platform-launcher-1.3.1.jar:1.3.1]
	at org.junit.platform.launcher.core.DefaultLauncher.withInterceptedStreams(DefaultLauncher.java:202) ~[junit-platform-launcher-1.3.1.jar:1.3.1]
	at org.junit.platform.launcher.core.DefaultLauncher.execute(DefaultLauncher.java:181) ~[junit-platform-launcher-1.3.1.jar:1.3.1]
	at org.junit.platform.launcher.core.DefaultLauncher.execute(DefaultLauncher.java:128) ~[junit-platform-launcher-1.3.1.jar:1.3.1]
	at org.apache.maven.surefire.junitplatform.JUnitPlatformProvider.invokeAllTests(JUnitPlatformProvider.java:150) ~[surefire-junit-platform-2.22.2.jar:2.22.2]
	at org.apache.maven.surefire.junitplatform.JUnitPlatformProvider.invoke(JUnitPlatformProvider.java:124) ~[surefire-junit-platform-2.22.2.jar:2.22.2]
	at org.apache.maven.surefire.booter.ForkedBooter.invokeProviderInSameClassLoader(ForkedBooter.java:384) ~[surefire-booter-2.22.2.jar:2.22.2]
	at org.apache.maven.surefire.booter.ForkedBooter.runSuitesInProcess(ForkedBooter.java:345) ~[surefire-booter-2.22.2.jar:2.22.2]
	at org.apache.maven.surefire.booter.ForkedBooter.execute(ForkedBooter.java:126) ~[surefire-booter-2.22.2.jar:2.22.2]
	at org.apache.maven.surefire.booter.ForkedBooter.main(ForkedBooter.java:418) ~[surefire-booter-2.22.2.jar:2.22.2]

2023-11-28T22:11:58.686-05:00 DEBUG 27472 --- [           main] org.springframework.test.context.cache   : Spring test ApplicationContext cache statistics: [DefaultContextCache@8caffbd size = 3, maxSize = 32, parentContextCount = 0, hitCount = 392, missCount = 3]
2023-11-28T22:11:58.686-05:00 DEBUG 27472 --- [           main] org.springframework.test.context.cache   : Spring test ApplicationContext cache statistics: [DefaultContextCache@8caffbd size = 3, maxSize = 32, parentContextCount = 0, hitCount = 393, missCount = 3]
2023-11-28T22:11:58.686-05:00 DEBUG 27472 --- [           main] org.springframework.test.context.cache   : Spring test ApplicationContext cache statistics: [DefaultContextCache@8caffbd size = 3, maxSize = 32, parentContextCount = 0, hitCount = 394, missCount = 3]

MockHttpServletRequest:
      HTTP Method = POST
      Request URI = /api/v1/user/signup
       Parameters = {_csrf=[Otl9fwBLWOnMvIyNDc8jlphegpmNBd7R1S7tGrhH6blPjvKGC-lPR2F5aNvhhbW9aOIXof06r_u-POf85krUKN13iol-68bi]}
          Headers = [Content-Type:"application/json;charset=UTF-8", Content-Length:"237"]
             Body = {"username":"usuario_test","password":"123456","authorities":[{"endpoint":"Account","actions":["CREATE","READ","DELETE"]},{"endpoint":"User","actions":["CREATE","READ"]},{"endpoint":"IncomeExpense","actions":["CREATE","READ","DELETE"]}]}
    Session Attrs = {}

Handler:
             Type = com.cash_flow_app.apicashflow.controller.UserController
           Method = com.cash_flow_app.apicashflow.controller.UserController#signup(UserDto)

Async:
    Async started = false
     Async result = null

Resolved Exception:
             Type = null

ModelAndView:
        View name = null
             View = null
            Model = null

FlashMap:
       Attributes = null

MockHttpServletResponse:
           Status = 200
    Error message = null
          Headers = [Vary:"Origin", "Access-Control-Request-Method", "Access-Control-Request-Headers", Content-Type:"application/json", X-Content-Type-Options:"nosniff", X-XSS-Protection:"0", Cache-Control:"no-cache, no-store, max-age=0, must-revalidate", Pragma:"no-cache", Expires:"0", X-Frame-Options:"DENY"]
     Content type = application/json
             Body = {"username":"usuario_test","password":null,"token_auth":"eyJhbGciOiJIUzUxMiJ9.eyJzdWIiOiJ1c3VhcmlvX3Rlc3QiLCJleHAiOjE3MDM4MTk1MTh9._RjmE35ZWwlgi-J6GUPzAIK95KKwCYwqRJzwkTW-pOWpMEaBJNZ2mk9w8ZBH48tP7shOXrP38_jru9Eshz1Dsg","authorities":[{"endpoint":"Account","actions":["CREATE","READ","DELETE"]},{"endpoint":"User","actions":["CREATE","READ"]},{"endpoint":"IncomeExpense","actions":["CREATE","READ","DELETE"]}]}
    Forwarded URL = null
   Redirected URL = null
          Cookies = []

MockHttpServletRequest:
      HTTP Method = POST
      Request URI = /api/v1/user/login
       Parameters = {_csrf=[0hN7flRxHKFdFO3uAvlvCn_PAlewQLqYAUlFoUqfkfp1ZX8TsSEeHDdHKcRwItvdNtRbaUf6LzbVJdi1Yn12lHms9MJGUhon]}
          Headers = [Content-Type:"application/json;charset=UTF-8", Content-Length:"52"]
             Body = { "username": "usuario_test", "password": "123456" }
    Session Attrs = {}

Handler:
             Type = null

Async:
    Async started = false
     Async result = null

Resolved Exception:
             Type = null

ModelAndView:
        View name = null
             View = null
            Model = null

FlashMap:
       Attributes = null

MockHttpServletResponse:
           Status = 200
    Error message = null
          Headers = [Vary:"Origin", "Access-Control-Request-Method", "Access-Control-Request-Headers", Authorization:"Bearer eyJhbGciOiJIUzUxMiJ9.eyJzdWIiOiJ1c3VhcmlvX3Rlc3QiLCJleHAiOjE3MDM4MTk1MTh9._RjmE35ZWwlgi-J6GUPzAIK95KKwCYwqRJzwkTW-pOWpMEaBJNZ2mk9w8ZBH48tP7shOXrP38_jru9Eshz1Dsg", Access-Control-Expose-Headers:"Authorization", X-Content-Type-Options:"nosniff", X-XSS-Protection:"0", Cache-Control:"no-cache, no-store, max-age=0, must-revalidate", Pragma:"no-cache", Expires:"0", X-Frame-Options:"DENY"]
     Content type = null
             Body = 
    Forwarded URL = null
   Redirected URL = null
          Cookies = []

MockHttpServletRequest:
      HTTP Method = POST
      Request URI = /api/v1/account/create
       Parameters = {_csrf=[Np5A5PYYTfrusoQ2SBEVGTx3og7YW48V55zlVsOVMD0pzJbfV6dy1cZ5L5nDgbYDLjwhLl1Bjze5OL04hvqHbvGkCAhI_vC6]}
          Headers = [Content-Type:"application/json;charset=UTF-8", Authorization:"Bearer eyJhbGciOiJIUzUxMiJ9.eyJzdWIiOiJ1c3VhcmlvX3Rlc3QiLCJleHAiOjE3MDM4MTk1MTh9._RjmE35ZWwlgi-J6GUPzAIK95KKwCYwqRJzwkTW-pOWpMEaBJNZ2mk9w8ZBH48tP7shOXrP38_jru9Eshz1Dsg", Content-Length:"74"]
             Body = {"id":null,"description":"descripcion de cuenta","users":["usuario_test"]}
    Session Attrs = {SPRING_SECURITY_CONTEXT=SecurityContextImpl [Authentication=UsernamePasswordAuthenticationToken [Principal=usuario_test, Credentials=[PROTECTED], Authenticated=true, Details=null, Granted Authorities=[ENDPOINT_ACCOUNT_PERMISSION_CREATE, ENDPOINT_ACCOUNT_PERMISSION_READ, ENDPOINT_ACCOUNT_PERMISSION_DELETE, ENDPOINT_USER_PERMISSION_CREATE, ENDPOINT_USER_PERMISSION_READ, ENDPOINT_INCOMEEXPENSE_PERMISSION_CREATE, ENDPOINT_INCOMEEXPENSE_PERMISSION_READ, ENDPOINT_INCOMEEXPENSE_PERMISSION_DELETE]]]}

Handler:
             Type = com.cash_flow_app.apicashflow.controller.AccountController
           Method = com.cash_flow_app.apicashflow.controller.AccountController#create(AccountDto)

Async:
    Async started = false
     Async result = null

Resolved Exception:
             Type = null

ModelAndView:
        View name = null
             View = null
            Model = null

FlashMap:
       Attributes = null

MockHttpServletResponse:
           Status = 200
    Error message = null
          Headers = [Vary:"Origin", "Access-Control-Request-Method", "Access-Control-Request-Headers", Content-Type:"application/json", X-Content-Type-Options:"nosniff", X-XSS-Protection:"0", Cache-Control:"no-cache, no-store, max-age=0, must-revalidate", Pragma:"no-cache", Expires:"0", X-Frame-Options:"DENY"]
     Content type = application/json
             Body = {"id":"57b5700c-c7e3-462d-bdf4-c8b27ef53a22","description":"descripcion de cuenta","users":["usuario_test","usuario_test"]}
    Forwarded URL = null
   Redirected URL = null
          Cookies = []
2023-11-28T22:11:58.687-05:00 DEBUG 27472 --- [           main] org.springframework.test.context.cache   : Spring test ApplicationContext cache statistics: [DefaultContextCache@8caffbd size = 3, maxSize = 32, parentContextCount = 0, hitCount = 395, missCount = 3]
2023-11-28T22:11:58.687-05:00 DEBUG 27472 --- [           main] org.springframework.test.context.cache   : Spring test ApplicationContext cache statistics: [DefaultContextCache@8caffbd size = 3, maxSize = 32, parentContextCount = 0, hitCount = 396, missCount = 3]
2023-11-28T22:11:58.688-05:00 DEBUG 27472 --- [           main] org.springframework.test.context.cache   : Spring test ApplicationContext cache statistics: [DefaultContextCache@8caffbd size = 3, maxSize = 32, parentContextCount = 0, hitCount = 397, missCount = 3]
2023-11-28T22:11:58.688-05:00 DEBUG 27472 --- [           main] org.springframework.test.context.cache   : Spring test ApplicationContext cache statistics: [DefaultContextCache@8caffbd size = 3, maxSize = 32, parentContextCount = 0, hitCount = 398, missCount = 3]
2023-11-28T22:11:58.688-05:00 DEBUG 27472 --- [           main] o.s.orm.jpa.JpaTransactionManager        : Initiating transaction rollback
2023-11-28T22:11:58.688-05:00 DEBUG 27472 --- [           main] o.s.orm.jpa.JpaTransactionManager        : Rolling back JPA transaction on EntityManager [SessionImpl(1340832443<open>)]
2023-11-28T22:11:58.688-05:00 DEBUG 27472 --- [           main] o.h.e.t.internal.TransactionImpl         : rolling back
2023-11-28T22:11:58.688-05:00 DEBUG 27472 --- [           main] org.postgresql.jdbc.PgConnection         :   setAutoCommit = true
2023-11-28T22:11:58.688-05:00 DEBUG 27472 --- [           main] o.s.orm.jpa.JpaTransactionManager        : Closing JPA EntityManager [SessionImpl(1340832443<open>)] after transaction
2023-11-28T22:11:58.688-05:00 DEBUG 27472 --- [           main] o.h.e.jdbc.internal.JdbcCoordinatorImpl  : HHH000420: Closing un-released batch
2023-11-28T22:11:58.688-05:00 DEBUG 27472 --- [           main] o.s.t.c.transaction.TransactionContext   : Rolled back transaction (1) for test class [com.cash_flow_app.apicashflow.controller.IncomeExpenseControllerTest]; test method [create]
2023-11-28T22:11:58.688-05:00 DEBUG 27472 --- [           main] tractDirtiesContextTestExecutionListener : After test method: class [IncomeExpenseControllerTest], method [create], class annotated with @DirtiesContext [false] with mode [null], method annotated with @DirtiesContext [false] with mode [null]
2023-11-28T22:11:58.688-05:00 DEBUG 27472 --- [           main] o.s.t.c.w.ServletTestExecutionListener   : Resetting RequestContextHolder for test class com.cash_flow_app.apicashflow.controller.IncomeExpenseControllerTest
]]></system-out>
  </testcase>
  <testcase name="getAllExpenses" classname="com.cash_flow_app.apicashflow.controller.IncomeExpenseControllerTest" time="0.215">
    <error message="could not execute statement; SQL [n/a]; constraint [user_account_pkey]" type="org.springframework.dao.DataIntegrityViolationException">org.springframework.dao.DataIntegrityViolationException: could not execute statement; SQL [n/a]; constraint [user_account_pkey]
	at com.cash_flow_app.apicashflow.controller.IncomeExpenseControllerTest.createIncomeExpenseResult(IncomeExpenseControllerTest.java:250)
	at com.cash_flow_app.apicashflow.controller.IncomeExpenseControllerTest.getAllExpenses(IncomeExpenseControllerTest.java:177)
Caused by: org.hibernate.exception.ConstraintViolationException: could not execute statement
	at com.cash_flow_app.apicashflow.controller.IncomeExpenseControllerTest.createIncomeExpenseResult(IncomeExpenseControllerTest.java:250)
	at com.cash_flow_app.apicashflow.controller.IncomeExpenseControllerTest.getAllExpenses(IncomeExpenseControllerTest.java:177)
Caused by: org.postgresql.util.PSQLException: 
ERROR: duplicate key value violates unique constraint "user_account_pkey"
  Detail: Key (user_id, account_id)=(868f4b4a-a5ea-4f56-bc28-23c4483dd87a, ad3faa75-06f2-4044-a351-fbfcef8523db) already exists.
	at com.cash_flow_app.apicashflow.controller.IncomeExpenseControllerTest.createIncomeExpenseResult(IncomeExpenseControllerTest.java:250)
	at com.cash_flow_app.apicashflow.controller.IncomeExpenseControllerTest.getAllExpenses(IncomeExpenseControllerTest.java:177)
</error>
    <system-out><![CDATA[2023-11-28T22:11:58.689-05:00 DEBUG 27472 --- [           main] org.springframework.test.context.cache   : Spring test ApplicationContext cache statistics: [DefaultContextCache@8caffbd size = 3, maxSize = 32, parentContextCount = 0, hitCount = 399, missCount = 3]
2023-11-28T22:11:58.689-05:00 DEBUG 27472 --- [           main] o.s.t.c.w.ServletTestExecutionListener   : Setting up MockHttpServletRequest, MockHttpServletResponse, ServletWebRequest, and RequestContextHolder for test class com.cash_flow_app.apicashflow.controller.IncomeExpenseControllerTest
2023-11-28T22:11:58.689-05:00 DEBUG 27472 --- [           main] DependencyInjectionTestExecutionListener : Performing dependency injection for test class com.cash_flow_app.apicashflow.controller.IncomeExpenseControllerTest
2023-11-28T22:11:58.689-05:00 DEBUG 27472 --- [           main] org.springframework.test.context.cache   : Spring test ApplicationContext cache statistics: [DefaultContextCache@8caffbd size = 3, maxSize = 32, parentContextCount = 0, hitCount = 400, missCount = 3]
2023-11-28T22:11:58.689-05:00 DEBUG 27472 --- [           main] org.springframework.test.context.cache   : Spring test ApplicationContext cache statistics: [DefaultContextCache@8caffbd size = 3, maxSize = 32, parentContextCount = 0, hitCount = 401, missCount = 3]
2023-11-28T22:11:58.689-05:00 DEBUG 27472 --- [           main] tractDirtiesContextTestExecutionListener : Before test method: class [IncomeExpenseControllerTest], method [getAllExpenses], class annotated with @DirtiesContext [false] with mode [null], method annotated with @DirtiesContext [false] with mode [null]
2023-11-28T22:11:58.689-05:00 DEBUG 27472 --- [           main] t.c.t.TransactionalTestExecutionListener : Explicit transaction definition [PROPAGATION_REQUIRED,ISOLATION_DEFAULT] found for test class [com.cash_flow_app.apicashflow.controller.IncomeExpenseControllerTest] and test method [getAllExpenses]
2023-11-28T22:11:58.690-05:00 DEBUG 27472 --- [           main] org.springframework.test.context.cache   : Spring test ApplicationContext cache statistics: [DefaultContextCache@8caffbd size = 3, maxSize = 32, parentContextCount = 0, hitCount = 402, missCount = 3]
2023-11-28T22:11:58.690-05:00 DEBUG 27472 --- [           main] t.c.t.TransactionalTestExecutionListener : No method-level @Rollback override: using default rollback [true] for test method [void com.cash_flow_app.apicashflow.controller.IncomeExpenseControllerTest.getAllExpenses() throws java.lang.Exception]
2023-11-28T22:11:58.690-05:00 DEBUG 27472 --- [           main] o.s.orm.jpa.JpaTransactionManager        : Creating new transaction with name [com.cash_flow_app.apicashflow.controller.IncomeExpenseControllerTest.getAllExpenses]: PROPAGATION_REQUIRED,ISOLATION_DEFAULT
2023-11-28T22:11:58.690-05:00 DEBUG 27472 --- [           main] o.s.orm.jpa.JpaTransactionManager        : Opened new EntityManager [SessionImpl(225879741<open>)] for JPA transaction
2023-11-28T22:11:58.690-05:00 DEBUG 27472 --- [           main] o.h.e.t.internal.TransactionImpl         : On TransactionImpl creation, JpaCompliance#isJpaTransactionComplianceEnabled == false
2023-11-28T22:11:58.690-05:00 DEBUG 27472 --- [           main] o.h.e.t.internal.TransactionImpl         : begin
2023-11-28T22:11:58.690-05:00 DEBUG 27472 --- [           main] org.postgresql.jdbc.PgConnection         :   setAutoCommit = false
2023-11-28T22:11:58.690-05:00 DEBUG 27472 --- [           main] o.s.orm.jpa.JpaTransactionManager        : Exposing JPA transaction as JDBC [org.springframework.orm.jpa.vendor.HibernateJpaDialect$HibernateConnectionHandle@38cbc9a7]
2023-11-28T22:11:58.690-05:00 DEBUG 27472 --- [           main] o.s.t.c.transaction.TransactionContext   : Began transaction (1) for test class [com.cash_flow_app.apicashflow.controller.IncomeExpenseControllerTest]; test method [getAllExpenses]; transaction manager [org.springframework.orm.jpa.JpaTransactionManager@6448679f]; rollback [true]
2023-11-28T22:11:58.690-05:00 DEBUG 27472 --- [           main] org.springframework.test.context.cache   : Spring test ApplicationContext cache statistics: [DefaultContextCache@8caffbd size = 3, maxSize = 32, parentContextCount = 0, hitCount = 403, missCount = 3]
2023-11-28T22:11:58.690-05:00 DEBUG 27472 --- [           main] org.springframework.test.context.cache   : Spring test ApplicationContext cache statistics: [DefaultContextCache@8caffbd size = 3, maxSize = 32, parentContextCount = 0, hitCount = 404, missCount = 3]
2023-11-28T22:11:58.691-05:00 DEBUG 27472 --- [           main] o.s.test.util.ReflectionTestUtils        : Invoking method 'getFilters' on target object [FilterChainProxy[Filter Chains: [DefaultSecurityFilterChain [RequestMatcher=any request, Filters=[org.springframework.security.web.session.DisableEncodeUrlFilter@120e3ebb, org.springframework.security.web.session.ForceEagerSessionCreationFilter@753f1c3e, org.springframework.security.web.context.request.async.WebAsyncManagerIntegrationFilter@5e9af5d4, org.springframework.security.web.context.SecurityContextHolderFilter@1d18e5ad, org.springframework.security.web.header.HeaderWriterFilter@73b68d98, org.springframework.web.filter.CorsFilter@7863e6b2, org.springframework.security.web.authentication.logout.LogoutFilter@1e5a8278, JWTAuthorizationFilter(loginService=com.cash_flow_app.apicashflow.entities_repositories_and_services.base.security.LoginService@508b9c16), com.cash_flow_app.apicashflow.entities_repositories_and_services.base.security.JWTAuthenticationFilter@6fd2b939, org.springframework.security.web.savedrequest.RequestCacheAwareFilter@11def039, org.springframework.security.web.servletapi.SecurityContextHolderAwareRequestFilter@564375d7, org.springframework.security.web.authentication.AnonymousAuthenticationFilter@c4aa99e, org.springframework.security.web.session.SessionManagementFilter@69af6978, org.springframework.security.web.access.ExceptionTranslationFilter@4469046b, org.springframework.security.web.access.intercept.AuthorizationFilter@588d2e90]]]]] or target class [null] with arguments {org.springframework.mock.web.MockHttpServletRequest@1006fe59}
2023-11-28T22:11:58.691-05:00 DEBUG 27472 --- [           main] o.s.test.util.ReflectionTestUtils        : Invoking method 'getFilters' on target object [FilterChainProxy[Filter Chains: [DefaultSecurityFilterChain [RequestMatcher=any request, Filters=[org.springframework.security.web.session.DisableEncodeUrlFilter@120e3ebb, org.springframework.security.web.session.ForceEagerSessionCreationFilter@753f1c3e, org.springframework.security.web.context.request.async.WebAsyncManagerIntegrationFilter@5e9af5d4, org.springframework.security.web.context.SecurityContextHolderFilter@1d18e5ad, org.springframework.security.web.header.HeaderWriterFilter@73b68d98, org.springframework.web.filter.CorsFilter@7863e6b2, org.springframework.security.web.authentication.logout.LogoutFilter@1e5a8278, JWTAuthorizationFilter(loginService=com.cash_flow_app.apicashflow.entities_repositories_and_services.base.security.LoginService@508b9c16), com.cash_flow_app.apicashflow.entities_repositories_and_services.base.security.JWTAuthenticationFilter@6fd2b939, org.springframework.security.web.savedrequest.RequestCacheAwareFilter@11def039, org.springframework.security.web.servletapi.SecurityContextHolderAwareRequestFilter@564375d7, org.springframework.security.web.authentication.AnonymousAuthenticationFilter@c4aa99e, org.springframework.security.web.session.SessionManagementFilter@69af6978, org.springframework.security.web.access.ExceptionTranslationFilter@4469046b, org.springframework.security.web.access.intercept.AuthorizationFilter@588d2e90]]]]] or target class [null] with arguments {org.springframework.mock.web.MockHttpServletRequest@1006fe59}
2023-11-28T22:11:58.691-05:00 DEBUG 27472 --- [           main] o.s.test.util.ReflectionTestUtils        : Invoking method 'getFilters' on target object [FilterChainProxy[Filter Chains: [DefaultSecurityFilterChain [RequestMatcher=any request, Filters=[org.springframework.security.web.session.DisableEncodeUrlFilter@120e3ebb, org.springframework.security.web.session.ForceEagerSessionCreationFilter@753f1c3e, org.springframework.security.web.context.request.async.WebAsyncManagerIntegrationFilter@5e9af5d4, org.springframework.security.web.context.SecurityContextHolderFilter@1d18e5ad, org.springframework.security.web.header.HeaderWriterFilter@73b68d98, org.springframework.web.filter.CorsFilter@7863e6b2, org.springframework.security.web.authentication.logout.LogoutFilter@1e5a8278, JWTAuthorizationFilter(loginService=com.cash_flow_app.apicashflow.entities_repositories_and_services.base.security.LoginService@508b9c16), com.cash_flow_app.apicashflow.entities_repositories_and_services.base.security.JWTAuthenticationFilter@6fd2b939, org.springframework.security.web.savedrequest.RequestCacheAwareFilter@11def039, org.springframework.security.web.servletapi.SecurityContextHolderAwareRequestFilter@564375d7, org.springframework.security.web.authentication.AnonymousAuthenticationFilter@c4aa99e, org.springframework.security.web.session.SessionManagementFilter@69af6978, org.springframework.security.web.access.ExceptionTranslationFilter@4469046b, org.springframework.security.web.access.intercept.AuthorizationFilter@588d2e90]]]]] or target class [null] with arguments {org.springframework.mock.web.MockHttpServletRequest@1006fe59}
2023-11-28T22:11:58.691-05:00 DEBUG 27472 --- [           main] o.s.security.web.FilterChainProxy        : Securing POST /api/v1/user/signup
2023-11-28T22:11:58.691-05:00 DEBUG 27472 --- [           main] .s.s.w.s.ForceEagerSessionCreationFilter : Created session eagerly
2023-11-28T22:11:58.691-05:00 DEBUG 27472 --- [           main] o.s.s.w.a.AnonymousAuthenticationFilter  : Set SecurityContextHolder to anonymous SecurityContext
2023-11-28T22:11:58.691-05:00 DEBUG 27472 --- [           main] s.w.s.m.m.a.RequestMappingHandlerMapping : Mapped to com.cash_flow_app.apicashflow.controller.UserController#signup(UserDto)
2023-11-28T22:11:58.691-05:00 DEBUG 27472 --- [           main] s.w.s.m.m.a.RequestMappingHandlerMapping : Mapped to com.cash_flow_app.apicashflow.controller.UserController#signup(UserDto)
2023-11-28T22:11:58.692-05:00 DEBUG 27472 --- [           main] s.w.s.m.m.a.RequestMappingHandlerMapping : Mapped to com.cash_flow_app.apicashflow.controller.UserController#signup(UserDto)
2023-11-28T22:11:58.692-05:00 DEBUG 27472 --- [           main] s.w.s.m.m.a.RequestMappingHandlerMapping : Mapped to com.cash_flow_app.apicashflow.controller.UserController#signup(UserDto)
2023-11-28T22:11:58.692-05:00 DEBUG 27472 --- [           main] s.w.s.m.m.a.RequestMappingHandlerMapping : Mapped to com.cash_flow_app.apicashflow.controller.UserController#signup(UserDto)
2023-11-28T22:11:58.692-05:00 DEBUG 27472 --- [           main] s.w.s.m.m.a.RequestMappingHandlerMapping : Mapped to com.cash_flow_app.apicashflow.controller.UserController#signup(UserDto)
2023-11-28T22:11:58.692-05:00 DEBUG 27472 --- [           main] s.w.s.m.m.a.RequestMappingHandlerMapping : Mapped to com.cash_flow_app.apicashflow.controller.UserController#signup(UserDto)
2023-11-28T22:11:58.692-05:00 DEBUG 27472 --- [           main] o.s.security.web.FilterChainProxy        : Secured POST /api/v1/user/signup
2023-11-28T22:11:58.692-05:00 DEBUG 27472 --- [           main] o.s.t.web.servlet.TestDispatcherServlet  : POST "/api/v1/user/signup", parameters={masked}
2023-11-28T22:11:58.692-05:00 DEBUG 27472 --- [           main] s.w.s.m.m.a.RequestMappingHandlerMapping : Mapped to com.cash_flow_app.apicashflow.controller.UserController#signup(UserDto)
2023-11-28T22:11:58.692-05:00 DEBUG 27472 --- [           main] m.m.a.RequestResponseBodyMethodProcessor : Read "application/json;charset=UTF-8" to [UserDto(username=usuario_test, password=123456, authorities=[{endpoint=Account, actions=[CREATE, REA (truncated)...]
2023-11-28T22:11:58.693-05:00 DEBUG 27472 --- [           main] org.hibernate.orm.sql.ast.create         : Created new SQL alias : a1_0
2023-11-28T22:11:58.693-05:00 DEBUG 27472 --- [           main] org.hibernate.orm.sql.ast.create         : Registration of TableGroup [StandardTableGroup(com.cash_flow_app.apicashflow.entities_repositories_and_services.base.authority.Authority(35202161494041))] with identifierForTableGroup [com.cash_flow_app.apicashflow.entities_repositories_and_services.base.authority.Authority] for NavigablePath [com.cash_flow_app.apicashflow.entities_repositories_and_services.base.authority.Authority] 
2023-11-28T22:11:58.693-05:00 DEBUG 27472 --- [           main] o.h.q.sqm.sql.BaseSqmToSqlAstConverter   : Determining mapping-model type for SqmParameter : org.hibernate.query.sqm.tree.expression.SqmJpaCriteriaParameterWrapper@3dacb927
2023-11-28T22:11:58.693-05:00 DEBUG 27472 --- [           main] o.h.q.sqm.sql.BaseSqmToSqlAstConverter   : Determining mapping-model type for SqmPath : SqmBasicValuedSimplePath(com.cash_flow_app.apicashflow.entities_repositories_and_services.base.authority.Authority(35202161494041).permission) 
2023-11-28T22:11:58.693-05:00 DEBUG 27472 --- [           main] o.h.q.sqm.sql.BaseSqmToSqlAstConverter   : Determining mapping-model type for SqmParameter : org.hibernate.query.sqm.tree.expression.SqmJpaCriteriaParameterWrapper@5d7b361
2023-11-28T22:11:58.693-05:00 DEBUG 27472 --- [           main] o.h.q.sqm.sql.BaseSqmToSqlAstConverter   : Determining mapping-model type for SqmPath : SqmBasicValuedSimplePath(com.cash_flow_app.apicashflow.entities_repositories_and_services.base.authority.Authority(35202161494041).endpoint) 
2023-11-28T22:11:58.693-05:00 DEBUG 27472 --- [           main] org.hibernate.orm.results.graph.AST      : DomainResult Graph:
 \-EntityResultImpl [com.cash_flow_app.apicashflow.entities_repositories_and_services.base.authority.Authority(35202161494041)]
 |  +-BasicFetch [com.cash_flow_app.apicashflow.entities_repositories_and_services.base.authority.Authority(35202161494041).endpoint]
 |  \-BasicFetch [com.cash_flow_app.apicashflow.entities_repositories_and_services.base.authority.Authority(35202161494041).permission]

2023-11-28T22:11:58.693-05:00 DEBUG 27472 --- [           main] org.hibernate.orm.sql.ast.tree           : SQL AST Tree:
    SelectStatement {
      FromClause {
        StandardTableGroup (a1 : com.cash_flow_app.apicashflow.entities_repositories_and_services.base.authority.Authority(35202161494041)) {
          primaryTableReference : authorities as a1_0
        }
      }
    }

2023-11-28T22:11:58.693-05:00 DEBUG 27472 --- [           main] org.hibernate.orm.sql.exec               : Skipping reading Query result cache data: cache-enabled = false, cache-mode = NORMAL
2023-11-28T22:11:58.693-05:00 DEBUG 27472 --- [           main] org.hibernate.orm.results                : Initializer list
2023-11-28T22:11:58.693-05:00 DEBUG 27472 --- [           main] org.hibernate.orm.results                :     com.cash_flow_app.apicashflow.entities_repositories_and_services.base.authority.Authority(35202161494041) -> EntityResultInitializer(com.cash_flow_app.apicashflow.entities_repositories_and_services.base.authority.Authority(35202161494041))@615322367 (SingleTableEntityPersister(com.cash_flow_app.apicashflow.entities_repositories_and_services.base.authority.Authority))
2023-11-28T22:11:58.693-05:00 DEBUG 27472 --- [           main] org.hibernate.SQL                        : 
    select
        a1_0.id,
        a1_0.endpoint,
        a1_0.permission 
    from
        authorities a1_0 
    where
        a1_0.permission=? 
        and a1_0.endpoint=?
2023-11-28T22:11:58.693-05:00 DEBUG 27472 --- [           main] org.hibernate.orm.results                : Extracted JDBC value [0] - [9aaf7d40-45f6-4ab6-90a9-a23f4c1b5f2f]
2023-11-28T22:11:58.693-05:00 DEBUG 27472 --- [           main] o.hibernate.orm.results.loading.entity   : (EntityResultInitializer) Hydrated EntityKey (com.cash_flow_app.apicashflow.entities_repositories_and_services.base.authority.Authority(35202161494041)): 9aaf7d40-45f6-4ab6-90a9-a23f4c1b5f2f
2023-11-28T22:11:58.693-05:00 DEBUG 27472 --- [           main] o.hibernate.orm.results.loading.entity   : (EntityResultInitializer) Created new entity instance [com.cash_flow_app.apicashflow.entities_repositories_and_services.base.authority.Authority(35202161494041)#9aaf7d40-45f6-4ab6-90a9-a23f4c1b5f2f] : com.cash_flow_app.apicashflow.entities_repositories_and_services.base.authority.Authority@4e08c557
2023-11-28T22:11:58.693-05:00 DEBUG 27472 --- [           main] org.hibernate.orm.results                : Extracted JDBC value [1] - [Account]
2023-11-28T22:11:58.693-05:00 DEBUG 27472 --- [           main] org.hibernate.orm.results                : Extracted JDBC value [2] - [CREATE]
2023-11-28T22:11:58.693-05:00 DEBUG 27472 --- [           main] o.hibernate.orm.results.loading.entity   : (EntityResultInitializer) Done materializing entityInstance : com.cash_flow_app.apicashflow.entities_repositories_and_services.base.authority.Authority(35202161494041)#9aaf7d40-45f6-4ab6-90a9-a23f4c1b5f2f
2023-11-28T22:11:58.693-05:00 DEBUG 27472 --- [           main] org.hibernate.orm.results.loading        : Calling top-level assembler (0 / 1) : org.hibernate.sql.results.graph.entity.internal.EntityAssembler@27e1c83
2023-11-28T22:11:58.694-05:00 DEBUG 27472 --- [           main] org.hibernate.orm.sql.ast.create         : Created new SQL alias : a1_0
2023-11-28T22:11:58.694-05:00 DEBUG 27472 --- [           main] org.hibernate.orm.sql.ast.create         : Registration of TableGroup [StandardTableGroup(com.cash_flow_app.apicashflow.entities_repositories_and_services.base.authority.Authority(35202161494041))] with identifierForTableGroup [com.cash_flow_app.apicashflow.entities_repositories_and_services.base.authority.Authority] for NavigablePath [com.cash_flow_app.apicashflow.entities_repositories_and_services.base.authority.Authority] 
2023-11-28T22:11:58.694-05:00 DEBUG 27472 --- [           main] o.h.q.sqm.sql.BaseSqmToSqlAstConverter   : Determining mapping-model type for SqmParameter : org.hibernate.query.sqm.tree.expression.SqmJpaCriteriaParameterWrapper@66b3c476
2023-11-28T22:11:58.694-05:00 DEBUG 27472 --- [           main] o.h.q.sqm.sql.BaseSqmToSqlAstConverter   : Determining mapping-model type for SqmPath : SqmBasicValuedSimplePath(com.cash_flow_app.apicashflow.entities_repositories_and_services.base.authority.Authority(35202161494041).permission) 
2023-11-28T22:11:58.694-05:00 DEBUG 27472 --- [           main] o.h.q.sqm.sql.BaseSqmToSqlAstConverter   : Determining mapping-model type for SqmParameter : org.hibernate.query.sqm.tree.expression.SqmJpaCriteriaParameterWrapper@46c2ed8d
2023-11-28T22:11:58.694-05:00 DEBUG 27472 --- [           main] o.h.q.sqm.sql.BaseSqmToSqlAstConverter   : Determining mapping-model type for SqmPath : SqmBasicValuedSimplePath(com.cash_flow_app.apicashflow.entities_repositories_and_services.base.authority.Authority(35202161494041).endpoint) 
2023-11-28T22:11:58.694-05:00 DEBUG 27472 --- [           main] org.hibernate.orm.results.graph.AST      : DomainResult Graph:
 \-EntityResultImpl [com.cash_flow_app.apicashflow.entities_repositories_and_services.base.authority.Authority(35202161494041)]
 |  +-BasicFetch [com.cash_flow_app.apicashflow.entities_repositories_and_services.base.authority.Authority(35202161494041).endpoint]
 |  \-BasicFetch [com.cash_flow_app.apicashflow.entities_repositories_and_services.base.authority.Authority(35202161494041).permission]

2023-11-28T22:11:58.694-05:00 DEBUG 27472 --- [           main] org.hibernate.orm.sql.ast.tree           : SQL AST Tree:
    SelectStatement {
      FromClause {
        StandardTableGroup (a1 : com.cash_flow_app.apicashflow.entities_repositories_and_services.base.authority.Authority(35202161494041)) {
          primaryTableReference : authorities as a1_0
        }
      }
    }

2023-11-28T22:11:58.694-05:00 DEBUG 27472 --- [           main] o.h.e.i.AbstractFlushingEventListener    : Processing flush-time cascades
2023-11-28T22:11:58.694-05:00 DEBUG 27472 --- [           main] o.h.e.i.AbstractFlushingEventListener    : Dirty checking collections
2023-11-28T22:11:58.694-05:00 DEBUG 27472 --- [           main] o.h.e.i.AbstractFlushingEventListener    : Flushed: 0 insertions, 0 updates, 0 deletions to 1 objects
2023-11-28T22:11:58.694-05:00 DEBUG 27472 --- [           main] o.h.e.i.AbstractFlushingEventListener    : Flushed: 0 (re)creations, 0 updates, 0 removals to 0 collections
2023-11-28T22:11:58.694-05:00 DEBUG 27472 --- [           main] o.hibernate.internal.util.EntityPrinter  : Listing entities:
2023-11-28T22:11:58.694-05:00 DEBUG 27472 --- [           main] o.hibernate.internal.util.EntityPrinter  : com.cash_flow_app.apicashflow.entities_repositories_and_services.base.authority.Authority{endpoint=Account, permission=CREATE, id=9aaf7d40-45f6-4ab6-90a9-a23f4c1b5f2f}
2023-11-28T22:11:58.694-05:00 DEBUG 27472 --- [           main] org.hibernate.orm.sql.exec               : Skipping reading Query result cache data: cache-enabled = false, cache-mode = NORMAL
2023-11-28T22:11:58.694-05:00 DEBUG 27472 --- [           main] org.hibernate.orm.results                : Initializer list
2023-11-28T22:11:58.694-05:00 DEBUG 27472 --- [           main] org.hibernate.orm.results                :     com.cash_flow_app.apicashflow.entities_repositories_and_services.base.authority.Authority(35202161494041) -> EntityResultInitializer(com.cash_flow_app.apicashflow.entities_repositories_and_services.base.authority.Authority(35202161494041))@362278194 (SingleTableEntityPersister(com.cash_flow_app.apicashflow.entities_repositories_and_services.base.authority.Authority))
2023-11-28T22:11:58.694-05:00 DEBUG 27472 --- [           main] org.hibernate.SQL                        : 
    select
        a1_0.id,
        a1_0.endpoint,
        a1_0.permission 
    from
        authorities a1_0 
    where
        a1_0.permission=? 
        and a1_0.endpoint=?
2023-11-28T22:11:58.695-05:00 DEBUG 27472 --- [           main] org.hibernate.orm.results                : Extracted JDBC value [0] - [b14a62f4-d04f-422a-a2a3-1f80e2635352]
2023-11-28T22:11:58.695-05:00 DEBUG 27472 --- [           main] o.hibernate.orm.results.loading.entity   : (EntityResultInitializer) Hydrated EntityKey (com.cash_flow_app.apicashflow.entities_repositories_and_services.base.authority.Authority(35202161494041)): b14a62f4-d04f-422a-a2a3-1f80e2635352
2023-11-28T22:11:58.695-05:00 DEBUG 27472 --- [           main] o.hibernate.orm.results.loading.entity   : (EntityResultInitializer) Created new entity instance [com.cash_flow_app.apicashflow.entities_repositories_and_services.base.authority.Authority(35202161494041)#b14a62f4-d04f-422a-a2a3-1f80e2635352] : com.cash_flow_app.apicashflow.entities_repositories_and_services.base.authority.Authority@21ec86e6
2023-11-28T22:11:58.695-05:00 DEBUG 27472 --- [           main] org.hibernate.orm.results                : Extracted JDBC value [1] - [Account]
2023-11-28T22:11:58.695-05:00 DEBUG 27472 --- [           main] org.hibernate.orm.results                : Extracted JDBC value [2] - [READ]
2023-11-28T22:11:58.695-05:00 DEBUG 27472 --- [           main] o.hibernate.orm.results.loading.entity   : (EntityResultInitializer) Done materializing entityInstance : com.cash_flow_app.apicashflow.entities_repositories_and_services.base.authority.Authority(35202161494041)#b14a62f4-d04f-422a-a2a3-1f80e2635352
2023-11-28T22:11:58.695-05:00 DEBUG 27472 --- [           main] org.hibernate.orm.results.loading        : Calling top-level assembler (0 / 1) : org.hibernate.sql.results.graph.entity.internal.EntityAssembler@b381194
2023-11-28T22:11:58.695-05:00 DEBUG 27472 --- [           main] org.hibernate.orm.sql.ast.create         : Created new SQL alias : a1_0
2023-11-28T22:11:58.695-05:00 DEBUG 27472 --- [           main] org.hibernate.orm.sql.ast.create         : Registration of TableGroup [StandardTableGroup(com.cash_flow_app.apicashflow.entities_repositories_and_services.base.authority.Authority(35202161494041))] with identifierForTableGroup [com.cash_flow_app.apicashflow.entities_repositories_and_services.base.authority.Authority] for NavigablePath [com.cash_flow_app.apicashflow.entities_repositories_and_services.base.authority.Authority] 
2023-11-28T22:11:58.695-05:00 DEBUG 27472 --- [           main] o.h.q.sqm.sql.BaseSqmToSqlAstConverter   : Determining mapping-model type for SqmParameter : org.hibernate.query.sqm.tree.expression.SqmJpaCriteriaParameterWrapper@2908fc20
2023-11-28T22:11:58.695-05:00 DEBUG 27472 --- [           main] o.h.q.sqm.sql.BaseSqmToSqlAstConverter   : Determining mapping-model type for SqmPath : SqmBasicValuedSimplePath(com.cash_flow_app.apicashflow.entities_repositories_and_services.base.authority.Authority(35202161494041).permission) 
2023-11-28T22:11:58.695-05:00 DEBUG 27472 --- [           main] o.h.q.sqm.sql.BaseSqmToSqlAstConverter   : Determining mapping-model type for SqmParameter : org.hibernate.query.sqm.tree.expression.SqmJpaCriteriaParameterWrapper@1189f179
2023-11-28T22:11:58.695-05:00 DEBUG 27472 --- [           main] o.h.q.sqm.sql.BaseSqmToSqlAstConverter   : Determining mapping-model type for SqmPath : SqmBasicValuedSimplePath(com.cash_flow_app.apicashflow.entities_repositories_and_services.base.authority.Authority(35202161494041).endpoint) 
2023-11-28T22:11:58.695-05:00 DEBUG 27472 --- [           main] org.hibernate.orm.results.graph.AST      : DomainResult Graph:
 \-EntityResultImpl [com.cash_flow_app.apicashflow.entities_repositories_and_services.base.authority.Authority(35202161494041)]
 |  +-BasicFetch [com.cash_flow_app.apicashflow.entities_repositories_and_services.base.authority.Authority(35202161494041).endpoint]
 |  \-BasicFetch [com.cash_flow_app.apicashflow.entities_repositories_and_services.base.authority.Authority(35202161494041).permission]

2023-11-28T22:11:58.695-05:00 DEBUG 27472 --- [           main] org.hibernate.orm.sql.ast.tree           : SQL AST Tree:
    SelectStatement {
      FromClause {
        StandardTableGroup (a1 : com.cash_flow_app.apicashflow.entities_repositories_and_services.base.authority.Authority(35202161494041)) {
          primaryTableReference : authorities as a1_0
        }
      }
    }

2023-11-28T22:11:58.695-05:00 DEBUG 27472 --- [           main] o.h.e.i.AbstractFlushingEventListener    : Processing flush-time cascades
2023-11-28T22:11:58.695-05:00 DEBUG 27472 --- [           main] o.h.e.i.AbstractFlushingEventListener    : Dirty checking collections
2023-11-28T22:11:58.695-05:00 DEBUG 27472 --- [           main] o.h.e.i.AbstractFlushingEventListener    : Flushed: 0 insertions, 0 updates, 0 deletions to 2 objects
2023-11-28T22:11:58.695-05:00 DEBUG 27472 --- [           main] o.h.e.i.AbstractFlushingEventListener    : Flushed: 0 (re)creations, 0 updates, 0 removals to 0 collections
2023-11-28T22:11:58.695-05:00 DEBUG 27472 --- [           main] o.hibernate.internal.util.EntityPrinter  : Listing entities:
2023-11-28T22:11:58.695-05:00 DEBUG 27472 --- [           main] o.hibernate.internal.util.EntityPrinter  : com.cash_flow_app.apicashflow.entities_repositories_and_services.base.authority.Authority{endpoint=Account, permission=CREATE, id=9aaf7d40-45f6-4ab6-90a9-a23f4c1b5f2f}
2023-11-28T22:11:58.695-05:00 DEBUG 27472 --- [           main] o.hibernate.internal.util.EntityPrinter  : com.cash_flow_app.apicashflow.entities_repositories_and_services.base.authority.Authority{endpoint=Account, permission=READ, id=b14a62f4-d04f-422a-a2a3-1f80e2635352}
2023-11-28T22:11:58.695-05:00 DEBUG 27472 --- [           main] org.hibernate.orm.sql.exec               : Skipping reading Query result cache data: cache-enabled = false, cache-mode = NORMAL
2023-11-28T22:11:58.695-05:00 DEBUG 27472 --- [           main] org.hibernate.orm.results                : Initializer list
2023-11-28T22:11:58.695-05:00 DEBUG 27472 --- [           main] org.hibernate.orm.results                :     com.cash_flow_app.apicashflow.entities_repositories_and_services.base.authority.Authority(35202161494041) -> EntityResultInitializer(com.cash_flow_app.apicashflow.entities_repositories_and_services.base.authority.Authority(35202161494041))@791913187 (SingleTableEntityPersister(com.cash_flow_app.apicashflow.entities_repositories_and_services.base.authority.Authority))
2023-11-28T22:11:58.696-05:00 DEBUG 27472 --- [           main] org.hibernate.SQL                        : 
    select
        a1_0.id,
        a1_0.endpoint,
        a1_0.permission 
    from
        authorities a1_0 
    where
        a1_0.permission=? 
        and a1_0.endpoint=?
2023-11-28T22:11:58.696-05:00 DEBUG 27472 --- [           main] org.hibernate.orm.results                : Extracted JDBC value [0] - [363894b3-8bdc-4764-ad13-d91f872e1a95]
2023-11-28T22:11:58.696-05:00 DEBUG 27472 --- [           main] o.hibernate.orm.results.loading.entity   : (EntityResultInitializer) Hydrated EntityKey (com.cash_flow_app.apicashflow.entities_repositories_and_services.base.authority.Authority(35202161494041)): 363894b3-8bdc-4764-ad13-d91f872e1a95
2023-11-28T22:11:58.696-05:00 DEBUG 27472 --- [           main] o.hibernate.orm.results.loading.entity   : (EntityResultInitializer) Created new entity instance [com.cash_flow_app.apicashflow.entities_repositories_and_services.base.authority.Authority(35202161494041)#363894b3-8bdc-4764-ad13-d91f872e1a95] : com.cash_flow_app.apicashflow.entities_repositories_and_services.base.authority.Authority@115cbd9b
2023-11-28T22:11:58.696-05:00 DEBUG 27472 --- [           main] org.hibernate.orm.results                : Extracted JDBC value [1] - [Account]
2023-11-28T22:11:58.696-05:00 DEBUG 27472 --- [           main] org.hibernate.orm.results                : Extracted JDBC value [2] - [DELETE]
2023-11-28T22:11:58.696-05:00 DEBUG 27472 --- [           main] o.hibernate.orm.results.loading.entity   : (EntityResultInitializer) Done materializing entityInstance : com.cash_flow_app.apicashflow.entities_repositories_and_services.base.authority.Authority(35202161494041)#363894b3-8bdc-4764-ad13-d91f872e1a95
2023-11-28T22:11:58.696-05:00 DEBUG 27472 --- [           main] org.hibernate.orm.results.loading        : Calling top-level assembler (0 / 1) : org.hibernate.sql.results.graph.entity.internal.EntityAssembler@234a21e9
2023-11-28T22:11:58.696-05:00 DEBUG 27472 --- [           main] org.hibernate.orm.sql.ast.create         : Created new SQL alias : a1_0
2023-11-28T22:11:58.696-05:00 DEBUG 27472 --- [           main] org.hibernate.orm.sql.ast.create         : Registration of TableGroup [StandardTableGroup(com.cash_flow_app.apicashflow.entities_repositories_and_services.base.authority.Authority(35202161494041))] with identifierForTableGroup [com.cash_flow_app.apicashflow.entities_repositories_and_services.base.authority.Authority] for NavigablePath [com.cash_flow_app.apicashflow.entities_repositories_and_services.base.authority.Authority] 
2023-11-28T22:11:58.696-05:00 DEBUG 27472 --- [           main] o.h.q.sqm.sql.BaseSqmToSqlAstConverter   : Determining mapping-model type for SqmParameter : org.hibernate.query.sqm.tree.expression.SqmJpaCriteriaParameterWrapper@4236d55
2023-11-28T22:11:58.696-05:00 DEBUG 27472 --- [           main] o.h.q.sqm.sql.BaseSqmToSqlAstConverter   : Determining mapping-model type for SqmPath : SqmBasicValuedSimplePath(com.cash_flow_app.apicashflow.entities_repositories_and_services.base.authority.Authority(35202161494041).permission) 
2023-11-28T22:11:58.696-05:00 DEBUG 27472 --- [           main] o.h.q.sqm.sql.BaseSqmToSqlAstConverter   : Determining mapping-model type for SqmParameter : org.hibernate.query.sqm.tree.expression.SqmJpaCriteriaParameterWrapper@c7eb2a9
2023-11-28T22:11:58.696-05:00 DEBUG 27472 --- [           main] o.h.q.sqm.sql.BaseSqmToSqlAstConverter   : Determining mapping-model type for SqmPath : SqmBasicValuedSimplePath(com.cash_flow_app.apicashflow.entities_repositories_and_services.base.authority.Authority(35202161494041).endpoint) 
2023-11-28T22:11:58.696-05:00 DEBUG 27472 --- [           main] org.hibernate.orm.results.graph.AST      : DomainResult Graph:
 \-EntityResultImpl [com.cash_flow_app.apicashflow.entities_repositories_and_services.base.authority.Authority(35202161494041)]
 |  +-BasicFetch [com.cash_flow_app.apicashflow.entities_repositories_and_services.base.authority.Authority(35202161494041).endpoint]
 |  \-BasicFetch [com.cash_flow_app.apicashflow.entities_repositories_and_services.base.authority.Authority(35202161494041).permission]

2023-11-28T22:11:58.696-05:00 DEBUG 27472 --- [           main] org.hibernate.orm.sql.ast.tree           : SQL AST Tree:
    SelectStatement {
      FromClause {
        StandardTableGroup (a1 : com.cash_flow_app.apicashflow.entities_repositories_and_services.base.authority.Authority(35202161494041)) {
          primaryTableReference : authorities as a1_0
        }
      }
    }

2023-11-28T22:11:58.696-05:00 DEBUG 27472 --- [           main] o.h.e.i.AbstractFlushingEventListener    : Processing flush-time cascades
2023-11-28T22:11:58.696-05:00 DEBUG 27472 --- [           main] o.h.e.i.AbstractFlushingEventListener    : Dirty checking collections
2023-11-28T22:11:58.696-05:00 DEBUG 27472 --- [           main] o.h.e.i.AbstractFlushingEventListener    : Flushed: 0 insertions, 0 updates, 0 deletions to 3 objects
2023-11-28T22:11:58.696-05:00 DEBUG 27472 --- [           main] o.h.e.i.AbstractFlushingEventListener    : Flushed: 0 (re)creations, 0 updates, 0 removals to 0 collections
2023-11-28T22:11:58.696-05:00 DEBUG 27472 --- [           main] o.hibernate.internal.util.EntityPrinter  : Listing entities:
2023-11-28T22:11:58.696-05:00 DEBUG 27472 --- [           main] o.hibernate.internal.util.EntityPrinter  : com.cash_flow_app.apicashflow.entities_repositories_and_services.base.authority.Authority{endpoint=Account, permission=DELETE, id=363894b3-8bdc-4764-ad13-d91f872e1a95}
2023-11-28T22:11:58.696-05:00 DEBUG 27472 --- [           main] o.hibernate.internal.util.EntityPrinter  : com.cash_flow_app.apicashflow.entities_repositories_and_services.base.authority.Authority{endpoint=Account, permission=CREATE, id=9aaf7d40-45f6-4ab6-90a9-a23f4c1b5f2f}
2023-11-28T22:11:58.696-05:00 DEBUG 27472 --- [           main] o.hibernate.internal.util.EntityPrinter  : com.cash_flow_app.apicashflow.entities_repositories_and_services.base.authority.Authority{endpoint=Account, permission=READ, id=b14a62f4-d04f-422a-a2a3-1f80e2635352}
2023-11-28T22:11:58.696-05:00 DEBUG 27472 --- [           main] org.hibernate.orm.sql.exec               : Skipping reading Query result cache data: cache-enabled = false, cache-mode = NORMAL
2023-11-28T22:11:58.696-05:00 DEBUG 27472 --- [           main] org.hibernate.orm.results                : Initializer list
2023-11-28T22:11:58.696-05:00 DEBUG 27472 --- [           main] org.hibernate.orm.results                :     com.cash_flow_app.apicashflow.entities_repositories_and_services.base.authority.Authority(35202161494041) -> EntityResultInitializer(com.cash_flow_app.apicashflow.entities_repositories_and_services.base.authority.Authority(35202161494041))@1816779622 (SingleTableEntityPersister(com.cash_flow_app.apicashflow.entities_repositories_and_services.base.authority.Authority))
2023-11-28T22:11:58.696-05:00 DEBUG 27472 --- [           main] org.hibernate.SQL                        : 
    select
        a1_0.id,
        a1_0.endpoint,
        a1_0.permission 
    from
        authorities a1_0 
    where
        a1_0.permission=? 
        and a1_0.endpoint=?
2023-11-28T22:11:58.697-05:00 DEBUG 27472 --- [           main] org.hibernate.orm.results                : Extracted JDBC value [0] - [f4f135be-a2b5-48d1-a9d0-2b14e82cc373]
2023-11-28T22:11:58.697-05:00 DEBUG 27472 --- [           main] o.hibernate.orm.results.loading.entity   : (EntityResultInitializer) Hydrated EntityKey (com.cash_flow_app.apicashflow.entities_repositories_and_services.base.authority.Authority(35202161494041)): f4f135be-a2b5-48d1-a9d0-2b14e82cc373
2023-11-28T22:11:58.697-05:00 DEBUG 27472 --- [           main] o.hibernate.orm.results.loading.entity   : (EntityResultInitializer) Created new entity instance [com.cash_flow_app.apicashflow.entities_repositories_and_services.base.authority.Authority(35202161494041)#f4f135be-a2b5-48d1-a9d0-2b14e82cc373] : com.cash_flow_app.apicashflow.entities_repositories_and_services.base.authority.Authority@6cfd4d4d
2023-11-28T22:11:58.697-05:00 DEBUG 27472 --- [           main] org.hibernate.orm.results                : Extracted JDBC value [1] - [User]
2023-11-28T22:11:58.697-05:00 DEBUG 27472 --- [           main] org.hibernate.orm.results                : Extracted JDBC value [2] - [CREATE]
2023-11-28T22:11:58.697-05:00 DEBUG 27472 --- [           main] o.hibernate.orm.results.loading.entity   : (EntityResultInitializer) Done materializing entityInstance : com.cash_flow_app.apicashflow.entities_repositories_and_services.base.authority.Authority(35202161494041)#f4f135be-a2b5-48d1-a9d0-2b14e82cc373
2023-11-28T22:11:58.697-05:00 DEBUG 27472 --- [           main] org.hibernate.orm.results.loading        : Calling top-level assembler (0 / 1) : org.hibernate.sql.results.graph.entity.internal.EntityAssembler@4ecd395f
2023-11-28T22:11:58.697-05:00 DEBUG 27472 --- [           main] org.hibernate.orm.sql.ast.create         : Created new SQL alias : a1_0
2023-11-28T22:11:58.697-05:00 DEBUG 27472 --- [           main] org.hibernate.orm.sql.ast.create         : Registration of TableGroup [StandardTableGroup(com.cash_flow_app.apicashflow.entities_repositories_and_services.base.authority.Authority(35202161494041))] with identifierForTableGroup [com.cash_flow_app.apicashflow.entities_repositories_and_services.base.authority.Authority] for NavigablePath [com.cash_flow_app.apicashflow.entities_repositories_and_services.base.authority.Authority] 
2023-11-28T22:11:58.697-05:00 DEBUG 27472 --- [           main] o.h.q.sqm.sql.BaseSqmToSqlAstConverter   : Determining mapping-model type for SqmParameter : org.hibernate.query.sqm.tree.expression.SqmJpaCriteriaParameterWrapper@7e775ef3
2023-11-28T22:11:58.697-05:00 DEBUG 27472 --- [           main] o.h.q.sqm.sql.BaseSqmToSqlAstConverter   : Determining mapping-model type for SqmPath : SqmBasicValuedSimplePath(com.cash_flow_app.apicashflow.entities_repositories_and_services.base.authority.Authority(35202161494041).permission) 
2023-11-28T22:11:58.697-05:00 DEBUG 27472 --- [           main] o.h.q.sqm.sql.BaseSqmToSqlAstConverter   : Determining mapping-model type for SqmParameter : org.hibernate.query.sqm.tree.expression.SqmJpaCriteriaParameterWrapper@164212ad
2023-11-28T22:11:58.697-05:00 DEBUG 27472 --- [           main] o.h.q.sqm.sql.BaseSqmToSqlAstConverter   : Determining mapping-model type for SqmPath : SqmBasicValuedSimplePath(com.cash_flow_app.apicashflow.entities_repositories_and_services.base.authority.Authority(35202161494041).endpoint) 
2023-11-28T22:11:58.697-05:00 DEBUG 27472 --- [           main] org.hibernate.orm.results.graph.AST      : DomainResult Graph:
 \-EntityResultImpl [com.cash_flow_app.apicashflow.entities_repositories_and_services.base.authority.Authority(35202161494041)]
 |  +-BasicFetch [com.cash_flow_app.apicashflow.entities_repositories_and_services.base.authority.Authority(35202161494041).endpoint]
 |  \-BasicFetch [com.cash_flow_app.apicashflow.entities_repositories_and_services.base.authority.Authority(35202161494041).permission]

2023-11-28T22:11:58.697-05:00 DEBUG 27472 --- [           main] org.hibernate.orm.sql.ast.tree           : SQL AST Tree:
    SelectStatement {
      FromClause {
        StandardTableGroup (a1 : com.cash_flow_app.apicashflow.entities_repositories_and_services.base.authority.Authority(35202161494041)) {
          primaryTableReference : authorities as a1_0
        }
      }
    }

2023-11-28T22:11:58.697-05:00 DEBUG 27472 --- [           main] o.h.e.i.AbstractFlushingEventListener    : Processing flush-time cascades
2023-11-28T22:11:58.697-05:00 DEBUG 27472 --- [           main] o.h.e.i.AbstractFlushingEventListener    : Dirty checking collections
2023-11-28T22:11:58.697-05:00 DEBUG 27472 --- [           main] o.h.e.i.AbstractFlushingEventListener    : Flushed: 0 insertions, 0 updates, 0 deletions to 4 objects
2023-11-28T22:11:58.698-05:00 DEBUG 27472 --- [           main] o.h.e.i.AbstractFlushingEventListener    : Flushed: 0 (re)creations, 0 updates, 0 removals to 0 collections
2023-11-28T22:11:58.698-05:00 DEBUG 27472 --- [           main] o.hibernate.internal.util.EntityPrinter  : Listing entities:
2023-11-28T22:11:58.698-05:00 DEBUG 27472 --- [           main] o.hibernate.internal.util.EntityPrinter  : com.cash_flow_app.apicashflow.entities_repositories_and_services.base.authority.Authority{endpoint=User, permission=CREATE, id=f4f135be-a2b5-48d1-a9d0-2b14e82cc373}
2023-11-28T22:11:58.698-05:00 DEBUG 27472 --- [           main] o.hibernate.internal.util.EntityPrinter  : com.cash_flow_app.apicashflow.entities_repositories_and_services.base.authority.Authority{endpoint=Account, permission=DELETE, id=363894b3-8bdc-4764-ad13-d91f872e1a95}
2023-11-28T22:11:58.698-05:00 DEBUG 27472 --- [           main] o.hibernate.internal.util.EntityPrinter  : com.cash_flow_app.apicashflow.entities_repositories_and_services.base.authority.Authority{endpoint=Account, permission=CREATE, id=9aaf7d40-45f6-4ab6-90a9-a23f4c1b5f2f}
2023-11-28T22:11:58.698-05:00 DEBUG 27472 --- [           main] o.hibernate.internal.util.EntityPrinter  : com.cash_flow_app.apicashflow.entities_repositories_and_services.base.authority.Authority{endpoint=Account, permission=READ, id=b14a62f4-d04f-422a-a2a3-1f80e2635352}
2023-11-28T22:11:58.698-05:00 DEBUG 27472 --- [           main] org.hibernate.orm.sql.exec               : Skipping reading Query result cache data: cache-enabled = false, cache-mode = NORMAL
2023-11-28T22:11:58.698-05:00 DEBUG 27472 --- [           main] org.hibernate.orm.results                : Initializer list
2023-11-28T22:11:58.698-05:00 DEBUG 27472 --- [           main] org.hibernate.orm.results                :     com.cash_flow_app.apicashflow.entities_repositories_and_services.base.authority.Authority(35202161494041) -> EntityResultInitializer(com.cash_flow_app.apicashflow.entities_repositories_and_services.base.authority.Authority(35202161494041))@1969657315 (SingleTableEntityPersister(com.cash_flow_app.apicashflow.entities_repositories_and_services.base.authority.Authority))
2023-11-28T22:11:58.698-05:00 DEBUG 27472 --- [           main] org.hibernate.SQL                        : 
    select
        a1_0.id,
        a1_0.endpoint,
        a1_0.permission 
    from
        authorities a1_0 
    where
        a1_0.permission=? 
        and a1_0.endpoint=?
2023-11-28T22:11:58.698-05:00 DEBUG 27472 --- [           main] org.hibernate.orm.results                : Extracted JDBC value [0] - [35481739-2447-454f-8ec3-daf467bb2ae5]
2023-11-28T22:11:58.698-05:00 DEBUG 27472 --- [           main] o.hibernate.orm.results.loading.entity   : (EntityResultInitializer) Hydrated EntityKey (com.cash_flow_app.apicashflow.entities_repositories_and_services.base.authority.Authority(35202161494041)): 35481739-2447-454f-8ec3-daf467bb2ae5
2023-11-28T22:11:58.698-05:00 DEBUG 27472 --- [           main] o.hibernate.orm.results.loading.entity   : (EntityResultInitializer) Created new entity instance [com.cash_flow_app.apicashflow.entities_repositories_and_services.base.authority.Authority(35202161494041)#35481739-2447-454f-8ec3-daf467bb2ae5] : com.cash_flow_app.apicashflow.entities_repositories_and_services.base.authority.Authority@1e0ccdd6
2023-11-28T22:11:58.698-05:00 DEBUG 27472 --- [           main] org.hibernate.orm.results                : Extracted JDBC value [1] - [User]
2023-11-28T22:11:58.698-05:00 DEBUG 27472 --- [           main] org.hibernate.orm.results                : Extracted JDBC value [2] - [READ]
2023-11-28T22:11:58.698-05:00 DEBUG 27472 --- [           main] o.hibernate.orm.results.loading.entity   : (EntityResultInitializer) Done materializing entityInstance : com.cash_flow_app.apicashflow.entities_repositories_and_services.base.authority.Authority(35202161494041)#35481739-2447-454f-8ec3-daf467bb2ae5
2023-11-28T22:11:58.698-05:00 DEBUG 27472 --- [           main] org.hibernate.orm.results.loading        : Calling top-level assembler (0 / 1) : org.hibernate.sql.results.graph.entity.internal.EntityAssembler@5f849a79
2023-11-28T22:11:58.698-05:00 DEBUG 27472 --- [           main] org.hibernate.orm.sql.ast.create         : Created new SQL alias : a1_0
2023-11-28T22:11:58.698-05:00 DEBUG 27472 --- [           main] org.hibernate.orm.sql.ast.create         : Registration of TableGroup [StandardTableGroup(com.cash_flow_app.apicashflow.entities_repositories_and_services.base.authority.Authority(35202161494041))] with identifierForTableGroup [com.cash_flow_app.apicashflow.entities_repositories_and_services.base.authority.Authority] for NavigablePath [com.cash_flow_app.apicashflow.entities_repositories_and_services.base.authority.Authority] 
2023-11-28T22:11:58.699-05:00 DEBUG 27472 --- [           main] o.h.q.sqm.sql.BaseSqmToSqlAstConverter   : Determining mapping-model type for SqmParameter : org.hibernate.query.sqm.tree.expression.SqmJpaCriteriaParameterWrapper@6304ff53
2023-11-28T22:11:58.699-05:00 DEBUG 27472 --- [           main] o.h.q.sqm.sql.BaseSqmToSqlAstConverter   : Determining mapping-model type for SqmPath : SqmBasicValuedSimplePath(com.cash_flow_app.apicashflow.entities_repositories_and_services.base.authority.Authority(35202161494041).permission) 
2023-11-28T22:11:58.699-05:00 DEBUG 27472 --- [           main] o.h.q.sqm.sql.BaseSqmToSqlAstConverter   : Determining mapping-model type for SqmParameter : org.hibernate.query.sqm.tree.expression.SqmJpaCriteriaParameterWrapper@2cad213d
2023-11-28T22:11:58.699-05:00 DEBUG 27472 --- [           main] o.h.q.sqm.sql.BaseSqmToSqlAstConverter   : Determining mapping-model type for SqmPath : SqmBasicValuedSimplePath(com.cash_flow_app.apicashflow.entities_repositories_and_services.base.authority.Authority(35202161494041).endpoint) 
2023-11-28T22:11:58.699-05:00 DEBUG 27472 --- [           main] org.hibernate.orm.results.graph.AST      : DomainResult Graph:
 \-EntityResultImpl [com.cash_flow_app.apicashflow.entities_repositories_and_services.base.authority.Authority(35202161494041)]
 |  +-BasicFetch [com.cash_flow_app.apicashflow.entities_repositories_and_services.base.authority.Authority(35202161494041).endpoint]
 |  \-BasicFetch [com.cash_flow_app.apicashflow.entities_repositories_and_services.base.authority.Authority(35202161494041).permission]

2023-11-28T22:11:58.699-05:00 DEBUG 27472 --- [           main] org.hibernate.orm.sql.ast.tree           : SQL AST Tree:
    SelectStatement {
      FromClause {
        StandardTableGroup (a1 : com.cash_flow_app.apicashflow.entities_repositories_and_services.base.authority.Authority(35202161494041)) {
          primaryTableReference : authorities as a1_0
        }
      }
    }

2023-11-28T22:11:58.699-05:00 DEBUG 27472 --- [           main] o.h.e.i.AbstractFlushingEventListener    : Processing flush-time cascades
2023-11-28T22:11:58.699-05:00 DEBUG 27472 --- [           main] o.h.e.i.AbstractFlushingEventListener    : Dirty checking collections
2023-11-28T22:11:58.699-05:00 DEBUG 27472 --- [           main] o.h.e.i.AbstractFlushingEventListener    : Flushed: 0 insertions, 0 updates, 0 deletions to 5 objects
2023-11-28T22:11:58.699-05:00 DEBUG 27472 --- [           main] o.h.e.i.AbstractFlushingEventListener    : Flushed: 0 (re)creations, 0 updates, 0 removals to 0 collections
2023-11-28T22:11:58.699-05:00 DEBUG 27472 --- [           main] o.hibernate.internal.util.EntityPrinter  : Listing entities:
2023-11-28T22:11:58.699-05:00 DEBUG 27472 --- [           main] o.hibernate.internal.util.EntityPrinter  : com.cash_flow_app.apicashflow.entities_repositories_and_services.base.authority.Authority{endpoint=User, permission=CREATE, id=f4f135be-a2b5-48d1-a9d0-2b14e82cc373}
2023-11-28T22:11:58.699-05:00 DEBUG 27472 --- [           main] o.hibernate.internal.util.EntityPrinter  : com.cash_flow_app.apicashflow.entities_repositories_and_services.base.authority.Authority{endpoint=User, permission=READ, id=35481739-2447-454f-8ec3-daf467bb2ae5}
2023-11-28T22:11:58.699-05:00 DEBUG 27472 --- [           main] o.hibernate.internal.util.EntityPrinter  : com.cash_flow_app.apicashflow.entities_repositories_and_services.base.authority.Authority{endpoint=Account, permission=DELETE, id=363894b3-8bdc-4764-ad13-d91f872e1a95}
2023-11-28T22:11:58.699-05:00 DEBUG 27472 --- [           main] o.hibernate.internal.util.EntityPrinter  : com.cash_flow_app.apicashflow.entities_repositories_and_services.base.authority.Authority{endpoint=Account, permission=CREATE, id=9aaf7d40-45f6-4ab6-90a9-a23f4c1b5f2f}
2023-11-28T22:11:58.699-05:00 DEBUG 27472 --- [           main] o.hibernate.internal.util.EntityPrinter  : com.cash_flow_app.apicashflow.entities_repositories_and_services.base.authority.Authority{endpoint=Account, permission=READ, id=b14a62f4-d04f-422a-a2a3-1f80e2635352}
2023-11-28T22:11:58.699-05:00 DEBUG 27472 --- [           main] org.hibernate.orm.sql.exec               : Skipping reading Query result cache data: cache-enabled = false, cache-mode = NORMAL
2023-11-28T22:11:58.699-05:00 DEBUG 27472 --- [           main] org.hibernate.orm.results                : Initializer list
2023-11-28T22:11:58.699-05:00 DEBUG 27472 --- [           main] org.hibernate.orm.results                :     com.cash_flow_app.apicashflow.entities_repositories_and_services.base.authority.Authority(35202161494041) -> EntityResultInitializer(com.cash_flow_app.apicashflow.entities_repositories_and_services.base.authority.Authority(35202161494041))@776001785 (SingleTableEntityPersister(com.cash_flow_app.apicashflow.entities_repositories_and_services.base.authority.Authority))
2023-11-28T22:11:58.699-05:00 DEBUG 27472 --- [           main] org.hibernate.SQL                        : 
    select
        a1_0.id,
        a1_0.endpoint,
        a1_0.permission 
    from
        authorities a1_0 
    where
        a1_0.permission=? 
        and a1_0.endpoint=?
2023-11-28T22:11:58.699-05:00 DEBUG 27472 --- [           main] org.hibernate.orm.results                : Extracted JDBC value [0] - [4de61a19-9cab-469d-856c-169a503a3f70]
2023-11-28T22:11:58.699-05:00 DEBUG 27472 --- [           main] o.hibernate.orm.results.loading.entity   : (EntityResultInitializer) Hydrated EntityKey (com.cash_flow_app.apicashflow.entities_repositories_and_services.base.authority.Authority(35202161494041)): 4de61a19-9cab-469d-856c-169a503a3f70
2023-11-28T22:11:58.699-05:00 DEBUG 27472 --- [           main] o.hibernate.orm.results.loading.entity   : (EntityResultInitializer) Created new entity instance [com.cash_flow_app.apicashflow.entities_repositories_and_services.base.authority.Authority(35202161494041)#4de61a19-9cab-469d-856c-169a503a3f70] : com.cash_flow_app.apicashflow.entities_repositories_and_services.base.authority.Authority@538ee7ab
2023-11-28T22:11:58.699-05:00 DEBUG 27472 --- [           main] org.hibernate.orm.results                : Extracted JDBC value [1] - [IncomeExpense]
2023-11-28T22:11:58.699-05:00 DEBUG 27472 --- [           main] org.hibernate.orm.results                : Extracted JDBC value [2] - [CREATE]
2023-11-28T22:11:58.699-05:00 DEBUG 27472 --- [           main] o.hibernate.orm.results.loading.entity   : (EntityResultInitializer) Done materializing entityInstance : com.cash_flow_app.apicashflow.entities_repositories_and_services.base.authority.Authority(35202161494041)#4de61a19-9cab-469d-856c-169a503a3f70
2023-11-28T22:11:58.699-05:00 DEBUG 27472 --- [           main] org.hibernate.orm.results.loading        : Calling top-level assembler (0 / 1) : org.hibernate.sql.results.graph.entity.internal.EntityAssembler@7b217a33
2023-11-28T22:11:58.700-05:00 DEBUG 27472 --- [           main] org.hibernate.orm.sql.ast.create         : Created new SQL alias : a1_0
2023-11-28T22:11:58.700-05:00 DEBUG 27472 --- [           main] org.hibernate.orm.sql.ast.create         : Registration of TableGroup [StandardTableGroup(com.cash_flow_app.apicashflow.entities_repositories_and_services.base.authority.Authority(35202161494041))] with identifierForTableGroup [com.cash_flow_app.apicashflow.entities_repositories_and_services.base.authority.Authority] for NavigablePath [com.cash_flow_app.apicashflow.entities_repositories_and_services.base.authority.Authority] 
2023-11-28T22:11:58.700-05:00 DEBUG 27472 --- [           main] o.h.q.sqm.sql.BaseSqmToSqlAstConverter   : Determining mapping-model type for SqmParameter : org.hibernate.query.sqm.tree.expression.SqmJpaCriteriaParameterWrapper@2c3c36df
2023-11-28T22:11:58.700-05:00 DEBUG 27472 --- [           main] o.h.q.sqm.sql.BaseSqmToSqlAstConverter   : Determining mapping-model type for SqmPath : SqmBasicValuedSimplePath(com.cash_flow_app.apicashflow.entities_repositories_and_services.base.authority.Authority(35202161494041).permission) 
2023-11-28T22:11:58.700-05:00 DEBUG 27472 --- [           main] o.h.q.sqm.sql.BaseSqmToSqlAstConverter   : Determining mapping-model type for SqmParameter : org.hibernate.query.sqm.tree.expression.SqmJpaCriteriaParameterWrapper@4a4cdeb0
2023-11-28T22:11:58.700-05:00 DEBUG 27472 --- [           main] o.h.q.sqm.sql.BaseSqmToSqlAstConverter   : Determining mapping-model type for SqmPath : SqmBasicValuedSimplePath(com.cash_flow_app.apicashflow.entities_repositories_and_services.base.authority.Authority(35202161494041).endpoint) 
2023-11-28T22:11:58.700-05:00 DEBUG 27472 --- [           main] org.hibernate.orm.results.graph.AST      : DomainResult Graph:
 \-EntityResultImpl [com.cash_flow_app.apicashflow.entities_repositories_and_services.base.authority.Authority(35202161494041)]
 |  +-BasicFetch [com.cash_flow_app.apicashflow.entities_repositories_and_services.base.authority.Authority(35202161494041).endpoint]
 |  \-BasicFetch [com.cash_flow_app.apicashflow.entities_repositories_and_services.base.authority.Authority(35202161494041).permission]

2023-11-28T22:11:58.700-05:00 DEBUG 27472 --- [           main] org.hibernate.orm.sql.ast.tree           : SQL AST Tree:
    SelectStatement {
      FromClause {
        StandardTableGroup (a1 : com.cash_flow_app.apicashflow.entities_repositories_and_services.base.authority.Authority(35202161494041)) {
          primaryTableReference : authorities as a1_0
        }
      }
    }

2023-11-28T22:11:58.700-05:00 DEBUG 27472 --- [           main] o.h.e.i.AbstractFlushingEventListener    : Processing flush-time cascades
2023-11-28T22:11:58.700-05:00 DEBUG 27472 --- [           main] o.h.e.i.AbstractFlushingEventListener    : Dirty checking collections
2023-11-28T22:11:58.700-05:00 DEBUG 27472 --- [           main] o.h.e.i.AbstractFlushingEventListener    : Flushed: 0 insertions, 0 updates, 0 deletions to 6 objects
2023-11-28T22:11:58.700-05:00 DEBUG 27472 --- [           main] o.h.e.i.AbstractFlushingEventListener    : Flushed: 0 (re)creations, 0 updates, 0 removals to 0 collections
2023-11-28T22:11:58.700-05:00 DEBUG 27472 --- [           main] o.hibernate.internal.util.EntityPrinter  : Listing entities:
2023-11-28T22:11:58.700-05:00 DEBUG 27472 --- [           main] o.hibernate.internal.util.EntityPrinter  : com.cash_flow_app.apicashflow.entities_repositories_and_services.base.authority.Authority{endpoint=User, permission=CREATE, id=f4f135be-a2b5-48d1-a9d0-2b14e82cc373}
2023-11-28T22:11:58.700-05:00 DEBUG 27472 --- [           main] o.hibernate.internal.util.EntityPrinter  : com.cash_flow_app.apicashflow.entities_repositories_and_services.base.authority.Authority{endpoint=User, permission=READ, id=35481739-2447-454f-8ec3-daf467bb2ae5}
2023-11-28T22:11:58.700-05:00 DEBUG 27472 --- [           main] o.hibernate.internal.util.EntityPrinter  : com.cash_flow_app.apicashflow.entities_repositories_and_services.base.authority.Authority{endpoint=IncomeExpense, permission=CREATE, id=4de61a19-9cab-469d-856c-169a503a3f70}
2023-11-28T22:11:58.700-05:00 DEBUG 27472 --- [           main] o.hibernate.internal.util.EntityPrinter  : com.cash_flow_app.apicashflow.entities_repositories_and_services.base.authority.Authority{endpoint=Account, permission=DELETE, id=363894b3-8bdc-4764-ad13-d91f872e1a95}
2023-11-28T22:11:58.700-05:00 DEBUG 27472 --- [           main] o.hibernate.internal.util.EntityPrinter  : com.cash_flow_app.apicashflow.entities_repositories_and_services.base.authority.Authority{endpoint=Account, permission=CREATE, id=9aaf7d40-45f6-4ab6-90a9-a23f4c1b5f2f}
2023-11-28T22:11:58.700-05:00 DEBUG 27472 --- [           main] o.hibernate.internal.util.EntityPrinter  : com.cash_flow_app.apicashflow.entities_repositories_and_services.base.authority.Authority{endpoint=Account, permission=READ, id=b14a62f4-d04f-422a-a2a3-1f80e2635352}
2023-11-28T22:11:58.700-05:00 DEBUG 27472 --- [           main] org.hibernate.orm.sql.exec               : Skipping reading Query result cache data: cache-enabled = false, cache-mode = NORMAL
2023-11-28T22:11:58.700-05:00 DEBUG 27472 --- [           main] org.hibernate.orm.results                : Initializer list
2023-11-28T22:11:58.700-05:00 DEBUG 27472 --- [           main] org.hibernate.orm.results                :     com.cash_flow_app.apicashflow.entities_repositories_and_services.base.authority.Authority(35202161494041) -> EntityResultInitializer(com.cash_flow_app.apicashflow.entities_repositories_and_services.base.authority.Authority(35202161494041))@2131324576 (SingleTableEntityPersister(com.cash_flow_app.apicashflow.entities_repositories_and_services.base.authority.Authority))
2023-11-28T22:11:58.700-05:00 DEBUG 27472 --- [           main] org.hibernate.SQL                        : 
    select
        a1_0.id,
        a1_0.endpoint,
        a1_0.permission 
    from
        authorities a1_0 
    where
        a1_0.permission=? 
        and a1_0.endpoint=?
2023-11-28T22:11:58.700-05:00 DEBUG 27472 --- [           main] org.hibernate.orm.results                : Extracted JDBC value [0] - [af9e383e-4459-4719-802e-94a22944b4b7]
2023-11-28T22:11:58.700-05:00 DEBUG 27472 --- [           main] o.hibernate.orm.results.loading.entity   : (EntityResultInitializer) Hydrated EntityKey (com.cash_flow_app.apicashflow.entities_repositories_and_services.base.authority.Authority(35202161494041)): af9e383e-4459-4719-802e-94a22944b4b7
2023-11-28T22:11:58.700-05:00 DEBUG 27472 --- [           main] o.hibernate.orm.results.loading.entity   : (EntityResultInitializer) Created new entity instance [com.cash_flow_app.apicashflow.entities_repositories_and_services.base.authority.Authority(35202161494041)#af9e383e-4459-4719-802e-94a22944b4b7] : com.cash_flow_app.apicashflow.entities_repositories_and_services.base.authority.Authority@3833a045
2023-11-28T22:11:58.700-05:00 DEBUG 27472 --- [           main] org.hibernate.orm.results                : Extracted JDBC value [1] - [IncomeExpense]
2023-11-28T22:11:58.700-05:00 DEBUG 27472 --- [           main] org.hibernate.orm.results                : Extracted JDBC value [2] - [READ]
2023-11-28T22:11:58.700-05:00 DEBUG 27472 --- [           main] o.hibernate.orm.results.loading.entity   : (EntityResultInitializer) Done materializing entityInstance : com.cash_flow_app.apicashflow.entities_repositories_and_services.base.authority.Authority(35202161494041)#af9e383e-4459-4719-802e-94a22944b4b7
2023-11-28T22:11:58.700-05:00 DEBUG 27472 --- [           main] org.hibernate.orm.results.loading        : Calling top-level assembler (0 / 1) : org.hibernate.sql.results.graph.entity.internal.EntityAssembler@c7ba58d
2023-11-28T22:11:58.701-05:00 DEBUG 27472 --- [           main] org.hibernate.orm.sql.ast.create         : Created new SQL alias : a1_0
2023-11-28T22:11:58.701-05:00 DEBUG 27472 --- [           main] org.hibernate.orm.sql.ast.create         : Registration of TableGroup [StandardTableGroup(com.cash_flow_app.apicashflow.entities_repositories_and_services.base.authority.Authority(35202161494041))] with identifierForTableGroup [com.cash_flow_app.apicashflow.entities_repositories_and_services.base.authority.Authority] for NavigablePath [com.cash_flow_app.apicashflow.entities_repositories_and_services.base.authority.Authority] 
2023-11-28T22:11:58.701-05:00 DEBUG 27472 --- [           main] o.h.q.sqm.sql.BaseSqmToSqlAstConverter   : Determining mapping-model type for SqmParameter : org.hibernate.query.sqm.tree.expression.SqmJpaCriteriaParameterWrapper@2d579733
2023-11-28T22:11:58.701-05:00 DEBUG 27472 --- [           main] o.h.q.sqm.sql.BaseSqmToSqlAstConverter   : Determining mapping-model type for SqmPath : SqmBasicValuedSimplePath(com.cash_flow_app.apicashflow.entities_repositories_and_services.base.authority.Authority(35202161494041).permission) 
2023-11-28T22:11:58.701-05:00 DEBUG 27472 --- [           main] o.h.q.sqm.sql.BaseSqmToSqlAstConverter   : Determining mapping-model type for SqmParameter : org.hibernate.query.sqm.tree.expression.SqmJpaCriteriaParameterWrapper@282c2bbd
2023-11-28T22:11:58.701-05:00 DEBUG 27472 --- [           main] o.h.q.sqm.sql.BaseSqmToSqlAstConverter   : Determining mapping-model type for SqmPath : SqmBasicValuedSimplePath(com.cash_flow_app.apicashflow.entities_repositories_and_services.base.authority.Authority(35202161494041).endpoint) 
2023-11-28T22:11:58.701-05:00 DEBUG 27472 --- [           main] org.hibernate.orm.results.graph.AST      : DomainResult Graph:
 \-EntityResultImpl [com.cash_flow_app.apicashflow.entities_repositories_and_services.base.authority.Authority(35202161494041)]
 |  +-BasicFetch [com.cash_flow_app.apicashflow.entities_repositories_and_services.base.authority.Authority(35202161494041).endpoint]
 |  \-BasicFetch [com.cash_flow_app.apicashflow.entities_repositories_and_services.base.authority.Authority(35202161494041).permission]

2023-11-28T22:11:58.701-05:00 DEBUG 27472 --- [           main] org.hibernate.orm.sql.ast.tree           : SQL AST Tree:
    SelectStatement {
      FromClause {
        StandardTableGroup (a1 : com.cash_flow_app.apicashflow.entities_repositories_and_services.base.authority.Authority(35202161494041)) {
          primaryTableReference : authorities as a1_0
        }
      }
    }

2023-11-28T22:11:58.701-05:00 DEBUG 27472 --- [           main] o.h.e.i.AbstractFlushingEventListener    : Processing flush-time cascades
2023-11-28T22:11:58.701-05:00 DEBUG 27472 --- [           main] o.h.e.i.AbstractFlushingEventListener    : Dirty checking collections
2023-11-28T22:11:58.701-05:00 DEBUG 27472 --- [           main] o.h.e.i.AbstractFlushingEventListener    : Flushed: 0 insertions, 0 updates, 0 deletions to 7 objects
2023-11-28T22:11:58.701-05:00 DEBUG 27472 --- [           main] o.h.e.i.AbstractFlushingEventListener    : Flushed: 0 (re)creations, 0 updates, 0 removals to 0 collections
2023-11-28T22:11:58.701-05:00 DEBUG 27472 --- [           main] o.hibernate.internal.util.EntityPrinter  : Listing entities:
2023-11-28T22:11:58.701-05:00 DEBUG 27472 --- [           main] o.hibernate.internal.util.EntityPrinter  : com.cash_flow_app.apicashflow.entities_repositories_and_services.base.authority.Authority{endpoint=User, permission=CREATE, id=f4f135be-a2b5-48d1-a9d0-2b14e82cc373}
2023-11-28T22:11:58.701-05:00 DEBUG 27472 --- [           main] o.hibernate.internal.util.EntityPrinter  : com.cash_flow_app.apicashflow.entities_repositories_and_services.base.authority.Authority{endpoint=User, permission=READ, id=35481739-2447-454f-8ec3-daf467bb2ae5}
2023-11-28T22:11:58.701-05:00 DEBUG 27472 --- [           main] o.hibernate.internal.util.EntityPrinter  : com.cash_flow_app.apicashflow.entities_repositories_and_services.base.authority.Authority{endpoint=IncomeExpense, permission=CREATE, id=4de61a19-9cab-469d-856c-169a503a3f70}
2023-11-28T22:11:58.701-05:00 DEBUG 27472 --- [           main] o.hibernate.internal.util.EntityPrinter  : com.cash_flow_app.apicashflow.entities_repositories_and_services.base.authority.Authority{endpoint=Account, permission=DELETE, id=363894b3-8bdc-4764-ad13-d91f872e1a95}
2023-11-28T22:11:58.701-05:00 DEBUG 27472 --- [           main] o.hibernate.internal.util.EntityPrinter  : com.cash_flow_app.apicashflow.entities_repositories_and_services.base.authority.Authority{endpoint=Account, permission=CREATE, id=9aaf7d40-45f6-4ab6-90a9-a23f4c1b5f2f}
2023-11-28T22:11:58.701-05:00 DEBUG 27472 --- [           main] o.hibernate.internal.util.EntityPrinter  : com.cash_flow_app.apicashflow.entities_repositories_and_services.base.authority.Authority{endpoint=Account, permission=READ, id=b14a62f4-d04f-422a-a2a3-1f80e2635352}
2023-11-28T22:11:58.701-05:00 DEBUG 27472 --- [           main] o.hibernate.internal.util.EntityPrinter  : com.cash_flow_app.apicashflow.entities_repositories_and_services.base.authority.Authority{endpoint=IncomeExpense, permission=READ, id=af9e383e-4459-4719-802e-94a22944b4b7}
2023-11-28T22:11:58.701-05:00 DEBUG 27472 --- [           main] org.hibernate.orm.sql.exec               : Skipping reading Query result cache data: cache-enabled = false, cache-mode = NORMAL
2023-11-28T22:11:58.701-05:00 DEBUG 27472 --- [           main] org.hibernate.orm.results                : Initializer list
2023-11-28T22:11:58.701-05:00 DEBUG 27472 --- [           main] org.hibernate.orm.results                :     com.cash_flow_app.apicashflow.entities_repositories_and_services.base.authority.Authority(35202161494041) -> EntityResultInitializer(com.cash_flow_app.apicashflow.entities_repositories_and_services.base.authority.Authority(35202161494041))@75062767 (SingleTableEntityPersister(com.cash_flow_app.apicashflow.entities_repositories_and_services.base.authority.Authority))
2023-11-28T22:11:58.701-05:00 DEBUG 27472 --- [           main] org.hibernate.SQL                        : 
    select
        a1_0.id,
        a1_0.endpoint,
        a1_0.permission 
    from
        authorities a1_0 
    where
        a1_0.permission=? 
        and a1_0.endpoint=?
2023-11-28T22:11:58.701-05:00 DEBUG 27472 --- [           main] org.hibernate.orm.results                : Extracted JDBC value [0] - [51c645c0-dc8a-45f9-88d1-533e63701dbe]
2023-11-28T22:11:58.701-05:00 DEBUG 27472 --- [           main] o.hibernate.orm.results.loading.entity   : (EntityResultInitializer) Hydrated EntityKey (com.cash_flow_app.apicashflow.entities_repositories_and_services.base.authority.Authority(35202161494041)): 51c645c0-dc8a-45f9-88d1-533e63701dbe
2023-11-28T22:11:58.701-05:00 DEBUG 27472 --- [           main] o.hibernate.orm.results.loading.entity   : (EntityResultInitializer) Created new entity instance [com.cash_flow_app.apicashflow.entities_repositories_and_services.base.authority.Authority(35202161494041)#51c645c0-dc8a-45f9-88d1-533e63701dbe] : com.cash_flow_app.apicashflow.entities_repositories_and_services.base.authority.Authority@23f77c2d
2023-11-28T22:11:58.701-05:00 DEBUG 27472 --- [           main] org.hibernate.orm.results                : Extracted JDBC value [1] - [IncomeExpense]
2023-11-28T22:11:58.701-05:00 DEBUG 27472 --- [           main] org.hibernate.orm.results                : Extracted JDBC value [2] - [DELETE]
2023-11-28T22:11:58.701-05:00 DEBUG 27472 --- [           main] o.hibernate.orm.results.loading.entity   : (EntityResultInitializer) Done materializing entityInstance : com.cash_flow_app.apicashflow.entities_repositories_and_services.base.authority.Authority(35202161494041)#51c645c0-dc8a-45f9-88d1-533e63701dbe
2023-11-28T22:11:58.701-05:00 DEBUG 27472 --- [           main] org.hibernate.orm.results.loading        : Calling top-level assembler (0 / 1) : org.hibernate.sql.results.graph.entity.internal.EntityAssembler@6dafdb99
2023-11-28T22:11:58.803-05:00 DEBUG 27472 --- [           main] o.s.orm.jpa.JpaTransactionManager        : Found thread-bound EntityManager [SessionImpl(225879741<open>)] for JPA transaction
2023-11-28T22:11:58.804-05:00 DEBUG 27472 --- [           main] o.s.orm.jpa.JpaTransactionManager        : Participating in existing transaction
2023-11-28T22:11:58.804-05:00 DEBUG 27472 --- [           main] o.h.j.internal.PersistenceUnitUtilImpl   : jakarta.persistence.PersistenceUnitUtil.getIdentifier is only intended to work with enhanced entities (although Hibernate also adapts this support to its proxies); however the passed entity was not enhanced (nor a proxy).. may not be able to read identifier
2023-11-28T22:11:58.804-05:00 DEBUG 27472 --- [           main] o.h.e.i.AbstractSaveEventListener        : Generated identifier: 868f4b4a-a5ea-4f56-bc28-23c4483dd87a, using strategy: org.hibernate.id.UUIDGenerator
2023-11-28T22:11:58.805-05:00 DEBUG 27472 --- [           main] o.s.w.s.m.m.a.HttpEntityMethodProcessor  : Using 'application/json', given [*/*] and supported [application/json, application/*+json]
2023-11-28T22:11:58.805-05:00 DEBUG 27472 --- [           main] o.s.w.s.m.m.a.HttpEntityMethodProcessor  : Writing [UserResponseDto(username=usuario_test, password=null, token_auth=eyJhbGciOiJIUzUxMiJ9.eyJzdWIiOiJ1c3 (truncated)...]
2023-11-28T22:11:58.805-05:00 DEBUG 27472 --- [           main] o.s.t.web.servlet.TestDispatcherServlet  : Completed 200 OK
2023-11-28T22:11:58.806-05:00 DEBUG 27472 --- [           main] o.s.test.util.ReflectionTestUtils        : Invoking method 'getFilters' on target object [FilterChainProxy[Filter Chains: [DefaultSecurityFilterChain [RequestMatcher=any request, Filters=[org.springframework.security.web.session.DisableEncodeUrlFilter@120e3ebb, org.springframework.security.web.session.ForceEagerSessionCreationFilter@753f1c3e, org.springframework.security.web.context.request.async.WebAsyncManagerIntegrationFilter@5e9af5d4, org.springframework.security.web.context.SecurityContextHolderFilter@1d18e5ad, org.springframework.security.web.header.HeaderWriterFilter@73b68d98, org.springframework.web.filter.CorsFilter@7863e6b2, org.springframework.security.web.authentication.logout.LogoutFilter@1e5a8278, JWTAuthorizationFilter(loginService=com.cash_flow_app.apicashflow.entities_repositories_and_services.base.security.LoginService@508b9c16), com.cash_flow_app.apicashflow.entities_repositories_and_services.base.security.JWTAuthenticationFilter@6fd2b939, org.springframework.security.web.savedrequest.RequestCacheAwareFilter@11def039, org.springframework.security.web.servletapi.SecurityContextHolderAwareRequestFilter@564375d7, org.springframework.security.web.authentication.AnonymousAuthenticationFilter@c4aa99e, org.springframework.security.web.session.SessionManagementFilter@69af6978, org.springframework.security.web.access.ExceptionTranslationFilter@4469046b, org.springframework.security.web.access.intercept.AuthorizationFilter@588d2e90]]]]] or target class [null] with arguments {org.springframework.mock.web.MockHttpServletRequest@4cd0b8cf}
2023-11-28T22:11:58.806-05:00 DEBUG 27472 --- [           main] o.s.test.util.ReflectionTestUtils        : Invoking method 'getFilters' on target object [FilterChainProxy[Filter Chains: [DefaultSecurityFilterChain [RequestMatcher=any request, Filters=[org.springframework.security.web.session.DisableEncodeUrlFilter@120e3ebb, org.springframework.security.web.session.ForceEagerSessionCreationFilter@753f1c3e, org.springframework.security.web.context.request.async.WebAsyncManagerIntegrationFilter@5e9af5d4, org.springframework.security.web.context.SecurityContextHolderFilter@1d18e5ad, org.springframework.security.web.header.HeaderWriterFilter@73b68d98, org.springframework.web.filter.CorsFilter@7863e6b2, org.springframework.security.web.authentication.logout.LogoutFilter@1e5a8278, JWTAuthorizationFilter(loginService=com.cash_flow_app.apicashflow.entities_repositories_and_services.base.security.LoginService@508b9c16), com.cash_flow_app.apicashflow.entities_repositories_and_services.base.security.JWTAuthenticationFilter@6fd2b939, org.springframework.security.web.savedrequest.RequestCacheAwareFilter@11def039, org.springframework.security.web.servletapi.SecurityContextHolderAwareRequestFilter@564375d7, org.springframework.security.web.authentication.AnonymousAuthenticationFilter@c4aa99e, org.springframework.security.web.session.SessionManagementFilter@69af6978, org.springframework.security.web.access.ExceptionTranslationFilter@4469046b, org.springframework.security.web.access.intercept.AuthorizationFilter@588d2e90]]]]] or target class [null] with arguments {org.springframework.mock.web.MockHttpServletRequest@4cd0b8cf}
2023-11-28T22:11:58.806-05:00 DEBUG 27472 --- [           main] o.s.test.util.ReflectionTestUtils        : Invoking method 'getFilters' on target object [FilterChainProxy[Filter Chains: [DefaultSecurityFilterChain [RequestMatcher=any request, Filters=[org.springframework.security.web.session.DisableEncodeUrlFilter@120e3ebb, org.springframework.security.web.session.ForceEagerSessionCreationFilter@753f1c3e, org.springframework.security.web.context.request.async.WebAsyncManagerIntegrationFilter@5e9af5d4, org.springframework.security.web.context.SecurityContextHolderFilter@1d18e5ad, org.springframework.security.web.header.HeaderWriterFilter@73b68d98, org.springframework.web.filter.CorsFilter@7863e6b2, org.springframework.security.web.authentication.logout.LogoutFilter@1e5a8278, JWTAuthorizationFilter(loginService=com.cash_flow_app.apicashflow.entities_repositories_and_services.base.security.LoginService@508b9c16), com.cash_flow_app.apicashflow.entities_repositories_and_services.base.security.JWTAuthenticationFilter@6fd2b939, org.springframework.security.web.savedrequest.RequestCacheAwareFilter@11def039, org.springframework.security.web.servletapi.SecurityContextHolderAwareRequestFilter@564375d7, org.springframework.security.web.authentication.AnonymousAuthenticationFilter@c4aa99e, org.springframework.security.web.session.SessionManagementFilter@69af6978, org.springframework.security.web.access.ExceptionTranslationFilter@4469046b, org.springframework.security.web.access.intercept.AuthorizationFilter@588d2e90]]]]] or target class [null] with arguments {org.springframework.mock.web.MockHttpServletRequest@4cd0b8cf}
2023-11-28T22:11:58.806-05:00 DEBUG 27472 --- [           main] o.s.security.web.FilterChainProxy        : Securing POST /api/v1/user/login
2023-11-28T22:11:58.806-05:00 DEBUG 27472 --- [           main] .s.s.w.s.ForceEagerSessionCreationFilter : Created session eagerly
2023-11-28T22:11:58.808-05:00 DEBUG 27472 --- [           main] org.hibernate.orm.sql.ast.create         : Created new SQL alias : u1_0
2023-11-28T22:11:58.808-05:00 DEBUG 27472 --- [           main] org.hibernate.orm.sql.ast.create         : Registration of TableGroup [StandardTableGroup(com.cash_flow_app.apicashflow.entities_repositories_and_services.base.user.User(35202153502500))] with identifierForTableGroup [com.cash_flow_app.apicashflow.entities_repositories_and_services.base.user.User] for NavigablePath [com.cash_flow_app.apicashflow.entities_repositories_and_services.base.user.User] 
2023-11-28T22:11:58.808-05:00 DEBUG 27472 --- [           main] o.h.q.sqm.sql.BaseSqmToSqlAstConverter   : Determining mapping-model type for SqmParameter : org.hibernate.query.sqm.tree.expression.SqmJpaCriteriaParameterWrapper@4a094674
2023-11-28T22:11:58.808-05:00 DEBUG 27472 --- [           main] o.h.q.sqm.sql.BaseSqmToSqlAstConverter   : Determining mapping-model type for SqmPath : SqmBasicValuedSimplePath(com.cash_flow_app.apicashflow.entities_repositories_and_services.base.user.User(35202153502500).username) 
2023-11-28T22:11:58.808-05:00 DEBUG 27472 --- [           main] org.hibernate.orm.results.graph.AST      : DomainResult Graph:
 \-EntityResultImpl [com.cash_flow_app.apicashflow.entities_repositories_and_services.base.user.User(35202153502500)]
 |  +-SelectEagerCollectionFetch [com.cash_flow_app.apicashflow.entities_repositories_and_services.base.user.User(35202153502500).accounts]
 |  +-SelectEagerCollectionFetch [com.cash_flow_app.apicashflow.entities_repositories_and_services.base.user.User(35202153502500).authorities]
 |  +-BasicFetch [com.cash_flow_app.apicashflow.entities_repositories_and_services.base.user.User(35202153502500).password]
 |  \-BasicFetch [com.cash_flow_app.apicashflow.entities_repositories_and_services.base.user.User(35202153502500).username]

2023-11-28T22:11:58.808-05:00 DEBUG 27472 --- [           main] org.hibernate.orm.sql.ast.tree           : SQL AST Tree:
    SelectStatement {
      FromClause {
        StandardTableGroup (u1 : com.cash_flow_app.apicashflow.entities_repositories_and_services.base.user.User(35202153502500)) {
          primaryTableReference : users as u1_0
        }
      }
    }

2023-11-28T22:11:58.808-05:00 DEBUG 27472 --- [           main] o.h.e.i.AbstractFlushingEventListener    : Processing flush-time cascades
2023-11-28T22:11:58.808-05:00 DEBUG 27472 --- [           main] o.h.e.i.AbstractFlushingEventListener    : Dirty checking collections
2023-11-28T22:11:58.808-05:00 DEBUG 27472 --- [           main] o.hibernate.engine.internal.Collections  : Collection found: [com.cash_flow_app.apicashflow.entities_repositories_and_services.base.user.User.authorities#868f4b4a-a5ea-4f56-bc28-23c4483dd87a], was: [<unreferenced>] (initialized)
2023-11-28T22:11:58.808-05:00 DEBUG 27472 --- [           main] o.h.e.i.AbstractFlushingEventListener    : Flushed: 1 insertions, 0 updates, 0 deletions to 9 objects
2023-11-28T22:11:58.808-05:00 DEBUG 27472 --- [           main] o.h.e.i.AbstractFlushingEventListener    : Flushed: 1 (re)creations, 0 updates, 0 removals to 1 collections
2023-11-28T22:11:58.808-05:00 DEBUG 27472 --- [           main] o.hibernate.internal.util.EntityPrinter  : Listing entities:
2023-11-28T22:11:58.808-05:00 DEBUG 27472 --- [           main] o.hibernate.internal.util.EntityPrinter  : com.cash_flow_app.apicashflow.entities_repositories_and_services.base.authority.Authority{endpoint=User, permission=CREATE, id=f4f135be-a2b5-48d1-a9d0-2b14e82cc373}
2023-11-28T22:11:58.808-05:00 DEBUG 27472 --- [           main] o.hibernate.internal.util.EntityPrinter  : com.cash_flow_app.apicashflow.entities_repositories_and_services.base.authority.Authority{endpoint=User, permission=READ, id=35481739-2447-454f-8ec3-daf467bb2ae5}
2023-11-28T22:11:58.808-05:00 DEBUG 27472 --- [           main] o.hibernate.internal.util.EntityPrinter  : com.cash_flow_app.apicashflow.entities_repositories_and_services.base.authority.Authority{endpoint=IncomeExpense, permission=CREATE, id=4de61a19-9cab-469d-856c-169a503a3f70}
2023-11-28T22:11:58.808-05:00 DEBUG 27472 --- [           main] o.hibernate.internal.util.EntityPrinter  : com.cash_flow_app.apicashflow.entities_repositories_and_services.base.authority.Authority{endpoint=Account, permission=DELETE, id=363894b3-8bdc-4764-ad13-d91f872e1a95}
2023-11-28T22:11:58.808-05:00 DEBUG 27472 --- [           main] o.hibernate.internal.util.EntityPrinter  : com.cash_flow_app.apicashflow.entities_repositories_and_services.base.authority.Authority{endpoint=IncomeExpense, permission=DELETE, id=51c645c0-dc8a-45f9-88d1-533e63701dbe}
2023-11-28T22:11:58.808-05:00 DEBUG 27472 --- [           main] o.hibernate.internal.util.EntityPrinter  : com.cash_flow_app.apicashflow.entities_repositories_and_services.base.authority.Authority{endpoint=Account, permission=CREATE, id=9aaf7d40-45f6-4ab6-90a9-a23f4c1b5f2f}
2023-11-28T22:11:58.808-05:00 DEBUG 27472 --- [           main] o.hibernate.internal.util.EntityPrinter  : com.cash_flow_app.apicashflow.entities_repositories_and_services.base.authority.Authority{endpoint=Account, permission=READ, id=b14a62f4-d04f-422a-a2a3-1f80e2635352}
2023-11-28T22:11:58.808-05:00 DEBUG 27472 --- [           main] o.hibernate.internal.util.EntityPrinter  : com.cash_flow_app.apicashflow.entities_repositories_and_services.base.user.User{password=$2a$10$RnvL72bTf7aacicp/DvsNetDIcegIHNITB6RzN8zqSkNiWSNyadve, id=868f4b4a-a5ea-4f56-bc28-23c4483dd87a, accounts=null, authorities=[com.cash_flow_app.apicashflow.entities_repositories_and_services.base.authority.Authority#9aaf7d40-45f6-4ab6-90a9-a23f4c1b5f2f, com.cash_flow_app.apicashflow.entities_repositories_and_services.base.authority.Authority#b14a62f4-d04f-422a-a2a3-1f80e2635352, com.cash_flow_app.apicashflow.entities_repositories_and_services.base.authority.Authority#363894b3-8bdc-4764-ad13-d91f872e1a95, com.cash_flow_app.apicashflow.entities_repositories_and_services.base.authority.Authority#f4f135be-a2b5-48d1-a9d0-2b14e82cc373, com.cash_flow_app.apicashflow.entities_repositories_and_services.base.authority.Authority#35481739-2447-454f-8ec3-daf467bb2ae5, com.cash_flow_app.apicashflow.entities_repositories_and_services.base.authority.Authority#4de61a19-9cab-469d-856c-169a503a3f70, com.cash_flow_app.apicashflow.entities_repositories_and_services.base.authority.Authority#af9e383e-4459-4719-802e-94a22944b4b7, com.cash_flow_app.apicashflow.entities_repositories_and_services.base.authority.Authority#51c645c0-dc8a-45f9-88d1-533e63701dbe], username=usuario_test}
2023-11-28T22:11:58.808-05:00 DEBUG 27472 --- [           main] o.hibernate.internal.util.EntityPrinter  : com.cash_flow_app.apicashflow.entities_repositories_and_services.base.authority.Authority{endpoint=IncomeExpense, permission=READ, id=af9e383e-4459-4719-802e-94a22944b4b7}
2023-11-28T22:11:58.808-05:00 DEBUG 27472 --- [           main] org.hibernate.engine.spi.ActionQueue     : Changes must be flushed to space: users
2023-11-28T22:11:58.808-05:00 DEBUG 27472 --- [           main] org.hibernate.SQL                        : 
    insert 
    into
        users
        (password, username, id) 
    values
        (?, ?, ?)
2023-11-28T22:11:58.809-05:00 DEBUG 27472 --- [           main] o.h.p.c.AbstractCollectionPersister      : Inserting collection: [com.cash_flow_app.apicashflow.entities_repositories_and_services.base.user.User.authorities#868f4b4a-a5ea-4f56-bc28-23c4483dd87a]
2023-11-28T22:11:58.809-05:00 DEBUG 27472 --- [           main] org.hibernate.SQL                        : 
    insert 
    into
        user_authority
        (user_id, authority_id) 
    values
        (?, ?)
2023-11-28T22:11:58.809-05:00 DEBUG 27472 --- [           main] org.hibernate.SQL                        : 
    insert 
    into
        user_authority
        (user_id, authority_id) 
    values
        (?, ?)
2023-11-28T22:11:58.809-05:00 DEBUG 27472 --- [           main] org.hibernate.SQL                        : 
    insert 
    into
        user_authority
        (user_id, authority_id) 
    values
        (?, ?)
2023-11-28T22:11:58.810-05:00 DEBUG 27472 --- [           main] org.hibernate.SQL                        : 
    insert 
    into
        user_authority
        (user_id, authority_id) 
    values
        (?, ?)
2023-11-28T22:11:58.810-05:00 DEBUG 27472 --- [           main] org.hibernate.SQL                        : 
    insert 
    into
        user_authority
        (user_id, authority_id) 
    values
        (?, ?)
2023-11-28T22:11:58.810-05:00 DEBUG 27472 --- [           main] org.hibernate.SQL                        : 
    insert 
    into
        user_authority
        (user_id, authority_id) 
    values
        (?, ?)
2023-11-28T22:11:58.810-05:00 DEBUG 27472 --- [           main] org.hibernate.SQL                        : 
    insert 
    into
        user_authority
        (user_id, authority_id) 
    values
        (?, ?)
2023-11-28T22:11:58.810-05:00 DEBUG 27472 --- [           main] org.hibernate.SQL                        : 
    insert 
    into
        user_authority
        (user_id, authority_id) 
    values
        (?, ?)
2023-11-28T22:11:58.811-05:00 DEBUG 27472 --- [           main] o.h.p.c.AbstractCollectionPersister      : Done inserting collection: 8 rows inserted
2023-11-28T22:11:58.811-05:00 DEBUG 27472 --- [           main] org.hibernate.orm.sql.exec               : Skipping reading Query result cache data: cache-enabled = false, cache-mode = NORMAL
2023-11-28T22:11:58.811-05:00 DEBUG 27472 --- [           main] org.hibernate.orm.results                : Initializer list
2023-11-28T22:11:58.811-05:00 DEBUG 27472 --- [           main] org.hibernate.orm.results                :     com.cash_flow_app.apicashflow.entities_repositories_and_services.base.user.User(35202153502500).accounts -> SelectEagerCollectionInitializer(com.cash_flow_app.apicashflow.entities_repositories_and_services.base.user.User(35202153502500).accounts)@1362188029 (PluralAttribute(com.cash_flow_app.apicashflow.entities_repositories_and_services.base.user.User.accounts))
2023-11-28T22:11:58.811-05:00 DEBUG 27472 --- [           main] org.hibernate.orm.results                :     com.cash_flow_app.apicashflow.entities_repositories_and_services.base.user.User(35202153502500).authorities -> SelectEagerCollectionInitializer(com.cash_flow_app.apicashflow.entities_repositories_and_services.base.user.User(35202153502500).authorities)@1339308820 (PluralAttribute(com.cash_flow_app.apicashflow.entities_repositories_and_services.base.user.User.authorities))
2023-11-28T22:11:58.811-05:00 DEBUG 27472 --- [           main] org.hibernate.orm.results                :     com.cash_flow_app.apicashflow.entities_repositories_and_services.base.user.User(35202153502500) -> EntityResultInitializer(com.cash_flow_app.apicashflow.entities_repositories_and_services.base.user.User(35202153502500))@1537046118 (SingleTableEntityPersister(com.cash_flow_app.apicashflow.entities_repositories_and_services.base.user.User))
2023-11-28T22:11:58.811-05:00 DEBUG 27472 --- [           main] org.hibernate.SQL                        : 
    select
        u1_0.id,
        u1_0.password,
        u1_0.username 
    from
        users u1_0 
    where
        u1_0.username=?
2023-11-28T22:11:58.811-05:00 DEBUG 27472 --- [           main] org.hibernate.orm.results                : Extracted JDBC value [0] - [868f4b4a-a5ea-4f56-bc28-23c4483dd87a]
2023-11-28T22:11:58.811-05:00 DEBUG 27472 --- [           main] o.hibernate.orm.results.loading.entity   : (EntityResultInitializer) Hydrated EntityKey (com.cash_flow_app.apicashflow.entities_repositories_and_services.base.user.User(35202153502500)): 868f4b4a-a5ea-4f56-bc28-23c4483dd87a
2023-11-28T22:11:58.811-05:00 DEBUG 27472 --- [           main] o.h.o.r.l.o.h.o.r.loading.collection     : (DelayedCollectionInitializer) Current row collection key : com.cash_flow_app.apicashflow.entities_repositories_and_services.base.user.User(35202153502500).accounts#868f4b4a-a5ea-4f56-bc28-23c4483dd87a
2023-11-28T22:11:58.811-05:00 DEBUG 27472 --- [           main] o.h.o.r.l.o.h.o.r.loading.collection     : (DelayedCollectionInitializer) Current row collection key : com.cash_flow_app.apicashflow.entities_repositories_and_services.base.user.User(35202153502500).authorities#868f4b4a-a5ea-4f56-bc28-23c4483dd87a
2023-11-28T22:11:58.811-05:00 DEBUG 27472 --- [           main] org.hibernate.orm.results.loading        : Calling top-level assembler (0 / 1) : org.hibernate.sql.results.graph.entity.internal.EntityAssembler@331d7260
2023-11-28T22:11:58.811-05:00 DEBUG 27472 --- [           main] org.hibernate.orm.results.graph.AST      : DomainResult Graph:
 \-CollectionDomainResult [com.cash_flow_app.apicashflow.entities_repositories_and_services.base.user.User.accounts]

2023-11-28T22:11:58.811-05:00 DEBUG 27472 --- [           main] org.hibernate.orm.sql.ast.tree           : SQL AST Tree:
    SelectStatement {
      FromClause {
        CollectionTableGroup (a1 : com.cash_flow_app.apicashflow.entities_repositories_and_services.base.user.User.accounts) {
          primaryTableReference : user_account as a1_0
          NestedTableGroupJoins {
             join LazyTableGroup (a1 : com.cash_flow_app.apicashflow.entities_repositories_and_services.base.user.User.accounts.{element}) {
              primaryTableReference : accounts as a1_1
            }
          }
        }
      }
    }

2023-11-28T22:11:58.811-05:00 DEBUG 27472 --- [           main] org.hibernate.orm.sql.exec               : Skipping reading Query result cache data: cache-enabled = false, cache-mode = IGNORE
2023-11-28T22:11:58.811-05:00 DEBUG 27472 --- [           main] org.hibernate.orm.results                : Initializer list
2023-11-28T22:11:58.811-05:00 DEBUG 27472 --- [           main] org.hibernate.orm.results                :     com.cash_flow_app.apicashflow.entities_repositories_and_services.base.user.User.accounts.{element}.incomes_expenses -> SelectEagerCollectionInitializer(com.cash_flow_app.apicashflow.entities_repositories_and_services.base.user.User.accounts.{element}.incomes_expenses)@1619442306 (PluralAttribute(com.cash_flow_app.apicashflow.entities_repositories_and_services.base.account.Account.incomes_expenses))
2023-11-28T22:11:58.811-05:00 DEBUG 27472 --- [           main] org.hibernate.orm.results                :     com.cash_flow_app.apicashflow.entities_repositories_and_services.base.user.User.accounts.{element}.users -> SelectEagerCollectionInitializer(com.cash_flow_app.apicashflow.entities_repositories_and_services.base.user.User.accounts.{element}.users)@17194761 (PluralAttribute(com.cash_flow_app.apicashflow.entities_repositories_and_services.base.account.Account.users))
2023-11-28T22:11:58.811-05:00 DEBUG 27472 --- [           main] org.hibernate.orm.results                :     com.cash_flow_app.apicashflow.entities_repositories_and_services.base.user.User.accounts.{element} -> EntityJoinedFetchInitializer(com.cash_flow_app.apicashflow.entities_repositories_and_services.base.user.User.accounts.{element})@449775363 (EntityCollectionPart(NavigableRole[com.cash_flow_app.apicashflow.entities_repositories_and_services.base.user.User.accounts#{element}])@624685600)
2023-11-28T22:11:58.811-05:00 DEBUG 27472 --- [           main] org.hibernate.orm.results                :     com.cash_flow_app.apicashflow.entities_repositories_and_services.base.user.User.accounts -> BagInitializer(com.cash_flow_app.apicashflow.entities_repositories_and_services.base.user.User.accounts)@1108994120 (PluralAttribute(com.cash_flow_app.apicashflow.entities_repositories_and_services.base.user.User.accounts))
2023-11-28T22:11:58.811-05:00 DEBUG 27472 --- [           main] org.hibernate.SQL                        : 
    select
        a1_0.user_id,
        a1_1.id,
        a1_1.description 
    from
        user_account a1_0 
    join
        accounts a1_1 
            on a1_1.id=a1_0.account_id 
    where
        a1_0.user_id=?
2023-11-28T22:11:58.812-05:00 DEBUG 27472 --- [           main] o.h.sql.results.internal.ResultsHelper   : Collection fully initialized: [com.cash_flow_app.apicashflow.entities_repositories_and_services.base.user.User.accounts#868f4b4a-a5ea-4f56-bc28-23c4483dd87a]
2023-11-28T22:11:58.887-05:00 DEBUG 27472 --- [           main] o.s.s.a.dao.DaoAuthenticationProvider    : Authenticated user

MockHttpServletRequest:
      HTTP Method = POST
      Request URI = /api/v1/user/login
       Parameters = {_csrf=[oBKwUjPjHpvmkGVjifMq733-b7gdFXnvEibpHRkjcKE9Hps6xiODalaHJ_7L9gYFu94e3E7PQtovdh3CdESPJXhFFsMJKqIL]}
          Headers = [Content-Type:"application/json;charset=UTF-8", Content-Length:"52"]
             Body = { "username": "usuario_test", "password": "123456" }
    Session Attrs = {}

Handler:
             Type = null

Async:
    Async started = false
     Async result = null

Resolved Exception:
             Type = null

ModelAndView:
        View name = null
             View = null
            Model = null

FlashMap:
       Attributes = null

MockHttpServletResponse:
           Status = 200
    Error message = null
          Headers = [Vary:"Origin", "Access-Control-Request-Method", "Access-Control-Request-Headers", Authorization:"Bearer eyJhbGciOiJIUzUxMiJ9.eyJzdWIiOiJ1c3VhcmlvX3Rlc3QiLCJleHAiOjE3MDM4MTk1MTh9._RjmE35ZWwlgi-J6GUPzAIK95KKwCYwqRJzwkTW-pOWpMEaBJNZ2mk9w8ZBH48tP7shOXrP38_jru9Eshz1Dsg", Access-Control-Expose-Headers:"Authorization", X-Content-Type-Options:"nosniff", X-XSS-Protection:"0", Cache-Control:"no-cache, no-store, max-age=0, must-revalidate", Pragma:"no-cache", Expires:"0", X-Frame-Options:"DENY"]
     Content type = null
             Body = 
    Forwarded URL = null
   Redirected URL = null
          Cookies = []
2023-11-28T22:11:58.889-05:00 DEBUG 27472 --- [           main] org.springframework.test.context.cache   : Spring test ApplicationContext cache statistics: [DefaultContextCache@8caffbd size = 3, maxSize = 32, parentContextCount = 0, hitCount = 405, missCount = 3]
2023-11-28T22:11:58.889-05:00 DEBUG 27472 --- [           main] o.s.test.util.ReflectionTestUtils        : Invoking method 'getFilters' on target object [FilterChainProxy[Filter Chains: [DefaultSecurityFilterChain [RequestMatcher=any request, Filters=[org.springframework.security.web.session.DisableEncodeUrlFilter@120e3ebb, org.springframework.security.web.session.ForceEagerSessionCreationFilter@753f1c3e, org.springframework.security.web.context.request.async.WebAsyncManagerIntegrationFilter@5e9af5d4, org.springframework.security.web.context.SecurityContextHolderFilter@1d18e5ad, org.springframework.security.web.header.HeaderWriterFilter@73b68d98, org.springframework.web.filter.CorsFilter@7863e6b2, org.springframework.security.web.authentication.logout.LogoutFilter@1e5a8278, JWTAuthorizationFilter(loginService=com.cash_flow_app.apicashflow.entities_repositories_and_services.base.security.LoginService@508b9c16), com.cash_flow_app.apicashflow.entities_repositories_and_services.base.security.JWTAuthenticationFilter@6fd2b939, org.springframework.security.web.savedrequest.RequestCacheAwareFilter@11def039, org.springframework.security.web.servletapi.SecurityContextHolderAwareRequestFilter@564375d7, org.springframework.security.web.authentication.AnonymousAuthenticationFilter@c4aa99e, org.springframework.security.web.session.SessionManagementFilter@69af6978, org.springframework.security.web.access.ExceptionTranslationFilter@4469046b, org.springframework.security.web.access.intercept.AuthorizationFilter@588d2e90]]]]] or target class [null] with arguments {org.springframework.mock.web.MockHttpServletRequest@2d6b53a3}
2023-11-28T22:11:58.889-05:00 DEBUG 27472 --- [           main] o.s.test.util.ReflectionTestUtils        : Invoking method 'getFilters' on target object [FilterChainProxy[Filter Chains: [DefaultSecurityFilterChain [RequestMatcher=any request, Filters=[org.springframework.security.web.session.DisableEncodeUrlFilter@120e3ebb, org.springframework.security.web.session.ForceEagerSessionCreationFilter@753f1c3e, org.springframework.security.web.context.request.async.WebAsyncManagerIntegrationFilter@5e9af5d4, org.springframework.security.web.context.SecurityContextHolderFilter@1d18e5ad, org.springframework.security.web.header.HeaderWriterFilter@73b68d98, org.springframework.web.filter.CorsFilter@7863e6b2, org.springframework.security.web.authentication.logout.LogoutFilter@1e5a8278, JWTAuthorizationFilter(loginService=com.cash_flow_app.apicashflow.entities_repositories_and_services.base.security.LoginService@508b9c16), com.cash_flow_app.apicashflow.entities_repositories_and_services.base.security.JWTAuthenticationFilter@6fd2b939, org.springframework.security.web.savedrequest.RequestCacheAwareFilter@11def039, org.springframework.security.web.servletapi.SecurityContextHolderAwareRequestFilter@564375d7, org.springframework.security.web.authentication.AnonymousAuthenticationFilter@c4aa99e, org.springframework.security.web.session.SessionManagementFilter@69af6978, org.springframework.security.web.access.ExceptionTranslationFilter@4469046b, org.springframework.security.web.access.intercept.AuthorizationFilter@588d2e90]]]]] or target class [null] with arguments {org.springframework.mock.web.MockHttpServletRequest@2d6b53a3}
2023-11-28T22:11:58.889-05:00 DEBUG 27472 --- [           main] o.s.test.util.ReflectionTestUtils        : Invoking method 'getFilters' on target object [FilterChainProxy[Filter Chains: [DefaultSecurityFilterChain [RequestMatcher=any request, Filters=[org.springframework.security.web.session.DisableEncodeUrlFilter@120e3ebb, org.springframework.security.web.session.ForceEagerSessionCreationFilter@753f1c3e, org.springframework.security.web.context.request.async.WebAsyncManagerIntegrationFilter@5e9af5d4, org.springframework.security.web.context.SecurityContextHolderFilter@1d18e5ad, org.springframework.security.web.header.HeaderWriterFilter@73b68d98, org.springframework.web.filter.CorsFilter@7863e6b2, org.springframework.security.web.authentication.logout.LogoutFilter@1e5a8278, JWTAuthorizationFilter(loginService=com.cash_flow_app.apicashflow.entities_repositories_and_services.base.security.LoginService@508b9c16), com.cash_flow_app.apicashflow.entities_repositories_and_services.base.security.JWTAuthenticationFilter@6fd2b939, org.springframework.security.web.savedrequest.RequestCacheAwareFilter@11def039, org.springframework.security.web.servletapi.SecurityContextHolderAwareRequestFilter@564375d7, org.springframework.security.web.authentication.AnonymousAuthenticationFilter@c4aa99e, org.springframework.security.web.session.SessionManagementFilter@69af6978, org.springframework.security.web.access.ExceptionTranslationFilter@4469046b, org.springframework.security.web.access.intercept.AuthorizationFilter@588d2e90]]]]] or target class [null] with arguments {org.springframework.mock.web.MockHttpServletRequest@2d6b53a3}
2023-11-28T22:11:58.889-05:00 DEBUG 27472 --- [           main] o.s.security.web.FilterChainProxy        : Securing POST /api/v1/account/create
2023-11-28T22:11:58.890-05:00 DEBUG 27472 --- [           main] .s.s.w.s.ForceEagerSessionCreationFilter : Created session eagerly
2023-11-28T22:11:58.890-05:00 DEBUG 27472 --- [           main] org.hibernate.orm.sql.ast.create         : Created new SQL alias : u1_0
2023-11-28T22:11:58.890-05:00 DEBUG 27472 --- [           main] org.hibernate.orm.sql.ast.create         : Registration of TableGroup [StandardTableGroup(com.cash_flow_app.apicashflow.entities_repositories_and_services.base.user.User(35202153502500))] with identifierForTableGroup [com.cash_flow_app.apicashflow.entities_repositories_and_services.base.user.User] for NavigablePath [com.cash_flow_app.apicashflow.entities_repositories_and_services.base.user.User] 
2023-11-28T22:11:58.891-05:00 DEBUG 27472 --- [           main] o.h.q.sqm.sql.BaseSqmToSqlAstConverter   : Determining mapping-model type for SqmParameter : org.hibernate.query.sqm.tree.expression.SqmJpaCriteriaParameterWrapper@7bb5f1b5
2023-11-28T22:11:58.891-05:00 DEBUG 27472 --- [           main] o.h.q.sqm.sql.BaseSqmToSqlAstConverter   : Determining mapping-model type for SqmPath : SqmBasicValuedSimplePath(com.cash_flow_app.apicashflow.entities_repositories_and_services.base.user.User(35202153502500).username) 
2023-11-28T22:11:58.891-05:00 DEBUG 27472 --- [           main] org.hibernate.orm.results.graph.AST      : DomainResult Graph:
 \-EntityResultImpl [com.cash_flow_app.apicashflow.entities_repositories_and_services.base.user.User(35202153502500)]
 |  +-SelectEagerCollectionFetch [com.cash_flow_app.apicashflow.entities_repositories_and_services.base.user.User(35202153502500).accounts]
 |  +-SelectEagerCollectionFetch [com.cash_flow_app.apicashflow.entities_repositories_and_services.base.user.User(35202153502500).authorities]
 |  +-BasicFetch [com.cash_flow_app.apicashflow.entities_repositories_and_services.base.user.User(35202153502500).password]
 |  \-BasicFetch [com.cash_flow_app.apicashflow.entities_repositories_and_services.base.user.User(35202153502500).username]

2023-11-28T22:11:58.891-05:00 DEBUG 27472 --- [           main] org.hibernate.orm.sql.ast.tree           : SQL AST Tree:
    SelectStatement {
      FromClause {
        StandardTableGroup (u1 : com.cash_flow_app.apicashflow.entities_repositories_and_services.base.user.User(35202153502500)) {
          primaryTableReference : users as u1_0
        }
      }
    }

2023-11-28T22:11:58.891-05:00 DEBUG 27472 --- [           main] o.h.e.i.AbstractFlushingEventListener    : Processing flush-time cascades
2023-11-28T22:11:58.891-05:00 DEBUG 27472 --- [           main] o.h.e.i.AbstractFlushingEventListener    : Dirty checking collections
2023-11-28T22:11:58.891-05:00 DEBUG 27472 --- [           main] o.hibernate.engine.internal.Collections  : Collection found: [com.cash_flow_app.apicashflow.entities_repositories_and_services.base.user.User.authorities#868f4b4a-a5ea-4f56-bc28-23c4483dd87a], was: [com.cash_flow_app.apicashflow.entities_repositories_and_services.base.user.User.authorities#868f4b4a-a5ea-4f56-bc28-23c4483dd87a] (initialized)
2023-11-28T22:11:58.891-05:00 DEBUG 27472 --- [           main] o.hibernate.engine.internal.Collections  : Collection dereferenced: [com.cash_flow_app.apicashflow.entities_repositories_and_services.base.user.User.accounts#868f4b4a-a5ea-4f56-bc28-23c4483dd87a]
2023-11-28T22:11:58.891-05:00 DEBUG 27472 --- [           main] o.h.e.i.AbstractFlushingEventListener    : Flushed: 0 insertions, 0 updates, 0 deletions to 9 objects
2023-11-28T22:11:58.891-05:00 DEBUG 27472 --- [           main] o.h.e.i.AbstractFlushingEventListener    : Flushed: 0 (re)creations, 0 updates, 1 removals to 2 collections
2023-11-28T22:11:58.891-05:00 DEBUG 27472 --- [           main] o.hibernate.internal.util.EntityPrinter  : Listing entities:
2023-11-28T22:11:58.891-05:00 DEBUG 27472 --- [           main] o.hibernate.internal.util.EntityPrinter  : com.cash_flow_app.apicashflow.entities_repositories_and_services.base.authority.Authority{endpoint=User, permission=CREATE, id=f4f135be-a2b5-48d1-a9d0-2b14e82cc373}
2023-11-28T22:11:58.891-05:00 DEBUG 27472 --- [           main] o.hibernate.internal.util.EntityPrinter  : com.cash_flow_app.apicashflow.entities_repositories_and_services.base.authority.Authority{endpoint=User, permission=READ, id=35481739-2447-454f-8ec3-daf467bb2ae5}
2023-11-28T22:11:58.891-05:00 DEBUG 27472 --- [           main] o.hibernate.internal.util.EntityPrinter  : com.cash_flow_app.apicashflow.entities_repositories_and_services.base.authority.Authority{endpoint=IncomeExpense, permission=CREATE, id=4de61a19-9cab-469d-856c-169a503a3f70}
2023-11-28T22:11:58.891-05:00 DEBUG 27472 --- [           main] o.hibernate.internal.util.EntityPrinter  : com.cash_flow_app.apicashflow.entities_repositories_and_services.base.authority.Authority{endpoint=Account, permission=DELETE, id=363894b3-8bdc-4764-ad13-d91f872e1a95}
2023-11-28T22:11:58.891-05:00 DEBUG 27472 --- [           main] o.hibernate.internal.util.EntityPrinter  : com.cash_flow_app.apicashflow.entities_repositories_and_services.base.authority.Authority{endpoint=IncomeExpense, permission=DELETE, id=51c645c0-dc8a-45f9-88d1-533e63701dbe}
2023-11-28T22:11:58.891-05:00 DEBUG 27472 --- [           main] o.hibernate.internal.util.EntityPrinter  : com.cash_flow_app.apicashflow.entities_repositories_and_services.base.authority.Authority{endpoint=Account, permission=CREATE, id=9aaf7d40-45f6-4ab6-90a9-a23f4c1b5f2f}
2023-11-28T22:11:58.891-05:00 DEBUG 27472 --- [           main] o.hibernate.internal.util.EntityPrinter  : com.cash_flow_app.apicashflow.entities_repositories_and_services.base.authority.Authority{endpoint=Account, permission=READ, id=b14a62f4-d04f-422a-a2a3-1f80e2635352}
2023-11-28T22:11:58.891-05:00 DEBUG 27472 --- [           main] o.hibernate.internal.util.EntityPrinter  : com.cash_flow_app.apicashflow.entities_repositories_and_services.base.user.User{password=$2a$10$RnvL72bTf7aacicp/DvsNetDIcegIHNITB6RzN8zqSkNiWSNyadve, id=868f4b4a-a5ea-4f56-bc28-23c4483dd87a, accounts=null, authorities=[com.cash_flow_app.apicashflow.entities_repositories_and_services.base.authority.Authority#9aaf7d40-45f6-4ab6-90a9-a23f4c1b5f2f, com.cash_flow_app.apicashflow.entities_repositories_and_services.base.authority.Authority#b14a62f4-d04f-422a-a2a3-1f80e2635352, com.cash_flow_app.apicashflow.entities_repositories_and_services.base.authority.Authority#363894b3-8bdc-4764-ad13-d91f872e1a95, com.cash_flow_app.apicashflow.entities_repositories_and_services.base.authority.Authority#f4f135be-a2b5-48d1-a9d0-2b14e82cc373, com.cash_flow_app.apicashflow.entities_repositories_and_services.base.authority.Authority#35481739-2447-454f-8ec3-daf467bb2ae5, com.cash_flow_app.apicashflow.entities_repositories_and_services.base.authority.Authority#4de61a19-9cab-469d-856c-169a503a3f70, com.cash_flow_app.apicashflow.entities_repositories_and_services.base.authority.Authority#af9e383e-4459-4719-802e-94a22944b4b7, com.cash_flow_app.apicashflow.entities_repositories_and_services.base.authority.Authority#51c645c0-dc8a-45f9-88d1-533e63701dbe], username=usuario_test}
2023-11-28T22:11:58.891-05:00 DEBUG 27472 --- [           main] o.hibernate.internal.util.EntityPrinter  : com.cash_flow_app.apicashflow.entities_repositories_and_services.base.authority.Authority{endpoint=IncomeExpense, permission=READ, id=af9e383e-4459-4719-802e-94a22944b4b7}
2023-11-28T22:11:58.891-05:00 DEBUG 27472 --- [           main] org.hibernate.orm.sql.exec               : Skipping reading Query result cache data: cache-enabled = false, cache-mode = NORMAL
2023-11-28T22:11:58.891-05:00 DEBUG 27472 --- [           main] org.hibernate.orm.results                : Initializer list
2023-11-28T22:11:58.891-05:00 DEBUG 27472 --- [           main] org.hibernate.orm.results                :     com.cash_flow_app.apicashflow.entities_repositories_and_services.base.user.User(35202153502500).accounts -> SelectEagerCollectionInitializer(com.cash_flow_app.apicashflow.entities_repositories_and_services.base.user.User(35202153502500).accounts)@2018228224 (PluralAttribute(com.cash_flow_app.apicashflow.entities_repositories_and_services.base.user.User.accounts))
2023-11-28T22:11:58.891-05:00 DEBUG 27472 --- [           main] org.hibernate.orm.results                :     com.cash_flow_app.apicashflow.entities_repositories_and_services.base.user.User(35202153502500).authorities -> SelectEagerCollectionInitializer(com.cash_flow_app.apicashflow.entities_repositories_and_services.base.user.User(35202153502500).authorities)@740808421 (PluralAttribute(com.cash_flow_app.apicashflow.entities_repositories_and_services.base.user.User.authorities))
2023-11-28T22:11:58.891-05:00 DEBUG 27472 --- [           main] org.hibernate.orm.results                :     com.cash_flow_app.apicashflow.entities_repositories_and_services.base.user.User(35202153502500) -> EntityResultInitializer(com.cash_flow_app.apicashflow.entities_repositories_and_services.base.user.User(35202153502500))@1055636469 (SingleTableEntityPersister(com.cash_flow_app.apicashflow.entities_repositories_and_services.base.user.User))
2023-11-28T22:11:58.891-05:00 DEBUG 27472 --- [           main] org.hibernate.SQL                        : 
    select
        u1_0.id,
        u1_0.password,
        u1_0.username 
    from
        users u1_0 
    where
        u1_0.username=?
2023-11-28T22:11:58.892-05:00 DEBUG 27472 --- [           main] org.hibernate.orm.results                : Extracted JDBC value [0] - [868f4b4a-a5ea-4f56-bc28-23c4483dd87a]
2023-11-28T22:11:58.892-05:00 DEBUG 27472 --- [           main] o.hibernate.orm.results.loading.entity   : (EntityResultInitializer) Hydrated EntityKey (com.cash_flow_app.apicashflow.entities_repositories_and_services.base.user.User(35202153502500)): 868f4b4a-a5ea-4f56-bc28-23c4483dd87a
2023-11-28T22:11:58.892-05:00 DEBUG 27472 --- [           main] o.h.o.r.l.o.h.o.r.loading.collection     : (DelayedCollectionInitializer) Current row collection key : com.cash_flow_app.apicashflow.entities_repositories_and_services.base.user.User(35202153502500).accounts#868f4b4a-a5ea-4f56-bc28-23c4483dd87a
2023-11-28T22:11:58.892-05:00 DEBUG 27472 --- [           main] o.h.o.r.l.o.h.o.r.loading.collection     : (DelayedCollectionInitializer) Current row collection key : com.cash_flow_app.apicashflow.entities_repositories_and_services.base.user.User(35202153502500).authorities#868f4b4a-a5ea-4f56-bc28-23c4483dd87a
2023-11-28T22:11:58.892-05:00 DEBUG 27472 --- [           main] org.hibernate.orm.results.loading        : Calling top-level assembler (0 / 1) : org.hibernate.sql.results.graph.entity.internal.EntityAssembler@337d97e3
2023-11-28T22:11:58.892-05:00 DEBUG 27472 --- [           main] .s.ChangeSessionIdAuthenticationStrategy : Changed session id from 67
2023-11-28T22:11:58.892-05:00 DEBUG 27472 --- [           main] w.c.HttpSessionSecurityContextRepository : Stored SecurityContextImpl [Authentication=UsernamePasswordAuthenticationToken [Principal=usuario_test, Credentials=[PROTECTED], Authenticated=true, Details=null, Granted Authorities=[ENDPOINT_ACCOUNT_PERMISSION_CREATE, ENDPOINT_ACCOUNT_PERMISSION_READ, ENDPOINT_ACCOUNT_PERMISSION_DELETE, ENDPOINT_USER_PERMISSION_CREATE, ENDPOINT_USER_PERMISSION_READ, ENDPOINT_INCOMEEXPENSE_PERMISSION_CREATE, ENDPOINT_INCOMEEXPENSE_PERMISSION_READ, ENDPOINT_INCOMEEXPENSE_PERMISSION_DELETE]]] to HttpSession [org.springframework.mock.web.MockHttpSession@502aa66a]
2023-11-28T22:11:58.892-05:00 DEBUG 27472 --- [           main] s.w.s.m.m.a.RequestMappingHandlerMapping : Mapped to com.cash_flow_app.apicashflow.controller.AccountController#create(AccountDto)
2023-11-28T22:11:58.892-05:00 DEBUG 27472 --- [           main] o.s.security.web.FilterChainProxy        : Secured POST /api/v1/account/create
2023-11-28T22:11:58.892-05:00 DEBUG 27472 --- [           main] o.s.t.web.servlet.TestDispatcherServlet  : POST "/api/v1/account/create", parameters={masked}
2023-11-28T22:11:58.892-05:00 DEBUG 27472 --- [           main] s.w.s.m.m.a.RequestMappingHandlerMapping : Mapped to com.cash_flow_app.apicashflow.controller.AccountController#create(AccountDto)
2023-11-28T22:11:58.892-05:00 DEBUG 27472 --- [           main] m.m.a.RequestResponseBodyMethodProcessor : Read "application/json;charset=UTF-8" to [AccountDto(id=null, description=descripcion de cuenta, users=[usuario_test])]
2023-11-28T22:11:58.893-05:00 DEBUG 27472 --- [           main] o.s.orm.jpa.JpaTransactionManager        : Found thread-bound EntityManager [SessionImpl(225879741<open>)] for JPA transaction
2023-11-28T22:11:58.893-05:00 DEBUG 27472 --- [           main] o.s.orm.jpa.JpaTransactionManager        : Participating in existing transaction
2023-11-28T22:11:58.893-05:00 DEBUG 27472 --- [           main] org.hibernate.orm.sql.ast.create         : Created new SQL alias : u1_0
2023-11-28T22:11:58.893-05:00 DEBUG 27472 --- [           main] org.hibernate.orm.sql.ast.create         : Registration of TableGroup [StandardTableGroup(com.cash_flow_app.apicashflow.entities_repositories_and_services.base.user.User(35202153502500))] with identifierForTableGroup [com.cash_flow_app.apicashflow.entities_repositories_and_services.base.user.User] for NavigablePath [com.cash_flow_app.apicashflow.entities_repositories_and_services.base.user.User] 
2023-11-28T22:11:58.893-05:00 DEBUG 27472 --- [           main] o.h.q.sqm.sql.BaseSqmToSqlAstConverter   : Determining mapping-model type for SqmParameter : org.hibernate.query.sqm.tree.expression.SqmJpaCriteriaParameterWrapper@5a06fcfc
2023-11-28T22:11:58.893-05:00 DEBUG 27472 --- [           main] o.h.q.sqm.sql.BaseSqmToSqlAstConverter   : Determining mapping-model type for SqmPath : SqmBasicValuedSimplePath(com.cash_flow_app.apicashflow.entities_repositories_and_services.base.user.User(35202153502500).username) 
2023-11-28T22:11:58.893-05:00 DEBUG 27472 --- [           main] org.hibernate.orm.results.graph.AST      : DomainResult Graph:
 \-EntityResultImpl [com.cash_flow_app.apicashflow.entities_repositories_and_services.base.user.User(35202153502500)]
 |  +-SelectEagerCollectionFetch [com.cash_flow_app.apicashflow.entities_repositories_and_services.base.user.User(35202153502500).accounts]
 |  +-SelectEagerCollectionFetch [com.cash_flow_app.apicashflow.entities_repositories_and_services.base.user.User(35202153502500).authorities]
 |  +-BasicFetch [com.cash_flow_app.apicashflow.entities_repositories_and_services.base.user.User(35202153502500).password]
 |  \-BasicFetch [com.cash_flow_app.apicashflow.entities_repositories_and_services.base.user.User(35202153502500).username]

2023-11-28T22:11:58.893-05:00 DEBUG 27472 --- [           main] org.hibernate.orm.sql.ast.tree           : SQL AST Tree:
    SelectStatement {
      FromClause {
        StandardTableGroup (u1 : com.cash_flow_app.apicashflow.entities_repositories_and_services.base.user.User(35202153502500)) {
          primaryTableReference : users as u1_0
        }
      }
    }

2023-11-28T22:11:58.893-05:00 DEBUG 27472 --- [           main] o.h.e.i.AbstractFlushingEventListener    : Processing flush-time cascades
2023-11-28T22:11:58.893-05:00 DEBUG 27472 --- [           main] o.h.e.i.AbstractFlushingEventListener    : Dirty checking collections
2023-11-28T22:11:58.893-05:00 DEBUG 27472 --- [           main] o.hibernate.engine.internal.Collections  : Collection found: [com.cash_flow_app.apicashflow.entities_repositories_and_services.base.user.User.authorities#868f4b4a-a5ea-4f56-bc28-23c4483dd87a], was: [com.cash_flow_app.apicashflow.entities_repositories_and_services.base.user.User.authorities#868f4b4a-a5ea-4f56-bc28-23c4483dd87a] (initialized)
2023-11-28T22:11:58.893-05:00 DEBUG 27472 --- [           main] o.hibernate.engine.internal.Collections  : Collection dereferenced: [com.cash_flow_app.apicashflow.entities_repositories_and_services.base.user.User.accounts#868f4b4a-a5ea-4f56-bc28-23c4483dd87a]
2023-11-28T22:11:58.893-05:00 DEBUG 27472 --- [           main] o.h.e.i.AbstractFlushingEventListener    : Flushed: 0 insertions, 0 updates, 0 deletions to 9 objects
2023-11-28T22:11:58.893-05:00 DEBUG 27472 --- [           main] o.h.e.i.AbstractFlushingEventListener    : Flushed: 0 (re)creations, 0 updates, 1 removals to 2 collections
2023-11-28T22:11:58.893-05:00 DEBUG 27472 --- [           main] o.hibernate.internal.util.EntityPrinter  : Listing entities:
2023-11-28T22:11:58.893-05:00 DEBUG 27472 --- [           main] o.hibernate.internal.util.EntityPrinter  : com.cash_flow_app.apicashflow.entities_repositories_and_services.base.authority.Authority{endpoint=User, permission=CREATE, id=f4f135be-a2b5-48d1-a9d0-2b14e82cc373}
2023-11-28T22:11:58.893-05:00 DEBUG 27472 --- [           main] o.hibernate.internal.util.EntityPrinter  : com.cash_flow_app.apicashflow.entities_repositories_and_services.base.authority.Authority{endpoint=User, permission=READ, id=35481739-2447-454f-8ec3-daf467bb2ae5}
2023-11-28T22:11:58.893-05:00 DEBUG 27472 --- [           main] o.hibernate.internal.util.EntityPrinter  : com.cash_flow_app.apicashflow.entities_repositories_and_services.base.authority.Authority{endpoint=IncomeExpense, permission=CREATE, id=4de61a19-9cab-469d-856c-169a503a3f70}
2023-11-28T22:11:58.893-05:00 DEBUG 27472 --- [           main] o.hibernate.internal.util.EntityPrinter  : com.cash_flow_app.apicashflow.entities_repositories_and_services.base.authority.Authority{endpoint=Account, permission=DELETE, id=363894b3-8bdc-4764-ad13-d91f872e1a95}
2023-11-28T22:11:58.893-05:00 DEBUG 27472 --- [           main] o.hibernate.internal.util.EntityPrinter  : com.cash_flow_app.apicashflow.entities_repositories_and_services.base.authority.Authority{endpoint=IncomeExpense, permission=DELETE, id=51c645c0-dc8a-45f9-88d1-533e63701dbe}
2023-11-28T22:11:58.893-05:00 DEBUG 27472 --- [           main] o.hibernate.internal.util.EntityPrinter  : com.cash_flow_app.apicashflow.entities_repositories_and_services.base.authority.Authority{endpoint=Account, permission=CREATE, id=9aaf7d40-45f6-4ab6-90a9-a23f4c1b5f2f}
2023-11-28T22:11:58.893-05:00 DEBUG 27472 --- [           main] o.hibernate.internal.util.EntityPrinter  : com.cash_flow_app.apicashflow.entities_repositories_and_services.base.authority.Authority{endpoint=Account, permission=READ, id=b14a62f4-d04f-422a-a2a3-1f80e2635352}
2023-11-28T22:11:58.893-05:00 DEBUG 27472 --- [           main] o.hibernate.internal.util.EntityPrinter  : com.cash_flow_app.apicashflow.entities_repositories_and_services.base.user.User{password=$2a$10$RnvL72bTf7aacicp/DvsNetDIcegIHNITB6RzN8zqSkNiWSNyadve, id=868f4b4a-a5ea-4f56-bc28-23c4483dd87a, accounts=null, authorities=[com.cash_flow_app.apicashflow.entities_repositories_and_services.base.authority.Authority#9aaf7d40-45f6-4ab6-90a9-a23f4c1b5f2f, com.cash_flow_app.apicashflow.entities_repositories_and_services.base.authority.Authority#b14a62f4-d04f-422a-a2a3-1f80e2635352, com.cash_flow_app.apicashflow.entities_repositories_and_services.base.authority.Authority#363894b3-8bdc-4764-ad13-d91f872e1a95, com.cash_flow_app.apicashflow.entities_repositories_and_services.base.authority.Authority#f4f135be-a2b5-48d1-a9d0-2b14e82cc373, com.cash_flow_app.apicashflow.entities_repositories_and_services.base.authority.Authority#35481739-2447-454f-8ec3-daf467bb2ae5, com.cash_flow_app.apicashflow.entities_repositories_and_services.base.authority.Authority#4de61a19-9cab-469d-856c-169a503a3f70, com.cash_flow_app.apicashflow.entities_repositories_and_services.base.authority.Authority#af9e383e-4459-4719-802e-94a22944b4b7, com.cash_flow_app.apicashflow.entities_repositories_and_services.base.authority.Authority#51c645c0-dc8a-45f9-88d1-533e63701dbe], username=usuario_test}
2023-11-28T22:11:58.893-05:00 DEBUG 27472 --- [           main] o.hibernate.internal.util.EntityPrinter  : com.cash_flow_app.apicashflow.entities_repositories_and_services.base.authority.Authority{endpoint=IncomeExpense, permission=READ, id=af9e383e-4459-4719-802e-94a22944b4b7}
2023-11-28T22:11:58.893-05:00 DEBUG 27472 --- [           main] org.hibernate.orm.sql.exec               : Skipping reading Query result cache data: cache-enabled = false, cache-mode = NORMAL
2023-11-28T22:11:58.893-05:00 DEBUG 27472 --- [           main] org.hibernate.orm.results                : Initializer list
2023-11-28T22:11:58.893-05:00 DEBUG 27472 --- [           main] org.hibernate.orm.results                :     com.cash_flow_app.apicashflow.entities_repositories_and_services.base.user.User(35202153502500).accounts -> SelectEagerCollectionInitializer(com.cash_flow_app.apicashflow.entities_repositories_and_services.base.user.User(35202153502500).accounts)@1590168237 (PluralAttribute(com.cash_flow_app.apicashflow.entities_repositories_and_services.base.user.User.accounts))
2023-11-28T22:11:58.893-05:00 DEBUG 27472 --- [           main] org.hibernate.orm.results                :     com.cash_flow_app.apicashflow.entities_repositories_and_services.base.user.User(35202153502500).authorities -> SelectEagerCollectionInitializer(com.cash_flow_app.apicashflow.entities_repositories_and_services.base.user.User(35202153502500).authorities)@868547732 (PluralAttribute(com.cash_flow_app.apicashflow.entities_repositories_and_services.base.user.User.authorities))
2023-11-28T22:11:58.893-05:00 DEBUG 27472 --- [           main] org.hibernate.orm.results                :     com.cash_flow_app.apicashflow.entities_repositories_and_services.base.user.User(35202153502500) -> EntityResultInitializer(com.cash_flow_app.apicashflow.entities_repositories_and_services.base.user.User(35202153502500))@2061102481 (SingleTableEntityPersister(com.cash_flow_app.apicashflow.entities_repositories_and_services.base.user.User))
2023-11-28T22:11:58.893-05:00 DEBUG 27472 --- [           main] org.hibernate.SQL                        : 
    select
        u1_0.id,
        u1_0.password,
        u1_0.username 
    from
        users u1_0 
    where
        u1_0.username=?
2023-11-28T22:11:58.894-05:00 DEBUG 27472 --- [           main] org.hibernate.orm.results                : Extracted JDBC value [0] - [868f4b4a-a5ea-4f56-bc28-23c4483dd87a]
2023-11-28T22:11:58.894-05:00 DEBUG 27472 --- [           main] o.hibernate.orm.results.loading.entity   : (EntityResultInitializer) Hydrated EntityKey (com.cash_flow_app.apicashflow.entities_repositories_and_services.base.user.User(35202153502500)): 868f4b4a-a5ea-4f56-bc28-23c4483dd87a
2023-11-28T22:11:58.894-05:00 DEBUG 27472 --- [           main] o.h.o.r.l.o.h.o.r.loading.collection     : (DelayedCollectionInitializer) Current row collection key : com.cash_flow_app.apicashflow.entities_repositories_and_services.base.user.User(35202153502500).accounts#868f4b4a-a5ea-4f56-bc28-23c4483dd87a
2023-11-28T22:11:58.894-05:00 DEBUG 27472 --- [           main] o.h.o.r.l.o.h.o.r.loading.collection     : (DelayedCollectionInitializer) Current row collection key : com.cash_flow_app.apicashflow.entities_repositories_and_services.base.user.User(35202153502500).authorities#868f4b4a-a5ea-4f56-bc28-23c4483dd87a
2023-11-28T22:11:58.894-05:00 DEBUG 27472 --- [           main] org.hibernate.orm.results.loading        : Calling top-level assembler (0 / 1) : org.hibernate.sql.results.graph.entity.internal.EntityAssembler@c34e260
2023-11-28T22:11:58.894-05:00 DEBUG 27472 --- [           main] org.hibernate.orm.sql.ast.create         : Created new SQL alias : u1_0
2023-11-28T22:11:58.894-05:00 DEBUG 27472 --- [           main] org.hibernate.orm.sql.ast.create         : Registration of TableGroup [StandardTableGroup(com.cash_flow_app.apicashflow.entities_repositories_and_services.base.user.User(35202153502500))] with identifierForTableGroup [com.cash_flow_app.apicashflow.entities_repositories_and_services.base.user.User] for NavigablePath [com.cash_flow_app.apicashflow.entities_repositories_and_services.base.user.User] 
2023-11-28T22:11:58.894-05:00 DEBUG 27472 --- [           main] o.h.q.sqm.sql.BaseSqmToSqlAstConverter   : Determining mapping-model type for SqmParameter : org.hibernate.query.sqm.tree.expression.SqmJpaCriteriaParameterWrapper@39342312
2023-11-28T22:11:58.894-05:00 DEBUG 27472 --- [           main] o.h.q.sqm.sql.BaseSqmToSqlAstConverter   : Determining mapping-model type for SqmPath : SqmBasicValuedSimplePath(com.cash_flow_app.apicashflow.entities_repositories_and_services.base.user.User(35202153502500).username) 
2023-11-28T22:11:58.894-05:00 DEBUG 27472 --- [           main] org.hibernate.orm.results.graph.AST      : DomainResult Graph:
 \-EntityResultImpl [com.cash_flow_app.apicashflow.entities_repositories_and_services.base.user.User(35202153502500)]
 |  +-SelectEagerCollectionFetch [com.cash_flow_app.apicashflow.entities_repositories_and_services.base.user.User(35202153502500).accounts]
 |  +-SelectEagerCollectionFetch [com.cash_flow_app.apicashflow.entities_repositories_and_services.base.user.User(35202153502500).authorities]
 |  +-BasicFetch [com.cash_flow_app.apicashflow.entities_repositories_and_services.base.user.User(35202153502500).password]
 |  \-BasicFetch [com.cash_flow_app.apicashflow.entities_repositories_and_services.base.user.User(35202153502500).username]

2023-11-28T22:11:58.894-05:00 DEBUG 27472 --- [           main] org.hibernate.orm.sql.ast.tree           : SQL AST Tree:
    SelectStatement {
      FromClause {
        StandardTableGroup (u1 : com.cash_flow_app.apicashflow.entities_repositories_and_services.base.user.User(35202153502500)) {
          primaryTableReference : users as u1_0
        }
      }
    }

2023-11-28T22:11:58.894-05:00 DEBUG 27472 --- [           main] o.h.e.i.AbstractFlushingEventListener    : Processing flush-time cascades
2023-11-28T22:11:58.894-05:00 DEBUG 27472 --- [           main] o.h.e.i.AbstractFlushingEventListener    : Dirty checking collections
2023-11-28T22:11:58.894-05:00 DEBUG 27472 --- [           main] o.hibernate.engine.internal.Collections  : Collection found: [com.cash_flow_app.apicashflow.entities_repositories_and_services.base.user.User.authorities#868f4b4a-a5ea-4f56-bc28-23c4483dd87a], was: [com.cash_flow_app.apicashflow.entities_repositories_and_services.base.user.User.authorities#868f4b4a-a5ea-4f56-bc28-23c4483dd87a] (initialized)
2023-11-28T22:11:58.894-05:00 DEBUG 27472 --- [           main] o.hibernate.engine.internal.Collections  : Collection dereferenced: [com.cash_flow_app.apicashflow.entities_repositories_and_services.base.user.User.accounts#868f4b4a-a5ea-4f56-bc28-23c4483dd87a]
2023-11-28T22:11:58.894-05:00 DEBUG 27472 --- [           main] o.h.e.i.AbstractFlushingEventListener    : Flushed: 0 insertions, 0 updates, 0 deletions to 9 objects
2023-11-28T22:11:58.894-05:00 DEBUG 27472 --- [           main] o.h.e.i.AbstractFlushingEventListener    : Flushed: 0 (re)creations, 0 updates, 1 removals to 2 collections
2023-11-28T22:11:58.894-05:00 DEBUG 27472 --- [           main] o.hibernate.internal.util.EntityPrinter  : Listing entities:
2023-11-28T22:11:58.894-05:00 DEBUG 27472 --- [           main] o.hibernate.internal.util.EntityPrinter  : com.cash_flow_app.apicashflow.entities_repositories_and_services.base.authority.Authority{endpoint=User, permission=CREATE, id=f4f135be-a2b5-48d1-a9d0-2b14e82cc373}
2023-11-28T22:11:58.894-05:00 DEBUG 27472 --- [           main] o.hibernate.internal.util.EntityPrinter  : com.cash_flow_app.apicashflow.entities_repositories_and_services.base.authority.Authority{endpoint=User, permission=READ, id=35481739-2447-454f-8ec3-daf467bb2ae5}
2023-11-28T22:11:58.894-05:00 DEBUG 27472 --- [           main] o.hibernate.internal.util.EntityPrinter  : com.cash_flow_app.apicashflow.entities_repositories_and_services.base.authority.Authority{endpoint=IncomeExpense, permission=CREATE, id=4de61a19-9cab-469d-856c-169a503a3f70}
2023-11-28T22:11:58.894-05:00 DEBUG 27472 --- [           main] o.hibernate.internal.util.EntityPrinter  : com.cash_flow_app.apicashflow.entities_repositories_and_services.base.authority.Authority{endpoint=Account, permission=DELETE, id=363894b3-8bdc-4764-ad13-d91f872e1a95}
2023-11-28T22:11:58.895-05:00 DEBUG 27472 --- [           main] o.hibernate.internal.util.EntityPrinter  : com.cash_flow_app.apicashflow.entities_repositories_and_services.base.authority.Authority{endpoint=IncomeExpense, permission=DELETE, id=51c645c0-dc8a-45f9-88d1-533e63701dbe}
2023-11-28T22:11:58.895-05:00 DEBUG 27472 --- [           main] o.hibernate.internal.util.EntityPrinter  : com.cash_flow_app.apicashflow.entities_repositories_and_services.base.authority.Authority{endpoint=Account, permission=CREATE, id=9aaf7d40-45f6-4ab6-90a9-a23f4c1b5f2f}
2023-11-28T22:11:58.895-05:00 DEBUG 27472 --- [           main] o.hibernate.internal.util.EntityPrinter  : com.cash_flow_app.apicashflow.entities_repositories_and_services.base.authority.Authority{endpoint=Account, permission=READ, id=b14a62f4-d04f-422a-a2a3-1f80e2635352}
2023-11-28T22:11:58.895-05:00 DEBUG 27472 --- [           main] o.hibernate.internal.util.EntityPrinter  : com.cash_flow_app.apicashflow.entities_repositories_and_services.base.user.User{password=$2a$10$RnvL72bTf7aacicp/DvsNetDIcegIHNITB6RzN8zqSkNiWSNyadve, id=868f4b4a-a5ea-4f56-bc28-23c4483dd87a, accounts=null, authorities=[com.cash_flow_app.apicashflow.entities_repositories_and_services.base.authority.Authority#9aaf7d40-45f6-4ab6-90a9-a23f4c1b5f2f, com.cash_flow_app.apicashflow.entities_repositories_and_services.base.authority.Authority#b14a62f4-d04f-422a-a2a3-1f80e2635352, com.cash_flow_app.apicashflow.entities_repositories_and_services.base.authority.Authority#363894b3-8bdc-4764-ad13-d91f872e1a95, com.cash_flow_app.apicashflow.entities_repositories_and_services.base.authority.Authority#f4f135be-a2b5-48d1-a9d0-2b14e82cc373, com.cash_flow_app.apicashflow.entities_repositories_and_services.base.authority.Authority#35481739-2447-454f-8ec3-daf467bb2ae5, com.cash_flow_app.apicashflow.entities_repositories_and_services.base.authority.Authority#4de61a19-9cab-469d-856c-169a503a3f70, com.cash_flow_app.apicashflow.entities_repositories_and_services.base.authority.Authority#af9e383e-4459-4719-802e-94a22944b4b7, com.cash_flow_app.apicashflow.entities_repositories_and_services.base.authority.Authority#51c645c0-dc8a-45f9-88d1-533e63701dbe], username=usuario_test}
2023-11-28T22:11:58.895-05:00 DEBUG 27472 --- [           main] o.hibernate.internal.util.EntityPrinter  : com.cash_flow_app.apicashflow.entities_repositories_and_services.base.authority.Authority{endpoint=IncomeExpense, permission=READ, id=af9e383e-4459-4719-802e-94a22944b4b7}
2023-11-28T22:11:58.895-05:00 DEBUG 27472 --- [           main] org.hibernate.orm.sql.exec               : Skipping reading Query result cache data: cache-enabled = false, cache-mode = NORMAL
2023-11-28T22:11:58.895-05:00 DEBUG 27472 --- [           main] org.hibernate.orm.results                : Initializer list
2023-11-28T22:11:58.895-05:00 DEBUG 27472 --- [           main] org.hibernate.orm.results                :     com.cash_flow_app.apicashflow.entities_repositories_and_services.base.user.User(35202153502500).accounts -> SelectEagerCollectionInitializer(com.cash_flow_app.apicashflow.entities_repositories_and_services.base.user.User(35202153502500).accounts)@323100336 (PluralAttribute(com.cash_flow_app.apicashflow.entities_repositories_and_services.base.user.User.accounts))
2023-11-28T22:11:58.895-05:00 DEBUG 27472 --- [           main] org.hibernate.orm.results                :     com.cash_flow_app.apicashflow.entities_repositories_and_services.base.user.User(35202153502500).authorities -> SelectEagerCollectionInitializer(com.cash_flow_app.apicashflow.entities_repositories_and_services.base.user.User(35202153502500).authorities)@200704889 (PluralAttribute(com.cash_flow_app.apicashflow.entities_repositories_and_services.base.user.User.authorities))
2023-11-28T22:11:58.895-05:00 DEBUG 27472 --- [           main] org.hibernate.orm.results                :     com.cash_flow_app.apicashflow.entities_repositories_and_services.base.user.User(35202153502500) -> EntityResultInitializer(com.cash_flow_app.apicashflow.entities_repositories_and_services.base.user.User(35202153502500))@1347473278 (SingleTableEntityPersister(com.cash_flow_app.apicashflow.entities_repositories_and_services.base.user.User))
2023-11-28T22:11:58.895-05:00 DEBUG 27472 --- [           main] org.hibernate.SQL                        : 
    select
        u1_0.id,
        u1_0.password,
        u1_0.username 
    from
        users u1_0 
    where
        u1_0.username=?
2023-11-28T22:11:58.895-05:00 DEBUG 27472 --- [           main] org.hibernate.orm.results                : Extracted JDBC value [0] - [868f4b4a-a5ea-4f56-bc28-23c4483dd87a]
2023-11-28T22:11:58.895-05:00 DEBUG 27472 --- [           main] o.hibernate.orm.results.loading.entity   : (EntityResultInitializer) Hydrated EntityKey (com.cash_flow_app.apicashflow.entities_repositories_and_services.base.user.User(35202153502500)): 868f4b4a-a5ea-4f56-bc28-23c4483dd87a
2023-11-28T22:11:58.895-05:00 DEBUG 27472 --- [           main] o.h.o.r.l.o.h.o.r.loading.collection     : (DelayedCollectionInitializer) Current row collection key : com.cash_flow_app.apicashflow.entities_repositories_and_services.base.user.User(35202153502500).accounts#868f4b4a-a5ea-4f56-bc28-23c4483dd87a
2023-11-28T22:11:58.895-05:00 DEBUG 27472 --- [           main] o.h.o.r.l.o.h.o.r.loading.collection     : (DelayedCollectionInitializer) Current row collection key : com.cash_flow_app.apicashflow.entities_repositories_and_services.base.user.User(35202153502500).authorities#868f4b4a-a5ea-4f56-bc28-23c4483dd87a
2023-11-28T22:11:58.895-05:00 DEBUG 27472 --- [           main] org.hibernate.orm.results.loading        : Calling top-level assembler (0 / 1) : org.hibernate.sql.results.graph.entity.internal.EntityAssembler@22d7e121
2023-11-28T22:11:58.895-05:00 DEBUG 27472 --- [           main] o.s.orm.jpa.JpaTransactionManager        : Found thread-bound EntityManager [SessionImpl(225879741<open>)] for JPA transaction
2023-11-28T22:11:58.895-05:00 DEBUG 27472 --- [           main] o.s.orm.jpa.JpaTransactionManager        : Participating in existing transaction
2023-11-28T22:11:58.895-05:00 DEBUG 27472 --- [           main] o.h.j.internal.PersistenceUnitUtilImpl   : jakarta.persistence.PersistenceUnitUtil.getIdentifier is only intended to work with enhanced entities (although Hibernate also adapts this support to its proxies); however the passed entity was not enhanced (nor a proxy).. may not be able to read identifier
2023-11-28T22:11:58.895-05:00 DEBUG 27472 --- [           main] o.h.e.i.AbstractSaveEventListener        : Generated identifier: ad3faa75-06f2-4044-a351-fbfcef8523db, using strategy: org.hibernate.id.UUIDGenerator
2023-11-28T22:11:58.895-05:00 DEBUG 27472 --- [           main] o.s.w.s.m.m.a.HttpEntityMethodProcessor  : Using 'application/json', given [*/*] and supported [application/json, application/*+json]
2023-11-28T22:11:58.895-05:00 DEBUG 27472 --- [           main] o.s.w.s.m.m.a.HttpEntityMethodProcessor  : Writing [AccountDto(id=ad3faa75-06f2-4044-a351-fbfcef8523db, description=descripcion de cuenta, users=[usuari (truncated)...]
2023-11-28T22:11:58.896-05:00 DEBUG 27472 --- [           main] o.s.t.web.servlet.TestDispatcherServlet  : Completed 200 OK
2023-11-28T22:11:58.897-05:00 DEBUG 27472 --- [           main] o.s.test.util.ReflectionTestUtils        : Invoking method 'getFilters' on target object [FilterChainProxy[Filter Chains: [DefaultSecurityFilterChain [RequestMatcher=any request, Filters=[org.springframework.security.web.session.DisableEncodeUrlFilter@120e3ebb, org.springframework.security.web.session.ForceEagerSessionCreationFilter@753f1c3e, org.springframework.security.web.context.request.async.WebAsyncManagerIntegrationFilter@5e9af5d4, org.springframework.security.web.context.SecurityContextHolderFilter@1d18e5ad, org.springframework.security.web.header.HeaderWriterFilter@73b68d98, org.springframework.web.filter.CorsFilter@7863e6b2, org.springframework.security.web.authentication.logout.LogoutFilter@1e5a8278, JWTAuthorizationFilter(loginService=com.cash_flow_app.apicashflow.entities_repositories_and_services.base.security.LoginService@508b9c16), com.cash_flow_app.apicashflow.entities_repositories_and_services.base.security.JWTAuthenticationFilter@6fd2b939, org.springframework.security.web.savedrequest.RequestCacheAwareFilter@11def039, org.springframework.security.web.servletapi.SecurityContextHolderAwareRequestFilter@564375d7, org.springframework.security.web.authentication.AnonymousAuthenticationFilter@c4aa99e, org.springframework.security.web.session.SessionManagementFilter@69af6978, org.springframework.security.web.access.ExceptionTranslationFilter@4469046b, org.springframework.security.web.access.intercept.AuthorizationFilter@588d2e90]]]]] or target class [null] with arguments {org.springframework.mock.web.MockHttpServletRequest@566bea82}
2023-11-28T22:11:58.897-05:00 DEBUG 27472 --- [           main] o.s.test.util.ReflectionTestUtils        : Invoking method 'getFilters' on target object [FilterChainProxy[Filter Chains: [DefaultSecurityFilterChain [RequestMatcher=any request, Filters=[org.springframework.security.web.session.DisableEncodeUrlFilter@120e3ebb, org.springframework.security.web.session.ForceEagerSessionCreationFilter@753f1c3e, org.springframework.security.web.context.request.async.WebAsyncManagerIntegrationFilter@5e9af5d4, org.springframework.security.web.context.SecurityContextHolderFilter@1d18e5ad, org.springframework.security.web.header.HeaderWriterFilter@73b68d98, org.springframework.web.filter.CorsFilter@7863e6b2, org.springframework.security.web.authentication.logout.LogoutFilter@1e5a8278, JWTAuthorizationFilter(loginService=com.cash_flow_app.apicashflow.entities_repositories_and_services.base.security.LoginService@508b9c16), com.cash_flow_app.apicashflow.entities_repositories_and_services.base.security.JWTAuthenticationFilter@6fd2b939, org.springframework.security.web.savedrequest.RequestCacheAwareFilter@11def039, org.springframework.security.web.servletapi.SecurityContextHolderAwareRequestFilter@564375d7, org.springframework.security.web.authentication.AnonymousAuthenticationFilter@c4aa99e, org.springframework.security.web.session.SessionManagementFilter@69af6978, org.springframework.security.web.access.ExceptionTranslationFilter@4469046b, org.springframework.security.web.access.intercept.AuthorizationFilter@588d2e90]]]]] or target class [null] with arguments {org.springframework.mock.web.MockHttpServletRequest@566bea82}
2023-11-28T22:11:58.897-05:00 DEBUG 27472 --- [           main] o.s.test.util.ReflectionTestUtils        : Invoking method 'getFilters' on target object [FilterChainProxy[Filter Chains: [DefaultSecurityFilterChain [RequestMatcher=any request, Filters=[org.springframework.security.web.session.DisableEncodeUrlFilter@120e3ebb, org.springframework.security.web.session.ForceEagerSessionCreationFilter@753f1c3e, org.springframework.security.web.context.request.async.WebAsyncManagerIntegrationFilter@5e9af5d4, org.springframework.security.web.context.SecurityContextHolderFilter@1d18e5ad, org.springframework.security.web.header.HeaderWriterFilter@73b68d98, org.springframework.web.filter.CorsFilter@7863e6b2, org.springframework.security.web.authentication.logout.LogoutFilter@1e5a8278, JWTAuthorizationFilter(loginService=com.cash_flow_app.apicashflow.entities_repositories_and_services.base.security.LoginService@508b9c16), com.cash_flow_app.apicashflow.entities_repositories_and_services.base.security.JWTAuthenticationFilter@6fd2b939, org.springframework.security.web.savedrequest.RequestCacheAwareFilter@11def039, org.springframework.security.web.servletapi.SecurityContextHolderAwareRequestFilter@564375d7, org.springframework.security.web.authentication.AnonymousAuthenticationFilter@c4aa99e, org.springframework.security.web.session.SessionManagementFilter@69af6978, org.springframework.security.web.access.ExceptionTranslationFilter@4469046b, org.springframework.security.web.access.intercept.AuthorizationFilter@588d2e90]]]]] or target class [null] with arguments {org.springframework.mock.web.MockHttpServletRequest@566bea82}
2023-11-28T22:11:58.897-05:00 DEBUG 27472 --- [           main] o.s.security.web.FilterChainProxy        : Securing POST /api/v1/income_expense/create
2023-11-28T22:11:58.897-05:00 DEBUG 27472 --- [           main] .s.s.w.s.ForceEagerSessionCreationFilter : Created session eagerly
2023-11-28T22:11:58.898-05:00 DEBUG 27472 --- [           main] org.hibernate.orm.sql.ast.create         : Created new SQL alias : u1_0
2023-11-28T22:11:58.898-05:00 DEBUG 27472 --- [           main] org.hibernate.orm.sql.ast.create         : Registration of TableGroup [StandardTableGroup(com.cash_flow_app.apicashflow.entities_repositories_and_services.base.user.User(35202153502500))] with identifierForTableGroup [com.cash_flow_app.apicashflow.entities_repositories_and_services.base.user.User] for NavigablePath [com.cash_flow_app.apicashflow.entities_repositories_and_services.base.user.User] 
2023-11-28T22:11:58.898-05:00 DEBUG 27472 --- [           main] o.h.q.sqm.sql.BaseSqmToSqlAstConverter   : Determining mapping-model type for SqmParameter : org.hibernate.query.sqm.tree.expression.SqmJpaCriteriaParameterWrapper@1607b56b
2023-11-28T22:11:58.898-05:00 DEBUG 27472 --- [           main] o.h.q.sqm.sql.BaseSqmToSqlAstConverter   : Determining mapping-model type for SqmPath : SqmBasicValuedSimplePath(com.cash_flow_app.apicashflow.entities_repositories_and_services.base.user.User(35202153502500).username) 
2023-11-28T22:11:58.898-05:00 DEBUG 27472 --- [           main] org.hibernate.orm.results.graph.AST      : DomainResult Graph:
 \-EntityResultImpl [com.cash_flow_app.apicashflow.entities_repositories_and_services.base.user.User(35202153502500)]
 |  +-SelectEagerCollectionFetch [com.cash_flow_app.apicashflow.entities_repositories_and_services.base.user.User(35202153502500).accounts]
 |  +-SelectEagerCollectionFetch [com.cash_flow_app.apicashflow.entities_repositories_and_services.base.user.User(35202153502500).authorities]
 |  +-BasicFetch [com.cash_flow_app.apicashflow.entities_repositories_and_services.base.user.User(35202153502500).password]
 |  \-BasicFetch [com.cash_flow_app.apicashflow.entities_repositories_and_services.base.user.User(35202153502500).username]

2023-11-28T22:11:58.898-05:00 DEBUG 27472 --- [           main] org.hibernate.orm.sql.ast.tree           : SQL AST Tree:
    SelectStatement {
      FromClause {
        StandardTableGroup (u1 : com.cash_flow_app.apicashflow.entities_repositories_and_services.base.user.User(35202153502500)) {
          primaryTableReference : users as u1_0
        }
      }
    }

2023-11-28T22:11:58.898-05:00 DEBUG 27472 --- [           main] o.h.e.i.AbstractFlushingEventListener    : Processing flush-time cascades
2023-11-28T22:11:58.898-05:00 DEBUG 27472 --- [           main] o.h.e.i.AbstractFlushingEventListener    : Dirty checking collections
2023-11-28T22:11:58.898-05:00 DEBUG 27472 --- [           main] o.hibernate.engine.internal.Collections  : Collection found: [com.cash_flow_app.apicashflow.entities_repositories_and_services.base.user.User.accounts#868f4b4a-a5ea-4f56-bc28-23c4483dd87a], was: [<unreferenced>] (initialized)
2023-11-28T22:11:58.898-05:00 DEBUG 27472 --- [           main] o.hibernate.engine.internal.Collections  : Collection found: [com.cash_flow_app.apicashflow.entities_repositories_and_services.base.user.User.authorities#868f4b4a-a5ea-4f56-bc28-23c4483dd87a], was: [com.cash_flow_app.apicashflow.entities_repositories_and_services.base.user.User.authorities#868f4b4a-a5ea-4f56-bc28-23c4483dd87a] (initialized)
2023-11-28T22:11:58.898-05:00 DEBUG 27472 --- [           main] o.hibernate.engine.internal.Collections  : Collection found: [com.cash_flow_app.apicashflow.entities_repositories_and_services.base.account.Account.users#ad3faa75-06f2-4044-a351-fbfcef8523db], was: [<unreferenced>] (initialized)
2023-11-28T22:11:58.898-05:00 DEBUG 27472 --- [           main] o.hibernate.engine.internal.Collections  : Collection dereferenced: [com.cash_flow_app.apicashflow.entities_repositories_and_services.base.user.User.accounts#868f4b4a-a5ea-4f56-bc28-23c4483dd87a]
2023-11-28T22:11:58.898-05:00 DEBUG 27472 --- [           main] o.h.e.i.AbstractFlushingEventListener    : Flushed: 1 insertions, 1 updates, 0 deletions to 10 objects
2023-11-28T22:11:58.898-05:00 DEBUG 27472 --- [           main] o.h.e.i.AbstractFlushingEventListener    : Flushed: 2 (re)creations, 0 updates, 1 removals to 4 collections
2023-11-28T22:11:58.898-05:00 DEBUG 27472 --- [           main] o.hibernate.internal.util.EntityPrinter  : Listing entities:
2023-11-28T22:11:58.898-05:00 DEBUG 27472 --- [           main] o.hibernate.internal.util.EntityPrinter  : com.cash_flow_app.apicashflow.entities_repositories_and_services.base.authority.Authority{endpoint=User, permission=CREATE, id=f4f135be-a2b5-48d1-a9d0-2b14e82cc373}
2023-11-28T22:11:58.898-05:00 DEBUG 27472 --- [           main] o.hibernate.internal.util.EntityPrinter  : com.cash_flow_app.apicashflow.entities_repositories_and_services.base.authority.Authority{endpoint=User, permission=READ, id=35481739-2447-454f-8ec3-daf467bb2ae5}
2023-11-28T22:11:58.898-05:00 DEBUG 27472 --- [           main] o.hibernate.internal.util.EntityPrinter  : com.cash_flow_app.apicashflow.entities_repositories_and_services.base.authority.Authority{endpoint=IncomeExpense, permission=CREATE, id=4de61a19-9cab-469d-856c-169a503a3f70}
2023-11-28T22:11:58.898-05:00 DEBUG 27472 --- [           main] o.hibernate.internal.util.EntityPrinter  : com.cash_flow_app.apicashflow.entities_repositories_and_services.base.authority.Authority{endpoint=Account, permission=DELETE, id=363894b3-8bdc-4764-ad13-d91f872e1a95}
2023-11-28T22:11:58.898-05:00 DEBUG 27472 --- [           main] o.hibernate.internal.util.EntityPrinter  : com.cash_flow_app.apicashflow.entities_repositories_and_services.base.authority.Authority{endpoint=IncomeExpense, permission=DELETE, id=51c645c0-dc8a-45f9-88d1-533e63701dbe}
2023-11-28T22:11:58.898-05:00 DEBUG 27472 --- [           main] o.hibernate.internal.util.EntityPrinter  : com.cash_flow_app.apicashflow.entities_repositories_and_services.base.authority.Authority{endpoint=Account, permission=CREATE, id=9aaf7d40-45f6-4ab6-90a9-a23f4c1b5f2f}
2023-11-28T22:11:58.898-05:00 DEBUG 27472 --- [           main] o.hibernate.internal.util.EntityPrinter  : com.cash_flow_app.apicashflow.entities_repositories_and_services.base.authority.Authority{endpoint=Account, permission=READ, id=b14a62f4-d04f-422a-a2a3-1f80e2635352}
2023-11-28T22:11:58.899-05:00 DEBUG 27472 --- [           main] o.hibernate.internal.util.EntityPrinter  : com.cash_flow_app.apicashflow.entities_repositories_and_services.base.user.User{password=$2a$10$RnvL72bTf7aacicp/DvsNetDIcegIHNITB6RzN8zqSkNiWSNyadve, id=868f4b4a-a5ea-4f56-bc28-23c4483dd87a, accounts=[com.cash_flow_app.apicashflow.entities_repositories_and_services.base.account.Account#ad3faa75-06f2-4044-a351-fbfcef8523db, com.cash_flow_app.apicashflow.entities_repositories_and_services.base.account.Account#ad3faa75-06f2-4044-a351-fbfcef8523db], authorities=[com.cash_flow_app.apicashflow.entities_repositories_and_services.base.authority.Authority#9aaf7d40-45f6-4ab6-90a9-a23f4c1b5f2f, com.cash_flow_app.apicashflow.entities_repositories_and_services.base.authority.Authority#b14a62f4-d04f-422a-a2a3-1f80e2635352, com.cash_flow_app.apicashflow.entities_repositories_and_services.base.authority.Authority#363894b3-8bdc-4764-ad13-d91f872e1a95, com.cash_flow_app.apicashflow.entities_repositories_and_services.base.authority.Authority#f4f135be-a2b5-48d1-a9d0-2b14e82cc373, com.cash_flow_app.apicashflow.entities_repositories_and_services.base.authority.Authority#35481739-2447-454f-8ec3-daf467bb2ae5, com.cash_flow_app.apicashflow.entities_repositories_and_services.base.authority.Authority#4de61a19-9cab-469d-856c-169a503a3f70, com.cash_flow_app.apicashflow.entities_repositories_and_services.base.authority.Authority#af9e383e-4459-4719-802e-94a22944b4b7, com.cash_flow_app.apicashflow.entities_repositories_and_services.base.authority.Authority#51c645c0-dc8a-45f9-88d1-533e63701dbe], username=usuario_test}
2023-11-28T22:11:58.899-05:00 DEBUG 27472 --- [           main] o.hibernate.internal.util.EntityPrinter  : com.cash_flow_app.apicashflow.entities_repositories_and_services.base.authority.Authority{endpoint=IncomeExpense, permission=READ, id=af9e383e-4459-4719-802e-94a22944b4b7}
2023-11-28T22:11:58.899-05:00 DEBUG 27472 --- [           main] o.hibernate.internal.util.EntityPrinter  : com.cash_flow_app.apicashflow.entities_repositories_and_services.base.account.Account{incomes_expenses=null, description=descripcion de cuenta, id=ad3faa75-06f2-4044-a351-fbfcef8523db, users=[com.cash_flow_app.apicashflow.entities_repositories_and_services.base.user.User#868f4b4a-a5ea-4f56-bc28-23c4483dd87a, com.cash_flow_app.apicashflow.entities_repositories_and_services.base.user.User#868f4b4a-a5ea-4f56-bc28-23c4483dd87a]}
2023-11-28T22:11:58.899-05:00 DEBUG 27472 --- [           main] org.hibernate.engine.spi.ActionQueue     : Changes must be flushed to space: users
2023-11-28T22:11:58.899-05:00 DEBUG 27472 --- [           main] org.hibernate.SQL                        : 
    insert 
    into
        accounts
        (description, id) 
    values
        (?, ?)
2023-11-28T22:11:58.899-05:00 DEBUG 27472 --- [           main] o.h.p.c.AbstractCollectionPersister      : Inserting collection: [com.cash_flow_app.apicashflow.entities_repositories_and_services.base.user.User.accounts#868f4b4a-a5ea-4f56-bc28-23c4483dd87a]
2023-11-28T22:11:58.899-05:00 DEBUG 27472 --- [           main] org.hibernate.SQL                        : 
    insert 
    into
        user_account
        (user_id, account_id) 
    values
        (?, ?)
2023-11-28T22:11:58.900-05:00 DEBUG 27472 --- [           main] org.hibernate.SQL                        : 
    insert 
    into
        user_account
        (user_id, account_id) 
    values
        (?, ?)
2023-11-28T22:11:58.900-05:00 DEBUG 27472 --- [           main] o.h.engine.jdbc.spi.SqlExceptionHelper   : could not execute statement [n/a]

org.postgresql.util.PSQLException: ERROR: duplicate key value violates unique constraint "user_account_pkey"
  Detail: Key (user_id, account_id)=(868f4b4a-a5ea-4f56-bc28-23c4483dd87a, ad3faa75-06f2-4044-a351-fbfcef8523db) already exists.
	at org.postgresql.core.v3.QueryExecutorImpl.receiveErrorResponse(QueryExecutorImpl.java:2676) ~[postgresql-42.5.4.jar:42.5.4]
	at org.postgresql.core.v3.QueryExecutorImpl.processResults(QueryExecutorImpl.java:2366) ~[postgresql-42.5.4.jar:42.5.4]
	at org.postgresql.core.v3.QueryExecutorImpl.execute(QueryExecutorImpl.java:356) ~[postgresql-42.5.4.jar:42.5.4]
	at org.postgresql.jdbc.PgStatement.executeInternal(PgStatement.java:496) ~[postgresql-42.5.4.jar:42.5.4]
	at org.postgresql.jdbc.PgStatement.execute(PgStatement.java:413) ~[postgresql-42.5.4.jar:42.5.4]
	at org.postgresql.jdbc.PgPreparedStatement.executeWithFlags(PgPreparedStatement.java:190) ~[postgresql-42.5.4.jar:42.5.4]
	at org.postgresql.jdbc.PgPreparedStatement.executeUpdate(PgPreparedStatement.java:152) ~[postgresql-42.5.4.jar:42.5.4]
	at com.zaxxer.hikari.pool.ProxyPreparedStatement.executeUpdate(ProxyPreparedStatement.java:61) ~[HikariCP-5.0.1.jar:na]
	at com.zaxxer.hikari.pool.HikariProxyPreparedStatement.executeUpdate(HikariProxyPreparedStatement.java) ~[HikariCP-5.0.1.jar:na]
	at org.hibernate.engine.jdbc.internal.ResultSetReturnImpl.executeUpdate(ResultSetReturnImpl.java:197) ~[hibernate-core-6.1.7.Final.jar:6.1.7.Final]
	at org.hibernate.engine.jdbc.batch.internal.NonBatchingBatch.addToBatch(NonBatchingBatch.java:39) ~[hibernate-core-6.1.7.Final.jar:6.1.7.Final]
	at org.hibernate.persister.collection.AbstractCollectionPersister.recreate(AbstractCollectionPersister.java:1478) ~[hibernate-core-6.1.7.Final.jar:6.1.7.Final]
	at org.hibernate.action.internal.CollectionRecreateAction.execute(CollectionRecreateAction.java:47) ~[hibernate-core-6.1.7.Final.jar:6.1.7.Final]
	at org.hibernate.engine.spi.ActionQueue.executeActions(ActionQueue.java:612) ~[hibernate-core-6.1.7.Final.jar:6.1.7.Final]
	at org.hibernate.engine.spi.ActionQueue.lambda$executeActions$1(ActionQueue.java:483) ~[hibernate-core-6.1.7.Final.jar:6.1.7.Final]
	at java.base/java.util.LinkedHashMap.forEach(LinkedHashMap.java:729) ~[na:na]
	at org.hibernate.engine.spi.ActionQueue.executeActions(ActionQueue.java:480) ~[hibernate-core-6.1.7.Final.jar:6.1.7.Final]
	at org.hibernate.event.internal.AbstractFlushingEventListener.performExecutions(AbstractFlushingEventListener.java:329) ~[hibernate-core-6.1.7.Final.jar:6.1.7.Final]
	at org.hibernate.event.internal.DefaultAutoFlushEventListener.onAutoFlush(DefaultAutoFlushEventListener.java:55) ~[hibernate-core-6.1.7.Final.jar:6.1.7.Final]
	at org.hibernate.event.service.internal.EventListenerGroupImpl.fireEventOnEachListener(EventListenerGroupImpl.java:107) ~[hibernate-core-6.1.7.Final.jar:6.1.7.Final]
	at org.hibernate.internal.SessionImpl.autoFlushIfRequired(SessionImpl.java:1388) ~[hibernate-core-6.1.7.Final.jar:6.1.7.Final]
	at org.hibernate.query.sqm.internal.ConcreteSqmSelectQueryPlan.lambda$new$0(ConcreteSqmSelectQueryPlan.java:111) ~[hibernate-core-6.1.7.Final.jar:6.1.7.Final]
	at org.hibernate.query.sqm.internal.ConcreteSqmSelectQueryPlan.withCacheableSqmInterpretation(ConcreteSqmSelectQueryPlan.java:335) ~[hibernate-core-6.1.7.Final.jar:6.1.7.Final]
	at org.hibernate.query.sqm.internal.ConcreteSqmSelectQueryPlan.performList(ConcreteSqmSelectQueryPlan.java:276) ~[hibernate-core-6.1.7.Final.jar:6.1.7.Final]
	at org.hibernate.query.sqm.internal.QuerySqmImpl.doList(QuerySqmImpl.java:571) ~[hibernate-core-6.1.7.Final.jar:6.1.7.Final]
	at org.hibernate.query.spi.AbstractSelectionQuery.list(AbstractSelectionQuery.java:363) ~[hibernate-core-6.1.7.Final.jar:6.1.7.Final]
	at org.hibernate.query.sqm.internal.QuerySqmImpl.list(QuerySqmImpl.java:1073) ~[hibernate-core-6.1.7.Final.jar:6.1.7.Final]
	at org.hibernate.query.spi.AbstractSelectionQuery.getSingleResult(AbstractSelectionQuery.java:457) ~[hibernate-core-6.1.7.Final.jar:6.1.7.Final]
	at org.hibernate.query.sqm.internal.QuerySqmImpl.getSingleResult(QuerySqmImpl.java:1103) ~[hibernate-core-6.1.7.Final.jar:6.1.7.Final]
	at org.springframework.data.jpa.repository.query.JpaQueryExecution$SingleEntityExecution.doExecute(JpaQueryExecution.java:193) ~[spring-data-jpa-3.0.5.jar:3.0.5]
	at org.springframework.data.jpa.repository.query.JpaQueryExecution.execute(JpaQueryExecution.java:90) ~[spring-data-jpa-3.0.5.jar:3.0.5]
	at org.springframework.data.jpa.repository.query.AbstractJpaQuery.doExecute(AbstractJpaQuery.java:148) ~[spring-data-jpa-3.0.5.jar:3.0.5]
	at org.springframework.data.jpa.repository.query.AbstractJpaQuery.execute(AbstractJpaQuery.java:136) ~[spring-data-jpa-3.0.5.jar:3.0.5]
	at org.springframework.data.repository.core.support.RepositoryMethodInvoker.doInvoke(RepositoryMethodInvoker.java:136) ~[spring-data-commons-3.0.5.jar:3.0.5]
	at org.springframework.data.repository.core.support.RepositoryMethodInvoker.invoke(RepositoryMethodInvoker.java:120) ~[spring-data-commons-3.0.5.jar:3.0.5]
	at org.springframework.data.repository.core.support.QueryExecutorMethodInterceptor.doInvoke(QueryExecutorMethodInterceptor.java:164) ~[spring-data-commons-3.0.5.jar:3.0.5]
	at org.springframework.data.repository.core.support.QueryExecutorMethodInterceptor.invoke(QueryExecutorMethodInterceptor.java:143) ~[spring-data-commons-3.0.5.jar:3.0.5]
	at org.springframework.aop.framework.ReflectiveMethodInvocation.proceed(ReflectiveMethodInvocation.java:184) ~[spring-aop-6.0.8.jar:6.0.8]
	at org.springframework.data.projection.DefaultMethodInvokingMethodInterceptor.invoke(DefaultMethodInvokingMethodInterceptor.java:77) ~[spring-data-commons-3.0.5.jar:3.0.5]
	at org.springframework.aop.framework.ReflectiveMethodInvocation.proceed(ReflectiveMethodInvocation.java:184) ~[spring-aop-6.0.8.jar:6.0.8]
	at org.springframework.transaction.interceptor.TransactionInterceptor$1.proceedWithInvocation(TransactionInterceptor.java:123) ~[spring-tx-6.0.8.jar:6.0.8]
	at org.springframework.transaction.interceptor.TransactionAspectSupport.invokeWithinTransaction(TransactionAspectSupport.java:391) ~[spring-tx-6.0.8.jar:6.0.8]
	at org.springframework.transaction.interceptor.TransactionInterceptor.invoke(TransactionInterceptor.java:119) ~[spring-tx-6.0.8.jar:6.0.8]
	at org.springframework.aop.framework.ReflectiveMethodInvocation.proceed(ReflectiveMethodInvocation.java:184) ~[spring-aop-6.0.8.jar:6.0.8]
	at org.springframework.dao.support.PersistenceExceptionTranslationInterceptor.invoke(PersistenceExceptionTranslationInterceptor.java:137) ~[spring-tx-6.0.8.jar:6.0.8]
	at org.springframework.aop.framework.ReflectiveMethodInvocation.proceed(ReflectiveMethodInvocation.java:184) ~[spring-aop-6.0.8.jar:6.0.8]
	at org.springframework.data.jpa.repository.support.CrudMethodMetadataPostProcessor$CrudMethodMetadataPopulatingMethodInterceptor.invoke(CrudMethodMetadataPostProcessor.java:134) ~[spring-data-jpa-3.0.5.jar:3.0.5]
	at org.springframework.aop.framework.ReflectiveMethodInvocation.proceed(ReflectiveMethodInvocation.java:184) ~[spring-aop-6.0.8.jar:6.0.8]
	at org.springframework.aop.interceptor.ExposeInvocationInterceptor.invoke(ExposeInvocationInterceptor.java:97) ~[spring-aop-6.0.8.jar:6.0.8]
	at org.springframework.aop.framework.ReflectiveMethodInvocation.proceed(ReflectiveMethodInvocation.java:184) ~[spring-aop-6.0.8.jar:6.0.8]
	at org.springframework.aop.framework.JdkDynamicAopProxy.invoke(JdkDynamicAopProxy.java:223) ~[spring-aop-6.0.8.jar:6.0.8]
	at jdk.proxy2/jdk.proxy2.$Proxy148.findByUsername(Unknown Source) ~[na:na]
	at com.cash_flow_app.apicashflow.entities_repositories_and_services.base.user.UserService.findByUsername(UserService.java:56) ~[classes/:na]
	at com.cash_flow_app.apicashflow.entities_repositories_and_services.base.security.LoginService.loadUserByUsername(LoginService.java:18) ~[classes/:na]
	at com.cash_flow_app.apicashflow.utils.TokenUtils.getAuthentication(TokenUtils.java:40) ~[classes/:na]
	at com.cash_flow_app.apicashflow.entities_repositories_and_services.base.security.JWTAuthorizationFilter.doFilterInternal(JWTAuthorizationFilter.java:27) ~[classes/:na]
	at org.springframework.web.filter.OncePerRequestFilter.doFilter(OncePerRequestFilter.java:116) ~[spring-web-6.0.8.jar:6.0.8]
	at org.springframework.security.web.ObservationFilterChainDecorator$ObservationFilter.wrapFilter(ObservationFilterChainDecorator.java:185) ~[spring-security-web-6.0.3.jar:6.0.3]
	at org.springframework.security.web.ObservationFilterChainDecorator$ObservationFilter.doFilter(ObservationFilterChainDecorator.java:172) ~[spring-security-web-6.0.3.jar:6.0.3]
	at org.springframework.security.web.ObservationFilterChainDecorator$VirtualFilterChain.doFilter(ObservationFilterChainDecorator.java:133) ~[spring-security-web-6.0.3.jar:6.0.3]
	at org.springframework.security.web.authentication.logout.LogoutFilter.doFilter(LogoutFilter.java:107) ~[spring-security-web-6.0.3.jar:6.0.3]
	at org.springframework.security.web.authentication.logout.LogoutFilter.doFilter(LogoutFilter.java:93) ~[spring-security-web-6.0.3.jar:6.0.3]
	at org.springframework.security.web.ObservationFilterChainDecorator$ObservationFilter.wrapFilter(ObservationFilterChainDecorator.java:185) ~[spring-security-web-6.0.3.jar:6.0.3]
	at org.springframework.security.web.ObservationFilterChainDecorator$ObservationFilter.doFilter(ObservationFilterChainDecorator.java:172) ~[spring-security-web-6.0.3.jar:6.0.3]
	at org.springframework.security.web.ObservationFilterChainDecorator$VirtualFilterChain.doFilter(ObservationFilterChainDecorator.java:133) ~[spring-security-web-6.0.3.jar:6.0.3]
	at org.springframework.web.filter.CorsFilter.doFilterInternal(CorsFilter.java:91) ~[spring-web-6.0.8.jar:6.0.8]
	at org.springframework.web.filter.OncePerRequestFilter.doFilter(OncePerRequestFilter.java:116) ~[spring-web-6.0.8.jar:6.0.8]
	at org.springframework.security.web.ObservationFilterChainDecorator$ObservationFilter.wrapFilter(ObservationFilterChainDecorator.java:185) ~[spring-security-web-6.0.3.jar:6.0.3]
	at org.springframework.security.web.ObservationFilterChainDecorator$ObservationFilter.doFilter(ObservationFilterChainDecorator.java:172) ~[spring-security-web-6.0.3.jar:6.0.3]
	at org.springframework.security.web.ObservationFilterChainDecorator$VirtualFilterChain.doFilter(ObservationFilterChainDecorator.java:133) ~[spring-security-web-6.0.3.jar:6.0.3]
	at org.springframework.security.web.header.HeaderWriterFilter.doHeadersAfter(HeaderWriterFilter.java:90) ~[spring-security-web-6.0.3.jar:6.0.3]
	at org.springframework.security.web.header.HeaderWriterFilter.doFilterInternal(HeaderWriterFilter.java:75) ~[spring-security-web-6.0.3.jar:6.0.3]
	at org.springframework.web.filter.OncePerRequestFilter.doFilter(OncePerRequestFilter.java:116) ~[spring-web-6.0.8.jar:6.0.8]
	at org.springframework.security.web.ObservationFilterChainDecorator$ObservationFilter.wrapFilter(ObservationFilterChainDecorator.java:185) ~[spring-security-web-6.0.3.jar:6.0.3]
	at org.springframework.security.web.ObservationFilterChainDecorator$ObservationFilter.doFilter(ObservationFilterChainDecorator.java:172) ~[spring-security-web-6.0.3.jar:6.0.3]
	at org.springframework.security.web.ObservationFilterChainDecorator$VirtualFilterChain.doFilter(ObservationFilterChainDecorator.java:133) ~[spring-security-web-6.0.3.jar:6.0.3]
	at org.springframework.security.web.context.SecurityContextHolderFilter.doFilter(SecurityContextHolderFilter.java:82) ~[spring-security-web-6.0.3.jar:6.0.3]
	at org.springframework.security.web.context.SecurityContextHolderFilter.doFilter(SecurityContextHolderFilter.java:69) ~[spring-security-web-6.0.3.jar:6.0.3]
	at org.springframework.security.web.ObservationFilterChainDecorator$ObservationFilter.wrapFilter(ObservationFilterChainDecorator.java:185) ~[spring-security-web-6.0.3.jar:6.0.3]
	at org.springframework.security.web.ObservationFilterChainDecorator$ObservationFilter.doFilter(ObservationFilterChainDecorator.java:172) ~[spring-security-web-6.0.3.jar:6.0.3]
	at org.springframework.security.web.ObservationFilterChainDecorator$VirtualFilterChain.doFilter(ObservationFilterChainDecorator.java:133) ~[spring-security-web-6.0.3.jar:6.0.3]
	at org.springframework.security.web.context.request.async.WebAsyncManagerIntegrationFilter.doFilterInternal(WebAsyncManagerIntegrationFilter.java:62) ~[spring-security-web-6.0.3.jar:6.0.3]
	at org.springframework.web.filter.OncePerRequestFilter.doFilter(OncePerRequestFilter.java:116) ~[spring-web-6.0.8.jar:6.0.8]
	at org.springframework.security.web.ObservationFilterChainDecorator$ObservationFilter.wrapFilter(ObservationFilterChainDecorator.java:185) ~[spring-security-web-6.0.3.jar:6.0.3]
	at org.springframework.security.web.ObservationFilterChainDecorator$ObservationFilter.doFilter(ObservationFilterChainDecorator.java:172) ~[spring-security-web-6.0.3.jar:6.0.3]
	at org.springframework.security.web.ObservationFilterChainDecorator$VirtualFilterChain.doFilter(ObservationFilterChainDecorator.java:133) ~[spring-security-web-6.0.3.jar:6.0.3]
	at org.springframework.security.web.session.ForceEagerSessionCreationFilter.doFilterInternal(ForceEagerSessionCreationFilter.java:45) ~[spring-security-web-6.0.3.jar:6.0.3]
	at org.springframework.web.filter.OncePerRequestFilter.doFilter(OncePerRequestFilter.java:116) ~[spring-web-6.0.8.jar:6.0.8]
	at org.springframework.security.web.ObservationFilterChainDecorator$ObservationFilter.wrapFilter(ObservationFilterChainDecorator.java:185) ~[spring-security-web-6.0.3.jar:6.0.3]
	at org.springframework.security.web.ObservationFilterChainDecorator$ObservationFilter.doFilter(ObservationFilterChainDecorator.java:172) ~[spring-security-web-6.0.3.jar:6.0.3]
	at org.springframework.security.web.ObservationFilterChainDecorator$VirtualFilterChain.doFilter(ObservationFilterChainDecorator.java:133) ~[spring-security-web-6.0.3.jar:6.0.3]
	at org.springframework.security.web.session.DisableEncodeUrlFilter.doFilterInternal(DisableEncodeUrlFilter.java:42) ~[spring-security-web-6.0.3.jar:6.0.3]
	at org.springframework.web.filter.OncePerRequestFilter.doFilter(OncePerRequestFilter.java:116) ~[spring-web-6.0.8.jar:6.0.8]
	at org.springframework.security.web.ObservationFilterChainDecorator$ObservationFilter.wrapFilter(ObservationFilterChainDecorator.java:185) ~[spring-security-web-6.0.3.jar:6.0.3]
	at org.springframework.security.web.ObservationFilterChainDecorator$AroundFilterObservation$SimpleAroundFilterObservation.lambda$wrap$0(ObservationFilterChainDecorator.java:268) ~[spring-security-web-6.0.3.jar:6.0.3]
	at org.springframework.security.web.ObservationFilterChainDecorator$ObservationFilter.doFilter(ObservationFilterChainDecorator.java:169) ~[spring-security-web-6.0.3.jar:6.0.3]
	at org.springframework.security.web.ObservationFilterChainDecorator$VirtualFilterChain.doFilter(ObservationFilterChainDecorator.java:133) ~[spring-security-web-6.0.3.jar:6.0.3]
	at org.springframework.security.web.FilterChainProxy.doFilterInternal(FilterChainProxy.java:233) ~[spring-security-web-6.0.3.jar:6.0.3]
	at org.springframework.security.web.FilterChainProxy.doFilter(FilterChainProxy.java:191) ~[spring-security-web-6.0.3.jar:6.0.3]
	at org.springframework.web.filter.DelegatingFilterProxy.invokeDelegate(DelegatingFilterProxy.java:352) ~[spring-web-6.0.8.jar:6.0.8]
	at org.springframework.web.filter.DelegatingFilterProxy.doFilter(DelegatingFilterProxy.java:268) ~[spring-web-6.0.8.jar:6.0.8]
	at org.springframework.mock.web.MockFilterChain.doFilter(MockFilterChain.java:132) ~[spring-test-6.0.8.jar:6.0.8]
	at org.springframework.web.filter.RequestContextFilter.doFilterInternal(RequestContextFilter.java:100) ~[spring-web-6.0.8.jar:6.0.8]
	at org.springframework.web.filter.OncePerRequestFilter.doFilter(OncePerRequestFilter.java:116) ~[spring-web-6.0.8.jar:6.0.8]
	at org.springframework.mock.web.MockFilterChain.doFilter(MockFilterChain.java:132) ~[spring-test-6.0.8.jar:6.0.8]
	at org.springframework.web.filter.FormContentFilter.doFilterInternal(FormContentFilter.java:93) ~[spring-web-6.0.8.jar:6.0.8]
	at org.springframework.web.filter.OncePerRequestFilter.doFilter(OncePerRequestFilter.java:116) ~[spring-web-6.0.8.jar:6.0.8]
	at org.springframework.mock.web.MockFilterChain.doFilter(MockFilterChain.java:132) ~[spring-test-6.0.8.jar:6.0.8]
	at org.springframework.web.filter.ServerHttpObservationFilter.doFilterInternal(ServerHttpObservationFilter.java:109) ~[spring-web-6.0.8.jar:6.0.8]
	at org.springframework.web.filter.OncePerRequestFilter.doFilter(OncePerRequestFilter.java:116) ~[spring-web-6.0.8.jar:6.0.8]
	at org.springframework.mock.web.MockFilterChain.doFilter(MockFilterChain.java:132) ~[spring-test-6.0.8.jar:6.0.8]
	at org.springframework.web.filter.CharacterEncodingFilter.doFilterInternal(CharacterEncodingFilter.java:201) ~[spring-web-6.0.8.jar:6.0.8]
	at org.springframework.web.filter.OncePerRequestFilter.doFilter(OncePerRequestFilter.java:116) ~[spring-web-6.0.8.jar:6.0.8]
	at org.springframework.mock.web.MockFilterChain.doFilter(MockFilterChain.java:132) ~[spring-test-6.0.8.jar:6.0.8]
	at org.springframework.test.web.servlet.MockMvc.perform(MockMvc.java:201) ~[spring-test-6.0.8.jar:6.0.8]
	at com.cash_flow_app.apicashflow.controller.IncomeExpenseControllerTest.createIncomeExpenseResult(IncomeExpenseControllerTest.java:250) ~[test-classes/:na]
	at com.cash_flow_app.apicashflow.controller.IncomeExpenseControllerTest.getAllExpenses(IncomeExpenseControllerTest.java:177) ~[test-classes/:na]
	at java.base/jdk.internal.reflect.DirectMethodHandleAccessor.invoke(DirectMethodHandleAccessor.java:104) ~[na:na]
	at java.base/java.lang.reflect.Method.invoke(Method.java:578) ~[na:na]
	at org.junit.platform.commons.util.ReflectionUtils.invokeMethod(ReflectionUtils.java:727) ~[junit-platform-commons-1.9.2.jar:1.9.2]
	at org.junit.jupiter.engine.execution.MethodInvocation.proceed(MethodInvocation.java:60) ~[junit-jupiter-engine-5.9.2.jar:5.9.2]
	at org.junit.jupiter.engine.execution.InvocationInterceptorChain$ValidatingInvocation.proceed(InvocationInterceptorChain.java:131) ~[junit-jupiter-engine-5.9.2.jar:5.9.2]
	at org.junit.jupiter.engine.extension.TimeoutExtension.intercept(TimeoutExtension.java:156) ~[junit-jupiter-engine-5.9.2.jar:5.9.2]
	at org.junit.jupiter.engine.extension.TimeoutExtension.interceptTestableMethod(TimeoutExtension.java:147) ~[junit-jupiter-engine-5.9.2.jar:5.9.2]
	at org.junit.jupiter.engine.extension.TimeoutExtension.interceptTestMethod(TimeoutExtension.java:86) ~[junit-jupiter-engine-5.9.2.jar:5.9.2]
	at org.junit.jupiter.engine.execution.InterceptingExecutableInvoker$ReflectiveInterceptorCall.lambda$ofVoidMethod$0(InterceptingExecutableInvoker.java:103) ~[junit-jupiter-engine-5.9.2.jar:5.9.2]
	at org.junit.jupiter.engine.execution.InterceptingExecutableInvoker.lambda$invoke$0(InterceptingExecutableInvoker.java:93) ~[junit-jupiter-engine-5.9.2.jar:5.9.2]
	at org.junit.jupiter.engine.execution.InvocationInterceptorChain$InterceptedInvocation.proceed(InvocationInterceptorChain.java:106) ~[junit-jupiter-engine-5.9.2.jar:5.9.2]
	at org.junit.jupiter.engine.execution.InvocationInterceptorChain.proceed(InvocationInterceptorChain.java:64) ~[junit-jupiter-engine-5.9.2.jar:5.9.2]
	at org.junit.jupiter.engine.execution.InvocationInterceptorChain.chainAndInvoke(InvocationInterceptorChain.java:45) ~[junit-jupiter-engine-5.9.2.jar:5.9.2]
	at org.junit.jupiter.engine.execution.InvocationInterceptorChain.invoke(InvocationInterceptorChain.java:37) ~[junit-jupiter-engine-5.9.2.jar:5.9.2]
	at org.junit.jupiter.engine.execution.InterceptingExecutableInvoker.invoke(InterceptingExecutableInvoker.java:92) ~[junit-jupiter-engine-5.9.2.jar:5.9.2]
	at org.junit.jupiter.engine.execution.InterceptingExecutableInvoker.invoke(InterceptingExecutableInvoker.java:86) ~[junit-jupiter-engine-5.9.2.jar:5.9.2]
	at org.junit.jupiter.engine.descriptor.TestMethodTestDescriptor.lambda$invokeTestMethod$7(TestMethodTestDescriptor.java:217) ~[junit-jupiter-engine-5.9.2.jar:5.9.2]
	at org.junit.platform.engine.support.hierarchical.ThrowableCollector.execute(ThrowableCollector.java:73) ~[junit-platform-engine-1.9.2.jar:1.9.2]
	at org.junit.jupiter.engine.descriptor.TestMethodTestDescriptor.invokeTestMethod(TestMethodTestDescriptor.java:213) ~[junit-jupiter-engine-5.9.2.jar:5.9.2]
	at org.junit.jupiter.engine.descriptor.TestMethodTestDescriptor.execute(TestMethodTestDescriptor.java:138) ~[junit-jupiter-engine-5.9.2.jar:5.9.2]
	at org.junit.jupiter.engine.descriptor.TestMethodTestDescriptor.execute(TestMethodTestDescriptor.java:68) ~[junit-jupiter-engine-5.9.2.jar:5.9.2]
	at org.junit.platform.engine.support.hierarchical.NodeTestTask.lambda$executeRecursively$6(NodeTestTask.java:151) ~[junit-platform-engine-1.9.2.jar:1.9.2]
	at org.junit.platform.engine.support.hierarchical.ThrowableCollector.execute(ThrowableCollector.java:73) ~[junit-platform-engine-1.9.2.jar:1.9.2]
	at org.junit.platform.engine.support.hierarchical.NodeTestTask.lambda$executeRecursively$8(NodeTestTask.java:141) ~[junit-platform-engine-1.9.2.jar:1.9.2]
	at org.junit.platform.engine.support.hierarchical.Node.around(Node.java:137) ~[junit-platform-engine-1.9.2.jar:1.9.2]
	at org.junit.platform.engine.support.hierarchical.NodeTestTask.lambda$executeRecursively$9(NodeTestTask.java:139) ~[junit-platform-engine-1.9.2.jar:1.9.2]
	at org.junit.platform.engine.support.hierarchical.ThrowableCollector.execute(ThrowableCollector.java:73) ~[junit-platform-engine-1.9.2.jar:1.9.2]
	at org.junit.platform.engine.support.hierarchical.NodeTestTask.executeRecursively(NodeTestTask.java:138) ~[junit-platform-engine-1.9.2.jar:1.9.2]
	at org.junit.platform.engine.support.hierarchical.NodeTestTask.execute(NodeTestTask.java:95) ~[junit-platform-engine-1.9.2.jar:1.9.2]
	at java.base/java.util.ArrayList.forEach(ArrayList.java:1511) ~[na:na]
	at org.junit.platform.engine.support.hierarchical.SameThreadHierarchicalTestExecutorService.invokeAll(SameThreadHierarchicalTestExecutorService.java:41) ~[junit-platform-engine-1.9.2.jar:1.9.2]
	at org.junit.platform.engine.support.hierarchical.NodeTestTask.lambda$executeRecursively$6(NodeTestTask.java:155) ~[junit-platform-engine-1.9.2.jar:1.9.2]
	at org.junit.platform.engine.support.hierarchical.ThrowableCollector.execute(ThrowableCollector.java:73) ~[junit-platform-engine-1.9.2.jar:1.9.2]
	at org.junit.platform.engine.support.hierarchical.NodeTestTask.lambda$executeRecursively$8(NodeTestTask.java:141) ~[junit-platform-engine-1.9.2.jar:1.9.2]
	at org.junit.platform.engine.support.hierarchical.Node.around(Node.java:137) ~[junit-platform-engine-1.9.2.jar:1.9.2]
	at org.junit.platform.engine.support.hierarchical.NodeTestTask.lambda$executeRecursively$9(NodeTestTask.java:139) ~[junit-platform-engine-1.9.2.jar:1.9.2]
	at org.junit.platform.engine.support.hierarchical.ThrowableCollector.execute(ThrowableCollector.java:73) ~[junit-platform-engine-1.9.2.jar:1.9.2]
	at org.junit.platform.engine.support.hierarchical.NodeTestTask.executeRecursively(NodeTestTask.java:138) ~[junit-platform-engine-1.9.2.jar:1.9.2]
	at org.junit.platform.engine.support.hierarchical.NodeTestTask.execute(NodeTestTask.java:95) ~[junit-platform-engine-1.9.2.jar:1.9.2]
	at java.base/java.util.ArrayList.forEach(ArrayList.java:1511) ~[na:na]
	at org.junit.platform.engine.support.hierarchical.SameThreadHierarchicalTestExecutorService.invokeAll(SameThreadHierarchicalTestExecutorService.java:41) ~[junit-platform-engine-1.9.2.jar:1.9.2]
	at org.junit.platform.engine.support.hierarchical.NodeTestTask.lambda$executeRecursively$6(NodeTestTask.java:155) ~[junit-platform-engine-1.9.2.jar:1.9.2]
	at org.junit.platform.engine.support.hierarchical.ThrowableCollector.execute(ThrowableCollector.java:73) ~[junit-platform-engine-1.9.2.jar:1.9.2]
	at org.junit.platform.engine.support.hierarchical.NodeTestTask.lambda$executeRecursively$8(NodeTestTask.java:141) ~[junit-platform-engine-1.9.2.jar:1.9.2]
	at org.junit.platform.engine.support.hierarchical.Node.around(Node.java:137) ~[junit-platform-engine-1.9.2.jar:1.9.2]
	at org.junit.platform.engine.support.hierarchical.NodeTestTask.lambda$executeRecursively$9(NodeTestTask.java:139) ~[junit-platform-engine-1.9.2.jar:1.9.2]
	at org.junit.platform.engine.support.hierarchical.ThrowableCollector.execute(ThrowableCollector.java:73) ~[junit-platform-engine-1.9.2.jar:1.9.2]
	at org.junit.platform.engine.support.hierarchical.NodeTestTask.executeRecursively(NodeTestTask.java:138) ~[junit-platform-engine-1.9.2.jar:1.9.2]
	at org.junit.platform.engine.support.hierarchical.NodeTestTask.execute(NodeTestTask.java:95) ~[junit-platform-engine-1.9.2.jar:1.9.2]
	at org.junit.platform.engine.support.hierarchical.SameThreadHierarchicalTestExecutorService.submit(SameThreadHierarchicalTestExecutorService.java:35) ~[junit-platform-engine-1.9.2.jar:1.9.2]
	at org.junit.platform.engine.support.hierarchical.HierarchicalTestExecutor.execute(HierarchicalTestExecutor.java:57) ~[junit-platform-engine-1.9.2.jar:1.9.2]
	at org.junit.platform.engine.support.hierarchical.HierarchicalTestEngine.execute(HierarchicalTestEngine.java:54) ~[junit-platform-engine-1.9.2.jar:1.9.2]
	at org.junit.platform.launcher.core.DefaultLauncher.execute(DefaultLauncher.java:220) ~[junit-platform-launcher-1.3.1.jar:1.3.1]
	at org.junit.platform.launcher.core.DefaultLauncher.lambda$execute$6(DefaultLauncher.java:188) ~[junit-platform-launcher-1.3.1.jar:1.3.1]
	at org.junit.platform.launcher.core.DefaultLauncher.withInterceptedStreams(DefaultLauncher.java:202) ~[junit-platform-launcher-1.3.1.jar:1.3.1]
	at org.junit.platform.launcher.core.DefaultLauncher.execute(DefaultLauncher.java:181) ~[junit-platform-launcher-1.3.1.jar:1.3.1]
	at org.junit.platform.launcher.core.DefaultLauncher.execute(DefaultLauncher.java:128) ~[junit-platform-launcher-1.3.1.jar:1.3.1]
	at org.apache.maven.surefire.junitplatform.JUnitPlatformProvider.invokeAllTests(JUnitPlatformProvider.java:150) ~[surefire-junit-platform-2.22.2.jar:2.22.2]
	at org.apache.maven.surefire.junitplatform.JUnitPlatformProvider.invoke(JUnitPlatformProvider.java:124) ~[surefire-junit-platform-2.22.2.jar:2.22.2]
	at org.apache.maven.surefire.booter.ForkedBooter.invokeProviderInSameClassLoader(ForkedBooter.java:384) ~[surefire-booter-2.22.2.jar:2.22.2]
	at org.apache.maven.surefire.booter.ForkedBooter.runSuitesInProcess(ForkedBooter.java:345) ~[surefire-booter-2.22.2.jar:2.22.2]
	at org.apache.maven.surefire.booter.ForkedBooter.execute(ForkedBooter.java:126) ~[surefire-booter-2.22.2.jar:2.22.2]
	at org.apache.maven.surefire.booter.ForkedBooter.main(ForkedBooter.java:418) ~[surefire-booter-2.22.2.jar:2.22.2]

2023-11-28T22:11:58.901-05:00  WARN 27472 --- [           main] o.h.engine.jdbc.spi.SqlExceptionHelper   : SQL Error: 0, SQLState: 23505
2023-11-28T22:11:58.901-05:00 ERROR 27472 --- [           main] o.h.engine.jdbc.spi.SqlExceptionHelper   : ERROR: duplicate key value violates unique constraint "user_account_pkey"
  Detail: Key (user_id, account_id)=(868f4b4a-a5ea-4f56-bc28-23c4483dd87a, ad3faa75-06f2-4044-a351-fbfcef8523db) already exists.
2023-11-28T22:11:58.901-05:00  INFO 27472 --- [           main] o.h.e.j.b.internal.AbstractBatchImpl     : HHH000010: On release of batch it still contained JDBC statements
2023-11-28T22:11:58.901-05:00 DEBUG 27472 --- [           main] cResourceLocalTransactionCoordinatorImpl : JDBC transaction marked for rollback-only (exception provided for stack trace)

java.lang.Exception: exception just for purpose of providing stack trace
	at org.hibernate.resource.transaction.backend.jdbc.internal.JdbcResourceLocalTransactionCoordinatorImpl$TransactionDriverControlImpl.markRollbackOnly(JdbcResourceLocalTransactionCoordinatorImpl.java:324) ~[hibernate-core-6.1.7.Final.jar:6.1.7.Final]
	at org.hibernate.engine.transaction.internal.TransactionImpl.markRollbackOnly(TransactionImpl.java:203) ~[hibernate-core-6.1.7.Final.jar:6.1.7.Final]
	at org.hibernate.internal.AbstractSharedSessionContract.markForRollbackOnly(AbstractSharedSessionContract.java:434) ~[hibernate-core-6.1.7.Final.jar:6.1.7.Final]
	at org.hibernate.internal.ExceptionConverterImpl.handlePersistenceException(ExceptionConverterImpl.java:291) ~[hibernate-core-6.1.7.Final.jar:6.1.7.Final]
	at org.hibernate.internal.ExceptionConverterImpl.convert(ExceptionConverterImpl.java:168) ~[hibernate-core-6.1.7.Final.jar:6.1.7.Final]
	at org.hibernate.query.spi.AbstractSelectionQuery.list(AbstractSelectionQuery.java:374) ~[hibernate-core-6.1.7.Final.jar:6.1.7.Final]
	at org.hibernate.query.sqm.internal.QuerySqmImpl.list(QuerySqmImpl.java:1073) ~[hibernate-core-6.1.7.Final.jar:6.1.7.Final]
	at org.hibernate.query.spi.AbstractSelectionQuery.getSingleResult(AbstractSelectionQuery.java:457) ~[hibernate-core-6.1.7.Final.jar:6.1.7.Final]
	at org.hibernate.query.sqm.internal.QuerySqmImpl.getSingleResult(QuerySqmImpl.java:1103) ~[hibernate-core-6.1.7.Final.jar:6.1.7.Final]
	at org.springframework.data.jpa.repository.query.JpaQueryExecution$SingleEntityExecution.doExecute(JpaQueryExecution.java:193) ~[spring-data-jpa-3.0.5.jar:3.0.5]
	at org.springframework.data.jpa.repository.query.JpaQueryExecution.execute(JpaQueryExecution.java:90) ~[spring-data-jpa-3.0.5.jar:3.0.5]
	at org.springframework.data.jpa.repository.query.AbstractJpaQuery.doExecute(AbstractJpaQuery.java:148) ~[spring-data-jpa-3.0.5.jar:3.0.5]
	at org.springframework.data.jpa.repository.query.AbstractJpaQuery.execute(AbstractJpaQuery.java:136) ~[spring-data-jpa-3.0.5.jar:3.0.5]
	at org.springframework.data.repository.core.support.RepositoryMethodInvoker.doInvoke(RepositoryMethodInvoker.java:136) ~[spring-data-commons-3.0.5.jar:3.0.5]
	at org.springframework.data.repository.core.support.RepositoryMethodInvoker.invoke(RepositoryMethodInvoker.java:120) ~[spring-data-commons-3.0.5.jar:3.0.5]
	at org.springframework.data.repository.core.support.QueryExecutorMethodInterceptor.doInvoke(QueryExecutorMethodInterceptor.java:164) ~[spring-data-commons-3.0.5.jar:3.0.5]
	at org.springframework.data.repository.core.support.QueryExecutorMethodInterceptor.invoke(QueryExecutorMethodInterceptor.java:143) ~[spring-data-commons-3.0.5.jar:3.0.5]
	at org.springframework.aop.framework.ReflectiveMethodInvocation.proceed(ReflectiveMethodInvocation.java:184) ~[spring-aop-6.0.8.jar:6.0.8]
	at org.springframework.data.projection.DefaultMethodInvokingMethodInterceptor.invoke(DefaultMethodInvokingMethodInterceptor.java:77) ~[spring-data-commons-3.0.5.jar:3.0.5]
	at org.springframework.aop.framework.ReflectiveMethodInvocation.proceed(ReflectiveMethodInvocation.java:184) ~[spring-aop-6.0.8.jar:6.0.8]
	at org.springframework.transaction.interceptor.TransactionInterceptor$1.proceedWithInvocation(TransactionInterceptor.java:123) ~[spring-tx-6.0.8.jar:6.0.8]
	at org.springframework.transaction.interceptor.TransactionAspectSupport.invokeWithinTransaction(TransactionAspectSupport.java:391) ~[spring-tx-6.0.8.jar:6.0.8]
	at org.springframework.transaction.interceptor.TransactionInterceptor.invoke(TransactionInterceptor.java:119) ~[spring-tx-6.0.8.jar:6.0.8]
	at org.springframework.aop.framework.ReflectiveMethodInvocation.proceed(ReflectiveMethodInvocation.java:184) ~[spring-aop-6.0.8.jar:6.0.8]
	at org.springframework.dao.support.PersistenceExceptionTranslationInterceptor.invoke(PersistenceExceptionTranslationInterceptor.java:137) ~[spring-tx-6.0.8.jar:6.0.8]
	at org.springframework.aop.framework.ReflectiveMethodInvocation.proceed(ReflectiveMethodInvocation.java:184) ~[spring-aop-6.0.8.jar:6.0.8]
	at org.springframework.data.jpa.repository.support.CrudMethodMetadataPostProcessor$CrudMethodMetadataPopulatingMethodInterceptor.invoke(CrudMethodMetadataPostProcessor.java:134) ~[spring-data-jpa-3.0.5.jar:3.0.5]
	at org.springframework.aop.framework.ReflectiveMethodInvocation.proceed(ReflectiveMethodInvocation.java:184) ~[spring-aop-6.0.8.jar:6.0.8]
	at org.springframework.aop.interceptor.ExposeInvocationInterceptor.invoke(ExposeInvocationInterceptor.java:97) ~[spring-aop-6.0.8.jar:6.0.8]
	at org.springframework.aop.framework.ReflectiveMethodInvocation.proceed(ReflectiveMethodInvocation.java:184) ~[spring-aop-6.0.8.jar:6.0.8]
	at org.springframework.aop.framework.JdkDynamicAopProxy.invoke(JdkDynamicAopProxy.java:223) ~[spring-aop-6.0.8.jar:6.0.8]
	at jdk.proxy2/jdk.proxy2.$Proxy148.findByUsername(Unknown Source) ~[na:na]
	at com.cash_flow_app.apicashflow.entities_repositories_and_services.base.user.UserService.findByUsername(UserService.java:56) ~[classes/:na]
	at com.cash_flow_app.apicashflow.entities_repositories_and_services.base.security.LoginService.loadUserByUsername(LoginService.java:18) ~[classes/:na]
	at com.cash_flow_app.apicashflow.utils.TokenUtils.getAuthentication(TokenUtils.java:40) ~[classes/:na]
	at com.cash_flow_app.apicashflow.entities_repositories_and_services.base.security.JWTAuthorizationFilter.doFilterInternal(JWTAuthorizationFilter.java:27) ~[classes/:na]
	at org.springframework.web.filter.OncePerRequestFilter.doFilter(OncePerRequestFilter.java:116) ~[spring-web-6.0.8.jar:6.0.8]
	at org.springframework.security.web.ObservationFilterChainDecorator$ObservationFilter.wrapFilter(ObservationFilterChainDecorator.java:185) ~[spring-security-web-6.0.3.jar:6.0.3]
	at org.springframework.security.web.ObservationFilterChainDecorator$ObservationFilter.doFilter(ObservationFilterChainDecorator.java:172) ~[spring-security-web-6.0.3.jar:6.0.3]
	at org.springframework.security.web.ObservationFilterChainDecorator$VirtualFilterChain.doFilter(ObservationFilterChainDecorator.java:133) ~[spring-security-web-6.0.3.jar:6.0.3]
	at org.springframework.security.web.authentication.logout.LogoutFilter.doFilter(LogoutFilter.java:107) ~[spring-security-web-6.0.3.jar:6.0.3]
	at org.springframework.security.web.authentication.logout.LogoutFilter.doFilter(LogoutFilter.java:93) ~[spring-security-web-6.0.3.jar:6.0.3]
	at org.springframework.security.web.ObservationFilterChainDecorator$ObservationFilter.wrapFilter(ObservationFilterChainDecorator.java:185) ~[spring-security-web-6.0.3.jar:6.0.3]
	at org.springframework.security.web.ObservationFilterChainDecorator$ObservationFilter.doFilter(ObservationFilterChainDecorator.java:172) ~[spring-security-web-6.0.3.jar:6.0.3]
	at org.springframework.security.web.ObservationFilterChainDecorator$VirtualFilterChain.doFilter(ObservationFilterChainDecorator.java:133) ~[spring-security-web-6.0.3.jar:6.0.3]
	at org.springframework.web.filter.CorsFilter.doFilterInternal(CorsFilter.java:91) ~[spring-web-6.0.8.jar:6.0.8]
	at org.springframework.web.filter.OncePerRequestFilter.doFilter(OncePerRequestFilter.java:116) ~[spring-web-6.0.8.jar:6.0.8]
	at org.springframework.security.web.ObservationFilterChainDecorator$ObservationFilter.wrapFilter(ObservationFilterChainDecorator.java:185) ~[spring-security-web-6.0.3.jar:6.0.3]
	at org.springframework.security.web.ObservationFilterChainDecorator$ObservationFilter.doFilter(ObservationFilterChainDecorator.java:172) ~[spring-security-web-6.0.3.jar:6.0.3]
	at org.springframework.security.web.ObservationFilterChainDecorator$VirtualFilterChain.doFilter(ObservationFilterChainDecorator.java:133) ~[spring-security-web-6.0.3.jar:6.0.3]
	at org.springframework.security.web.header.HeaderWriterFilter.doHeadersAfter(HeaderWriterFilter.java:90) ~[spring-security-web-6.0.3.jar:6.0.3]
	at org.springframework.security.web.header.HeaderWriterFilter.doFilterInternal(HeaderWriterFilter.java:75) ~[spring-security-web-6.0.3.jar:6.0.3]
	at org.springframework.web.filter.OncePerRequestFilter.doFilter(OncePerRequestFilter.java:116) ~[spring-web-6.0.8.jar:6.0.8]
	at org.springframework.security.web.ObservationFilterChainDecorator$ObservationFilter.wrapFilter(ObservationFilterChainDecorator.java:185) ~[spring-security-web-6.0.3.jar:6.0.3]
	at org.springframework.security.web.ObservationFilterChainDecorator$ObservationFilter.doFilter(ObservationFilterChainDecorator.java:172) ~[spring-security-web-6.0.3.jar:6.0.3]
	at org.springframework.security.web.ObservationFilterChainDecorator$VirtualFilterChain.doFilter(ObservationFilterChainDecorator.java:133) ~[spring-security-web-6.0.3.jar:6.0.3]
	at org.springframework.security.web.context.SecurityContextHolderFilter.doFilter(SecurityContextHolderFilter.java:82) ~[spring-security-web-6.0.3.jar:6.0.3]
	at org.springframework.security.web.context.SecurityContextHolderFilter.doFilter(SecurityContextHolderFilter.java:69) ~[spring-security-web-6.0.3.jar:6.0.3]
	at org.springframework.security.web.ObservationFilterChainDecorator$ObservationFilter.wrapFilter(ObservationFilterChainDecorator.java:185) ~[spring-security-web-6.0.3.jar:6.0.3]
	at org.springframework.security.web.ObservationFilterChainDecorator$ObservationFilter.doFilter(ObservationFilterChainDecorator.java:172) ~[spring-security-web-6.0.3.jar:6.0.3]
	at org.springframework.security.web.ObservationFilterChainDecorator$VirtualFilterChain.doFilter(ObservationFilterChainDecorator.java:133) ~[spring-security-web-6.0.3.jar:6.0.3]
	at org.springframework.security.web.context.request.async.WebAsyncManagerIntegrationFilter.doFilterInternal(WebAsyncManagerIntegrationFilter.java:62) ~[spring-security-web-6.0.3.jar:6.0.3]
	at org.springframework.web.filter.OncePerRequestFilter.doFilter(OncePerRequestFilter.java:116) ~[spring-web-6.0.8.jar:6.0.8]
	at org.springframework.security.web.ObservationFilterChainDecorator$ObservationFilter.wrapFilter(ObservationFilterChainDecorator.java:185) ~[spring-security-web-6.0.3.jar:6.0.3]
	at org.springframework.security.web.ObservationFilterChainDecorator$ObservationFilter.doFilter(ObservationFilterChainDecorator.java:172) ~[spring-security-web-6.0.3.jar:6.0.3]
	at org.springframework.security.web.ObservationFilterChainDecorator$VirtualFilterChain.doFilter(ObservationFilterChainDecorator.java:133) ~[spring-security-web-6.0.3.jar:6.0.3]
	at org.springframework.security.web.session.ForceEagerSessionCreationFilter.doFilterInternal(ForceEagerSessionCreationFilter.java:45) ~[spring-security-web-6.0.3.jar:6.0.3]
	at org.springframework.web.filter.OncePerRequestFilter.doFilter(OncePerRequestFilter.java:116) ~[spring-web-6.0.8.jar:6.0.8]
	at org.springframework.security.web.ObservationFilterChainDecorator$ObservationFilter.wrapFilter(ObservationFilterChainDecorator.java:185) ~[spring-security-web-6.0.3.jar:6.0.3]
	at org.springframework.security.web.ObservationFilterChainDecorator$ObservationFilter.doFilter(ObservationFilterChainDecorator.java:172) ~[spring-security-web-6.0.3.jar:6.0.3]
	at org.springframework.security.web.ObservationFilterChainDecorator$VirtualFilterChain.doFilter(ObservationFilterChainDecorator.java:133) ~[spring-security-web-6.0.3.jar:6.0.3]
	at org.springframework.security.web.session.DisableEncodeUrlFilter.doFilterInternal(DisableEncodeUrlFilter.java:42) ~[spring-security-web-6.0.3.jar:6.0.3]
	at org.springframework.web.filter.OncePerRequestFilter.doFilter(OncePerRequestFilter.java:116) ~[spring-web-6.0.8.jar:6.0.8]
	at org.springframework.security.web.ObservationFilterChainDecorator$ObservationFilter.wrapFilter(ObservationFilterChainDecorator.java:185) ~[spring-security-web-6.0.3.jar:6.0.3]
	at org.springframework.security.web.ObservationFilterChainDecorator$AroundFilterObservation$SimpleAroundFilterObservation.lambda$wrap$0(ObservationFilterChainDecorator.java:268) ~[spring-security-web-6.0.3.jar:6.0.3]
	at org.springframework.security.web.ObservationFilterChainDecorator$ObservationFilter.doFilter(ObservationFilterChainDecorator.java:169) ~[spring-security-web-6.0.3.jar:6.0.3]
	at org.springframework.security.web.ObservationFilterChainDecorator$VirtualFilterChain.doFilter(ObservationFilterChainDecorator.java:133) ~[spring-security-web-6.0.3.jar:6.0.3]
	at org.springframework.security.web.FilterChainProxy.doFilterInternal(FilterChainProxy.java:233) ~[spring-security-web-6.0.3.jar:6.0.3]
	at org.springframework.security.web.FilterChainProxy.doFilter(FilterChainProxy.java:191) ~[spring-security-web-6.0.3.jar:6.0.3]
	at org.springframework.web.filter.DelegatingFilterProxy.invokeDelegate(DelegatingFilterProxy.java:352) ~[spring-web-6.0.8.jar:6.0.8]
	at org.springframework.web.filter.DelegatingFilterProxy.doFilter(DelegatingFilterProxy.java:268) ~[spring-web-6.0.8.jar:6.0.8]
	at org.springframework.mock.web.MockFilterChain.doFilter(MockFilterChain.java:132) ~[spring-test-6.0.8.jar:6.0.8]
	at org.springframework.web.filter.RequestContextFilter.doFilterInternal(RequestContextFilter.java:100) ~[spring-web-6.0.8.jar:6.0.8]
	at org.springframework.web.filter.OncePerRequestFilter.doFilter(OncePerRequestFilter.java:116) ~[spring-web-6.0.8.jar:6.0.8]
	at org.springframework.mock.web.MockFilterChain.doFilter(MockFilterChain.java:132) ~[spring-test-6.0.8.jar:6.0.8]
	at org.springframework.web.filter.FormContentFilter.doFilterInternal(FormContentFilter.java:93) ~[spring-web-6.0.8.jar:6.0.8]
	at org.springframework.web.filter.OncePerRequestFilter.doFilter(OncePerRequestFilter.java:116) ~[spring-web-6.0.8.jar:6.0.8]
	at org.springframework.mock.web.MockFilterChain.doFilter(MockFilterChain.java:132) ~[spring-test-6.0.8.jar:6.0.8]
	at org.springframework.web.filter.ServerHttpObservationFilter.doFilterInternal(ServerHttpObservationFilter.java:109) ~[spring-web-6.0.8.jar:6.0.8]
	at org.springframework.web.filter.OncePerRequestFilter.doFilter(OncePerRequestFilter.java:116) ~[spring-web-6.0.8.jar:6.0.8]
	at org.springframework.mock.web.MockFilterChain.doFilter(MockFilterChain.java:132) ~[spring-test-6.0.8.jar:6.0.8]
	at org.springframework.web.filter.CharacterEncodingFilter.doFilterInternal(CharacterEncodingFilter.java:201) ~[spring-web-6.0.8.jar:6.0.8]
	at org.springframework.web.filter.OncePerRequestFilter.doFilter(OncePerRequestFilter.java:116) ~[spring-web-6.0.8.jar:6.0.8]
	at org.springframework.mock.web.MockFilterChain.doFilter(MockFilterChain.java:132) ~[spring-test-6.0.8.jar:6.0.8]
	at org.springframework.test.web.servlet.MockMvc.perform(MockMvc.java:201) ~[spring-test-6.0.8.jar:6.0.8]
	at com.cash_flow_app.apicashflow.controller.IncomeExpenseControllerTest.createIncomeExpenseResult(IncomeExpenseControllerTest.java:250) ~[test-classes/:na]
	at com.cash_flow_app.apicashflow.controller.IncomeExpenseControllerTest.getAllExpenses(IncomeExpenseControllerTest.java:177) ~[test-classes/:na]
	at java.base/jdk.internal.reflect.DirectMethodHandleAccessor.invoke(DirectMethodHandleAccessor.java:104) ~[na:na]
	at java.base/java.lang.reflect.Method.invoke(Method.java:578) ~[na:na]
	at org.junit.platform.commons.util.ReflectionUtils.invokeMethod(ReflectionUtils.java:727) ~[junit-platform-commons-1.9.2.jar:1.9.2]
	at org.junit.jupiter.engine.execution.MethodInvocation.proceed(MethodInvocation.java:60) ~[junit-jupiter-engine-5.9.2.jar:5.9.2]
	at org.junit.jupiter.engine.execution.InvocationInterceptorChain$ValidatingInvocation.proceed(InvocationInterceptorChain.java:131) ~[junit-jupiter-engine-5.9.2.jar:5.9.2]
	at org.junit.jupiter.engine.extension.TimeoutExtension.intercept(TimeoutExtension.java:156) ~[junit-jupiter-engine-5.9.2.jar:5.9.2]
	at org.junit.jupiter.engine.extension.TimeoutExtension.interceptTestableMethod(TimeoutExtension.java:147) ~[junit-jupiter-engine-5.9.2.jar:5.9.2]
	at org.junit.jupiter.engine.extension.TimeoutExtension.interceptTestMethod(TimeoutExtension.java:86) ~[junit-jupiter-engine-5.9.2.jar:5.9.2]
	at org.junit.jupiter.engine.execution.InterceptingExecutableInvoker$ReflectiveInterceptorCall.lambda$ofVoidMethod$0(InterceptingExecutableInvoker.java:103) ~[junit-jupiter-engine-5.9.2.jar:5.9.2]
	at org.junit.jupiter.engine.execution.InterceptingExecutableInvoker.lambda$invoke$0(InterceptingExecutableInvoker.java:93) ~[junit-jupiter-engine-5.9.2.jar:5.9.2]
	at org.junit.jupiter.engine.execution.InvocationInterceptorChain$InterceptedInvocation.proceed(InvocationInterceptorChain.java:106) ~[junit-jupiter-engine-5.9.2.jar:5.9.2]
	at org.junit.jupiter.engine.execution.InvocationInterceptorChain.proceed(InvocationInterceptorChain.java:64) ~[junit-jupiter-engine-5.9.2.jar:5.9.2]
	at org.junit.jupiter.engine.execution.InvocationInterceptorChain.chainAndInvoke(InvocationInterceptorChain.java:45) ~[junit-jupiter-engine-5.9.2.jar:5.9.2]
	at org.junit.jupiter.engine.execution.InvocationInterceptorChain.invoke(InvocationInterceptorChain.java:37) ~[junit-jupiter-engine-5.9.2.jar:5.9.2]
	at org.junit.jupiter.engine.execution.InterceptingExecutableInvoker.invoke(InterceptingExecutableInvoker.java:92) ~[junit-jupiter-engine-5.9.2.jar:5.9.2]
	at org.junit.jupiter.engine.execution.InterceptingExecutableInvoker.invoke(InterceptingExecutableInvoker.java:86) ~[junit-jupiter-engine-5.9.2.jar:5.9.2]
	at org.junit.jupiter.engine.descriptor.TestMethodTestDescriptor.lambda$invokeTestMethod$7(TestMethodTestDescriptor.java:217) ~[junit-jupiter-engine-5.9.2.jar:5.9.2]
	at org.junit.platform.engine.support.hierarchical.ThrowableCollector.execute(ThrowableCollector.java:73) ~[junit-platform-engine-1.9.2.jar:1.9.2]
	at org.junit.jupiter.engine.descriptor.TestMethodTestDescriptor.invokeTestMethod(TestMethodTestDescriptor.java:213) ~[junit-jupiter-engine-5.9.2.jar:5.9.2]
	at org.junit.jupiter.engine.descriptor.TestMethodTestDescriptor.execute(TestMethodTestDescriptor.java:138) ~[junit-jupiter-engine-5.9.2.jar:5.9.2]
	at org.junit.jupiter.engine.descriptor.TestMethodTestDescriptor.execute(TestMethodTestDescriptor.java:68) ~[junit-jupiter-engine-5.9.2.jar:5.9.2]
	at org.junit.platform.engine.support.hierarchical.NodeTestTask.lambda$executeRecursively$6(NodeTestTask.java:151) ~[junit-platform-engine-1.9.2.jar:1.9.2]
	at org.junit.platform.engine.support.hierarchical.ThrowableCollector.execute(ThrowableCollector.java:73) ~[junit-platform-engine-1.9.2.jar:1.9.2]
	at org.junit.platform.engine.support.hierarchical.NodeTestTask.lambda$executeRecursively$8(NodeTestTask.java:141) ~[junit-platform-engine-1.9.2.jar:1.9.2]
	at org.junit.platform.engine.support.hierarchical.Node.around(Node.java:137) ~[junit-platform-engine-1.9.2.jar:1.9.2]
	at org.junit.platform.engine.support.hierarchical.NodeTestTask.lambda$executeRecursively$9(NodeTestTask.java:139) ~[junit-platform-engine-1.9.2.jar:1.9.2]
	at org.junit.platform.engine.support.hierarchical.ThrowableCollector.execute(ThrowableCollector.java:73) ~[junit-platform-engine-1.9.2.jar:1.9.2]
	at org.junit.platform.engine.support.hierarchical.NodeTestTask.executeRecursively(NodeTestTask.java:138) ~[junit-platform-engine-1.9.2.jar:1.9.2]
	at org.junit.platform.engine.support.hierarchical.NodeTestTask.execute(NodeTestTask.java:95) ~[junit-platform-engine-1.9.2.jar:1.9.2]
	at java.base/java.util.ArrayList.forEach(ArrayList.java:1511) ~[na:na]
	at org.junit.platform.engine.support.hierarchical.SameThreadHierarchicalTestExecutorService.invokeAll(SameThreadHierarchicalTestExecutorService.java:41) ~[junit-platform-engine-1.9.2.jar:1.9.2]
	at org.junit.platform.engine.support.hierarchical.NodeTestTask.lambda$executeRecursively$6(NodeTestTask.java:155) ~[junit-platform-engine-1.9.2.jar:1.9.2]
	at org.junit.platform.engine.support.hierarchical.ThrowableCollector.execute(ThrowableCollector.java:73) ~[junit-platform-engine-1.9.2.jar:1.9.2]
	at org.junit.platform.engine.support.hierarchical.NodeTestTask.lambda$executeRecursively$8(NodeTestTask.java:141) ~[junit-platform-engine-1.9.2.jar:1.9.2]
	at org.junit.platform.engine.support.hierarchical.Node.around(Node.java:137) ~[junit-platform-engine-1.9.2.jar:1.9.2]
	at org.junit.platform.engine.support.hierarchical.NodeTestTask.lambda$executeRecursively$9(NodeTestTask.java:139) ~[junit-platform-engine-1.9.2.jar:1.9.2]
	at org.junit.platform.engine.support.hierarchical.ThrowableCollector.execute(ThrowableCollector.java:73) ~[junit-platform-engine-1.9.2.jar:1.9.2]
	at org.junit.platform.engine.support.hierarchical.NodeTestTask.executeRecursively(NodeTestTask.java:138) ~[junit-platform-engine-1.9.2.jar:1.9.2]
	at org.junit.platform.engine.support.hierarchical.NodeTestTask.execute(NodeTestTask.java:95) ~[junit-platform-engine-1.9.2.jar:1.9.2]
	at java.base/java.util.ArrayList.forEach(ArrayList.java:1511) ~[na:na]
	at org.junit.platform.engine.support.hierarchical.SameThreadHierarchicalTestExecutorService.invokeAll(SameThreadHierarchicalTestExecutorService.java:41) ~[junit-platform-engine-1.9.2.jar:1.9.2]
	at org.junit.platform.engine.support.hierarchical.NodeTestTask.lambda$executeRecursively$6(NodeTestTask.java:155) ~[junit-platform-engine-1.9.2.jar:1.9.2]
	at org.junit.platform.engine.support.hierarchical.ThrowableCollector.execute(ThrowableCollector.java:73) ~[junit-platform-engine-1.9.2.jar:1.9.2]
	at org.junit.platform.engine.support.hierarchical.NodeTestTask.lambda$executeRecursively$8(NodeTestTask.java:141) ~[junit-platform-engine-1.9.2.jar:1.9.2]
	at org.junit.platform.engine.support.hierarchical.Node.around(Node.java:137) ~[junit-platform-engine-1.9.2.jar:1.9.2]
	at org.junit.platform.engine.support.hierarchical.NodeTestTask.lambda$executeRecursively$9(NodeTestTask.java:139) ~[junit-platform-engine-1.9.2.jar:1.9.2]
	at org.junit.platform.engine.support.hierarchical.ThrowableCollector.execute(ThrowableCollector.java:73) ~[junit-platform-engine-1.9.2.jar:1.9.2]
	at org.junit.platform.engine.support.hierarchical.NodeTestTask.executeRecursively(NodeTestTask.java:138) ~[junit-platform-engine-1.9.2.jar:1.9.2]
	at org.junit.platform.engine.support.hierarchical.NodeTestTask.execute(NodeTestTask.java:95) ~[junit-platform-engine-1.9.2.jar:1.9.2]
	at org.junit.platform.engine.support.hierarchical.SameThreadHierarchicalTestExecutorService.submit(SameThreadHierarchicalTestExecutorService.java:35) ~[junit-platform-engine-1.9.2.jar:1.9.2]
	at org.junit.platform.engine.support.hierarchical.HierarchicalTestExecutor.execute(HierarchicalTestExecutor.java:57) ~[junit-platform-engine-1.9.2.jar:1.9.2]
	at org.junit.platform.engine.support.hierarchical.HierarchicalTestEngine.execute(HierarchicalTestEngine.java:54) ~[junit-platform-engine-1.9.2.jar:1.9.2]
	at org.junit.platform.launcher.core.DefaultLauncher.execute(DefaultLauncher.java:220) ~[junit-platform-launcher-1.3.1.jar:1.3.1]
	at org.junit.platform.launcher.core.DefaultLauncher.lambda$execute$6(DefaultLauncher.java:188) ~[junit-platform-launcher-1.3.1.jar:1.3.1]
	at org.junit.platform.launcher.core.DefaultLauncher.withInterceptedStreams(DefaultLauncher.java:202) ~[junit-platform-launcher-1.3.1.jar:1.3.1]
	at org.junit.platform.launcher.core.DefaultLauncher.execute(DefaultLauncher.java:181) ~[junit-platform-launcher-1.3.1.jar:1.3.1]
	at org.junit.platform.launcher.core.DefaultLauncher.execute(DefaultLauncher.java:128) ~[junit-platform-launcher-1.3.1.jar:1.3.1]
	at org.apache.maven.surefire.junitplatform.JUnitPlatformProvider.invokeAllTests(JUnitPlatformProvider.java:150) ~[surefire-junit-platform-2.22.2.jar:2.22.2]
	at org.apache.maven.surefire.junitplatform.JUnitPlatformProvider.invoke(JUnitPlatformProvider.java:124) ~[surefire-junit-platform-2.22.2.jar:2.22.2]
	at org.apache.maven.surefire.booter.ForkedBooter.invokeProviderInSameClassLoader(ForkedBooter.java:384) ~[surefire-booter-2.22.2.jar:2.22.2]
	at org.apache.maven.surefire.booter.ForkedBooter.runSuitesInProcess(ForkedBooter.java:345) ~[surefire-booter-2.22.2.jar:2.22.2]
	at org.apache.maven.surefire.booter.ForkedBooter.execute(ForkedBooter.java:126) ~[surefire-booter-2.22.2.jar:2.22.2]
	at org.apache.maven.surefire.booter.ForkedBooter.main(ForkedBooter.java:418) ~[surefire-booter-2.22.2.jar:2.22.2]

2023-11-28T22:11:58.902-05:00 DEBUG 27472 --- [           main] org.springframework.test.context.cache   : Spring test ApplicationContext cache statistics: [DefaultContextCache@8caffbd size = 3, maxSize = 32, parentContextCount = 0, hitCount = 406, missCount = 3]
2023-11-28T22:11:58.902-05:00 DEBUG 27472 --- [           main] org.springframework.test.context.cache   : Spring test ApplicationContext cache statistics: [DefaultContextCache@8caffbd size = 3, maxSize = 32, parentContextCount = 0, hitCount = 407, missCount = 3]
2023-11-28T22:11:58.902-05:00 DEBUG 27472 --- [           main] org.springframework.test.context.cache   : Spring test ApplicationContext cache statistics: [DefaultContextCache@8caffbd size = 3, maxSize = 32, parentContextCount = 0, hitCount = 408, missCount = 3]

MockHttpServletRequest:
      HTTP Method = POST
      Request URI = /api/v1/user/signup
       Parameters = {_csrf=[r1-7et6fSKFxwQciYHl07hqYO6P91KV5r25UKePSE-X0Q1HNyTveTu_-LpFcpzcWA1RA3SiuFsLN55xUzAsxHIKxJNHMdGX9]}
          Headers = [Content-Type:"application/json;charset=UTF-8", Content-Length:"237"]
             Body = {"username":"usuario_test","password":"123456","authorities":[{"endpoint":"Account","actions":["CREATE","READ","DELETE"]},{"endpoint":"User","actions":["CREATE","READ"]},{"endpoint":"IncomeExpense","actions":["CREATE","READ","DELETE"]}]}
    Session Attrs = {}

Handler:
             Type = com.cash_flow_app.apicashflow.controller.UserController
           Method = com.cash_flow_app.apicashflow.controller.UserController#signup(UserDto)

Async:
    Async started = false
     Async result = null

Resolved Exception:
             Type = null

ModelAndView:
        View name = null
             View = null
            Model = null

FlashMap:
       Attributes = null

MockHttpServletResponse:
           Status = 200
    Error message = null
          Headers = [Vary:"Origin", "Access-Control-Request-Method", "Access-Control-Request-Headers", Content-Type:"application/json", X-Content-Type-Options:"nosniff", X-XSS-Protection:"0", Cache-Control:"no-cache, no-store, max-age=0, must-revalidate", Pragma:"no-cache", Expires:"0", X-Frame-Options:"DENY"]
     Content type = application/json
             Body = {"username":"usuario_test","password":null,"token_auth":"eyJhbGciOiJIUzUxMiJ9.eyJzdWIiOiJ1c3VhcmlvX3Rlc3QiLCJleHAiOjE3MDM4MTk1MTh9._RjmE35ZWwlgi-J6GUPzAIK95KKwCYwqRJzwkTW-pOWpMEaBJNZ2mk9w8ZBH48tP7shOXrP38_jru9Eshz1Dsg","authorities":[{"endpoint":"Account","actions":["CREATE","READ","DELETE"]},{"endpoint":"User","actions":["CREATE","READ"]},{"endpoint":"IncomeExpense","actions":["CREATE","READ","DELETE"]}]}
    Forwarded URL = null
   Redirected URL = null
          Cookies = []

MockHttpServletRequest:
      HTTP Method = POST
      Request URI = /api/v1/user/login
       Parameters = {_csrf=[oBKwUjPjHpvmkGVjifMq733-b7gdFXnvEibpHRkjcKE9Hps6xiODalaHJ_7L9gYFu94e3E7PQtovdh3CdESPJXhFFsMJKqIL]}
          Headers = [Content-Type:"application/json;charset=UTF-8", Content-Length:"52"]
             Body = { "username": "usuario_test", "password": "123456" }
    Session Attrs = {}

Handler:
             Type = null

Async:
    Async started = false
     Async result = null

Resolved Exception:
             Type = null

ModelAndView:
        View name = null
             View = null
            Model = null

FlashMap:
       Attributes = null

MockHttpServletResponse:
           Status = 200
    Error message = null
          Headers = [Vary:"Origin", "Access-Control-Request-Method", "Access-Control-Request-Headers", Authorization:"Bearer eyJhbGciOiJIUzUxMiJ9.eyJzdWIiOiJ1c3VhcmlvX3Rlc3QiLCJleHAiOjE3MDM4MTk1MTh9._RjmE35ZWwlgi-J6GUPzAIK95KKwCYwqRJzwkTW-pOWpMEaBJNZ2mk9w8ZBH48tP7shOXrP38_jru9Eshz1Dsg", Access-Control-Expose-Headers:"Authorization", X-Content-Type-Options:"nosniff", X-XSS-Protection:"0", Cache-Control:"no-cache, no-store, max-age=0, must-revalidate", Pragma:"no-cache", Expires:"0", X-Frame-Options:"DENY"]
     Content type = null
             Body = 
    Forwarded URL = null
   Redirected URL = null
          Cookies = []

MockHttpServletRequest:
      HTTP Method = POST
      Request URI = /api/v1/account/create
       Parameters = {_csrf=[5epYCw4EvECxNbv1LhHUA79wE87upu5gXRmGCFljagmPHlCwh4thMjdhhSacAN7AGzzgMoYSPqzcw4xNaiCybTpXXji-f2WF]}
          Headers = [Content-Type:"application/json;charset=UTF-8", Authorization:"Bearer eyJhbGciOiJIUzUxMiJ9.eyJzdWIiOiJ1c3VhcmlvX3Rlc3QiLCJleHAiOjE3MDM4MTk1MTh9._RjmE35ZWwlgi-J6GUPzAIK95KKwCYwqRJzwkTW-pOWpMEaBJNZ2mk9w8ZBH48tP7shOXrP38_jru9Eshz1Dsg", Content-Length:"74"]
             Body = {"id":null,"description":"descripcion de cuenta","users":["usuario_test"]}
    Session Attrs = {SPRING_SECURITY_CONTEXT=SecurityContextImpl [Authentication=UsernamePasswordAuthenticationToken [Principal=usuario_test, Credentials=[PROTECTED], Authenticated=true, Details=null, Granted Authorities=[ENDPOINT_ACCOUNT_PERMISSION_CREATE, ENDPOINT_ACCOUNT_PERMISSION_READ, ENDPOINT_ACCOUNT_PERMISSION_DELETE, ENDPOINT_USER_PERMISSION_CREATE, ENDPOINT_USER_PERMISSION_READ, ENDPOINT_INCOMEEXPENSE_PERMISSION_CREATE, ENDPOINT_INCOMEEXPENSE_PERMISSION_READ, ENDPOINT_INCOMEEXPENSE_PERMISSION_DELETE]]]}

Handler:
             Type = com.cash_flow_app.apicashflow.controller.AccountController
           Method = com.cash_flow_app.apicashflow.controller.AccountController#create(AccountDto)

Async:
    Async started = false
     Async result = null

Resolved Exception:
             Type = null

ModelAndView:
        View name = null
             View = null
            Model = null

FlashMap:
       Attributes = null

MockHttpServletResponse:
           Status = 200
    Error message = null
          Headers = [Vary:"Origin", "Access-Control-Request-Method", "Access-Control-Request-Headers", Content-Type:"application/json", X-Content-Type-Options:"nosniff", X-XSS-Protection:"0", Cache-Control:"no-cache, no-store, max-age=0, must-revalidate", Pragma:"no-cache", Expires:"0", X-Frame-Options:"DENY"]
     Content type = application/json
             Body = {"id":"ad3faa75-06f2-4044-a351-fbfcef8523db","description":"descripcion de cuenta","users":["usuario_test","usuario_test"]}
    Forwarded URL = null
   Redirected URL = null
          Cookies = []
2023-11-28T22:11:58.902-05:00 DEBUG 27472 --- [           main] org.springframework.test.context.cache   : Spring test ApplicationContext cache statistics: [DefaultContextCache@8caffbd size = 3, maxSize = 32, parentContextCount = 0, hitCount = 409, missCount = 3]
2023-11-28T22:11:58.902-05:00 DEBUG 27472 --- [           main] org.springframework.test.context.cache   : Spring test ApplicationContext cache statistics: [DefaultContextCache@8caffbd size = 3, maxSize = 32, parentContextCount = 0, hitCount = 410, missCount = 3]
2023-11-28T22:11:58.903-05:00 DEBUG 27472 --- [           main] org.springframework.test.context.cache   : Spring test ApplicationContext cache statistics: [DefaultContextCache@8caffbd size = 3, maxSize = 32, parentContextCount = 0, hitCount = 411, missCount = 3]
2023-11-28T22:11:58.903-05:00 DEBUG 27472 --- [           main] org.springframework.test.context.cache   : Spring test ApplicationContext cache statistics: [DefaultContextCache@8caffbd size = 3, maxSize = 32, parentContextCount = 0, hitCount = 412, missCount = 3]
2023-11-28T22:11:58.903-05:00 DEBUG 27472 --- [           main] o.s.orm.jpa.JpaTransactionManager        : Initiating transaction rollback
2023-11-28T22:11:58.903-05:00 DEBUG 27472 --- [           main] o.s.orm.jpa.JpaTransactionManager        : Rolling back JPA transaction on EntityManager [SessionImpl(225879741<open>)]
2023-11-28T22:11:58.903-05:00 DEBUG 27472 --- [           main] o.h.e.t.internal.TransactionImpl         : rolling back
2023-11-28T22:11:58.903-05:00 DEBUG 27472 --- [           main] org.postgresql.jdbc.PgConnection         :   setAutoCommit = true
2023-11-28T22:11:58.903-05:00 DEBUG 27472 --- [           main] o.s.orm.jpa.JpaTransactionManager        : Closing JPA EntityManager [SessionImpl(225879741<open>)] after transaction
2023-11-28T22:11:58.903-05:00 DEBUG 27472 --- [           main] o.h.e.jdbc.internal.JdbcCoordinatorImpl  : HHH000420: Closing un-released batch
2023-11-28T22:11:58.903-05:00 DEBUG 27472 --- [           main] o.s.t.c.transaction.TransactionContext   : Rolled back transaction (1) for test class [com.cash_flow_app.apicashflow.controller.IncomeExpenseControllerTest]; test method [getAllExpenses]
2023-11-28T22:11:58.903-05:00 DEBUG 27472 --- [           main] tractDirtiesContextTestExecutionListener : After test method: class [IncomeExpenseControllerTest], method [getAllExpenses], class annotated with @DirtiesContext [false] with mode [null], method annotated with @DirtiesContext [false] with mode [null]
2023-11-28T22:11:58.903-05:00 DEBUG 27472 --- [           main] o.s.t.c.w.ServletTestExecutionListener   : Resetting RequestContextHolder for test class com.cash_flow_app.apicashflow.controller.IncomeExpenseControllerTest
]]></system-out>
  </testcase>
</testsuite>